[2024-07-02T11:48:23.958+0000] {processor.py:161} INFO - Started process (PID=78) to work on /home/airflow/.local/lib/python3.12/site-packages/airflow/example_dags/example_sla_dag.py
[2024-07-02T11:48:23.960+0000] {processor.py:830} INFO - Processing file /home/airflow/.local/lib/python3.12/site-packages/airflow/example_dags/example_sla_dag.py for tasks to queue
[2024-07-02T11:48:23.963+0000] {logging_mixin.py:188} INFO - [2024-07-02T11:48:23.962+0000] {dagbag.py:545} INFO - Filling up the DagBag from /home/airflow/.local/lib/python3.12/site-packages/airflow/example_dags/example_sla_dag.py
[2024-07-02T11:48:23.986+0000] {processor.py:840} INFO - DAG(s) 'example_sla_dag' retrieved from /home/airflow/.local/lib/python3.12/site-packages/airflow/example_dags/example_sla_dag.py
[2024-07-02T11:48:24.036+0000] {logging_mixin.py:188} INFO - [2024-07-02T11:48:24.036+0000] {dag.py:3096} INFO - Sync 1 DAGs
[2024-07-02T11:48:24.131+0000] {logging_mixin.py:188} INFO - [2024-07-02T11:48:24.131+0000] {dag.py:3954} INFO - Setting next_dagrun for example_sla_dag to 2024-07-02 11:46:00+00:00, run_after=2024-07-02 11:48:00+00:00
[2024-07-02T11:48:24.188+0000] {processor.py:183} INFO - Processing /home/airflow/.local/lib/python3.12/site-packages/airflow/example_dags/example_sla_dag.py took 0.242 seconds
[2024-07-02T11:48:54.642+0000] {processor.py:161} INFO - Started process (PID=141) to work on /home/airflow/.local/lib/python3.12/site-packages/airflow/example_dags/example_sla_dag.py
[2024-07-02T11:48:54.643+0000] {processor.py:830} INFO - Processing file /home/airflow/.local/lib/python3.12/site-packages/airflow/example_dags/example_sla_dag.py for tasks to queue
[2024-07-02T11:48:54.645+0000] {logging_mixin.py:188} INFO - [2024-07-02T11:48:54.645+0000] {dagbag.py:545} INFO - Filling up the DagBag from /home/airflow/.local/lib/python3.12/site-packages/airflow/example_dags/example_sla_dag.py
[2024-07-02T11:48:54.652+0000] {processor.py:840} INFO - DAG(s) 'example_sla_dag' retrieved from /home/airflow/.local/lib/python3.12/site-packages/airflow/example_dags/example_sla_dag.py
[2024-07-02T11:48:54.670+0000] {logging_mixin.py:188} INFO - [2024-07-02T11:48:54.669+0000] {dag.py:3096} INFO - Sync 1 DAGs
[2024-07-02T11:48:54.692+0000] {logging_mixin.py:188} INFO - [2024-07-02T11:48:54.692+0000] {dag.py:3954} INFO - Setting next_dagrun for example_sla_dag to 2024-07-02 11:46:00+00:00, run_after=2024-07-02 11:48:00+00:00
[2024-07-02T11:48:54.711+0000] {processor.py:183} INFO - Processing /home/airflow/.local/lib/python3.12/site-packages/airflow/example_dags/example_sla_dag.py took 0.074 seconds
[2024-07-02T11:49:25.235+0000] {processor.py:161} INFO - Started process (PID=204) to work on /home/airflow/.local/lib/python3.12/site-packages/airflow/example_dags/example_sla_dag.py
[2024-07-02T11:49:25.236+0000] {processor.py:830} INFO - Processing file /home/airflow/.local/lib/python3.12/site-packages/airflow/example_dags/example_sla_dag.py for tasks to queue
[2024-07-02T11:49:25.238+0000] {logging_mixin.py:188} INFO - [2024-07-02T11:49:25.237+0000] {dagbag.py:545} INFO - Filling up the DagBag from /home/airflow/.local/lib/python3.12/site-packages/airflow/example_dags/example_sla_dag.py
[2024-07-02T11:49:25.245+0000] {processor.py:840} INFO - DAG(s) 'example_sla_dag' retrieved from /home/airflow/.local/lib/python3.12/site-packages/airflow/example_dags/example_sla_dag.py
[2024-07-02T11:49:25.266+0000] {logging_mixin.py:188} INFO - [2024-07-02T11:49:25.266+0000] {dag.py:3096} INFO - Sync 1 DAGs
[2024-07-02T11:49:25.287+0000] {logging_mixin.py:188} INFO - [2024-07-02T11:49:25.287+0000] {dag.py:3954} INFO - Setting next_dagrun for example_sla_dag to 2024-07-02 11:46:00+00:00, run_after=2024-07-02 11:48:00+00:00
[2024-07-02T11:49:25.307+0000] {processor.py:183} INFO - Processing /home/airflow/.local/lib/python3.12/site-packages/airflow/example_dags/example_sla_dag.py took 0.078 seconds
[2024-07-02T11:49:55.396+0000] {processor.py:161} INFO - Started process (PID=267) to work on /home/airflow/.local/lib/python3.12/site-packages/airflow/example_dags/example_sla_dag.py
[2024-07-02T11:49:55.397+0000] {processor.py:830} INFO - Processing file /home/airflow/.local/lib/python3.12/site-packages/airflow/example_dags/example_sla_dag.py for tasks to queue
[2024-07-02T11:49:55.398+0000] {logging_mixin.py:188} INFO - [2024-07-02T11:49:55.398+0000] {dagbag.py:545} INFO - Filling up the DagBag from /home/airflow/.local/lib/python3.12/site-packages/airflow/example_dags/example_sla_dag.py
[2024-07-02T11:49:55.405+0000] {processor.py:840} INFO - DAG(s) 'example_sla_dag' retrieved from /home/airflow/.local/lib/python3.12/site-packages/airflow/example_dags/example_sla_dag.py
[2024-07-02T11:49:55.424+0000] {logging_mixin.py:188} INFO - [2024-07-02T11:49:55.424+0000] {dag.py:3096} INFO - Sync 1 DAGs
[2024-07-02T11:49:55.443+0000] {logging_mixin.py:188} INFO - [2024-07-02T11:49:55.443+0000] {dag.py:3954} INFO - Setting next_dagrun for example_sla_dag to 2024-07-02 11:46:00+00:00, run_after=2024-07-02 11:48:00+00:00
[2024-07-02T11:49:55.463+0000] {processor.py:183} INFO - Processing /home/airflow/.local/lib/python3.12/site-packages/airflow/example_dags/example_sla_dag.py took 0.072 seconds
[2024-07-02T11:50:25.915+0000] {processor.py:161} INFO - Started process (PID=330) to work on /home/airflow/.local/lib/python3.12/site-packages/airflow/example_dags/example_sla_dag.py
[2024-07-02T11:50:25.916+0000] {processor.py:830} INFO - Processing file /home/airflow/.local/lib/python3.12/site-packages/airflow/example_dags/example_sla_dag.py for tasks to queue
[2024-07-02T11:50:25.917+0000] {logging_mixin.py:188} INFO - [2024-07-02T11:50:25.917+0000] {dagbag.py:545} INFO - Filling up the DagBag from /home/airflow/.local/lib/python3.12/site-packages/airflow/example_dags/example_sla_dag.py
[2024-07-02T11:50:25.924+0000] {processor.py:840} INFO - DAG(s) 'example_sla_dag' retrieved from /home/airflow/.local/lib/python3.12/site-packages/airflow/example_dags/example_sla_dag.py
[2024-07-02T11:50:25.935+0000] {logging_mixin.py:188} INFO - [2024-07-02T11:50:25.935+0000] {dag.py:3096} INFO - Sync 1 DAGs
[2024-07-02T11:50:25.957+0000] {logging_mixin.py:188} INFO - [2024-07-02T11:50:25.957+0000] {dag.py:3954} INFO - Setting next_dagrun for example_sla_dag to 2024-07-02 11:48:00+00:00, run_after=2024-07-02 11:50:00+00:00
[2024-07-02T11:50:25.976+0000] {processor.py:183} INFO - Processing /home/airflow/.local/lib/python3.12/site-packages/airflow/example_dags/example_sla_dag.py took 0.067 seconds
[2024-07-02T11:50:56.559+0000] {processor.py:161} INFO - Started process (PID=393) to work on /home/airflow/.local/lib/python3.12/site-packages/airflow/example_dags/example_sla_dag.py
[2024-07-02T11:50:56.560+0000] {processor.py:830} INFO - Processing file /home/airflow/.local/lib/python3.12/site-packages/airflow/example_dags/example_sla_dag.py for tasks to queue
[2024-07-02T11:50:56.562+0000] {logging_mixin.py:188} INFO - [2024-07-02T11:50:56.561+0000] {dagbag.py:545} INFO - Filling up the DagBag from /home/airflow/.local/lib/python3.12/site-packages/airflow/example_dags/example_sla_dag.py
[2024-07-02T11:50:56.568+0000] {processor.py:840} INFO - DAG(s) 'example_sla_dag' retrieved from /home/airflow/.local/lib/python3.12/site-packages/airflow/example_dags/example_sla_dag.py
[2024-07-02T11:50:56.654+0000] {logging_mixin.py:188} INFO - [2024-07-02T11:50:56.654+0000] {dag.py:3096} INFO - Sync 1 DAGs
[2024-07-02T11:50:56.675+0000] {logging_mixin.py:188} INFO - [2024-07-02T11:50:56.674+0000] {dag.py:3954} INFO - Setting next_dagrun for example_sla_dag to 2024-07-02 11:48:00+00:00, run_after=2024-07-02 11:50:00+00:00
[2024-07-02T11:50:56.694+0000] {processor.py:183} INFO - Processing /home/airflow/.local/lib/python3.12/site-packages/airflow/example_dags/example_sla_dag.py took 0.142 seconds
[2024-07-02T11:51:27.362+0000] {processor.py:161} INFO - Started process (PID=456) to work on /home/airflow/.local/lib/python3.12/site-packages/airflow/example_dags/example_sla_dag.py
[2024-07-02T11:51:27.363+0000] {processor.py:830} INFO - Processing file /home/airflow/.local/lib/python3.12/site-packages/airflow/example_dags/example_sla_dag.py for tasks to queue
[2024-07-02T11:51:27.364+0000] {logging_mixin.py:188} INFO - [2024-07-02T11:51:27.363+0000] {dagbag.py:545} INFO - Filling up the DagBag from /home/airflow/.local/lib/python3.12/site-packages/airflow/example_dags/example_sla_dag.py
[2024-07-02T11:51:27.370+0000] {processor.py:840} INFO - DAG(s) 'example_sla_dag' retrieved from /home/airflow/.local/lib/python3.12/site-packages/airflow/example_dags/example_sla_dag.py
[2024-07-02T11:51:27.391+0000] {logging_mixin.py:188} INFO - [2024-07-02T11:51:27.391+0000] {dag.py:3096} INFO - Sync 1 DAGs
[2024-07-02T11:51:27.411+0000] {logging_mixin.py:188} INFO - [2024-07-02T11:51:27.411+0000] {dag.py:3954} INFO - Setting next_dagrun for example_sla_dag to 2024-07-02 11:48:00+00:00, run_after=2024-07-02 11:50:00+00:00
[2024-07-02T11:51:27.429+0000] {processor.py:183} INFO - Processing /home/airflow/.local/lib/python3.12/site-packages/airflow/example_dags/example_sla_dag.py took 0.074 seconds
[2024-07-02T11:51:58.285+0000] {processor.py:161} INFO - Started process (PID=519) to work on /home/airflow/.local/lib/python3.12/site-packages/airflow/example_dags/example_sla_dag.py
[2024-07-02T11:51:58.286+0000] {processor.py:830} INFO - Processing file /home/airflow/.local/lib/python3.12/site-packages/airflow/example_dags/example_sla_dag.py for tasks to queue
[2024-07-02T11:51:58.287+0000] {logging_mixin.py:188} INFO - [2024-07-02T11:51:58.287+0000] {dagbag.py:545} INFO - Filling up the DagBag from /home/airflow/.local/lib/python3.12/site-packages/airflow/example_dags/example_sla_dag.py
[2024-07-02T11:51:58.294+0000] {processor.py:840} INFO - DAG(s) 'example_sla_dag' retrieved from /home/airflow/.local/lib/python3.12/site-packages/airflow/example_dags/example_sla_dag.py
[2024-07-02T11:51:58.313+0000] {logging_mixin.py:188} INFO - [2024-07-02T11:51:58.313+0000] {dag.py:3096} INFO - Sync 1 DAGs
[2024-07-02T11:51:58.333+0000] {logging_mixin.py:188} INFO - [2024-07-02T11:51:58.333+0000] {dag.py:3954} INFO - Setting next_dagrun for example_sla_dag to 2024-07-02 11:48:00+00:00, run_after=2024-07-02 11:50:00+00:00
[2024-07-02T11:51:58.352+0000] {processor.py:183} INFO - Processing /home/airflow/.local/lib/python3.12/site-packages/airflow/example_dags/example_sla_dag.py took 0.072 seconds
[2024-07-02T11:52:28.805+0000] {processor.py:161} INFO - Started process (PID=582) to work on /home/airflow/.local/lib/python3.12/site-packages/airflow/example_dags/example_sla_dag.py
[2024-07-02T11:52:28.806+0000] {processor.py:830} INFO - Processing file /home/airflow/.local/lib/python3.12/site-packages/airflow/example_dags/example_sla_dag.py for tasks to queue
[2024-07-02T11:52:28.808+0000] {logging_mixin.py:188} INFO - [2024-07-02T11:52:28.807+0000] {dagbag.py:545} INFO - Filling up the DagBag from /home/airflow/.local/lib/python3.12/site-packages/airflow/example_dags/example_sla_dag.py
[2024-07-02T11:52:28.813+0000] {processor.py:840} INFO - DAG(s) 'example_sla_dag' retrieved from /home/airflow/.local/lib/python3.12/site-packages/airflow/example_dags/example_sla_dag.py
[2024-07-02T11:52:28.831+0000] {logging_mixin.py:188} INFO - [2024-07-02T11:52:28.831+0000] {dag.py:3096} INFO - Sync 1 DAGs
[2024-07-02T11:52:28.850+0000] {logging_mixin.py:188} INFO - [2024-07-02T11:52:28.850+0000] {dag.py:3954} INFO - Setting next_dagrun for example_sla_dag to 2024-07-02 11:50:00+00:00, run_after=2024-07-02 11:52:00+00:00
[2024-07-02T11:52:28.870+0000] {processor.py:183} INFO - Processing /home/airflow/.local/lib/python3.12/site-packages/airflow/example_dags/example_sla_dag.py took 0.070 seconds
[2024-07-02T11:52:59.447+0000] {processor.py:161} INFO - Started process (PID=646) to work on /home/airflow/.local/lib/python3.12/site-packages/airflow/example_dags/example_sla_dag.py
[2024-07-02T11:52:59.448+0000] {processor.py:830} INFO - Processing file /home/airflow/.local/lib/python3.12/site-packages/airflow/example_dags/example_sla_dag.py for tasks to queue
[2024-07-02T11:52:59.449+0000] {logging_mixin.py:188} INFO - [2024-07-02T11:52:59.449+0000] {dagbag.py:545} INFO - Filling up the DagBag from /home/airflow/.local/lib/python3.12/site-packages/airflow/example_dags/example_sla_dag.py
[2024-07-02T11:52:59.456+0000] {processor.py:840} INFO - DAG(s) 'example_sla_dag' retrieved from /home/airflow/.local/lib/python3.12/site-packages/airflow/example_dags/example_sla_dag.py
[2024-07-02T11:52:59.473+0000] {logging_mixin.py:188} INFO - [2024-07-02T11:52:59.472+0000] {dag.py:3096} INFO - Sync 1 DAGs
[2024-07-02T11:52:59.491+0000] {logging_mixin.py:188} INFO - [2024-07-02T11:52:59.491+0000] {dag.py:3954} INFO - Setting next_dagrun for example_sla_dag to 2024-07-02 11:50:00+00:00, run_after=2024-07-02 11:52:00+00:00
[2024-07-02T11:52:59.512+0000] {processor.py:183} INFO - Processing /home/airflow/.local/lib/python3.12/site-packages/airflow/example_dags/example_sla_dag.py took 0.070 seconds
[2024-07-02T11:53:30.247+0000] {processor.py:161} INFO - Started process (PID=709) to work on /home/airflow/.local/lib/python3.12/site-packages/airflow/example_dags/example_sla_dag.py
[2024-07-02T11:53:30.248+0000] {processor.py:830} INFO - Processing file /home/airflow/.local/lib/python3.12/site-packages/airflow/example_dags/example_sla_dag.py for tasks to queue
[2024-07-02T11:53:30.250+0000] {logging_mixin.py:188} INFO - [2024-07-02T11:53:30.249+0000] {dagbag.py:545} INFO - Filling up the DagBag from /home/airflow/.local/lib/python3.12/site-packages/airflow/example_dags/example_sla_dag.py
[2024-07-02T11:53:30.256+0000] {processor.py:840} INFO - DAG(s) 'example_sla_dag' retrieved from /home/airflow/.local/lib/python3.12/site-packages/airflow/example_dags/example_sla_dag.py
[2024-07-02T11:53:30.274+0000] {logging_mixin.py:188} INFO - [2024-07-02T11:53:30.273+0000] {dag.py:3096} INFO - Sync 1 DAGs
[2024-07-02T11:53:30.300+0000] {logging_mixin.py:188} INFO - [2024-07-02T11:53:30.299+0000] {dag.py:3954} INFO - Setting next_dagrun for example_sla_dag to 2024-07-02 11:50:00+00:00, run_after=2024-07-02 11:52:00+00:00
[2024-07-02T11:53:30.318+0000] {processor.py:183} INFO - Processing /home/airflow/.local/lib/python3.12/site-packages/airflow/example_dags/example_sla_dag.py took 0.077 seconds
[2024-07-02T11:54:00.780+0000] {processor.py:161} INFO - Started process (PID=772) to work on /home/airflow/.local/lib/python3.12/site-packages/airflow/example_dags/example_sla_dag.py
[2024-07-02T11:54:00.781+0000] {processor.py:830} INFO - Processing file /home/airflow/.local/lib/python3.12/site-packages/airflow/example_dags/example_sla_dag.py for tasks to queue
[2024-07-02T11:54:00.782+0000] {logging_mixin.py:188} INFO - [2024-07-02T11:54:00.782+0000] {dagbag.py:545} INFO - Filling up the DagBag from /home/airflow/.local/lib/python3.12/site-packages/airflow/example_dags/example_sla_dag.py
[2024-07-02T11:54:00.788+0000] {processor.py:840} INFO - DAG(s) 'example_sla_dag' retrieved from /home/airflow/.local/lib/python3.12/site-packages/airflow/example_dags/example_sla_dag.py
[2024-07-02T11:54:00.811+0000] {logging_mixin.py:188} INFO - [2024-07-02T11:54:00.811+0000] {dag.py:3096} INFO - Sync 1 DAGs
[2024-07-02T11:54:00.831+0000] {logging_mixin.py:188} INFO - [2024-07-02T11:54:00.831+0000] {dag.py:3954} INFO - Setting next_dagrun for example_sla_dag to 2024-07-02 11:52:00+00:00, run_after=2024-07-02 11:54:00+00:00
[2024-07-02T11:54:00.848+0000] {processor.py:183} INFO - Processing /home/airflow/.local/lib/python3.12/site-packages/airflow/example_dags/example_sla_dag.py took 0.073 seconds
[2024-07-02T11:54:32.419+0000] {processor.py:161} INFO - Started process (PID=841) to work on /home/airflow/.local/lib/python3.12/site-packages/airflow/example_dags/example_sla_dag.py
[2024-07-02T11:54:32.420+0000] {processor.py:830} INFO - Processing file /home/airflow/.local/lib/python3.12/site-packages/airflow/example_dags/example_sla_dag.py for tasks to queue
[2024-07-02T11:54:32.421+0000] {logging_mixin.py:188} INFO - [2024-07-02T11:54:32.420+0000] {dagbag.py:545} INFO - Filling up the DagBag from /home/airflow/.local/lib/python3.12/site-packages/airflow/example_dags/example_sla_dag.py
[2024-07-02T11:54:32.427+0000] {processor.py:840} INFO - DAG(s) 'example_sla_dag' retrieved from /home/airflow/.local/lib/python3.12/site-packages/airflow/example_dags/example_sla_dag.py
[2024-07-02T11:54:32.444+0000] {logging_mixin.py:188} INFO - [2024-07-02T11:54:32.444+0000] {dag.py:3096} INFO - Sync 1 DAGs
[2024-07-02T11:54:32.463+0000] {logging_mixin.py:188} INFO - [2024-07-02T11:54:32.462+0000] {dag.py:3954} INFO - Setting next_dagrun for example_sla_dag to 2024-07-02 11:52:00+00:00, run_after=2024-07-02 11:54:00+00:00
[2024-07-02T11:54:32.482+0000] {processor.py:183} INFO - Processing /home/airflow/.local/lib/python3.12/site-packages/airflow/example_dags/example_sla_dag.py took 0.069 seconds
[2024-07-02T11:55:03.860+0000] {processor.py:161} INFO - Started process (PID=904) to work on /home/airflow/.local/lib/python3.12/site-packages/airflow/example_dags/example_sla_dag.py
[2024-07-02T11:55:03.862+0000] {processor.py:830} INFO - Processing file /home/airflow/.local/lib/python3.12/site-packages/airflow/example_dags/example_sla_dag.py for tasks to queue
[2024-07-02T11:55:03.864+0000] {logging_mixin.py:188} INFO - [2024-07-02T11:55:03.863+0000] {dagbag.py:545} INFO - Filling up the DagBag from /home/airflow/.local/lib/python3.12/site-packages/airflow/example_dags/example_sla_dag.py
[2024-07-02T11:55:03.872+0000] {processor.py:840} INFO - DAG(s) 'example_sla_dag' retrieved from /home/airflow/.local/lib/python3.12/site-packages/airflow/example_dags/example_sla_dag.py
[2024-07-02T11:55:03.894+0000] {logging_mixin.py:188} INFO - [2024-07-02T11:55:03.894+0000] {dag.py:3096} INFO - Sync 1 DAGs
[2024-07-02T11:55:03.918+0000] {logging_mixin.py:188} INFO - [2024-07-02T11:55:03.917+0000] {dag.py:3954} INFO - Setting next_dagrun for example_sla_dag to 2024-07-02 11:52:00+00:00, run_after=2024-07-02 11:54:00+00:00
[2024-07-02T11:55:03.943+0000] {processor.py:183} INFO - Processing /home/airflow/.local/lib/python3.12/site-packages/airflow/example_dags/example_sla_dag.py took 0.090 seconds
[2024-07-02T11:55:34.595+0000] {processor.py:161} INFO - Started process (PID=967) to work on /home/airflow/.local/lib/python3.12/site-packages/airflow/example_dags/example_sla_dag.py
[2024-07-02T11:55:34.597+0000] {processor.py:830} INFO - Processing file /home/airflow/.local/lib/python3.12/site-packages/airflow/example_dags/example_sla_dag.py for tasks to queue
[2024-07-02T11:55:34.598+0000] {logging_mixin.py:188} INFO - [2024-07-02T11:55:34.597+0000] {dagbag.py:545} INFO - Filling up the DagBag from /home/airflow/.local/lib/python3.12/site-packages/airflow/example_dags/example_sla_dag.py
[2024-07-02T11:55:34.605+0000] {processor.py:840} INFO - DAG(s) 'example_sla_dag' retrieved from /home/airflow/.local/lib/python3.12/site-packages/airflow/example_dags/example_sla_dag.py
[2024-07-02T11:55:34.626+0000] {logging_mixin.py:188} INFO - [2024-07-02T11:55:34.626+0000] {dag.py:3096} INFO - Sync 1 DAGs
[2024-07-02T11:55:34.648+0000] {logging_mixin.py:188} INFO - [2024-07-02T11:55:34.648+0000] {dag.py:3954} INFO - Setting next_dagrun for example_sla_dag to 2024-07-02 11:52:00+00:00, run_after=2024-07-02 11:54:00+00:00
[2024-07-02T11:55:34.673+0000] {processor.py:183} INFO - Processing /home/airflow/.local/lib/python3.12/site-packages/airflow/example_dags/example_sla_dag.py took 0.083 seconds
[2024-07-02T11:56:05.573+0000] {processor.py:161} INFO - Started process (PID=1030) to work on /home/airflow/.local/lib/python3.12/site-packages/airflow/example_dags/example_sla_dag.py
[2024-07-02T11:56:05.575+0000] {processor.py:830} INFO - Processing file /home/airflow/.local/lib/python3.12/site-packages/airflow/example_dags/example_sla_dag.py for tasks to queue
[2024-07-02T11:56:05.577+0000] {logging_mixin.py:188} INFO - [2024-07-02T11:56:05.576+0000] {dagbag.py:545} INFO - Filling up the DagBag from /home/airflow/.local/lib/python3.12/site-packages/airflow/example_dags/example_sla_dag.py
[2024-07-02T11:56:05.585+0000] {processor.py:840} INFO - DAG(s) 'example_sla_dag' retrieved from /home/airflow/.local/lib/python3.12/site-packages/airflow/example_dags/example_sla_dag.py
[2024-07-02T11:56:05.610+0000] {logging_mixin.py:188} INFO - [2024-07-02T11:56:05.609+0000] {dag.py:3096} INFO - Sync 1 DAGs
[2024-07-02T11:56:05.635+0000] {logging_mixin.py:188} INFO - [2024-07-02T11:56:05.635+0000] {dag.py:3954} INFO - Setting next_dagrun for example_sla_dag to 2024-07-02 11:54:00+00:00, run_after=2024-07-02 11:56:00+00:00
[2024-07-02T11:56:05.662+0000] {processor.py:183} INFO - Processing /home/airflow/.local/lib/python3.12/site-packages/airflow/example_dags/example_sla_dag.py took 0.097 seconds
[2024-07-02T11:56:36.368+0000] {processor.py:161} INFO - Started process (PID=1092) to work on /home/airflow/.local/lib/python3.12/site-packages/airflow/example_dags/example_sla_dag.py
[2024-07-02T11:56:36.369+0000] {processor.py:830} INFO - Processing file /home/airflow/.local/lib/python3.12/site-packages/airflow/example_dags/example_sla_dag.py for tasks to queue
[2024-07-02T11:56:36.371+0000] {logging_mixin.py:188} INFO - [2024-07-02T11:56:36.370+0000] {dagbag.py:545} INFO - Filling up the DagBag from /home/airflow/.local/lib/python3.12/site-packages/airflow/example_dags/example_sla_dag.py
[2024-07-02T11:56:36.377+0000] {processor.py:840} INFO - DAG(s) 'example_sla_dag' retrieved from /home/airflow/.local/lib/python3.12/site-packages/airflow/example_dags/example_sla_dag.py
[2024-07-02T11:56:36.398+0000] {logging_mixin.py:188} INFO - [2024-07-02T11:56:36.398+0000] {dag.py:3096} INFO - Sync 1 DAGs
[2024-07-02T11:56:36.420+0000] {logging_mixin.py:188} INFO - [2024-07-02T11:56:36.420+0000] {dag.py:3954} INFO - Setting next_dagrun for example_sla_dag to 2024-07-02 11:54:00+00:00, run_after=2024-07-02 11:56:00+00:00
[2024-07-02T11:56:36.440+0000] {processor.py:183} INFO - Processing /home/airflow/.local/lib/python3.12/site-packages/airflow/example_dags/example_sla_dag.py took 0.078 seconds
[2024-07-02T11:57:07.347+0000] {processor.py:161} INFO - Started process (PID=1155) to work on /home/airflow/.local/lib/python3.12/site-packages/airflow/example_dags/example_sla_dag.py
[2024-07-02T11:57:07.348+0000] {processor.py:830} INFO - Processing file /home/airflow/.local/lib/python3.12/site-packages/airflow/example_dags/example_sla_dag.py for tasks to queue
[2024-07-02T11:57:07.350+0000] {logging_mixin.py:188} INFO - [2024-07-02T11:57:07.349+0000] {dagbag.py:545} INFO - Filling up the DagBag from /home/airflow/.local/lib/python3.12/site-packages/airflow/example_dags/example_sla_dag.py
[2024-07-02T11:57:07.357+0000] {processor.py:840} INFO - DAG(s) 'example_sla_dag' retrieved from /home/airflow/.local/lib/python3.12/site-packages/airflow/example_dags/example_sla_dag.py
[2024-07-02T11:57:07.374+0000] {logging_mixin.py:188} INFO - [2024-07-02T11:57:07.373+0000] {dag.py:3096} INFO - Sync 1 DAGs
[2024-07-02T11:57:07.394+0000] {logging_mixin.py:188} INFO - [2024-07-02T11:57:07.394+0000] {dag.py:3954} INFO - Setting next_dagrun for example_sla_dag to 2024-07-02 11:54:00+00:00, run_after=2024-07-02 11:56:00+00:00
[2024-07-02T11:57:07.415+0000] {processor.py:183} INFO - Processing /home/airflow/.local/lib/python3.12/site-packages/airflow/example_dags/example_sla_dag.py took 0.075 seconds
[2024-07-02T11:57:38.234+0000] {processor.py:161} INFO - Started process (PID=1218) to work on /home/airflow/.local/lib/python3.12/site-packages/airflow/example_dags/example_sla_dag.py
[2024-07-02T11:57:38.235+0000] {processor.py:830} INFO - Processing file /home/airflow/.local/lib/python3.12/site-packages/airflow/example_dags/example_sla_dag.py for tasks to queue
[2024-07-02T11:57:38.236+0000] {logging_mixin.py:188} INFO - [2024-07-02T11:57:38.236+0000] {dagbag.py:545} INFO - Filling up the DagBag from /home/airflow/.local/lib/python3.12/site-packages/airflow/example_dags/example_sla_dag.py
[2024-07-02T11:57:38.243+0000] {processor.py:840} INFO - DAG(s) 'example_sla_dag' retrieved from /home/airflow/.local/lib/python3.12/site-packages/airflow/example_dags/example_sla_dag.py
[2024-07-02T11:57:38.261+0000] {logging_mixin.py:188} INFO - [2024-07-02T11:57:38.260+0000] {dag.py:3096} INFO - Sync 1 DAGs
[2024-07-02T11:57:38.281+0000] {logging_mixin.py:188} INFO - [2024-07-02T11:57:38.280+0000] {dag.py:3954} INFO - Setting next_dagrun for example_sla_dag to 2024-07-02 11:54:00+00:00, run_after=2024-07-02 11:56:00+00:00
[2024-07-02T11:57:38.300+0000] {processor.py:183} INFO - Processing /home/airflow/.local/lib/python3.12/site-packages/airflow/example_dags/example_sla_dag.py took 0.072 seconds
[2024-07-02T11:58:08.938+0000] {processor.py:161} INFO - Started process (PID=1281) to work on /home/airflow/.local/lib/python3.12/site-packages/airflow/example_dags/example_sla_dag.py
[2024-07-02T11:58:08.939+0000] {processor.py:830} INFO - Processing file /home/airflow/.local/lib/python3.12/site-packages/airflow/example_dags/example_sla_dag.py for tasks to queue
[2024-07-02T11:58:08.941+0000] {logging_mixin.py:188} INFO - [2024-07-02T11:58:08.940+0000] {dagbag.py:545} INFO - Filling up the DagBag from /home/airflow/.local/lib/python3.12/site-packages/airflow/example_dags/example_sla_dag.py
[2024-07-02T11:58:08.947+0000] {processor.py:840} INFO - DAG(s) 'example_sla_dag' retrieved from /home/airflow/.local/lib/python3.12/site-packages/airflow/example_dags/example_sla_dag.py
[2024-07-02T11:58:08.965+0000] {logging_mixin.py:188} INFO - [2024-07-02T11:58:08.965+0000] {dag.py:3096} INFO - Sync 1 DAGs
[2024-07-02T11:58:08.987+0000] {logging_mixin.py:188} INFO - [2024-07-02T11:58:08.986+0000] {dag.py:3954} INFO - Setting next_dagrun for example_sla_dag to 2024-07-02 11:56:00+00:00, run_after=2024-07-02 11:58:00+00:00
[2024-07-02T11:58:09.007+0000] {processor.py:183} INFO - Processing /home/airflow/.local/lib/python3.12/site-packages/airflow/example_dags/example_sla_dag.py took 0.073 seconds
[2024-07-02T11:58:39.637+0000] {processor.py:161} INFO - Started process (PID=1344) to work on /home/airflow/.local/lib/python3.12/site-packages/airflow/example_dags/example_sla_dag.py
[2024-07-02T11:58:39.638+0000] {processor.py:830} INFO - Processing file /home/airflow/.local/lib/python3.12/site-packages/airflow/example_dags/example_sla_dag.py for tasks to queue
[2024-07-02T11:58:39.639+0000] {logging_mixin.py:188} INFO - [2024-07-02T11:58:39.639+0000] {dagbag.py:545} INFO - Filling up the DagBag from /home/airflow/.local/lib/python3.12/site-packages/airflow/example_dags/example_sla_dag.py
[2024-07-02T11:58:39.645+0000] {processor.py:840} INFO - DAG(s) 'example_sla_dag' retrieved from /home/airflow/.local/lib/python3.12/site-packages/airflow/example_dags/example_sla_dag.py
[2024-07-02T11:58:39.663+0000] {logging_mixin.py:188} INFO - [2024-07-02T11:58:39.663+0000] {dag.py:3096} INFO - Sync 1 DAGs
[2024-07-02T11:58:39.682+0000] {logging_mixin.py:188} INFO - [2024-07-02T11:58:39.682+0000] {dag.py:3954} INFO - Setting next_dagrun for example_sla_dag to 2024-07-02 11:56:00+00:00, run_after=2024-07-02 11:58:00+00:00
[2024-07-02T11:58:39.701+0000] {processor.py:183} INFO - Processing /home/airflow/.local/lib/python3.12/site-packages/airflow/example_dags/example_sla_dag.py took 0.069 seconds
[2024-07-02T11:59:10.375+0000] {processor.py:161} INFO - Started process (PID=1407) to work on /home/airflow/.local/lib/python3.12/site-packages/airflow/example_dags/example_sla_dag.py
[2024-07-02T11:59:10.377+0000] {processor.py:830} INFO - Processing file /home/airflow/.local/lib/python3.12/site-packages/airflow/example_dags/example_sla_dag.py for tasks to queue
[2024-07-02T11:59:10.378+0000] {logging_mixin.py:188} INFO - [2024-07-02T11:59:10.378+0000] {dagbag.py:545} INFO - Filling up the DagBag from /home/airflow/.local/lib/python3.12/site-packages/airflow/example_dags/example_sla_dag.py
[2024-07-02T11:59:10.386+0000] {processor.py:840} INFO - DAG(s) 'example_sla_dag' retrieved from /home/airflow/.local/lib/python3.12/site-packages/airflow/example_dags/example_sla_dag.py
[2024-07-02T11:59:10.401+0000] {logging_mixin.py:188} INFO - [2024-07-02T11:59:10.401+0000] {dag.py:3096} INFO - Sync 1 DAGs
[2024-07-02T11:59:10.421+0000] {logging_mixin.py:188} INFO - [2024-07-02T11:59:10.421+0000] {dag.py:3954} INFO - Setting next_dagrun for example_sla_dag to 2024-07-02 11:56:00+00:00, run_after=2024-07-02 11:58:00+00:00
[2024-07-02T11:59:10.440+0000] {processor.py:183} INFO - Processing /home/airflow/.local/lib/python3.12/site-packages/airflow/example_dags/example_sla_dag.py took 0.071 seconds
[2024-07-02T11:59:41.714+0000] {processor.py:161} INFO - Started process (PID=1470) to work on /home/airflow/.local/lib/python3.12/site-packages/airflow/example_dags/example_sla_dag.py
[2024-07-02T11:59:41.716+0000] {processor.py:830} INFO - Processing file /home/airflow/.local/lib/python3.12/site-packages/airflow/example_dags/example_sla_dag.py for tasks to queue
[2024-07-02T11:59:41.717+0000] {logging_mixin.py:188} INFO - [2024-07-02T11:59:41.717+0000] {dagbag.py:545} INFO - Filling up the DagBag from /home/airflow/.local/lib/python3.12/site-packages/airflow/example_dags/example_sla_dag.py
[2024-07-02T11:59:41.725+0000] {processor.py:840} INFO - DAG(s) 'example_sla_dag' retrieved from /home/airflow/.local/lib/python3.12/site-packages/airflow/example_dags/example_sla_dag.py
[2024-07-02T11:59:41.751+0000] {logging_mixin.py:188} INFO - [2024-07-02T11:59:41.750+0000] {dag.py:3096} INFO - Sync 1 DAGs
[2024-07-02T11:59:41.778+0000] {logging_mixin.py:188} INFO - [2024-07-02T11:59:41.778+0000] {dag.py:3954} INFO - Setting next_dagrun for example_sla_dag to 2024-07-02 11:56:00+00:00, run_after=2024-07-02 11:58:00+00:00
[2024-07-02T11:59:41.934+0000] {processor.py:183} INFO - Processing /home/airflow/.local/lib/python3.12/site-packages/airflow/example_dags/example_sla_dag.py took 0.226 seconds
[2024-07-02T12:00:12.297+0000] {processor.py:161} INFO - Started process (PID=1533) to work on /home/airflow/.local/lib/python3.12/site-packages/airflow/example_dags/example_sla_dag.py
[2024-07-02T12:00:12.298+0000] {processor.py:830} INFO - Processing file /home/airflow/.local/lib/python3.12/site-packages/airflow/example_dags/example_sla_dag.py for tasks to queue
[2024-07-02T12:00:12.300+0000] {logging_mixin.py:188} INFO - [2024-07-02T12:00:12.299+0000] {dagbag.py:545} INFO - Filling up the DagBag from /home/airflow/.local/lib/python3.12/site-packages/airflow/example_dags/example_sla_dag.py
[2024-07-02T12:00:12.307+0000] {processor.py:840} INFO - DAG(s) 'example_sla_dag' retrieved from /home/airflow/.local/lib/python3.12/site-packages/airflow/example_dags/example_sla_dag.py
[2024-07-02T12:00:12.328+0000] {logging_mixin.py:188} INFO - [2024-07-02T12:00:12.328+0000] {dag.py:3096} INFO - Sync 1 DAGs
[2024-07-02T12:00:12.357+0000] {logging_mixin.py:188} INFO - [2024-07-02T12:00:12.356+0000] {dag.py:3954} INFO - Setting next_dagrun for example_sla_dag to 2024-07-02 11:58:00+00:00, run_after=2024-07-02 12:00:00+00:00
[2024-07-02T12:00:12.388+0000] {processor.py:183} INFO - Processing /home/airflow/.local/lib/python3.12/site-packages/airflow/example_dags/example_sla_dag.py took 0.097 seconds
[2024-07-02T12:00:43.472+0000] {processor.py:161} INFO - Started process (PID=1596) to work on /home/airflow/.local/lib/python3.12/site-packages/airflow/example_dags/example_sla_dag.py
[2024-07-02T12:00:43.473+0000] {processor.py:830} INFO - Processing file /home/airflow/.local/lib/python3.12/site-packages/airflow/example_dags/example_sla_dag.py for tasks to queue
[2024-07-02T12:00:43.474+0000] {logging_mixin.py:188} INFO - [2024-07-02T12:00:43.473+0000] {dagbag.py:545} INFO - Filling up the DagBag from /home/airflow/.local/lib/python3.12/site-packages/airflow/example_dags/example_sla_dag.py
[2024-07-02T12:00:43.480+0000] {processor.py:840} INFO - DAG(s) 'example_sla_dag' retrieved from /home/airflow/.local/lib/python3.12/site-packages/airflow/example_dags/example_sla_dag.py
[2024-07-02T12:00:43.497+0000] {logging_mixin.py:188} INFO - [2024-07-02T12:00:43.497+0000] {dag.py:3096} INFO - Sync 1 DAGs
[2024-07-02T12:00:43.522+0000] {logging_mixin.py:188} INFO - [2024-07-02T12:00:43.522+0000] {dag.py:3954} INFO - Setting next_dagrun for example_sla_dag to 2024-07-02 11:58:00+00:00, run_after=2024-07-02 12:00:00+00:00
[2024-07-02T12:00:43.540+0000] {processor.py:183} INFO - Processing /home/airflow/.local/lib/python3.12/site-packages/airflow/example_dags/example_sla_dag.py took 0.074 seconds
[2024-07-02T12:01:14.080+0000] {processor.py:161} INFO - Started process (PID=1659) to work on /home/airflow/.local/lib/python3.12/site-packages/airflow/example_dags/example_sla_dag.py
[2024-07-02T12:01:14.082+0000] {processor.py:830} INFO - Processing file /home/airflow/.local/lib/python3.12/site-packages/airflow/example_dags/example_sla_dag.py for tasks to queue
[2024-07-02T12:01:14.083+0000] {logging_mixin.py:188} INFO - [2024-07-02T12:01:14.083+0000] {dagbag.py:545} INFO - Filling up the DagBag from /home/airflow/.local/lib/python3.12/site-packages/airflow/example_dags/example_sla_dag.py
[2024-07-02T12:01:14.090+0000] {processor.py:840} INFO - DAG(s) 'example_sla_dag' retrieved from /home/airflow/.local/lib/python3.12/site-packages/airflow/example_dags/example_sla_dag.py
[2024-07-02T12:01:14.108+0000] {logging_mixin.py:188} INFO - [2024-07-02T12:01:14.108+0000] {dag.py:3096} INFO - Sync 1 DAGs
[2024-07-02T12:01:14.130+0000] {logging_mixin.py:188} INFO - [2024-07-02T12:01:14.130+0000] {dag.py:3954} INFO - Setting next_dagrun for example_sla_dag to 2024-07-02 11:58:00+00:00, run_after=2024-07-02 12:00:00+00:00
[2024-07-02T12:01:14.151+0000] {processor.py:183} INFO - Processing /home/airflow/.local/lib/python3.12/site-packages/airflow/example_dags/example_sla_dag.py took 0.076 seconds
[2024-07-02T12:01:46.065+0000] {processor.py:161} INFO - Started process (PID=1722) to work on /home/airflow/.local/lib/python3.12/site-packages/airflow/example_dags/example_sla_dag.py
[2024-07-02T12:01:46.067+0000] {processor.py:830} INFO - Processing file /home/airflow/.local/lib/python3.12/site-packages/airflow/example_dags/example_sla_dag.py for tasks to queue
[2024-07-02T12:01:46.068+0000] {logging_mixin.py:188} INFO - [2024-07-02T12:01:46.067+0000] {dagbag.py:545} INFO - Filling up the DagBag from /home/airflow/.local/lib/python3.12/site-packages/airflow/example_dags/example_sla_dag.py
[2024-07-02T12:01:46.076+0000] {processor.py:840} INFO - DAG(s) 'example_sla_dag' retrieved from /home/airflow/.local/lib/python3.12/site-packages/airflow/example_dags/example_sla_dag.py
[2024-07-02T12:01:46.096+0000] {logging_mixin.py:188} INFO - [2024-07-02T12:01:46.095+0000] {dag.py:3096} INFO - Sync 1 DAGs
[2024-07-02T12:01:46.116+0000] {logging_mixin.py:188} INFO - [2024-07-02T12:01:46.116+0000] {dag.py:3954} INFO - Setting next_dagrun for example_sla_dag to 2024-07-02 11:58:00+00:00, run_after=2024-07-02 12:00:00+00:00
[2024-07-02T12:01:46.136+0000] {processor.py:183} INFO - Processing /home/airflow/.local/lib/python3.12/site-packages/airflow/example_dags/example_sla_dag.py took 0.079 seconds
[2024-07-02T12:02:16.806+0000] {processor.py:161} INFO - Started process (PID=1785) to work on /home/airflow/.local/lib/python3.12/site-packages/airflow/example_dags/example_sla_dag.py
[2024-07-02T12:02:16.807+0000] {processor.py:830} INFO - Processing file /home/airflow/.local/lib/python3.12/site-packages/airflow/example_dags/example_sla_dag.py for tasks to queue
[2024-07-02T12:02:16.809+0000] {logging_mixin.py:188} INFO - [2024-07-02T12:02:16.809+0000] {dagbag.py:545} INFO - Filling up the DagBag from /home/airflow/.local/lib/python3.12/site-packages/airflow/example_dags/example_sla_dag.py
[2024-07-02T12:02:16.816+0000] {processor.py:840} INFO - DAG(s) 'example_sla_dag' retrieved from /home/airflow/.local/lib/python3.12/site-packages/airflow/example_dags/example_sla_dag.py
[2024-07-02T12:02:16.834+0000] {logging_mixin.py:188} INFO - [2024-07-02T12:02:16.834+0000] {dag.py:3096} INFO - Sync 1 DAGs
[2024-07-02T12:02:16.854+0000] {logging_mixin.py:188} INFO - [2024-07-02T12:02:16.854+0000] {dag.py:3954} INFO - Setting next_dagrun for example_sla_dag to 2024-07-02 12:00:00+00:00, run_after=2024-07-02 12:02:00+00:00
[2024-07-02T12:02:16.875+0000] {processor.py:183} INFO - Processing /home/airflow/.local/lib/python3.12/site-packages/airflow/example_dags/example_sla_dag.py took 0.078 seconds
[2024-07-02T12:02:47.075+0000] {processor.py:161} INFO - Started process (PID=1848) to work on /home/airflow/.local/lib/python3.12/site-packages/airflow/example_dags/example_sla_dag.py
[2024-07-02T12:02:47.076+0000] {processor.py:830} INFO - Processing file /home/airflow/.local/lib/python3.12/site-packages/airflow/example_dags/example_sla_dag.py for tasks to queue
[2024-07-02T12:02:47.077+0000] {logging_mixin.py:188} INFO - [2024-07-02T12:02:47.077+0000] {dagbag.py:545} INFO - Filling up the DagBag from /home/airflow/.local/lib/python3.12/site-packages/airflow/example_dags/example_sla_dag.py
[2024-07-02T12:02:47.084+0000] {processor.py:840} INFO - DAG(s) 'example_sla_dag' retrieved from /home/airflow/.local/lib/python3.12/site-packages/airflow/example_dags/example_sla_dag.py
[2024-07-02T12:02:47.109+0000] {logging_mixin.py:188} INFO - [2024-07-02T12:02:47.109+0000] {dag.py:3096} INFO - Sync 1 DAGs
[2024-07-02T12:02:47.132+0000] {logging_mixin.py:188} INFO - [2024-07-02T12:02:47.132+0000] {dag.py:3954} INFO - Setting next_dagrun for example_sla_dag to 2024-07-02 12:00:00+00:00, run_after=2024-07-02 12:02:00+00:00
[2024-07-02T12:02:47.150+0000] {processor.py:183} INFO - Processing /home/airflow/.local/lib/python3.12/site-packages/airflow/example_dags/example_sla_dag.py took 0.085 seconds
[2024-07-02T12:03:17.666+0000] {processor.py:161} INFO - Started process (PID=1911) to work on /home/airflow/.local/lib/python3.12/site-packages/airflow/example_dags/example_sla_dag.py
[2024-07-02T12:03:17.667+0000] {processor.py:830} INFO - Processing file /home/airflow/.local/lib/python3.12/site-packages/airflow/example_dags/example_sla_dag.py for tasks to queue
[2024-07-02T12:03:17.668+0000] {logging_mixin.py:188} INFO - [2024-07-02T12:03:17.668+0000] {dagbag.py:545} INFO - Filling up the DagBag from /home/airflow/.local/lib/python3.12/site-packages/airflow/example_dags/example_sla_dag.py
[2024-07-02T12:03:17.675+0000] {processor.py:840} INFO - DAG(s) 'example_sla_dag' retrieved from /home/airflow/.local/lib/python3.12/site-packages/airflow/example_dags/example_sla_dag.py
[2024-07-02T12:03:17.693+0000] {logging_mixin.py:188} INFO - [2024-07-02T12:03:17.692+0000] {dag.py:3096} INFO - Sync 1 DAGs
[2024-07-02T12:03:17.712+0000] {logging_mixin.py:188} INFO - [2024-07-02T12:03:17.712+0000] {dag.py:3954} INFO - Setting next_dagrun for example_sla_dag to 2024-07-02 12:00:00+00:00, run_after=2024-07-02 12:02:00+00:00
[2024-07-02T12:03:17.728+0000] {processor.py:183} INFO - Processing /home/airflow/.local/lib/python3.12/site-packages/airflow/example_dags/example_sla_dag.py took 0.071 seconds
[2024-07-02T12:03:48.766+0000] {processor.py:161} INFO - Started process (PID=1974) to work on /home/airflow/.local/lib/python3.12/site-packages/airflow/example_dags/example_sla_dag.py
[2024-07-02T12:03:48.767+0000] {processor.py:830} INFO - Processing file /home/airflow/.local/lib/python3.12/site-packages/airflow/example_dags/example_sla_dag.py for tasks to queue
[2024-07-02T12:03:48.768+0000] {logging_mixin.py:188} INFO - [2024-07-02T12:03:48.768+0000] {dagbag.py:545} INFO - Filling up the DagBag from /home/airflow/.local/lib/python3.12/site-packages/airflow/example_dags/example_sla_dag.py
[2024-07-02T12:03:48.779+0000] {processor.py:840} INFO - DAG(s) 'example_sla_dag' retrieved from /home/airflow/.local/lib/python3.12/site-packages/airflow/example_dags/example_sla_dag.py
[2024-07-02T12:03:48.801+0000] {logging_mixin.py:188} INFO - [2024-07-02T12:03:48.800+0000] {dag.py:3096} INFO - Sync 1 DAGs
[2024-07-02T12:03:48.823+0000] {logging_mixin.py:188} INFO - [2024-07-02T12:03:48.823+0000] {dag.py:3954} INFO - Setting next_dagrun for example_sla_dag to 2024-07-02 12:00:00+00:00, run_after=2024-07-02 12:02:00+00:00
[2024-07-02T12:03:48.845+0000] {processor.py:183} INFO - Processing /home/airflow/.local/lib/python3.12/site-packages/airflow/example_dags/example_sla_dag.py took 0.089 seconds
[2024-07-02T12:04:19.196+0000] {processor.py:161} INFO - Started process (PID=2037) to work on /home/airflow/.local/lib/python3.12/site-packages/airflow/example_dags/example_sla_dag.py
[2024-07-02T12:04:19.198+0000] {processor.py:830} INFO - Processing file /home/airflow/.local/lib/python3.12/site-packages/airflow/example_dags/example_sla_dag.py for tasks to queue
[2024-07-02T12:04:19.199+0000] {logging_mixin.py:188} INFO - [2024-07-02T12:04:19.199+0000] {dagbag.py:545} INFO - Filling up the DagBag from /home/airflow/.local/lib/python3.12/site-packages/airflow/example_dags/example_sla_dag.py
[2024-07-02T12:04:19.206+0000] {processor.py:840} INFO - DAG(s) 'example_sla_dag' retrieved from /home/airflow/.local/lib/python3.12/site-packages/airflow/example_dags/example_sla_dag.py
[2024-07-02T12:04:19.225+0000] {logging_mixin.py:188} INFO - [2024-07-02T12:04:19.225+0000] {dag.py:3096} INFO - Sync 1 DAGs
[2024-07-02T12:04:19.245+0000] {logging_mixin.py:188} INFO - [2024-07-02T12:04:19.245+0000] {dag.py:3954} INFO - Setting next_dagrun for example_sla_dag to 2024-07-02 12:02:00+00:00, run_after=2024-07-02 12:04:00+00:00
[2024-07-02T12:04:19.268+0000] {processor.py:183} INFO - Processing /home/airflow/.local/lib/python3.12/site-packages/airflow/example_dags/example_sla_dag.py took 0.081 seconds
[2024-07-02T12:04:49.907+0000] {processor.py:161} INFO - Started process (PID=2099) to work on /home/airflow/.local/lib/python3.12/site-packages/airflow/example_dags/example_sla_dag.py
[2024-07-02T12:04:49.908+0000] {processor.py:830} INFO - Processing file /home/airflow/.local/lib/python3.12/site-packages/airflow/example_dags/example_sla_dag.py for tasks to queue
[2024-07-02T12:04:49.910+0000] {logging_mixin.py:188} INFO - [2024-07-02T12:04:49.909+0000] {dagbag.py:545} INFO - Filling up the DagBag from /home/airflow/.local/lib/python3.12/site-packages/airflow/example_dags/example_sla_dag.py
[2024-07-02T12:04:49.919+0000] {processor.py:840} INFO - DAG(s) 'example_sla_dag' retrieved from /home/airflow/.local/lib/python3.12/site-packages/airflow/example_dags/example_sla_dag.py
[2024-07-02T12:04:49.941+0000] {logging_mixin.py:188} INFO - [2024-07-02T12:04:49.941+0000] {dag.py:3096} INFO - Sync 1 DAGs
[2024-07-02T12:04:49.967+0000] {logging_mixin.py:188} INFO - [2024-07-02T12:04:49.967+0000] {dag.py:3954} INFO - Setting next_dagrun for example_sla_dag to 2024-07-02 12:02:00+00:00, run_after=2024-07-02 12:04:00+00:00
[2024-07-02T12:04:49.990+0000] {processor.py:183} INFO - Processing /home/airflow/.local/lib/python3.12/site-packages/airflow/example_dags/example_sla_dag.py took 0.093 seconds
[2024-07-02T12:05:20.560+0000] {processor.py:161} INFO - Started process (PID=2162) to work on /home/airflow/.local/lib/python3.12/site-packages/airflow/example_dags/example_sla_dag.py
[2024-07-02T12:05:20.561+0000] {processor.py:830} INFO - Processing file /home/airflow/.local/lib/python3.12/site-packages/airflow/example_dags/example_sla_dag.py for tasks to queue
[2024-07-02T12:05:20.562+0000] {logging_mixin.py:188} INFO - [2024-07-02T12:05:20.562+0000] {dagbag.py:545} INFO - Filling up the DagBag from /home/airflow/.local/lib/python3.12/site-packages/airflow/example_dags/example_sla_dag.py
[2024-07-02T12:05:20.568+0000] {processor.py:840} INFO - DAG(s) 'example_sla_dag' retrieved from /home/airflow/.local/lib/python3.12/site-packages/airflow/example_dags/example_sla_dag.py
[2024-07-02T12:05:20.585+0000] {logging_mixin.py:188} INFO - [2024-07-02T12:05:20.585+0000] {dag.py:3096} INFO - Sync 1 DAGs
[2024-07-02T12:05:20.606+0000] {logging_mixin.py:188} INFO - [2024-07-02T12:05:20.606+0000] {dag.py:3954} INFO - Setting next_dagrun for example_sla_dag to 2024-07-02 12:02:00+00:00, run_after=2024-07-02 12:04:00+00:00
[2024-07-02T12:05:20.624+0000] {processor.py:183} INFO - Processing /home/airflow/.local/lib/python3.12/site-packages/airflow/example_dags/example_sla_dag.py took 0.071 seconds
[2024-07-02T12:07:44.038+0000] {processor.py:161} INFO - Started process (PID=70) to work on /home/airflow/.local/lib/python3.12/site-packages/airflow/example_dags/example_sla_dag.py
[2024-07-02T12:07:44.040+0000] {processor.py:830} INFO - Processing file /home/airflow/.local/lib/python3.12/site-packages/airflow/example_dags/example_sla_dag.py for tasks to queue
[2024-07-02T12:07:44.042+0000] {logging_mixin.py:188} INFO - [2024-07-02T12:07:44.041+0000] {dagbag.py:545} INFO - Filling up the DagBag from /home/airflow/.local/lib/python3.12/site-packages/airflow/example_dags/example_sla_dag.py
[2024-07-02T12:07:44.048+0000] {processor.py:840} INFO - DAG(s) 'example_sla_dag' retrieved from /home/airflow/.local/lib/python3.12/site-packages/airflow/example_dags/example_sla_dag.py
[2024-07-02T12:07:44.059+0000] {logging_mixin.py:188} INFO - [2024-07-02T12:07:44.059+0000] {dag.py:3096} INFO - Sync 1 DAGs
[2024-07-02T12:07:44.080+0000] {logging_mixin.py:188} INFO - [2024-07-02T12:07:44.080+0000] {dag.py:3954} INFO - Setting next_dagrun for example_sla_dag to 2024-07-02 12:04:00+00:00, run_after=2024-07-02 12:06:00+00:00
[2024-07-02T12:07:44.099+0000] {processor.py:183} INFO - Processing /home/airflow/.local/lib/python3.12/site-packages/airflow/example_dags/example_sla_dag.py took 0.067 seconds
[2024-07-02T12:08:15.520+0000] {processor.py:161} INFO - Started process (PID=133) to work on /home/airflow/.local/lib/python3.12/site-packages/airflow/example_dags/example_sla_dag.py
[2024-07-02T12:08:15.521+0000] {processor.py:830} INFO - Processing file /home/airflow/.local/lib/python3.12/site-packages/airflow/example_dags/example_sla_dag.py for tasks to queue
[2024-07-02T12:08:15.523+0000] {logging_mixin.py:188} INFO - [2024-07-02T12:08:15.523+0000] {dagbag.py:545} INFO - Filling up the DagBag from /home/airflow/.local/lib/python3.12/site-packages/airflow/example_dags/example_sla_dag.py
[2024-07-02T12:08:15.530+0000] {processor.py:840} INFO - DAG(s) 'example_sla_dag' retrieved from /home/airflow/.local/lib/python3.12/site-packages/airflow/example_dags/example_sla_dag.py
[2024-07-02T12:08:15.611+0000] {logging_mixin.py:188} INFO - [2024-07-02T12:08:15.610+0000] {dag.py:3096} INFO - Sync 1 DAGs
[2024-07-02T12:08:15.632+0000] {logging_mixin.py:188} INFO - [2024-07-02T12:08:15.632+0000] {dag.py:3954} INFO - Setting next_dagrun for example_sla_dag to 2024-07-02 12:06:00+00:00, run_after=2024-07-02 12:08:00+00:00
[2024-07-02T12:08:15.652+0000] {processor.py:183} INFO - Processing /home/airflow/.local/lib/python3.12/site-packages/airflow/example_dags/example_sla_dag.py took 0.138 seconds
[2024-07-02T12:08:46.020+0000] {processor.py:161} INFO - Started process (PID=196) to work on /home/airflow/.local/lib/python3.12/site-packages/airflow/example_dags/example_sla_dag.py
[2024-07-02T12:08:46.021+0000] {processor.py:830} INFO - Processing file /home/airflow/.local/lib/python3.12/site-packages/airflow/example_dags/example_sla_dag.py for tasks to queue
[2024-07-02T12:08:46.022+0000] {logging_mixin.py:188} INFO - [2024-07-02T12:08:46.022+0000] {dagbag.py:545} INFO - Filling up the DagBag from /home/airflow/.local/lib/python3.12/site-packages/airflow/example_dags/example_sla_dag.py
[2024-07-02T12:08:46.029+0000] {processor.py:840} INFO - DAG(s) 'example_sla_dag' retrieved from /home/airflow/.local/lib/python3.12/site-packages/airflow/example_dags/example_sla_dag.py
[2024-07-02T12:08:46.045+0000] {logging_mixin.py:188} INFO - [2024-07-02T12:08:46.045+0000] {dag.py:3096} INFO - Sync 1 DAGs
[2024-07-02T12:08:46.064+0000] {logging_mixin.py:188} INFO - [2024-07-02T12:08:46.064+0000] {dag.py:3954} INFO - Setting next_dagrun for example_sla_dag to 2024-07-02 12:06:00+00:00, run_after=2024-07-02 12:08:00+00:00
[2024-07-02T12:08:46.084+0000] {processor.py:183} INFO - Processing /home/airflow/.local/lib/python3.12/site-packages/airflow/example_dags/example_sla_dag.py took 0.069 seconds
[2024-07-02T12:09:16.975+0000] {processor.py:161} INFO - Started process (PID=259) to work on /home/airflow/.local/lib/python3.12/site-packages/airflow/example_dags/example_sla_dag.py
[2024-07-02T12:09:16.976+0000] {processor.py:830} INFO - Processing file /home/airflow/.local/lib/python3.12/site-packages/airflow/example_dags/example_sla_dag.py for tasks to queue
[2024-07-02T12:09:16.978+0000] {logging_mixin.py:188} INFO - [2024-07-02T12:09:16.978+0000] {dagbag.py:545} INFO - Filling up the DagBag from /home/airflow/.local/lib/python3.12/site-packages/airflow/example_dags/example_sla_dag.py
[2024-07-02T12:09:16.984+0000] {processor.py:840} INFO - DAG(s) 'example_sla_dag' retrieved from /home/airflow/.local/lib/python3.12/site-packages/airflow/example_dags/example_sla_dag.py
[2024-07-02T12:09:16.994+0000] {logging_mixin.py:188} INFO - [2024-07-02T12:09:16.994+0000] {dag.py:3096} INFO - Sync 1 DAGs
[2024-07-02T12:09:17.015+0000] {logging_mixin.py:188} INFO - [2024-07-02T12:09:17.014+0000] {dag.py:3954} INFO - Setting next_dagrun for example_sla_dag to 2024-07-02 12:06:00+00:00, run_after=2024-07-02 12:08:00+00:00
[2024-07-02T12:09:17.034+0000] {processor.py:183} INFO - Processing /home/airflow/.local/lib/python3.12/site-packages/airflow/example_dags/example_sla_dag.py took 0.064 seconds
[2024-07-02T12:09:49.022+0000] {processor.py:161} INFO - Started process (PID=322) to work on /home/airflow/.local/lib/python3.12/site-packages/airflow/example_dags/example_sla_dag.py
[2024-07-02T12:09:49.024+0000] {processor.py:830} INFO - Processing file /home/airflow/.local/lib/python3.12/site-packages/airflow/example_dags/example_sla_dag.py for tasks to queue
[2024-07-02T12:09:49.026+0000] {logging_mixin.py:188} INFO - [2024-07-02T12:09:49.025+0000] {dagbag.py:545} INFO - Filling up the DagBag from /home/airflow/.local/lib/python3.12/site-packages/airflow/example_dags/example_sla_dag.py
[2024-07-02T12:09:49.033+0000] {processor.py:840} INFO - DAG(s) 'example_sla_dag' retrieved from /home/airflow/.local/lib/python3.12/site-packages/airflow/example_dags/example_sla_dag.py
[2024-07-02T12:09:49.119+0000] {logging_mixin.py:188} INFO - [2024-07-02T12:09:49.118+0000] {dag.py:3096} INFO - Sync 1 DAGs
[2024-07-02T12:09:49.137+0000] {logging_mixin.py:188} INFO - [2024-07-02T12:09:49.136+0000] {dag.py:3954} INFO - Setting next_dagrun for example_sla_dag to 2024-07-02 12:06:00+00:00, run_after=2024-07-02 12:08:00+00:00
[2024-07-02T12:09:49.158+0000] {processor.py:183} INFO - Processing /home/airflow/.local/lib/python3.12/site-packages/airflow/example_dags/example_sla_dag.py took 0.142 seconds
[2024-07-02T12:10:19.983+0000] {processor.py:161} INFO - Started process (PID=385) to work on /home/airflow/.local/lib/python3.12/site-packages/airflow/example_dags/example_sla_dag.py
[2024-07-02T12:10:19.984+0000] {processor.py:830} INFO - Processing file /home/airflow/.local/lib/python3.12/site-packages/airflow/example_dags/example_sla_dag.py for tasks to queue
[2024-07-02T12:10:19.986+0000] {logging_mixin.py:188} INFO - [2024-07-02T12:10:19.986+0000] {dagbag.py:545} INFO - Filling up the DagBag from /home/airflow/.local/lib/python3.12/site-packages/airflow/example_dags/example_sla_dag.py
[2024-07-02T12:10:19.994+0000] {processor.py:840} INFO - DAG(s) 'example_sla_dag' retrieved from /home/airflow/.local/lib/python3.12/site-packages/airflow/example_dags/example_sla_dag.py
[2024-07-02T12:10:20.015+0000] {logging_mixin.py:188} INFO - [2024-07-02T12:10:20.015+0000] {dag.py:3096} INFO - Sync 1 DAGs
[2024-07-02T12:10:20.041+0000] {logging_mixin.py:188} INFO - [2024-07-02T12:10:20.041+0000] {dag.py:3954} INFO - Setting next_dagrun for example_sla_dag to 2024-07-02 12:08:00+00:00, run_after=2024-07-02 12:10:00+00:00
[2024-07-02T12:10:20.063+0000] {processor.py:183} INFO - Processing /home/airflow/.local/lib/python3.12/site-packages/airflow/example_dags/example_sla_dag.py took 0.087 seconds
[2024-07-02T12:10:50.572+0000] {processor.py:161} INFO - Started process (PID=448) to work on /home/airflow/.local/lib/python3.12/site-packages/airflow/example_dags/example_sla_dag.py
[2024-07-02T12:10:50.573+0000] {processor.py:830} INFO - Processing file /home/airflow/.local/lib/python3.12/site-packages/airflow/example_dags/example_sla_dag.py for tasks to queue
[2024-07-02T12:10:50.575+0000] {logging_mixin.py:188} INFO - [2024-07-02T12:10:50.575+0000] {dagbag.py:545} INFO - Filling up the DagBag from /home/airflow/.local/lib/python3.12/site-packages/airflow/example_dags/example_sla_dag.py
[2024-07-02T12:10:50.582+0000] {processor.py:840} INFO - DAG(s) 'example_sla_dag' retrieved from /home/airflow/.local/lib/python3.12/site-packages/airflow/example_dags/example_sla_dag.py
[2024-07-02T12:10:50.601+0000] {logging_mixin.py:188} INFO - [2024-07-02T12:10:50.600+0000] {dag.py:3096} INFO - Sync 1 DAGs
[2024-07-02T12:10:50.621+0000] {logging_mixin.py:188} INFO - [2024-07-02T12:10:50.620+0000] {dag.py:3954} INFO - Setting next_dagrun for example_sla_dag to 2024-07-02 12:08:00+00:00, run_after=2024-07-02 12:10:00+00:00
[2024-07-02T12:10:50.641+0000] {processor.py:183} INFO - Processing /home/airflow/.local/lib/python3.12/site-packages/airflow/example_dags/example_sla_dag.py took 0.075 seconds
[2024-07-02T12:11:21.215+0000] {processor.py:161} INFO - Started process (PID=512) to work on /home/airflow/.local/lib/python3.12/site-packages/airflow/example_dags/example_sla_dag.py
[2024-07-02T12:11:21.216+0000] {processor.py:830} INFO - Processing file /home/airflow/.local/lib/python3.12/site-packages/airflow/example_dags/example_sla_dag.py for tasks to queue
[2024-07-02T12:11:21.218+0000] {logging_mixin.py:188} INFO - [2024-07-02T12:11:21.218+0000] {dagbag.py:545} INFO - Filling up the DagBag from /home/airflow/.local/lib/python3.12/site-packages/airflow/example_dags/example_sla_dag.py
[2024-07-02T12:11:21.225+0000] {processor.py:840} INFO - DAG(s) 'example_sla_dag' retrieved from /home/airflow/.local/lib/python3.12/site-packages/airflow/example_dags/example_sla_dag.py
[2024-07-02T12:11:21.241+0000] {logging_mixin.py:188} INFO - [2024-07-02T12:11:21.241+0000] {dag.py:3096} INFO - Sync 1 DAGs
[2024-07-02T12:11:21.261+0000] {logging_mixin.py:188} INFO - [2024-07-02T12:11:21.261+0000] {dag.py:3954} INFO - Setting next_dagrun for example_sla_dag to 2024-07-02 12:08:00+00:00, run_after=2024-07-02 12:10:00+00:00
[2024-07-02T12:11:21.279+0000] {processor.py:183} INFO - Processing /home/airflow/.local/lib/python3.12/site-packages/airflow/example_dags/example_sla_dag.py took 0.070 seconds
[2024-07-02T12:11:51.455+0000] {processor.py:161} INFO - Started process (PID=575) to work on /home/airflow/.local/lib/python3.12/site-packages/airflow/example_dags/example_sla_dag.py
[2024-07-02T12:11:51.456+0000] {processor.py:830} INFO - Processing file /home/airflow/.local/lib/python3.12/site-packages/airflow/example_dags/example_sla_dag.py for tasks to queue
[2024-07-02T12:11:51.458+0000] {logging_mixin.py:188} INFO - [2024-07-02T12:11:51.458+0000] {dagbag.py:545} INFO - Filling up the DagBag from /home/airflow/.local/lib/python3.12/site-packages/airflow/example_dags/example_sla_dag.py
[2024-07-02T12:11:51.465+0000] {processor.py:840} INFO - DAG(s) 'example_sla_dag' retrieved from /home/airflow/.local/lib/python3.12/site-packages/airflow/example_dags/example_sla_dag.py
[2024-07-02T12:11:51.484+0000] {logging_mixin.py:188} INFO - [2024-07-02T12:11:51.484+0000] {dag.py:3096} INFO - Sync 1 DAGs
[2024-07-02T12:11:51.503+0000] {logging_mixin.py:188} INFO - [2024-07-02T12:11:51.503+0000] {dag.py:3954} INFO - Setting next_dagrun for example_sla_dag to 2024-07-02 12:08:00+00:00, run_after=2024-07-02 12:10:00+00:00
[2024-07-02T12:11:51.524+0000] {processor.py:183} INFO - Processing /home/airflow/.local/lib/python3.12/site-packages/airflow/example_dags/example_sla_dag.py took 0.074 seconds
[2024-07-02T12:12:22.304+0000] {processor.py:161} INFO - Started process (PID=638) to work on /home/airflow/.local/lib/python3.12/site-packages/airflow/example_dags/example_sla_dag.py
[2024-07-02T12:12:22.305+0000] {processor.py:830} INFO - Processing file /home/airflow/.local/lib/python3.12/site-packages/airflow/example_dags/example_sla_dag.py for tasks to queue
[2024-07-02T12:12:22.308+0000] {logging_mixin.py:188} INFO - [2024-07-02T12:12:22.307+0000] {dagbag.py:545} INFO - Filling up the DagBag from /home/airflow/.local/lib/python3.12/site-packages/airflow/example_dags/example_sla_dag.py
[2024-07-02T12:12:22.315+0000] {processor.py:840} INFO - DAG(s) 'example_sla_dag' retrieved from /home/airflow/.local/lib/python3.12/site-packages/airflow/example_dags/example_sla_dag.py
[2024-07-02T12:12:22.335+0000] {logging_mixin.py:188} INFO - [2024-07-02T12:12:22.334+0000] {dag.py:3096} INFO - Sync 1 DAGs
[2024-07-02T12:12:22.358+0000] {logging_mixin.py:188} INFO - [2024-07-02T12:12:22.358+0000] {dag.py:3954} INFO - Setting next_dagrun for example_sla_dag to 2024-07-02 12:10:00+00:00, run_after=2024-07-02 12:12:00+00:00
[2024-07-02T12:12:22.380+0000] {processor.py:183} INFO - Processing /home/airflow/.local/lib/python3.12/site-packages/airflow/example_dags/example_sla_dag.py took 0.082 seconds
[2024-07-02T12:12:53.874+0000] {processor.py:161} INFO - Started process (PID=701) to work on /home/airflow/.local/lib/python3.12/site-packages/airflow/example_dags/example_sla_dag.py
[2024-07-02T12:12:53.875+0000] {processor.py:830} INFO - Processing file /home/airflow/.local/lib/python3.12/site-packages/airflow/example_dags/example_sla_dag.py for tasks to queue
[2024-07-02T12:12:53.877+0000] {logging_mixin.py:188} INFO - [2024-07-02T12:12:53.877+0000] {dagbag.py:545} INFO - Filling up the DagBag from /home/airflow/.local/lib/python3.12/site-packages/airflow/example_dags/example_sla_dag.py
[2024-07-02T12:12:53.884+0000] {processor.py:840} INFO - DAG(s) 'example_sla_dag' retrieved from /home/airflow/.local/lib/python3.12/site-packages/airflow/example_dags/example_sla_dag.py
[2024-07-02T12:12:53.902+0000] {logging_mixin.py:188} INFO - [2024-07-02T12:12:53.901+0000] {dag.py:3096} INFO - Sync 1 DAGs
[2024-07-02T12:12:53.922+0000] {logging_mixin.py:188} INFO - [2024-07-02T12:12:53.922+0000] {dag.py:3954} INFO - Setting next_dagrun for example_sla_dag to 2024-07-02 12:10:00+00:00, run_after=2024-07-02 12:12:00+00:00
[2024-07-02T12:12:53.941+0000] {processor.py:183} INFO - Processing /home/airflow/.local/lib/python3.12/site-packages/airflow/example_dags/example_sla_dag.py took 0.072 seconds
[2024-07-02T12:13:25.298+0000] {processor.py:161} INFO - Started process (PID=764) to work on /home/airflow/.local/lib/python3.12/site-packages/airflow/example_dags/example_sla_dag.py
[2024-07-02T12:13:25.300+0000] {processor.py:830} INFO - Processing file /home/airflow/.local/lib/python3.12/site-packages/airflow/example_dags/example_sla_dag.py for tasks to queue
[2024-07-02T12:13:25.302+0000] {logging_mixin.py:188} INFO - [2024-07-02T12:13:25.302+0000] {dagbag.py:545} INFO - Filling up the DagBag from /home/airflow/.local/lib/python3.12/site-packages/airflow/example_dags/example_sla_dag.py
[2024-07-02T12:13:25.309+0000] {processor.py:840} INFO - DAG(s) 'example_sla_dag' retrieved from /home/airflow/.local/lib/python3.12/site-packages/airflow/example_dags/example_sla_dag.py
[2024-07-02T12:13:25.333+0000] {logging_mixin.py:188} INFO - [2024-07-02T12:13:25.333+0000] {dag.py:3096} INFO - Sync 1 DAGs
[2024-07-02T12:13:25.358+0000] {logging_mixin.py:188} INFO - [2024-07-02T12:13:25.358+0000] {dag.py:3954} INFO - Setting next_dagrun for example_sla_dag to 2024-07-02 12:10:00+00:00, run_after=2024-07-02 12:12:00+00:00
[2024-07-02T12:13:25.384+0000] {processor.py:183} INFO - Processing /home/airflow/.local/lib/python3.12/site-packages/airflow/example_dags/example_sla_dag.py took 0.093 seconds
[2024-07-02T12:13:55.511+0000] {processor.py:161} INFO - Started process (PID=827) to work on /home/airflow/.local/lib/python3.12/site-packages/airflow/example_dags/example_sla_dag.py
[2024-07-02T12:13:55.512+0000] {processor.py:830} INFO - Processing file /home/airflow/.local/lib/python3.12/site-packages/airflow/example_dags/example_sla_dag.py for tasks to queue
[2024-07-02T12:13:55.514+0000] {logging_mixin.py:188} INFO - [2024-07-02T12:13:55.514+0000] {dagbag.py:545} INFO - Filling up the DagBag from /home/airflow/.local/lib/python3.12/site-packages/airflow/example_dags/example_sla_dag.py
[2024-07-02T12:13:55.521+0000] {processor.py:840} INFO - DAG(s) 'example_sla_dag' retrieved from /home/airflow/.local/lib/python3.12/site-packages/airflow/example_dags/example_sla_dag.py
[2024-07-02T12:13:55.540+0000] {logging_mixin.py:188} INFO - [2024-07-02T12:13:55.540+0000] {dag.py:3096} INFO - Sync 1 DAGs
[2024-07-02T12:13:55.562+0000] {logging_mixin.py:188} INFO - [2024-07-02T12:13:55.562+0000] {dag.py:3954} INFO - Setting next_dagrun for example_sla_dag to 2024-07-02 12:10:00+00:00, run_after=2024-07-02 12:12:00+00:00
[2024-07-02T12:13:55.586+0000] {processor.py:183} INFO - Processing /home/airflow/.local/lib/python3.12/site-packages/airflow/example_dags/example_sla_dag.py took 0.082 seconds
[2024-07-02T12:14:26.479+0000] {processor.py:161} INFO - Started process (PID=890) to work on /home/airflow/.local/lib/python3.12/site-packages/airflow/example_dags/example_sla_dag.py
[2024-07-02T12:14:26.480+0000] {processor.py:830} INFO - Processing file /home/airflow/.local/lib/python3.12/site-packages/airflow/example_dags/example_sla_dag.py for tasks to queue
[2024-07-02T12:14:26.482+0000] {logging_mixin.py:188} INFO - [2024-07-02T12:14:26.482+0000] {dagbag.py:545} INFO - Filling up the DagBag from /home/airflow/.local/lib/python3.12/site-packages/airflow/example_dags/example_sla_dag.py
[2024-07-02T12:14:26.490+0000] {processor.py:840} INFO - DAG(s) 'example_sla_dag' retrieved from /home/airflow/.local/lib/python3.12/site-packages/airflow/example_dags/example_sla_dag.py
[2024-07-02T12:14:26.501+0000] {logging_mixin.py:188} INFO - [2024-07-02T12:14:26.501+0000] {dag.py:3096} INFO - Sync 1 DAGs
[2024-07-02T12:14:26.524+0000] {logging_mixin.py:188} INFO - [2024-07-02T12:14:26.524+0000] {dag.py:3954} INFO - Setting next_dagrun for example_sla_dag to 2024-07-02 12:12:00+00:00, run_after=2024-07-02 12:14:00+00:00
[2024-07-02T12:14:26.542+0000] {processor.py:183} INFO - Processing /home/airflow/.local/lib/python3.12/site-packages/airflow/example_dags/example_sla_dag.py took 0.070 seconds
[2024-07-02T12:14:58.445+0000] {processor.py:161} INFO - Started process (PID=953) to work on /home/airflow/.local/lib/python3.12/site-packages/airflow/example_dags/example_sla_dag.py
[2024-07-02T12:14:58.446+0000] {processor.py:830} INFO - Processing file /home/airflow/.local/lib/python3.12/site-packages/airflow/example_dags/example_sla_dag.py for tasks to queue
[2024-07-02T12:14:58.448+0000] {logging_mixin.py:188} INFO - [2024-07-02T12:14:58.447+0000] {dagbag.py:545} INFO - Filling up the DagBag from /home/airflow/.local/lib/python3.12/site-packages/airflow/example_dags/example_sla_dag.py
[2024-07-02T12:14:58.455+0000] {processor.py:840} INFO - DAG(s) 'example_sla_dag' retrieved from /home/airflow/.local/lib/python3.12/site-packages/airflow/example_dags/example_sla_dag.py
[2024-07-02T12:14:58.539+0000] {logging_mixin.py:188} INFO - [2024-07-02T12:14:58.539+0000] {dag.py:3096} INFO - Sync 1 DAGs
[2024-07-02T12:14:58.559+0000] {logging_mixin.py:188} INFO - [2024-07-02T12:14:58.558+0000] {dag.py:3954} INFO - Setting next_dagrun for example_sla_dag to 2024-07-02 12:12:00+00:00, run_after=2024-07-02 12:14:00+00:00
[2024-07-02T12:14:58.580+0000] {processor.py:183} INFO - Processing /home/airflow/.local/lib/python3.12/site-packages/airflow/example_dags/example_sla_dag.py took 0.141 seconds
[2024-07-02T12:15:28.922+0000] {processor.py:161} INFO - Started process (PID=1016) to work on /home/airflow/.local/lib/python3.12/site-packages/airflow/example_dags/example_sla_dag.py
[2024-07-02T12:15:28.923+0000] {processor.py:830} INFO - Processing file /home/airflow/.local/lib/python3.12/site-packages/airflow/example_dags/example_sla_dag.py for tasks to queue
[2024-07-02T12:15:28.925+0000] {logging_mixin.py:188} INFO - [2024-07-02T12:15:28.925+0000] {dagbag.py:545} INFO - Filling up the DagBag from /home/airflow/.local/lib/python3.12/site-packages/airflow/example_dags/example_sla_dag.py
[2024-07-02T12:15:28.932+0000] {processor.py:840} INFO - DAG(s) 'example_sla_dag' retrieved from /home/airflow/.local/lib/python3.12/site-packages/airflow/example_dags/example_sla_dag.py
[2024-07-02T12:15:28.950+0000] {logging_mixin.py:188} INFO - [2024-07-02T12:15:28.950+0000] {dag.py:3096} INFO - Sync 1 DAGs
[2024-07-02T12:15:28.969+0000] {logging_mixin.py:188} INFO - [2024-07-02T12:15:28.969+0000] {dag.py:3954} INFO - Setting next_dagrun for example_sla_dag to 2024-07-02 12:12:00+00:00, run_after=2024-07-02 12:14:00+00:00
[2024-07-02T12:15:28.990+0000] {processor.py:183} INFO - Processing /home/airflow/.local/lib/python3.12/site-packages/airflow/example_dags/example_sla_dag.py took 0.073 seconds
[2024-07-02T12:18:53.513+0000] {processor.py:161} INFO - Started process (PID=73) to work on /home/airflow/.local/lib/python3.12/site-packages/airflow/example_dags/example_sla_dag.py
[2024-07-02T12:18:53.521+0000] {processor.py:830} INFO - Processing file /home/airflow/.local/lib/python3.12/site-packages/airflow/example_dags/example_sla_dag.py for tasks to queue
[2024-07-02T12:18:53.523+0000] {logging_mixin.py:188} INFO - [2024-07-02T12:18:53.523+0000] {dagbag.py:545} INFO - Filling up the DagBag from /home/airflow/.local/lib/python3.12/site-packages/airflow/example_dags/example_sla_dag.py
[2024-07-02T12:18:53.531+0000] {processor.py:840} INFO - DAG(s) 'example_sla_dag' retrieved from /home/airflow/.local/lib/python3.12/site-packages/airflow/example_dags/example_sla_dag.py
[2024-07-02T12:18:53.543+0000] {logging_mixin.py:188} INFO - [2024-07-02T12:18:53.543+0000] {dag.py:3096} INFO - Sync 1 DAGs
[2024-07-02T12:18:53.567+0000] {logging_mixin.py:188} INFO - [2024-07-02T12:18:53.567+0000] {dag.py:3954} INFO - Setting next_dagrun for example_sla_dag to 2024-07-02 12:16:00+00:00, run_after=2024-07-02 12:18:00+00:00
[2024-07-02T12:18:53.590+0000] {processor.py:183} INFO - Processing /home/airflow/.local/lib/python3.12/site-packages/airflow/example_dags/example_sla_dag.py took 0.082 seconds
[2024-07-02T12:19:26.161+0000] {processor.py:161} INFO - Started process (PID=136) to work on /home/airflow/.local/lib/python3.12/site-packages/airflow/example_dags/example_sla_dag.py
[2024-07-02T12:19:26.163+0000] {processor.py:830} INFO - Processing file /home/airflow/.local/lib/python3.12/site-packages/airflow/example_dags/example_sla_dag.py for tasks to queue
[2024-07-02T12:19:26.165+0000] {logging_mixin.py:188} INFO - [2024-07-02T12:19:26.165+0000] {dagbag.py:545} INFO - Filling up the DagBag from /home/airflow/.local/lib/python3.12/site-packages/airflow/example_dags/example_sla_dag.py
[2024-07-02T12:19:26.173+0000] {processor.py:840} INFO - DAG(s) 'example_sla_dag' retrieved from /home/airflow/.local/lib/python3.12/site-packages/airflow/example_dags/example_sla_dag.py
[2024-07-02T12:19:26.263+0000] {logging_mixin.py:188} INFO - [2024-07-02T12:19:26.263+0000] {dag.py:3096} INFO - Sync 1 DAGs
[2024-07-02T12:19:26.288+0000] {logging_mixin.py:188} INFO - [2024-07-02T12:19:26.288+0000] {dag.py:3954} INFO - Setting next_dagrun for example_sla_dag to 2024-07-02 12:16:00+00:00, run_after=2024-07-02 12:18:00+00:00
[2024-07-02T12:19:26.314+0000] {processor.py:183} INFO - Processing /home/airflow/.local/lib/python3.12/site-packages/airflow/example_dags/example_sla_dag.py took 0.160 seconds
[2024-07-02T12:19:56.660+0000] {processor.py:161} INFO - Started process (PID=199) to work on /home/airflow/.local/lib/python3.12/site-packages/airflow/example_dags/example_sla_dag.py
[2024-07-02T12:19:56.661+0000] {processor.py:830} INFO - Processing file /home/airflow/.local/lib/python3.12/site-packages/airflow/example_dags/example_sla_dag.py for tasks to queue
[2024-07-02T12:19:56.663+0000] {logging_mixin.py:188} INFO - [2024-07-02T12:19:56.663+0000] {dagbag.py:545} INFO - Filling up the DagBag from /home/airflow/.local/lib/python3.12/site-packages/airflow/example_dags/example_sla_dag.py
[2024-07-02T12:19:56.670+0000] {processor.py:840} INFO - DAG(s) 'example_sla_dag' retrieved from /home/airflow/.local/lib/python3.12/site-packages/airflow/example_dags/example_sla_dag.py
[2024-07-02T12:19:56.688+0000] {logging_mixin.py:188} INFO - [2024-07-02T12:19:56.688+0000] {dag.py:3096} INFO - Sync 1 DAGs
[2024-07-02T12:19:56.710+0000] {logging_mixin.py:188} INFO - [2024-07-02T12:19:56.710+0000] {dag.py:3954} INFO - Setting next_dagrun for example_sla_dag to 2024-07-02 12:16:00+00:00, run_after=2024-07-02 12:18:00+00:00
[2024-07-02T12:19:56.727+0000] {processor.py:183} INFO - Processing /home/airflow/.local/lib/python3.12/site-packages/airflow/example_dags/example_sla_dag.py took 0.072 seconds
[2024-07-02T12:20:27.319+0000] {processor.py:161} INFO - Started process (PID=262) to work on /home/airflow/.local/lib/python3.12/site-packages/airflow/example_dags/example_sla_dag.py
[2024-07-02T12:20:27.321+0000] {processor.py:830} INFO - Processing file /home/airflow/.local/lib/python3.12/site-packages/airflow/example_dags/example_sla_dag.py for tasks to queue
[2024-07-02T12:20:27.323+0000] {logging_mixin.py:188} INFO - [2024-07-02T12:20:27.322+0000] {dagbag.py:545} INFO - Filling up the DagBag from /home/airflow/.local/lib/python3.12/site-packages/airflow/example_dags/example_sla_dag.py
[2024-07-02T12:20:27.330+0000] {processor.py:840} INFO - DAG(s) 'example_sla_dag' retrieved from /home/airflow/.local/lib/python3.12/site-packages/airflow/example_dags/example_sla_dag.py
[2024-07-02T12:20:27.350+0000] {logging_mixin.py:188} INFO - [2024-07-02T12:20:27.350+0000] {dag.py:3096} INFO - Sync 1 DAGs
[2024-07-02T12:20:27.371+0000] {logging_mixin.py:188} INFO - [2024-07-02T12:20:27.371+0000] {dag.py:3954} INFO - Setting next_dagrun for example_sla_dag to 2024-07-02 12:18:00+00:00, run_after=2024-07-02 12:20:00+00:00
[2024-07-02T12:20:27.392+0000] {processor.py:183} INFO - Processing /home/airflow/.local/lib/python3.12/site-packages/airflow/example_dags/example_sla_dag.py took 0.078 seconds
[2024-07-02T12:20:57.890+0000] {processor.py:161} INFO - Started process (PID=327) to work on /home/airflow/.local/lib/python3.12/site-packages/airflow/example_dags/example_sla_dag.py
[2024-07-02T12:20:57.892+0000] {processor.py:830} INFO - Processing file /home/airflow/.local/lib/python3.12/site-packages/airflow/example_dags/example_sla_dag.py for tasks to queue
[2024-07-02T12:20:57.894+0000] {logging_mixin.py:188} INFO - [2024-07-02T12:20:57.893+0000] {dagbag.py:545} INFO - Filling up the DagBag from /home/airflow/.local/lib/python3.12/site-packages/airflow/example_dags/example_sla_dag.py
[2024-07-02T12:20:57.901+0000] {processor.py:840} INFO - DAG(s) 'example_sla_dag' retrieved from /home/airflow/.local/lib/python3.12/site-packages/airflow/example_dags/example_sla_dag.py
[2024-07-02T12:20:57.920+0000] {logging_mixin.py:188} INFO - [2024-07-02T12:20:57.920+0000] {dag.py:3096} INFO - Sync 1 DAGs
[2024-07-02T12:20:57.942+0000] {logging_mixin.py:188} INFO - [2024-07-02T12:20:57.942+0000] {dag.py:3954} INFO - Setting next_dagrun for example_sla_dag to 2024-07-02 12:18:00+00:00, run_after=2024-07-02 12:20:00+00:00
[2024-07-02T12:20:57.964+0000] {processor.py:183} INFO - Processing /home/airflow/.local/lib/python3.12/site-packages/airflow/example_dags/example_sla_dag.py took 0.079 seconds
[2024-07-02T12:21:28.469+0000] {processor.py:161} INFO - Started process (PID=390) to work on /home/airflow/.local/lib/python3.12/site-packages/airflow/example_dags/example_sla_dag.py
[2024-07-02T12:21:28.471+0000] {processor.py:830} INFO - Processing file /home/airflow/.local/lib/python3.12/site-packages/airflow/example_dags/example_sla_dag.py for tasks to queue
[2024-07-02T12:21:28.473+0000] {logging_mixin.py:188} INFO - [2024-07-02T12:21:28.473+0000] {dagbag.py:545} INFO - Filling up the DagBag from /home/airflow/.local/lib/python3.12/site-packages/airflow/example_dags/example_sla_dag.py
[2024-07-02T12:21:28.480+0000] {processor.py:840} INFO - DAG(s) 'example_sla_dag' retrieved from /home/airflow/.local/lib/python3.12/site-packages/airflow/example_dags/example_sla_dag.py
[2024-07-02T12:21:28.500+0000] {logging_mixin.py:188} INFO - [2024-07-02T12:21:28.500+0000] {dag.py:3096} INFO - Sync 1 DAGs
[2024-07-02T12:21:28.524+0000] {logging_mixin.py:188} INFO - [2024-07-02T12:21:28.523+0000] {dag.py:3954} INFO - Setting next_dagrun for example_sla_dag to 2024-07-02 12:18:00+00:00, run_after=2024-07-02 12:20:00+00:00
[2024-07-02T12:21:28.545+0000] {processor.py:183} INFO - Processing /home/airflow/.local/lib/python3.12/site-packages/airflow/example_dags/example_sla_dag.py took 0.080 seconds
[2024-07-02T12:21:59.440+0000] {processor.py:161} INFO - Started process (PID=453) to work on /home/airflow/.local/lib/python3.12/site-packages/airflow/example_dags/example_sla_dag.py
[2024-07-02T12:21:59.441+0000] {processor.py:830} INFO - Processing file /home/airflow/.local/lib/python3.12/site-packages/airflow/example_dags/example_sla_dag.py for tasks to queue
[2024-07-02T12:21:59.443+0000] {logging_mixin.py:188} INFO - [2024-07-02T12:21:59.443+0000] {dagbag.py:545} INFO - Filling up the DagBag from /home/airflow/.local/lib/python3.12/site-packages/airflow/example_dags/example_sla_dag.py
[2024-07-02T12:21:59.451+0000] {processor.py:840} INFO - DAG(s) 'example_sla_dag' retrieved from /home/airflow/.local/lib/python3.12/site-packages/airflow/example_dags/example_sla_dag.py
[2024-07-02T12:21:59.470+0000] {logging_mixin.py:188} INFO - [2024-07-02T12:21:59.470+0000] {dag.py:3096} INFO - Sync 1 DAGs
[2024-07-02T12:21:59.492+0000] {logging_mixin.py:188} INFO - [2024-07-02T12:21:59.492+0000] {dag.py:3954} INFO - Setting next_dagrun for example_sla_dag to 2024-07-02 12:18:00+00:00, run_after=2024-07-02 12:20:00+00:00
[2024-07-02T12:21:59.514+0000] {processor.py:183} INFO - Processing /home/airflow/.local/lib/python3.12/site-packages/airflow/example_dags/example_sla_dag.py took 0.079 seconds
[2024-07-02T12:22:29.804+0000] {processor.py:161} INFO - Started process (PID=516) to work on /home/airflow/.local/lib/python3.12/site-packages/airflow/example_dags/example_sla_dag.py
[2024-07-02T12:22:29.805+0000] {processor.py:830} INFO - Processing file /home/airflow/.local/lib/python3.12/site-packages/airflow/example_dags/example_sla_dag.py for tasks to queue
[2024-07-02T12:22:29.807+0000] {logging_mixin.py:188} INFO - [2024-07-02T12:22:29.807+0000] {dagbag.py:545} INFO - Filling up the DagBag from /home/airflow/.local/lib/python3.12/site-packages/airflow/example_dags/example_sla_dag.py
[2024-07-02T12:22:29.816+0000] {processor.py:840} INFO - DAG(s) 'example_sla_dag' retrieved from /home/airflow/.local/lib/python3.12/site-packages/airflow/example_dags/example_sla_dag.py
[2024-07-02T12:22:29.839+0000] {logging_mixin.py:188} INFO - [2024-07-02T12:22:29.839+0000] {dag.py:3096} INFO - Sync 1 DAGs
[2024-07-02T12:22:29.865+0000] {logging_mixin.py:188} INFO - [2024-07-02T12:22:29.865+0000] {dag.py:3954} INFO - Setting next_dagrun for example_sla_dag to 2024-07-02 12:20:00+00:00, run_after=2024-07-02 12:22:00+00:00
[2024-07-02T12:22:29.891+0000] {processor.py:183} INFO - Processing /home/airflow/.local/lib/python3.12/site-packages/airflow/example_dags/example_sla_dag.py took 0.093 seconds
[2024-07-02T12:23:00.778+0000] {processor.py:161} INFO - Started process (PID=579) to work on /home/airflow/.local/lib/python3.12/site-packages/airflow/example_dags/example_sla_dag.py
[2024-07-02T12:23:00.779+0000] {processor.py:830} INFO - Processing file /home/airflow/.local/lib/python3.12/site-packages/airflow/example_dags/example_sla_dag.py for tasks to queue
[2024-07-02T12:23:00.781+0000] {logging_mixin.py:188} INFO - [2024-07-02T12:23:00.781+0000] {dagbag.py:545} INFO - Filling up the DagBag from /home/airflow/.local/lib/python3.12/site-packages/airflow/example_dags/example_sla_dag.py
[2024-07-02T12:23:00.791+0000] {processor.py:840} INFO - DAG(s) 'example_sla_dag' retrieved from /home/airflow/.local/lib/python3.12/site-packages/airflow/example_dags/example_sla_dag.py
[2024-07-02T12:23:00.814+0000] {logging_mixin.py:188} INFO - [2024-07-02T12:23:00.813+0000] {dag.py:3096} INFO - Sync 1 DAGs
[2024-07-02T12:23:00.846+0000] {logging_mixin.py:188} INFO - [2024-07-02T12:23:00.846+0000] {dag.py:3954} INFO - Setting next_dagrun for example_sla_dag to 2024-07-02 12:20:00+00:00, run_after=2024-07-02 12:22:00+00:00
[2024-07-02T12:23:00.873+0000] {processor.py:183} INFO - Processing /home/airflow/.local/lib/python3.12/site-packages/airflow/example_dags/example_sla_dag.py took 0.102 seconds
[2024-07-02T12:23:31.554+0000] {processor.py:161} INFO - Started process (PID=643) to work on /home/airflow/.local/lib/python3.12/site-packages/airflow/example_dags/example_sla_dag.py
[2024-07-02T12:23:31.556+0000] {processor.py:830} INFO - Processing file /home/airflow/.local/lib/python3.12/site-packages/airflow/example_dags/example_sla_dag.py for tasks to queue
[2024-07-02T12:23:31.559+0000] {logging_mixin.py:188} INFO - [2024-07-02T12:23:31.558+0000] {dagbag.py:545} INFO - Filling up the DagBag from /home/airflow/.local/lib/python3.12/site-packages/airflow/example_dags/example_sla_dag.py
[2024-07-02T12:23:31.570+0000] {processor.py:840} INFO - DAG(s) 'example_sla_dag' retrieved from /home/airflow/.local/lib/python3.12/site-packages/airflow/example_dags/example_sla_dag.py
[2024-07-02T12:23:31.593+0000] {logging_mixin.py:188} INFO - [2024-07-02T12:23:31.593+0000] {dag.py:3096} INFO - Sync 1 DAGs
[2024-07-02T12:23:31.624+0000] {logging_mixin.py:188} INFO - [2024-07-02T12:23:31.624+0000] {dag.py:3954} INFO - Setting next_dagrun for example_sla_dag to 2024-07-02 12:20:00+00:00, run_after=2024-07-02 12:22:00+00:00
[2024-07-02T12:23:31.652+0000] {processor.py:183} INFO - Processing /home/airflow/.local/lib/python3.12/site-packages/airflow/example_dags/example_sla_dag.py took 0.106 seconds
[2024-07-02T12:37:15.403+0000] {processor.py:161} INFO - Started process (PID=2004) to work on /home/airflow/.local/lib/python3.12/site-packages/airflow/example_dags/example_sla_dag.py
[2024-07-02T12:37:15.404+0000] {processor.py:830} INFO - Processing file /home/airflow/.local/lib/python3.12/site-packages/airflow/example_dags/example_sla_dag.py for tasks to queue
[2024-07-02T12:37:15.405+0000] {logging_mixin.py:188} INFO - [2024-07-02T12:37:15.405+0000] {dagbag.py:545} INFO - Filling up the DagBag from /home/airflow/.local/lib/python3.12/site-packages/airflow/example_dags/example_sla_dag.py
[2024-07-02T12:37:15.411+0000] {processor.py:840} INFO - DAG(s) 'example_sla_dag' retrieved from /home/airflow/.local/lib/python3.12/site-packages/airflow/example_dags/example_sla_dag.py
[2024-07-02T12:37:15.431+0000] {logging_mixin.py:188} INFO - [2024-07-02T12:37:15.431+0000] {dag.py:3096} INFO - Sync 1 DAGs
[2024-07-02T12:37:15.450+0000] {logging_mixin.py:188} INFO - [2024-07-02T12:37:15.450+0000] {dag.py:3954} INFO - Setting next_dagrun for example_sla_dag to 2024-07-02 12:34:00+00:00, run_after=2024-07-02 12:36:00+00:00
[2024-07-02T12:37:15.470+0000] {processor.py:183} INFO - Processing /home/airflow/.local/lib/python3.12/site-packages/airflow/example_dags/example_sla_dag.py took 0.072 seconds
[2024-07-02T12:37:45.866+0000] {processor.py:161} INFO - Started process (PID=2067) to work on /home/airflow/.local/lib/python3.12/site-packages/airflow/example_dags/example_sla_dag.py
[2024-07-02T12:37:45.867+0000] {processor.py:830} INFO - Processing file /home/airflow/.local/lib/python3.12/site-packages/airflow/example_dags/example_sla_dag.py for tasks to queue
[2024-07-02T12:37:45.868+0000] {logging_mixin.py:188} INFO - [2024-07-02T12:37:45.868+0000] {dagbag.py:545} INFO - Filling up the DagBag from /home/airflow/.local/lib/python3.12/site-packages/airflow/example_dags/example_sla_dag.py
[2024-07-02T12:37:45.875+0000] {processor.py:840} INFO - DAG(s) 'example_sla_dag' retrieved from /home/airflow/.local/lib/python3.12/site-packages/airflow/example_dags/example_sla_dag.py
[2024-07-02T12:37:45.897+0000] {logging_mixin.py:188} INFO - [2024-07-02T12:37:45.897+0000] {dag.py:3096} INFO - Sync 1 DAGs
[2024-07-02T12:37:45.920+0000] {logging_mixin.py:188} INFO - [2024-07-02T12:37:45.919+0000] {dag.py:3954} INFO - Setting next_dagrun for example_sla_dag to 2024-07-02 12:34:00+00:00, run_after=2024-07-02 12:36:00+00:00
[2024-07-02T12:37:45.945+0000] {processor.py:183} INFO - Processing /home/airflow/.local/lib/python3.12/site-packages/airflow/example_dags/example_sla_dag.py took 0.086 seconds
[2024-07-02T14:46:56.481+0000] {processor.py:161} INFO - Started process (PID=84) to work on /home/airflow/.local/lib/python3.12/site-packages/airflow/example_dags/example_sla_dag.py
[2024-07-02T14:46:56.482+0000] {processor.py:830} INFO - Processing file /home/airflow/.local/lib/python3.12/site-packages/airflow/example_dags/example_sla_dag.py for tasks to queue
[2024-07-02T14:46:56.484+0000] {logging_mixin.py:188} INFO - [2024-07-02T14:46:56.484+0000] {dagbag.py:545} INFO - Filling up the DagBag from /home/airflow/.local/lib/python3.12/site-packages/airflow/example_dags/example_sla_dag.py
[2024-07-02T14:46:56.491+0000] {processor.py:840} INFO - DAG(s) 'example_sla_dag' retrieved from /home/airflow/.local/lib/python3.12/site-packages/airflow/example_dags/example_sla_dag.py
[2024-07-02T14:46:56.568+0000] {logging_mixin.py:188} INFO - [2024-07-02T14:46:56.568+0000] {dag.py:3096} INFO - Sync 1 DAGs
[2024-07-02T14:46:56.586+0000] {logging_mixin.py:188} INFO - [2024-07-02T14:46:56.585+0000] {dag.py:3954} INFO - Setting next_dagrun for example_sla_dag to 2024-07-02 14:44:00+00:00, run_after=2024-07-02 14:46:00+00:00
[2024-07-02T14:46:56.606+0000] {processor.py:183} INFO - Processing /home/airflow/.local/lib/python3.12/site-packages/airflow/example_dags/example_sla_dag.py took 0.129 seconds
[2024-07-02T14:50:01.145+0000] {processor.py:161} INFO - Started process (PID=91) to work on /home/airflow/.local/lib/python3.12/site-packages/airflow/example_dags/example_sla_dag.py
[2024-07-02T14:50:01.146+0000] {processor.py:830} INFO - Processing file /home/airflow/.local/lib/python3.12/site-packages/airflow/example_dags/example_sla_dag.py for tasks to queue
[2024-07-02T14:50:01.148+0000] {logging_mixin.py:188} INFO - [2024-07-02T14:50:01.148+0000] {dagbag.py:545} INFO - Filling up the DagBag from /home/airflow/.local/lib/python3.12/site-packages/airflow/example_dags/example_sla_dag.py
[2024-07-02T14:50:01.155+0000] {processor.py:840} INFO - DAG(s) 'example_sla_dag' retrieved from /home/airflow/.local/lib/python3.12/site-packages/airflow/example_dags/example_sla_dag.py
[2024-07-02T14:50:01.230+0000] {logging_mixin.py:188} INFO - [2024-07-02T14:50:01.229+0000] {dag.py:3096} INFO - Sync 1 DAGs
[2024-07-02T14:50:01.243+0000] {logging_mixin.py:188} INFO - [2024-07-02T14:50:01.243+0000] {dag.py:3954} INFO - Setting next_dagrun for example_sla_dag to 2024-07-02 14:48:00+00:00, run_after=2024-07-02 14:50:00+00:00
[2024-07-02T14:50:01.262+0000] {processor.py:183} INFO - Processing /home/airflow/.local/lib/python3.12/site-packages/airflow/example_dags/example_sla_dag.py took 0.122 seconds
[2024-07-02T14:50:32.079+0000] {processor.py:161} INFO - Started process (PID=151) to work on /home/airflow/.local/lib/python3.12/site-packages/airflow/example_dags/example_sla_dag.py
[2024-07-02T14:50:32.080+0000] {processor.py:830} INFO - Processing file /home/airflow/.local/lib/python3.12/site-packages/airflow/example_dags/example_sla_dag.py for tasks to queue
[2024-07-02T14:50:32.083+0000] {logging_mixin.py:188} INFO - [2024-07-02T14:50:32.082+0000] {dagbag.py:545} INFO - Filling up the DagBag from /home/airflow/.local/lib/python3.12/site-packages/airflow/example_dags/example_sla_dag.py
[2024-07-02T14:50:32.094+0000] {processor.py:840} INFO - DAG(s) 'example_sla_dag' retrieved from /home/airflow/.local/lib/python3.12/site-packages/airflow/example_dags/example_sla_dag.py
[2024-07-02T14:50:32.113+0000] {logging_mixin.py:188} INFO - [2024-07-02T14:50:32.113+0000] {dag.py:3096} INFO - Sync 1 DAGs
[2024-07-02T14:50:32.131+0000] {logging_mixin.py:188} INFO - [2024-07-02T14:50:32.131+0000] {dag.py:3954} INFO - Setting next_dagrun for example_sla_dag to 2024-07-02 14:48:00+00:00, run_after=2024-07-02 14:50:00+00:00
[2024-07-02T14:50:32.151+0000] {processor.py:183} INFO - Processing /home/airflow/.local/lib/python3.12/site-packages/airflow/example_dags/example_sla_dag.py took 0.079 seconds
[2024-07-02T14:51:02.588+0000] {processor.py:161} INFO - Started process (PID=210) to work on /home/airflow/.local/lib/python3.12/site-packages/airflow/example_dags/example_sla_dag.py
[2024-07-02T14:51:02.589+0000] {processor.py:830} INFO - Processing file /home/airflow/.local/lib/python3.12/site-packages/airflow/example_dags/example_sla_dag.py for tasks to queue
[2024-07-02T14:51:02.591+0000] {logging_mixin.py:188} INFO - [2024-07-02T14:51:02.590+0000] {dagbag.py:545} INFO - Filling up the DagBag from /home/airflow/.local/lib/python3.12/site-packages/airflow/example_dags/example_sla_dag.py
[2024-07-02T14:51:02.599+0000] {processor.py:840} INFO - DAG(s) 'example_sla_dag' retrieved from /home/airflow/.local/lib/python3.12/site-packages/airflow/example_dags/example_sla_dag.py
[2024-07-02T14:51:02.639+0000] {logging_mixin.py:188} INFO - [2024-07-02T14:51:02.639+0000] {dag.py:3096} INFO - Sync 1 DAGs
[2024-07-02T14:51:02.688+0000] {logging_mixin.py:188} INFO - [2024-07-02T14:51:02.688+0000] {dag.py:3954} INFO - Setting next_dagrun for example_sla_dag to 2024-07-02 14:48:00+00:00, run_after=2024-07-02 14:50:00+00:00
[2024-07-02T14:51:02.719+0000] {processor.py:183} INFO - Processing /home/airflow/.local/lib/python3.12/site-packages/airflow/example_dags/example_sla_dag.py took 0.138 seconds
[2024-07-02T14:51:32.997+0000] {processor.py:161} INFO - Started process (PID=268) to work on /home/airflow/.local/lib/python3.12/site-packages/airflow/example_dags/example_sla_dag.py
[2024-07-02T14:51:32.999+0000] {processor.py:830} INFO - Processing file /home/airflow/.local/lib/python3.12/site-packages/airflow/example_dags/example_sla_dag.py for tasks to queue
[2024-07-02T14:51:33.000+0000] {logging_mixin.py:188} INFO - [2024-07-02T14:51:33.000+0000] {dagbag.py:545} INFO - Filling up the DagBag from /home/airflow/.local/lib/python3.12/site-packages/airflow/example_dags/example_sla_dag.py
[2024-07-02T14:51:33.008+0000] {processor.py:840} INFO - DAG(s) 'example_sla_dag' retrieved from /home/airflow/.local/lib/python3.12/site-packages/airflow/example_dags/example_sla_dag.py
[2024-07-02T14:51:33.030+0000] {logging_mixin.py:188} INFO - [2024-07-02T14:51:33.029+0000] {dag.py:3096} INFO - Sync 1 DAGs
[2024-07-02T14:51:33.055+0000] {logging_mixin.py:188} INFO - [2024-07-02T14:51:33.054+0000] {dag.py:3954} INFO - Setting next_dagrun for example_sla_dag to 2024-07-02 14:48:00+00:00, run_after=2024-07-02 14:50:00+00:00
[2024-07-02T14:51:33.078+0000] {processor.py:183} INFO - Processing /home/airflow/.local/lib/python3.12/site-packages/airflow/example_dags/example_sla_dag.py took 0.088 seconds
[2024-07-02T14:52:03.201+0000] {processor.py:161} INFO - Started process (PID=326) to work on /home/airflow/.local/lib/python3.12/site-packages/airflow/example_dags/example_sla_dag.py
[2024-07-02T14:52:03.203+0000] {processor.py:830} INFO - Processing file /home/airflow/.local/lib/python3.12/site-packages/airflow/example_dags/example_sla_dag.py for tasks to queue
[2024-07-02T14:52:03.204+0000] {logging_mixin.py:188} INFO - [2024-07-02T14:52:03.204+0000] {dagbag.py:545} INFO - Filling up the DagBag from /home/airflow/.local/lib/python3.12/site-packages/airflow/example_dags/example_sla_dag.py
[2024-07-02T14:52:03.212+0000] {processor.py:840} INFO - DAG(s) 'example_sla_dag' retrieved from /home/airflow/.local/lib/python3.12/site-packages/airflow/example_dags/example_sla_dag.py
[2024-07-02T14:52:03.234+0000] {logging_mixin.py:188} INFO - [2024-07-02T14:52:03.234+0000] {dag.py:3096} INFO - Sync 1 DAGs
[2024-07-02T14:52:03.256+0000] {logging_mixin.py:188} INFO - [2024-07-02T14:52:03.255+0000] {dag.py:3954} INFO - Setting next_dagrun for example_sla_dag to 2024-07-02 14:50:00+00:00, run_after=2024-07-02 14:52:00+00:00
[2024-07-02T14:52:03.279+0000] {processor.py:183} INFO - Processing /home/airflow/.local/lib/python3.12/site-packages/airflow/example_dags/example_sla_dag.py took 0.084 seconds
[2024-07-02T14:52:33.847+0000] {processor.py:161} INFO - Started process (PID=384) to work on /home/airflow/.local/lib/python3.12/site-packages/airflow/example_dags/example_sla_dag.py
[2024-07-02T14:52:33.848+0000] {processor.py:830} INFO - Processing file /home/airflow/.local/lib/python3.12/site-packages/airflow/example_dags/example_sla_dag.py for tasks to queue
[2024-07-02T14:52:33.849+0000] {logging_mixin.py:188} INFO - [2024-07-02T14:52:33.849+0000] {dagbag.py:545} INFO - Filling up the DagBag from /home/airflow/.local/lib/python3.12/site-packages/airflow/example_dags/example_sla_dag.py
[2024-07-02T14:52:33.856+0000] {processor.py:840} INFO - DAG(s) 'example_sla_dag' retrieved from /home/airflow/.local/lib/python3.12/site-packages/airflow/example_dags/example_sla_dag.py
[2024-07-02T14:52:33.876+0000] {logging_mixin.py:188} INFO - [2024-07-02T14:52:33.876+0000] {dag.py:3096} INFO - Sync 1 DAGs
[2024-07-02T14:52:33.895+0000] {logging_mixin.py:188} INFO - [2024-07-02T14:52:33.895+0000] {dag.py:3954} INFO - Setting next_dagrun for example_sla_dag to 2024-07-02 14:50:00+00:00, run_after=2024-07-02 14:52:00+00:00
[2024-07-02T14:52:33.918+0000] {processor.py:183} INFO - Processing /home/airflow/.local/lib/python3.12/site-packages/airflow/example_dags/example_sla_dag.py took 0.076 seconds
[2024-07-02T14:53:04.304+0000] {processor.py:161} INFO - Started process (PID=442) to work on /home/airflow/.local/lib/python3.12/site-packages/airflow/example_dags/example_sla_dag.py
[2024-07-02T14:53:04.305+0000] {processor.py:830} INFO - Processing file /home/airflow/.local/lib/python3.12/site-packages/airflow/example_dags/example_sla_dag.py for tasks to queue
[2024-07-02T14:53:04.306+0000] {logging_mixin.py:188} INFO - [2024-07-02T14:53:04.306+0000] {dagbag.py:545} INFO - Filling up the DagBag from /home/airflow/.local/lib/python3.12/site-packages/airflow/example_dags/example_sla_dag.py
[2024-07-02T14:53:04.314+0000] {processor.py:840} INFO - DAG(s) 'example_sla_dag' retrieved from /home/airflow/.local/lib/python3.12/site-packages/airflow/example_dags/example_sla_dag.py
[2024-07-02T14:53:04.335+0000] {logging_mixin.py:188} INFO - [2024-07-02T14:53:04.335+0000] {dag.py:3096} INFO - Sync 1 DAGs
[2024-07-02T14:53:04.354+0000] {logging_mixin.py:188} INFO - [2024-07-02T14:53:04.354+0000] {dag.py:3954} INFO - Setting next_dagrun for example_sla_dag to 2024-07-02 14:50:00+00:00, run_after=2024-07-02 14:52:00+00:00
[2024-07-02T14:53:04.374+0000] {processor.py:183} INFO - Processing /home/airflow/.local/lib/python3.12/site-packages/airflow/example_dags/example_sla_dag.py took 0.075 seconds
[2024-07-02T14:53:35.019+0000] {processor.py:161} INFO - Started process (PID=500) to work on /home/airflow/.local/lib/python3.12/site-packages/airflow/example_dags/example_sla_dag.py
[2024-07-02T14:53:35.021+0000] {processor.py:830} INFO - Processing file /home/airflow/.local/lib/python3.12/site-packages/airflow/example_dags/example_sla_dag.py for tasks to queue
[2024-07-02T14:53:35.023+0000] {logging_mixin.py:188} INFO - [2024-07-02T14:53:35.022+0000] {dagbag.py:545} INFO - Filling up the DagBag from /home/airflow/.local/lib/python3.12/site-packages/airflow/example_dags/example_sla_dag.py
[2024-07-02T14:53:35.036+0000] {processor.py:840} INFO - DAG(s) 'example_sla_dag' retrieved from /home/airflow/.local/lib/python3.12/site-packages/airflow/example_dags/example_sla_dag.py
[2024-07-02T14:53:35.061+0000] {logging_mixin.py:188} INFO - [2024-07-02T14:53:35.061+0000] {dag.py:3096} INFO - Sync 1 DAGs
[2024-07-02T14:53:35.089+0000] {logging_mixin.py:188} INFO - [2024-07-02T14:53:35.089+0000] {dag.py:3954} INFO - Setting next_dagrun for example_sla_dag to 2024-07-02 14:50:00+00:00, run_after=2024-07-02 14:52:00+00:00
[2024-07-02T14:53:35.110+0000] {processor.py:183} INFO - Processing /home/airflow/.local/lib/python3.12/site-packages/airflow/example_dags/example_sla_dag.py took 0.098 seconds
[2024-07-02T14:54:05.296+0000] {processor.py:161} INFO - Started process (PID=559) to work on /home/airflow/.local/lib/python3.12/site-packages/airflow/example_dags/example_sla_dag.py
[2024-07-02T14:54:05.297+0000] {processor.py:830} INFO - Processing file /home/airflow/.local/lib/python3.12/site-packages/airflow/example_dags/example_sla_dag.py for tasks to queue
[2024-07-02T14:54:05.298+0000] {logging_mixin.py:188} INFO - [2024-07-02T14:54:05.298+0000] {dagbag.py:545} INFO - Filling up the DagBag from /home/airflow/.local/lib/python3.12/site-packages/airflow/example_dags/example_sla_dag.py
[2024-07-02T14:54:05.305+0000] {processor.py:840} INFO - DAG(s) 'example_sla_dag' retrieved from /home/airflow/.local/lib/python3.12/site-packages/airflow/example_dags/example_sla_dag.py
[2024-07-02T14:54:05.325+0000] {logging_mixin.py:188} INFO - [2024-07-02T14:54:05.325+0000] {dag.py:3096} INFO - Sync 1 DAGs
[2024-07-02T14:54:05.347+0000] {logging_mixin.py:188} INFO - [2024-07-02T14:54:05.346+0000] {dag.py:3954} INFO - Setting next_dagrun for example_sla_dag to 2024-07-02 14:52:00+00:00, run_after=2024-07-02 14:54:00+00:00
[2024-07-02T14:54:05.369+0000] {processor.py:183} INFO - Processing /home/airflow/.local/lib/python3.12/site-packages/airflow/example_dags/example_sla_dag.py took 0.078 seconds
