[2024-07-02T11:48:19.418+0000] {processor.py:161} INFO - Started process (PID=49) to work on /home/airflow/.local/lib/python3.12/site-packages/airflow/example_dags/example_setup_teardown.py
[2024-07-02T11:48:19.419+0000] {processor.py:830} INFO - Processing file /home/airflow/.local/lib/python3.12/site-packages/airflow/example_dags/example_setup_teardown.py for tasks to queue
[2024-07-02T11:48:19.422+0000] {logging_mixin.py:188} INFO - [2024-07-02T11:48:19.421+0000] {dagbag.py:545} INFO - Filling up the DagBag from /home/airflow/.local/lib/python3.12/site-packages/airflow/example_dags/example_setup_teardown.py
[2024-07-02T11:48:19.435+0000] {processor.py:840} INFO - DAG(s) 'example_setup_teardown' retrieved from /home/airflow/.local/lib/python3.12/site-packages/airflow/example_dags/example_setup_teardown.py
[2024-07-02T11:48:19.476+0000] {logging_mixin.py:188} INFO - [2024-07-02T11:48:19.475+0000] {dag.py:3096} INFO - Sync 1 DAGs
[2024-07-02T11:48:19.515+0000] {logging_mixin.py:188} INFO - [2024-07-02T11:48:19.514+0000] {dag.py:3954} INFO - Setting next_dagrun for example_setup_teardown to 2024-07-01 00:00:00+00:00, run_after=2024-07-02 00:00:00+00:00
[2024-07-02T11:48:19.545+0000] {processor.py:183} INFO - Processing /home/airflow/.local/lib/python3.12/site-packages/airflow/example_dags/example_setup_teardown.py took 0.135 seconds
[2024-07-02T11:48:49.987+0000] {processor.py:161} INFO - Started process (PID=112) to work on /home/airflow/.local/lib/python3.12/site-packages/airflow/example_dags/example_setup_teardown.py
[2024-07-02T11:48:49.988+0000] {processor.py:830} INFO - Processing file /home/airflow/.local/lib/python3.12/site-packages/airflow/example_dags/example_setup_teardown.py for tasks to queue
[2024-07-02T11:48:49.990+0000] {logging_mixin.py:188} INFO - [2024-07-02T11:48:49.990+0000] {dagbag.py:545} INFO - Filling up the DagBag from /home/airflow/.local/lib/python3.12/site-packages/airflow/example_dags/example_setup_teardown.py
[2024-07-02T11:48:49.996+0000] {processor.py:840} INFO - DAG(s) 'example_setup_teardown' retrieved from /home/airflow/.local/lib/python3.12/site-packages/airflow/example_dags/example_setup_teardown.py
[2024-07-02T11:48:50.012+0000] {logging_mixin.py:188} INFO - [2024-07-02T11:48:50.012+0000] {dag.py:3096} INFO - Sync 1 DAGs
[2024-07-02T11:48:50.030+0000] {logging_mixin.py:188} INFO - [2024-07-02T11:48:50.029+0000] {dag.py:3954} INFO - Setting next_dagrun for example_setup_teardown to 2024-07-01 00:00:00+00:00, run_after=2024-07-02 00:00:00+00:00
[2024-07-02T11:48:50.050+0000] {processor.py:183} INFO - Processing /home/airflow/.local/lib/python3.12/site-packages/airflow/example_dags/example_setup_teardown.py took 0.068 seconds
[2024-07-02T11:49:20.531+0000] {processor.py:161} INFO - Started process (PID=175) to work on /home/airflow/.local/lib/python3.12/site-packages/airflow/example_dags/example_setup_teardown.py
[2024-07-02T11:49:20.532+0000] {processor.py:830} INFO - Processing file /home/airflow/.local/lib/python3.12/site-packages/airflow/example_dags/example_setup_teardown.py for tasks to queue
[2024-07-02T11:49:20.533+0000] {logging_mixin.py:188} INFO - [2024-07-02T11:49:20.533+0000] {dagbag.py:545} INFO - Filling up the DagBag from /home/airflow/.local/lib/python3.12/site-packages/airflow/example_dags/example_setup_teardown.py
[2024-07-02T11:49:20.540+0000] {processor.py:840} INFO - DAG(s) 'example_setup_teardown' retrieved from /home/airflow/.local/lib/python3.12/site-packages/airflow/example_dags/example_setup_teardown.py
[2024-07-02T11:49:20.558+0000] {logging_mixin.py:188} INFO - [2024-07-02T11:49:20.558+0000] {dag.py:3096} INFO - Sync 1 DAGs
[2024-07-02T11:49:20.578+0000] {logging_mixin.py:188} INFO - [2024-07-02T11:49:20.578+0000] {dag.py:3954} INFO - Setting next_dagrun for example_setup_teardown to 2024-07-01 00:00:00+00:00, run_after=2024-07-02 00:00:00+00:00
[2024-07-02T11:49:20.598+0000] {processor.py:183} INFO - Processing /home/airflow/.local/lib/python3.12/site-packages/airflow/example_dags/example_setup_teardown.py took 0.073 seconds
[2024-07-02T11:49:51.885+0000] {processor.py:161} INFO - Started process (PID=238) to work on /home/airflow/.local/lib/python3.12/site-packages/airflow/example_dags/example_setup_teardown.py
[2024-07-02T11:49:51.887+0000] {processor.py:830} INFO - Processing file /home/airflow/.local/lib/python3.12/site-packages/airflow/example_dags/example_setup_teardown.py for tasks to queue
[2024-07-02T11:49:51.889+0000] {logging_mixin.py:188} INFO - [2024-07-02T11:49:51.888+0000] {dagbag.py:545} INFO - Filling up the DagBag from /home/airflow/.local/lib/python3.12/site-packages/airflow/example_dags/example_setup_teardown.py
[2024-07-02T11:49:51.897+0000] {processor.py:840} INFO - DAG(s) 'example_setup_teardown' retrieved from /home/airflow/.local/lib/python3.12/site-packages/airflow/example_dags/example_setup_teardown.py
[2024-07-02T11:49:51.921+0000] {logging_mixin.py:188} INFO - [2024-07-02T11:49:51.921+0000] {dag.py:3096} INFO - Sync 1 DAGs
[2024-07-02T11:49:51.945+0000] {logging_mixin.py:188} INFO - [2024-07-02T11:49:51.945+0000] {dag.py:3954} INFO - Setting next_dagrun for example_setup_teardown to 2024-07-01 00:00:00+00:00, run_after=2024-07-02 00:00:00+00:00
[2024-07-02T11:49:51.969+0000] {processor.py:183} INFO - Processing /home/airflow/.local/lib/python3.12/site-packages/airflow/example_dags/example_setup_teardown.py took 0.092 seconds
[2024-07-02T11:50:22.492+0000] {processor.py:161} INFO - Started process (PID=301) to work on /home/airflow/.local/lib/python3.12/site-packages/airflow/example_dags/example_setup_teardown.py
[2024-07-02T11:50:22.493+0000] {processor.py:830} INFO - Processing file /home/airflow/.local/lib/python3.12/site-packages/airflow/example_dags/example_setup_teardown.py for tasks to queue
[2024-07-02T11:50:22.495+0000] {logging_mixin.py:188} INFO - [2024-07-02T11:50:22.494+0000] {dagbag.py:545} INFO - Filling up the DagBag from /home/airflow/.local/lib/python3.12/site-packages/airflow/example_dags/example_setup_teardown.py
[2024-07-02T11:50:22.501+0000] {processor.py:840} INFO - DAG(s) 'example_setup_teardown' retrieved from /home/airflow/.local/lib/python3.12/site-packages/airflow/example_dags/example_setup_teardown.py
[2024-07-02T11:50:22.513+0000] {logging_mixin.py:188} INFO - [2024-07-02T11:50:22.512+0000] {dag.py:3096} INFO - Sync 1 DAGs
[2024-07-02T11:50:22.531+0000] {logging_mixin.py:188} INFO - [2024-07-02T11:50:22.531+0000] {dag.py:3954} INFO - Setting next_dagrun for example_setup_teardown to 2024-07-01 00:00:00+00:00, run_after=2024-07-02 00:00:00+00:00
[2024-07-02T11:50:22.551+0000] {processor.py:183} INFO - Processing /home/airflow/.local/lib/python3.12/site-packages/airflow/example_dags/example_setup_teardown.py took 0.065 seconds
[2024-07-02T11:50:53.825+0000] {processor.py:161} INFO - Started process (PID=364) to work on /home/airflow/.local/lib/python3.12/site-packages/airflow/example_dags/example_setup_teardown.py
[2024-07-02T11:50:53.827+0000] {processor.py:830} INFO - Processing file /home/airflow/.local/lib/python3.12/site-packages/airflow/example_dags/example_setup_teardown.py for tasks to queue
[2024-07-02T11:50:53.828+0000] {logging_mixin.py:188} INFO - [2024-07-02T11:50:53.828+0000] {dagbag.py:545} INFO - Filling up the DagBag from /home/airflow/.local/lib/python3.12/site-packages/airflow/example_dags/example_setup_teardown.py
[2024-07-02T11:50:53.835+0000] {processor.py:840} INFO - DAG(s) 'example_setup_teardown' retrieved from /home/airflow/.local/lib/python3.12/site-packages/airflow/example_dags/example_setup_teardown.py
[2024-07-02T11:50:53.927+0000] {logging_mixin.py:188} INFO - [2024-07-02T11:50:53.927+0000] {dag.py:3096} INFO - Sync 1 DAGs
[2024-07-02T11:50:53.947+0000] {logging_mixin.py:188} INFO - [2024-07-02T11:50:53.947+0000] {dag.py:3954} INFO - Setting next_dagrun for example_setup_teardown to 2024-07-01 00:00:00+00:00, run_after=2024-07-02 00:00:00+00:00
[2024-07-02T11:50:53.970+0000] {processor.py:183} INFO - Processing /home/airflow/.local/lib/python3.12/site-packages/airflow/example_dags/example_setup_teardown.py took 0.151 seconds
[2024-07-02T11:51:25.130+0000] {processor.py:161} INFO - Started process (PID=427) to work on /home/airflow/.local/lib/python3.12/site-packages/airflow/example_dags/example_setup_teardown.py
[2024-07-02T11:51:25.131+0000] {processor.py:830} INFO - Processing file /home/airflow/.local/lib/python3.12/site-packages/airflow/example_dags/example_setup_teardown.py for tasks to queue
[2024-07-02T11:51:25.132+0000] {logging_mixin.py:188} INFO - [2024-07-02T11:51:25.132+0000] {dagbag.py:545} INFO - Filling up the DagBag from /home/airflow/.local/lib/python3.12/site-packages/airflow/example_dags/example_setup_teardown.py
[2024-07-02T11:51:25.141+0000] {processor.py:840} INFO - DAG(s) 'example_setup_teardown' retrieved from /home/airflow/.local/lib/python3.12/site-packages/airflow/example_dags/example_setup_teardown.py
[2024-07-02T11:51:25.166+0000] {logging_mixin.py:188} INFO - [2024-07-02T11:51:25.166+0000] {dag.py:3096} INFO - Sync 1 DAGs
[2024-07-02T11:51:25.190+0000] {logging_mixin.py:188} INFO - [2024-07-02T11:51:25.190+0000] {dag.py:3954} INFO - Setting next_dagrun for example_setup_teardown to 2024-07-01 00:00:00+00:00, run_after=2024-07-02 00:00:00+00:00
[2024-07-02T11:51:25.219+0000] {processor.py:183} INFO - Processing /home/airflow/.local/lib/python3.12/site-packages/airflow/example_dags/example_setup_teardown.py took 0.096 seconds
[2024-07-02T11:51:56.467+0000] {processor.py:161} INFO - Started process (PID=490) to work on /home/airflow/.local/lib/python3.12/site-packages/airflow/example_dags/example_setup_teardown.py
[2024-07-02T11:51:56.468+0000] {processor.py:830} INFO - Processing file /home/airflow/.local/lib/python3.12/site-packages/airflow/example_dags/example_setup_teardown.py for tasks to queue
[2024-07-02T11:51:56.469+0000] {logging_mixin.py:188} INFO - [2024-07-02T11:51:56.469+0000] {dagbag.py:545} INFO - Filling up the DagBag from /home/airflow/.local/lib/python3.12/site-packages/airflow/example_dags/example_setup_teardown.py
[2024-07-02T11:51:56.475+0000] {processor.py:840} INFO - DAG(s) 'example_setup_teardown' retrieved from /home/airflow/.local/lib/python3.12/site-packages/airflow/example_dags/example_setup_teardown.py
[2024-07-02T11:51:56.492+0000] {logging_mixin.py:188} INFO - [2024-07-02T11:51:56.492+0000] {dag.py:3096} INFO - Sync 1 DAGs
[2024-07-02T11:51:56.511+0000] {logging_mixin.py:188} INFO - [2024-07-02T11:51:56.511+0000] {dag.py:3954} INFO - Setting next_dagrun for example_setup_teardown to 2024-07-01 00:00:00+00:00, run_after=2024-07-02 00:00:00+00:00
[2024-07-02T11:51:56.531+0000] {processor.py:183} INFO - Processing /home/airflow/.local/lib/python3.12/site-packages/airflow/example_dags/example_setup_teardown.py took 0.070 seconds
[2024-07-02T11:52:27.084+0000] {processor.py:161} INFO - Started process (PID=553) to work on /home/airflow/.local/lib/python3.12/site-packages/airflow/example_dags/example_setup_teardown.py
[2024-07-02T11:52:27.086+0000] {processor.py:830} INFO - Processing file /home/airflow/.local/lib/python3.12/site-packages/airflow/example_dags/example_setup_teardown.py for tasks to queue
[2024-07-02T11:52:27.088+0000] {logging_mixin.py:188} INFO - [2024-07-02T11:52:27.087+0000] {dagbag.py:545} INFO - Filling up the DagBag from /home/airflow/.local/lib/python3.12/site-packages/airflow/example_dags/example_setup_teardown.py
[2024-07-02T11:52:27.094+0000] {processor.py:840} INFO - DAG(s) 'example_setup_teardown' retrieved from /home/airflow/.local/lib/python3.12/site-packages/airflow/example_dags/example_setup_teardown.py
[2024-07-02T11:52:27.114+0000] {logging_mixin.py:188} INFO - [2024-07-02T11:52:27.114+0000] {dag.py:3096} INFO - Sync 1 DAGs
[2024-07-02T11:52:27.135+0000] {logging_mixin.py:188} INFO - [2024-07-02T11:52:27.134+0000] {dag.py:3954} INFO - Setting next_dagrun for example_setup_teardown to 2024-07-01 00:00:00+00:00, run_after=2024-07-02 00:00:00+00:00
[2024-07-02T11:52:27.155+0000] {processor.py:183} INFO - Processing /home/airflow/.local/lib/python3.12/site-packages/airflow/example_dags/example_setup_teardown.py took 0.076 seconds
[2024-07-02T11:52:57.645+0000] {processor.py:161} INFO - Started process (PID=617) to work on /home/airflow/.local/lib/python3.12/site-packages/airflow/example_dags/example_setup_teardown.py
[2024-07-02T11:52:57.646+0000] {processor.py:830} INFO - Processing file /home/airflow/.local/lib/python3.12/site-packages/airflow/example_dags/example_setup_teardown.py for tasks to queue
[2024-07-02T11:52:57.647+0000] {logging_mixin.py:188} INFO - [2024-07-02T11:52:57.647+0000] {dagbag.py:545} INFO - Filling up the DagBag from /home/airflow/.local/lib/python3.12/site-packages/airflow/example_dags/example_setup_teardown.py
[2024-07-02T11:52:57.653+0000] {processor.py:840} INFO - DAG(s) 'example_setup_teardown' retrieved from /home/airflow/.local/lib/python3.12/site-packages/airflow/example_dags/example_setup_teardown.py
[2024-07-02T11:52:57.671+0000] {logging_mixin.py:188} INFO - [2024-07-02T11:52:57.670+0000] {dag.py:3096} INFO - Sync 1 DAGs
[2024-07-02T11:52:57.693+0000] {logging_mixin.py:188} INFO - [2024-07-02T11:52:57.693+0000] {dag.py:3954} INFO - Setting next_dagrun for example_setup_teardown to 2024-07-01 00:00:00+00:00, run_after=2024-07-02 00:00:00+00:00
[2024-07-02T11:52:57.721+0000] {processor.py:183} INFO - Processing /home/airflow/.local/lib/python3.12/site-packages/airflow/example_dags/example_setup_teardown.py took 0.081 seconds
[2024-07-02T11:53:28.459+0000] {processor.py:161} INFO - Started process (PID=680) to work on /home/airflow/.local/lib/python3.12/site-packages/airflow/example_dags/example_setup_teardown.py
[2024-07-02T11:53:28.460+0000] {processor.py:830} INFO - Processing file /home/airflow/.local/lib/python3.12/site-packages/airflow/example_dags/example_setup_teardown.py for tasks to queue
[2024-07-02T11:53:28.461+0000] {logging_mixin.py:188} INFO - [2024-07-02T11:53:28.461+0000] {dagbag.py:545} INFO - Filling up the DagBag from /home/airflow/.local/lib/python3.12/site-packages/airflow/example_dags/example_setup_teardown.py
[2024-07-02T11:53:28.468+0000] {processor.py:840} INFO - DAG(s) 'example_setup_teardown' retrieved from /home/airflow/.local/lib/python3.12/site-packages/airflow/example_dags/example_setup_teardown.py
[2024-07-02T11:53:28.488+0000] {logging_mixin.py:188} INFO - [2024-07-02T11:53:28.488+0000] {dag.py:3096} INFO - Sync 1 DAGs
[2024-07-02T11:53:28.508+0000] {logging_mixin.py:188} INFO - [2024-07-02T11:53:28.508+0000] {dag.py:3954} INFO - Setting next_dagrun for example_setup_teardown to 2024-07-01 00:00:00+00:00, run_after=2024-07-02 00:00:00+00:00
[2024-07-02T11:53:28.530+0000] {processor.py:183} INFO - Processing /home/airflow/.local/lib/python3.12/site-packages/airflow/example_dags/example_setup_teardown.py took 0.076 seconds
[2024-07-02T11:53:59.229+0000] {processor.py:161} INFO - Started process (PID=743) to work on /home/airflow/.local/lib/python3.12/site-packages/airflow/example_dags/example_setup_teardown.py
[2024-07-02T11:53:59.230+0000] {processor.py:830} INFO - Processing file /home/airflow/.local/lib/python3.12/site-packages/airflow/example_dags/example_setup_teardown.py for tasks to queue
[2024-07-02T11:53:59.231+0000] {logging_mixin.py:188} INFO - [2024-07-02T11:53:59.230+0000] {dagbag.py:545} INFO - Filling up the DagBag from /home/airflow/.local/lib/python3.12/site-packages/airflow/example_dags/example_setup_teardown.py
[2024-07-02T11:53:59.237+0000] {processor.py:840} INFO - DAG(s) 'example_setup_teardown' retrieved from /home/airflow/.local/lib/python3.12/site-packages/airflow/example_dags/example_setup_teardown.py
[2024-07-02T11:53:59.255+0000] {logging_mixin.py:188} INFO - [2024-07-02T11:53:59.255+0000] {dag.py:3096} INFO - Sync 1 DAGs
[2024-07-02T11:53:59.274+0000] {logging_mixin.py:188} INFO - [2024-07-02T11:53:59.274+0000] {dag.py:3954} INFO - Setting next_dagrun for example_setup_teardown to 2024-07-01 00:00:00+00:00, run_after=2024-07-02 00:00:00+00:00
[2024-07-02T11:53:59.297+0000] {processor.py:183} INFO - Processing /home/airflow/.local/lib/python3.12/site-packages/airflow/example_dags/example_setup_teardown.py took 0.075 seconds
[2024-07-02T11:54:30.646+0000] {processor.py:161} INFO - Started process (PID=806) to work on /home/airflow/.local/lib/python3.12/site-packages/airflow/example_dags/example_setup_teardown.py
[2024-07-02T11:54:30.648+0000] {processor.py:830} INFO - Processing file /home/airflow/.local/lib/python3.12/site-packages/airflow/example_dags/example_setup_teardown.py for tasks to queue
[2024-07-02T11:54:30.649+0000] {logging_mixin.py:188} INFO - [2024-07-02T11:54:30.649+0000] {dagbag.py:545} INFO - Filling up the DagBag from /home/airflow/.local/lib/python3.12/site-packages/airflow/example_dags/example_setup_teardown.py
[2024-07-02T11:54:30.655+0000] {processor.py:840} INFO - DAG(s) 'example_setup_teardown' retrieved from /home/airflow/.local/lib/python3.12/site-packages/airflow/example_dags/example_setup_teardown.py
[2024-07-02T11:54:30.672+0000] {logging_mixin.py:188} INFO - [2024-07-02T11:54:30.672+0000] {dag.py:3096} INFO - Sync 1 DAGs
[2024-07-02T11:54:30.689+0000] {logging_mixin.py:188} INFO - [2024-07-02T11:54:30.689+0000] {dag.py:3954} INFO - Setting next_dagrun for example_setup_teardown to 2024-07-01 00:00:00+00:00, run_after=2024-07-02 00:00:00+00:00
[2024-07-02T11:54:30.711+0000] {processor.py:183} INFO - Processing /home/airflow/.local/lib/python3.12/site-packages/airflow/example_dags/example_setup_teardown.py took 0.070 seconds
[2024-07-02T11:55:01.945+0000] {processor.py:161} INFO - Started process (PID=875) to work on /home/airflow/.local/lib/python3.12/site-packages/airflow/example_dags/example_setup_teardown.py
[2024-07-02T11:55:01.947+0000] {processor.py:830} INFO - Processing file /home/airflow/.local/lib/python3.12/site-packages/airflow/example_dags/example_setup_teardown.py for tasks to queue
[2024-07-02T11:55:01.949+0000] {logging_mixin.py:188} INFO - [2024-07-02T11:55:01.948+0000] {dagbag.py:545} INFO - Filling up the DagBag from /home/airflow/.local/lib/python3.12/site-packages/airflow/example_dags/example_setup_teardown.py
[2024-07-02T11:55:01.960+0000] {processor.py:840} INFO - DAG(s) 'example_setup_teardown' retrieved from /home/airflow/.local/lib/python3.12/site-packages/airflow/example_dags/example_setup_teardown.py
[2024-07-02T11:55:01.986+0000] {logging_mixin.py:188} INFO - [2024-07-02T11:55:01.986+0000] {dag.py:3096} INFO - Sync 1 DAGs
[2024-07-02T11:55:02.018+0000] {logging_mixin.py:188} INFO - [2024-07-02T11:55:02.018+0000] {dag.py:3954} INFO - Setting next_dagrun for example_setup_teardown to 2024-07-01 00:00:00+00:00, run_after=2024-07-02 00:00:00+00:00
[2024-07-02T11:55:02.045+0000] {processor.py:183} INFO - Processing /home/airflow/.local/lib/python3.12/site-packages/airflow/example_dags/example_setup_teardown.py took 0.110 seconds
[2024-07-02T11:55:32.632+0000] {processor.py:161} INFO - Started process (PID=938) to work on /home/airflow/.local/lib/python3.12/site-packages/airflow/example_dags/example_setup_teardown.py
[2024-07-02T11:55:32.633+0000] {processor.py:830} INFO - Processing file /home/airflow/.local/lib/python3.12/site-packages/airflow/example_dags/example_setup_teardown.py for tasks to queue
[2024-07-02T11:55:32.635+0000] {logging_mixin.py:188} INFO - [2024-07-02T11:55:32.634+0000] {dagbag.py:545} INFO - Filling up the DagBag from /home/airflow/.local/lib/python3.12/site-packages/airflow/example_dags/example_setup_teardown.py
[2024-07-02T11:55:32.643+0000] {processor.py:840} INFO - DAG(s) 'example_setup_teardown' retrieved from /home/airflow/.local/lib/python3.12/site-packages/airflow/example_dags/example_setup_teardown.py
[2024-07-02T11:55:32.668+0000] {logging_mixin.py:188} INFO - [2024-07-02T11:55:32.668+0000] {dag.py:3096} INFO - Sync 1 DAGs
[2024-07-02T11:55:32.695+0000] {logging_mixin.py:188} INFO - [2024-07-02T11:55:32.694+0000] {dag.py:3954} INFO - Setting next_dagrun for example_setup_teardown to 2024-07-01 00:00:00+00:00, run_after=2024-07-02 00:00:00+00:00
[2024-07-02T11:55:32.720+0000] {processor.py:183} INFO - Processing /home/airflow/.local/lib/python3.12/site-packages/airflow/example_dags/example_setup_teardown.py took 0.096 seconds
[2024-07-02T11:56:03.648+0000] {processor.py:161} INFO - Started process (PID=1001) to work on /home/airflow/.local/lib/python3.12/site-packages/airflow/example_dags/example_setup_teardown.py
[2024-07-02T11:56:03.649+0000] {processor.py:830} INFO - Processing file /home/airflow/.local/lib/python3.12/site-packages/airflow/example_dags/example_setup_teardown.py for tasks to queue
[2024-07-02T11:56:03.650+0000] {logging_mixin.py:188} INFO - [2024-07-02T11:56:03.650+0000] {dagbag.py:545} INFO - Filling up the DagBag from /home/airflow/.local/lib/python3.12/site-packages/airflow/example_dags/example_setup_teardown.py
[2024-07-02T11:56:03.657+0000] {processor.py:840} INFO - DAG(s) 'example_setup_teardown' retrieved from /home/airflow/.local/lib/python3.12/site-packages/airflow/example_dags/example_setup_teardown.py
[2024-07-02T11:56:03.679+0000] {logging_mixin.py:188} INFO - [2024-07-02T11:56:03.679+0000] {dag.py:3096} INFO - Sync 1 DAGs
[2024-07-02T11:56:03.702+0000] {logging_mixin.py:188} INFO - [2024-07-02T11:56:03.701+0000] {dag.py:3954} INFO - Setting next_dagrun for example_setup_teardown to 2024-07-01 00:00:00+00:00, run_after=2024-07-02 00:00:00+00:00
[2024-07-02T11:56:03.727+0000] {processor.py:183} INFO - Processing /home/airflow/.local/lib/python3.12/site-packages/airflow/example_dags/example_setup_teardown.py took 0.086 seconds
[2024-07-02T11:56:34.738+0000] {processor.py:161} INFO - Started process (PID=1063) to work on /home/airflow/.local/lib/python3.12/site-packages/airflow/example_dags/example_setup_teardown.py
[2024-07-02T11:56:34.739+0000] {processor.py:830} INFO - Processing file /home/airflow/.local/lib/python3.12/site-packages/airflow/example_dags/example_setup_teardown.py for tasks to queue
[2024-07-02T11:56:34.740+0000] {logging_mixin.py:188} INFO - [2024-07-02T11:56:34.740+0000] {dagbag.py:545} INFO - Filling up the DagBag from /home/airflow/.local/lib/python3.12/site-packages/airflow/example_dags/example_setup_teardown.py
[2024-07-02T11:56:34.746+0000] {processor.py:840} INFO - DAG(s) 'example_setup_teardown' retrieved from /home/airflow/.local/lib/python3.12/site-packages/airflow/example_dags/example_setup_teardown.py
[2024-07-02T11:56:34.764+0000] {logging_mixin.py:188} INFO - [2024-07-02T11:56:34.764+0000] {dag.py:3096} INFO - Sync 1 DAGs
[2024-07-02T11:56:34.783+0000] {logging_mixin.py:188} INFO - [2024-07-02T11:56:34.783+0000] {dag.py:3954} INFO - Setting next_dagrun for example_setup_teardown to 2024-07-01 00:00:00+00:00, run_after=2024-07-02 00:00:00+00:00
[2024-07-02T11:56:34.800+0000] {processor.py:183} INFO - Processing /home/airflow/.local/lib/python3.12/site-packages/airflow/example_dags/example_setup_teardown.py took 0.068 seconds
[2024-07-02T11:57:05.379+0000] {processor.py:161} INFO - Started process (PID=1126) to work on /home/airflow/.local/lib/python3.12/site-packages/airflow/example_dags/example_setup_teardown.py
[2024-07-02T11:57:05.380+0000] {processor.py:830} INFO - Processing file /home/airflow/.local/lib/python3.12/site-packages/airflow/example_dags/example_setup_teardown.py for tasks to queue
[2024-07-02T11:57:05.381+0000] {logging_mixin.py:188} INFO - [2024-07-02T11:57:05.381+0000] {dagbag.py:545} INFO - Filling up the DagBag from /home/airflow/.local/lib/python3.12/site-packages/airflow/example_dags/example_setup_teardown.py
[2024-07-02T11:57:05.388+0000] {processor.py:840} INFO - DAG(s) 'example_setup_teardown' retrieved from /home/airflow/.local/lib/python3.12/site-packages/airflow/example_dags/example_setup_teardown.py
[2024-07-02T11:57:05.407+0000] {logging_mixin.py:188} INFO - [2024-07-02T11:57:05.407+0000] {dag.py:3096} INFO - Sync 1 DAGs
[2024-07-02T11:57:05.429+0000] {logging_mixin.py:188} INFO - [2024-07-02T11:57:05.429+0000] {dag.py:3954} INFO - Setting next_dagrun for example_setup_teardown to 2024-07-01 00:00:00+00:00, run_after=2024-07-02 00:00:00+00:00
[2024-07-02T11:57:05.455+0000] {processor.py:183} INFO - Processing /home/airflow/.local/lib/python3.12/site-packages/airflow/example_dags/example_setup_teardown.py took 0.083 seconds
[2024-07-02T11:57:36.408+0000] {processor.py:161} INFO - Started process (PID=1189) to work on /home/airflow/.local/lib/python3.12/site-packages/airflow/example_dags/example_setup_teardown.py
[2024-07-02T11:57:36.410+0000] {processor.py:830} INFO - Processing file /home/airflow/.local/lib/python3.12/site-packages/airflow/example_dags/example_setup_teardown.py for tasks to queue
[2024-07-02T11:57:36.411+0000] {logging_mixin.py:188} INFO - [2024-07-02T11:57:36.411+0000] {dagbag.py:545} INFO - Filling up the DagBag from /home/airflow/.local/lib/python3.12/site-packages/airflow/example_dags/example_setup_teardown.py
[2024-07-02T11:57:36.417+0000] {processor.py:840} INFO - DAG(s) 'example_setup_teardown' retrieved from /home/airflow/.local/lib/python3.12/site-packages/airflow/example_dags/example_setup_teardown.py
[2024-07-02T11:57:36.435+0000] {logging_mixin.py:188} INFO - [2024-07-02T11:57:36.435+0000] {dag.py:3096} INFO - Sync 1 DAGs
[2024-07-02T11:57:36.455+0000] {logging_mixin.py:188} INFO - [2024-07-02T11:57:36.455+0000] {dag.py:3954} INFO - Setting next_dagrun for example_setup_teardown to 2024-07-01 00:00:00+00:00, run_after=2024-07-02 00:00:00+00:00
[2024-07-02T11:57:36.479+0000] {processor.py:183} INFO - Processing /home/airflow/.local/lib/python3.12/site-packages/airflow/example_dags/example_setup_teardown.py took 0.076 seconds
[2024-07-02T11:58:07.181+0000] {processor.py:161} INFO - Started process (PID=1252) to work on /home/airflow/.local/lib/python3.12/site-packages/airflow/example_dags/example_setup_teardown.py
[2024-07-02T11:58:07.182+0000] {processor.py:830} INFO - Processing file /home/airflow/.local/lib/python3.12/site-packages/airflow/example_dags/example_setup_teardown.py for tasks to queue
[2024-07-02T11:58:07.184+0000] {logging_mixin.py:188} INFO - [2024-07-02T11:58:07.183+0000] {dagbag.py:545} INFO - Filling up the DagBag from /home/airflow/.local/lib/python3.12/site-packages/airflow/example_dags/example_setup_teardown.py
[2024-07-02T11:58:07.189+0000] {processor.py:840} INFO - DAG(s) 'example_setup_teardown' retrieved from /home/airflow/.local/lib/python3.12/site-packages/airflow/example_dags/example_setup_teardown.py
[2024-07-02T11:58:07.208+0000] {logging_mixin.py:188} INFO - [2024-07-02T11:58:07.208+0000] {dag.py:3096} INFO - Sync 1 DAGs
[2024-07-02T11:58:07.227+0000] {logging_mixin.py:188} INFO - [2024-07-02T11:58:07.226+0000] {dag.py:3954} INFO - Setting next_dagrun for example_setup_teardown to 2024-07-01 00:00:00+00:00, run_after=2024-07-02 00:00:00+00:00
[2024-07-02T11:58:07.247+0000] {processor.py:183} INFO - Processing /home/airflow/.local/lib/python3.12/site-packages/airflow/example_dags/example_setup_teardown.py took 0.072 seconds
[2024-07-02T11:58:37.843+0000] {processor.py:161} INFO - Started process (PID=1315) to work on /home/airflow/.local/lib/python3.12/site-packages/airflow/example_dags/example_setup_teardown.py
[2024-07-02T11:58:37.844+0000] {processor.py:830} INFO - Processing file /home/airflow/.local/lib/python3.12/site-packages/airflow/example_dags/example_setup_teardown.py for tasks to queue
[2024-07-02T11:58:37.846+0000] {logging_mixin.py:188} INFO - [2024-07-02T11:58:37.845+0000] {dagbag.py:545} INFO - Filling up the DagBag from /home/airflow/.local/lib/python3.12/site-packages/airflow/example_dags/example_setup_teardown.py
[2024-07-02T11:58:37.853+0000] {processor.py:840} INFO - DAG(s) 'example_setup_teardown' retrieved from /home/airflow/.local/lib/python3.12/site-packages/airflow/example_dags/example_setup_teardown.py
[2024-07-02T11:58:37.870+0000] {logging_mixin.py:188} INFO - [2024-07-02T11:58:37.870+0000] {dag.py:3096} INFO - Sync 1 DAGs
[2024-07-02T11:58:37.889+0000] {logging_mixin.py:188} INFO - [2024-07-02T11:58:37.889+0000] {dag.py:3954} INFO - Setting next_dagrun for example_setup_teardown to 2024-07-01 00:00:00+00:00, run_after=2024-07-02 00:00:00+00:00
[2024-07-02T11:58:37.912+0000] {processor.py:183} INFO - Processing /home/airflow/.local/lib/python3.12/site-packages/airflow/example_dags/example_setup_teardown.py took 0.075 seconds
[2024-07-02T11:59:08.449+0000] {processor.py:161} INFO - Started process (PID=1378) to work on /home/airflow/.local/lib/python3.12/site-packages/airflow/example_dags/example_setup_teardown.py
[2024-07-02T11:59:08.450+0000] {processor.py:830} INFO - Processing file /home/airflow/.local/lib/python3.12/site-packages/airflow/example_dags/example_setup_teardown.py for tasks to queue
[2024-07-02T11:59:08.452+0000] {logging_mixin.py:188} INFO - [2024-07-02T11:59:08.451+0000] {dagbag.py:545} INFO - Filling up the DagBag from /home/airflow/.local/lib/python3.12/site-packages/airflow/example_dags/example_setup_teardown.py
[2024-07-02T11:59:08.457+0000] {processor.py:840} INFO - DAG(s) 'example_setup_teardown' retrieved from /home/airflow/.local/lib/python3.12/site-packages/airflow/example_dags/example_setup_teardown.py
[2024-07-02T11:59:08.473+0000] {logging_mixin.py:188} INFO - [2024-07-02T11:59:08.473+0000] {dag.py:3096} INFO - Sync 1 DAGs
[2024-07-02T11:59:08.488+0000] {logging_mixin.py:188} INFO - [2024-07-02T11:59:08.488+0000] {dag.py:3954} INFO - Setting next_dagrun for example_setup_teardown to 2024-07-01 00:00:00+00:00, run_after=2024-07-02 00:00:00+00:00
[2024-07-02T11:59:08.508+0000] {processor.py:183} INFO - Processing /home/airflow/.local/lib/python3.12/site-packages/airflow/example_dags/example_setup_teardown.py took 0.064 seconds
[2024-07-02T11:59:39.687+0000] {processor.py:161} INFO - Started process (PID=1441) to work on /home/airflow/.local/lib/python3.12/site-packages/airflow/example_dags/example_setup_teardown.py
[2024-07-02T11:59:39.689+0000] {processor.py:830} INFO - Processing file /home/airflow/.local/lib/python3.12/site-packages/airflow/example_dags/example_setup_teardown.py for tasks to queue
[2024-07-02T11:59:39.690+0000] {logging_mixin.py:188} INFO - [2024-07-02T11:59:39.690+0000] {dagbag.py:545} INFO - Filling up the DagBag from /home/airflow/.local/lib/python3.12/site-packages/airflow/example_dags/example_setup_teardown.py
[2024-07-02T11:59:39.696+0000] {processor.py:840} INFO - DAG(s) 'example_setup_teardown' retrieved from /home/airflow/.local/lib/python3.12/site-packages/airflow/example_dags/example_setup_teardown.py
[2024-07-02T11:59:39.714+0000] {logging_mixin.py:188} INFO - [2024-07-02T11:59:39.714+0000] {dag.py:3096} INFO - Sync 1 DAGs
[2024-07-02T11:59:39.730+0000] {logging_mixin.py:188} INFO - [2024-07-02T11:59:39.729+0000] {dag.py:3954} INFO - Setting next_dagrun for example_setup_teardown to 2024-07-01 00:00:00+00:00, run_after=2024-07-02 00:00:00+00:00
[2024-07-02T11:59:39.750+0000] {processor.py:183} INFO - Processing /home/airflow/.local/lib/python3.12/site-packages/airflow/example_dags/example_setup_teardown.py took 0.068 seconds
[2024-07-02T12:00:10.376+0000] {processor.py:161} INFO - Started process (PID=1504) to work on /home/airflow/.local/lib/python3.12/site-packages/airflow/example_dags/example_setup_teardown.py
[2024-07-02T12:00:10.378+0000] {processor.py:830} INFO - Processing file /home/airflow/.local/lib/python3.12/site-packages/airflow/example_dags/example_setup_teardown.py for tasks to queue
[2024-07-02T12:00:10.379+0000] {logging_mixin.py:188} INFO - [2024-07-02T12:00:10.378+0000] {dagbag.py:545} INFO - Filling up the DagBag from /home/airflow/.local/lib/python3.12/site-packages/airflow/example_dags/example_setup_teardown.py
[2024-07-02T12:00:10.385+0000] {processor.py:840} INFO - DAG(s) 'example_setup_teardown' retrieved from /home/airflow/.local/lib/python3.12/site-packages/airflow/example_dags/example_setup_teardown.py
[2024-07-02T12:00:10.403+0000] {logging_mixin.py:188} INFO - [2024-07-02T12:00:10.403+0000] {dag.py:3096} INFO - Sync 1 DAGs
[2024-07-02T12:00:10.421+0000] {logging_mixin.py:188} INFO - [2024-07-02T12:00:10.421+0000] {dag.py:3954} INFO - Setting next_dagrun for example_setup_teardown to 2024-07-01 00:00:00+00:00, run_after=2024-07-02 00:00:00+00:00
[2024-07-02T12:00:10.442+0000] {processor.py:183} INFO - Processing /home/airflow/.local/lib/python3.12/site-packages/airflow/example_dags/example_setup_teardown.py took 0.072 seconds
[2024-07-02T12:00:41.679+0000] {processor.py:161} INFO - Started process (PID=1567) to work on /home/airflow/.local/lib/python3.12/site-packages/airflow/example_dags/example_setup_teardown.py
[2024-07-02T12:00:41.680+0000] {processor.py:830} INFO - Processing file /home/airflow/.local/lib/python3.12/site-packages/airflow/example_dags/example_setup_teardown.py for tasks to queue
[2024-07-02T12:00:41.681+0000] {logging_mixin.py:188} INFO - [2024-07-02T12:00:41.681+0000] {dagbag.py:545} INFO - Filling up the DagBag from /home/airflow/.local/lib/python3.12/site-packages/airflow/example_dags/example_setup_teardown.py
[2024-07-02T12:00:41.688+0000] {processor.py:840} INFO - DAG(s) 'example_setup_teardown' retrieved from /home/airflow/.local/lib/python3.12/site-packages/airflow/example_dags/example_setup_teardown.py
[2024-07-02T12:00:41.707+0000] {logging_mixin.py:188} INFO - [2024-07-02T12:00:41.707+0000] {dag.py:3096} INFO - Sync 1 DAGs
[2024-07-02T12:00:41.726+0000] {logging_mixin.py:188} INFO - [2024-07-02T12:00:41.726+0000] {dag.py:3954} INFO - Setting next_dagrun for example_setup_teardown to 2024-07-01 00:00:00+00:00, run_after=2024-07-02 00:00:00+00:00
[2024-07-02T12:00:41.749+0000] {processor.py:183} INFO - Processing /home/airflow/.local/lib/python3.12/site-packages/airflow/example_dags/example_setup_teardown.py took 0.077 seconds
[2024-07-02T12:01:12.278+0000] {processor.py:161} INFO - Started process (PID=1630) to work on /home/airflow/.local/lib/python3.12/site-packages/airflow/example_dags/example_setup_teardown.py
[2024-07-02T12:01:12.280+0000] {processor.py:830} INFO - Processing file /home/airflow/.local/lib/python3.12/site-packages/airflow/example_dags/example_setup_teardown.py for tasks to queue
[2024-07-02T12:01:12.283+0000] {logging_mixin.py:188} INFO - [2024-07-02T12:01:12.282+0000] {dagbag.py:545} INFO - Filling up the DagBag from /home/airflow/.local/lib/python3.12/site-packages/airflow/example_dags/example_setup_teardown.py
[2024-07-02T12:01:12.292+0000] {processor.py:840} INFO - DAG(s) 'example_setup_teardown' retrieved from /home/airflow/.local/lib/python3.12/site-packages/airflow/example_dags/example_setup_teardown.py
[2024-07-02T12:01:12.313+0000] {logging_mixin.py:188} INFO - [2024-07-02T12:01:12.313+0000] {dag.py:3096} INFO - Sync 1 DAGs
[2024-07-02T12:01:12.337+0000] {logging_mixin.py:188} INFO - [2024-07-02T12:01:12.337+0000] {dag.py:3954} INFO - Setting next_dagrun for example_setup_teardown to 2024-07-01 00:00:00+00:00, run_after=2024-07-02 00:00:00+00:00
[2024-07-02T12:01:12.363+0000] {processor.py:183} INFO - Processing /home/airflow/.local/lib/python3.12/site-packages/airflow/example_dags/example_setup_teardown.py took 0.093 seconds
[2024-07-02T12:01:43.517+0000] {processor.py:161} INFO - Started process (PID=1693) to work on /home/airflow/.local/lib/python3.12/site-packages/airflow/example_dags/example_setup_teardown.py
[2024-07-02T12:01:43.518+0000] {processor.py:830} INFO - Processing file /home/airflow/.local/lib/python3.12/site-packages/airflow/example_dags/example_setup_teardown.py for tasks to queue
[2024-07-02T12:01:43.519+0000] {logging_mixin.py:188} INFO - [2024-07-02T12:01:43.519+0000] {dagbag.py:545} INFO - Filling up the DagBag from /home/airflow/.local/lib/python3.12/site-packages/airflow/example_dags/example_setup_teardown.py
[2024-07-02T12:01:43.525+0000] {processor.py:840} INFO - DAG(s) 'example_setup_teardown' retrieved from /home/airflow/.local/lib/python3.12/site-packages/airflow/example_dags/example_setup_teardown.py
[2024-07-02T12:01:43.642+0000] {logging_mixin.py:188} INFO - [2024-07-02T12:01:43.642+0000] {dag.py:3096} INFO - Sync 1 DAGs
[2024-07-02T12:01:43.656+0000] {logging_mixin.py:188} INFO - [2024-07-02T12:01:43.656+0000] {dag.py:3954} INFO - Setting next_dagrun for example_setup_teardown to 2024-07-01 00:00:00+00:00, run_after=2024-07-02 00:00:00+00:00
[2024-07-02T12:01:43.673+0000] {processor.py:183} INFO - Processing /home/airflow/.local/lib/python3.12/site-packages/airflow/example_dags/example_setup_teardown.py took 0.162 seconds
[2024-07-02T12:02:14.048+0000] {processor.py:161} INFO - Started process (PID=1756) to work on /home/airflow/.local/lib/python3.12/site-packages/airflow/example_dags/example_setup_teardown.py
[2024-07-02T12:02:14.049+0000] {processor.py:830} INFO - Processing file /home/airflow/.local/lib/python3.12/site-packages/airflow/example_dags/example_setup_teardown.py for tasks to queue
[2024-07-02T12:02:14.050+0000] {logging_mixin.py:188} INFO - [2024-07-02T12:02:14.049+0000] {dagbag.py:545} INFO - Filling up the DagBag from /home/airflow/.local/lib/python3.12/site-packages/airflow/example_dags/example_setup_teardown.py
[2024-07-02T12:02:14.055+0000] {processor.py:840} INFO - DAG(s) 'example_setup_teardown' retrieved from /home/airflow/.local/lib/python3.12/site-packages/airflow/example_dags/example_setup_teardown.py
[2024-07-02T12:02:14.072+0000] {logging_mixin.py:188} INFO - [2024-07-02T12:02:14.072+0000] {dag.py:3096} INFO - Sync 1 DAGs
[2024-07-02T12:02:14.091+0000] {logging_mixin.py:188} INFO - [2024-07-02T12:02:14.090+0000] {dag.py:3954} INFO - Setting next_dagrun for example_setup_teardown to 2024-07-01 00:00:00+00:00, run_after=2024-07-02 00:00:00+00:00
[2024-07-02T12:02:14.112+0000] {processor.py:183} INFO - Processing /home/airflow/.local/lib/python3.12/site-packages/airflow/example_dags/example_setup_teardown.py took 0.073 seconds
[2024-07-02T12:02:44.513+0000] {processor.py:161} INFO - Started process (PID=1819) to work on /home/airflow/.local/lib/python3.12/site-packages/airflow/example_dags/example_setup_teardown.py
[2024-07-02T12:02:44.514+0000] {processor.py:830} INFO - Processing file /home/airflow/.local/lib/python3.12/site-packages/airflow/example_dags/example_setup_teardown.py for tasks to queue
[2024-07-02T12:02:44.515+0000] {logging_mixin.py:188} INFO - [2024-07-02T12:02:44.515+0000] {dagbag.py:545} INFO - Filling up the DagBag from /home/airflow/.local/lib/python3.12/site-packages/airflow/example_dags/example_setup_teardown.py
[2024-07-02T12:02:44.524+0000] {processor.py:840} INFO - DAG(s) 'example_setup_teardown' retrieved from /home/airflow/.local/lib/python3.12/site-packages/airflow/example_dags/example_setup_teardown.py
[2024-07-02T12:02:44.544+0000] {logging_mixin.py:188} INFO - [2024-07-02T12:02:44.544+0000] {dag.py:3096} INFO - Sync 1 DAGs
[2024-07-02T12:02:44.564+0000] {logging_mixin.py:188} INFO - [2024-07-02T12:02:44.564+0000] {dag.py:3954} INFO - Setting next_dagrun for example_setup_teardown to 2024-07-01 00:00:00+00:00, run_after=2024-07-02 00:00:00+00:00
[2024-07-02T12:02:44.585+0000] {processor.py:183} INFO - Processing /home/airflow/.local/lib/python3.12/site-packages/airflow/example_dags/example_setup_teardown.py took 0.081 seconds
[2024-07-02T12:03:14.989+0000] {processor.py:161} INFO - Started process (PID=1882) to work on /home/airflow/.local/lib/python3.12/site-packages/airflow/example_dags/example_setup_teardown.py
[2024-07-02T12:03:14.990+0000] {processor.py:830} INFO - Processing file /home/airflow/.local/lib/python3.12/site-packages/airflow/example_dags/example_setup_teardown.py for tasks to queue
[2024-07-02T12:03:14.991+0000] {logging_mixin.py:188} INFO - [2024-07-02T12:03:14.991+0000] {dagbag.py:545} INFO - Filling up the DagBag from /home/airflow/.local/lib/python3.12/site-packages/airflow/example_dags/example_setup_teardown.py
[2024-07-02T12:03:14.997+0000] {processor.py:840} INFO - DAG(s) 'example_setup_teardown' retrieved from /home/airflow/.local/lib/python3.12/site-packages/airflow/example_dags/example_setup_teardown.py
[2024-07-02T12:03:15.015+0000] {logging_mixin.py:188} INFO - [2024-07-02T12:03:15.015+0000] {dag.py:3096} INFO - Sync 1 DAGs
[2024-07-02T12:03:15.034+0000] {logging_mixin.py:188} INFO - [2024-07-02T12:03:15.034+0000] {dag.py:3954} INFO - Setting next_dagrun for example_setup_teardown to 2024-07-01 00:00:00+00:00, run_after=2024-07-02 00:00:00+00:00
[2024-07-02T12:03:15.056+0000] {processor.py:183} INFO - Processing /home/airflow/.local/lib/python3.12/site-packages/airflow/example_dags/example_setup_teardown.py took 0.076 seconds
[2024-07-02T12:03:46.064+0000] {processor.py:161} INFO - Started process (PID=1945) to work on /home/airflow/.local/lib/python3.12/site-packages/airflow/example_dags/example_setup_teardown.py
[2024-07-02T12:03:46.066+0000] {processor.py:830} INFO - Processing file /home/airflow/.local/lib/python3.12/site-packages/airflow/example_dags/example_setup_teardown.py for tasks to queue
[2024-07-02T12:03:46.067+0000] {logging_mixin.py:188} INFO - [2024-07-02T12:03:46.067+0000] {dagbag.py:545} INFO - Filling up the DagBag from /home/airflow/.local/lib/python3.12/site-packages/airflow/example_dags/example_setup_teardown.py
[2024-07-02T12:03:46.074+0000] {processor.py:840} INFO - DAG(s) 'example_setup_teardown' retrieved from /home/airflow/.local/lib/python3.12/site-packages/airflow/example_dags/example_setup_teardown.py
[2024-07-02T12:03:46.093+0000] {logging_mixin.py:188} INFO - [2024-07-02T12:03:46.092+0000] {dag.py:3096} INFO - Sync 1 DAGs
[2024-07-02T12:03:46.112+0000] {logging_mixin.py:188} INFO - [2024-07-02T12:03:46.112+0000] {dag.py:3954} INFO - Setting next_dagrun for example_setup_teardown to 2024-07-01 00:00:00+00:00, run_after=2024-07-02 00:00:00+00:00
[2024-07-02T12:03:46.134+0000] {processor.py:183} INFO - Processing /home/airflow/.local/lib/python3.12/site-packages/airflow/example_dags/example_setup_teardown.py took 0.079 seconds
[2024-07-02T12:04:16.563+0000] {processor.py:161} INFO - Started process (PID=2008) to work on /home/airflow/.local/lib/python3.12/site-packages/airflow/example_dags/example_setup_teardown.py
[2024-07-02T12:04:16.564+0000] {processor.py:830} INFO - Processing file /home/airflow/.local/lib/python3.12/site-packages/airflow/example_dags/example_setup_teardown.py for tasks to queue
[2024-07-02T12:04:16.565+0000] {logging_mixin.py:188} INFO - [2024-07-02T12:04:16.565+0000] {dagbag.py:545} INFO - Filling up the DagBag from /home/airflow/.local/lib/python3.12/site-packages/airflow/example_dags/example_setup_teardown.py
[2024-07-02T12:04:16.572+0000] {processor.py:840} INFO - DAG(s) 'example_setup_teardown' retrieved from /home/airflow/.local/lib/python3.12/site-packages/airflow/example_dags/example_setup_teardown.py
[2024-07-02T12:04:16.591+0000] {logging_mixin.py:188} INFO - [2024-07-02T12:04:16.591+0000] {dag.py:3096} INFO - Sync 1 DAGs
[2024-07-02T12:04:16.611+0000] {logging_mixin.py:188} INFO - [2024-07-02T12:04:16.611+0000] {dag.py:3954} INFO - Setting next_dagrun for example_setup_teardown to 2024-07-01 00:00:00+00:00, run_after=2024-07-02 00:00:00+00:00
[2024-07-02T12:04:16.628+0000] {processor.py:183} INFO - Processing /home/airflow/.local/lib/python3.12/site-packages/airflow/example_dags/example_setup_teardown.py took 0.075 seconds
[2024-07-02T12:04:47.005+0000] {processor.py:161} INFO - Started process (PID=2070) to work on /home/airflow/.local/lib/python3.12/site-packages/airflow/example_dags/example_setup_teardown.py
[2024-07-02T12:04:47.006+0000] {processor.py:830} INFO - Processing file /home/airflow/.local/lib/python3.12/site-packages/airflow/example_dags/example_setup_teardown.py for tasks to queue
[2024-07-02T12:04:47.007+0000] {logging_mixin.py:188} INFO - [2024-07-02T12:04:47.007+0000] {dagbag.py:545} INFO - Filling up the DagBag from /home/airflow/.local/lib/python3.12/site-packages/airflow/example_dags/example_setup_teardown.py
[2024-07-02T12:04:47.014+0000] {processor.py:840} INFO - DAG(s) 'example_setup_teardown' retrieved from /home/airflow/.local/lib/python3.12/site-packages/airflow/example_dags/example_setup_teardown.py
[2024-07-02T12:04:47.032+0000] {logging_mixin.py:188} INFO - [2024-07-02T12:04:47.031+0000] {dag.py:3096} INFO - Sync 1 DAGs
[2024-07-02T12:04:47.051+0000] {logging_mixin.py:188} INFO - [2024-07-02T12:04:47.050+0000] {dag.py:3954} INFO - Setting next_dagrun for example_setup_teardown to 2024-07-01 00:00:00+00:00, run_after=2024-07-02 00:00:00+00:00
[2024-07-02T12:04:47.075+0000] {processor.py:183} INFO - Processing /home/airflow/.local/lib/python3.12/site-packages/airflow/example_dags/example_setup_teardown.py took 0.079 seconds
[2024-07-02T12:05:17.820+0000] {processor.py:161} INFO - Started process (PID=2133) to work on /home/airflow/.local/lib/python3.12/site-packages/airflow/example_dags/example_setup_teardown.py
[2024-07-02T12:05:17.821+0000] {processor.py:830} INFO - Processing file /home/airflow/.local/lib/python3.12/site-packages/airflow/example_dags/example_setup_teardown.py for tasks to queue
[2024-07-02T12:05:17.822+0000] {logging_mixin.py:188} INFO - [2024-07-02T12:05:17.822+0000] {dagbag.py:545} INFO - Filling up the DagBag from /home/airflow/.local/lib/python3.12/site-packages/airflow/example_dags/example_setup_teardown.py
[2024-07-02T12:05:17.828+0000] {processor.py:840} INFO - DAG(s) 'example_setup_teardown' retrieved from /home/airflow/.local/lib/python3.12/site-packages/airflow/example_dags/example_setup_teardown.py
[2024-07-02T12:05:17.846+0000] {logging_mixin.py:188} INFO - [2024-07-02T12:05:17.846+0000] {dag.py:3096} INFO - Sync 1 DAGs
[2024-07-02T12:05:17.864+0000] {logging_mixin.py:188} INFO - [2024-07-02T12:05:17.864+0000] {dag.py:3954} INFO - Setting next_dagrun for example_setup_teardown to 2024-07-01 00:00:00+00:00, run_after=2024-07-02 00:00:00+00:00
[2024-07-02T12:05:17.883+0000] {processor.py:183} INFO - Processing /home/airflow/.local/lib/python3.12/site-packages/airflow/example_dags/example_setup_teardown.py took 0.070 seconds
[2024-07-02T12:07:42.324+0000] {processor.py:161} INFO - Started process (PID=41) to work on /home/airflow/.local/lib/python3.12/site-packages/airflow/example_dags/example_setup_teardown.py
[2024-07-02T12:07:42.327+0000] {processor.py:830} INFO - Processing file /home/airflow/.local/lib/python3.12/site-packages/airflow/example_dags/example_setup_teardown.py for tasks to queue
[2024-07-02T12:07:42.329+0000] {logging_mixin.py:188} INFO - [2024-07-02T12:07:42.329+0000] {dagbag.py:545} INFO - Filling up the DagBag from /home/airflow/.local/lib/python3.12/site-packages/airflow/example_dags/example_setup_teardown.py
[2024-07-02T12:07:42.338+0000] {processor.py:840} INFO - DAG(s) 'example_setup_teardown' retrieved from /home/airflow/.local/lib/python3.12/site-packages/airflow/example_dags/example_setup_teardown.py
[2024-07-02T12:07:42.351+0000] {logging_mixin.py:188} INFO - [2024-07-02T12:07:42.351+0000] {dag.py:3096} INFO - Sync 1 DAGs
[2024-07-02T12:07:42.374+0000] {logging_mixin.py:188} INFO - [2024-07-02T12:07:42.374+0000] {dag.py:3954} INFO - Setting next_dagrun for example_setup_teardown to 2024-07-01 00:00:00+00:00, run_after=2024-07-02 00:00:00+00:00
[2024-07-02T12:07:42.400+0000] {processor.py:183} INFO - Processing /home/airflow/.local/lib/python3.12/site-packages/airflow/example_dags/example_setup_teardown.py took 0.082 seconds
[2024-07-02T12:08:13.044+0000] {processor.py:161} INFO - Started process (PID=104) to work on /home/airflow/.local/lib/python3.12/site-packages/airflow/example_dags/example_setup_teardown.py
[2024-07-02T12:08:13.045+0000] {processor.py:830} INFO - Processing file /home/airflow/.local/lib/python3.12/site-packages/airflow/example_dags/example_setup_teardown.py for tasks to queue
[2024-07-02T12:08:13.047+0000] {logging_mixin.py:188} INFO - [2024-07-02T12:08:13.047+0000] {dagbag.py:545} INFO - Filling up the DagBag from /home/airflow/.local/lib/python3.12/site-packages/airflow/example_dags/example_setup_teardown.py
[2024-07-02T12:08:13.053+0000] {processor.py:840} INFO - DAG(s) 'example_setup_teardown' retrieved from /home/airflow/.local/lib/python3.12/site-packages/airflow/example_dags/example_setup_teardown.py
[2024-07-02T12:08:13.134+0000] {logging_mixin.py:188} INFO - [2024-07-02T12:08:13.134+0000] {dag.py:3096} INFO - Sync 1 DAGs
[2024-07-02T12:08:13.150+0000] {logging_mixin.py:188} INFO - [2024-07-02T12:08:13.150+0000] {dag.py:3954} INFO - Setting next_dagrun for example_setup_teardown to 2024-07-01 00:00:00+00:00, run_after=2024-07-02 00:00:00+00:00
[2024-07-02T12:08:13.176+0000] {processor.py:183} INFO - Processing /home/airflow/.local/lib/python3.12/site-packages/airflow/example_dags/example_setup_teardown.py took 0.137 seconds
[2024-07-02T12:08:44.301+0000] {processor.py:161} INFO - Started process (PID=167) to work on /home/airflow/.local/lib/python3.12/site-packages/airflow/example_dags/example_setup_teardown.py
[2024-07-02T12:08:44.302+0000] {processor.py:830} INFO - Processing file /home/airflow/.local/lib/python3.12/site-packages/airflow/example_dags/example_setup_teardown.py for tasks to queue
[2024-07-02T12:08:44.304+0000] {logging_mixin.py:188} INFO - [2024-07-02T12:08:44.304+0000] {dagbag.py:545} INFO - Filling up the DagBag from /home/airflow/.local/lib/python3.12/site-packages/airflow/example_dags/example_setup_teardown.py
[2024-07-02T12:08:44.310+0000] {processor.py:840} INFO - DAG(s) 'example_setup_teardown' retrieved from /home/airflow/.local/lib/python3.12/site-packages/airflow/example_dags/example_setup_teardown.py
[2024-07-02T12:08:44.330+0000] {logging_mixin.py:188} INFO - [2024-07-02T12:08:44.329+0000] {dag.py:3096} INFO - Sync 1 DAGs
[2024-07-02T12:08:44.349+0000] {logging_mixin.py:188} INFO - [2024-07-02T12:08:44.349+0000] {dag.py:3954} INFO - Setting next_dagrun for example_setup_teardown to 2024-07-01 00:00:00+00:00, run_after=2024-07-02 00:00:00+00:00
[2024-07-02T12:08:44.368+0000] {processor.py:183} INFO - Processing /home/airflow/.local/lib/python3.12/site-packages/airflow/example_dags/example_setup_teardown.py took 0.072 seconds
[2024-07-02T12:09:15.157+0000] {processor.py:161} INFO - Started process (PID=230) to work on /home/airflow/.local/lib/python3.12/site-packages/airflow/example_dags/example_setup_teardown.py
[2024-07-02T12:09:15.158+0000] {processor.py:830} INFO - Processing file /home/airflow/.local/lib/python3.12/site-packages/airflow/example_dags/example_setup_teardown.py for tasks to queue
[2024-07-02T12:09:15.160+0000] {logging_mixin.py:188} INFO - [2024-07-02T12:09:15.160+0000] {dagbag.py:545} INFO - Filling up the DagBag from /home/airflow/.local/lib/python3.12/site-packages/airflow/example_dags/example_setup_teardown.py
[2024-07-02T12:09:15.165+0000] {processor.py:840} INFO - DAG(s) 'example_setup_teardown' retrieved from /home/airflow/.local/lib/python3.12/site-packages/airflow/example_dags/example_setup_teardown.py
[2024-07-02T12:09:15.178+0000] {logging_mixin.py:188} INFO - [2024-07-02T12:09:15.177+0000] {dag.py:3096} INFO - Sync 1 DAGs
[2024-07-02T12:09:15.197+0000] {logging_mixin.py:188} INFO - [2024-07-02T12:09:15.197+0000] {dag.py:3954} INFO - Setting next_dagrun for example_setup_teardown to 2024-07-01 00:00:00+00:00, run_after=2024-07-02 00:00:00+00:00
[2024-07-02T12:09:15.216+0000] {processor.py:183} INFO - Processing /home/airflow/.local/lib/python3.12/site-packages/airflow/example_dags/example_setup_teardown.py took 0.064 seconds
[2024-07-02T12:09:46.146+0000] {processor.py:161} INFO - Started process (PID=293) to work on /home/airflow/.local/lib/python3.12/site-packages/airflow/example_dags/example_setup_teardown.py
[2024-07-02T12:09:46.148+0000] {processor.py:830} INFO - Processing file /home/airflow/.local/lib/python3.12/site-packages/airflow/example_dags/example_setup_teardown.py for tasks to queue
[2024-07-02T12:09:46.150+0000] {logging_mixin.py:188} INFO - [2024-07-02T12:09:46.149+0000] {dagbag.py:545} INFO - Filling up the DagBag from /home/airflow/.local/lib/python3.12/site-packages/airflow/example_dags/example_setup_teardown.py
[2024-07-02T12:09:46.157+0000] {processor.py:840} INFO - DAG(s) 'example_setup_teardown' retrieved from /home/airflow/.local/lib/python3.12/site-packages/airflow/example_dags/example_setup_teardown.py
[2024-07-02T12:09:46.254+0000] {logging_mixin.py:188} INFO - [2024-07-02T12:09:46.254+0000] {dag.py:3096} INFO - Sync 1 DAGs
[2024-07-02T12:09:46.274+0000] {logging_mixin.py:188} INFO - [2024-07-02T12:09:46.274+0000] {dag.py:3954} INFO - Setting next_dagrun for example_setup_teardown to 2024-07-01 00:00:00+00:00, run_after=2024-07-02 00:00:00+00:00
[2024-07-02T12:09:46.296+0000] {processor.py:183} INFO - Processing /home/airflow/.local/lib/python3.12/site-packages/airflow/example_dags/example_setup_teardown.py took 0.157 seconds
[2024-07-02T12:10:16.795+0000] {processor.py:161} INFO - Started process (PID=356) to work on /home/airflow/.local/lib/python3.12/site-packages/airflow/example_dags/example_setup_teardown.py
[2024-07-02T12:10:16.796+0000] {processor.py:830} INFO - Processing file /home/airflow/.local/lib/python3.12/site-packages/airflow/example_dags/example_setup_teardown.py for tasks to queue
[2024-07-02T12:10:16.798+0000] {logging_mixin.py:188} INFO - [2024-07-02T12:10:16.798+0000] {dagbag.py:545} INFO - Filling up the DagBag from /home/airflow/.local/lib/python3.12/site-packages/airflow/example_dags/example_setup_teardown.py
[2024-07-02T12:10:16.806+0000] {processor.py:840} INFO - DAG(s) 'example_setup_teardown' retrieved from /home/airflow/.local/lib/python3.12/site-packages/airflow/example_dags/example_setup_teardown.py
[2024-07-02T12:10:16.830+0000] {logging_mixin.py:188} INFO - [2024-07-02T12:10:16.830+0000] {dag.py:3096} INFO - Sync 1 DAGs
[2024-07-02T12:10:16.853+0000] {logging_mixin.py:188} INFO - [2024-07-02T12:10:16.853+0000] {dag.py:3954} INFO - Setting next_dagrun for example_setup_teardown to 2024-07-01 00:00:00+00:00, run_after=2024-07-02 00:00:00+00:00
[2024-07-02T12:10:16.879+0000] {processor.py:183} INFO - Processing /home/airflow/.local/lib/python3.12/site-packages/airflow/example_dags/example_setup_teardown.py took 0.090 seconds
[2024-07-02T12:10:47.742+0000] {processor.py:161} INFO - Started process (PID=419) to work on /home/airflow/.local/lib/python3.12/site-packages/airflow/example_dags/example_setup_teardown.py
[2024-07-02T12:10:47.743+0000] {processor.py:830} INFO - Processing file /home/airflow/.local/lib/python3.12/site-packages/airflow/example_dags/example_setup_teardown.py for tasks to queue
[2024-07-02T12:10:47.744+0000] {logging_mixin.py:188} INFO - [2024-07-02T12:10:47.744+0000] {dagbag.py:545} INFO - Filling up the DagBag from /home/airflow/.local/lib/python3.12/site-packages/airflow/example_dags/example_setup_teardown.py
[2024-07-02T12:10:47.751+0000] {processor.py:840} INFO - DAG(s) 'example_setup_teardown' retrieved from /home/airflow/.local/lib/python3.12/site-packages/airflow/example_dags/example_setup_teardown.py
[2024-07-02T12:10:47.769+0000] {logging_mixin.py:188} INFO - [2024-07-02T12:10:47.769+0000] {dag.py:3096} INFO - Sync 1 DAGs
[2024-07-02T12:10:47.792+0000] {logging_mixin.py:188} INFO - [2024-07-02T12:10:47.791+0000] {dag.py:3954} INFO - Setting next_dagrun for example_setup_teardown to 2024-07-01 00:00:00+00:00, run_after=2024-07-02 00:00:00+00:00
[2024-07-02T12:10:47.817+0000] {processor.py:183} INFO - Processing /home/airflow/.local/lib/python3.12/site-packages/airflow/example_dags/example_setup_teardown.py took 0.081 seconds
[2024-07-02T12:11:18.355+0000] {processor.py:161} INFO - Started process (PID=483) to work on /home/airflow/.local/lib/python3.12/site-packages/airflow/example_dags/example_setup_teardown.py
[2024-07-02T12:11:18.356+0000] {processor.py:830} INFO - Processing file /home/airflow/.local/lib/python3.12/site-packages/airflow/example_dags/example_setup_teardown.py for tasks to queue
[2024-07-02T12:11:18.358+0000] {logging_mixin.py:188} INFO - [2024-07-02T12:11:18.358+0000] {dagbag.py:545} INFO - Filling up the DagBag from /home/airflow/.local/lib/python3.12/site-packages/airflow/example_dags/example_setup_teardown.py
[2024-07-02T12:11:18.364+0000] {processor.py:840} INFO - DAG(s) 'example_setup_teardown' retrieved from /home/airflow/.local/lib/python3.12/site-packages/airflow/example_dags/example_setup_teardown.py
[2024-07-02T12:11:18.381+0000] {logging_mixin.py:188} INFO - [2024-07-02T12:11:18.381+0000] {dag.py:3096} INFO - Sync 1 DAGs
[2024-07-02T12:11:18.399+0000] {logging_mixin.py:188} INFO - [2024-07-02T12:11:18.399+0000] {dag.py:3954} INFO - Setting next_dagrun for example_setup_teardown to 2024-07-01 00:00:00+00:00, run_after=2024-07-02 00:00:00+00:00
[2024-07-02T12:11:18.417+0000] {processor.py:183} INFO - Processing /home/airflow/.local/lib/python3.12/site-packages/airflow/example_dags/example_setup_teardown.py took 0.067 seconds
[2024-07-02T12:11:49.380+0000] {processor.py:161} INFO - Started process (PID=546) to work on /home/airflow/.local/lib/python3.12/site-packages/airflow/example_dags/example_setup_teardown.py
[2024-07-02T12:11:49.381+0000] {processor.py:830} INFO - Processing file /home/airflow/.local/lib/python3.12/site-packages/airflow/example_dags/example_setup_teardown.py for tasks to queue
[2024-07-02T12:11:49.384+0000] {logging_mixin.py:188} INFO - [2024-07-02T12:11:49.384+0000] {dagbag.py:545} INFO - Filling up the DagBag from /home/airflow/.local/lib/python3.12/site-packages/airflow/example_dags/example_setup_teardown.py
[2024-07-02T12:11:49.392+0000] {processor.py:840} INFO - DAG(s) 'example_setup_teardown' retrieved from /home/airflow/.local/lib/python3.12/site-packages/airflow/example_dags/example_setup_teardown.py
[2024-07-02T12:11:49.418+0000] {logging_mixin.py:188} INFO - [2024-07-02T12:11:49.417+0000] {dag.py:3096} INFO - Sync 1 DAGs
[2024-07-02T12:11:49.446+0000] {logging_mixin.py:188} INFO - [2024-07-02T12:11:49.445+0000] {dag.py:3954} INFO - Setting next_dagrun for example_setup_teardown to 2024-07-01 00:00:00+00:00, run_after=2024-07-02 00:00:00+00:00
[2024-07-02T12:11:49.474+0000] {processor.py:183} INFO - Processing /home/airflow/.local/lib/python3.12/site-packages/airflow/example_dags/example_setup_teardown.py took 0.102 seconds
[2024-07-02T12:12:20.449+0000] {processor.py:161} INFO - Started process (PID=609) to work on /home/airflow/.local/lib/python3.12/site-packages/airflow/example_dags/example_setup_teardown.py
[2024-07-02T12:12:20.450+0000] {processor.py:830} INFO - Processing file /home/airflow/.local/lib/python3.12/site-packages/airflow/example_dags/example_setup_teardown.py for tasks to queue
[2024-07-02T12:12:20.452+0000] {logging_mixin.py:188} INFO - [2024-07-02T12:12:20.451+0000] {dagbag.py:545} INFO - Filling up the DagBag from /home/airflow/.local/lib/python3.12/site-packages/airflow/example_dags/example_setup_teardown.py
[2024-07-02T12:12:20.458+0000] {processor.py:840} INFO - DAG(s) 'example_setup_teardown' retrieved from /home/airflow/.local/lib/python3.12/site-packages/airflow/example_dags/example_setup_teardown.py
[2024-07-02T12:12:20.479+0000] {logging_mixin.py:188} INFO - [2024-07-02T12:12:20.479+0000] {dag.py:3096} INFO - Sync 1 DAGs
[2024-07-02T12:12:20.500+0000] {logging_mixin.py:188} INFO - [2024-07-02T12:12:20.500+0000] {dag.py:3954} INFO - Setting next_dagrun for example_setup_teardown to 2024-07-01 00:00:00+00:00, run_after=2024-07-02 00:00:00+00:00
[2024-07-02T12:12:20.524+0000] {processor.py:183} INFO - Processing /home/airflow/.local/lib/python3.12/site-packages/airflow/example_dags/example_setup_teardown.py took 0.081 seconds
[2024-07-02T12:12:51.943+0000] {processor.py:161} INFO - Started process (PID=672) to work on /home/airflow/.local/lib/python3.12/site-packages/airflow/example_dags/example_setup_teardown.py
[2024-07-02T12:12:51.944+0000] {processor.py:830} INFO - Processing file /home/airflow/.local/lib/python3.12/site-packages/airflow/example_dags/example_setup_teardown.py for tasks to queue
[2024-07-02T12:12:51.946+0000] {logging_mixin.py:188} INFO - [2024-07-02T12:12:51.945+0000] {dagbag.py:545} INFO - Filling up the DagBag from /home/airflow/.local/lib/python3.12/site-packages/airflow/example_dags/example_setup_teardown.py
[2024-07-02T12:12:51.951+0000] {processor.py:840} INFO - DAG(s) 'example_setup_teardown' retrieved from /home/airflow/.local/lib/python3.12/site-packages/airflow/example_dags/example_setup_teardown.py
[2024-07-02T12:12:51.971+0000] {logging_mixin.py:188} INFO - [2024-07-02T12:12:51.971+0000] {dag.py:3096} INFO - Sync 1 DAGs
[2024-07-02T12:12:51.991+0000] {logging_mixin.py:188} INFO - [2024-07-02T12:12:51.991+0000] {dag.py:3954} INFO - Setting next_dagrun for example_setup_teardown to 2024-07-01 00:00:00+00:00, run_after=2024-07-02 00:00:00+00:00
[2024-07-02T12:12:52.015+0000] {processor.py:183} INFO - Processing /home/airflow/.local/lib/python3.12/site-packages/airflow/example_dags/example_setup_teardown.py took 0.078 seconds
[2024-07-02T12:13:22.942+0000] {processor.py:161} INFO - Started process (PID=735) to work on /home/airflow/.local/lib/python3.12/site-packages/airflow/example_dags/example_setup_teardown.py
[2024-07-02T12:13:22.943+0000] {processor.py:830} INFO - Processing file /home/airflow/.local/lib/python3.12/site-packages/airflow/example_dags/example_setup_teardown.py for tasks to queue
[2024-07-02T12:13:22.945+0000] {logging_mixin.py:188} INFO - [2024-07-02T12:13:22.945+0000] {dagbag.py:545} INFO - Filling up the DagBag from /home/airflow/.local/lib/python3.12/site-packages/airflow/example_dags/example_setup_teardown.py
[2024-07-02T12:13:22.956+0000] {processor.py:840} INFO - DAG(s) 'example_setup_teardown' retrieved from /home/airflow/.local/lib/python3.12/site-packages/airflow/example_dags/example_setup_teardown.py
[2024-07-02T12:13:22.978+0000] {logging_mixin.py:188} INFO - [2024-07-02T12:13:22.978+0000] {dag.py:3096} INFO - Sync 1 DAGs
[2024-07-02T12:13:22.996+0000] {logging_mixin.py:188} INFO - [2024-07-02T12:13:22.996+0000] {dag.py:3954} INFO - Setting next_dagrun for example_setup_teardown to 2024-07-01 00:00:00+00:00, run_after=2024-07-02 00:00:00+00:00
[2024-07-02T12:13:23.017+0000] {processor.py:183} INFO - Processing /home/airflow/.local/lib/python3.12/site-packages/airflow/example_dags/example_setup_teardown.py took 0.081 seconds
[2024-07-02T12:13:53.454+0000] {processor.py:161} INFO - Started process (PID=798) to work on /home/airflow/.local/lib/python3.12/site-packages/airflow/example_dags/example_setup_teardown.py
[2024-07-02T12:13:53.455+0000] {processor.py:830} INFO - Processing file /home/airflow/.local/lib/python3.12/site-packages/airflow/example_dags/example_setup_teardown.py for tasks to queue
[2024-07-02T12:13:53.457+0000] {logging_mixin.py:188} INFO - [2024-07-02T12:13:53.456+0000] {dagbag.py:545} INFO - Filling up the DagBag from /home/airflow/.local/lib/python3.12/site-packages/airflow/example_dags/example_setup_teardown.py
[2024-07-02T12:13:53.462+0000] {processor.py:840} INFO - DAG(s) 'example_setup_teardown' retrieved from /home/airflow/.local/lib/python3.12/site-packages/airflow/example_dags/example_setup_teardown.py
[2024-07-02T12:13:53.481+0000] {logging_mixin.py:188} INFO - [2024-07-02T12:13:53.481+0000] {dag.py:3096} INFO - Sync 1 DAGs
[2024-07-02T12:13:53.498+0000] {logging_mixin.py:188} INFO - [2024-07-02T12:13:53.498+0000] {dag.py:3954} INFO - Setting next_dagrun for example_setup_teardown to 2024-07-01 00:00:00+00:00, run_after=2024-07-02 00:00:00+00:00
[2024-07-02T12:13:53.517+0000] {processor.py:183} INFO - Processing /home/airflow/.local/lib/python3.12/site-packages/airflow/example_dags/example_setup_teardown.py took 0.069 seconds
[2024-07-02T12:14:24.921+0000] {processor.py:161} INFO - Started process (PID=861) to work on /home/airflow/.local/lib/python3.12/site-packages/airflow/example_dags/example_setup_teardown.py
[2024-07-02T12:14:24.924+0000] {processor.py:830} INFO - Processing file /home/airflow/.local/lib/python3.12/site-packages/airflow/example_dags/example_setup_teardown.py for tasks to queue
[2024-07-02T12:14:24.926+0000] {logging_mixin.py:188} INFO - [2024-07-02T12:14:24.925+0000] {dagbag.py:545} INFO - Filling up the DagBag from /home/airflow/.local/lib/python3.12/site-packages/airflow/example_dags/example_setup_teardown.py
[2024-07-02T12:14:24.931+0000] {processor.py:840} INFO - DAG(s) 'example_setup_teardown' retrieved from /home/airflow/.local/lib/python3.12/site-packages/airflow/example_dags/example_setup_teardown.py
[2024-07-02T12:14:24.943+0000] {logging_mixin.py:188} INFO - [2024-07-02T12:14:24.943+0000] {dag.py:3096} INFO - Sync 1 DAGs
[2024-07-02T12:14:24.965+0000] {logging_mixin.py:188} INFO - [2024-07-02T12:14:24.965+0000] {dag.py:3954} INFO - Setting next_dagrun for example_setup_teardown to 2024-07-01 00:00:00+00:00, run_after=2024-07-02 00:00:00+00:00
[2024-07-02T12:14:24.988+0000] {processor.py:183} INFO - Processing /home/airflow/.local/lib/python3.12/site-packages/airflow/example_dags/example_setup_teardown.py took 0.073 seconds
[2024-07-02T12:14:55.463+0000] {processor.py:161} INFO - Started process (PID=924) to work on /home/airflow/.local/lib/python3.12/site-packages/airflow/example_dags/example_setup_teardown.py
[2024-07-02T12:14:55.465+0000] {processor.py:830} INFO - Processing file /home/airflow/.local/lib/python3.12/site-packages/airflow/example_dags/example_setup_teardown.py for tasks to queue
[2024-07-02T12:14:55.467+0000] {logging_mixin.py:188} INFO - [2024-07-02T12:14:55.466+0000] {dagbag.py:545} INFO - Filling up the DagBag from /home/airflow/.local/lib/python3.12/site-packages/airflow/example_dags/example_setup_teardown.py
[2024-07-02T12:14:55.472+0000] {processor.py:840} INFO - DAG(s) 'example_setup_teardown' retrieved from /home/airflow/.local/lib/python3.12/site-packages/airflow/example_dags/example_setup_teardown.py
[2024-07-02T12:14:55.554+0000] {logging_mixin.py:188} INFO - [2024-07-02T12:14:55.554+0000] {dag.py:3096} INFO - Sync 1 DAGs
[2024-07-02T12:14:55.571+0000] {logging_mixin.py:188} INFO - [2024-07-02T12:14:55.571+0000] {dag.py:3954} INFO - Setting next_dagrun for example_setup_teardown to 2024-07-01 00:00:00+00:00, run_after=2024-07-02 00:00:00+00:00
[2024-07-02T12:14:55.595+0000] {processor.py:183} INFO - Processing /home/airflow/.local/lib/python3.12/site-packages/airflow/example_dags/example_setup_teardown.py took 0.137 seconds
[2024-07-02T12:15:25.899+0000] {processor.py:161} INFO - Started process (PID=987) to work on /home/airflow/.local/lib/python3.12/site-packages/airflow/example_dags/example_setup_teardown.py
[2024-07-02T12:15:25.900+0000] {processor.py:830} INFO - Processing file /home/airflow/.local/lib/python3.12/site-packages/airflow/example_dags/example_setup_teardown.py for tasks to queue
[2024-07-02T12:15:25.903+0000] {logging_mixin.py:188} INFO - [2024-07-02T12:15:25.902+0000] {dagbag.py:545} INFO - Filling up the DagBag from /home/airflow/.local/lib/python3.12/site-packages/airflow/example_dags/example_setup_teardown.py
[2024-07-02T12:15:25.909+0000] {processor.py:840} INFO - DAG(s) 'example_setup_teardown' retrieved from /home/airflow/.local/lib/python3.12/site-packages/airflow/example_dags/example_setup_teardown.py
[2024-07-02T12:15:25.928+0000] {logging_mixin.py:188} INFO - [2024-07-02T12:15:25.928+0000] {dag.py:3096} INFO - Sync 1 DAGs
[2024-07-02T12:15:25.950+0000] {logging_mixin.py:188} INFO - [2024-07-02T12:15:25.950+0000] {dag.py:3954} INFO - Setting next_dagrun for example_setup_teardown to 2024-07-01 00:00:00+00:00, run_after=2024-07-02 00:00:00+00:00
[2024-07-02T12:15:25.972+0000] {processor.py:183} INFO - Processing /home/airflow/.local/lib/python3.12/site-packages/airflow/example_dags/example_setup_teardown.py took 0.079 seconds
[2024-07-02T12:18:51.291+0000] {processor.py:161} INFO - Started process (PID=44) to work on /home/airflow/.local/lib/python3.12/site-packages/airflow/example_dags/example_setup_teardown.py
[2024-07-02T12:18:51.293+0000] {processor.py:830} INFO - Processing file /home/airflow/.local/lib/python3.12/site-packages/airflow/example_dags/example_setup_teardown.py for tasks to queue
[2024-07-02T12:18:51.295+0000] {logging_mixin.py:188} INFO - [2024-07-02T12:18:51.295+0000] {dagbag.py:545} INFO - Filling up the DagBag from /home/airflow/.local/lib/python3.12/site-packages/airflow/example_dags/example_setup_teardown.py
[2024-07-02T12:18:51.307+0000] {processor.py:840} INFO - DAG(s) 'example_setup_teardown' retrieved from /home/airflow/.local/lib/python3.12/site-packages/airflow/example_dags/example_setup_teardown.py
[2024-07-02T12:18:51.322+0000] {logging_mixin.py:188} INFO - [2024-07-02T12:18:51.322+0000] {dag.py:3096} INFO - Sync 1 DAGs
[2024-07-02T12:18:51.348+0000] {logging_mixin.py:188} INFO - [2024-07-02T12:18:51.348+0000] {dag.py:3954} INFO - Setting next_dagrun for example_setup_teardown to 2024-07-01 00:00:00+00:00, run_after=2024-07-02 00:00:00+00:00
[2024-07-02T12:18:51.376+0000] {processor.py:183} INFO - Processing /home/airflow/.local/lib/python3.12/site-packages/airflow/example_dags/example_setup_teardown.py took 0.091 seconds
[2024-07-02T12:19:22.851+0000] {processor.py:161} INFO - Started process (PID=107) to work on /home/airflow/.local/lib/python3.12/site-packages/airflow/example_dags/example_setup_teardown.py
[2024-07-02T12:19:22.852+0000] {processor.py:830} INFO - Processing file /home/airflow/.local/lib/python3.12/site-packages/airflow/example_dags/example_setup_teardown.py for tasks to queue
[2024-07-02T12:19:22.855+0000] {logging_mixin.py:188} INFO - [2024-07-02T12:19:22.854+0000] {dagbag.py:545} INFO - Filling up the DagBag from /home/airflow/.local/lib/python3.12/site-packages/airflow/example_dags/example_setup_teardown.py
[2024-07-02T12:19:22.861+0000] {processor.py:840} INFO - DAG(s) 'example_setup_teardown' retrieved from /home/airflow/.local/lib/python3.12/site-packages/airflow/example_dags/example_setup_teardown.py
[2024-07-02T12:19:22.951+0000] {logging_mixin.py:188} INFO - [2024-07-02T12:19:22.951+0000] {dag.py:3096} INFO - Sync 1 DAGs
[2024-07-02T12:19:22.969+0000] {logging_mixin.py:188} INFO - [2024-07-02T12:19:22.969+0000] {dag.py:3954} INFO - Setting next_dagrun for example_setup_teardown to 2024-07-01 00:00:00+00:00, run_after=2024-07-02 00:00:00+00:00
[2024-07-02T12:19:22.993+0000] {processor.py:183} INFO - Processing /home/airflow/.local/lib/python3.12/site-packages/airflow/example_dags/example_setup_teardown.py took 0.147 seconds
[2024-07-02T12:19:53.806+0000] {processor.py:161} INFO - Started process (PID=170) to work on /home/airflow/.local/lib/python3.12/site-packages/airflow/example_dags/example_setup_teardown.py
[2024-07-02T12:19:53.808+0000] {processor.py:830} INFO - Processing file /home/airflow/.local/lib/python3.12/site-packages/airflow/example_dags/example_setup_teardown.py for tasks to queue
[2024-07-02T12:19:53.810+0000] {logging_mixin.py:188} INFO - [2024-07-02T12:19:53.809+0000] {dagbag.py:545} INFO - Filling up the DagBag from /home/airflow/.local/lib/python3.12/site-packages/airflow/example_dags/example_setup_teardown.py
[2024-07-02T12:19:53.815+0000] {processor.py:840} INFO - DAG(s) 'example_setup_teardown' retrieved from /home/airflow/.local/lib/python3.12/site-packages/airflow/example_dags/example_setup_teardown.py
[2024-07-02T12:19:53.834+0000] {logging_mixin.py:188} INFO - [2024-07-02T12:19:53.834+0000] {dag.py:3096} INFO - Sync 1 DAGs
[2024-07-02T12:19:53.854+0000] {logging_mixin.py:188} INFO - [2024-07-02T12:19:53.854+0000] {dag.py:3954} INFO - Setting next_dagrun for example_setup_teardown to 2024-07-01 00:00:00+00:00, run_after=2024-07-02 00:00:00+00:00
[2024-07-02T12:19:53.872+0000] {processor.py:183} INFO - Processing /home/airflow/.local/lib/python3.12/site-packages/airflow/example_dags/example_setup_teardown.py took 0.071 seconds
[2024-07-02T12:20:24.648+0000] {processor.py:161} INFO - Started process (PID=233) to work on /home/airflow/.local/lib/python3.12/site-packages/airflow/example_dags/example_setup_teardown.py
[2024-07-02T12:20:24.649+0000] {processor.py:830} INFO - Processing file /home/airflow/.local/lib/python3.12/site-packages/airflow/example_dags/example_setup_teardown.py for tasks to queue
[2024-07-02T12:20:24.651+0000] {logging_mixin.py:188} INFO - [2024-07-02T12:20:24.651+0000] {dagbag.py:545} INFO - Filling up the DagBag from /home/airflow/.local/lib/python3.12/site-packages/airflow/example_dags/example_setup_teardown.py
[2024-07-02T12:20:24.657+0000] {processor.py:840} INFO - DAG(s) 'example_setup_teardown' retrieved from /home/airflow/.local/lib/python3.12/site-packages/airflow/example_dags/example_setup_teardown.py
[2024-07-02T12:20:24.675+0000] {logging_mixin.py:188} INFO - [2024-07-02T12:20:24.675+0000] {dag.py:3096} INFO - Sync 1 DAGs
[2024-07-02T12:20:24.693+0000] {logging_mixin.py:188} INFO - [2024-07-02T12:20:24.692+0000] {dag.py:3954} INFO - Setting next_dagrun for example_setup_teardown to 2024-07-01 00:00:00+00:00, run_after=2024-07-02 00:00:00+00:00
[2024-07-02T12:20:24.713+0000] {processor.py:183} INFO - Processing /home/airflow/.local/lib/python3.12/site-packages/airflow/example_dags/example_setup_teardown.py took 0.070 seconds
[2024-07-02T12:20:54.983+0000] {processor.py:161} INFO - Started process (PID=298) to work on /home/airflow/.local/lib/python3.12/site-packages/airflow/example_dags/example_setup_teardown.py
[2024-07-02T12:20:54.984+0000] {processor.py:830} INFO - Processing file /home/airflow/.local/lib/python3.12/site-packages/airflow/example_dags/example_setup_teardown.py for tasks to queue
[2024-07-02T12:20:54.986+0000] {logging_mixin.py:188} INFO - [2024-07-02T12:20:54.986+0000] {dagbag.py:545} INFO - Filling up the DagBag from /home/airflow/.local/lib/python3.12/site-packages/airflow/example_dags/example_setup_teardown.py
[2024-07-02T12:20:54.992+0000] {processor.py:840} INFO - DAG(s) 'example_setup_teardown' retrieved from /home/airflow/.local/lib/python3.12/site-packages/airflow/example_dags/example_setup_teardown.py
[2024-07-02T12:20:55.012+0000] {logging_mixin.py:188} INFO - [2024-07-02T12:20:55.012+0000] {dag.py:3096} INFO - Sync 1 DAGs
[2024-07-02T12:20:55.033+0000] {logging_mixin.py:188} INFO - [2024-07-02T12:20:55.033+0000] {dag.py:3954} INFO - Setting next_dagrun for example_setup_teardown to 2024-07-01 00:00:00+00:00, run_after=2024-07-02 00:00:00+00:00
[2024-07-02T12:20:55.052+0000] {processor.py:183} INFO - Processing /home/airflow/.local/lib/python3.12/site-packages/airflow/example_dags/example_setup_teardown.py took 0.074 seconds
[2024-07-02T12:21:25.799+0000] {processor.py:161} INFO - Started process (PID=361) to work on /home/airflow/.local/lib/python3.12/site-packages/airflow/example_dags/example_setup_teardown.py
[2024-07-02T12:21:25.800+0000] {processor.py:830} INFO - Processing file /home/airflow/.local/lib/python3.12/site-packages/airflow/example_dags/example_setup_teardown.py for tasks to queue
[2024-07-02T12:21:25.803+0000] {logging_mixin.py:188} INFO - [2024-07-02T12:21:25.802+0000] {dagbag.py:545} INFO - Filling up the DagBag from /home/airflow/.local/lib/python3.12/site-packages/airflow/example_dags/example_setup_teardown.py
[2024-07-02T12:21:25.809+0000] {processor.py:840} INFO - DAG(s) 'example_setup_teardown' retrieved from /home/airflow/.local/lib/python3.12/site-packages/airflow/example_dags/example_setup_teardown.py
[2024-07-02T12:21:25.830+0000] {logging_mixin.py:188} INFO - [2024-07-02T12:21:25.830+0000] {dag.py:3096} INFO - Sync 1 DAGs
[2024-07-02T12:21:25.853+0000] {logging_mixin.py:188} INFO - [2024-07-02T12:21:25.852+0000] {dag.py:3954} INFO - Setting next_dagrun for example_setup_teardown to 2024-07-01 00:00:00+00:00, run_after=2024-07-02 00:00:00+00:00
[2024-07-02T12:21:25.879+0000] {processor.py:183} INFO - Processing /home/airflow/.local/lib/python3.12/site-packages/airflow/example_dags/example_setup_teardown.py took 0.085 seconds
[2024-07-02T12:21:56.616+0000] {processor.py:161} INFO - Started process (PID=424) to work on /home/airflow/.local/lib/python3.12/site-packages/airflow/example_dags/example_setup_teardown.py
[2024-07-02T12:21:56.617+0000] {processor.py:830} INFO - Processing file /home/airflow/.local/lib/python3.12/site-packages/airflow/example_dags/example_setup_teardown.py for tasks to queue
[2024-07-02T12:21:56.620+0000] {logging_mixin.py:188} INFO - [2024-07-02T12:21:56.619+0000] {dagbag.py:545} INFO - Filling up the DagBag from /home/airflow/.local/lib/python3.12/site-packages/airflow/example_dags/example_setup_teardown.py
[2024-07-02T12:21:56.628+0000] {processor.py:840} INFO - DAG(s) 'example_setup_teardown' retrieved from /home/airflow/.local/lib/python3.12/site-packages/airflow/example_dags/example_setup_teardown.py
[2024-07-02T12:21:56.661+0000] {logging_mixin.py:188} INFO - [2024-07-02T12:21:56.661+0000] {dag.py:3096} INFO - Sync 1 DAGs
[2024-07-02T12:21:56.693+0000] {logging_mixin.py:188} INFO - [2024-07-02T12:21:56.693+0000] {dag.py:3954} INFO - Setting next_dagrun for example_setup_teardown to 2024-07-01 00:00:00+00:00, run_after=2024-07-02 00:00:00+00:00
[2024-07-02T12:21:56.723+0000] {processor.py:183} INFO - Processing /home/airflow/.local/lib/python3.12/site-packages/airflow/example_dags/example_setup_teardown.py took 0.112 seconds
[2024-07-02T12:22:27.578+0000] {processor.py:161} INFO - Started process (PID=487) to work on /home/airflow/.local/lib/python3.12/site-packages/airflow/example_dags/example_setup_teardown.py
[2024-07-02T12:22:27.579+0000] {processor.py:830} INFO - Processing file /home/airflow/.local/lib/python3.12/site-packages/airflow/example_dags/example_setup_teardown.py for tasks to queue
[2024-07-02T12:22:27.581+0000] {logging_mixin.py:188} INFO - [2024-07-02T12:22:27.581+0000] {dagbag.py:545} INFO - Filling up the DagBag from /home/airflow/.local/lib/python3.12/site-packages/airflow/example_dags/example_setup_teardown.py
[2024-07-02T12:22:27.588+0000] {processor.py:840} INFO - DAG(s) 'example_setup_teardown' retrieved from /home/airflow/.local/lib/python3.12/site-packages/airflow/example_dags/example_setup_teardown.py
[2024-07-02T12:22:27.612+0000] {logging_mixin.py:188} INFO - [2024-07-02T12:22:27.611+0000] {dag.py:3096} INFO - Sync 1 DAGs
[2024-07-02T12:22:27.635+0000] {logging_mixin.py:188} INFO - [2024-07-02T12:22:27.635+0000] {dag.py:3954} INFO - Setting next_dagrun for example_setup_teardown to 2024-07-01 00:00:00+00:00, run_after=2024-07-02 00:00:00+00:00
[2024-07-02T12:22:27.662+0000] {processor.py:183} INFO - Processing /home/airflow/.local/lib/python3.12/site-packages/airflow/example_dags/example_setup_teardown.py took 0.090 seconds
[2024-07-02T12:22:57.845+0000] {processor.py:161} INFO - Started process (PID=548) to work on /home/airflow/.local/lib/python3.12/site-packages/airflow/example_dags/example_setup_teardown.py
[2024-07-02T12:22:57.847+0000] {processor.py:830} INFO - Processing file /home/airflow/.local/lib/python3.12/site-packages/airflow/example_dags/example_setup_teardown.py for tasks to queue
[2024-07-02T12:22:57.850+0000] {logging_mixin.py:188} INFO - [2024-07-02T12:22:57.849+0000] {dagbag.py:545} INFO - Filling up the DagBag from /home/airflow/.local/lib/python3.12/site-packages/airflow/example_dags/example_setup_teardown.py
[2024-07-02T12:22:57.860+0000] {processor.py:840} INFO - DAG(s) 'example_setup_teardown' retrieved from /home/airflow/.local/lib/python3.12/site-packages/airflow/example_dags/example_setup_teardown.py
[2024-07-02T12:22:57.895+0000] {logging_mixin.py:188} INFO - [2024-07-02T12:22:57.894+0000] {dag.py:3096} INFO - Sync 1 DAGs
[2024-07-02T12:22:57.932+0000] {logging_mixin.py:188} INFO - [2024-07-02T12:22:57.932+0000] {dag.py:3954} INFO - Setting next_dagrun for example_setup_teardown to 2024-07-01 00:00:00+00:00, run_after=2024-07-02 00:00:00+00:00
[2024-07-02T12:22:57.971+0000] {processor.py:183} INFO - Processing /home/airflow/.local/lib/python3.12/site-packages/airflow/example_dags/example_setup_teardown.py took 0.138 seconds
[2024-07-02T12:23:28.545+0000] {processor.py:161} INFO - Started process (PID=612) to work on /home/airflow/.local/lib/python3.12/site-packages/airflow/example_dags/example_setup_teardown.py
[2024-07-02T12:23:28.547+0000] {processor.py:830} INFO - Processing file /home/airflow/.local/lib/python3.12/site-packages/airflow/example_dags/example_setup_teardown.py for tasks to queue
[2024-07-02T12:23:28.549+0000] {logging_mixin.py:188} INFO - [2024-07-02T12:23:28.549+0000] {dagbag.py:545} INFO - Filling up the DagBag from /home/airflow/.local/lib/python3.12/site-packages/airflow/example_dags/example_setup_teardown.py
[2024-07-02T12:23:28.558+0000] {processor.py:840} INFO - DAG(s) 'example_setup_teardown' retrieved from /home/airflow/.local/lib/python3.12/site-packages/airflow/example_dags/example_setup_teardown.py
[2024-07-02T12:23:28.589+0000] {logging_mixin.py:188} INFO - [2024-07-02T12:23:28.589+0000] {dag.py:3096} INFO - Sync 1 DAGs
[2024-07-02T12:23:28.614+0000] {logging_mixin.py:188} INFO - [2024-07-02T12:23:28.614+0000] {dag.py:3954} INFO - Setting next_dagrun for example_setup_teardown to 2024-07-01 00:00:00+00:00, run_after=2024-07-02 00:00:00+00:00
[2024-07-02T12:23:28.646+0000] {processor.py:183} INFO - Processing /home/airflow/.local/lib/python3.12/site-packages/airflow/example_dags/example_setup_teardown.py took 0.107 seconds
[2024-07-02T12:37:13.386+0000] {processor.py:161} INFO - Started process (PID=1975) to work on /home/airflow/.local/lib/python3.12/site-packages/airflow/example_dags/example_setup_teardown.py
[2024-07-02T12:37:13.387+0000] {processor.py:830} INFO - Processing file /home/airflow/.local/lib/python3.12/site-packages/airflow/example_dags/example_setup_teardown.py for tasks to queue
[2024-07-02T12:37:13.389+0000] {logging_mixin.py:188} INFO - [2024-07-02T12:37:13.388+0000] {dagbag.py:545} INFO - Filling up the DagBag from /home/airflow/.local/lib/python3.12/site-packages/airflow/example_dags/example_setup_teardown.py
[2024-07-02T12:37:13.394+0000] {processor.py:840} INFO - DAG(s) 'example_setup_teardown' retrieved from /home/airflow/.local/lib/python3.12/site-packages/airflow/example_dags/example_setup_teardown.py
[2024-07-02T12:37:13.415+0000] {logging_mixin.py:188} INFO - [2024-07-02T12:37:13.415+0000] {dag.py:3096} INFO - Sync 1 DAGs
[2024-07-02T12:37:13.433+0000] {logging_mixin.py:188} INFO - [2024-07-02T12:37:13.433+0000] {dag.py:3954} INFO - Setting next_dagrun for example_setup_teardown to 2024-07-01 00:00:00+00:00, run_after=2024-07-02 00:00:00+00:00
[2024-07-02T12:37:13.453+0000] {processor.py:183} INFO - Processing /home/airflow/.local/lib/python3.12/site-packages/airflow/example_dags/example_setup_teardown.py took 0.072 seconds
[2024-07-02T12:37:44.350+0000] {processor.py:161} INFO - Started process (PID=2038) to work on /home/airflow/.local/lib/python3.12/site-packages/airflow/example_dags/example_setup_teardown.py
[2024-07-02T12:37:44.351+0000] {processor.py:830} INFO - Processing file /home/airflow/.local/lib/python3.12/site-packages/airflow/example_dags/example_setup_teardown.py for tasks to queue
[2024-07-02T12:37:44.352+0000] {logging_mixin.py:188} INFO - [2024-07-02T12:37:44.352+0000] {dagbag.py:545} INFO - Filling up the DagBag from /home/airflow/.local/lib/python3.12/site-packages/airflow/example_dags/example_setup_teardown.py
[2024-07-02T12:37:44.357+0000] {processor.py:840} INFO - DAG(s) 'example_setup_teardown' retrieved from /home/airflow/.local/lib/python3.12/site-packages/airflow/example_dags/example_setup_teardown.py
[2024-07-02T12:37:44.375+0000] {logging_mixin.py:188} INFO - [2024-07-02T12:37:44.375+0000] {dag.py:3096} INFO - Sync 1 DAGs
[2024-07-02T12:37:44.393+0000] {logging_mixin.py:188} INFO - [2024-07-02T12:37:44.392+0000] {dag.py:3954} INFO - Setting next_dagrun for example_setup_teardown to 2024-07-01 00:00:00+00:00, run_after=2024-07-02 00:00:00+00:00
[2024-07-02T12:37:44.411+0000] {processor.py:183} INFO - Processing /home/airflow/.local/lib/python3.12/site-packages/airflow/example_dags/example_setup_teardown.py took 0.066 seconds
[2024-07-02T14:46:53.063+0000] {processor.py:161} INFO - Started process (PID=55) to work on /home/airflow/.local/lib/python3.12/site-packages/airflow/example_dags/example_setup_teardown.py
[2024-07-02T14:46:53.064+0000] {processor.py:830} INFO - Processing file /home/airflow/.local/lib/python3.12/site-packages/airflow/example_dags/example_setup_teardown.py for tasks to queue
[2024-07-02T14:46:53.066+0000] {logging_mixin.py:188} INFO - [2024-07-02T14:46:53.066+0000] {dagbag.py:545} INFO - Filling up the DagBag from /home/airflow/.local/lib/python3.12/site-packages/airflow/example_dags/example_setup_teardown.py
[2024-07-02T14:46:53.077+0000] {processor.py:840} INFO - DAG(s) 'example_setup_teardown' retrieved from /home/airflow/.local/lib/python3.12/site-packages/airflow/example_dags/example_setup_teardown.py
[2024-07-02T14:46:53.175+0000] {logging_mixin.py:188} INFO - [2024-07-02T14:46:53.175+0000] {dag.py:3096} INFO - Sync 1 DAGs
[2024-07-02T14:46:53.197+0000] {logging_mixin.py:188} INFO - [2024-07-02T14:46:53.197+0000] {dag.py:3954} INFO - Setting next_dagrun for example_setup_teardown to 2024-07-01 00:00:00+00:00, run_after=2024-07-02 00:00:00+00:00
[2024-07-02T14:46:53.222+0000] {processor.py:183} INFO - Processing /home/airflow/.local/lib/python3.12/site-packages/airflow/example_dags/example_setup_teardown.py took 0.165 seconds
[2024-07-02T14:49:58.337+0000] {processor.py:161} INFO - Started process (PID=62) to work on /home/airflow/.local/lib/python3.12/site-packages/airflow/example_dags/example_setup_teardown.py
[2024-07-02T14:49:58.340+0000] {processor.py:830} INFO - Processing file /home/airflow/.local/lib/python3.12/site-packages/airflow/example_dags/example_setup_teardown.py for tasks to queue
[2024-07-02T14:49:58.341+0000] {logging_mixin.py:188} INFO - [2024-07-02T14:49:58.341+0000] {dagbag.py:545} INFO - Filling up the DagBag from /home/airflow/.local/lib/python3.12/site-packages/airflow/example_dags/example_setup_teardown.py
[2024-07-02T14:49:58.351+0000] {processor.py:840} INFO - DAG(s) 'example_setup_teardown' retrieved from /home/airflow/.local/lib/python3.12/site-packages/airflow/example_dags/example_setup_teardown.py
[2024-07-02T14:49:58.433+0000] {logging_mixin.py:188} INFO - [2024-07-02T14:49:58.433+0000] {dag.py:3096} INFO - Sync 1 DAGs
[2024-07-02T14:49:58.449+0000] {logging_mixin.py:188} INFO - [2024-07-02T14:49:58.449+0000] {dag.py:3954} INFO - Setting next_dagrun for example_setup_teardown to 2024-07-01 00:00:00+00:00, run_after=2024-07-02 00:00:00+00:00
[2024-07-02T14:49:58.468+0000] {processor.py:183} INFO - Processing /home/airflow/.local/lib/python3.12/site-packages/airflow/example_dags/example_setup_teardown.py took 0.135 seconds
[2024-07-02T14:50:29.442+0000] {processor.py:161} INFO - Started process (PID=122) to work on /home/airflow/.local/lib/python3.12/site-packages/airflow/example_dags/example_setup_teardown.py
[2024-07-02T14:50:29.443+0000] {processor.py:830} INFO - Processing file /home/airflow/.local/lib/python3.12/site-packages/airflow/example_dags/example_setup_teardown.py for tasks to queue
[2024-07-02T14:50:29.445+0000] {logging_mixin.py:188} INFO - [2024-07-02T14:50:29.445+0000] {dagbag.py:545} INFO - Filling up the DagBag from /home/airflow/.local/lib/python3.12/site-packages/airflow/example_dags/example_setup_teardown.py
[2024-07-02T14:50:29.450+0000] {processor.py:840} INFO - DAG(s) 'example_setup_teardown' retrieved from /home/airflow/.local/lib/python3.12/site-packages/airflow/example_dags/example_setup_teardown.py
[2024-07-02T14:50:29.470+0000] {logging_mixin.py:188} INFO - [2024-07-02T14:50:29.470+0000] {dag.py:3096} INFO - Sync 1 DAGs
[2024-07-02T14:50:29.487+0000] {logging_mixin.py:188} INFO - [2024-07-02T14:50:29.486+0000] {dag.py:3954} INFO - Setting next_dagrun for example_setup_teardown to 2024-07-01 00:00:00+00:00, run_after=2024-07-02 00:00:00+00:00
[2024-07-02T14:50:29.508+0000] {processor.py:183} INFO - Processing /home/airflow/.local/lib/python3.12/site-packages/airflow/example_dags/example_setup_teardown.py took 0.070 seconds
[2024-07-02T14:50:59.604+0000] {processor.py:161} INFO - Started process (PID=181) to work on /home/airflow/.local/lib/python3.12/site-packages/airflow/example_dags/example_setup_teardown.py
[2024-07-02T14:50:59.605+0000] {processor.py:830} INFO - Processing file /home/airflow/.local/lib/python3.12/site-packages/airflow/example_dags/example_setup_teardown.py for tasks to queue
[2024-07-02T14:50:59.606+0000] {logging_mixin.py:188} INFO - [2024-07-02T14:50:59.606+0000] {dagbag.py:545} INFO - Filling up the DagBag from /home/airflow/.local/lib/python3.12/site-packages/airflow/example_dags/example_setup_teardown.py
[2024-07-02T14:50:59.613+0000] {processor.py:840} INFO - DAG(s) 'example_setup_teardown' retrieved from /home/airflow/.local/lib/python3.12/site-packages/airflow/example_dags/example_setup_teardown.py
[2024-07-02T14:50:59.633+0000] {logging_mixin.py:188} INFO - [2024-07-02T14:50:59.633+0000] {dag.py:3096} INFO - Sync 1 DAGs
[2024-07-02T14:50:59.650+0000] {logging_mixin.py:188} INFO - [2024-07-02T14:50:59.650+0000] {dag.py:3954} INFO - Setting next_dagrun for example_setup_teardown to 2024-07-01 00:00:00+00:00, run_after=2024-07-02 00:00:00+00:00
[2024-07-02T14:50:59.673+0000] {processor.py:183} INFO - Processing /home/airflow/.local/lib/python3.12/site-packages/airflow/example_dags/example_setup_teardown.py took 0.073 seconds
[2024-07-02T14:51:30.128+0000] {processor.py:161} INFO - Started process (PID=239) to work on /home/airflow/.local/lib/python3.12/site-packages/airflow/example_dags/example_setup_teardown.py
[2024-07-02T14:51:30.130+0000] {processor.py:830} INFO - Processing file /home/airflow/.local/lib/python3.12/site-packages/airflow/example_dags/example_setup_teardown.py for tasks to queue
[2024-07-02T14:51:30.132+0000] {logging_mixin.py:188} INFO - [2024-07-02T14:51:30.131+0000] {dagbag.py:545} INFO - Filling up the DagBag from /home/airflow/.local/lib/python3.12/site-packages/airflow/example_dags/example_setup_teardown.py
[2024-07-02T14:51:30.137+0000] {processor.py:840} INFO - DAG(s) 'example_setup_teardown' retrieved from /home/airflow/.local/lib/python3.12/site-packages/airflow/example_dags/example_setup_teardown.py
[2024-07-02T14:51:30.157+0000] {logging_mixin.py:188} INFO - [2024-07-02T14:51:30.156+0000] {dag.py:3096} INFO - Sync 1 DAGs
[2024-07-02T14:51:30.173+0000] {logging_mixin.py:188} INFO - [2024-07-02T14:51:30.173+0000] {dag.py:3954} INFO - Setting next_dagrun for example_setup_teardown to 2024-07-01 00:00:00+00:00, run_after=2024-07-02 00:00:00+00:00
[2024-07-02T14:51:30.194+0000] {processor.py:183} INFO - Processing /home/airflow/.local/lib/python3.12/site-packages/airflow/example_dags/example_setup_teardown.py took 0.070 seconds
[2024-07-02T14:52:00.355+0000] {processor.py:161} INFO - Started process (PID=297) to work on /home/airflow/.local/lib/python3.12/site-packages/airflow/example_dags/example_setup_teardown.py
[2024-07-02T14:52:00.357+0000] {processor.py:830} INFO - Processing file /home/airflow/.local/lib/python3.12/site-packages/airflow/example_dags/example_setup_teardown.py for tasks to queue
[2024-07-02T14:52:00.358+0000] {logging_mixin.py:188} INFO - [2024-07-02T14:52:00.358+0000] {dagbag.py:545} INFO - Filling up the DagBag from /home/airflow/.local/lib/python3.12/site-packages/airflow/example_dags/example_setup_teardown.py
[2024-07-02T14:52:00.365+0000] {processor.py:840} INFO - DAG(s) 'example_setup_teardown' retrieved from /home/airflow/.local/lib/python3.12/site-packages/airflow/example_dags/example_setup_teardown.py
[2024-07-02T14:52:00.394+0000] {logging_mixin.py:188} INFO - [2024-07-02T14:52:00.393+0000] {dag.py:3096} INFO - Sync 1 DAGs
[2024-07-02T14:52:00.416+0000] {logging_mixin.py:188} INFO - [2024-07-02T14:52:00.416+0000] {dag.py:3954} INFO - Setting next_dagrun for example_setup_teardown to 2024-07-01 00:00:00+00:00, run_after=2024-07-02 00:00:00+00:00
[2024-07-02T14:52:00.443+0000] {processor.py:183} INFO - Processing /home/airflow/.local/lib/python3.12/site-packages/airflow/example_dags/example_setup_teardown.py took 0.093 seconds
[2024-07-02T14:52:30.925+0000] {processor.py:161} INFO - Started process (PID=355) to work on /home/airflow/.local/lib/python3.12/site-packages/airflow/example_dags/example_setup_teardown.py
[2024-07-02T14:52:30.926+0000] {processor.py:830} INFO - Processing file /home/airflow/.local/lib/python3.12/site-packages/airflow/example_dags/example_setup_teardown.py for tasks to queue
[2024-07-02T14:52:30.928+0000] {logging_mixin.py:188} INFO - [2024-07-02T14:52:30.927+0000] {dagbag.py:545} INFO - Filling up the DagBag from /home/airflow/.local/lib/python3.12/site-packages/airflow/example_dags/example_setup_teardown.py
[2024-07-02T14:52:30.935+0000] {processor.py:840} INFO - DAG(s) 'example_setup_teardown' retrieved from /home/airflow/.local/lib/python3.12/site-packages/airflow/example_dags/example_setup_teardown.py
[2024-07-02T14:52:30.957+0000] {logging_mixin.py:188} INFO - [2024-07-02T14:52:30.956+0000] {dag.py:3096} INFO - Sync 1 DAGs
[2024-07-02T14:52:30.974+0000] {logging_mixin.py:188} INFO - [2024-07-02T14:52:30.974+0000] {dag.py:3954} INFO - Setting next_dagrun for example_setup_teardown to 2024-07-01 00:00:00+00:00, run_after=2024-07-02 00:00:00+00:00
[2024-07-02T14:52:30.999+0000] {processor.py:183} INFO - Processing /home/airflow/.local/lib/python3.12/site-packages/airflow/example_dags/example_setup_teardown.py took 0.078 seconds
[2024-07-02T14:53:01.123+0000] {processor.py:161} INFO - Started process (PID=413) to work on /home/airflow/.local/lib/python3.12/site-packages/airflow/example_dags/example_setup_teardown.py
[2024-07-02T14:53:01.124+0000] {processor.py:830} INFO - Processing file /home/airflow/.local/lib/python3.12/site-packages/airflow/example_dags/example_setup_teardown.py for tasks to queue
[2024-07-02T14:53:01.125+0000] {logging_mixin.py:188} INFO - [2024-07-02T14:53:01.125+0000] {dagbag.py:545} INFO - Filling up the DagBag from /home/airflow/.local/lib/python3.12/site-packages/airflow/example_dags/example_setup_teardown.py
[2024-07-02T14:53:01.133+0000] {processor.py:840} INFO - DAG(s) 'example_setup_teardown' retrieved from /home/airflow/.local/lib/python3.12/site-packages/airflow/example_dags/example_setup_teardown.py
[2024-07-02T14:53:01.155+0000] {logging_mixin.py:188} INFO - [2024-07-02T14:53:01.155+0000] {dag.py:3096} INFO - Sync 1 DAGs
[2024-07-02T14:53:01.176+0000] {logging_mixin.py:188} INFO - [2024-07-02T14:53:01.176+0000] {dag.py:3954} INFO - Setting next_dagrun for example_setup_teardown to 2024-07-01 00:00:00+00:00, run_after=2024-07-02 00:00:00+00:00
[2024-07-02T14:53:01.198+0000] {processor.py:183} INFO - Processing /home/airflow/.local/lib/python3.12/site-packages/airflow/example_dags/example_setup_teardown.py took 0.081 seconds
[2024-07-02T14:53:31.992+0000] {processor.py:161} INFO - Started process (PID=471) to work on /home/airflow/.local/lib/python3.12/site-packages/airflow/example_dags/example_setup_teardown.py
[2024-07-02T14:53:31.993+0000] {processor.py:830} INFO - Processing file /home/airflow/.local/lib/python3.12/site-packages/airflow/example_dags/example_setup_teardown.py for tasks to queue
[2024-07-02T14:53:31.995+0000] {logging_mixin.py:188} INFO - [2024-07-02T14:53:31.994+0000] {dagbag.py:545} INFO - Filling up the DagBag from /home/airflow/.local/lib/python3.12/site-packages/airflow/example_dags/example_setup_teardown.py
[2024-07-02T14:53:32.013+0000] {processor.py:840} INFO - DAG(s) 'example_setup_teardown' retrieved from /home/airflow/.local/lib/python3.12/site-packages/airflow/example_dags/example_setup_teardown.py
[2024-07-02T14:53:32.039+0000] {logging_mixin.py:188} INFO - [2024-07-02T14:53:32.039+0000] {dag.py:3096} INFO - Sync 1 DAGs
[2024-07-02T14:53:32.063+0000] {logging_mixin.py:188} INFO - [2024-07-02T14:53:32.062+0000] {dag.py:3954} INFO - Setting next_dagrun for example_setup_teardown to 2024-07-01 00:00:00+00:00, run_after=2024-07-02 00:00:00+00:00
[2024-07-02T14:53:32.090+0000] {processor.py:183} INFO - Processing /home/airflow/.local/lib/python3.12/site-packages/airflow/example_dags/example_setup_teardown.py took 0.105 seconds
[2024-07-02T14:54:02.502+0000] {processor.py:161} INFO - Started process (PID=530) to work on /home/airflow/.local/lib/python3.12/site-packages/airflow/example_dags/example_setup_teardown.py
[2024-07-02T14:54:02.503+0000] {processor.py:830} INFO - Processing file /home/airflow/.local/lib/python3.12/site-packages/airflow/example_dags/example_setup_teardown.py for tasks to queue
[2024-07-02T14:54:02.504+0000] {logging_mixin.py:188} INFO - [2024-07-02T14:54:02.504+0000] {dagbag.py:545} INFO - Filling up the DagBag from /home/airflow/.local/lib/python3.12/site-packages/airflow/example_dags/example_setup_teardown.py
[2024-07-02T14:54:02.512+0000] {processor.py:840} INFO - DAG(s) 'example_setup_teardown' retrieved from /home/airflow/.local/lib/python3.12/site-packages/airflow/example_dags/example_setup_teardown.py
[2024-07-02T14:54:02.533+0000] {logging_mixin.py:188} INFO - [2024-07-02T14:54:02.533+0000] {dag.py:3096} INFO - Sync 1 DAGs
[2024-07-02T14:54:02.549+0000] {logging_mixin.py:188} INFO - [2024-07-02T14:54:02.549+0000] {dag.py:3954} INFO - Setting next_dagrun for example_setup_teardown to 2024-07-01 00:00:00+00:00, run_after=2024-07-02 00:00:00+00:00
[2024-07-02T14:54:02.573+0000] {processor.py:183} INFO - Processing /home/airflow/.local/lib/python3.12/site-packages/airflow/example_dags/example_setup_teardown.py took 0.076 seconds
