[2024-07-02T11:48:19.168+0000] {processor.py:161} INFO - Started process (PID=48) to work on /home/airflow/.local/lib/python3.12/site-packages/airflow/example_dags/example_complex.py
[2024-07-02T11:48:19.170+0000] {processor.py:830} INFO - Processing file /home/airflow/.local/lib/python3.12/site-packages/airflow/example_dags/example_complex.py for tasks to queue
[2024-07-02T11:48:19.173+0000] {logging_mixin.py:188} INFO - [2024-07-02T11:48:19.172+0000] {dagbag.py:545} INFO - Filling up the DagBag from /home/airflow/.local/lib/python3.12/site-packages/airflow/example_dags/example_complex.py
[2024-07-02T11:48:19.203+0000] {processor.py:840} INFO - DAG(s) 'example_complex' retrieved from /home/airflow/.local/lib/python3.12/site-packages/airflow/example_dags/example_complex.py
[2024-07-02T11:48:19.306+0000] {logging_mixin.py:188} INFO - [2024-07-02T11:48:19.306+0000] {dag.py:3096} INFO - Sync 1 DAGs
[2024-07-02T11:48:19.338+0000] {logging_mixin.py:188} INFO - [2024-07-02T11:48:19.338+0000] {dag.py:3954} INFO - Setting next_dagrun for example_complex to None, run_after=None
[2024-07-02T11:48:19.379+0000] {processor.py:183} INFO - Processing /home/airflow/.local/lib/python3.12/site-packages/airflow/example_dags/example_complex.py took 0.224 seconds
[2024-07-02T11:48:49.872+0000] {processor.py:161} INFO - Started process (PID=110) to work on /home/airflow/.local/lib/python3.12/site-packages/airflow/example_dags/example_complex.py
[2024-07-02T11:48:49.873+0000] {processor.py:830} INFO - Processing file /home/airflow/.local/lib/python3.12/site-packages/airflow/example_dags/example_complex.py for tasks to queue
[2024-07-02T11:48:49.875+0000] {logging_mixin.py:188} INFO - [2024-07-02T11:48:49.874+0000] {dagbag.py:545} INFO - Filling up the DagBag from /home/airflow/.local/lib/python3.12/site-packages/airflow/example_dags/example_complex.py
[2024-07-02T11:48:49.884+0000] {processor.py:840} INFO - DAG(s) 'example_complex' retrieved from /home/airflow/.local/lib/python3.12/site-packages/airflow/example_dags/example_complex.py
[2024-07-02T11:48:49.912+0000] {logging_mixin.py:188} INFO - [2024-07-02T11:48:49.912+0000] {dag.py:3096} INFO - Sync 1 DAGs
[2024-07-02T11:48:49.924+0000] {logging_mixin.py:188} INFO - [2024-07-02T11:48:49.924+0000] {dag.py:3954} INFO - Setting next_dagrun for example_complex to None, run_after=None
[2024-07-02T11:48:49.948+0000] {processor.py:183} INFO - Processing /home/airflow/.local/lib/python3.12/site-packages/airflow/example_dags/example_complex.py took 0.081 seconds
[2024-07-02T11:49:20.459+0000] {processor.py:161} INFO - Started process (PID=174) to work on /home/airflow/.local/lib/python3.12/site-packages/airflow/example_dags/example_complex.py
[2024-07-02T11:49:20.460+0000] {processor.py:830} INFO - Processing file /home/airflow/.local/lib/python3.12/site-packages/airflow/example_dags/example_complex.py for tasks to queue
[2024-07-02T11:49:20.461+0000] {logging_mixin.py:188} INFO - [2024-07-02T11:49:20.460+0000] {dagbag.py:545} INFO - Filling up the DagBag from /home/airflow/.local/lib/python3.12/site-packages/airflow/example_dags/example_complex.py
[2024-07-02T11:49:20.470+0000] {processor.py:840} INFO - DAG(s) 'example_complex' retrieved from /home/airflow/.local/lib/python3.12/site-packages/airflow/example_dags/example_complex.py
[2024-07-02T11:49:20.497+0000] {logging_mixin.py:188} INFO - [2024-07-02T11:49:20.497+0000] {dag.py:3096} INFO - Sync 1 DAGs
[2024-07-02T11:49:20.507+0000] {logging_mixin.py:188} INFO - [2024-07-02T11:49:20.507+0000] {dag.py:3954} INFO - Setting next_dagrun for example_complex to None, run_after=None
[2024-07-02T11:49:20.529+0000] {processor.py:183} INFO - Processing /home/airflow/.local/lib/python3.12/site-packages/airflow/example_dags/example_complex.py took 0.076 seconds
[2024-07-02T11:49:51.797+0000] {processor.py:161} INFO - Started process (PID=237) to work on /home/airflow/.local/lib/python3.12/site-packages/airflow/example_dags/example_complex.py
[2024-07-02T11:49:51.798+0000] {processor.py:830} INFO - Processing file /home/airflow/.local/lib/python3.12/site-packages/airflow/example_dags/example_complex.py for tasks to queue
[2024-07-02T11:49:51.799+0000] {logging_mixin.py:188} INFO - [2024-07-02T11:49:51.799+0000] {dagbag.py:545} INFO - Filling up the DagBag from /home/airflow/.local/lib/python3.12/site-packages/airflow/example_dags/example_complex.py
[2024-07-02T11:49:51.810+0000] {processor.py:840} INFO - DAG(s) 'example_complex' retrieved from /home/airflow/.local/lib/python3.12/site-packages/airflow/example_dags/example_complex.py
[2024-07-02T11:49:51.846+0000] {logging_mixin.py:188} INFO - [2024-07-02T11:49:51.845+0000] {dag.py:3096} INFO - Sync 1 DAGs
[2024-07-02T11:49:51.860+0000] {logging_mixin.py:188} INFO - [2024-07-02T11:49:51.860+0000] {dag.py:3954} INFO - Setting next_dagrun for example_complex to None, run_after=None
[2024-07-02T11:49:51.888+0000] {processor.py:183} INFO - Processing /home/airflow/.local/lib/python3.12/site-packages/airflow/example_dags/example_complex.py took 0.098 seconds
[2024-07-02T11:50:22.481+0000] {processor.py:161} INFO - Started process (PID=300) to work on /home/airflow/.local/lib/python3.12/site-packages/airflow/example_dags/example_complex.py
[2024-07-02T11:50:22.482+0000] {processor.py:830} INFO - Processing file /home/airflow/.local/lib/python3.12/site-packages/airflow/example_dags/example_complex.py for tasks to queue
[2024-07-02T11:50:22.483+0000] {logging_mixin.py:188} INFO - [2024-07-02T11:50:22.483+0000] {dagbag.py:545} INFO - Filling up the DagBag from /home/airflow/.local/lib/python3.12/site-packages/airflow/example_dags/example_complex.py
[2024-07-02T11:50:22.491+0000] {processor.py:840} INFO - DAG(s) 'example_complex' retrieved from /home/airflow/.local/lib/python3.12/site-packages/airflow/example_dags/example_complex.py
[2024-07-02T11:50:22.503+0000] {logging_mixin.py:188} INFO - [2024-07-02T11:50:22.503+0000] {dag.py:3096} INFO - Sync 1 DAGs
[2024-07-02T11:50:22.516+0000] {logging_mixin.py:188} INFO - [2024-07-02T11:50:22.516+0000] {dag.py:3954} INFO - Setting next_dagrun for example_complex to None, run_after=None
[2024-07-02T11:50:22.539+0000] {processor.py:183} INFO - Processing /home/airflow/.local/lib/python3.12/site-packages/airflow/example_dags/example_complex.py took 0.063 seconds
[2024-07-02T11:50:53.673+0000] {processor.py:161} INFO - Started process (PID=363) to work on /home/airflow/.local/lib/python3.12/site-packages/airflow/example_dags/example_complex.py
[2024-07-02T11:50:53.674+0000] {processor.py:830} INFO - Processing file /home/airflow/.local/lib/python3.12/site-packages/airflow/example_dags/example_complex.py for tasks to queue
[2024-07-02T11:50:53.675+0000] {logging_mixin.py:188} INFO - [2024-07-02T11:50:53.675+0000] {dagbag.py:545} INFO - Filling up the DagBag from /home/airflow/.local/lib/python3.12/site-packages/airflow/example_dags/example_complex.py
[2024-07-02T11:50:53.684+0000] {processor.py:840} INFO - DAG(s) 'example_complex' retrieved from /home/airflow/.local/lib/python3.12/site-packages/airflow/example_dags/example_complex.py
[2024-07-02T11:50:53.787+0000] {logging_mixin.py:188} INFO - [2024-07-02T11:50:53.787+0000] {dag.py:3096} INFO - Sync 1 DAGs
[2024-07-02T11:50:53.799+0000] {logging_mixin.py:188} INFO - [2024-07-02T11:50:53.799+0000] {dag.py:3954} INFO - Setting next_dagrun for example_complex to None, run_after=None
[2024-07-02T11:50:53.822+0000] {processor.py:183} INFO - Processing /home/airflow/.local/lib/python3.12/site-packages/airflow/example_dags/example_complex.py took 0.155 seconds
[2024-07-02T11:51:25.064+0000] {processor.py:161} INFO - Started process (PID=426) to work on /home/airflow/.local/lib/python3.12/site-packages/airflow/example_dags/example_complex.py
[2024-07-02T11:51:25.066+0000] {processor.py:830} INFO - Processing file /home/airflow/.local/lib/python3.12/site-packages/airflow/example_dags/example_complex.py for tasks to queue
[2024-07-02T11:51:25.067+0000] {logging_mixin.py:188} INFO - [2024-07-02T11:51:25.066+0000] {dagbag.py:545} INFO - Filling up the DagBag from /home/airflow/.local/lib/python3.12/site-packages/airflow/example_dags/example_complex.py
[2024-07-02T11:51:25.076+0000] {processor.py:840} INFO - DAG(s) 'example_complex' retrieved from /home/airflow/.local/lib/python3.12/site-packages/airflow/example_dags/example_complex.py
[2024-07-02T11:51:25.105+0000] {logging_mixin.py:188} INFO - [2024-07-02T11:51:25.105+0000] {dag.py:3096} INFO - Sync 1 DAGs
[2024-07-02T11:51:25.117+0000] {logging_mixin.py:188} INFO - [2024-07-02T11:51:25.116+0000] {dag.py:3954} INFO - Setting next_dagrun for example_complex to None, run_after=None
[2024-07-02T11:51:25.142+0000] {processor.py:183} INFO - Processing /home/airflow/.local/lib/python3.12/site-packages/airflow/example_dags/example_complex.py took 0.083 seconds
[2024-07-02T11:51:56.421+0000] {processor.py:161} INFO - Started process (PID=489) to work on /home/airflow/.local/lib/python3.12/site-packages/airflow/example_dags/example_complex.py
[2024-07-02T11:51:56.422+0000] {processor.py:830} INFO - Processing file /home/airflow/.local/lib/python3.12/site-packages/airflow/example_dags/example_complex.py for tasks to queue
[2024-07-02T11:51:56.424+0000] {logging_mixin.py:188} INFO - [2024-07-02T11:51:56.424+0000] {dagbag.py:545} INFO - Filling up the DagBag from /home/airflow/.local/lib/python3.12/site-packages/airflow/example_dags/example_complex.py
[2024-07-02T11:51:56.432+0000] {processor.py:840} INFO - DAG(s) 'example_complex' retrieved from /home/airflow/.local/lib/python3.12/site-packages/airflow/example_dags/example_complex.py
[2024-07-02T11:51:56.459+0000] {logging_mixin.py:188} INFO - [2024-07-02T11:51:56.458+0000] {dag.py:3096} INFO - Sync 1 DAGs
[2024-07-02T11:51:56.469+0000] {logging_mixin.py:188} INFO - [2024-07-02T11:51:56.469+0000] {dag.py:3954} INFO - Setting next_dagrun for example_complex to None, run_after=None
[2024-07-02T11:51:56.488+0000] {processor.py:183} INFO - Processing /home/airflow/.local/lib/python3.12/site-packages/airflow/example_dags/example_complex.py took 0.073 seconds
[2024-07-02T11:52:27.002+0000] {processor.py:161} INFO - Started process (PID=552) to work on /home/airflow/.local/lib/python3.12/site-packages/airflow/example_dags/example_complex.py
[2024-07-02T11:52:27.003+0000] {processor.py:830} INFO - Processing file /home/airflow/.local/lib/python3.12/site-packages/airflow/example_dags/example_complex.py for tasks to queue
[2024-07-02T11:52:27.005+0000] {logging_mixin.py:188} INFO - [2024-07-02T11:52:27.004+0000] {dagbag.py:545} INFO - Filling up the DagBag from /home/airflow/.local/lib/python3.12/site-packages/airflow/example_dags/example_complex.py
[2024-07-02T11:52:27.013+0000] {processor.py:840} INFO - DAG(s) 'example_complex' retrieved from /home/airflow/.local/lib/python3.12/site-packages/airflow/example_dags/example_complex.py
[2024-07-02T11:52:27.044+0000] {logging_mixin.py:188} INFO - [2024-07-02T11:52:27.044+0000] {dag.py:3096} INFO - Sync 1 DAGs
[2024-07-02T11:52:27.058+0000] {logging_mixin.py:188} INFO - [2024-07-02T11:52:27.057+0000] {dag.py:3954} INFO - Setting next_dagrun for example_complex to None, run_after=None
[2024-07-02T11:52:27.082+0000] {processor.py:183} INFO - Processing /home/airflow/.local/lib/python3.12/site-packages/airflow/example_dags/example_complex.py took 0.087 seconds
[2024-07-02T11:52:57.583+0000] {processor.py:161} INFO - Started process (PID=616) to work on /home/airflow/.local/lib/python3.12/site-packages/airflow/example_dags/example_complex.py
[2024-07-02T11:52:57.584+0000] {processor.py:830} INFO - Processing file /home/airflow/.local/lib/python3.12/site-packages/airflow/example_dags/example_complex.py for tasks to queue
[2024-07-02T11:52:57.585+0000] {logging_mixin.py:188} INFO - [2024-07-02T11:52:57.585+0000] {dagbag.py:545} INFO - Filling up the DagBag from /home/airflow/.local/lib/python3.12/site-packages/airflow/example_dags/example_complex.py
[2024-07-02T11:52:57.593+0000] {processor.py:840} INFO - DAG(s) 'example_complex' retrieved from /home/airflow/.local/lib/python3.12/site-packages/airflow/example_dags/example_complex.py
[2024-07-02T11:52:57.620+0000] {logging_mixin.py:188} INFO - [2024-07-02T11:52:57.620+0000] {dag.py:3096} INFO - Sync 1 DAGs
[2024-07-02T11:52:57.632+0000] {logging_mixin.py:188} INFO - [2024-07-02T11:52:57.631+0000] {dag.py:3954} INFO - Setting next_dagrun for example_complex to None, run_after=None
[2024-07-02T11:52:57.653+0000] {processor.py:183} INFO - Processing /home/airflow/.local/lib/python3.12/site-packages/airflow/example_dags/example_complex.py took 0.076 seconds
[2024-07-02T11:53:28.392+0000] {processor.py:161} INFO - Started process (PID=679) to work on /home/airflow/.local/lib/python3.12/site-packages/airflow/example_dags/example_complex.py
[2024-07-02T11:53:28.394+0000] {processor.py:830} INFO - Processing file /home/airflow/.local/lib/python3.12/site-packages/airflow/example_dags/example_complex.py for tasks to queue
[2024-07-02T11:53:28.395+0000] {logging_mixin.py:188} INFO - [2024-07-02T11:53:28.394+0000] {dagbag.py:545} INFO - Filling up the DagBag from /home/airflow/.local/lib/python3.12/site-packages/airflow/example_dags/example_complex.py
[2024-07-02T11:53:28.403+0000] {processor.py:840} INFO - DAG(s) 'example_complex' retrieved from /home/airflow/.local/lib/python3.12/site-packages/airflow/example_dags/example_complex.py
[2024-07-02T11:53:28.436+0000] {logging_mixin.py:188} INFO - [2024-07-02T11:53:28.436+0000] {dag.py:3096} INFO - Sync 1 DAGs
[2024-07-02T11:53:28.449+0000] {logging_mixin.py:188} INFO - [2024-07-02T11:53:28.449+0000] {dag.py:3954} INFO - Setting next_dagrun for example_complex to None, run_after=None
[2024-07-02T11:53:28.471+0000] {processor.py:183} INFO - Processing /home/airflow/.local/lib/python3.12/site-packages/airflow/example_dags/example_complex.py took 0.085 seconds
[2024-07-02T11:53:59.147+0000] {processor.py:161} INFO - Started process (PID=742) to work on /home/airflow/.local/lib/python3.12/site-packages/airflow/example_dags/example_complex.py
[2024-07-02T11:53:59.148+0000] {processor.py:830} INFO - Processing file /home/airflow/.local/lib/python3.12/site-packages/airflow/example_dags/example_complex.py for tasks to queue
[2024-07-02T11:53:59.149+0000] {logging_mixin.py:188} INFO - [2024-07-02T11:53:59.149+0000] {dagbag.py:545} INFO - Filling up the DagBag from /home/airflow/.local/lib/python3.12/site-packages/airflow/example_dags/example_complex.py
[2024-07-02T11:53:59.157+0000] {processor.py:840} INFO - DAG(s) 'example_complex' retrieved from /home/airflow/.local/lib/python3.12/site-packages/airflow/example_dags/example_complex.py
[2024-07-02T11:53:59.186+0000] {logging_mixin.py:188} INFO - [2024-07-02T11:53:59.186+0000] {dag.py:3096} INFO - Sync 1 DAGs
[2024-07-02T11:53:59.197+0000] {logging_mixin.py:188} INFO - [2024-07-02T11:53:59.197+0000] {dag.py:3954} INFO - Setting next_dagrun for example_complex to None, run_after=None
[2024-07-02T11:53:59.219+0000] {processor.py:183} INFO - Processing /home/airflow/.local/lib/python3.12/site-packages/airflow/example_dags/example_complex.py took 0.079 seconds
[2024-07-02T11:54:30.576+0000] {processor.py:161} INFO - Started process (PID=805) to work on /home/airflow/.local/lib/python3.12/site-packages/airflow/example_dags/example_complex.py
[2024-07-02T11:54:30.577+0000] {processor.py:830} INFO - Processing file /home/airflow/.local/lib/python3.12/site-packages/airflow/example_dags/example_complex.py for tasks to queue
[2024-07-02T11:54:30.578+0000] {logging_mixin.py:188} INFO - [2024-07-02T11:54:30.578+0000] {dagbag.py:545} INFO - Filling up the DagBag from /home/airflow/.local/lib/python3.12/site-packages/airflow/example_dags/example_complex.py
[2024-07-02T11:54:30.586+0000] {processor.py:840} INFO - DAG(s) 'example_complex' retrieved from /home/airflow/.local/lib/python3.12/site-packages/airflow/example_dags/example_complex.py
[2024-07-02T11:54:30.612+0000] {logging_mixin.py:188} INFO - [2024-07-02T11:54:30.612+0000] {dag.py:3096} INFO - Sync 1 DAGs
[2024-07-02T11:54:30.623+0000] {logging_mixin.py:188} INFO - [2024-07-02T11:54:30.623+0000] {dag.py:3954} INFO - Setting next_dagrun for example_complex to None, run_after=None
[2024-07-02T11:54:30.643+0000] {processor.py:183} INFO - Processing /home/airflow/.local/lib/python3.12/site-packages/airflow/example_dags/example_complex.py took 0.073 seconds
[2024-07-02T11:55:01.849+0000] {processor.py:161} INFO - Started process (PID=874) to work on /home/airflow/.local/lib/python3.12/site-packages/airflow/example_dags/example_complex.py
[2024-07-02T11:55:01.851+0000] {processor.py:830} INFO - Processing file /home/airflow/.local/lib/python3.12/site-packages/airflow/example_dags/example_complex.py for tasks to queue
[2024-07-02T11:55:01.852+0000] {logging_mixin.py:188} INFO - [2024-07-02T11:55:01.852+0000] {dagbag.py:545} INFO - Filling up the DagBag from /home/airflow/.local/lib/python3.12/site-packages/airflow/example_dags/example_complex.py
[2024-07-02T11:55:01.871+0000] {processor.py:840} INFO - DAG(s) 'example_complex' retrieved from /home/airflow/.local/lib/python3.12/site-packages/airflow/example_dags/example_complex.py
[2024-07-02T11:55:01.920+0000] {logging_mixin.py:188} INFO - [2024-07-02T11:55:01.919+0000] {dag.py:3096} INFO - Sync 1 DAGs
[2024-07-02T11:55:01.940+0000] {logging_mixin.py:188} INFO - [2024-07-02T11:55:01.939+0000] {dag.py:3954} INFO - Setting next_dagrun for example_complex to None, run_after=None
[2024-07-02T11:55:01.974+0000] {processor.py:183} INFO - Processing /home/airflow/.local/lib/python3.12/site-packages/airflow/example_dags/example_complex.py took 0.134 seconds
[2024-07-02T11:55:32.506+0000] {processor.py:161} INFO - Started process (PID=937) to work on /home/airflow/.local/lib/python3.12/site-packages/airflow/example_dags/example_complex.py
[2024-07-02T11:55:32.507+0000] {processor.py:830} INFO - Processing file /home/airflow/.local/lib/python3.12/site-packages/airflow/example_dags/example_complex.py for tasks to queue
[2024-07-02T11:55:32.508+0000] {logging_mixin.py:188} INFO - [2024-07-02T11:55:32.508+0000] {dagbag.py:545} INFO - Filling up the DagBag from /home/airflow/.local/lib/python3.12/site-packages/airflow/example_dags/example_complex.py
[2024-07-02T11:55:32.519+0000] {processor.py:840} INFO - DAG(s) 'example_complex' retrieved from /home/airflow/.local/lib/python3.12/site-packages/airflow/example_dags/example_complex.py
[2024-07-02T11:55:32.551+0000] {logging_mixin.py:188} INFO - [2024-07-02T11:55:32.550+0000] {dag.py:3096} INFO - Sync 1 DAGs
[2024-07-02T11:55:32.563+0000] {logging_mixin.py:188} INFO - [2024-07-02T11:55:32.563+0000] {dag.py:3954} INFO - Setting next_dagrun for example_complex to None, run_after=None
[2024-07-02T11:55:32.587+0000] {processor.py:183} INFO - Processing /home/airflow/.local/lib/python3.12/site-packages/airflow/example_dags/example_complex.py took 0.089 seconds
[2024-07-02T11:56:03.576+0000] {processor.py:161} INFO - Started process (PID=1000) to work on /home/airflow/.local/lib/python3.12/site-packages/airflow/example_dags/example_complex.py
[2024-07-02T11:56:03.577+0000] {processor.py:830} INFO - Processing file /home/airflow/.local/lib/python3.12/site-packages/airflow/example_dags/example_complex.py for tasks to queue
[2024-07-02T11:56:03.578+0000] {logging_mixin.py:188} INFO - [2024-07-02T11:56:03.578+0000] {dagbag.py:545} INFO - Filling up the DagBag from /home/airflow/.local/lib/python3.12/site-packages/airflow/example_dags/example_complex.py
[2024-07-02T11:56:03.589+0000] {processor.py:840} INFO - DAG(s) 'example_complex' retrieved from /home/airflow/.local/lib/python3.12/site-packages/airflow/example_dags/example_complex.py
[2024-07-02T11:56:03.619+0000] {logging_mixin.py:188} INFO - [2024-07-02T11:56:03.618+0000] {dag.py:3096} INFO - Sync 1 DAGs
[2024-07-02T11:56:03.632+0000] {logging_mixin.py:188} INFO - [2024-07-02T11:56:03.631+0000] {dag.py:3954} INFO - Setting next_dagrun for example_complex to None, run_after=None
[2024-07-02T11:56:03.656+0000] {processor.py:183} INFO - Processing /home/airflow/.local/lib/python3.12/site-packages/airflow/example_dags/example_complex.py took 0.088 seconds
[2024-07-02T11:56:34.700+0000] {processor.py:161} INFO - Started process (PID=1062) to work on /home/airflow/.local/lib/python3.12/site-packages/airflow/example_dags/example_complex.py
[2024-07-02T11:56:34.701+0000] {processor.py:830} INFO - Processing file /home/airflow/.local/lib/python3.12/site-packages/airflow/example_dags/example_complex.py for tasks to queue
[2024-07-02T11:56:34.702+0000] {logging_mixin.py:188} INFO - [2024-07-02T11:56:34.702+0000] {dagbag.py:545} INFO - Filling up the DagBag from /home/airflow/.local/lib/python3.12/site-packages/airflow/example_dags/example_complex.py
[2024-07-02T11:56:34.710+0000] {processor.py:840} INFO - DAG(s) 'example_complex' retrieved from /home/airflow/.local/lib/python3.12/site-packages/airflow/example_dags/example_complex.py
[2024-07-02T11:56:34.738+0000] {logging_mixin.py:188} INFO - [2024-07-02T11:56:34.738+0000] {dag.py:3096} INFO - Sync 1 DAGs
[2024-07-02T11:56:34.749+0000] {logging_mixin.py:188} INFO - [2024-07-02T11:56:34.749+0000] {dag.py:3954} INFO - Setting next_dagrun for example_complex to None, run_after=None
[2024-07-02T11:56:34.768+0000] {processor.py:183} INFO - Processing /home/airflow/.local/lib/python3.12/site-packages/airflow/example_dags/example_complex.py took 0.075 seconds
[2024-07-02T11:57:05.292+0000] {processor.py:161} INFO - Started process (PID=1125) to work on /home/airflow/.local/lib/python3.12/site-packages/airflow/example_dags/example_complex.py
[2024-07-02T11:57:05.293+0000] {processor.py:830} INFO - Processing file /home/airflow/.local/lib/python3.12/site-packages/airflow/example_dags/example_complex.py for tasks to queue
[2024-07-02T11:57:05.294+0000] {logging_mixin.py:188} INFO - [2024-07-02T11:57:05.294+0000] {dagbag.py:545} INFO - Filling up the DagBag from /home/airflow/.local/lib/python3.12/site-packages/airflow/example_dags/example_complex.py
[2024-07-02T11:57:05.303+0000] {processor.py:840} INFO - DAG(s) 'example_complex' retrieved from /home/airflow/.local/lib/python3.12/site-packages/airflow/example_dags/example_complex.py
[2024-07-02T11:57:05.333+0000] {logging_mixin.py:188} INFO - [2024-07-02T11:57:05.333+0000] {dag.py:3096} INFO - Sync 1 DAGs
[2024-07-02T11:57:05.345+0000] {logging_mixin.py:188} INFO - [2024-07-02T11:57:05.345+0000] {dag.py:3954} INFO - Setting next_dagrun for example_complex to None, run_after=None
[2024-07-02T11:57:05.369+0000] {processor.py:183} INFO - Processing /home/airflow/.local/lib/python3.12/site-packages/airflow/example_dags/example_complex.py took 0.084 seconds
[2024-07-02T11:57:36.365+0000] {processor.py:161} INFO - Started process (PID=1188) to work on /home/airflow/.local/lib/python3.12/site-packages/airflow/example_dags/example_complex.py
[2024-07-02T11:57:36.366+0000] {processor.py:830} INFO - Processing file /home/airflow/.local/lib/python3.12/site-packages/airflow/example_dags/example_complex.py for tasks to queue
[2024-07-02T11:57:36.367+0000] {logging_mixin.py:188} INFO - [2024-07-02T11:57:36.367+0000] {dagbag.py:545} INFO - Filling up the DagBag from /home/airflow/.local/lib/python3.12/site-packages/airflow/example_dags/example_complex.py
[2024-07-02T11:57:36.375+0000] {processor.py:840} INFO - DAG(s) 'example_complex' retrieved from /home/airflow/.local/lib/python3.12/site-packages/airflow/example_dags/example_complex.py
[2024-07-02T11:57:36.403+0000] {logging_mixin.py:188} INFO - [2024-07-02T11:57:36.403+0000] {dag.py:3096} INFO - Sync 1 DAGs
[2024-07-02T11:57:36.414+0000] {logging_mixin.py:188} INFO - [2024-07-02T11:57:36.414+0000] {dag.py:3954} INFO - Setting next_dagrun for example_complex to None, run_after=None
[2024-07-02T11:57:36.433+0000] {processor.py:183} INFO - Processing /home/airflow/.local/lib/python3.12/site-packages/airflow/example_dags/example_complex.py took 0.074 seconds
[2024-07-02T11:58:07.116+0000] {processor.py:161} INFO - Started process (PID=1251) to work on /home/airflow/.local/lib/python3.12/site-packages/airflow/example_dags/example_complex.py
[2024-07-02T11:58:07.117+0000] {processor.py:830} INFO - Processing file /home/airflow/.local/lib/python3.12/site-packages/airflow/example_dags/example_complex.py for tasks to queue
[2024-07-02T11:58:07.118+0000] {logging_mixin.py:188} INFO - [2024-07-02T11:58:07.118+0000] {dagbag.py:545} INFO - Filling up the DagBag from /home/airflow/.local/lib/python3.12/site-packages/airflow/example_dags/example_complex.py
[2024-07-02T11:58:07.127+0000] {processor.py:840} INFO - DAG(s) 'example_complex' retrieved from /home/airflow/.local/lib/python3.12/site-packages/airflow/example_dags/example_complex.py
[2024-07-02T11:58:07.156+0000] {logging_mixin.py:188} INFO - [2024-07-02T11:58:07.156+0000] {dag.py:3096} INFO - Sync 1 DAGs
[2024-07-02T11:58:07.167+0000] {logging_mixin.py:188} INFO - [2024-07-02T11:58:07.167+0000] {dag.py:3954} INFO - Setting next_dagrun for example_complex to None, run_after=None
[2024-07-02T11:58:07.187+0000] {processor.py:183} INFO - Processing /home/airflow/.local/lib/python3.12/site-packages/airflow/example_dags/example_complex.py took 0.076 seconds
[2024-07-02T11:58:37.757+0000] {processor.py:161} INFO - Started process (PID=1314) to work on /home/airflow/.local/lib/python3.12/site-packages/airflow/example_dags/example_complex.py
[2024-07-02T11:58:37.759+0000] {processor.py:830} INFO - Processing file /home/airflow/.local/lib/python3.12/site-packages/airflow/example_dags/example_complex.py for tasks to queue
[2024-07-02T11:58:37.760+0000] {logging_mixin.py:188} INFO - [2024-07-02T11:58:37.760+0000] {dagbag.py:545} INFO - Filling up the DagBag from /home/airflow/.local/lib/python3.12/site-packages/airflow/example_dags/example_complex.py
[2024-07-02T11:58:37.769+0000] {processor.py:840} INFO - DAG(s) 'example_complex' retrieved from /home/airflow/.local/lib/python3.12/site-packages/airflow/example_dags/example_complex.py
[2024-07-02T11:58:37.796+0000] {logging_mixin.py:188} INFO - [2024-07-02T11:58:37.796+0000] {dag.py:3096} INFO - Sync 1 DAGs
[2024-07-02T11:58:37.806+0000] {logging_mixin.py:188} INFO - [2024-07-02T11:58:37.806+0000] {dag.py:3954} INFO - Setting next_dagrun for example_complex to None, run_after=None
[2024-07-02T11:58:37.825+0000] {processor.py:183} INFO - Processing /home/airflow/.local/lib/python3.12/site-packages/airflow/example_dags/example_complex.py took 0.074 seconds
[2024-07-02T11:59:08.348+0000] {processor.py:161} INFO - Started process (PID=1377) to work on /home/airflow/.local/lib/python3.12/site-packages/airflow/example_dags/example_complex.py
[2024-07-02T11:59:08.350+0000] {processor.py:830} INFO - Processing file /home/airflow/.local/lib/python3.12/site-packages/airflow/example_dags/example_complex.py for tasks to queue
[2024-07-02T11:59:08.352+0000] {logging_mixin.py:188} INFO - [2024-07-02T11:59:08.351+0000] {dagbag.py:545} INFO - Filling up the DagBag from /home/airflow/.local/lib/python3.12/site-packages/airflow/example_dags/example_complex.py
[2024-07-02T11:59:08.360+0000] {processor.py:840} INFO - DAG(s) 'example_complex' retrieved from /home/airflow/.local/lib/python3.12/site-packages/airflow/example_dags/example_complex.py
[2024-07-02T11:59:08.386+0000] {logging_mixin.py:188} INFO - [2024-07-02T11:59:08.386+0000] {dag.py:3096} INFO - Sync 1 DAGs
[2024-07-02T11:59:08.396+0000] {logging_mixin.py:188} INFO - [2024-07-02T11:59:08.396+0000] {dag.py:3954} INFO - Setting next_dagrun for example_complex to None, run_after=None
[2024-07-02T11:59:08.417+0000] {processor.py:183} INFO - Processing /home/airflow/.local/lib/python3.12/site-packages/airflow/example_dags/example_complex.py took 0.075 seconds
[2024-07-02T11:59:39.591+0000] {processor.py:161} INFO - Started process (PID=1440) to work on /home/airflow/.local/lib/python3.12/site-packages/airflow/example_dags/example_complex.py
[2024-07-02T11:59:39.592+0000] {processor.py:830} INFO - Processing file /home/airflow/.local/lib/python3.12/site-packages/airflow/example_dags/example_complex.py for tasks to queue
[2024-07-02T11:59:39.593+0000] {logging_mixin.py:188} INFO - [2024-07-02T11:59:39.593+0000] {dagbag.py:545} INFO - Filling up the DagBag from /home/airflow/.local/lib/python3.12/site-packages/airflow/example_dags/example_complex.py
[2024-07-02T11:59:39.601+0000] {processor.py:840} INFO - DAG(s) 'example_complex' retrieved from /home/airflow/.local/lib/python3.12/site-packages/airflow/example_dags/example_complex.py
[2024-07-02T11:59:39.627+0000] {logging_mixin.py:188} INFO - [2024-07-02T11:59:39.627+0000] {dag.py:3096} INFO - Sync 1 DAGs
[2024-07-02T11:59:39.638+0000] {logging_mixin.py:188} INFO - [2024-07-02T11:59:39.637+0000] {dag.py:3954} INFO - Setting next_dagrun for example_complex to None, run_after=None
[2024-07-02T11:59:39.657+0000] {processor.py:183} INFO - Processing /home/airflow/.local/lib/python3.12/site-packages/airflow/example_dags/example_complex.py took 0.072 seconds
[2024-07-02T12:00:10.303+0000] {processor.py:161} INFO - Started process (PID=1503) to work on /home/airflow/.local/lib/python3.12/site-packages/airflow/example_dags/example_complex.py
[2024-07-02T12:00:10.304+0000] {processor.py:830} INFO - Processing file /home/airflow/.local/lib/python3.12/site-packages/airflow/example_dags/example_complex.py for tasks to queue
[2024-07-02T12:00:10.305+0000] {logging_mixin.py:188} INFO - [2024-07-02T12:00:10.305+0000] {dagbag.py:545} INFO - Filling up the DagBag from /home/airflow/.local/lib/python3.12/site-packages/airflow/example_dags/example_complex.py
[2024-07-02T12:00:10.313+0000] {processor.py:840} INFO - DAG(s) 'example_complex' retrieved from /home/airflow/.local/lib/python3.12/site-packages/airflow/example_dags/example_complex.py
[2024-07-02T12:00:10.339+0000] {logging_mixin.py:188} INFO - [2024-07-02T12:00:10.339+0000] {dag.py:3096} INFO - Sync 1 DAGs
[2024-07-02T12:00:10.351+0000] {logging_mixin.py:188} INFO - [2024-07-02T12:00:10.350+0000] {dag.py:3954} INFO - Setting next_dagrun for example_complex to None, run_after=None
[2024-07-02T12:00:10.371+0000] {processor.py:183} INFO - Processing /home/airflow/.local/lib/python3.12/site-packages/airflow/example_dags/example_complex.py took 0.074 seconds
[2024-07-02T12:00:41.594+0000] {processor.py:161} INFO - Started process (PID=1566) to work on /home/airflow/.local/lib/python3.12/site-packages/airflow/example_dags/example_complex.py
[2024-07-02T12:00:41.595+0000] {processor.py:830} INFO - Processing file /home/airflow/.local/lib/python3.12/site-packages/airflow/example_dags/example_complex.py for tasks to queue
[2024-07-02T12:00:41.596+0000] {logging_mixin.py:188} INFO - [2024-07-02T12:00:41.596+0000] {dagbag.py:545} INFO - Filling up the DagBag from /home/airflow/.local/lib/python3.12/site-packages/airflow/example_dags/example_complex.py
[2024-07-02T12:00:41.604+0000] {processor.py:840} INFO - DAG(s) 'example_complex' retrieved from /home/airflow/.local/lib/python3.12/site-packages/airflow/example_dags/example_complex.py
[2024-07-02T12:00:41.634+0000] {logging_mixin.py:188} INFO - [2024-07-02T12:00:41.634+0000] {dag.py:3096} INFO - Sync 1 DAGs
[2024-07-02T12:00:41.646+0000] {logging_mixin.py:188} INFO - [2024-07-02T12:00:41.646+0000] {dag.py:3954} INFO - Setting next_dagrun for example_complex to None, run_after=None
[2024-07-02T12:00:41.669+0000] {processor.py:183} INFO - Processing /home/airflow/.local/lib/python3.12/site-packages/airflow/example_dags/example_complex.py took 0.083 seconds
[2024-07-02T12:01:12.155+0000] {processor.py:161} INFO - Started process (PID=1629) to work on /home/airflow/.local/lib/python3.12/site-packages/airflow/example_dags/example_complex.py
[2024-07-02T12:01:12.157+0000] {processor.py:830} INFO - Processing file /home/airflow/.local/lib/python3.12/site-packages/airflow/example_dags/example_complex.py for tasks to queue
[2024-07-02T12:01:12.158+0000] {logging_mixin.py:188} INFO - [2024-07-02T12:01:12.158+0000] {dagbag.py:545} INFO - Filling up the DagBag from /home/airflow/.local/lib/python3.12/site-packages/airflow/example_dags/example_complex.py
[2024-07-02T12:01:12.169+0000] {processor.py:840} INFO - DAG(s) 'example_complex' retrieved from /home/airflow/.local/lib/python3.12/site-packages/airflow/example_dags/example_complex.py
[2024-07-02T12:01:12.205+0000] {logging_mixin.py:188} INFO - [2024-07-02T12:01:12.205+0000] {dag.py:3096} INFO - Sync 1 DAGs
[2024-07-02T12:01:12.226+0000] {logging_mixin.py:188} INFO - [2024-07-02T12:01:12.225+0000] {dag.py:3954} INFO - Setting next_dagrun for example_complex to None, run_after=None
[2024-07-02T12:01:12.263+0000] {processor.py:183} INFO - Processing /home/airflow/.local/lib/python3.12/site-packages/airflow/example_dags/example_complex.py took 0.115 seconds
[2024-07-02T12:01:43.314+0000] {processor.py:161} INFO - Started process (PID=1692) to work on /home/airflow/.local/lib/python3.12/site-packages/airflow/example_dags/example_complex.py
[2024-07-02T12:01:43.315+0000] {processor.py:830} INFO - Processing file /home/airflow/.local/lib/python3.12/site-packages/airflow/example_dags/example_complex.py for tasks to queue
[2024-07-02T12:01:43.316+0000] {logging_mixin.py:188} INFO - [2024-07-02T12:01:43.316+0000] {dagbag.py:545} INFO - Filling up the DagBag from /home/airflow/.local/lib/python3.12/site-packages/airflow/example_dags/example_complex.py
[2024-07-02T12:01:43.324+0000] {processor.py:840} INFO - DAG(s) 'example_complex' retrieved from /home/airflow/.local/lib/python3.12/site-packages/airflow/example_dags/example_complex.py
[2024-07-02T12:01:43.458+0000] {logging_mixin.py:188} INFO - [2024-07-02T12:01:43.458+0000] {dag.py:3096} INFO - Sync 1 DAGs
[2024-07-02T12:01:43.469+0000] {logging_mixin.py:188} INFO - [2024-07-02T12:01:43.469+0000] {dag.py:3954} INFO - Setting next_dagrun for example_complex to None, run_after=None
[2024-07-02T12:01:43.486+0000] {processor.py:183} INFO - Processing /home/airflow/.local/lib/python3.12/site-packages/airflow/example_dags/example_complex.py took 0.180 seconds
[2024-07-02T12:02:13.962+0000] {processor.py:161} INFO - Started process (PID=1755) to work on /home/airflow/.local/lib/python3.12/site-packages/airflow/example_dags/example_complex.py
[2024-07-02T12:02:13.964+0000] {processor.py:830} INFO - Processing file /home/airflow/.local/lib/python3.12/site-packages/airflow/example_dags/example_complex.py for tasks to queue
[2024-07-02T12:02:13.965+0000] {logging_mixin.py:188} INFO - [2024-07-02T12:02:13.965+0000] {dagbag.py:545} INFO - Filling up the DagBag from /home/airflow/.local/lib/python3.12/site-packages/airflow/example_dags/example_complex.py
[2024-07-02T12:02:13.972+0000] {processor.py:840} INFO - DAG(s) 'example_complex' retrieved from /home/airflow/.local/lib/python3.12/site-packages/airflow/example_dags/example_complex.py
[2024-07-02T12:02:13.999+0000] {logging_mixin.py:188} INFO - [2024-07-02T12:02:13.999+0000] {dag.py:3096} INFO - Sync 1 DAGs
[2024-07-02T12:02:14.011+0000] {logging_mixin.py:188} INFO - [2024-07-02T12:02:14.010+0000] {dag.py:3954} INFO - Setting next_dagrun for example_complex to None, run_after=None
[2024-07-02T12:02:14.031+0000] {processor.py:183} INFO - Processing /home/airflow/.local/lib/python3.12/site-packages/airflow/example_dags/example_complex.py took 0.076 seconds
[2024-07-02T12:02:44.433+0000] {processor.py:161} INFO - Started process (PID=1818) to work on /home/airflow/.local/lib/python3.12/site-packages/airflow/example_dags/example_complex.py
[2024-07-02T12:02:44.434+0000] {processor.py:830} INFO - Processing file /home/airflow/.local/lib/python3.12/site-packages/airflow/example_dags/example_complex.py for tasks to queue
[2024-07-02T12:02:44.435+0000] {logging_mixin.py:188} INFO - [2024-07-02T12:02:44.435+0000] {dagbag.py:545} INFO - Filling up the DagBag from /home/airflow/.local/lib/python3.12/site-packages/airflow/example_dags/example_complex.py
[2024-07-02T12:02:44.444+0000] {processor.py:840} INFO - DAG(s) 'example_complex' retrieved from /home/airflow/.local/lib/python3.12/site-packages/airflow/example_dags/example_complex.py
[2024-07-02T12:02:44.471+0000] {logging_mixin.py:188} INFO - [2024-07-02T12:02:44.471+0000] {dag.py:3096} INFO - Sync 1 DAGs
[2024-07-02T12:02:44.483+0000] {logging_mixin.py:188} INFO - [2024-07-02T12:02:44.483+0000] {dag.py:3954} INFO - Setting next_dagrun for example_complex to None, run_after=None
[2024-07-02T12:02:44.501+0000] {processor.py:183} INFO - Processing /home/airflow/.local/lib/python3.12/site-packages/airflow/example_dags/example_complex.py took 0.078 seconds
[2024-07-02T12:03:14.917+0000] {processor.py:161} INFO - Started process (PID=1881) to work on /home/airflow/.local/lib/python3.12/site-packages/airflow/example_dags/example_complex.py
[2024-07-02T12:03:14.918+0000] {processor.py:830} INFO - Processing file /home/airflow/.local/lib/python3.12/site-packages/airflow/example_dags/example_complex.py for tasks to queue
[2024-07-02T12:03:14.919+0000] {logging_mixin.py:188} INFO - [2024-07-02T12:03:14.919+0000] {dagbag.py:545} INFO - Filling up the DagBag from /home/airflow/.local/lib/python3.12/site-packages/airflow/example_dags/example_complex.py
[2024-07-02T12:03:14.927+0000] {processor.py:840} INFO - DAG(s) 'example_complex' retrieved from /home/airflow/.local/lib/python3.12/site-packages/airflow/example_dags/example_complex.py
[2024-07-02T12:03:14.955+0000] {logging_mixin.py:188} INFO - [2024-07-02T12:03:14.955+0000] {dag.py:3096} INFO - Sync 1 DAGs
[2024-07-02T12:03:14.967+0000] {logging_mixin.py:188} INFO - [2024-07-02T12:03:14.967+0000] {dag.py:3954} INFO - Setting next_dagrun for example_complex to None, run_after=None
[2024-07-02T12:03:14.988+0000] {processor.py:183} INFO - Processing /home/airflow/.local/lib/python3.12/site-packages/airflow/example_dags/example_complex.py took 0.080 seconds
[2024-07-02T12:03:45.986+0000] {processor.py:161} INFO - Started process (PID=1944) to work on /home/airflow/.local/lib/python3.12/site-packages/airflow/example_dags/example_complex.py
[2024-07-02T12:03:45.987+0000] {processor.py:830} INFO - Processing file /home/airflow/.local/lib/python3.12/site-packages/airflow/example_dags/example_complex.py for tasks to queue
[2024-07-02T12:03:45.988+0000] {logging_mixin.py:188} INFO - [2024-07-02T12:03:45.987+0000] {dagbag.py:545} INFO - Filling up the DagBag from /home/airflow/.local/lib/python3.12/site-packages/airflow/example_dags/example_complex.py
[2024-07-02T12:03:45.996+0000] {processor.py:840} INFO - DAG(s) 'example_complex' retrieved from /home/airflow/.local/lib/python3.12/site-packages/airflow/example_dags/example_complex.py
[2024-07-02T12:03:46.026+0000] {logging_mixin.py:188} INFO - [2024-07-02T12:03:46.026+0000] {dag.py:3096} INFO - Sync 1 DAGs
[2024-07-02T12:03:46.040+0000] {logging_mixin.py:188} INFO - [2024-07-02T12:03:46.039+0000] {dag.py:3954} INFO - Setting next_dagrun for example_complex to None, run_after=None
[2024-07-02T12:03:46.060+0000] {processor.py:183} INFO - Processing /home/airflow/.local/lib/python3.12/site-packages/airflow/example_dags/example_complex.py took 0.085 seconds
[2024-07-02T12:04:16.488+0000] {processor.py:161} INFO - Started process (PID=2007) to work on /home/airflow/.local/lib/python3.12/site-packages/airflow/example_dags/example_complex.py
[2024-07-02T12:04:16.489+0000] {processor.py:830} INFO - Processing file /home/airflow/.local/lib/python3.12/site-packages/airflow/example_dags/example_complex.py for tasks to queue
[2024-07-02T12:04:16.491+0000] {logging_mixin.py:188} INFO - [2024-07-02T12:04:16.490+0000] {dagbag.py:545} INFO - Filling up the DagBag from /home/airflow/.local/lib/python3.12/site-packages/airflow/example_dags/example_complex.py
[2024-07-02T12:04:16.499+0000] {processor.py:840} INFO - DAG(s) 'example_complex' retrieved from /home/airflow/.local/lib/python3.12/site-packages/airflow/example_dags/example_complex.py
[2024-07-02T12:04:16.526+0000] {logging_mixin.py:188} INFO - [2024-07-02T12:04:16.526+0000] {dag.py:3096} INFO - Sync 1 DAGs
[2024-07-02T12:04:16.537+0000] {logging_mixin.py:188} INFO - [2024-07-02T12:04:16.537+0000] {dag.py:3954} INFO - Setting next_dagrun for example_complex to None, run_after=None
[2024-07-02T12:04:16.555+0000] {processor.py:183} INFO - Processing /home/airflow/.local/lib/python3.12/site-packages/airflow/example_dags/example_complex.py took 0.076 seconds
[2024-07-02T12:04:46.919+0000] {processor.py:161} INFO - Started process (PID=2069) to work on /home/airflow/.local/lib/python3.12/site-packages/airflow/example_dags/example_complex.py
[2024-07-02T12:04:46.920+0000] {processor.py:830} INFO - Processing file /home/airflow/.local/lib/python3.12/site-packages/airflow/example_dags/example_complex.py for tasks to queue
[2024-07-02T12:04:46.921+0000] {logging_mixin.py:188} INFO - [2024-07-02T12:04:46.921+0000] {dagbag.py:545} INFO - Filling up the DagBag from /home/airflow/.local/lib/python3.12/site-packages/airflow/example_dags/example_complex.py
[2024-07-02T12:04:46.929+0000] {processor.py:840} INFO - DAG(s) 'example_complex' retrieved from /home/airflow/.local/lib/python3.12/site-packages/airflow/example_dags/example_complex.py
[2024-07-02T12:04:46.957+0000] {logging_mixin.py:188} INFO - [2024-07-02T12:04:46.957+0000] {dag.py:3096} INFO - Sync 1 DAGs
[2024-07-02T12:04:46.969+0000] {logging_mixin.py:188} INFO - [2024-07-02T12:04:46.969+0000] {dag.py:3954} INFO - Setting next_dagrun for example_complex to None, run_after=None
[2024-07-02T12:04:46.991+0000] {processor.py:183} INFO - Processing /home/airflow/.local/lib/python3.12/site-packages/airflow/example_dags/example_complex.py took 0.081 seconds
[2024-07-02T12:05:17.760+0000] {processor.py:161} INFO - Started process (PID=2132) to work on /home/airflow/.local/lib/python3.12/site-packages/airflow/example_dags/example_complex.py
[2024-07-02T12:05:17.761+0000] {processor.py:830} INFO - Processing file /home/airflow/.local/lib/python3.12/site-packages/airflow/example_dags/example_complex.py for tasks to queue
[2024-07-02T12:05:17.762+0000] {logging_mixin.py:188} INFO - [2024-07-02T12:05:17.762+0000] {dagbag.py:545} INFO - Filling up the DagBag from /home/airflow/.local/lib/python3.12/site-packages/airflow/example_dags/example_complex.py
[2024-07-02T12:05:17.770+0000] {processor.py:840} INFO - DAG(s) 'example_complex' retrieved from /home/airflow/.local/lib/python3.12/site-packages/airflow/example_dags/example_complex.py
[2024-07-02T12:05:17.797+0000] {logging_mixin.py:188} INFO - [2024-07-02T12:05:17.797+0000] {dag.py:3096} INFO - Sync 1 DAGs
[2024-07-02T12:05:17.808+0000] {logging_mixin.py:188} INFO - [2024-07-02T12:05:17.808+0000] {dag.py:3954} INFO - Setting next_dagrun for example_complex to None, run_after=None
[2024-07-02T12:05:17.827+0000] {processor.py:183} INFO - Processing /home/airflow/.local/lib/python3.12/site-packages/airflow/example_dags/example_complex.py took 0.076 seconds
[2024-07-02T12:07:42.308+0000] {processor.py:161} INFO - Started process (PID=40) to work on /home/airflow/.local/lib/python3.12/site-packages/airflow/example_dags/example_complex.py
[2024-07-02T12:07:42.310+0000] {processor.py:830} INFO - Processing file /home/airflow/.local/lib/python3.12/site-packages/airflow/example_dags/example_complex.py for tasks to queue
[2024-07-02T12:07:42.312+0000] {logging_mixin.py:188} INFO - [2024-07-02T12:07:42.312+0000] {dagbag.py:545} INFO - Filling up the DagBag from /home/airflow/.local/lib/python3.12/site-packages/airflow/example_dags/example_complex.py
[2024-07-02T12:07:42.326+0000] {processor.py:840} INFO - DAG(s) 'example_complex' retrieved from /home/airflow/.local/lib/python3.12/site-packages/airflow/example_dags/example_complex.py
[2024-07-02T12:07:42.340+0000] {logging_mixin.py:188} INFO - [2024-07-02T12:07:42.339+0000] {dag.py:3096} INFO - Sync 1 DAGs
[2024-07-02T12:07:42.351+0000] {logging_mixin.py:188} INFO - [2024-07-02T12:07:42.351+0000] {dag.py:3954} INFO - Setting next_dagrun for example_complex to None, run_after=None
[2024-07-02T12:07:42.376+0000] {processor.py:183} INFO - Processing /home/airflow/.local/lib/python3.12/site-packages/airflow/example_dags/example_complex.py took 0.074 seconds
[2024-07-02T12:08:12.873+0000] {processor.py:161} INFO - Started process (PID=103) to work on /home/airflow/.local/lib/python3.12/site-packages/airflow/example_dags/example_complex.py
[2024-07-02T12:08:12.875+0000] {processor.py:830} INFO - Processing file /home/airflow/.local/lib/python3.12/site-packages/airflow/example_dags/example_complex.py for tasks to queue
[2024-07-02T12:08:12.877+0000] {logging_mixin.py:188} INFO - [2024-07-02T12:08:12.876+0000] {dagbag.py:545} INFO - Filling up the DagBag from /home/airflow/.local/lib/python3.12/site-packages/airflow/example_dags/example_complex.py
[2024-07-02T12:08:12.885+0000] {processor.py:840} INFO - DAG(s) 'example_complex' retrieved from /home/airflow/.local/lib/python3.12/site-packages/airflow/example_dags/example_complex.py
[2024-07-02T12:08:12.978+0000] {logging_mixin.py:188} INFO - [2024-07-02T12:08:12.978+0000] {dag.py:3096} INFO - Sync 1 DAGs
[2024-07-02T12:08:12.987+0000] {logging_mixin.py:188} INFO - [2024-07-02T12:08:12.987+0000] {dag.py:3954} INFO - Setting next_dagrun for example_complex to None, run_after=None
[2024-07-02T12:08:13.010+0000] {processor.py:183} INFO - Processing /home/airflow/.local/lib/python3.12/site-packages/airflow/example_dags/example_complex.py took 0.142 seconds
[2024-07-02T12:08:44.262+0000] {processor.py:161} INFO - Started process (PID=166) to work on /home/airflow/.local/lib/python3.12/site-packages/airflow/example_dags/example_complex.py
[2024-07-02T12:08:44.263+0000] {processor.py:830} INFO - Processing file /home/airflow/.local/lib/python3.12/site-packages/airflow/example_dags/example_complex.py for tasks to queue
[2024-07-02T12:08:44.265+0000] {logging_mixin.py:188} INFO - [2024-07-02T12:08:44.265+0000] {dagbag.py:545} INFO - Filling up the DagBag from /home/airflow/.local/lib/python3.12/site-packages/airflow/example_dags/example_complex.py
[2024-07-02T12:08:44.274+0000] {processor.py:840} INFO - DAG(s) 'example_complex' retrieved from /home/airflow/.local/lib/python3.12/site-packages/airflow/example_dags/example_complex.py
[2024-07-02T12:08:44.302+0000] {logging_mixin.py:188} INFO - [2024-07-02T12:08:44.302+0000] {dag.py:3096} INFO - Sync 1 DAGs
[2024-07-02T12:08:44.312+0000] {logging_mixin.py:188} INFO - [2024-07-02T12:08:44.312+0000] {dag.py:3954} INFO - Setting next_dagrun for example_complex to None, run_after=None
[2024-07-02T12:08:44.333+0000] {processor.py:183} INFO - Processing /home/airflow/.local/lib/python3.12/site-packages/airflow/example_dags/example_complex.py took 0.077 seconds
[2024-07-02T12:09:15.031+0000] {processor.py:161} INFO - Started process (PID=229) to work on /home/airflow/.local/lib/python3.12/site-packages/airflow/example_dags/example_complex.py
[2024-07-02T12:09:15.032+0000] {processor.py:830} INFO - Processing file /home/airflow/.local/lib/python3.12/site-packages/airflow/example_dags/example_complex.py for tasks to queue
[2024-07-02T12:09:15.035+0000] {logging_mixin.py:188} INFO - [2024-07-02T12:09:15.034+0000] {dagbag.py:545} INFO - Filling up the DagBag from /home/airflow/.local/lib/python3.12/site-packages/airflow/example_dags/example_complex.py
[2024-07-02T12:09:15.046+0000] {processor.py:840} INFO - DAG(s) 'example_complex' retrieved from /home/airflow/.local/lib/python3.12/site-packages/airflow/example_dags/example_complex.py
[2024-07-02T12:09:15.061+0000] {logging_mixin.py:188} INFO - [2024-07-02T12:09:15.061+0000] {dag.py:3096} INFO - Sync 1 DAGs
[2024-07-02T12:09:15.083+0000] {logging_mixin.py:188} INFO - [2024-07-02T12:09:15.083+0000] {dag.py:3954} INFO - Setting next_dagrun for example_complex to None, run_after=None
[2024-07-02T12:09:15.114+0000] {processor.py:183} INFO - Processing /home/airflow/.local/lib/python3.12/site-packages/airflow/example_dags/example_complex.py took 0.089 seconds
[2024-07-02T12:09:46.136+0000] {processor.py:161} INFO - Started process (PID=292) to work on /home/airflow/.local/lib/python3.12/site-packages/airflow/example_dags/example_complex.py
[2024-07-02T12:09:46.138+0000] {processor.py:830} INFO - Processing file /home/airflow/.local/lib/python3.12/site-packages/airflow/example_dags/example_complex.py for tasks to queue
[2024-07-02T12:09:46.140+0000] {logging_mixin.py:188} INFO - [2024-07-02T12:09:46.140+0000] {dagbag.py:545} INFO - Filling up the DagBag from /home/airflow/.local/lib/python3.12/site-packages/airflow/example_dags/example_complex.py
[2024-07-02T12:09:46.151+0000] {processor.py:840} INFO - DAG(s) 'example_complex' retrieved from /home/airflow/.local/lib/python3.12/site-packages/airflow/example_dags/example_complex.py
[2024-07-02T12:09:46.267+0000] {logging_mixin.py:188} INFO - [2024-07-02T12:09:46.267+0000] {dag.py:3096} INFO - Sync 1 DAGs
[2024-07-02T12:09:46.278+0000] {logging_mixin.py:188} INFO - [2024-07-02T12:09:46.278+0000] {dag.py:3954} INFO - Setting next_dagrun for example_complex to None, run_after=None
[2024-07-02T12:09:46.301+0000] {processor.py:183} INFO - Processing /home/airflow/.local/lib/python3.12/site-packages/airflow/example_dags/example_complex.py took 0.171 seconds
[2024-07-02T12:10:16.681+0000] {processor.py:161} INFO - Started process (PID=355) to work on /home/airflow/.local/lib/python3.12/site-packages/airflow/example_dags/example_complex.py
[2024-07-02T12:10:16.683+0000] {processor.py:830} INFO - Processing file /home/airflow/.local/lib/python3.12/site-packages/airflow/example_dags/example_complex.py for tasks to queue
[2024-07-02T12:10:16.685+0000] {logging_mixin.py:188} INFO - [2024-07-02T12:10:16.684+0000] {dagbag.py:545} INFO - Filling up the DagBag from /home/airflow/.local/lib/python3.12/site-packages/airflow/example_dags/example_complex.py
[2024-07-02T12:10:16.693+0000] {processor.py:840} INFO - DAG(s) 'example_complex' retrieved from /home/airflow/.local/lib/python3.12/site-packages/airflow/example_dags/example_complex.py
[2024-07-02T12:10:16.720+0000] {logging_mixin.py:188} INFO - [2024-07-02T12:10:16.720+0000] {dag.py:3096} INFO - Sync 1 DAGs
[2024-07-02T12:10:16.731+0000] {logging_mixin.py:188} INFO - [2024-07-02T12:10:16.731+0000] {dag.py:3954} INFO - Setting next_dagrun for example_complex to None, run_after=None
[2024-07-02T12:10:16.753+0000] {processor.py:183} INFO - Processing /home/airflow/.local/lib/python3.12/site-packages/airflow/example_dags/example_complex.py took 0.076 seconds
[2024-07-02T12:10:47.740+0000] {processor.py:161} INFO - Started process (PID=418) to work on /home/airflow/.local/lib/python3.12/site-packages/airflow/example_dags/example_complex.py
[2024-07-02T12:10:47.741+0000] {processor.py:830} INFO - Processing file /home/airflow/.local/lib/python3.12/site-packages/airflow/example_dags/example_complex.py for tasks to queue
[2024-07-02T12:10:47.743+0000] {logging_mixin.py:188} INFO - [2024-07-02T12:10:47.743+0000] {dagbag.py:545} INFO - Filling up the DagBag from /home/airflow/.local/lib/python3.12/site-packages/airflow/example_dags/example_complex.py
[2024-07-02T12:10:47.751+0000] {processor.py:840} INFO - DAG(s) 'example_complex' retrieved from /home/airflow/.local/lib/python3.12/site-packages/airflow/example_dags/example_complex.py
[2024-07-02T12:10:47.777+0000] {logging_mixin.py:188} INFO - [2024-07-02T12:10:47.777+0000] {dag.py:3096} INFO - Sync 1 DAGs
[2024-07-02T12:10:47.791+0000] {logging_mixin.py:188} INFO - [2024-07-02T12:10:47.791+0000] {dag.py:3954} INFO - Setting next_dagrun for example_complex to None, run_after=None
[2024-07-02T12:10:47.815+0000] {processor.py:183} INFO - Processing /home/airflow/.local/lib/python3.12/site-packages/airflow/example_dags/example_complex.py took 0.080 seconds
[2024-07-02T12:11:18.343+0000] {processor.py:161} INFO - Started process (PID=482) to work on /home/airflow/.local/lib/python3.12/site-packages/airflow/example_dags/example_complex.py
[2024-07-02T12:11:18.344+0000] {processor.py:830} INFO - Processing file /home/airflow/.local/lib/python3.12/site-packages/airflow/example_dags/example_complex.py for tasks to queue
[2024-07-02T12:11:18.346+0000] {logging_mixin.py:188} INFO - [2024-07-02T12:11:18.345+0000] {dagbag.py:545} INFO - Filling up the DagBag from /home/airflow/.local/lib/python3.12/site-packages/airflow/example_dags/example_complex.py
[2024-07-02T12:11:18.353+0000] {processor.py:840} INFO - DAG(s) 'example_complex' retrieved from /home/airflow/.local/lib/python3.12/site-packages/airflow/example_dags/example_complex.py
[2024-07-02T12:11:18.379+0000] {logging_mixin.py:188} INFO - [2024-07-02T12:11:18.379+0000] {dag.py:3096} INFO - Sync 1 DAGs
[2024-07-02T12:11:18.390+0000] {logging_mixin.py:188} INFO - [2024-07-02T12:11:18.390+0000] {dag.py:3954} INFO - Setting next_dagrun for example_complex to None, run_after=None
[2024-07-02T12:11:18.409+0000] {processor.py:183} INFO - Processing /home/airflow/.local/lib/python3.12/site-packages/airflow/example_dags/example_complex.py took 0.071 seconds
[2024-07-02T12:11:49.338+0000] {processor.py:161} INFO - Started process (PID=545) to work on /home/airflow/.local/lib/python3.12/site-packages/airflow/example_dags/example_complex.py
[2024-07-02T12:11:49.340+0000] {processor.py:830} INFO - Processing file /home/airflow/.local/lib/python3.12/site-packages/airflow/example_dags/example_complex.py for tasks to queue
[2024-07-02T12:11:49.344+0000] {logging_mixin.py:188} INFO - [2024-07-02T12:11:49.343+0000] {dagbag.py:545} INFO - Filling up the DagBag from /home/airflow/.local/lib/python3.12/site-packages/airflow/example_dags/example_complex.py
[2024-07-02T12:11:49.361+0000] {processor.py:840} INFO - DAG(s) 'example_complex' retrieved from /home/airflow/.local/lib/python3.12/site-packages/airflow/example_dags/example_complex.py
[2024-07-02T12:11:49.401+0000] {logging_mixin.py:188} INFO - [2024-07-02T12:11:49.401+0000] {dag.py:3096} INFO - Sync 1 DAGs
[2024-07-02T12:11:49.419+0000] {logging_mixin.py:188} INFO - [2024-07-02T12:11:49.418+0000] {dag.py:3954} INFO - Setting next_dagrun for example_complex to None, run_after=None
[2024-07-02T12:11:49.449+0000] {processor.py:183} INFO - Processing /home/airflow/.local/lib/python3.12/site-packages/airflow/example_dags/example_complex.py took 0.122 seconds
[2024-07-02T12:12:20.410+0000] {processor.py:161} INFO - Started process (PID=608) to work on /home/airflow/.local/lib/python3.12/site-packages/airflow/example_dags/example_complex.py
[2024-07-02T12:12:20.412+0000] {processor.py:830} INFO - Processing file /home/airflow/.local/lib/python3.12/site-packages/airflow/example_dags/example_complex.py for tasks to queue
[2024-07-02T12:12:20.415+0000] {logging_mixin.py:188} INFO - [2024-07-02T12:12:20.414+0000] {dagbag.py:545} INFO - Filling up the DagBag from /home/airflow/.local/lib/python3.12/site-packages/airflow/example_dags/example_complex.py
[2024-07-02T12:12:20.431+0000] {processor.py:840} INFO - DAG(s) 'example_complex' retrieved from /home/airflow/.local/lib/python3.12/site-packages/airflow/example_dags/example_complex.py
[2024-07-02T12:12:20.462+0000] {logging_mixin.py:188} INFO - [2024-07-02T12:12:20.462+0000] {dag.py:3096} INFO - Sync 1 DAGs
[2024-07-02T12:12:20.474+0000] {logging_mixin.py:188} INFO - [2024-07-02T12:12:20.473+0000] {dag.py:3954} INFO - Setting next_dagrun for example_complex to None, run_after=None
[2024-07-02T12:12:20.495+0000] {processor.py:183} INFO - Processing /home/airflow/.local/lib/python3.12/site-packages/airflow/example_dags/example_complex.py took 0.098 seconds
[2024-07-02T12:12:51.834+0000] {processor.py:161} INFO - Started process (PID=671) to work on /home/airflow/.local/lib/python3.12/site-packages/airflow/example_dags/example_complex.py
[2024-07-02T12:12:51.835+0000] {processor.py:830} INFO - Processing file /home/airflow/.local/lib/python3.12/site-packages/airflow/example_dags/example_complex.py for tasks to queue
[2024-07-02T12:12:51.838+0000] {logging_mixin.py:188} INFO - [2024-07-02T12:12:51.837+0000] {dagbag.py:545} INFO - Filling up the DagBag from /home/airflow/.local/lib/python3.12/site-packages/airflow/example_dags/example_complex.py
[2024-07-02T12:12:51.846+0000] {processor.py:840} INFO - DAG(s) 'example_complex' retrieved from /home/airflow/.local/lib/python3.12/site-packages/airflow/example_dags/example_complex.py
[2024-07-02T12:12:51.875+0000] {logging_mixin.py:188} INFO - [2024-07-02T12:12:51.874+0000] {dag.py:3096} INFO - Sync 1 DAGs
[2024-07-02T12:12:51.886+0000] {logging_mixin.py:188} INFO - [2024-07-02T12:12:51.886+0000] {dag.py:3954} INFO - Setting next_dagrun for example_complex to None, run_after=None
[2024-07-02T12:12:51.905+0000] {processor.py:183} INFO - Processing /home/airflow/.local/lib/python3.12/site-packages/airflow/example_dags/example_complex.py took 0.078 seconds
[2024-07-02T12:13:22.934+0000] {processor.py:161} INFO - Started process (PID=734) to work on /home/airflow/.local/lib/python3.12/site-packages/airflow/example_dags/example_complex.py
[2024-07-02T12:13:22.935+0000] {processor.py:830} INFO - Processing file /home/airflow/.local/lib/python3.12/site-packages/airflow/example_dags/example_complex.py for tasks to queue
[2024-07-02T12:13:22.937+0000] {logging_mixin.py:188} INFO - [2024-07-02T12:13:22.937+0000] {dagbag.py:545} INFO - Filling up the DagBag from /home/airflow/.local/lib/python3.12/site-packages/airflow/example_dags/example_complex.py
[2024-07-02T12:13:22.946+0000] {processor.py:840} INFO - DAG(s) 'example_complex' retrieved from /home/airflow/.local/lib/python3.12/site-packages/airflow/example_dags/example_complex.py
[2024-07-02T12:13:22.979+0000] {logging_mixin.py:188} INFO - [2024-07-02T12:13:22.978+0000] {dag.py:3096} INFO - Sync 1 DAGs
[2024-07-02T12:13:22.991+0000] {logging_mixin.py:188} INFO - [2024-07-02T12:13:22.991+0000] {dag.py:3954} INFO - Setting next_dagrun for example_complex to None, run_after=None
[2024-07-02T12:13:23.014+0000] {processor.py:183} INFO - Processing /home/airflow/.local/lib/python3.12/site-packages/airflow/example_dags/example_complex.py took 0.085 seconds
[2024-07-02T12:13:53.438+0000] {processor.py:161} INFO - Started process (PID=797) to work on /home/airflow/.local/lib/python3.12/site-packages/airflow/example_dags/example_complex.py
[2024-07-02T12:13:53.439+0000] {processor.py:830} INFO - Processing file /home/airflow/.local/lib/python3.12/site-packages/airflow/example_dags/example_complex.py for tasks to queue
[2024-07-02T12:13:53.441+0000] {logging_mixin.py:188} INFO - [2024-07-02T12:13:53.441+0000] {dagbag.py:545} INFO - Filling up the DagBag from /home/airflow/.local/lib/python3.12/site-packages/airflow/example_dags/example_complex.py
[2024-07-02T12:13:53.449+0000] {processor.py:840} INFO - DAG(s) 'example_complex' retrieved from /home/airflow/.local/lib/python3.12/site-packages/airflow/example_dags/example_complex.py
[2024-07-02T12:13:53.476+0000] {logging_mixin.py:188} INFO - [2024-07-02T12:13:53.476+0000] {dag.py:3096} INFO - Sync 1 DAGs
[2024-07-02T12:13:53.488+0000] {logging_mixin.py:188} INFO - [2024-07-02T12:13:53.488+0000] {dag.py:3954} INFO - Setting next_dagrun for example_complex to None, run_after=None
[2024-07-02T12:13:53.507+0000] {processor.py:183} INFO - Processing /home/airflow/.local/lib/python3.12/site-packages/airflow/example_dags/example_complex.py took 0.074 seconds
[2024-07-02T12:14:24.837+0000] {processor.py:161} INFO - Started process (PID=860) to work on /home/airflow/.local/lib/python3.12/site-packages/airflow/example_dags/example_complex.py
[2024-07-02T12:14:24.840+0000] {processor.py:830} INFO - Processing file /home/airflow/.local/lib/python3.12/site-packages/airflow/example_dags/example_complex.py for tasks to queue
[2024-07-02T12:14:24.842+0000] {logging_mixin.py:188} INFO - [2024-07-02T12:14:24.842+0000] {dagbag.py:545} INFO - Filling up the DagBag from /home/airflow/.local/lib/python3.12/site-packages/airflow/example_dags/example_complex.py
[2024-07-02T12:14:24.851+0000] {processor.py:840} INFO - DAG(s) 'example_complex' retrieved from /home/airflow/.local/lib/python3.12/site-packages/airflow/example_dags/example_complex.py
[2024-07-02T12:14:24.866+0000] {logging_mixin.py:188} INFO - [2024-07-02T12:14:24.866+0000] {dag.py:3096} INFO - Sync 1 DAGs
[2024-07-02T12:14:24.879+0000] {logging_mixin.py:188} INFO - [2024-07-02T12:14:24.879+0000] {dag.py:3954} INFO - Setting next_dagrun for example_complex to None, run_after=None
[2024-07-02T12:14:24.904+0000] {processor.py:183} INFO - Processing /home/airflow/.local/lib/python3.12/site-packages/airflow/example_dags/example_complex.py took 0.073 seconds
[2024-07-02T12:14:55.336+0000] {processor.py:161} INFO - Started process (PID=923) to work on /home/airflow/.local/lib/python3.12/site-packages/airflow/example_dags/example_complex.py
[2024-07-02T12:14:55.337+0000] {processor.py:830} INFO - Processing file /home/airflow/.local/lib/python3.12/site-packages/airflow/example_dags/example_complex.py for tasks to queue
[2024-07-02T12:14:55.340+0000] {logging_mixin.py:188} INFO - [2024-07-02T12:14:55.339+0000] {dagbag.py:545} INFO - Filling up the DagBag from /home/airflow/.local/lib/python3.12/site-packages/airflow/example_dags/example_complex.py
[2024-07-02T12:14:55.349+0000] {processor.py:840} INFO - DAG(s) 'example_complex' retrieved from /home/airflow/.local/lib/python3.12/site-packages/airflow/example_dags/example_complex.py
[2024-07-02T12:14:55.438+0000] {logging_mixin.py:188} INFO - [2024-07-02T12:14:55.437+0000] {dag.py:3096} INFO - Sync 1 DAGs
[2024-07-02T12:14:55.446+0000] {logging_mixin.py:188} INFO - [2024-07-02T12:14:55.446+0000] {dag.py:3954} INFO - Setting next_dagrun for example_complex to None, run_after=None
[2024-07-02T12:14:55.467+0000] {processor.py:183} INFO - Processing /home/airflow/.local/lib/python3.12/site-packages/airflow/example_dags/example_complex.py took 0.136 seconds
[2024-07-02T12:15:25.791+0000] {processor.py:161} INFO - Started process (PID=985) to work on /home/airflow/.local/lib/python3.12/site-packages/airflow/example_dags/example_complex.py
[2024-07-02T12:15:25.792+0000] {processor.py:830} INFO - Processing file /home/airflow/.local/lib/python3.12/site-packages/airflow/example_dags/example_complex.py for tasks to queue
[2024-07-02T12:15:25.794+0000] {logging_mixin.py:188} INFO - [2024-07-02T12:15:25.794+0000] {dagbag.py:545} INFO - Filling up the DagBag from /home/airflow/.local/lib/python3.12/site-packages/airflow/example_dags/example_complex.py
[2024-07-02T12:15:25.802+0000] {processor.py:840} INFO - DAG(s) 'example_complex' retrieved from /home/airflow/.local/lib/python3.12/site-packages/airflow/example_dags/example_complex.py
[2024-07-02T12:15:25.827+0000] {logging_mixin.py:188} INFO - [2024-07-02T12:15:25.827+0000] {dag.py:3096} INFO - Sync 1 DAGs
[2024-07-02T12:15:25.838+0000] {logging_mixin.py:188} INFO - [2024-07-02T12:15:25.837+0000] {dag.py:3954} INFO - Setting next_dagrun for example_complex to None, run_after=None
[2024-07-02T12:15:25.861+0000] {processor.py:183} INFO - Processing /home/airflow/.local/lib/python3.12/site-packages/airflow/example_dags/example_complex.py took 0.075 seconds
[2024-07-02T12:18:51.279+0000] {processor.py:161} INFO - Started process (PID=43) to work on /home/airflow/.local/lib/python3.12/site-packages/airflow/example_dags/example_complex.py
[2024-07-02T12:18:51.281+0000] {processor.py:830} INFO - Processing file /home/airflow/.local/lib/python3.12/site-packages/airflow/example_dags/example_complex.py for tasks to queue
[2024-07-02T12:18:51.283+0000] {logging_mixin.py:188} INFO - [2024-07-02T12:18:51.283+0000] {dagbag.py:545} INFO - Filling up the DagBag from /home/airflow/.local/lib/python3.12/site-packages/airflow/example_dags/example_complex.py
[2024-07-02T12:18:51.302+0000] {processor.py:840} INFO - DAG(s) 'example_complex' retrieved from /home/airflow/.local/lib/python3.12/site-packages/airflow/example_dags/example_complex.py
[2024-07-02T12:18:51.319+0000] {logging_mixin.py:188} INFO - [2024-07-02T12:18:51.319+0000] {dag.py:3096} INFO - Sync 1 DAGs
[2024-07-02T12:18:51.335+0000] {logging_mixin.py:188} INFO - [2024-07-02T12:18:51.335+0000] {dag.py:3954} INFO - Setting next_dagrun for example_complex to None, run_after=None
[2024-07-02T12:18:51.362+0000] {processor.py:183} INFO - Processing /home/airflow/.local/lib/python3.12/site-packages/airflow/example_dags/example_complex.py took 0.089 seconds
[2024-07-02T12:19:22.664+0000] {processor.py:161} INFO - Started process (PID=106) to work on /home/airflow/.local/lib/python3.12/site-packages/airflow/example_dags/example_complex.py
[2024-07-02T12:19:22.665+0000] {processor.py:830} INFO - Processing file /home/airflow/.local/lib/python3.12/site-packages/airflow/example_dags/example_complex.py for tasks to queue
[2024-07-02T12:19:22.668+0000] {logging_mixin.py:188} INFO - [2024-07-02T12:19:22.668+0000] {dagbag.py:545} INFO - Filling up the DagBag from /home/airflow/.local/lib/python3.12/site-packages/airflow/example_dags/example_complex.py
[2024-07-02T12:19:22.679+0000] {processor.py:840} INFO - DAG(s) 'example_complex' retrieved from /home/airflow/.local/lib/python3.12/site-packages/airflow/example_dags/example_complex.py
[2024-07-02T12:19:22.787+0000] {logging_mixin.py:188} INFO - [2024-07-02T12:19:22.786+0000] {dag.py:3096} INFO - Sync 1 DAGs
[2024-07-02T12:19:22.796+0000] {logging_mixin.py:188} INFO - [2024-07-02T12:19:22.796+0000] {dag.py:3954} INFO - Setting next_dagrun for example_complex to None, run_after=None
[2024-07-02T12:19:22.819+0000] {processor.py:183} INFO - Processing /home/airflow/.local/lib/python3.12/site-packages/airflow/example_dags/example_complex.py took 0.160 seconds
[2024-07-02T12:19:53.729+0000] {processor.py:161} INFO - Started process (PID=169) to work on /home/airflow/.local/lib/python3.12/site-packages/airflow/example_dags/example_complex.py
[2024-07-02T12:19:53.730+0000] {processor.py:830} INFO - Processing file /home/airflow/.local/lib/python3.12/site-packages/airflow/example_dags/example_complex.py for tasks to queue
[2024-07-02T12:19:53.732+0000] {logging_mixin.py:188} INFO - [2024-07-02T12:19:53.732+0000] {dagbag.py:545} INFO - Filling up the DagBag from /home/airflow/.local/lib/python3.12/site-packages/airflow/example_dags/example_complex.py
[2024-07-02T12:19:53.740+0000] {processor.py:840} INFO - DAG(s) 'example_complex' retrieved from /home/airflow/.local/lib/python3.12/site-packages/airflow/example_dags/example_complex.py
[2024-07-02T12:19:53.768+0000] {logging_mixin.py:188} INFO - [2024-07-02T12:19:53.768+0000] {dag.py:3096} INFO - Sync 1 DAGs
[2024-07-02T12:19:53.778+0000] {logging_mixin.py:188} INFO - [2024-07-02T12:19:53.778+0000] {dag.py:3954} INFO - Setting next_dagrun for example_complex to None, run_after=None
[2024-07-02T12:19:53.798+0000] {processor.py:183} INFO - Processing /home/airflow/.local/lib/python3.12/site-packages/airflow/example_dags/example_complex.py took 0.074 seconds
[2024-07-02T12:20:24.579+0000] {processor.py:161} INFO - Started process (PID=232) to work on /home/airflow/.local/lib/python3.12/site-packages/airflow/example_dags/example_complex.py
[2024-07-02T12:20:24.580+0000] {processor.py:830} INFO - Processing file /home/airflow/.local/lib/python3.12/site-packages/airflow/example_dags/example_complex.py for tasks to queue
[2024-07-02T12:20:24.582+0000] {logging_mixin.py:188} INFO - [2024-07-02T12:20:24.582+0000] {dagbag.py:545} INFO - Filling up the DagBag from /home/airflow/.local/lib/python3.12/site-packages/airflow/example_dags/example_complex.py
[2024-07-02T12:20:24.590+0000] {processor.py:840} INFO - DAG(s) 'example_complex' retrieved from /home/airflow/.local/lib/python3.12/site-packages/airflow/example_dags/example_complex.py
[2024-07-02T12:20:24.617+0000] {logging_mixin.py:188} INFO - [2024-07-02T12:20:24.617+0000] {dag.py:3096} INFO - Sync 1 DAGs
[2024-07-02T12:20:24.629+0000] {logging_mixin.py:188} INFO - [2024-07-02T12:20:24.628+0000] {dag.py:3954} INFO - Setting next_dagrun for example_complex to None, run_after=None
[2024-07-02T12:20:24.647+0000] {processor.py:183} INFO - Processing /home/airflow/.local/lib/python3.12/site-packages/airflow/example_dags/example_complex.py took 0.074 seconds
[2024-07-02T12:20:54.859+0000] {processor.py:161} INFO - Started process (PID=297) to work on /home/airflow/.local/lib/python3.12/site-packages/airflow/example_dags/example_complex.py
[2024-07-02T12:20:54.861+0000] {processor.py:830} INFO - Processing file /home/airflow/.local/lib/python3.12/site-packages/airflow/example_dags/example_complex.py for tasks to queue
[2024-07-02T12:20:54.863+0000] {logging_mixin.py:188} INFO - [2024-07-02T12:20:54.862+0000] {dagbag.py:545} INFO - Filling up the DagBag from /home/airflow/.local/lib/python3.12/site-packages/airflow/example_dags/example_complex.py
[2024-07-02T12:20:54.871+0000] {processor.py:840} INFO - DAG(s) 'example_complex' retrieved from /home/airflow/.local/lib/python3.12/site-packages/airflow/example_dags/example_complex.py
[2024-07-02T12:20:54.902+0000] {logging_mixin.py:188} INFO - [2024-07-02T12:20:54.901+0000] {dag.py:3096} INFO - Sync 1 DAGs
[2024-07-02T12:20:54.915+0000] {logging_mixin.py:188} INFO - [2024-07-02T12:20:54.914+0000] {dag.py:3954} INFO - Setting next_dagrun for example_complex to None, run_after=None
[2024-07-02T12:20:54.942+0000] {processor.py:183} INFO - Processing /home/airflow/.local/lib/python3.12/site-packages/airflow/example_dags/example_complex.py took 0.088 seconds
[2024-07-02T12:21:25.696+0000] {processor.py:161} INFO - Started process (PID=360) to work on /home/airflow/.local/lib/python3.12/site-packages/airflow/example_dags/example_complex.py
[2024-07-02T12:21:25.697+0000] {processor.py:830} INFO - Processing file /home/airflow/.local/lib/python3.12/site-packages/airflow/example_dags/example_complex.py for tasks to queue
[2024-07-02T12:21:25.699+0000] {logging_mixin.py:188} INFO - [2024-07-02T12:21:25.699+0000] {dagbag.py:545} INFO - Filling up the DagBag from /home/airflow/.local/lib/python3.12/site-packages/airflow/example_dags/example_complex.py
[2024-07-02T12:21:25.707+0000] {processor.py:840} INFO - DAG(s) 'example_complex' retrieved from /home/airflow/.local/lib/python3.12/site-packages/airflow/example_dags/example_complex.py
[2024-07-02T12:21:25.736+0000] {logging_mixin.py:188} INFO - [2024-07-02T12:21:25.736+0000] {dag.py:3096} INFO - Sync 1 DAGs
[2024-07-02T12:21:25.748+0000] {logging_mixin.py:188} INFO - [2024-07-02T12:21:25.747+0000] {dag.py:3954} INFO - Setting next_dagrun for example_complex to None, run_after=None
[2024-07-02T12:21:25.767+0000] {processor.py:183} INFO - Processing /home/airflow/.local/lib/python3.12/site-packages/airflow/example_dags/example_complex.py took 0.076 seconds
[2024-07-02T12:21:56.615+0000] {processor.py:161} INFO - Started process (PID=423) to work on /home/airflow/.local/lib/python3.12/site-packages/airflow/example_dags/example_complex.py
[2024-07-02T12:21:56.617+0000] {processor.py:830} INFO - Processing file /home/airflow/.local/lib/python3.12/site-packages/airflow/example_dags/example_complex.py for tasks to queue
[2024-07-02T12:21:56.620+0000] {logging_mixin.py:188} INFO - [2024-07-02T12:21:56.619+0000] {dagbag.py:545} INFO - Filling up the DagBag from /home/airflow/.local/lib/python3.12/site-packages/airflow/example_dags/example_complex.py
[2024-07-02T12:21:56.631+0000] {processor.py:840} INFO - DAG(s) 'example_complex' retrieved from /home/airflow/.local/lib/python3.12/site-packages/airflow/example_dags/example_complex.py
[2024-07-02T12:21:56.680+0000] {logging_mixin.py:188} INFO - [2024-07-02T12:21:56.680+0000] {dag.py:3096} INFO - Sync 1 DAGs
[2024-07-02T12:21:56.695+0000] {logging_mixin.py:188} INFO - [2024-07-02T12:21:56.695+0000] {dag.py:3954} INFO - Setting next_dagrun for example_complex to None, run_after=None
[2024-07-02T12:21:56.725+0000] {processor.py:183} INFO - Processing /home/airflow/.local/lib/python3.12/site-packages/airflow/example_dags/example_complex.py took 0.114 seconds
[2024-07-02T12:22:27.454+0000] {processor.py:161} INFO - Started process (PID=485) to work on /home/airflow/.local/lib/python3.12/site-packages/airflow/example_dags/example_complex.py
[2024-07-02T12:22:27.455+0000] {processor.py:830} INFO - Processing file /home/airflow/.local/lib/python3.12/site-packages/airflow/example_dags/example_complex.py for tasks to queue
[2024-07-02T12:22:27.457+0000] {logging_mixin.py:188} INFO - [2024-07-02T12:22:27.457+0000] {dagbag.py:545} INFO - Filling up the DagBag from /home/airflow/.local/lib/python3.12/site-packages/airflow/example_dags/example_complex.py
[2024-07-02T12:22:27.467+0000] {processor.py:840} INFO - DAG(s) 'example_complex' retrieved from /home/airflow/.local/lib/python3.12/site-packages/airflow/example_dags/example_complex.py
[2024-07-02T12:22:27.501+0000] {logging_mixin.py:188} INFO - [2024-07-02T12:22:27.501+0000] {dag.py:3096} INFO - Sync 1 DAGs
[2024-07-02T12:22:27.514+0000] {logging_mixin.py:188} INFO - [2024-07-02T12:22:27.514+0000] {dag.py:3954} INFO - Setting next_dagrun for example_complex to None, run_after=None
[2024-07-02T12:22:27.540+0000] {processor.py:183} INFO - Processing /home/airflow/.local/lib/python3.12/site-packages/airflow/example_dags/example_complex.py took 0.093 seconds
[2024-07-02T12:22:57.705+0000] {processor.py:161} INFO - Started process (PID=547) to work on /home/airflow/.local/lib/python3.12/site-packages/airflow/example_dags/example_complex.py
[2024-07-02T12:22:57.706+0000] {processor.py:830} INFO - Processing file /home/airflow/.local/lib/python3.12/site-packages/airflow/example_dags/example_complex.py for tasks to queue
[2024-07-02T12:22:57.709+0000] {logging_mixin.py:188} INFO - [2024-07-02T12:22:57.708+0000] {dagbag.py:545} INFO - Filling up the DagBag from /home/airflow/.local/lib/python3.12/site-packages/airflow/example_dags/example_complex.py
[2024-07-02T12:22:57.721+0000] {processor.py:840} INFO - DAG(s) 'example_complex' retrieved from /home/airflow/.local/lib/python3.12/site-packages/airflow/example_dags/example_complex.py
[2024-07-02T12:22:57.756+0000] {logging_mixin.py:188} INFO - [2024-07-02T12:22:57.755+0000] {dag.py:3096} INFO - Sync 1 DAGs
[2024-07-02T12:22:57.768+0000] {logging_mixin.py:188} INFO - [2024-07-02T12:22:57.768+0000] {dag.py:3954} INFO - Setting next_dagrun for example_complex to None, run_after=None
[2024-07-02T12:22:57.796+0000] {processor.py:183} INFO - Processing /home/airflow/.local/lib/python3.12/site-packages/airflow/example_dags/example_complex.py took 0.098 seconds
[2024-07-02T12:23:28.545+0000] {processor.py:161} INFO - Started process (PID=611) to work on /home/airflow/.local/lib/python3.12/site-packages/airflow/example_dags/example_complex.py
[2024-07-02T12:23:28.547+0000] {processor.py:830} INFO - Processing file /home/airflow/.local/lib/python3.12/site-packages/airflow/example_dags/example_complex.py for tasks to queue
[2024-07-02T12:23:28.549+0000] {logging_mixin.py:188} INFO - [2024-07-02T12:23:28.549+0000] {dagbag.py:545} INFO - Filling up the DagBag from /home/airflow/.local/lib/python3.12/site-packages/airflow/example_dags/example_complex.py
[2024-07-02T12:23:28.559+0000] {processor.py:840} INFO - DAG(s) 'example_complex' retrieved from /home/airflow/.local/lib/python3.12/site-packages/airflow/example_dags/example_complex.py
[2024-07-02T12:23:28.601+0000] {logging_mixin.py:188} INFO - [2024-07-02T12:23:28.601+0000] {dag.py:3096} INFO - Sync 1 DAGs
[2024-07-02T12:23:28.618+0000] {logging_mixin.py:188} INFO - [2024-07-02T12:23:28.618+0000] {dag.py:3954} INFO - Setting next_dagrun for example_complex to None, run_after=None
[2024-07-02T12:23:28.651+0000] {processor.py:183} INFO - Processing /home/airflow/.local/lib/python3.12/site-packages/airflow/example_dags/example_complex.py took 0.111 seconds
[2024-07-02T12:37:13.277+0000] {processor.py:161} INFO - Started process (PID=1974) to work on /home/airflow/.local/lib/python3.12/site-packages/airflow/example_dags/example_complex.py
[2024-07-02T12:37:13.279+0000] {processor.py:830} INFO - Processing file /home/airflow/.local/lib/python3.12/site-packages/airflow/example_dags/example_complex.py for tasks to queue
[2024-07-02T12:37:13.280+0000] {logging_mixin.py:188} INFO - [2024-07-02T12:37:13.280+0000] {dagbag.py:545} INFO - Filling up the DagBag from /home/airflow/.local/lib/python3.12/site-packages/airflow/example_dags/example_complex.py
[2024-07-02T12:37:13.288+0000] {processor.py:840} INFO - DAG(s) 'example_complex' retrieved from /home/airflow/.local/lib/python3.12/site-packages/airflow/example_dags/example_complex.py
[2024-07-02T12:37:13.318+0000] {logging_mixin.py:188} INFO - [2024-07-02T12:37:13.317+0000] {dag.py:3096} INFO - Sync 1 DAGs
[2024-07-02T12:37:13.329+0000] {logging_mixin.py:188} INFO - [2024-07-02T12:37:13.328+0000] {dag.py:3954} INFO - Setting next_dagrun for example_complex to None, run_after=None
[2024-07-02T12:37:13.348+0000] {processor.py:183} INFO - Processing /home/airflow/.local/lib/python3.12/site-packages/airflow/example_dags/example_complex.py took 0.075 seconds
[2024-07-02T12:37:44.250+0000] {processor.py:161} INFO - Started process (PID=2037) to work on /home/airflow/.local/lib/python3.12/site-packages/airflow/example_dags/example_complex.py
[2024-07-02T12:37:44.251+0000] {processor.py:830} INFO - Processing file /home/airflow/.local/lib/python3.12/site-packages/airflow/example_dags/example_complex.py for tasks to queue
[2024-07-02T12:37:44.253+0000] {logging_mixin.py:188} INFO - [2024-07-02T12:37:44.252+0000] {dagbag.py:545} INFO - Filling up the DagBag from /home/airflow/.local/lib/python3.12/site-packages/airflow/example_dags/example_complex.py
[2024-07-02T12:37:44.260+0000] {processor.py:840} INFO - DAG(s) 'example_complex' retrieved from /home/airflow/.local/lib/python3.12/site-packages/airflow/example_dags/example_complex.py
[2024-07-02T12:37:44.289+0000] {logging_mixin.py:188} INFO - [2024-07-02T12:37:44.289+0000] {dag.py:3096} INFO - Sync 1 DAGs
[2024-07-02T12:37:44.299+0000] {logging_mixin.py:188} INFO - [2024-07-02T12:37:44.299+0000] {dag.py:3954} INFO - Setting next_dagrun for example_complex to None, run_after=None
[2024-07-02T12:37:44.316+0000] {processor.py:183} INFO - Processing /home/airflow/.local/lib/python3.12/site-packages/airflow/example_dags/example_complex.py took 0.071 seconds
[2024-07-02T14:46:52.986+0000] {processor.py:161} INFO - Started process (PID=54) to work on /home/airflow/.local/lib/python3.12/site-packages/airflow/example_dags/example_complex.py
[2024-07-02T14:46:52.988+0000] {processor.py:830} INFO - Processing file /home/airflow/.local/lib/python3.12/site-packages/airflow/example_dags/example_complex.py for tasks to queue
[2024-07-02T14:46:52.991+0000] {logging_mixin.py:188} INFO - [2024-07-02T14:46:52.990+0000] {dagbag.py:545} INFO - Filling up the DagBag from /home/airflow/.local/lib/python3.12/site-packages/airflow/example_dags/example_complex.py
[2024-07-02T14:46:53.007+0000] {processor.py:840} INFO - DAG(s) 'example_complex' retrieved from /home/airflow/.local/lib/python3.12/site-packages/airflow/example_dags/example_complex.py
[2024-07-02T14:46:53.135+0000] {logging_mixin.py:188} INFO - [2024-07-02T14:46:53.135+0000] {dag.py:3096} INFO - Sync 1 DAGs
[2024-07-02T14:46:53.146+0000] {logging_mixin.py:188} INFO - [2024-07-02T14:46:53.146+0000] {dag.py:3954} INFO - Setting next_dagrun for example_complex to None, run_after=None
[2024-07-02T14:46:53.169+0000] {processor.py:183} INFO - Processing /home/airflow/.local/lib/python3.12/site-packages/airflow/example_dags/example_complex.py took 0.189 seconds
[2024-07-02T14:49:58.178+0000] {processor.py:161} INFO - Started process (PID=61) to work on /home/airflow/.local/lib/python3.12/site-packages/airflow/example_dags/example_complex.py
[2024-07-02T14:49:58.181+0000] {processor.py:830} INFO - Processing file /home/airflow/.local/lib/python3.12/site-packages/airflow/example_dags/example_complex.py for tasks to queue
[2024-07-02T14:49:58.183+0000] {logging_mixin.py:188} INFO - [2024-07-02T14:49:58.182+0000] {dagbag.py:545} INFO - Filling up the DagBag from /home/airflow/.local/lib/python3.12/site-packages/airflow/example_dags/example_complex.py
[2024-07-02T14:49:58.195+0000] {processor.py:840} INFO - DAG(s) 'example_complex' retrieved from /home/airflow/.local/lib/python3.12/site-packages/airflow/example_dags/example_complex.py
[2024-07-02T14:49:58.272+0000] {logging_mixin.py:188} INFO - [2024-07-02T14:49:58.272+0000] {dag.py:3096} INFO - Sync 1 DAGs
[2024-07-02T14:49:58.280+0000] {logging_mixin.py:188} INFO - [2024-07-02T14:49:58.279+0000] {dag.py:3954} INFO - Setting next_dagrun for example_complex to None, run_after=None
[2024-07-02T14:49:58.298+0000] {processor.py:183} INFO - Processing /home/airflow/.local/lib/python3.12/site-packages/airflow/example_dags/example_complex.py took 0.125 seconds
[2024-07-02T14:50:28.399+0000] {processor.py:161} INFO - Started process (PID=121) to work on /home/airflow/.local/lib/python3.12/site-packages/airflow/example_dags/example_complex.py
[2024-07-02T14:50:28.400+0000] {processor.py:830} INFO - Processing file /home/airflow/.local/lib/python3.12/site-packages/airflow/example_dags/example_complex.py for tasks to queue
[2024-07-02T14:50:28.403+0000] {logging_mixin.py:188} INFO - [2024-07-02T14:50:28.402+0000] {dagbag.py:545} INFO - Filling up the DagBag from /home/airflow/.local/lib/python3.12/site-packages/airflow/example_dags/example_complex.py
[2024-07-02T14:50:28.411+0000] {processor.py:840} INFO - DAG(s) 'example_complex' retrieved from /home/airflow/.local/lib/python3.12/site-packages/airflow/example_dags/example_complex.py
[2024-07-02T14:50:28.436+0000] {logging_mixin.py:188} INFO - [2024-07-02T14:50:28.435+0000] {dag.py:3096} INFO - Sync 1 DAGs
[2024-07-02T14:50:28.446+0000] {logging_mixin.py:188} INFO - [2024-07-02T14:50:28.446+0000] {dag.py:3954} INFO - Setting next_dagrun for example_complex to None, run_after=None
[2024-07-02T14:50:28.465+0000] {processor.py:183} INFO - Processing /home/airflow/.local/lib/python3.12/site-packages/airflow/example_dags/example_complex.py took 0.071 seconds
[2024-07-02T14:50:58.525+0000] {processor.py:161} INFO - Started process (PID=180) to work on /home/airflow/.local/lib/python3.12/site-packages/airflow/example_dags/example_complex.py
[2024-07-02T14:50:58.527+0000] {processor.py:830} INFO - Processing file /home/airflow/.local/lib/python3.12/site-packages/airflow/example_dags/example_complex.py for tasks to queue
[2024-07-02T14:50:58.528+0000] {logging_mixin.py:188} INFO - [2024-07-02T14:50:58.528+0000] {dagbag.py:545} INFO - Filling up the DagBag from /home/airflow/.local/lib/python3.12/site-packages/airflow/example_dags/example_complex.py
[2024-07-02T14:50:58.537+0000] {processor.py:840} INFO - DAG(s) 'example_complex' retrieved from /home/airflow/.local/lib/python3.12/site-packages/airflow/example_dags/example_complex.py
[2024-07-02T14:50:58.571+0000] {logging_mixin.py:188} INFO - [2024-07-02T14:50:58.571+0000] {dag.py:3096} INFO - Sync 1 DAGs
[2024-07-02T14:50:58.583+0000] {logging_mixin.py:188} INFO - [2024-07-02T14:50:58.583+0000] {dag.py:3954} INFO - Setting next_dagrun for example_complex to None, run_after=None
[2024-07-02T14:50:58.607+0000] {processor.py:183} INFO - Processing /home/airflow/.local/lib/python3.12/site-packages/airflow/example_dags/example_complex.py took 0.090 seconds
[2024-07-02T14:51:29.095+0000] {processor.py:161} INFO - Started process (PID=238) to work on /home/airflow/.local/lib/python3.12/site-packages/airflow/example_dags/example_complex.py
[2024-07-02T14:51:29.096+0000] {processor.py:830} INFO - Processing file /home/airflow/.local/lib/python3.12/site-packages/airflow/example_dags/example_complex.py for tasks to queue
[2024-07-02T14:51:29.097+0000] {logging_mixin.py:188} INFO - [2024-07-02T14:51:29.097+0000] {dagbag.py:545} INFO - Filling up the DagBag from /home/airflow/.local/lib/python3.12/site-packages/airflow/example_dags/example_complex.py
[2024-07-02T14:51:29.105+0000] {processor.py:840} INFO - DAG(s) 'example_complex' retrieved from /home/airflow/.local/lib/python3.12/site-packages/airflow/example_dags/example_complex.py
[2024-07-02T14:51:29.130+0000] {logging_mixin.py:188} INFO - [2024-07-02T14:51:29.130+0000] {dag.py:3096} INFO - Sync 1 DAGs
[2024-07-02T14:51:29.140+0000] {logging_mixin.py:188} INFO - [2024-07-02T14:51:29.139+0000] {dag.py:3954} INFO - Setting next_dagrun for example_complex to None, run_after=None
[2024-07-02T14:51:29.156+0000] {processor.py:183} INFO - Processing /home/airflow/.local/lib/python3.12/site-packages/airflow/example_dags/example_complex.py took 0.067 seconds
[2024-07-02T14:51:59.319+0000] {processor.py:161} INFO - Started process (PID=296) to work on /home/airflow/.local/lib/python3.12/site-packages/airflow/example_dags/example_complex.py
[2024-07-02T14:51:59.321+0000] {processor.py:830} INFO - Processing file /home/airflow/.local/lib/python3.12/site-packages/airflow/example_dags/example_complex.py for tasks to queue
[2024-07-02T14:51:59.323+0000] {logging_mixin.py:188} INFO - [2024-07-02T14:51:59.322+0000] {dagbag.py:545} INFO - Filling up the DagBag from /home/airflow/.local/lib/python3.12/site-packages/airflow/example_dags/example_complex.py
[2024-07-02T14:51:59.330+0000] {processor.py:840} INFO - DAG(s) 'example_complex' retrieved from /home/airflow/.local/lib/python3.12/site-packages/airflow/example_dags/example_complex.py
[2024-07-02T14:51:59.355+0000] {logging_mixin.py:188} INFO - [2024-07-02T14:51:59.355+0000] {dag.py:3096} INFO - Sync 1 DAGs
[2024-07-02T14:51:59.365+0000] {logging_mixin.py:188} INFO - [2024-07-02T14:51:59.364+0000] {dag.py:3954} INFO - Setting next_dagrun for example_complex to None, run_after=None
[2024-07-02T14:51:59.384+0000] {processor.py:183} INFO - Processing /home/airflow/.local/lib/python3.12/site-packages/airflow/example_dags/example_complex.py took 0.070 seconds
[2024-07-02T14:52:29.895+0000] {processor.py:161} INFO - Started process (PID=354) to work on /home/airflow/.local/lib/python3.12/site-packages/airflow/example_dags/example_complex.py
[2024-07-02T14:52:29.896+0000] {processor.py:830} INFO - Processing file /home/airflow/.local/lib/python3.12/site-packages/airflow/example_dags/example_complex.py for tasks to queue
[2024-07-02T14:52:29.898+0000] {logging_mixin.py:188} INFO - [2024-07-02T14:52:29.897+0000] {dagbag.py:545} INFO - Filling up the DagBag from /home/airflow/.local/lib/python3.12/site-packages/airflow/example_dags/example_complex.py
[2024-07-02T14:52:29.906+0000] {processor.py:840} INFO - DAG(s) 'example_complex' retrieved from /home/airflow/.local/lib/python3.12/site-packages/airflow/example_dags/example_complex.py
[2024-07-02T14:52:29.938+0000] {logging_mixin.py:188} INFO - [2024-07-02T14:52:29.937+0000] {dag.py:3096} INFO - Sync 1 DAGs
[2024-07-02T14:52:29.950+0000] {logging_mixin.py:188} INFO - [2024-07-02T14:52:29.950+0000] {dag.py:3954} INFO - Setting next_dagrun for example_complex to None, run_after=None
[2024-07-02T14:52:29.974+0000] {processor.py:183} INFO - Processing /home/airflow/.local/lib/python3.12/site-packages/airflow/example_dags/example_complex.py took 0.084 seconds
[2024-07-02T14:53:00.967+0000] {processor.py:161} INFO - Started process (PID=412) to work on /home/airflow/.local/lib/python3.12/site-packages/airflow/example_dags/example_complex.py
[2024-07-02T14:53:00.969+0000] {processor.py:830} INFO - Processing file /home/airflow/.local/lib/python3.12/site-packages/airflow/example_dags/example_complex.py for tasks to queue
[2024-07-02T14:53:00.970+0000] {logging_mixin.py:188} INFO - [2024-07-02T14:53:00.970+0000] {dagbag.py:545} INFO - Filling up the DagBag from /home/airflow/.local/lib/python3.12/site-packages/airflow/example_dags/example_complex.py
[2024-07-02T14:53:00.983+0000] {processor.py:840} INFO - DAG(s) 'example_complex' retrieved from /home/airflow/.local/lib/python3.12/site-packages/airflow/example_dags/example_complex.py
[2024-07-02T14:53:01.020+0000] {logging_mixin.py:188} INFO - [2024-07-02T14:53:01.019+0000] {dag.py:3096} INFO - Sync 1 DAGs
[2024-07-02T14:53:01.034+0000] {logging_mixin.py:188} INFO - [2024-07-02T14:53:01.034+0000] {dag.py:3954} INFO - Setting next_dagrun for example_complex to None, run_after=None
[2024-07-02T14:53:01.063+0000] {processor.py:183} INFO - Processing /home/airflow/.local/lib/python3.12/site-packages/airflow/example_dags/example_complex.py took 0.102 seconds
[2024-07-02T14:53:31.929+0000] {processor.py:161} INFO - Started process (PID=470) to work on /home/airflow/.local/lib/python3.12/site-packages/airflow/example_dags/example_complex.py
[2024-07-02T14:53:31.946+0000] {processor.py:830} INFO - Processing file /home/airflow/.local/lib/python3.12/site-packages/airflow/example_dags/example_complex.py for tasks to queue
[2024-07-02T14:53:31.956+0000] {logging_mixin.py:188} INFO - [2024-07-02T14:53:31.955+0000] {dagbag.py:545} INFO - Filling up the DagBag from /home/airflow/.local/lib/python3.12/site-packages/airflow/example_dags/example_complex.py
[2024-07-02T14:53:31.977+0000] {processor.py:840} INFO - DAG(s) 'example_complex' retrieved from /home/airflow/.local/lib/python3.12/site-packages/airflow/example_dags/example_complex.py
[2024-07-02T14:53:32.026+0000] {logging_mixin.py:188} INFO - [2024-07-02T14:53:32.026+0000] {dag.py:3096} INFO - Sync 1 DAGs
[2024-07-02T14:53:32.040+0000] {logging_mixin.py:188} INFO - [2024-07-02T14:53:32.040+0000] {dag.py:3954} INFO - Setting next_dagrun for example_complex to None, run_after=None
[2024-07-02T14:53:32.064+0000] {processor.py:183} INFO - Processing /home/airflow/.local/lib/python3.12/site-packages/airflow/example_dags/example_complex.py took 0.143 seconds
[2024-07-02T14:54:02.482+0000] {processor.py:161} INFO - Started process (PID=529) to work on /home/airflow/.local/lib/python3.12/site-packages/airflow/example_dags/example_complex.py
[2024-07-02T14:54:02.483+0000] {processor.py:830} INFO - Processing file /home/airflow/.local/lib/python3.12/site-packages/airflow/example_dags/example_complex.py for tasks to queue
[2024-07-02T14:54:02.485+0000] {logging_mixin.py:188} INFO - [2024-07-02T14:54:02.484+0000] {dagbag.py:545} INFO - Filling up the DagBag from /home/airflow/.local/lib/python3.12/site-packages/airflow/example_dags/example_complex.py
[2024-07-02T14:54:02.492+0000] {processor.py:840} INFO - DAG(s) 'example_complex' retrieved from /home/airflow/.local/lib/python3.12/site-packages/airflow/example_dags/example_complex.py
[2024-07-02T14:54:02.519+0000] {logging_mixin.py:188} INFO - [2024-07-02T14:54:02.518+0000] {dag.py:3096} INFO - Sync 1 DAGs
[2024-07-02T14:54:02.528+0000] {logging_mixin.py:188} INFO - [2024-07-02T14:54:02.528+0000] {dag.py:3954} INFO - Setting next_dagrun for example_complex to None, run_after=None
[2024-07-02T14:54:02.551+0000] {processor.py:183} INFO - Processing /home/airflow/.local/lib/python3.12/site-packages/airflow/example_dags/example_complex.py took 0.073 seconds
