[2024-07-02T11:48:27.142+0000] {processor.py:161} INFO - Started process (PID=92) to work on /home/airflow/.local/lib/python3.12/site-packages/airflow/example_dags/example_task_group.py
[2024-07-02T11:48:27.149+0000] {processor.py:830} INFO - Processing file /home/airflow/.local/lib/python3.12/site-packages/airflow/example_dags/example_task_group.py for tasks to queue
[2024-07-02T11:48:27.154+0000] {logging_mixin.py:188} INFO - [2024-07-02T11:48:27.152+0000] {dagbag.py:545} INFO - Filling up the DagBag from /home/airflow/.local/lib/python3.12/site-packages/airflow/example_dags/example_task_group.py
[2024-07-02T11:48:27.171+0000] {processor.py:840} INFO - DAG(s) 'example_task_group' retrieved from /home/airflow/.local/lib/python3.12/site-packages/airflow/example_dags/example_task_group.py
[2024-07-02T11:48:27.223+0000] {logging_mixin.py:188} INFO - [2024-07-02T11:48:27.223+0000] {dag.py:3096} INFO - Sync 1 DAGs
[2024-07-02T11:48:27.276+0000] {logging_mixin.py:188} INFO - [2024-07-02T11:48:27.276+0000] {dag.py:3954} INFO - Setting next_dagrun for example_task_group to 2024-07-01 00:00:00+00:00, run_after=2024-07-02 00:00:00+00:00
[2024-07-02T11:48:27.326+0000] {processor.py:183} INFO - Processing /home/airflow/.local/lib/python3.12/site-packages/airflow/example_dags/example_task_group.py took 0.203 seconds
[2024-07-02T11:48:57.374+0000] {processor.py:161} INFO - Started process (PID=155) to work on /home/airflow/.local/lib/python3.12/site-packages/airflow/example_dags/example_task_group.py
[2024-07-02T11:48:57.375+0000] {processor.py:830} INFO - Processing file /home/airflow/.local/lib/python3.12/site-packages/airflow/example_dags/example_task_group.py for tasks to queue
[2024-07-02T11:48:57.377+0000] {logging_mixin.py:188} INFO - [2024-07-02T11:48:57.377+0000] {dagbag.py:545} INFO - Filling up the DagBag from /home/airflow/.local/lib/python3.12/site-packages/airflow/example_dags/example_task_group.py
[2024-07-02T11:48:57.384+0000] {processor.py:840} INFO - DAG(s) 'example_task_group' retrieved from /home/airflow/.local/lib/python3.12/site-packages/airflow/example_dags/example_task_group.py
[2024-07-02T11:48:57.403+0000] {logging_mixin.py:188} INFO - [2024-07-02T11:48:57.403+0000] {dag.py:3096} INFO - Sync 1 DAGs
[2024-07-02T11:48:57.422+0000] {logging_mixin.py:188} INFO - [2024-07-02T11:48:57.421+0000] {dag.py:3954} INFO - Setting next_dagrun for example_task_group to 2024-07-01 00:00:00+00:00, run_after=2024-07-02 00:00:00+00:00
[2024-07-02T11:48:57.441+0000] {processor.py:183} INFO - Processing /home/airflow/.local/lib/python3.12/site-packages/airflow/example_dags/example_task_group.py took 0.073 seconds
[2024-07-02T11:49:27.876+0000] {processor.py:161} INFO - Started process (PID=218) to work on /home/airflow/.local/lib/python3.12/site-packages/airflow/example_dags/example_task_group.py
[2024-07-02T11:49:27.877+0000] {processor.py:830} INFO - Processing file /home/airflow/.local/lib/python3.12/site-packages/airflow/example_dags/example_task_group.py for tasks to queue
[2024-07-02T11:49:27.878+0000] {logging_mixin.py:188} INFO - [2024-07-02T11:49:27.878+0000] {dagbag.py:545} INFO - Filling up the DagBag from /home/airflow/.local/lib/python3.12/site-packages/airflow/example_dags/example_task_group.py
[2024-07-02T11:49:27.884+0000] {processor.py:840} INFO - DAG(s) 'example_task_group' retrieved from /home/airflow/.local/lib/python3.12/site-packages/airflow/example_dags/example_task_group.py
[2024-07-02T11:49:27.904+0000] {logging_mixin.py:188} INFO - [2024-07-02T11:49:27.904+0000] {dag.py:3096} INFO - Sync 1 DAGs
[2024-07-02T11:49:27.923+0000] {logging_mixin.py:188} INFO - [2024-07-02T11:49:27.923+0000] {dag.py:3954} INFO - Setting next_dagrun for example_task_group to 2024-07-01 00:00:00+00:00, run_after=2024-07-02 00:00:00+00:00
[2024-07-02T11:49:27.943+0000] {processor.py:183} INFO - Processing /home/airflow/.local/lib/python3.12/site-packages/airflow/example_dags/example_task_group.py took 0.074 seconds
[2024-07-02T11:49:58.237+0000] {processor.py:161} INFO - Started process (PID=281) to work on /home/airflow/.local/lib/python3.12/site-packages/airflow/example_dags/example_task_group.py
[2024-07-02T11:49:58.238+0000] {processor.py:830} INFO - Processing file /home/airflow/.local/lib/python3.12/site-packages/airflow/example_dags/example_task_group.py for tasks to queue
[2024-07-02T11:49:58.239+0000] {logging_mixin.py:188} INFO - [2024-07-02T11:49:58.239+0000] {dagbag.py:545} INFO - Filling up the DagBag from /home/airflow/.local/lib/python3.12/site-packages/airflow/example_dags/example_task_group.py
[2024-07-02T11:49:58.246+0000] {processor.py:840} INFO - DAG(s) 'example_task_group' retrieved from /home/airflow/.local/lib/python3.12/site-packages/airflow/example_dags/example_task_group.py
[2024-07-02T11:49:58.264+0000] {logging_mixin.py:188} INFO - [2024-07-02T11:49:58.264+0000] {dag.py:3096} INFO - Sync 1 DAGs
[2024-07-02T11:49:58.280+0000] {logging_mixin.py:188} INFO - [2024-07-02T11:49:58.279+0000] {dag.py:3954} INFO - Setting next_dagrun for example_task_group to 2024-07-01 00:00:00+00:00, run_after=2024-07-02 00:00:00+00:00
[2024-07-02T11:49:58.299+0000] {processor.py:183} INFO - Processing /home/airflow/.local/lib/python3.12/site-packages/airflow/example_dags/example_task_group.py took 0.067 seconds
[2024-07-02T11:50:28.707+0000] {processor.py:161} INFO - Started process (PID=344) to work on /home/airflow/.local/lib/python3.12/site-packages/airflow/example_dags/example_task_group.py
[2024-07-02T11:50:28.708+0000] {processor.py:830} INFO - Processing file /home/airflow/.local/lib/python3.12/site-packages/airflow/example_dags/example_task_group.py for tasks to queue
[2024-07-02T11:50:28.709+0000] {logging_mixin.py:188} INFO - [2024-07-02T11:50:28.709+0000] {dagbag.py:545} INFO - Filling up the DagBag from /home/airflow/.local/lib/python3.12/site-packages/airflow/example_dags/example_task_group.py
[2024-07-02T11:50:28.716+0000] {processor.py:840} INFO - DAG(s) 'example_task_group' retrieved from /home/airflow/.local/lib/python3.12/site-packages/airflow/example_dags/example_task_group.py
[2024-07-02T11:50:28.728+0000] {logging_mixin.py:188} INFO - [2024-07-02T11:50:28.728+0000] {dag.py:3096} INFO - Sync 1 DAGs
[2024-07-02T11:50:28.748+0000] {logging_mixin.py:188} INFO - [2024-07-02T11:50:28.748+0000] {dag.py:3954} INFO - Setting next_dagrun for example_task_group to 2024-07-01 00:00:00+00:00, run_after=2024-07-02 00:00:00+00:00
[2024-07-02T11:50:28.768+0000] {processor.py:183} INFO - Processing /home/airflow/.local/lib/python3.12/site-packages/airflow/example_dags/example_task_group.py took 0.067 seconds
[2024-07-02T11:50:59.905+0000] {processor.py:161} INFO - Started process (PID=407) to work on /home/airflow/.local/lib/python3.12/site-packages/airflow/example_dags/example_task_group.py
[2024-07-02T11:50:59.906+0000] {processor.py:830} INFO - Processing file /home/airflow/.local/lib/python3.12/site-packages/airflow/example_dags/example_task_group.py for tasks to queue
[2024-07-02T11:50:59.907+0000] {logging_mixin.py:188} INFO - [2024-07-02T11:50:59.906+0000] {dagbag.py:545} INFO - Filling up the DagBag from /home/airflow/.local/lib/python3.12/site-packages/airflow/example_dags/example_task_group.py
[2024-07-02T11:50:59.913+0000] {processor.py:840} INFO - DAG(s) 'example_task_group' retrieved from /home/airflow/.local/lib/python3.12/site-packages/airflow/example_dags/example_task_group.py
[2024-07-02T11:50:59.992+0000] {logging_mixin.py:188} INFO - [2024-07-02T11:50:59.992+0000] {dag.py:3096} INFO - Sync 1 DAGs
[2024-07-02T11:51:00.016+0000] {logging_mixin.py:188} INFO - [2024-07-02T11:51:00.016+0000] {dag.py:3954} INFO - Setting next_dagrun for example_task_group to 2024-07-01 00:00:00+00:00, run_after=2024-07-02 00:00:00+00:00
[2024-07-02T11:51:00.035+0000] {processor.py:183} INFO - Processing /home/airflow/.local/lib/python3.12/site-packages/airflow/example_dags/example_task_group.py took 0.136 seconds
[2024-07-02T11:51:31.050+0000] {processor.py:161} INFO - Started process (PID=470) to work on /home/airflow/.local/lib/python3.12/site-packages/airflow/example_dags/example_task_group.py
[2024-07-02T11:51:31.051+0000] {processor.py:830} INFO - Processing file /home/airflow/.local/lib/python3.12/site-packages/airflow/example_dags/example_task_group.py for tasks to queue
[2024-07-02T11:51:31.053+0000] {logging_mixin.py:188} INFO - [2024-07-02T11:51:31.052+0000] {dagbag.py:545} INFO - Filling up the DagBag from /home/airflow/.local/lib/python3.12/site-packages/airflow/example_dags/example_task_group.py
[2024-07-02T11:51:31.059+0000] {processor.py:840} INFO - DAG(s) 'example_task_group' retrieved from /home/airflow/.local/lib/python3.12/site-packages/airflow/example_dags/example_task_group.py
[2024-07-02T11:51:31.077+0000] {logging_mixin.py:188} INFO - [2024-07-02T11:51:31.077+0000] {dag.py:3096} INFO - Sync 1 DAGs
[2024-07-02T11:51:31.095+0000] {logging_mixin.py:188} INFO - [2024-07-02T11:51:31.094+0000] {dag.py:3954} INFO - Setting next_dagrun for example_task_group to 2024-07-01 00:00:00+00:00, run_after=2024-07-02 00:00:00+00:00
[2024-07-02T11:51:31.116+0000] {processor.py:183} INFO - Processing /home/airflow/.local/lib/python3.12/site-packages/airflow/example_dags/example_task_group.py took 0.071 seconds
[2024-07-02T11:52:02.022+0000] {processor.py:161} INFO - Started process (PID=539) to work on /home/airflow/.local/lib/python3.12/site-packages/airflow/example_dags/example_task_group.py
[2024-07-02T11:52:02.023+0000] {processor.py:830} INFO - Processing file /home/airflow/.local/lib/python3.12/site-packages/airflow/example_dags/example_task_group.py for tasks to queue
[2024-07-02T11:52:02.024+0000] {logging_mixin.py:188} INFO - [2024-07-02T11:52:02.024+0000] {dagbag.py:545} INFO - Filling up the DagBag from /home/airflow/.local/lib/python3.12/site-packages/airflow/example_dags/example_task_group.py
[2024-07-02T11:52:02.033+0000] {processor.py:840} INFO - DAG(s) 'example_task_group' retrieved from /home/airflow/.local/lib/python3.12/site-packages/airflow/example_dags/example_task_group.py
[2024-07-02T11:52:02.056+0000] {logging_mixin.py:188} INFO - [2024-07-02T11:52:02.056+0000] {dag.py:3096} INFO - Sync 1 DAGs
[2024-07-02T11:52:02.078+0000] {logging_mixin.py:188} INFO - [2024-07-02T11:52:02.078+0000] {dag.py:3954} INFO - Setting next_dagrun for example_task_group to 2024-07-01 00:00:00+00:00, run_after=2024-07-02 00:00:00+00:00
[2024-07-02T11:52:02.102+0000] {processor.py:183} INFO - Processing /home/airflow/.local/lib/python3.12/site-packages/airflow/example_dags/example_task_group.py took 0.087 seconds
[2024-07-02T11:52:32.580+0000] {processor.py:161} INFO - Started process (PID=603) to work on /home/airflow/.local/lib/python3.12/site-packages/airflow/example_dags/example_task_group.py
[2024-07-02T11:52:32.581+0000] {processor.py:830} INFO - Processing file /home/airflow/.local/lib/python3.12/site-packages/airflow/example_dags/example_task_group.py for tasks to queue
[2024-07-02T11:52:32.583+0000] {logging_mixin.py:188} INFO - [2024-07-02T11:52:32.582+0000] {dagbag.py:545} INFO - Filling up the DagBag from /home/airflow/.local/lib/python3.12/site-packages/airflow/example_dags/example_task_group.py
[2024-07-02T11:52:32.590+0000] {processor.py:840} INFO - DAG(s) 'example_task_group' retrieved from /home/airflow/.local/lib/python3.12/site-packages/airflow/example_dags/example_task_group.py
[2024-07-02T11:52:32.611+0000] {logging_mixin.py:188} INFO - [2024-07-02T11:52:32.611+0000] {dag.py:3096} INFO - Sync 1 DAGs
[2024-07-02T11:52:32.631+0000] {logging_mixin.py:188} INFO - [2024-07-02T11:52:32.631+0000] {dag.py:3954} INFO - Setting next_dagrun for example_task_group to 2024-07-01 00:00:00+00:00, run_after=2024-07-02 00:00:00+00:00
[2024-07-02T11:52:32.654+0000] {processor.py:183} INFO - Processing /home/airflow/.local/lib/python3.12/site-packages/airflow/example_dags/example_task_group.py took 0.081 seconds
[2024-07-02T11:53:03.354+0000] {processor.py:161} INFO - Started process (PID=666) to work on /home/airflow/.local/lib/python3.12/site-packages/airflow/example_dags/example_task_group.py
[2024-07-02T11:53:03.355+0000] {processor.py:830} INFO - Processing file /home/airflow/.local/lib/python3.12/site-packages/airflow/example_dags/example_task_group.py for tasks to queue
[2024-07-02T11:53:03.356+0000] {logging_mixin.py:188} INFO - [2024-07-02T11:53:03.356+0000] {dagbag.py:545} INFO - Filling up the DagBag from /home/airflow/.local/lib/python3.12/site-packages/airflow/example_dags/example_task_group.py
[2024-07-02T11:53:03.362+0000] {processor.py:840} INFO - DAG(s) 'example_task_group' retrieved from /home/airflow/.local/lib/python3.12/site-packages/airflow/example_dags/example_task_group.py
[2024-07-02T11:53:03.382+0000] {logging_mixin.py:188} INFO - [2024-07-02T11:53:03.382+0000] {dag.py:3096} INFO - Sync 1 DAGs
[2024-07-02T11:53:03.402+0000] {logging_mixin.py:188} INFO - [2024-07-02T11:53:03.401+0000] {dag.py:3954} INFO - Setting next_dagrun for example_task_group to 2024-07-01 00:00:00+00:00, run_after=2024-07-02 00:00:00+00:00
[2024-07-02T11:53:03.424+0000] {processor.py:183} INFO - Processing /home/airflow/.local/lib/python3.12/site-packages/airflow/example_dags/example_task_group.py took 0.075 seconds
[2024-07-02T11:53:34.108+0000] {processor.py:161} INFO - Started process (PID=729) to work on /home/airflow/.local/lib/python3.12/site-packages/airflow/example_dags/example_task_group.py
[2024-07-02T11:53:34.109+0000] {processor.py:830} INFO - Processing file /home/airflow/.local/lib/python3.12/site-packages/airflow/example_dags/example_task_group.py for tasks to queue
[2024-07-02T11:53:34.111+0000] {logging_mixin.py:188} INFO - [2024-07-02T11:53:34.110+0000] {dagbag.py:545} INFO - Filling up the DagBag from /home/airflow/.local/lib/python3.12/site-packages/airflow/example_dags/example_task_group.py
[2024-07-02T11:53:34.118+0000] {processor.py:840} INFO - DAG(s) 'example_task_group' retrieved from /home/airflow/.local/lib/python3.12/site-packages/airflow/example_dags/example_task_group.py
[2024-07-02T11:53:34.137+0000] {logging_mixin.py:188} INFO - [2024-07-02T11:53:34.137+0000] {dag.py:3096} INFO - Sync 1 DAGs
[2024-07-02T11:53:34.158+0000] {logging_mixin.py:188} INFO - [2024-07-02T11:53:34.158+0000] {dag.py:3954} INFO - Setting next_dagrun for example_task_group to 2024-07-01 00:00:00+00:00, run_after=2024-07-02 00:00:00+00:00
[2024-07-02T11:53:34.182+0000] {processor.py:183} INFO - Processing /home/airflow/.local/lib/python3.12/site-packages/airflow/example_dags/example_task_group.py took 0.079 seconds
[2024-07-02T11:54:04.564+0000] {processor.py:161} INFO - Started process (PID=792) to work on /home/airflow/.local/lib/python3.12/site-packages/airflow/example_dags/example_task_group.py
[2024-07-02T11:54:04.566+0000] {processor.py:830} INFO - Processing file /home/airflow/.local/lib/python3.12/site-packages/airflow/example_dags/example_task_group.py for tasks to queue
[2024-07-02T11:54:04.567+0000] {logging_mixin.py:188} INFO - [2024-07-02T11:54:04.566+0000] {dagbag.py:545} INFO - Filling up the DagBag from /home/airflow/.local/lib/python3.12/site-packages/airflow/example_dags/example_task_group.py
[2024-07-02T11:54:04.573+0000] {processor.py:840} INFO - DAG(s) 'example_task_group' retrieved from /home/airflow/.local/lib/python3.12/site-packages/airflow/example_dags/example_task_group.py
[2024-07-02T11:54:04.592+0000] {logging_mixin.py:188} INFO - [2024-07-02T11:54:04.592+0000] {dag.py:3096} INFO - Sync 1 DAGs
[2024-07-02T11:54:04.614+0000] {logging_mixin.py:188} INFO - [2024-07-02T11:54:04.613+0000] {dag.py:3954} INFO - Setting next_dagrun for example_task_group to 2024-07-01 00:00:00+00:00, run_after=2024-07-02 00:00:00+00:00
[2024-07-02T11:54:04.634+0000] {processor.py:183} INFO - Processing /home/airflow/.local/lib/python3.12/site-packages/airflow/example_dags/example_task_group.py took 0.075 seconds
[2024-07-02T11:54:35.420+0000] {processor.py:161} INFO - Started process (PID=855) to work on /home/airflow/.local/lib/python3.12/site-packages/airflow/example_dags/example_task_group.py
[2024-07-02T11:54:35.422+0000] {processor.py:830} INFO - Processing file /home/airflow/.local/lib/python3.12/site-packages/airflow/example_dags/example_task_group.py for tasks to queue
[2024-07-02T11:54:35.423+0000] {logging_mixin.py:188} INFO - [2024-07-02T11:54:35.422+0000] {dagbag.py:545} INFO - Filling up the DagBag from /home/airflow/.local/lib/python3.12/site-packages/airflow/example_dags/example_task_group.py
[2024-07-02T11:54:35.429+0000] {processor.py:840} INFO - DAG(s) 'example_task_group' retrieved from /home/airflow/.local/lib/python3.12/site-packages/airflow/example_dags/example_task_group.py
[2024-07-02T11:54:35.450+0000] {logging_mixin.py:188} INFO - [2024-07-02T11:54:35.450+0000] {dag.py:3096} INFO - Sync 1 DAGs
[2024-07-02T11:54:35.470+0000] {logging_mixin.py:188} INFO - [2024-07-02T11:54:35.470+0000] {dag.py:3954} INFO - Setting next_dagrun for example_task_group to 2024-07-01 00:00:00+00:00, run_after=2024-07-02 00:00:00+00:00
[2024-07-02T11:54:35.491+0000] {processor.py:183} INFO - Processing /home/airflow/.local/lib/python3.12/site-packages/airflow/example_dags/example_task_group.py took 0.076 seconds
[2024-07-02T11:55:05.869+0000] {processor.py:161} INFO - Started process (PID=918) to work on /home/airflow/.local/lib/python3.12/site-packages/airflow/example_dags/example_task_group.py
[2024-07-02T11:55:05.870+0000] {processor.py:830} INFO - Processing file /home/airflow/.local/lib/python3.12/site-packages/airflow/example_dags/example_task_group.py for tasks to queue
[2024-07-02T11:55:05.872+0000] {logging_mixin.py:188} INFO - [2024-07-02T11:55:05.871+0000] {dagbag.py:545} INFO - Filling up the DagBag from /home/airflow/.local/lib/python3.12/site-packages/airflow/example_dags/example_task_group.py
[2024-07-02T11:55:05.878+0000] {processor.py:840} INFO - DAG(s) 'example_task_group' retrieved from /home/airflow/.local/lib/python3.12/site-packages/airflow/example_dags/example_task_group.py
[2024-07-02T11:55:05.896+0000] {logging_mixin.py:188} INFO - [2024-07-02T11:55:05.896+0000] {dag.py:3096} INFO - Sync 1 DAGs
[2024-07-02T11:55:05.915+0000] {logging_mixin.py:188} INFO - [2024-07-02T11:55:05.915+0000] {dag.py:3954} INFO - Setting next_dagrun for example_task_group to 2024-07-01 00:00:00+00:00, run_after=2024-07-02 00:00:00+00:00
[2024-07-02T11:55:05.936+0000] {processor.py:183} INFO - Processing /home/airflow/.local/lib/python3.12/site-packages/airflow/example_dags/example_task_group.py took 0.072 seconds
[2024-07-02T11:55:36.532+0000] {processor.py:161} INFO - Started process (PID=981) to work on /home/airflow/.local/lib/python3.12/site-packages/airflow/example_dags/example_task_group.py
[2024-07-02T11:55:36.534+0000] {processor.py:830} INFO - Processing file /home/airflow/.local/lib/python3.12/site-packages/airflow/example_dags/example_task_group.py for tasks to queue
[2024-07-02T11:55:36.535+0000] {logging_mixin.py:188} INFO - [2024-07-02T11:55:36.535+0000] {dagbag.py:545} INFO - Filling up the DagBag from /home/airflow/.local/lib/python3.12/site-packages/airflow/example_dags/example_task_group.py
[2024-07-02T11:55:36.542+0000] {processor.py:840} INFO - DAG(s) 'example_task_group' retrieved from /home/airflow/.local/lib/python3.12/site-packages/airflow/example_dags/example_task_group.py
[2024-07-02T11:55:36.563+0000] {logging_mixin.py:188} INFO - [2024-07-02T11:55:36.563+0000] {dag.py:3096} INFO - Sync 1 DAGs
[2024-07-02T11:55:36.583+0000] {logging_mixin.py:188} INFO - [2024-07-02T11:55:36.583+0000] {dag.py:3954} INFO - Setting next_dagrun for example_task_group to 2024-07-01 00:00:00+00:00, run_after=2024-07-02 00:00:00+00:00
[2024-07-02T11:55:36.606+0000] {processor.py:183} INFO - Processing /home/airflow/.local/lib/python3.12/site-packages/airflow/example_dags/example_task_group.py took 0.079 seconds
[2024-07-02T11:56:06.708+0000] {processor.py:161} INFO - Started process (PID=1045) to work on /home/airflow/.local/lib/python3.12/site-packages/airflow/example_dags/example_task_group.py
[2024-07-02T11:56:06.709+0000] {processor.py:830} INFO - Processing file /home/airflow/.local/lib/python3.12/site-packages/airflow/example_dags/example_task_group.py for tasks to queue
[2024-07-02T11:56:06.710+0000] {logging_mixin.py:188} INFO - [2024-07-02T11:56:06.710+0000] {dagbag.py:545} INFO - Filling up the DagBag from /home/airflow/.local/lib/python3.12/site-packages/airflow/example_dags/example_task_group.py
[2024-07-02T11:56:06.717+0000] {processor.py:840} INFO - DAG(s) 'example_task_group' retrieved from /home/airflow/.local/lib/python3.12/site-packages/airflow/example_dags/example_task_group.py
[2024-07-02T11:56:06.739+0000] {logging_mixin.py:188} INFO - [2024-07-02T11:56:06.739+0000] {dag.py:3096} INFO - Sync 1 DAGs
[2024-07-02T11:56:06.761+0000] {logging_mixin.py:188} INFO - [2024-07-02T11:56:06.761+0000] {dag.py:3954} INFO - Setting next_dagrun for example_task_group to 2024-07-01 00:00:00+00:00, run_after=2024-07-02 00:00:00+00:00
[2024-07-02T11:56:06.782+0000] {processor.py:183} INFO - Processing /home/airflow/.local/lib/python3.12/site-packages/airflow/example_dags/example_task_group.py took 0.080 seconds
[2024-07-02T11:56:37.117+0000] {processor.py:161} INFO - Started process (PID=1106) to work on /home/airflow/.local/lib/python3.12/site-packages/airflow/example_dags/example_task_group.py
[2024-07-02T11:56:37.119+0000] {processor.py:830} INFO - Processing file /home/airflow/.local/lib/python3.12/site-packages/airflow/example_dags/example_task_group.py for tasks to queue
[2024-07-02T11:56:37.120+0000] {logging_mixin.py:188} INFO - [2024-07-02T11:56:37.119+0000] {dagbag.py:545} INFO - Filling up the DagBag from /home/airflow/.local/lib/python3.12/site-packages/airflow/example_dags/example_task_group.py
[2024-07-02T11:56:37.126+0000] {processor.py:840} INFO - DAG(s) 'example_task_group' retrieved from /home/airflow/.local/lib/python3.12/site-packages/airflow/example_dags/example_task_group.py
[2024-07-02T11:56:37.146+0000] {logging_mixin.py:188} INFO - [2024-07-02T11:56:37.146+0000] {dag.py:3096} INFO - Sync 1 DAGs
[2024-07-02T11:56:37.164+0000] {logging_mixin.py:188} INFO - [2024-07-02T11:56:37.164+0000] {dag.py:3954} INFO - Setting next_dagrun for example_task_group to 2024-07-01 00:00:00+00:00, run_after=2024-07-02 00:00:00+00:00
[2024-07-02T11:56:37.185+0000] {processor.py:183} INFO - Processing /home/airflow/.local/lib/python3.12/site-packages/airflow/example_dags/example_task_group.py took 0.075 seconds
[2024-07-02T11:57:08.227+0000] {processor.py:161} INFO - Started process (PID=1169) to work on /home/airflow/.local/lib/python3.12/site-packages/airflow/example_dags/example_task_group.py
[2024-07-02T11:57:08.229+0000] {processor.py:830} INFO - Processing file /home/airflow/.local/lib/python3.12/site-packages/airflow/example_dags/example_task_group.py for tasks to queue
[2024-07-02T11:57:08.230+0000] {logging_mixin.py:188} INFO - [2024-07-02T11:57:08.230+0000] {dagbag.py:545} INFO - Filling up the DagBag from /home/airflow/.local/lib/python3.12/site-packages/airflow/example_dags/example_task_group.py
[2024-07-02T11:57:08.237+0000] {processor.py:840} INFO - DAG(s) 'example_task_group' retrieved from /home/airflow/.local/lib/python3.12/site-packages/airflow/example_dags/example_task_group.py
[2024-07-02T11:57:08.259+0000] {logging_mixin.py:188} INFO - [2024-07-02T11:57:08.258+0000] {dag.py:3096} INFO - Sync 1 DAGs
[2024-07-02T11:57:08.282+0000] {logging_mixin.py:188} INFO - [2024-07-02T11:57:08.281+0000] {dag.py:3954} INFO - Setting next_dagrun for example_task_group to 2024-07-01 00:00:00+00:00, run_after=2024-07-02 00:00:00+00:00
[2024-07-02T11:57:08.306+0000] {processor.py:183} INFO - Processing /home/airflow/.local/lib/python3.12/site-packages/airflow/example_dags/example_task_group.py took 0.085 seconds
[2024-07-02T11:57:39.025+0000] {processor.py:161} INFO - Started process (PID=1232) to work on /home/airflow/.local/lib/python3.12/site-packages/airflow/example_dags/example_task_group.py
[2024-07-02T11:57:39.026+0000] {processor.py:830} INFO - Processing file /home/airflow/.local/lib/python3.12/site-packages/airflow/example_dags/example_task_group.py for tasks to queue
[2024-07-02T11:57:39.027+0000] {logging_mixin.py:188} INFO - [2024-07-02T11:57:39.027+0000] {dagbag.py:545} INFO - Filling up the DagBag from /home/airflow/.local/lib/python3.12/site-packages/airflow/example_dags/example_task_group.py
[2024-07-02T11:57:39.033+0000] {processor.py:840} INFO - DAG(s) 'example_task_group' retrieved from /home/airflow/.local/lib/python3.12/site-packages/airflow/example_dags/example_task_group.py
[2024-07-02T11:57:39.052+0000] {logging_mixin.py:188} INFO - [2024-07-02T11:57:39.052+0000] {dag.py:3096} INFO - Sync 1 DAGs
[2024-07-02T11:57:39.070+0000] {logging_mixin.py:188} INFO - [2024-07-02T11:57:39.069+0000] {dag.py:3954} INFO - Setting next_dagrun for example_task_group to 2024-07-01 00:00:00+00:00, run_after=2024-07-02 00:00:00+00:00
[2024-07-02T11:57:39.089+0000] {processor.py:183} INFO - Processing /home/airflow/.local/lib/python3.12/site-packages/airflow/example_dags/example_task_group.py took 0.070 seconds
[2024-07-02T11:58:09.643+0000] {processor.py:161} INFO - Started process (PID=1295) to work on /home/airflow/.local/lib/python3.12/site-packages/airflow/example_dags/example_task_group.py
[2024-07-02T11:58:09.644+0000] {processor.py:830} INFO - Processing file /home/airflow/.local/lib/python3.12/site-packages/airflow/example_dags/example_task_group.py for tasks to queue
[2024-07-02T11:58:09.645+0000] {logging_mixin.py:188} INFO - [2024-07-02T11:58:09.644+0000] {dagbag.py:545} INFO - Filling up the DagBag from /home/airflow/.local/lib/python3.12/site-packages/airflow/example_dags/example_task_group.py
[2024-07-02T11:58:09.651+0000] {processor.py:840} INFO - DAG(s) 'example_task_group' retrieved from /home/airflow/.local/lib/python3.12/site-packages/airflow/example_dags/example_task_group.py
[2024-07-02T11:58:09.670+0000] {logging_mixin.py:188} INFO - [2024-07-02T11:58:09.670+0000] {dag.py:3096} INFO - Sync 1 DAGs
[2024-07-02T11:58:09.689+0000] {logging_mixin.py:188} INFO - [2024-07-02T11:58:09.689+0000] {dag.py:3954} INFO - Setting next_dagrun for example_task_group to 2024-07-01 00:00:00+00:00, run_after=2024-07-02 00:00:00+00:00
[2024-07-02T11:58:09.706+0000] {processor.py:183} INFO - Processing /home/airflow/.local/lib/python3.12/site-packages/airflow/example_dags/example_task_group.py took 0.068 seconds
[2024-07-02T11:58:40.365+0000] {processor.py:161} INFO - Started process (PID=1358) to work on /home/airflow/.local/lib/python3.12/site-packages/airflow/example_dags/example_task_group.py
[2024-07-02T11:58:40.366+0000] {processor.py:830} INFO - Processing file /home/airflow/.local/lib/python3.12/site-packages/airflow/example_dags/example_task_group.py for tasks to queue
[2024-07-02T11:58:40.367+0000] {logging_mixin.py:188} INFO - [2024-07-02T11:58:40.367+0000] {dagbag.py:545} INFO - Filling up the DagBag from /home/airflow/.local/lib/python3.12/site-packages/airflow/example_dags/example_task_group.py
[2024-07-02T11:58:40.374+0000] {processor.py:840} INFO - DAG(s) 'example_task_group' retrieved from /home/airflow/.local/lib/python3.12/site-packages/airflow/example_dags/example_task_group.py
[2024-07-02T11:58:40.392+0000] {logging_mixin.py:188} INFO - [2024-07-02T11:58:40.392+0000] {dag.py:3096} INFO - Sync 1 DAGs
[2024-07-02T11:58:40.408+0000] {logging_mixin.py:188} INFO - [2024-07-02T11:58:40.408+0000] {dag.py:3954} INFO - Setting next_dagrun for example_task_group to 2024-07-01 00:00:00+00:00, run_after=2024-07-02 00:00:00+00:00
[2024-07-02T11:58:40.428+0000] {processor.py:183} INFO - Processing /home/airflow/.local/lib/python3.12/site-packages/airflow/example_dags/example_task_group.py took 0.069 seconds
[2024-07-02T11:59:11.193+0000] {processor.py:161} INFO - Started process (PID=1421) to work on /home/airflow/.local/lib/python3.12/site-packages/airflow/example_dags/example_task_group.py
[2024-07-02T11:59:11.194+0000] {processor.py:830} INFO - Processing file /home/airflow/.local/lib/python3.12/site-packages/airflow/example_dags/example_task_group.py for tasks to queue
[2024-07-02T11:59:11.195+0000] {logging_mixin.py:188} INFO - [2024-07-02T11:59:11.194+0000] {dagbag.py:545} INFO - Filling up the DagBag from /home/airflow/.local/lib/python3.12/site-packages/airflow/example_dags/example_task_group.py
[2024-07-02T11:59:11.200+0000] {processor.py:840} INFO - DAG(s) 'example_task_group' retrieved from /home/airflow/.local/lib/python3.12/site-packages/airflow/example_dags/example_task_group.py
[2024-07-02T11:59:11.220+0000] {logging_mixin.py:188} INFO - [2024-07-02T11:59:11.220+0000] {dag.py:3096} INFO - Sync 1 DAGs
[2024-07-02T11:59:11.238+0000] {logging_mixin.py:188} INFO - [2024-07-02T11:59:11.238+0000] {dag.py:3954} INFO - Setting next_dagrun for example_task_group to 2024-07-01 00:00:00+00:00, run_after=2024-07-02 00:00:00+00:00
[2024-07-02T11:59:11.258+0000] {processor.py:183} INFO - Processing /home/airflow/.local/lib/python3.12/site-packages/airflow/example_dags/example_task_group.py took 0.070 seconds
[2024-07-02T11:59:43.324+0000] {processor.py:161} INFO - Started process (PID=1484) to work on /home/airflow/.local/lib/python3.12/site-packages/airflow/example_dags/example_task_group.py
[2024-07-02T11:59:43.326+0000] {processor.py:830} INFO - Processing file /home/airflow/.local/lib/python3.12/site-packages/airflow/example_dags/example_task_group.py for tasks to queue
[2024-07-02T11:59:43.327+0000] {logging_mixin.py:188} INFO - [2024-07-02T11:59:43.327+0000] {dagbag.py:545} INFO - Filling up the DagBag from /home/airflow/.local/lib/python3.12/site-packages/airflow/example_dags/example_task_group.py
[2024-07-02T11:59:43.334+0000] {processor.py:840} INFO - DAG(s) 'example_task_group' retrieved from /home/airflow/.local/lib/python3.12/site-packages/airflow/example_dags/example_task_group.py
[2024-07-02T11:59:43.353+0000] {logging_mixin.py:188} INFO - [2024-07-02T11:59:43.353+0000] {dag.py:3096} INFO - Sync 1 DAGs
[2024-07-02T11:59:43.371+0000] {logging_mixin.py:188} INFO - [2024-07-02T11:59:43.371+0000] {dag.py:3954} INFO - Setting next_dagrun for example_task_group to 2024-07-01 00:00:00+00:00, run_after=2024-07-02 00:00:00+00:00
[2024-07-02T11:59:43.391+0000] {processor.py:183} INFO - Processing /home/airflow/.local/lib/python3.12/site-packages/airflow/example_dags/example_task_group.py took 0.072 seconds
[2024-07-02T12:00:13.984+0000] {processor.py:161} INFO - Started process (PID=1547) to work on /home/airflow/.local/lib/python3.12/site-packages/airflow/example_dags/example_task_group.py
[2024-07-02T12:00:13.986+0000] {processor.py:830} INFO - Processing file /home/airflow/.local/lib/python3.12/site-packages/airflow/example_dags/example_task_group.py for tasks to queue
[2024-07-02T12:00:13.988+0000] {logging_mixin.py:188} INFO - [2024-07-02T12:00:13.987+0000] {dagbag.py:545} INFO - Filling up the DagBag from /home/airflow/.local/lib/python3.12/site-packages/airflow/example_dags/example_task_group.py
[2024-07-02T12:00:14.003+0000] {processor.py:840} INFO - DAG(s) 'example_task_group' retrieved from /home/airflow/.local/lib/python3.12/site-packages/airflow/example_dags/example_task_group.py
[2024-07-02T12:00:14.034+0000] {logging_mixin.py:188} INFO - [2024-07-02T12:00:14.033+0000] {dag.py:3096} INFO - Sync 1 DAGs
[2024-07-02T12:00:14.205+0000] {logging_mixin.py:188} INFO - [2024-07-02T12:00:14.204+0000] {dag.py:3954} INFO - Setting next_dagrun for example_task_group to 2024-07-01 00:00:00+00:00, run_after=2024-07-02 00:00:00+00:00
[2024-07-02T12:00:14.227+0000] {processor.py:183} INFO - Processing /home/airflow/.local/lib/python3.12/site-packages/airflow/example_dags/example_task_group.py took 0.255 seconds
[2024-07-02T12:00:44.653+0000] {processor.py:161} INFO - Started process (PID=1610) to work on /home/airflow/.local/lib/python3.12/site-packages/airflow/example_dags/example_task_group.py
[2024-07-02T12:00:44.655+0000] {processor.py:830} INFO - Processing file /home/airflow/.local/lib/python3.12/site-packages/airflow/example_dags/example_task_group.py for tasks to queue
[2024-07-02T12:00:44.656+0000] {logging_mixin.py:188} INFO - [2024-07-02T12:00:44.656+0000] {dagbag.py:545} INFO - Filling up the DagBag from /home/airflow/.local/lib/python3.12/site-packages/airflow/example_dags/example_task_group.py
[2024-07-02T12:00:44.663+0000] {processor.py:840} INFO - DAG(s) 'example_task_group' retrieved from /home/airflow/.local/lib/python3.12/site-packages/airflow/example_dags/example_task_group.py
[2024-07-02T12:00:44.684+0000] {logging_mixin.py:188} INFO - [2024-07-02T12:00:44.683+0000] {dag.py:3096} INFO - Sync 1 DAGs
[2024-07-02T12:00:44.702+0000] {logging_mixin.py:188} INFO - [2024-07-02T12:00:44.702+0000] {dag.py:3954} INFO - Setting next_dagrun for example_task_group to 2024-07-01 00:00:00+00:00, run_after=2024-07-02 00:00:00+00:00
[2024-07-02T12:00:44.832+0000] {processor.py:183} INFO - Processing /home/airflow/.local/lib/python3.12/site-packages/airflow/example_dags/example_task_group.py took 0.185 seconds
[2024-07-02T12:01:14.954+0000] {processor.py:161} INFO - Started process (PID=1673) to work on /home/airflow/.local/lib/python3.12/site-packages/airflow/example_dags/example_task_group.py
[2024-07-02T12:01:14.955+0000] {processor.py:830} INFO - Processing file /home/airflow/.local/lib/python3.12/site-packages/airflow/example_dags/example_task_group.py for tasks to queue
[2024-07-02T12:01:14.956+0000] {logging_mixin.py:188} INFO - [2024-07-02T12:01:14.956+0000] {dagbag.py:545} INFO - Filling up the DagBag from /home/airflow/.local/lib/python3.12/site-packages/airflow/example_dags/example_task_group.py
[2024-07-02T12:01:14.963+0000] {processor.py:840} INFO - DAG(s) 'example_task_group' retrieved from /home/airflow/.local/lib/python3.12/site-packages/airflow/example_dags/example_task_group.py
[2024-07-02T12:01:14.980+0000] {logging_mixin.py:188} INFO - [2024-07-02T12:01:14.980+0000] {dag.py:3096} INFO - Sync 1 DAGs
[2024-07-02T12:01:14.998+0000] {logging_mixin.py:188} INFO - [2024-07-02T12:01:14.998+0000] {dag.py:3954} INFO - Setting next_dagrun for example_task_group to 2024-07-01 00:00:00+00:00, run_after=2024-07-02 00:00:00+00:00
[2024-07-02T12:01:15.124+0000] {processor.py:183} INFO - Processing /home/airflow/.local/lib/python3.12/site-packages/airflow/example_dags/example_task_group.py took 0.177 seconds
[2024-07-02T12:01:47.054+0000] {processor.py:161} INFO - Started process (PID=1736) to work on /home/airflow/.local/lib/python3.12/site-packages/airflow/example_dags/example_task_group.py
[2024-07-02T12:01:47.055+0000] {processor.py:830} INFO - Processing file /home/airflow/.local/lib/python3.12/site-packages/airflow/example_dags/example_task_group.py for tasks to queue
[2024-07-02T12:01:47.056+0000] {logging_mixin.py:188} INFO - [2024-07-02T12:01:47.056+0000] {dagbag.py:545} INFO - Filling up the DagBag from /home/airflow/.local/lib/python3.12/site-packages/airflow/example_dags/example_task_group.py
[2024-07-02T12:01:47.063+0000] {processor.py:840} INFO - DAG(s) 'example_task_group' retrieved from /home/airflow/.local/lib/python3.12/site-packages/airflow/example_dags/example_task_group.py
[2024-07-02T12:01:47.083+0000] {logging_mixin.py:188} INFO - [2024-07-02T12:01:47.083+0000] {dag.py:3096} INFO - Sync 1 DAGs
[2024-07-02T12:01:47.104+0000] {logging_mixin.py:188} INFO - [2024-07-02T12:01:47.103+0000] {dag.py:3954} INFO - Setting next_dagrun for example_task_group to 2024-07-01 00:00:00+00:00, run_after=2024-07-02 00:00:00+00:00
[2024-07-02T12:01:47.127+0000] {processor.py:183} INFO - Processing /home/airflow/.local/lib/python3.12/site-packages/airflow/example_dags/example_task_group.py took 0.081 seconds
[2024-07-02T12:02:17.569+0000] {processor.py:161} INFO - Started process (PID=1799) to work on /home/airflow/.local/lib/python3.12/site-packages/airflow/example_dags/example_task_group.py
[2024-07-02T12:02:17.570+0000] {processor.py:830} INFO - Processing file /home/airflow/.local/lib/python3.12/site-packages/airflow/example_dags/example_task_group.py for tasks to queue
[2024-07-02T12:02:17.571+0000] {logging_mixin.py:188} INFO - [2024-07-02T12:02:17.571+0000] {dagbag.py:545} INFO - Filling up the DagBag from /home/airflow/.local/lib/python3.12/site-packages/airflow/example_dags/example_task_group.py
[2024-07-02T12:02:17.577+0000] {processor.py:840} INFO - DAG(s) 'example_task_group' retrieved from /home/airflow/.local/lib/python3.12/site-packages/airflow/example_dags/example_task_group.py
[2024-07-02T12:02:17.594+0000] {logging_mixin.py:188} INFO - [2024-07-02T12:02:17.594+0000] {dag.py:3096} INFO - Sync 1 DAGs
[2024-07-02T12:02:17.610+0000] {logging_mixin.py:188} INFO - [2024-07-02T12:02:17.610+0000] {dag.py:3954} INFO - Setting next_dagrun for example_task_group to 2024-07-01 00:00:00+00:00, run_after=2024-07-02 00:00:00+00:00
[2024-07-02T12:02:17.629+0000] {processor.py:183} INFO - Processing /home/airflow/.local/lib/python3.12/site-packages/airflow/example_dags/example_task_group.py took 0.067 seconds
[2024-07-02T12:02:47.891+0000] {processor.py:161} INFO - Started process (PID=1862) to work on /home/airflow/.local/lib/python3.12/site-packages/airflow/example_dags/example_task_group.py
[2024-07-02T12:02:47.892+0000] {processor.py:830} INFO - Processing file /home/airflow/.local/lib/python3.12/site-packages/airflow/example_dags/example_task_group.py for tasks to queue
[2024-07-02T12:02:47.893+0000] {logging_mixin.py:188} INFO - [2024-07-02T12:02:47.893+0000] {dagbag.py:545} INFO - Filling up the DagBag from /home/airflow/.local/lib/python3.12/site-packages/airflow/example_dags/example_task_group.py
[2024-07-02T12:02:47.900+0000] {processor.py:840} INFO - DAG(s) 'example_task_group' retrieved from /home/airflow/.local/lib/python3.12/site-packages/airflow/example_dags/example_task_group.py
[2024-07-02T12:02:47.921+0000] {logging_mixin.py:188} INFO - [2024-07-02T12:02:47.920+0000] {dag.py:3096} INFO - Sync 1 DAGs
[2024-07-02T12:02:47.941+0000] {logging_mixin.py:188} INFO - [2024-07-02T12:02:47.941+0000] {dag.py:3954} INFO - Setting next_dagrun for example_task_group to 2024-07-01 00:00:00+00:00, run_after=2024-07-02 00:00:00+00:00
[2024-07-02T12:02:47.961+0000] {processor.py:183} INFO - Processing /home/airflow/.local/lib/python3.12/site-packages/airflow/example_dags/example_task_group.py took 0.079 seconds
[2024-07-02T12:03:18.675+0000] {processor.py:161} INFO - Started process (PID=1925) to work on /home/airflow/.local/lib/python3.12/site-packages/airflow/example_dags/example_task_group.py
[2024-07-02T12:03:18.676+0000] {processor.py:830} INFO - Processing file /home/airflow/.local/lib/python3.12/site-packages/airflow/example_dags/example_task_group.py for tasks to queue
[2024-07-02T12:03:18.677+0000] {logging_mixin.py:188} INFO - [2024-07-02T12:03:18.677+0000] {dagbag.py:545} INFO - Filling up the DagBag from /home/airflow/.local/lib/python3.12/site-packages/airflow/example_dags/example_task_group.py
[2024-07-02T12:03:18.684+0000] {processor.py:840} INFO - DAG(s) 'example_task_group' retrieved from /home/airflow/.local/lib/python3.12/site-packages/airflow/example_dags/example_task_group.py
[2024-07-02T12:03:18.703+0000] {logging_mixin.py:188} INFO - [2024-07-02T12:03:18.702+0000] {dag.py:3096} INFO - Sync 1 DAGs
[2024-07-02T12:03:18.721+0000] {logging_mixin.py:188} INFO - [2024-07-02T12:03:18.721+0000] {dag.py:3954} INFO - Setting next_dagrun for example_task_group to 2024-07-01 00:00:00+00:00, run_after=2024-07-02 00:00:00+00:00
[2024-07-02T12:03:18.741+0000] {processor.py:183} INFO - Processing /home/airflow/.local/lib/python3.12/site-packages/airflow/example_dags/example_task_group.py took 0.073 seconds
[2024-07-02T12:03:49.577+0000] {processor.py:161} INFO - Started process (PID=1988) to work on /home/airflow/.local/lib/python3.12/site-packages/airflow/example_dags/example_task_group.py
[2024-07-02T12:03:49.578+0000] {processor.py:830} INFO - Processing file /home/airflow/.local/lib/python3.12/site-packages/airflow/example_dags/example_task_group.py for tasks to queue
[2024-07-02T12:03:49.580+0000] {logging_mixin.py:188} INFO - [2024-07-02T12:03:49.579+0000] {dagbag.py:545} INFO - Filling up the DagBag from /home/airflow/.local/lib/python3.12/site-packages/airflow/example_dags/example_task_group.py
[2024-07-02T12:03:49.586+0000] {processor.py:840} INFO - DAG(s) 'example_task_group' retrieved from /home/airflow/.local/lib/python3.12/site-packages/airflow/example_dags/example_task_group.py
[2024-07-02T12:03:49.605+0000] {logging_mixin.py:188} INFO - [2024-07-02T12:03:49.605+0000] {dag.py:3096} INFO - Sync 1 DAGs
[2024-07-02T12:03:49.624+0000] {logging_mixin.py:188} INFO - [2024-07-02T12:03:49.624+0000] {dag.py:3954} INFO - Setting next_dagrun for example_task_group to 2024-07-01 00:00:00+00:00, run_after=2024-07-02 00:00:00+00:00
[2024-07-02T12:03:49.645+0000] {processor.py:183} INFO - Processing /home/airflow/.local/lib/python3.12/site-packages/airflow/example_dags/example_task_group.py took 0.076 seconds
[2024-07-02T12:04:19.974+0000] {processor.py:161} INFO - Started process (PID=2051) to work on /home/airflow/.local/lib/python3.12/site-packages/airflow/example_dags/example_task_group.py
[2024-07-02T12:04:19.975+0000] {processor.py:830} INFO - Processing file /home/airflow/.local/lib/python3.12/site-packages/airflow/example_dags/example_task_group.py for tasks to queue
[2024-07-02T12:04:19.976+0000] {logging_mixin.py:188} INFO - [2024-07-02T12:04:19.976+0000] {dagbag.py:545} INFO - Filling up the DagBag from /home/airflow/.local/lib/python3.12/site-packages/airflow/example_dags/example_task_group.py
[2024-07-02T12:04:19.983+0000] {processor.py:840} INFO - DAG(s) 'example_task_group' retrieved from /home/airflow/.local/lib/python3.12/site-packages/airflow/example_dags/example_task_group.py
[2024-07-02T12:04:20.004+0000] {logging_mixin.py:188} INFO - [2024-07-02T12:04:20.004+0000] {dag.py:3096} INFO - Sync 1 DAGs
[2024-07-02T12:04:20.022+0000] {logging_mixin.py:188} INFO - [2024-07-02T12:04:20.022+0000] {dag.py:3954} INFO - Setting next_dagrun for example_task_group to 2024-07-01 00:00:00+00:00, run_after=2024-07-02 00:00:00+00:00
[2024-07-02T12:04:20.042+0000] {processor.py:183} INFO - Processing /home/airflow/.local/lib/python3.12/site-packages/airflow/example_dags/example_task_group.py took 0.077 seconds
[2024-07-02T12:04:50.911+0000] {processor.py:161} INFO - Started process (PID=2113) to work on /home/airflow/.local/lib/python3.12/site-packages/airflow/example_dags/example_task_group.py
[2024-07-02T12:04:50.912+0000] {processor.py:830} INFO - Processing file /home/airflow/.local/lib/python3.12/site-packages/airflow/example_dags/example_task_group.py for tasks to queue
[2024-07-02T12:04:50.913+0000] {logging_mixin.py:188} INFO - [2024-07-02T12:04:50.913+0000] {dagbag.py:545} INFO - Filling up the DagBag from /home/airflow/.local/lib/python3.12/site-packages/airflow/example_dags/example_task_group.py
[2024-07-02T12:04:50.919+0000] {processor.py:840} INFO - DAG(s) 'example_task_group' retrieved from /home/airflow/.local/lib/python3.12/site-packages/airflow/example_dags/example_task_group.py
[2024-07-02T12:04:50.938+0000] {logging_mixin.py:188} INFO - [2024-07-02T12:04:50.938+0000] {dag.py:3096} INFO - Sync 1 DAGs
[2024-07-02T12:04:50.957+0000] {logging_mixin.py:188} INFO - [2024-07-02T12:04:50.956+0000] {dag.py:3954} INFO - Setting next_dagrun for example_task_group to 2024-07-01 00:00:00+00:00, run_after=2024-07-02 00:00:00+00:00
[2024-07-02T12:04:50.978+0000] {processor.py:183} INFO - Processing /home/airflow/.local/lib/python3.12/site-packages/airflow/example_dags/example_task_group.py took 0.075 seconds
[2024-07-02T12:05:21.357+0000] {processor.py:161} INFO - Started process (PID=2177) to work on /home/airflow/.local/lib/python3.12/site-packages/airflow/example_dags/example_task_group.py
[2024-07-02T12:05:21.358+0000] {processor.py:830} INFO - Processing file /home/airflow/.local/lib/python3.12/site-packages/airflow/example_dags/example_task_group.py for tasks to queue
[2024-07-02T12:05:21.359+0000] {logging_mixin.py:188} INFO - [2024-07-02T12:05:21.359+0000] {dagbag.py:545} INFO - Filling up the DagBag from /home/airflow/.local/lib/python3.12/site-packages/airflow/example_dags/example_task_group.py
[2024-07-02T12:05:21.367+0000] {processor.py:840} INFO - DAG(s) 'example_task_group' retrieved from /home/airflow/.local/lib/python3.12/site-packages/airflow/example_dags/example_task_group.py
[2024-07-02T12:05:21.388+0000] {logging_mixin.py:188} INFO - [2024-07-02T12:05:21.388+0000] {dag.py:3096} INFO - Sync 1 DAGs
[2024-07-02T12:05:21.409+0000] {logging_mixin.py:188} INFO - [2024-07-02T12:05:21.409+0000] {dag.py:3954} INFO - Setting next_dagrun for example_task_group to 2024-07-01 00:00:00+00:00, run_after=2024-07-02 00:00:00+00:00
[2024-07-02T12:05:21.425+0000] {processor.py:183} INFO - Processing /home/airflow/.local/lib/python3.12/site-packages/airflow/example_dags/example_task_group.py took 0.076 seconds
[2024-07-02T12:07:44.710+0000] {processor.py:161} INFO - Started process (PID=84) to work on /home/airflow/.local/lib/python3.12/site-packages/airflow/example_dags/example_task_group.py
[2024-07-02T12:07:44.712+0000] {processor.py:830} INFO - Processing file /home/airflow/.local/lib/python3.12/site-packages/airflow/example_dags/example_task_group.py for tasks to queue
[2024-07-02T12:07:44.714+0000] {logging_mixin.py:188} INFO - [2024-07-02T12:07:44.714+0000] {dagbag.py:545} INFO - Filling up the DagBag from /home/airflow/.local/lib/python3.12/site-packages/airflow/example_dags/example_task_group.py
[2024-07-02T12:07:44.721+0000] {processor.py:840} INFO - DAG(s) 'example_task_group' retrieved from /home/airflow/.local/lib/python3.12/site-packages/airflow/example_dags/example_task_group.py
[2024-07-02T12:07:44.732+0000] {logging_mixin.py:188} INFO - [2024-07-02T12:07:44.732+0000] {dag.py:3096} INFO - Sync 1 DAGs
[2024-07-02T12:07:44.753+0000] {logging_mixin.py:188} INFO - [2024-07-02T12:07:44.753+0000] {dag.py:3954} INFO - Setting next_dagrun for example_task_group to 2024-07-01 00:00:00+00:00, run_after=2024-07-02 00:00:00+00:00
[2024-07-02T12:07:44.771+0000] {processor.py:183} INFO - Processing /home/airflow/.local/lib/python3.12/site-packages/airflow/example_dags/example_task_group.py took 0.066 seconds
[2024-07-02T12:08:16.929+0000] {processor.py:161} INFO - Started process (PID=147) to work on /home/airflow/.local/lib/python3.12/site-packages/airflow/example_dags/example_task_group.py
[2024-07-02T12:08:16.931+0000] {processor.py:830} INFO - Processing file /home/airflow/.local/lib/python3.12/site-packages/airflow/example_dags/example_task_group.py for tasks to queue
[2024-07-02T12:08:16.933+0000] {logging_mixin.py:188} INFO - [2024-07-02T12:08:16.932+0000] {dagbag.py:545} INFO - Filling up the DagBag from /home/airflow/.local/lib/python3.12/site-packages/airflow/example_dags/example_task_group.py
[2024-07-02T12:08:16.939+0000] {processor.py:840} INFO - DAG(s) 'example_task_group' retrieved from /home/airflow/.local/lib/python3.12/site-packages/airflow/example_dags/example_task_group.py
[2024-07-02T12:08:17.046+0000] {logging_mixin.py:188} INFO - [2024-07-02T12:08:17.046+0000] {dag.py:3096} INFO - Sync 1 DAGs
[2024-07-02T12:08:17.069+0000] {logging_mixin.py:188} INFO - [2024-07-02T12:08:17.069+0000] {dag.py:3954} INFO - Setting next_dagrun for example_task_group to 2024-07-01 00:00:00+00:00, run_after=2024-07-02 00:00:00+00:00
[2024-07-02T12:08:17.101+0000] {processor.py:183} INFO - Processing /home/airflow/.local/lib/python3.12/site-packages/airflow/example_dags/example_task_group.py took 0.177 seconds
[2024-07-02T12:08:47.900+0000] {processor.py:161} INFO - Started process (PID=210) to work on /home/airflow/.local/lib/python3.12/site-packages/airflow/example_dags/example_task_group.py
[2024-07-02T12:08:47.902+0000] {processor.py:830} INFO - Processing file /home/airflow/.local/lib/python3.12/site-packages/airflow/example_dags/example_task_group.py for tasks to queue
[2024-07-02T12:08:47.904+0000] {logging_mixin.py:188} INFO - [2024-07-02T12:08:47.903+0000] {dagbag.py:545} INFO - Filling up the DagBag from /home/airflow/.local/lib/python3.12/site-packages/airflow/example_dags/example_task_group.py
[2024-07-02T12:08:47.909+0000] {processor.py:840} INFO - DAG(s) 'example_task_group' retrieved from /home/airflow/.local/lib/python3.12/site-packages/airflow/example_dags/example_task_group.py
[2024-07-02T12:08:47.931+0000] {logging_mixin.py:188} INFO - [2024-07-02T12:08:47.931+0000] {dag.py:3096} INFO - Sync 1 DAGs
[2024-07-02T12:08:47.951+0000] {logging_mixin.py:188} INFO - [2024-07-02T12:08:47.950+0000] {dag.py:3954} INFO - Setting next_dagrun for example_task_group to 2024-07-01 00:00:00+00:00, run_after=2024-07-02 00:00:00+00:00
[2024-07-02T12:08:47.973+0000] {processor.py:183} INFO - Processing /home/airflow/.local/lib/python3.12/site-packages/airflow/example_dags/example_task_group.py took 0.078 seconds
[2024-07-02T12:09:18.673+0000] {processor.py:161} INFO - Started process (PID=273) to work on /home/airflow/.local/lib/python3.12/site-packages/airflow/example_dags/example_task_group.py
[2024-07-02T12:09:18.675+0000] {processor.py:830} INFO - Processing file /home/airflow/.local/lib/python3.12/site-packages/airflow/example_dags/example_task_group.py for tasks to queue
[2024-07-02T12:09:18.677+0000] {logging_mixin.py:188} INFO - [2024-07-02T12:09:18.676+0000] {dagbag.py:545} INFO - Filling up the DagBag from /home/airflow/.local/lib/python3.12/site-packages/airflow/example_dags/example_task_group.py
[2024-07-02T12:09:18.683+0000] {processor.py:840} INFO - DAG(s) 'example_task_group' retrieved from /home/airflow/.local/lib/python3.12/site-packages/airflow/example_dags/example_task_group.py
[2024-07-02T12:09:18.694+0000] {logging_mixin.py:188} INFO - [2024-07-02T12:09:18.694+0000] {dag.py:3096} INFO - Sync 1 DAGs
[2024-07-02T12:09:18.714+0000] {logging_mixin.py:188} INFO - [2024-07-02T12:09:18.714+0000] {dag.py:3954} INFO - Setting next_dagrun for example_task_group to 2024-07-01 00:00:00+00:00, run_after=2024-07-02 00:00:00+00:00
[2024-07-02T12:09:18.742+0000] {processor.py:183} INFO - Processing /home/airflow/.local/lib/python3.12/site-packages/airflow/example_dags/example_task_group.py took 0.074 seconds
[2024-07-02T12:09:50.376+0000] {processor.py:161} INFO - Started process (PID=336) to work on /home/airflow/.local/lib/python3.12/site-packages/airflow/example_dags/example_task_group.py
[2024-07-02T12:09:50.377+0000] {processor.py:830} INFO - Processing file /home/airflow/.local/lib/python3.12/site-packages/airflow/example_dags/example_task_group.py for tasks to queue
[2024-07-02T12:09:50.379+0000] {logging_mixin.py:188} INFO - [2024-07-02T12:09:50.378+0000] {dagbag.py:545} INFO - Filling up the DagBag from /home/airflow/.local/lib/python3.12/site-packages/airflow/example_dags/example_task_group.py
[2024-07-02T12:09:50.385+0000] {processor.py:840} INFO - DAG(s) 'example_task_group' retrieved from /home/airflow/.local/lib/python3.12/site-packages/airflow/example_dags/example_task_group.py
[2024-07-02T12:09:50.472+0000] {logging_mixin.py:188} INFO - [2024-07-02T12:09:50.472+0000] {dag.py:3096} INFO - Sync 1 DAGs
[2024-07-02T12:09:50.490+0000] {logging_mixin.py:188} INFO - [2024-07-02T12:09:50.490+0000] {dag.py:3954} INFO - Setting next_dagrun for example_task_group to 2024-07-01 00:00:00+00:00, run_after=2024-07-02 00:00:00+00:00
[2024-07-02T12:09:50.515+0000] {processor.py:183} INFO - Processing /home/airflow/.local/lib/python3.12/site-packages/airflow/example_dags/example_task_group.py took 0.145 seconds
[2024-07-02T12:10:20.751+0000] {processor.py:161} INFO - Started process (PID=399) to work on /home/airflow/.local/lib/python3.12/site-packages/airflow/example_dags/example_task_group.py
[2024-07-02T12:10:20.752+0000] {processor.py:830} INFO - Processing file /home/airflow/.local/lib/python3.12/site-packages/airflow/example_dags/example_task_group.py for tasks to queue
[2024-07-02T12:10:20.755+0000] {logging_mixin.py:188} INFO - [2024-07-02T12:10:20.754+0000] {dagbag.py:545} INFO - Filling up the DagBag from /home/airflow/.local/lib/python3.12/site-packages/airflow/example_dags/example_task_group.py
[2024-07-02T12:10:20.761+0000] {processor.py:840} INFO - DAG(s) 'example_task_group' retrieved from /home/airflow/.local/lib/python3.12/site-packages/airflow/example_dags/example_task_group.py
[2024-07-02T12:10:20.780+0000] {logging_mixin.py:188} INFO - [2024-07-02T12:10:20.779+0000] {dag.py:3096} INFO - Sync 1 DAGs
[2024-07-02T12:10:20.797+0000] {logging_mixin.py:188} INFO - [2024-07-02T12:10:20.797+0000] {dag.py:3954} INFO - Setting next_dagrun for example_task_group to 2024-07-01 00:00:00+00:00, run_after=2024-07-02 00:00:00+00:00
[2024-07-02T12:10:20.818+0000] {processor.py:183} INFO - Processing /home/airflow/.local/lib/python3.12/site-packages/airflow/example_dags/example_task_group.py took 0.073 seconds
[2024-07-02T12:10:51.319+0000] {processor.py:161} INFO - Started process (PID=462) to work on /home/airflow/.local/lib/python3.12/site-packages/airflow/example_dags/example_task_group.py
[2024-07-02T12:10:51.321+0000] {processor.py:830} INFO - Processing file /home/airflow/.local/lib/python3.12/site-packages/airflow/example_dags/example_task_group.py for tasks to queue
[2024-07-02T12:10:51.323+0000] {logging_mixin.py:188} INFO - [2024-07-02T12:10:51.322+0000] {dagbag.py:545} INFO - Filling up the DagBag from /home/airflow/.local/lib/python3.12/site-packages/airflow/example_dags/example_task_group.py
[2024-07-02T12:10:51.329+0000] {processor.py:840} INFO - DAG(s) 'example_task_group' retrieved from /home/airflow/.local/lib/python3.12/site-packages/airflow/example_dags/example_task_group.py
[2024-07-02T12:10:51.349+0000] {logging_mixin.py:188} INFO - [2024-07-02T12:10:51.349+0000] {dag.py:3096} INFO - Sync 1 DAGs
[2024-07-02T12:10:51.368+0000] {logging_mixin.py:188} INFO - [2024-07-02T12:10:51.368+0000] {dag.py:3954} INFO - Setting next_dagrun for example_task_group to 2024-07-01 00:00:00+00:00, run_after=2024-07-02 00:00:00+00:00
[2024-07-02T12:10:51.390+0000] {processor.py:183} INFO - Processing /home/airflow/.local/lib/python3.12/site-packages/airflow/example_dags/example_task_group.py took 0.077 seconds
[2024-07-02T12:11:22.010+0000] {processor.py:161} INFO - Started process (PID=526) to work on /home/airflow/.local/lib/python3.12/site-packages/airflow/example_dags/example_task_group.py
[2024-07-02T12:11:22.011+0000] {processor.py:830} INFO - Processing file /home/airflow/.local/lib/python3.12/site-packages/airflow/example_dags/example_task_group.py for tasks to queue
[2024-07-02T12:11:22.014+0000] {logging_mixin.py:188} INFO - [2024-07-02T12:11:22.013+0000] {dagbag.py:545} INFO - Filling up the DagBag from /home/airflow/.local/lib/python3.12/site-packages/airflow/example_dags/example_task_group.py
[2024-07-02T12:11:22.020+0000] {processor.py:840} INFO - DAG(s) 'example_task_group' retrieved from /home/airflow/.local/lib/python3.12/site-packages/airflow/example_dags/example_task_group.py
[2024-07-02T12:11:22.045+0000] {logging_mixin.py:188} INFO - [2024-07-02T12:11:22.044+0000] {dag.py:3096} INFO - Sync 1 DAGs
[2024-07-02T12:11:22.067+0000] {logging_mixin.py:188} INFO - [2024-07-02T12:11:22.067+0000] {dag.py:3954} INFO - Setting next_dagrun for example_task_group to 2024-07-01 00:00:00+00:00, run_after=2024-07-02 00:00:00+00:00
[2024-07-02T12:11:22.091+0000] {processor.py:183} INFO - Processing /home/airflow/.local/lib/python3.12/site-packages/airflow/example_dags/example_task_group.py took 0.087 seconds
[2024-07-02T12:11:52.289+0000] {processor.py:161} INFO - Started process (PID=589) to work on /home/airflow/.local/lib/python3.12/site-packages/airflow/example_dags/example_task_group.py
[2024-07-02T12:11:52.290+0000] {processor.py:830} INFO - Processing file /home/airflow/.local/lib/python3.12/site-packages/airflow/example_dags/example_task_group.py for tasks to queue
[2024-07-02T12:11:52.292+0000] {logging_mixin.py:188} INFO - [2024-07-02T12:11:52.292+0000] {dagbag.py:545} INFO - Filling up the DagBag from /home/airflow/.local/lib/python3.12/site-packages/airflow/example_dags/example_task_group.py
[2024-07-02T12:11:52.298+0000] {processor.py:840} INFO - DAG(s) 'example_task_group' retrieved from /home/airflow/.local/lib/python3.12/site-packages/airflow/example_dags/example_task_group.py
[2024-07-02T12:11:52.317+0000] {logging_mixin.py:188} INFO - [2024-07-02T12:11:52.316+0000] {dag.py:3096} INFO - Sync 1 DAGs
[2024-07-02T12:11:52.335+0000] {logging_mixin.py:188} INFO - [2024-07-02T12:11:52.335+0000] {dag.py:3954} INFO - Setting next_dagrun for example_task_group to 2024-07-01 00:00:00+00:00, run_after=2024-07-02 00:00:00+00:00
[2024-07-02T12:11:52.356+0000] {processor.py:183} INFO - Processing /home/airflow/.local/lib/python3.12/site-packages/airflow/example_dags/example_task_group.py took 0.073 seconds
[2024-07-02T12:12:23.183+0000] {processor.py:161} INFO - Started process (PID=652) to work on /home/airflow/.local/lib/python3.12/site-packages/airflow/example_dags/example_task_group.py
[2024-07-02T12:12:23.184+0000] {processor.py:830} INFO - Processing file /home/airflow/.local/lib/python3.12/site-packages/airflow/example_dags/example_task_group.py for tasks to queue
[2024-07-02T12:12:23.186+0000] {logging_mixin.py:188} INFO - [2024-07-02T12:12:23.186+0000] {dagbag.py:545} INFO - Filling up the DagBag from /home/airflow/.local/lib/python3.12/site-packages/airflow/example_dags/example_task_group.py
[2024-07-02T12:12:23.192+0000] {processor.py:840} INFO - DAG(s) 'example_task_group' retrieved from /home/airflow/.local/lib/python3.12/site-packages/airflow/example_dags/example_task_group.py
[2024-07-02T12:12:23.212+0000] {logging_mixin.py:188} INFO - [2024-07-02T12:12:23.212+0000] {dag.py:3096} INFO - Sync 1 DAGs
[2024-07-02T12:12:23.230+0000] {logging_mixin.py:188} INFO - [2024-07-02T12:12:23.230+0000] {dag.py:3954} INFO - Setting next_dagrun for example_task_group to 2024-07-01 00:00:00+00:00, run_after=2024-07-02 00:00:00+00:00
[2024-07-02T12:12:23.250+0000] {processor.py:183} INFO - Processing /home/airflow/.local/lib/python3.12/site-packages/airflow/example_dags/example_task_group.py took 0.072 seconds
[2024-07-02T12:12:54.710+0000] {processor.py:161} INFO - Started process (PID=715) to work on /home/airflow/.local/lib/python3.12/site-packages/airflow/example_dags/example_task_group.py
[2024-07-02T12:12:54.711+0000] {processor.py:830} INFO - Processing file /home/airflow/.local/lib/python3.12/site-packages/airflow/example_dags/example_task_group.py for tasks to queue
[2024-07-02T12:12:54.714+0000] {logging_mixin.py:188} INFO - [2024-07-02T12:12:54.713+0000] {dagbag.py:545} INFO - Filling up the DagBag from /home/airflow/.local/lib/python3.12/site-packages/airflow/example_dags/example_task_group.py
[2024-07-02T12:12:54.720+0000] {processor.py:840} INFO - DAG(s) 'example_task_group' retrieved from /home/airflow/.local/lib/python3.12/site-packages/airflow/example_dags/example_task_group.py
[2024-07-02T12:12:54.742+0000] {logging_mixin.py:188} INFO - [2024-07-02T12:12:54.742+0000] {dag.py:3096} INFO - Sync 1 DAGs
[2024-07-02T12:12:54.760+0000] {logging_mixin.py:188} INFO - [2024-07-02T12:12:54.759+0000] {dag.py:3954} INFO - Setting next_dagrun for example_task_group to 2024-07-01 00:00:00+00:00, run_after=2024-07-02 00:00:00+00:00
[2024-07-02T12:12:54.780+0000] {processor.py:183} INFO - Processing /home/airflow/.local/lib/python3.12/site-packages/airflow/example_dags/example_task_group.py took 0.076 seconds
[2024-07-02T12:13:26.146+0000] {processor.py:161} INFO - Started process (PID=778) to work on /home/airflow/.local/lib/python3.12/site-packages/airflow/example_dags/example_task_group.py
[2024-07-02T12:13:26.148+0000] {processor.py:830} INFO - Processing file /home/airflow/.local/lib/python3.12/site-packages/airflow/example_dags/example_task_group.py for tasks to queue
[2024-07-02T12:13:26.150+0000] {logging_mixin.py:188} INFO - [2024-07-02T12:13:26.150+0000] {dagbag.py:545} INFO - Filling up the DagBag from /home/airflow/.local/lib/python3.12/site-packages/airflow/example_dags/example_task_group.py
[2024-07-02T12:13:26.158+0000] {processor.py:840} INFO - DAG(s) 'example_task_group' retrieved from /home/airflow/.local/lib/python3.12/site-packages/airflow/example_dags/example_task_group.py
[2024-07-02T12:13:26.183+0000] {logging_mixin.py:188} INFO - [2024-07-02T12:13:26.182+0000] {dag.py:3096} INFO - Sync 1 DAGs
[2024-07-02T12:13:26.207+0000] {logging_mixin.py:188} INFO - [2024-07-02T12:13:26.207+0000] {dag.py:3954} INFO - Setting next_dagrun for example_task_group to 2024-07-01 00:00:00+00:00, run_after=2024-07-02 00:00:00+00:00
[2024-07-02T12:13:26.237+0000] {processor.py:183} INFO - Processing /home/airflow/.local/lib/python3.12/site-packages/airflow/example_dags/example_task_group.py took 0.098 seconds
[2024-07-02T12:13:56.521+0000] {processor.py:161} INFO - Started process (PID=841) to work on /home/airflow/.local/lib/python3.12/site-packages/airflow/example_dags/example_task_group.py
[2024-07-02T12:13:56.522+0000] {processor.py:830} INFO - Processing file /home/airflow/.local/lib/python3.12/site-packages/airflow/example_dags/example_task_group.py for tasks to queue
[2024-07-02T12:13:56.525+0000] {logging_mixin.py:188} INFO - [2024-07-02T12:13:56.525+0000] {dagbag.py:545} INFO - Filling up the DagBag from /home/airflow/.local/lib/python3.12/site-packages/airflow/example_dags/example_task_group.py
[2024-07-02T12:13:56.532+0000] {processor.py:840} INFO - DAG(s) 'example_task_group' retrieved from /home/airflow/.local/lib/python3.12/site-packages/airflow/example_dags/example_task_group.py
[2024-07-02T12:13:56.554+0000] {logging_mixin.py:188} INFO - [2024-07-02T12:13:56.554+0000] {dag.py:3096} INFO - Sync 1 DAGs
[2024-07-02T12:13:56.576+0000] {logging_mixin.py:188} INFO - [2024-07-02T12:13:56.576+0000] {dag.py:3954} INFO - Setting next_dagrun for example_task_group to 2024-07-01 00:00:00+00:00, run_after=2024-07-02 00:00:00+00:00
[2024-07-02T12:13:56.603+0000] {processor.py:183} INFO - Processing /home/airflow/.local/lib/python3.12/site-packages/airflow/example_dags/example_task_group.py took 0.090 seconds
[2024-07-02T12:14:27.205+0000] {processor.py:161} INFO - Started process (PID=904) to work on /home/airflow/.local/lib/python3.12/site-packages/airflow/example_dags/example_task_group.py
[2024-07-02T12:14:27.206+0000] {processor.py:830} INFO - Processing file /home/airflow/.local/lib/python3.12/site-packages/airflow/example_dags/example_task_group.py for tasks to queue
[2024-07-02T12:14:27.209+0000] {logging_mixin.py:188} INFO - [2024-07-02T12:14:27.208+0000] {dagbag.py:545} INFO - Filling up the DagBag from /home/airflow/.local/lib/python3.12/site-packages/airflow/example_dags/example_task_group.py
[2024-07-02T12:14:27.217+0000] {processor.py:840} INFO - DAG(s) 'example_task_group' retrieved from /home/airflow/.local/lib/python3.12/site-packages/airflow/example_dags/example_task_group.py
[2024-07-02T12:14:27.231+0000] {logging_mixin.py:188} INFO - [2024-07-02T12:14:27.231+0000] {dag.py:3096} INFO - Sync 1 DAGs
[2024-07-02T12:14:27.256+0000] {logging_mixin.py:188} INFO - [2024-07-02T12:14:27.255+0000] {dag.py:3954} INFO - Setting next_dagrun for example_task_group to 2024-07-01 00:00:00+00:00, run_after=2024-07-02 00:00:00+00:00
[2024-07-02T12:14:27.286+0000] {processor.py:183} INFO - Processing /home/airflow/.local/lib/python3.12/site-packages/airflow/example_dags/example_task_group.py took 0.087 seconds
[2024-07-02T12:14:59.650+0000] {processor.py:161} INFO - Started process (PID=973) to work on /home/airflow/.local/lib/python3.12/site-packages/airflow/example_dags/example_task_group.py
[2024-07-02T12:14:59.651+0000] {processor.py:830} INFO - Processing file /home/airflow/.local/lib/python3.12/site-packages/airflow/example_dags/example_task_group.py for tasks to queue
[2024-07-02T12:14:59.653+0000] {logging_mixin.py:188} INFO - [2024-07-02T12:14:59.653+0000] {dagbag.py:545} INFO - Filling up the DagBag from /home/airflow/.local/lib/python3.12/site-packages/airflow/example_dags/example_task_group.py
[2024-07-02T12:14:59.660+0000] {processor.py:840} INFO - DAG(s) 'example_task_group' retrieved from /home/airflow/.local/lib/python3.12/site-packages/airflow/example_dags/example_task_group.py
[2024-07-02T12:14:59.746+0000] {logging_mixin.py:188} INFO - [2024-07-02T12:14:59.745+0000] {dag.py:3096} INFO - Sync 1 DAGs
[2024-07-02T12:14:59.764+0000] {logging_mixin.py:188} INFO - [2024-07-02T12:14:59.764+0000] {dag.py:3954} INFO - Setting next_dagrun for example_task_group to 2024-07-01 00:00:00+00:00, run_after=2024-07-02 00:00:00+00:00
[2024-07-02T12:14:59.784+0000] {processor.py:183} INFO - Processing /home/airflow/.local/lib/python3.12/site-packages/airflow/example_dags/example_task_group.py took 0.139 seconds
[2024-07-02T12:15:30.681+0000] {processor.py:161} INFO - Started process (PID=1036) to work on /home/airflow/.local/lib/python3.12/site-packages/airflow/example_dags/example_task_group.py
[2024-07-02T12:15:30.683+0000] {processor.py:830} INFO - Processing file /home/airflow/.local/lib/python3.12/site-packages/airflow/example_dags/example_task_group.py for tasks to queue
[2024-07-02T12:15:30.684+0000] {logging_mixin.py:188} INFO - [2024-07-02T12:15:30.684+0000] {dagbag.py:545} INFO - Filling up the DagBag from /home/airflow/.local/lib/python3.12/site-packages/airflow/example_dags/example_task_group.py
[2024-07-02T12:15:30.690+0000] {processor.py:840} INFO - DAG(s) 'example_task_group' retrieved from /home/airflow/.local/lib/python3.12/site-packages/airflow/example_dags/example_task_group.py
[2024-07-02T12:15:30.709+0000] {logging_mixin.py:188} INFO - [2024-07-02T12:15:30.709+0000] {dag.py:3096} INFO - Sync 1 DAGs
[2024-07-02T12:15:30.725+0000] {logging_mixin.py:188} INFO - [2024-07-02T12:15:30.725+0000] {dag.py:3954} INFO - Setting next_dagrun for example_task_group to 2024-07-01 00:00:00+00:00, run_after=2024-07-02 00:00:00+00:00
[2024-07-02T12:15:30.746+0000] {processor.py:183} INFO - Processing /home/airflow/.local/lib/python3.12/site-packages/airflow/example_dags/example_task_group.py took 0.069 seconds
[2024-07-02T12:18:54.564+0000] {processor.py:161} INFO - Started process (PID=87) to work on /home/airflow/.local/lib/python3.12/site-packages/airflow/example_dags/example_task_group.py
[2024-07-02T12:18:54.566+0000] {processor.py:830} INFO - Processing file /home/airflow/.local/lib/python3.12/site-packages/airflow/example_dags/example_task_group.py for tasks to queue
[2024-07-02T12:18:54.568+0000] {logging_mixin.py:188} INFO - [2024-07-02T12:18:54.568+0000] {dagbag.py:545} INFO - Filling up the DagBag from /home/airflow/.local/lib/python3.12/site-packages/airflow/example_dags/example_task_group.py
[2024-07-02T12:18:54.575+0000] {processor.py:840} INFO - DAG(s) 'example_task_group' retrieved from /home/airflow/.local/lib/python3.12/site-packages/airflow/example_dags/example_task_group.py
[2024-07-02T12:18:54.588+0000] {logging_mixin.py:188} INFO - [2024-07-02T12:18:54.588+0000] {dag.py:3096} INFO - Sync 1 DAGs
[2024-07-02T12:18:54.608+0000] {logging_mixin.py:188} INFO - [2024-07-02T12:18:54.608+0000] {dag.py:3954} INFO - Setting next_dagrun for example_task_group to 2024-07-01 00:00:00+00:00, run_after=2024-07-02 00:00:00+00:00
[2024-07-02T12:18:54.631+0000] {processor.py:183} INFO - Processing /home/airflow/.local/lib/python3.12/site-packages/airflow/example_dags/example_task_group.py took 0.073 seconds
[2024-07-02T12:19:27.450+0000] {processor.py:161} INFO - Started process (PID=150) to work on /home/airflow/.local/lib/python3.12/site-packages/airflow/example_dags/example_task_group.py
[2024-07-02T12:19:27.452+0000] {processor.py:830} INFO - Processing file /home/airflow/.local/lib/python3.12/site-packages/airflow/example_dags/example_task_group.py for tasks to queue
[2024-07-02T12:19:27.454+0000] {logging_mixin.py:188} INFO - [2024-07-02T12:19:27.454+0000] {dagbag.py:545} INFO - Filling up the DagBag from /home/airflow/.local/lib/python3.12/site-packages/airflow/example_dags/example_task_group.py
[2024-07-02T12:19:27.460+0000] {processor.py:840} INFO - DAG(s) 'example_task_group' retrieved from /home/airflow/.local/lib/python3.12/site-packages/airflow/example_dags/example_task_group.py
[2024-07-02T12:19:27.541+0000] {logging_mixin.py:188} INFO - [2024-07-02T12:19:27.540+0000] {dag.py:3096} INFO - Sync 1 DAGs
[2024-07-02T12:19:27.557+0000] {logging_mixin.py:188} INFO - [2024-07-02T12:19:27.557+0000] {dag.py:3954} INFO - Setting next_dagrun for example_task_group to 2024-07-01 00:00:00+00:00, run_after=2024-07-02 00:00:00+00:00
[2024-07-02T12:19:27.578+0000] {processor.py:183} INFO - Processing /home/airflow/.local/lib/python3.12/site-packages/airflow/example_dags/example_task_group.py took 0.132 seconds
[2024-07-02T12:19:58.444+0000] {processor.py:161} INFO - Started process (PID=213) to work on /home/airflow/.local/lib/python3.12/site-packages/airflow/example_dags/example_task_group.py
[2024-07-02T12:19:58.445+0000] {processor.py:830} INFO - Processing file /home/airflow/.local/lib/python3.12/site-packages/airflow/example_dags/example_task_group.py for tasks to queue
[2024-07-02T12:19:58.447+0000] {logging_mixin.py:188} INFO - [2024-07-02T12:19:58.447+0000] {dagbag.py:545} INFO - Filling up the DagBag from /home/airflow/.local/lib/python3.12/site-packages/airflow/example_dags/example_task_group.py
[2024-07-02T12:19:58.454+0000] {processor.py:840} INFO - DAG(s) 'example_task_group' retrieved from /home/airflow/.local/lib/python3.12/site-packages/airflow/example_dags/example_task_group.py
[2024-07-02T12:19:58.476+0000] {logging_mixin.py:188} INFO - [2024-07-02T12:19:58.476+0000] {dag.py:3096} INFO - Sync 1 DAGs
[2024-07-02T12:19:58.495+0000] {logging_mixin.py:188} INFO - [2024-07-02T12:19:58.495+0000] {dag.py:3954} INFO - Setting next_dagrun for example_task_group to 2024-07-01 00:00:00+00:00, run_after=2024-07-02 00:00:00+00:00
[2024-07-02T12:19:58.517+0000] {processor.py:183} INFO - Processing /home/airflow/.local/lib/python3.12/site-packages/airflow/example_dags/example_task_group.py took 0.078 seconds
[2024-07-02T12:20:29.095+0000] {processor.py:161} INFO - Started process (PID=276) to work on /home/airflow/.local/lib/python3.12/site-packages/airflow/example_dags/example_task_group.py
[2024-07-02T12:20:29.096+0000] {processor.py:830} INFO - Processing file /home/airflow/.local/lib/python3.12/site-packages/airflow/example_dags/example_task_group.py for tasks to queue
[2024-07-02T12:20:29.098+0000] {logging_mixin.py:188} INFO - [2024-07-02T12:20:29.098+0000] {dagbag.py:545} INFO - Filling up the DagBag from /home/airflow/.local/lib/python3.12/site-packages/airflow/example_dags/example_task_group.py
[2024-07-02T12:20:29.107+0000] {processor.py:840} INFO - DAG(s) 'example_task_group' retrieved from /home/airflow/.local/lib/python3.12/site-packages/airflow/example_dags/example_task_group.py
[2024-07-02T12:20:29.133+0000] {logging_mixin.py:188} INFO - [2024-07-02T12:20:29.133+0000] {dag.py:3096} INFO - Sync 1 DAGs
[2024-07-02T12:20:29.159+0000] {logging_mixin.py:188} INFO - [2024-07-02T12:20:29.158+0000] {dag.py:3954} INFO - Setting next_dagrun for example_task_group to 2024-07-01 00:00:00+00:00, run_after=2024-07-02 00:00:00+00:00
[2024-07-02T12:20:29.189+0000] {processor.py:183} INFO - Processing /home/airflow/.local/lib/python3.12/site-packages/airflow/example_dags/example_task_group.py took 0.101 seconds
[2024-07-02T12:20:59.662+0000] {processor.py:161} INFO - Started process (PID=341) to work on /home/airflow/.local/lib/python3.12/site-packages/airflow/example_dags/example_task_group.py
[2024-07-02T12:20:59.663+0000] {processor.py:830} INFO - Processing file /home/airflow/.local/lib/python3.12/site-packages/airflow/example_dags/example_task_group.py for tasks to queue
[2024-07-02T12:20:59.664+0000] {logging_mixin.py:188} INFO - [2024-07-02T12:20:59.664+0000] {dagbag.py:545} INFO - Filling up the DagBag from /home/airflow/.local/lib/python3.12/site-packages/airflow/example_dags/example_task_group.py
[2024-07-02T12:20:59.671+0000] {processor.py:840} INFO - DAG(s) 'example_task_group' retrieved from /home/airflow/.local/lib/python3.12/site-packages/airflow/example_dags/example_task_group.py
[2024-07-02T12:20:59.691+0000] {logging_mixin.py:188} INFO - [2024-07-02T12:20:59.691+0000] {dag.py:3096} INFO - Sync 1 DAGs
[2024-07-02T12:20:59.711+0000] {logging_mixin.py:188} INFO - [2024-07-02T12:20:59.711+0000] {dag.py:3954} INFO - Setting next_dagrun for example_task_group to 2024-07-01 00:00:00+00:00, run_after=2024-07-02 00:00:00+00:00
[2024-07-02T12:20:59.735+0000] {processor.py:183} INFO - Processing /home/airflow/.local/lib/python3.12/site-packages/airflow/example_dags/example_task_group.py took 0.078 seconds
[2024-07-02T12:21:30.237+0000] {processor.py:161} INFO - Started process (PID=404) to work on /home/airflow/.local/lib/python3.12/site-packages/airflow/example_dags/example_task_group.py
[2024-07-02T12:21:30.238+0000] {processor.py:830} INFO - Processing file /home/airflow/.local/lib/python3.12/site-packages/airflow/example_dags/example_task_group.py for tasks to queue
[2024-07-02T12:21:30.240+0000] {logging_mixin.py:188} INFO - [2024-07-02T12:21:30.239+0000] {dagbag.py:545} INFO - Filling up the DagBag from /home/airflow/.local/lib/python3.12/site-packages/airflow/example_dags/example_task_group.py
[2024-07-02T12:21:30.245+0000] {processor.py:840} INFO - DAG(s) 'example_task_group' retrieved from /home/airflow/.local/lib/python3.12/site-packages/airflow/example_dags/example_task_group.py
[2024-07-02T12:21:30.265+0000] {logging_mixin.py:188} INFO - [2024-07-02T12:21:30.264+0000] {dag.py:3096} INFO - Sync 1 DAGs
[2024-07-02T12:21:30.282+0000] {logging_mixin.py:188} INFO - [2024-07-02T12:21:30.282+0000] {dag.py:3954} INFO - Setting next_dagrun for example_task_group to 2024-07-01 00:00:00+00:00, run_after=2024-07-02 00:00:00+00:00
[2024-07-02T12:21:30.301+0000] {processor.py:183} INFO - Processing /home/airflow/.local/lib/python3.12/site-packages/airflow/example_dags/example_task_group.py took 0.069 seconds
[2024-07-02T12:22:01.281+0000] {processor.py:161} INFO - Started process (PID=467) to work on /home/airflow/.local/lib/python3.12/site-packages/airflow/example_dags/example_task_group.py
[2024-07-02T12:22:01.282+0000] {processor.py:830} INFO - Processing file /home/airflow/.local/lib/python3.12/site-packages/airflow/example_dags/example_task_group.py for tasks to queue
[2024-07-02T12:22:01.285+0000] {logging_mixin.py:188} INFO - [2024-07-02T12:22:01.285+0000] {dagbag.py:545} INFO - Filling up the DagBag from /home/airflow/.local/lib/python3.12/site-packages/airflow/example_dags/example_task_group.py
[2024-07-02T12:22:01.293+0000] {processor.py:840} INFO - DAG(s) 'example_task_group' retrieved from /home/airflow/.local/lib/python3.12/site-packages/airflow/example_dags/example_task_group.py
[2024-07-02T12:22:01.318+0000] {logging_mixin.py:188} INFO - [2024-07-02T12:22:01.317+0000] {dag.py:3096} INFO - Sync 1 DAGs
[2024-07-02T12:22:01.339+0000] {logging_mixin.py:188} INFO - [2024-07-02T12:22:01.339+0000] {dag.py:3954} INFO - Setting next_dagrun for example_task_group to 2024-07-01 00:00:00+00:00, run_after=2024-07-02 00:00:00+00:00
[2024-07-02T12:22:01.365+0000] {processor.py:183} INFO - Processing /home/airflow/.local/lib/python3.12/site-packages/airflow/example_dags/example_task_group.py took 0.089 seconds
[2024-07-02T12:22:31.710+0000] {processor.py:161} INFO - Started process (PID=530) to work on /home/airflow/.local/lib/python3.12/site-packages/airflow/example_dags/example_task_group.py
[2024-07-02T12:22:31.711+0000] {processor.py:830} INFO - Processing file /home/airflow/.local/lib/python3.12/site-packages/airflow/example_dags/example_task_group.py for tasks to queue
[2024-07-02T12:22:31.713+0000] {logging_mixin.py:188} INFO - [2024-07-02T12:22:31.713+0000] {dagbag.py:545} INFO - Filling up the DagBag from /home/airflow/.local/lib/python3.12/site-packages/airflow/example_dags/example_task_group.py
[2024-07-02T12:22:31.721+0000] {processor.py:840} INFO - DAG(s) 'example_task_group' retrieved from /home/airflow/.local/lib/python3.12/site-packages/airflow/example_dags/example_task_group.py
[2024-07-02T12:22:31.744+0000] {logging_mixin.py:188} INFO - [2024-07-02T12:22:31.743+0000] {dag.py:3096} INFO - Sync 1 DAGs
[2024-07-02T12:22:31.764+0000] {logging_mixin.py:188} INFO - [2024-07-02T12:22:31.764+0000] {dag.py:3954} INFO - Setting next_dagrun for example_task_group to 2024-07-01 00:00:00+00:00, run_after=2024-07-02 00:00:00+00:00
[2024-07-02T12:22:31.787+0000] {processor.py:183} INFO - Processing /home/airflow/.local/lib/python3.12/site-packages/airflow/example_dags/example_task_group.py took 0.083 seconds
[2024-07-02T12:23:02.089+0000] {processor.py:161} INFO - Started process (PID=593) to work on /home/airflow/.local/lib/python3.12/site-packages/airflow/example_dags/example_task_group.py
[2024-07-02T12:23:02.090+0000] {processor.py:830} INFO - Processing file /home/airflow/.local/lib/python3.12/site-packages/airflow/example_dags/example_task_group.py for tasks to queue
[2024-07-02T12:23:02.094+0000] {logging_mixin.py:188} INFO - [2024-07-02T12:23:02.093+0000] {dagbag.py:545} INFO - Filling up the DagBag from /home/airflow/.local/lib/python3.12/site-packages/airflow/example_dags/example_task_group.py
[2024-07-02T12:23:02.106+0000] {processor.py:840} INFO - DAG(s) 'example_task_group' retrieved from /home/airflow/.local/lib/python3.12/site-packages/airflow/example_dags/example_task_group.py
[2024-07-02T12:23:02.140+0000] {logging_mixin.py:188} INFO - [2024-07-02T12:23:02.140+0000] {dag.py:3096} INFO - Sync 1 DAGs
[2024-07-02T12:23:02.175+0000] {logging_mixin.py:188} INFO - [2024-07-02T12:23:02.175+0000] {dag.py:3954} INFO - Setting next_dagrun for example_task_group to 2024-07-01 00:00:00+00:00, run_after=2024-07-02 00:00:00+00:00
[2024-07-02T12:23:02.211+0000] {processor.py:183} INFO - Processing /home/airflow/.local/lib/python3.12/site-packages/airflow/example_dags/example_task_group.py took 0.130 seconds
[2024-07-02T12:23:32.539+0000] {processor.py:161} INFO - Started process (PID=657) to work on /home/airflow/.local/lib/python3.12/site-packages/airflow/example_dags/example_task_group.py
[2024-07-02T12:23:32.541+0000] {processor.py:830} INFO - Processing file /home/airflow/.local/lib/python3.12/site-packages/airflow/example_dags/example_task_group.py for tasks to queue
[2024-07-02T12:23:32.543+0000] {logging_mixin.py:188} INFO - [2024-07-02T12:23:32.543+0000] {dagbag.py:545} INFO - Filling up the DagBag from /home/airflow/.local/lib/python3.12/site-packages/airflow/example_dags/example_task_group.py
[2024-07-02T12:23:32.551+0000] {processor.py:840} INFO - DAG(s) 'example_task_group' retrieved from /home/airflow/.local/lib/python3.12/site-packages/airflow/example_dags/example_task_group.py
[2024-07-02T12:23:32.580+0000] {logging_mixin.py:188} INFO - [2024-07-02T12:23:32.580+0000] {dag.py:3096} INFO - Sync 1 DAGs
[2024-07-02T12:23:32.615+0000] {logging_mixin.py:188} INFO - [2024-07-02T12:23:32.615+0000] {dag.py:3954} INFO - Setting next_dagrun for example_task_group to 2024-07-01 00:00:00+00:00, run_after=2024-07-02 00:00:00+00:00
[2024-07-02T12:23:32.646+0000] {processor.py:183} INFO - Processing /home/airflow/.local/lib/python3.12/site-packages/airflow/example_dags/example_task_group.py took 0.114 seconds
[2024-07-02T12:37:16.243+0000] {processor.py:161} INFO - Started process (PID=2018) to work on /home/airflow/.local/lib/python3.12/site-packages/airflow/example_dags/example_task_group.py
[2024-07-02T12:37:16.245+0000] {processor.py:830} INFO - Processing file /home/airflow/.local/lib/python3.12/site-packages/airflow/example_dags/example_task_group.py for tasks to queue
[2024-07-02T12:37:16.246+0000] {logging_mixin.py:188} INFO - [2024-07-02T12:37:16.245+0000] {dagbag.py:545} INFO - Filling up the DagBag from /home/airflow/.local/lib/python3.12/site-packages/airflow/example_dags/example_task_group.py
[2024-07-02T12:37:16.251+0000] {processor.py:840} INFO - DAG(s) 'example_task_group' retrieved from /home/airflow/.local/lib/python3.12/site-packages/airflow/example_dags/example_task_group.py
[2024-07-02T12:37:16.271+0000] {logging_mixin.py:188} INFO - [2024-07-02T12:37:16.271+0000] {dag.py:3096} INFO - Sync 1 DAGs
[2024-07-02T12:37:16.287+0000] {logging_mixin.py:188} INFO - [2024-07-02T12:37:16.287+0000] {dag.py:3954} INFO - Setting next_dagrun for example_task_group to 2024-07-01 00:00:00+00:00, run_after=2024-07-02 00:00:00+00:00
[2024-07-02T12:37:16.305+0000] {processor.py:183} INFO - Processing /home/airflow/.local/lib/python3.12/site-packages/airflow/example_dags/example_task_group.py took 0.067 seconds
[2024-07-02T12:37:46.687+0000] {processor.py:161} INFO - Started process (PID=2081) to work on /home/airflow/.local/lib/python3.12/site-packages/airflow/example_dags/example_task_group.py
[2024-07-02T12:37:46.689+0000] {processor.py:830} INFO - Processing file /home/airflow/.local/lib/python3.12/site-packages/airflow/example_dags/example_task_group.py for tasks to queue
[2024-07-02T12:37:46.690+0000] {logging_mixin.py:188} INFO - [2024-07-02T12:37:46.690+0000] {dagbag.py:545} INFO - Filling up the DagBag from /home/airflow/.local/lib/python3.12/site-packages/airflow/example_dags/example_task_group.py
[2024-07-02T12:37:46.697+0000] {processor.py:840} INFO - DAG(s) 'example_task_group' retrieved from /home/airflow/.local/lib/python3.12/site-packages/airflow/example_dags/example_task_group.py
[2024-07-02T12:37:46.718+0000] {logging_mixin.py:188} INFO - [2024-07-02T12:37:46.717+0000] {dag.py:3096} INFO - Sync 1 DAGs
[2024-07-02T12:37:46.737+0000] {logging_mixin.py:188} INFO - [2024-07-02T12:37:46.737+0000] {dag.py:3954} INFO - Setting next_dagrun for example_task_group to 2024-07-01 00:00:00+00:00, run_after=2024-07-02 00:00:00+00:00
[2024-07-02T12:37:46.758+0000] {processor.py:183} INFO - Processing /home/airflow/.local/lib/python3.12/site-packages/airflow/example_dags/example_task_group.py took 0.076 seconds
[2024-07-02T14:46:57.928+0000] {processor.py:161} INFO - Started process (PID=98) to work on /home/airflow/.local/lib/python3.12/site-packages/airflow/example_dags/example_task_group.py
[2024-07-02T14:46:57.929+0000] {processor.py:830} INFO - Processing file /home/airflow/.local/lib/python3.12/site-packages/airflow/example_dags/example_task_group.py for tasks to queue
[2024-07-02T14:46:57.932+0000] {logging_mixin.py:188} INFO - [2024-07-02T14:46:57.932+0000] {dagbag.py:545} INFO - Filling up the DagBag from /home/airflow/.local/lib/python3.12/site-packages/airflow/example_dags/example_task_group.py
[2024-07-02T14:46:57.941+0000] {processor.py:840} INFO - DAG(s) 'example_task_group' retrieved from /home/airflow/.local/lib/python3.12/site-packages/airflow/example_dags/example_task_group.py
[2024-07-02T14:46:58.028+0000] {logging_mixin.py:188} INFO - [2024-07-02T14:46:58.028+0000] {dag.py:3096} INFO - Sync 1 DAGs
[2024-07-02T14:46:58.046+0000] {logging_mixin.py:188} INFO - [2024-07-02T14:46:58.045+0000] {dag.py:3954} INFO - Setting next_dagrun for example_task_group to 2024-07-01 00:00:00+00:00, run_after=2024-07-02 00:00:00+00:00
[2024-07-02T14:46:58.072+0000] {processor.py:183} INFO - Processing /home/airflow/.local/lib/python3.12/site-packages/airflow/example_dags/example_task_group.py took 0.149 seconds
[2024-07-02T14:50:02.727+0000] {processor.py:161} INFO - Started process (PID=105) to work on /home/airflow/.local/lib/python3.12/site-packages/airflow/example_dags/example_task_group.py
[2024-07-02T14:50:02.730+0000] {processor.py:830} INFO - Processing file /home/airflow/.local/lib/python3.12/site-packages/airflow/example_dags/example_task_group.py for tasks to queue
[2024-07-02T14:50:02.732+0000] {logging_mixin.py:188} INFO - [2024-07-02T14:50:02.732+0000] {dagbag.py:545} INFO - Filling up the DagBag from /home/airflow/.local/lib/python3.12/site-packages/airflow/example_dags/example_task_group.py
[2024-07-02T14:50:02.738+0000] {processor.py:840} INFO - DAG(s) 'example_task_group' retrieved from /home/airflow/.local/lib/python3.12/site-packages/airflow/example_dags/example_task_group.py
[2024-07-02T14:50:02.823+0000] {logging_mixin.py:188} INFO - [2024-07-02T14:50:02.823+0000] {dag.py:3096} INFO - Sync 1 DAGs
[2024-07-02T14:50:02.839+0000] {logging_mixin.py:188} INFO - [2024-07-02T14:50:02.838+0000] {dag.py:3954} INFO - Setting next_dagrun for example_task_group to 2024-07-01 00:00:00+00:00, run_after=2024-07-02 00:00:00+00:00
[2024-07-02T14:50:02.858+0000] {processor.py:183} INFO - Processing /home/airflow/.local/lib/python3.12/site-packages/airflow/example_dags/example_task_group.py took 0.135 seconds
[2024-07-02T14:50:32.896+0000] {processor.py:161} INFO - Started process (PID=166) to work on /home/airflow/.local/lib/python3.12/site-packages/airflow/example_dags/example_task_group.py
[2024-07-02T14:50:32.897+0000] {processor.py:830} INFO - Processing file /home/airflow/.local/lib/python3.12/site-packages/airflow/example_dags/example_task_group.py for tasks to queue
[2024-07-02T14:50:32.898+0000] {logging_mixin.py:188} INFO - [2024-07-02T14:50:32.898+0000] {dagbag.py:545} INFO - Filling up the DagBag from /home/airflow/.local/lib/python3.12/site-packages/airflow/example_dags/example_task_group.py
[2024-07-02T14:50:32.904+0000] {processor.py:840} INFO - DAG(s) 'example_task_group' retrieved from /home/airflow/.local/lib/python3.12/site-packages/airflow/example_dags/example_task_group.py
[2024-07-02T14:50:32.925+0000] {logging_mixin.py:188} INFO - [2024-07-02T14:50:32.925+0000] {dag.py:3096} INFO - Sync 1 DAGs
[2024-07-02T14:50:32.945+0000] {logging_mixin.py:188} INFO - [2024-07-02T14:50:32.944+0000] {dag.py:3954} INFO - Setting next_dagrun for example_task_group to 2024-07-01 00:00:00+00:00, run_after=2024-07-02 00:00:00+00:00
[2024-07-02T14:50:32.966+0000] {processor.py:183} INFO - Processing /home/airflow/.local/lib/python3.12/site-packages/airflow/example_dags/example_task_group.py took 0.075 seconds
[2024-07-02T14:51:03.561+0000] {processor.py:161} INFO - Started process (PID=224) to work on /home/airflow/.local/lib/python3.12/site-packages/airflow/example_dags/example_task_group.py
[2024-07-02T14:51:03.563+0000] {processor.py:830} INFO - Processing file /home/airflow/.local/lib/python3.12/site-packages/airflow/example_dags/example_task_group.py for tasks to queue
[2024-07-02T14:51:03.564+0000] {logging_mixin.py:188} INFO - [2024-07-02T14:51:03.564+0000] {dagbag.py:545} INFO - Filling up the DagBag from /home/airflow/.local/lib/python3.12/site-packages/airflow/example_dags/example_task_group.py
[2024-07-02T14:51:03.574+0000] {processor.py:840} INFO - DAG(s) 'example_task_group' retrieved from /home/airflow/.local/lib/python3.12/site-packages/airflow/example_dags/example_task_group.py
[2024-07-02T14:51:03.602+0000] {logging_mixin.py:188} INFO - [2024-07-02T14:51:03.602+0000] {dag.py:3096} INFO - Sync 1 DAGs
[2024-07-02T14:51:03.625+0000] {logging_mixin.py:188} INFO - [2024-07-02T14:51:03.624+0000] {dag.py:3954} INFO - Setting next_dagrun for example_task_group to 2024-07-01 00:00:00+00:00, run_after=2024-07-02 00:00:00+00:00
[2024-07-02T14:51:03.649+0000] {processor.py:183} INFO - Processing /home/airflow/.local/lib/python3.12/site-packages/airflow/example_dags/example_task_group.py took 0.094 seconds
[2024-07-02T14:51:33.801+0000] {processor.py:161} INFO - Started process (PID=282) to work on /home/airflow/.local/lib/python3.12/site-packages/airflow/example_dags/example_task_group.py
[2024-07-02T14:51:33.802+0000] {processor.py:830} INFO - Processing file /home/airflow/.local/lib/python3.12/site-packages/airflow/example_dags/example_task_group.py for tasks to queue
[2024-07-02T14:51:33.804+0000] {logging_mixin.py:188} INFO - [2024-07-02T14:51:33.803+0000] {dagbag.py:545} INFO - Filling up the DagBag from /home/airflow/.local/lib/python3.12/site-packages/airflow/example_dags/example_task_group.py
[2024-07-02T14:51:33.811+0000] {processor.py:840} INFO - DAG(s) 'example_task_group' retrieved from /home/airflow/.local/lib/python3.12/site-packages/airflow/example_dags/example_task_group.py
[2024-07-02T14:51:33.835+0000] {logging_mixin.py:188} INFO - [2024-07-02T14:51:33.835+0000] {dag.py:3096} INFO - Sync 1 DAGs
[2024-07-02T14:51:33.851+0000] {logging_mixin.py:188} INFO - [2024-07-02T14:51:33.851+0000] {dag.py:3954} INFO - Setting next_dagrun for example_task_group to 2024-07-01 00:00:00+00:00, run_after=2024-07-02 00:00:00+00:00
[2024-07-02T14:51:33.872+0000] {processor.py:183} INFO - Processing /home/airflow/.local/lib/python3.12/site-packages/airflow/example_dags/example_task_group.py took 0.077 seconds
[2024-07-02T14:52:04.095+0000] {processor.py:161} INFO - Started process (PID=341) to work on /home/airflow/.local/lib/python3.12/site-packages/airflow/example_dags/example_task_group.py
[2024-07-02T14:52:04.097+0000] {processor.py:830} INFO - Processing file /home/airflow/.local/lib/python3.12/site-packages/airflow/example_dags/example_task_group.py for tasks to queue
[2024-07-02T14:52:04.098+0000] {logging_mixin.py:188} INFO - [2024-07-02T14:52:04.098+0000] {dagbag.py:545} INFO - Filling up the DagBag from /home/airflow/.local/lib/python3.12/site-packages/airflow/example_dags/example_task_group.py
[2024-07-02T14:52:04.106+0000] {processor.py:840} INFO - DAG(s) 'example_task_group' retrieved from /home/airflow/.local/lib/python3.12/site-packages/airflow/example_dags/example_task_group.py
[2024-07-02T14:52:04.130+0000] {logging_mixin.py:188} INFO - [2024-07-02T14:52:04.130+0000] {dag.py:3096} INFO - Sync 1 DAGs
[2024-07-02T14:52:04.149+0000] {logging_mixin.py:188} INFO - [2024-07-02T14:52:04.149+0000] {dag.py:3954} INFO - Setting next_dagrun for example_task_group to 2024-07-01 00:00:00+00:00, run_after=2024-07-02 00:00:00+00:00
[2024-07-02T14:52:04.172+0000] {processor.py:183} INFO - Processing /home/airflow/.local/lib/python3.12/site-packages/airflow/example_dags/example_task_group.py took 0.082 seconds
[2024-07-02T14:52:35.513+0000] {processor.py:161} INFO - Started process (PID=399) to work on /home/airflow/.local/lib/python3.12/site-packages/airflow/example_dags/example_task_group.py
[2024-07-02T14:52:35.515+0000] {processor.py:830} INFO - Processing file /home/airflow/.local/lib/python3.12/site-packages/airflow/example_dags/example_task_group.py for tasks to queue
[2024-07-02T14:52:35.516+0000] {logging_mixin.py:188} INFO - [2024-07-02T14:52:35.516+0000] {dagbag.py:545} INFO - Filling up the DagBag from /home/airflow/.local/lib/python3.12/site-packages/airflow/example_dags/example_task_group.py
[2024-07-02T14:52:35.523+0000] {processor.py:840} INFO - DAG(s) 'example_task_group' retrieved from /home/airflow/.local/lib/python3.12/site-packages/airflow/example_dags/example_task_group.py
[2024-07-02T14:52:35.544+0000] {logging_mixin.py:188} INFO - [2024-07-02T14:52:35.543+0000] {dag.py:3096} INFO - Sync 1 DAGs
[2024-07-02T14:52:35.561+0000] {logging_mixin.py:188} INFO - [2024-07-02T14:52:35.561+0000] {dag.py:3954} INFO - Setting next_dagrun for example_task_group to 2024-07-01 00:00:00+00:00, run_after=2024-07-02 00:00:00+00:00
[2024-07-02T14:52:35.582+0000] {processor.py:183} INFO - Processing /home/airflow/.local/lib/python3.12/site-packages/airflow/example_dags/example_task_group.py took 0.073 seconds
[2024-07-02T14:53:06.477+0000] {processor.py:161} INFO - Started process (PID=462) to work on /home/airflow/.local/lib/python3.12/site-packages/airflow/example_dags/example_task_group.py
[2024-07-02T14:53:06.478+0000] {processor.py:830} INFO - Processing file /home/airflow/.local/lib/python3.12/site-packages/airflow/example_dags/example_task_group.py for tasks to queue
[2024-07-02T14:53:06.479+0000] {logging_mixin.py:188} INFO - [2024-07-02T14:53:06.479+0000] {dagbag.py:545} INFO - Filling up the DagBag from /home/airflow/.local/lib/python3.12/site-packages/airflow/example_dags/example_task_group.py
[2024-07-02T14:53:06.490+0000] {processor.py:840} INFO - DAG(s) 'example_task_group' retrieved from /home/airflow/.local/lib/python3.12/site-packages/airflow/example_dags/example_task_group.py
[2024-07-02T14:53:06.519+0000] {logging_mixin.py:188} INFO - [2024-07-02T14:53:06.518+0000] {dag.py:3096} INFO - Sync 1 DAGs
[2024-07-02T14:53:06.538+0000] {logging_mixin.py:188} INFO - [2024-07-02T14:53:06.538+0000] {dag.py:3954} INFO - Setting next_dagrun for example_task_group to 2024-07-01 00:00:00+00:00, run_after=2024-07-02 00:00:00+00:00
[2024-07-02T14:53:06.558+0000] {processor.py:183} INFO - Processing /home/airflow/.local/lib/python3.12/site-packages/airflow/example_dags/example_task_group.py took 0.088 seconds
[2024-07-02T14:53:36.943+0000] {processor.py:161} INFO - Started process (PID=521) to work on /home/airflow/.local/lib/python3.12/site-packages/airflow/example_dags/example_task_group.py
[2024-07-02T14:53:36.944+0000] {processor.py:830} INFO - Processing file /home/airflow/.local/lib/python3.12/site-packages/airflow/example_dags/example_task_group.py for tasks to queue
[2024-07-02T14:53:36.945+0000] {logging_mixin.py:188} INFO - [2024-07-02T14:53:36.945+0000] {dagbag.py:545} INFO - Filling up the DagBag from /home/airflow/.local/lib/python3.12/site-packages/airflow/example_dags/example_task_group.py
[2024-07-02T14:53:36.951+0000] {processor.py:840} INFO - DAG(s) 'example_task_group' retrieved from /home/airflow/.local/lib/python3.12/site-packages/airflow/example_dags/example_task_group.py
[2024-07-02T14:53:36.967+0000] {logging_mixin.py:188} INFO - [2024-07-02T14:53:36.967+0000] {dag.py:3096} INFO - Sync 1 DAGs
[2024-07-02T14:53:36.981+0000] {logging_mixin.py:188} INFO - [2024-07-02T14:53:36.981+0000] {dag.py:3954} INFO - Setting next_dagrun for example_task_group to 2024-07-01 00:00:00+00:00, run_after=2024-07-02 00:00:00+00:00
[2024-07-02T14:53:37.001+0000] {processor.py:183} INFO - Processing /home/airflow/.local/lib/python3.12/site-packages/airflow/example_dags/example_task_group.py took 0.064 seconds
[2024-07-02T14:54:07.227+0000] {processor.py:161} INFO - Started process (PID=579) to work on /home/airflow/.local/lib/python3.12/site-packages/airflow/example_dags/example_task_group.py
[2024-07-02T14:54:07.228+0000] {processor.py:830} INFO - Processing file /home/airflow/.local/lib/python3.12/site-packages/airflow/example_dags/example_task_group.py for tasks to queue
[2024-07-02T14:54:07.229+0000] {logging_mixin.py:188} INFO - [2024-07-02T14:54:07.229+0000] {dagbag.py:545} INFO - Filling up the DagBag from /home/airflow/.local/lib/python3.12/site-packages/airflow/example_dags/example_task_group.py
[2024-07-02T14:54:07.236+0000] {processor.py:840} INFO - DAG(s) 'example_task_group' retrieved from /home/airflow/.local/lib/python3.12/site-packages/airflow/example_dags/example_task_group.py
[2024-07-02T14:54:07.260+0000] {logging_mixin.py:188} INFO - [2024-07-02T14:54:07.260+0000] {dag.py:3096} INFO - Sync 1 DAGs
[2024-07-02T14:54:07.280+0000] {logging_mixin.py:188} INFO - [2024-07-02T14:54:07.279+0000] {dag.py:3954} INFO - Setting next_dagrun for example_task_group to 2024-07-01 00:00:00+00:00, run_after=2024-07-02 00:00:00+00:00
[2024-07-02T14:54:07.303+0000] {processor.py:183} INFO - Processing /home/airflow/.local/lib/python3.12/site-packages/airflow/example_dags/example_task_group.py took 0.081 seconds
