[2024-07-02T11:48:21.834+0000] {processor.py:161} INFO - Started process (PID=67) to work on /home/airflow/.local/lib/python3.12/site-packages/airflow/example_dags/example_branch_labels.py
[2024-07-02T11:48:21.836+0000] {processor.py:830} INFO - Processing file /home/airflow/.local/lib/python3.12/site-packages/airflow/example_dags/example_branch_labels.py for tasks to queue
[2024-07-02T11:48:21.840+0000] {logging_mixin.py:188} INFO - [2024-07-02T11:48:21.839+0000] {dagbag.py:545} INFO - Filling up the DagBag from /home/airflow/.local/lib/python3.12/site-packages/airflow/example_dags/example_branch_labels.py
[2024-07-02T11:48:21.854+0000] {processor.py:840} INFO - DAG(s) 'example_branch_labels' retrieved from /home/airflow/.local/lib/python3.12/site-packages/airflow/example_dags/example_branch_labels.py
[2024-07-02T11:48:21.890+0000] {logging_mixin.py:188} INFO - [2024-07-02T11:48:21.890+0000] {dag.py:3096} INFO - Sync 1 DAGs
[2024-07-02T11:48:21.930+0000] {logging_mixin.py:188} INFO - [2024-07-02T11:48:21.930+0000] {dag.py:3954} INFO - Setting next_dagrun for example_branch_labels to 2024-07-01 00:00:00+00:00, run_after=2024-07-02 00:00:00+00:00
[2024-07-02T11:48:21.964+0000] {processor.py:183} INFO - Processing /home/airflow/.local/lib/python3.12/site-packages/airflow/example_dags/example_branch_labels.py took 0.141 seconds
[2024-07-02T11:48:52.111+0000] {processor.py:161} INFO - Started process (PID=130) to work on /home/airflow/.local/lib/python3.12/site-packages/airflow/example_dags/example_branch_labels.py
[2024-07-02T11:48:52.112+0000] {processor.py:830} INFO - Processing file /home/airflow/.local/lib/python3.12/site-packages/airflow/example_dags/example_branch_labels.py for tasks to queue
[2024-07-02T11:48:52.114+0000] {logging_mixin.py:188} INFO - [2024-07-02T11:48:52.114+0000] {dagbag.py:545} INFO - Filling up the DagBag from /home/airflow/.local/lib/python3.12/site-packages/airflow/example_dags/example_branch_labels.py
[2024-07-02T11:48:52.120+0000] {processor.py:840} INFO - DAG(s) 'example_branch_labels' retrieved from /home/airflow/.local/lib/python3.12/site-packages/airflow/example_dags/example_branch_labels.py
[2024-07-02T11:48:52.139+0000] {logging_mixin.py:188} INFO - [2024-07-02T11:48:52.139+0000] {dag.py:3096} INFO - Sync 1 DAGs
[2024-07-02T11:48:52.160+0000] {logging_mixin.py:188} INFO - [2024-07-02T11:48:52.159+0000] {dag.py:3954} INFO - Setting next_dagrun for example_branch_labels to 2024-07-01 00:00:00+00:00, run_after=2024-07-02 00:00:00+00:00
[2024-07-02T11:48:52.179+0000] {processor.py:183} INFO - Processing /home/airflow/.local/lib/python3.12/site-packages/airflow/example_dags/example_branch_labels.py took 0.073 seconds
[2024-07-02T11:49:22.598+0000] {processor.py:161} INFO - Started process (PID=193) to work on /home/airflow/.local/lib/python3.12/site-packages/airflow/example_dags/example_branch_labels.py
[2024-07-02T11:49:22.600+0000] {processor.py:830} INFO - Processing file /home/airflow/.local/lib/python3.12/site-packages/airflow/example_dags/example_branch_labels.py for tasks to queue
[2024-07-02T11:49:22.601+0000] {logging_mixin.py:188} INFO - [2024-07-02T11:49:22.600+0000] {dagbag.py:545} INFO - Filling up the DagBag from /home/airflow/.local/lib/python3.12/site-packages/airflow/example_dags/example_branch_labels.py
[2024-07-02T11:49:22.608+0000] {processor.py:840} INFO - DAG(s) 'example_branch_labels' retrieved from /home/airflow/.local/lib/python3.12/site-packages/airflow/example_dags/example_branch_labels.py
[2024-07-02T11:49:22.628+0000] {logging_mixin.py:188} INFO - [2024-07-02T11:49:22.628+0000] {dag.py:3096} INFO - Sync 1 DAGs
[2024-07-02T11:49:22.647+0000] {logging_mixin.py:188} INFO - [2024-07-02T11:49:22.646+0000] {dag.py:3954} INFO - Setting next_dagrun for example_branch_labels to 2024-07-01 00:00:00+00:00, run_after=2024-07-02 00:00:00+00:00
[2024-07-02T11:49:22.666+0000] {processor.py:183} INFO - Processing /home/airflow/.local/lib/python3.12/site-packages/airflow/example_dags/example_branch_labels.py took 0.073 seconds
[2024-07-02T11:49:52.953+0000] {processor.py:161} INFO - Started process (PID=256) to work on /home/airflow/.local/lib/python3.12/site-packages/airflow/example_dags/example_branch_labels.py
[2024-07-02T11:49:52.955+0000] {processor.py:830} INFO - Processing file /home/airflow/.local/lib/python3.12/site-packages/airflow/example_dags/example_branch_labels.py for tasks to queue
[2024-07-02T11:49:52.956+0000] {logging_mixin.py:188} INFO - [2024-07-02T11:49:52.955+0000] {dagbag.py:545} INFO - Filling up the DagBag from /home/airflow/.local/lib/python3.12/site-packages/airflow/example_dags/example_branch_labels.py
[2024-07-02T11:49:52.962+0000] {processor.py:840} INFO - DAG(s) 'example_branch_labels' retrieved from /home/airflow/.local/lib/python3.12/site-packages/airflow/example_dags/example_branch_labels.py
[2024-07-02T11:49:52.984+0000] {logging_mixin.py:188} INFO - [2024-07-02T11:49:52.983+0000] {dag.py:3096} INFO - Sync 1 DAGs
[2024-07-02T11:49:53.004+0000] {logging_mixin.py:188} INFO - [2024-07-02T11:49:53.004+0000] {dag.py:3954} INFO - Setting next_dagrun for example_branch_labels to 2024-07-01 00:00:00+00:00, run_after=2024-07-02 00:00:00+00:00
[2024-07-02T11:49:53.025+0000] {processor.py:183} INFO - Processing /home/airflow/.local/lib/python3.12/site-packages/airflow/example_dags/example_branch_labels.py took 0.077 seconds
[2024-07-02T11:50:23.389+0000] {processor.py:161} INFO - Started process (PID=319) to work on /home/airflow/.local/lib/python3.12/site-packages/airflow/example_dags/example_branch_labels.py
[2024-07-02T11:50:23.390+0000] {processor.py:830} INFO - Processing file /home/airflow/.local/lib/python3.12/site-packages/airflow/example_dags/example_branch_labels.py for tasks to queue
[2024-07-02T11:50:23.392+0000] {logging_mixin.py:188} INFO - [2024-07-02T11:50:23.391+0000] {dagbag.py:545} INFO - Filling up the DagBag from /home/airflow/.local/lib/python3.12/site-packages/airflow/example_dags/example_branch_labels.py
[2024-07-02T11:50:23.399+0000] {processor.py:840} INFO - DAG(s) 'example_branch_labels' retrieved from /home/airflow/.local/lib/python3.12/site-packages/airflow/example_dags/example_branch_labels.py
[2024-07-02T11:50:23.412+0000] {logging_mixin.py:188} INFO - [2024-07-02T11:50:23.412+0000] {dag.py:3096} INFO - Sync 1 DAGs
[2024-07-02T11:50:23.436+0000] {logging_mixin.py:188} INFO - [2024-07-02T11:50:23.435+0000] {dag.py:3954} INFO - Setting next_dagrun for example_branch_labels to 2024-07-01 00:00:00+00:00, run_after=2024-07-02 00:00:00+00:00
[2024-07-02T11:50:23.458+0000] {processor.py:183} INFO - Processing /home/airflow/.local/lib/python3.12/site-packages/airflow/example_dags/example_branch_labels.py took 0.075 seconds
[2024-07-02T11:50:55.527+0000] {processor.py:161} INFO - Started process (PID=382) to work on /home/airflow/.local/lib/python3.12/site-packages/airflow/example_dags/example_branch_labels.py
[2024-07-02T11:50:55.529+0000] {processor.py:830} INFO - Processing file /home/airflow/.local/lib/python3.12/site-packages/airflow/example_dags/example_branch_labels.py for tasks to queue
[2024-07-02T11:50:55.530+0000] {logging_mixin.py:188} INFO - [2024-07-02T11:50:55.529+0000] {dagbag.py:545} INFO - Filling up the DagBag from /home/airflow/.local/lib/python3.12/site-packages/airflow/example_dags/example_branch_labels.py
[2024-07-02T11:50:55.535+0000] {processor.py:840} INFO - DAG(s) 'example_branch_labels' retrieved from /home/airflow/.local/lib/python3.12/site-packages/airflow/example_dags/example_branch_labels.py
[2024-07-02T11:50:55.618+0000] {logging_mixin.py:188} INFO - [2024-07-02T11:50:55.617+0000] {dag.py:3096} INFO - Sync 1 DAGs
[2024-07-02T11:50:55.636+0000] {logging_mixin.py:188} INFO - [2024-07-02T11:50:55.636+0000] {dag.py:3954} INFO - Setting next_dagrun for example_branch_labels to 2024-07-01 00:00:00+00:00, run_after=2024-07-02 00:00:00+00:00
[2024-07-02T11:50:55.654+0000] {processor.py:183} INFO - Processing /home/airflow/.local/lib/python3.12/site-packages/airflow/example_dags/example_branch_labels.py took 0.132 seconds
[2024-07-02T11:51:26.579+0000] {processor.py:161} INFO - Started process (PID=445) to work on /home/airflow/.local/lib/python3.12/site-packages/airflow/example_dags/example_branch_labels.py
[2024-07-02T11:51:26.580+0000] {processor.py:830} INFO - Processing file /home/airflow/.local/lib/python3.12/site-packages/airflow/example_dags/example_branch_labels.py for tasks to queue
[2024-07-02T11:51:26.582+0000] {logging_mixin.py:188} INFO - [2024-07-02T11:51:26.582+0000] {dagbag.py:545} INFO - Filling up the DagBag from /home/airflow/.local/lib/python3.12/site-packages/airflow/example_dags/example_branch_labels.py
[2024-07-02T11:51:26.591+0000] {processor.py:840} INFO - DAG(s) 'example_branch_labels' retrieved from /home/airflow/.local/lib/python3.12/site-packages/airflow/example_dags/example_branch_labels.py
[2024-07-02T11:51:26.625+0000] {logging_mixin.py:188} INFO - [2024-07-02T11:51:26.625+0000] {dag.py:3096} INFO - Sync 1 DAGs
[2024-07-02T11:51:26.666+0000] {logging_mixin.py:188} INFO - [2024-07-02T11:51:26.666+0000] {dag.py:3954} INFO - Setting next_dagrun for example_branch_labels to 2024-07-01 00:00:00+00:00, run_after=2024-07-02 00:00:00+00:00
[2024-07-02T11:51:26.705+0000] {processor.py:183} INFO - Processing /home/airflow/.local/lib/python3.12/site-packages/airflow/example_dags/example_branch_labels.py took 0.131 seconds
[2024-07-02T11:51:57.675+0000] {processor.py:161} INFO - Started process (PID=508) to work on /home/airflow/.local/lib/python3.12/site-packages/airflow/example_dags/example_branch_labels.py
[2024-07-02T11:51:57.676+0000] {processor.py:830} INFO - Processing file /home/airflow/.local/lib/python3.12/site-packages/airflow/example_dags/example_branch_labels.py for tasks to queue
[2024-07-02T11:51:57.677+0000] {logging_mixin.py:188} INFO - [2024-07-02T11:51:57.677+0000] {dagbag.py:545} INFO - Filling up the DagBag from /home/airflow/.local/lib/python3.12/site-packages/airflow/example_dags/example_branch_labels.py
[2024-07-02T11:51:57.683+0000] {processor.py:840} INFO - DAG(s) 'example_branch_labels' retrieved from /home/airflow/.local/lib/python3.12/site-packages/airflow/example_dags/example_branch_labels.py
[2024-07-02T11:51:57.703+0000] {logging_mixin.py:188} INFO - [2024-07-02T11:51:57.703+0000] {dag.py:3096} INFO - Sync 1 DAGs
[2024-07-02T11:51:57.723+0000] {logging_mixin.py:188} INFO - [2024-07-02T11:51:57.723+0000] {dag.py:3954} INFO - Setting next_dagrun for example_branch_labels to 2024-07-01 00:00:00+00:00, run_after=2024-07-02 00:00:00+00:00
[2024-07-02T11:51:57.745+0000] {processor.py:183} INFO - Processing /home/airflow/.local/lib/python3.12/site-packages/airflow/example_dags/example_branch_labels.py took 0.075 seconds
[2024-07-02T11:52:28.065+0000] {processor.py:161} INFO - Started process (PID=571) to work on /home/airflow/.local/lib/python3.12/site-packages/airflow/example_dags/example_branch_labels.py
[2024-07-02T11:52:28.066+0000] {processor.py:830} INFO - Processing file /home/airflow/.local/lib/python3.12/site-packages/airflow/example_dags/example_branch_labels.py for tasks to queue
[2024-07-02T11:52:28.068+0000] {logging_mixin.py:188} INFO - [2024-07-02T11:52:28.067+0000] {dagbag.py:545} INFO - Filling up the DagBag from /home/airflow/.local/lib/python3.12/site-packages/airflow/example_dags/example_branch_labels.py
[2024-07-02T11:52:28.074+0000] {processor.py:840} INFO - DAG(s) 'example_branch_labels' retrieved from /home/airflow/.local/lib/python3.12/site-packages/airflow/example_dags/example_branch_labels.py
[2024-07-02T11:52:28.092+0000] {logging_mixin.py:188} INFO - [2024-07-02T11:52:28.092+0000] {dag.py:3096} INFO - Sync 1 DAGs
[2024-07-02T11:52:28.116+0000] {logging_mixin.py:188} INFO - [2024-07-02T11:52:28.116+0000] {dag.py:3954} INFO - Setting next_dagrun for example_branch_labels to 2024-07-01 00:00:00+00:00, run_after=2024-07-02 00:00:00+00:00
[2024-07-02T11:52:28.144+0000] {processor.py:183} INFO - Processing /home/airflow/.local/lib/python3.12/site-packages/airflow/example_dags/example_branch_labels.py took 0.085 seconds
[2024-07-02T11:52:58.756+0000] {processor.py:161} INFO - Started process (PID=635) to work on /home/airflow/.local/lib/python3.12/site-packages/airflow/example_dags/example_branch_labels.py
[2024-07-02T11:52:58.757+0000] {processor.py:830} INFO - Processing file /home/airflow/.local/lib/python3.12/site-packages/airflow/example_dags/example_branch_labels.py for tasks to queue
[2024-07-02T11:52:58.759+0000] {logging_mixin.py:188} INFO - [2024-07-02T11:52:58.758+0000] {dagbag.py:545} INFO - Filling up the DagBag from /home/airflow/.local/lib/python3.12/site-packages/airflow/example_dags/example_branch_labels.py
[2024-07-02T11:52:58.765+0000] {processor.py:840} INFO - DAG(s) 'example_branch_labels' retrieved from /home/airflow/.local/lib/python3.12/site-packages/airflow/example_dags/example_branch_labels.py
[2024-07-02T11:52:58.784+0000] {logging_mixin.py:188} INFO - [2024-07-02T11:52:58.784+0000] {dag.py:3096} INFO - Sync 1 DAGs
[2024-07-02T11:52:58.805+0000] {logging_mixin.py:188} INFO - [2024-07-02T11:52:58.805+0000] {dag.py:3954} INFO - Setting next_dagrun for example_branch_labels to 2024-07-01 00:00:00+00:00, run_after=2024-07-02 00:00:00+00:00
[2024-07-02T11:52:58.823+0000] {processor.py:183} INFO - Processing /home/airflow/.local/lib/python3.12/site-packages/airflow/example_dags/example_branch_labels.py took 0.072 seconds
[2024-07-02T11:53:29.593+0000] {processor.py:161} INFO - Started process (PID=698) to work on /home/airflow/.local/lib/python3.12/site-packages/airflow/example_dags/example_branch_labels.py
[2024-07-02T11:53:29.595+0000] {processor.py:830} INFO - Processing file /home/airflow/.local/lib/python3.12/site-packages/airflow/example_dags/example_branch_labels.py for tasks to queue
[2024-07-02T11:53:29.596+0000] {logging_mixin.py:188} INFO - [2024-07-02T11:53:29.596+0000] {dagbag.py:545} INFO - Filling up the DagBag from /home/airflow/.local/lib/python3.12/site-packages/airflow/example_dags/example_branch_labels.py
[2024-07-02T11:53:29.602+0000] {processor.py:840} INFO - DAG(s) 'example_branch_labels' retrieved from /home/airflow/.local/lib/python3.12/site-packages/airflow/example_dags/example_branch_labels.py
[2024-07-02T11:53:29.620+0000] {logging_mixin.py:188} INFO - [2024-07-02T11:53:29.620+0000] {dag.py:3096} INFO - Sync 1 DAGs
[2024-07-02T11:53:29.638+0000] {logging_mixin.py:188} INFO - [2024-07-02T11:53:29.638+0000] {dag.py:3954} INFO - Setting next_dagrun for example_branch_labels to 2024-07-01 00:00:00+00:00, run_after=2024-07-02 00:00:00+00:00
[2024-07-02T11:53:29.655+0000] {processor.py:183} INFO - Processing /home/airflow/.local/lib/python3.12/site-packages/airflow/example_dags/example_branch_labels.py took 0.067 seconds
[2024-07-02T11:54:00.237+0000] {processor.py:161} INFO - Started process (PID=761) to work on /home/airflow/.local/lib/python3.12/site-packages/airflow/example_dags/example_branch_labels.py
[2024-07-02T11:54:00.238+0000] {processor.py:830} INFO - Processing file /home/airflow/.local/lib/python3.12/site-packages/airflow/example_dags/example_branch_labels.py for tasks to queue
[2024-07-02T11:54:00.239+0000] {logging_mixin.py:188} INFO - [2024-07-02T11:54:00.239+0000] {dagbag.py:545} INFO - Filling up the DagBag from /home/airflow/.local/lib/python3.12/site-packages/airflow/example_dags/example_branch_labels.py
[2024-07-02T11:54:00.245+0000] {processor.py:840} INFO - DAG(s) 'example_branch_labels' retrieved from /home/airflow/.local/lib/python3.12/site-packages/airflow/example_dags/example_branch_labels.py
[2024-07-02T11:54:00.266+0000] {logging_mixin.py:188} INFO - [2024-07-02T11:54:00.266+0000] {dag.py:3096} INFO - Sync 1 DAGs
[2024-07-02T11:54:00.286+0000] {logging_mixin.py:188} INFO - [2024-07-02T11:54:00.286+0000] {dag.py:3954} INFO - Setting next_dagrun for example_branch_labels to 2024-07-01 00:00:00+00:00, run_after=2024-07-02 00:00:00+00:00
[2024-07-02T11:54:00.307+0000] {processor.py:183} INFO - Processing /home/airflow/.local/lib/python3.12/site-packages/airflow/example_dags/example_branch_labels.py took 0.075 seconds
[2024-07-02T11:54:31.639+0000] {processor.py:161} INFO - Started process (PID=830) to work on /home/airflow/.local/lib/python3.12/site-packages/airflow/example_dags/example_branch_labels.py
[2024-07-02T11:54:31.640+0000] {processor.py:830} INFO - Processing file /home/airflow/.local/lib/python3.12/site-packages/airflow/example_dags/example_branch_labels.py for tasks to queue
[2024-07-02T11:54:31.641+0000] {logging_mixin.py:188} INFO - [2024-07-02T11:54:31.641+0000] {dagbag.py:545} INFO - Filling up the DagBag from /home/airflow/.local/lib/python3.12/site-packages/airflow/example_dags/example_branch_labels.py
[2024-07-02T11:54:31.647+0000] {processor.py:840} INFO - DAG(s) 'example_branch_labels' retrieved from /home/airflow/.local/lib/python3.12/site-packages/airflow/example_dags/example_branch_labels.py
[2024-07-02T11:54:31.666+0000] {logging_mixin.py:188} INFO - [2024-07-02T11:54:31.666+0000] {dag.py:3096} INFO - Sync 1 DAGs
[2024-07-02T11:54:31.685+0000] {logging_mixin.py:188} INFO - [2024-07-02T11:54:31.685+0000] {dag.py:3954} INFO - Setting next_dagrun for example_branch_labels to 2024-07-01 00:00:00+00:00, run_after=2024-07-02 00:00:00+00:00
[2024-07-02T11:54:31.704+0000] {processor.py:183} INFO - Processing /home/airflow/.local/lib/python3.12/site-packages/airflow/example_dags/example_branch_labels.py took 0.071 seconds
[2024-07-02T11:55:03.197+0000] {processor.py:161} INFO - Started process (PID=893) to work on /home/airflow/.local/lib/python3.12/site-packages/airflow/example_dags/example_branch_labels.py
[2024-07-02T11:55:03.198+0000] {processor.py:830} INFO - Processing file /home/airflow/.local/lib/python3.12/site-packages/airflow/example_dags/example_branch_labels.py for tasks to queue
[2024-07-02T11:55:03.199+0000] {logging_mixin.py:188} INFO - [2024-07-02T11:55:03.199+0000] {dagbag.py:545} INFO - Filling up the DagBag from /home/airflow/.local/lib/python3.12/site-packages/airflow/example_dags/example_branch_labels.py
[2024-07-02T11:55:03.206+0000] {processor.py:840} INFO - DAG(s) 'example_branch_labels' retrieved from /home/airflow/.local/lib/python3.12/site-packages/airflow/example_dags/example_branch_labels.py
[2024-07-02T11:55:03.230+0000] {logging_mixin.py:188} INFO - [2024-07-02T11:55:03.230+0000] {dag.py:3096} INFO - Sync 1 DAGs
[2024-07-02T11:55:03.252+0000] {logging_mixin.py:188} INFO - [2024-07-02T11:55:03.252+0000] {dag.py:3954} INFO - Setting next_dagrun for example_branch_labels to 2024-07-01 00:00:00+00:00, run_after=2024-07-02 00:00:00+00:00
[2024-07-02T11:55:03.274+0000] {processor.py:183} INFO - Processing /home/airflow/.local/lib/python3.12/site-packages/airflow/example_dags/example_branch_labels.py took 0.083 seconds
[2024-07-02T11:55:33.942+0000] {processor.py:161} INFO - Started process (PID=956) to work on /home/airflow/.local/lib/python3.12/site-packages/airflow/example_dags/example_branch_labels.py
[2024-07-02T11:55:33.943+0000] {processor.py:830} INFO - Processing file /home/airflow/.local/lib/python3.12/site-packages/airflow/example_dags/example_branch_labels.py for tasks to queue
[2024-07-02T11:55:33.944+0000] {logging_mixin.py:188} INFO - [2024-07-02T11:55:33.944+0000] {dagbag.py:545} INFO - Filling up the DagBag from /home/airflow/.local/lib/python3.12/site-packages/airflow/example_dags/example_branch_labels.py
[2024-07-02T11:55:33.951+0000] {processor.py:840} INFO - DAG(s) 'example_branch_labels' retrieved from /home/airflow/.local/lib/python3.12/site-packages/airflow/example_dags/example_branch_labels.py
[2024-07-02T11:55:33.972+0000] {logging_mixin.py:188} INFO - [2024-07-02T11:55:33.972+0000] {dag.py:3096} INFO - Sync 1 DAGs
[2024-07-02T11:55:33.996+0000] {logging_mixin.py:188} INFO - [2024-07-02T11:55:33.995+0000] {dag.py:3954} INFO - Setting next_dagrun for example_branch_labels to 2024-07-01 00:00:00+00:00, run_after=2024-07-02 00:00:00+00:00
[2024-07-02T11:55:34.021+0000] {processor.py:183} INFO - Processing /home/airflow/.local/lib/python3.12/site-packages/airflow/example_dags/example_branch_labels.py took 0.086 seconds
[2024-07-02T11:56:04.896+0000] {processor.py:161} INFO - Started process (PID=1019) to work on /home/airflow/.local/lib/python3.12/site-packages/airflow/example_dags/example_branch_labels.py
[2024-07-02T11:56:04.897+0000] {processor.py:830} INFO - Processing file /home/airflow/.local/lib/python3.12/site-packages/airflow/example_dags/example_branch_labels.py for tasks to queue
[2024-07-02T11:56:04.898+0000] {logging_mixin.py:188} INFO - [2024-07-02T11:56:04.898+0000] {dagbag.py:545} INFO - Filling up the DagBag from /home/airflow/.local/lib/python3.12/site-packages/airflow/example_dags/example_branch_labels.py
[2024-07-02T11:56:04.907+0000] {processor.py:840} INFO - DAG(s) 'example_branch_labels' retrieved from /home/airflow/.local/lib/python3.12/site-packages/airflow/example_dags/example_branch_labels.py
[2024-07-02T11:56:04.929+0000] {logging_mixin.py:188} INFO - [2024-07-02T11:56:04.929+0000] {dag.py:3096} INFO - Sync 1 DAGs
[2024-07-02T11:56:04.952+0000] {logging_mixin.py:188} INFO - [2024-07-02T11:56:04.951+0000] {dag.py:3954} INFO - Setting next_dagrun for example_branch_labels to 2024-07-01 00:00:00+00:00, run_after=2024-07-02 00:00:00+00:00
[2024-07-02T11:56:04.976+0000] {processor.py:183} INFO - Processing /home/airflow/.local/lib/python3.12/site-packages/airflow/example_dags/example_branch_labels.py took 0.087 seconds
[2024-07-02T11:56:35.788+0000] {processor.py:161} INFO - Started process (PID=1081) to work on /home/airflow/.local/lib/python3.12/site-packages/airflow/example_dags/example_branch_labels.py
[2024-07-02T11:56:35.789+0000] {processor.py:830} INFO - Processing file /home/airflow/.local/lib/python3.12/site-packages/airflow/example_dags/example_branch_labels.py for tasks to queue
[2024-07-02T11:56:35.790+0000] {logging_mixin.py:188} INFO - [2024-07-02T11:56:35.790+0000] {dagbag.py:545} INFO - Filling up the DagBag from /home/airflow/.local/lib/python3.12/site-packages/airflow/example_dags/example_branch_labels.py
[2024-07-02T11:56:35.797+0000] {processor.py:840} INFO - DAG(s) 'example_branch_labels' retrieved from /home/airflow/.local/lib/python3.12/site-packages/airflow/example_dags/example_branch_labels.py
[2024-07-02T11:56:35.819+0000] {logging_mixin.py:188} INFO - [2024-07-02T11:56:35.819+0000] {dag.py:3096} INFO - Sync 1 DAGs
[2024-07-02T11:56:35.839+0000] {logging_mixin.py:188} INFO - [2024-07-02T11:56:35.839+0000] {dag.py:3954} INFO - Setting next_dagrun for example_branch_labels to 2024-07-01 00:00:00+00:00, run_after=2024-07-02 00:00:00+00:00
[2024-07-02T11:56:35.863+0000] {processor.py:183} INFO - Processing /home/airflow/.local/lib/python3.12/site-packages/airflow/example_dags/example_branch_labels.py took 0.081 seconds
[2024-07-02T11:57:06.627+0000] {processor.py:161} INFO - Started process (PID=1144) to work on /home/airflow/.local/lib/python3.12/site-packages/airflow/example_dags/example_branch_labels.py
[2024-07-02T11:57:06.628+0000] {processor.py:830} INFO - Processing file /home/airflow/.local/lib/python3.12/site-packages/airflow/example_dags/example_branch_labels.py for tasks to queue
[2024-07-02T11:57:06.629+0000] {logging_mixin.py:188} INFO - [2024-07-02T11:57:06.629+0000] {dagbag.py:545} INFO - Filling up the DagBag from /home/airflow/.local/lib/python3.12/site-packages/airflow/example_dags/example_branch_labels.py
[2024-07-02T11:57:06.636+0000] {processor.py:840} INFO - DAG(s) 'example_branch_labels' retrieved from /home/airflow/.local/lib/python3.12/site-packages/airflow/example_dags/example_branch_labels.py
[2024-07-02T11:57:06.657+0000] {logging_mixin.py:188} INFO - [2024-07-02T11:57:06.657+0000] {dag.py:3096} INFO - Sync 1 DAGs
[2024-07-02T11:57:06.678+0000] {logging_mixin.py:188} INFO - [2024-07-02T11:57:06.678+0000] {dag.py:3954} INFO - Setting next_dagrun for example_branch_labels to 2024-07-01 00:00:00+00:00, run_after=2024-07-02 00:00:00+00:00
[2024-07-02T11:57:06.699+0000] {processor.py:183} INFO - Processing /home/airflow/.local/lib/python3.12/site-packages/airflow/example_dags/example_branch_labels.py took 0.078 seconds
[2024-07-02T11:57:37.611+0000] {processor.py:161} INFO - Started process (PID=1207) to work on /home/airflow/.local/lib/python3.12/site-packages/airflow/example_dags/example_branch_labels.py
[2024-07-02T11:57:37.612+0000] {processor.py:830} INFO - Processing file /home/airflow/.local/lib/python3.12/site-packages/airflow/example_dags/example_branch_labels.py for tasks to queue
[2024-07-02T11:57:37.614+0000] {logging_mixin.py:188} INFO - [2024-07-02T11:57:37.613+0000] {dagbag.py:545} INFO - Filling up the DagBag from /home/airflow/.local/lib/python3.12/site-packages/airflow/example_dags/example_branch_labels.py
[2024-07-02T11:57:37.620+0000] {processor.py:840} INFO - DAG(s) 'example_branch_labels' retrieved from /home/airflow/.local/lib/python3.12/site-packages/airflow/example_dags/example_branch_labels.py
[2024-07-02T11:57:37.638+0000] {logging_mixin.py:188} INFO - [2024-07-02T11:57:37.638+0000] {dag.py:3096} INFO - Sync 1 DAGs
[2024-07-02T11:57:37.656+0000] {logging_mixin.py:188} INFO - [2024-07-02T11:57:37.656+0000] {dag.py:3954} INFO - Setting next_dagrun for example_branch_labels to 2024-07-01 00:00:00+00:00, run_after=2024-07-02 00:00:00+00:00
[2024-07-02T11:57:37.673+0000] {processor.py:183} INFO - Processing /home/airflow/.local/lib/python3.12/site-packages/airflow/example_dags/example_branch_labels.py took 0.068 seconds
[2024-07-02T11:58:08.374+0000] {processor.py:161} INFO - Started process (PID=1270) to work on /home/airflow/.local/lib/python3.12/site-packages/airflow/example_dags/example_branch_labels.py
[2024-07-02T11:58:08.375+0000] {processor.py:830} INFO - Processing file /home/airflow/.local/lib/python3.12/site-packages/airflow/example_dags/example_branch_labels.py for tasks to queue
[2024-07-02T11:58:08.377+0000] {logging_mixin.py:188} INFO - [2024-07-02T11:58:08.376+0000] {dagbag.py:545} INFO - Filling up the DagBag from /home/airflow/.local/lib/python3.12/site-packages/airflow/example_dags/example_branch_labels.py
[2024-07-02T11:58:08.383+0000] {processor.py:840} INFO - DAG(s) 'example_branch_labels' retrieved from /home/airflow/.local/lib/python3.12/site-packages/airflow/example_dags/example_branch_labels.py
[2024-07-02T11:58:08.403+0000] {logging_mixin.py:188} INFO - [2024-07-02T11:58:08.402+0000] {dag.py:3096} INFO - Sync 1 DAGs
[2024-07-02T11:58:08.422+0000] {logging_mixin.py:188} INFO - [2024-07-02T11:58:08.422+0000] {dag.py:3954} INFO - Setting next_dagrun for example_branch_labels to 2024-07-01 00:00:00+00:00, run_after=2024-07-02 00:00:00+00:00
[2024-07-02T11:58:08.441+0000] {processor.py:183} INFO - Processing /home/airflow/.local/lib/python3.12/site-packages/airflow/example_dags/example_branch_labels.py took 0.073 seconds
[2024-07-02T11:58:39.077+0000] {processor.py:161} INFO - Started process (PID=1333) to work on /home/airflow/.local/lib/python3.12/site-packages/airflow/example_dags/example_branch_labels.py
[2024-07-02T11:58:39.078+0000] {processor.py:830} INFO - Processing file /home/airflow/.local/lib/python3.12/site-packages/airflow/example_dags/example_branch_labels.py for tasks to queue
[2024-07-02T11:58:39.079+0000] {logging_mixin.py:188} INFO - [2024-07-02T11:58:39.078+0000] {dagbag.py:545} INFO - Filling up the DagBag from /home/airflow/.local/lib/python3.12/site-packages/airflow/example_dags/example_branch_labels.py
[2024-07-02T11:58:39.085+0000] {processor.py:840} INFO - DAG(s) 'example_branch_labels' retrieved from /home/airflow/.local/lib/python3.12/site-packages/airflow/example_dags/example_branch_labels.py
[2024-07-02T11:58:39.106+0000] {logging_mixin.py:188} INFO - [2024-07-02T11:58:39.106+0000] {dag.py:3096} INFO - Sync 1 DAGs
[2024-07-02T11:58:39.125+0000] {logging_mixin.py:188} INFO - [2024-07-02T11:58:39.125+0000] {dag.py:3954} INFO - Setting next_dagrun for example_branch_labels to 2024-07-01 00:00:00+00:00, run_after=2024-07-02 00:00:00+00:00
[2024-07-02T11:58:39.145+0000] {processor.py:183} INFO - Processing /home/airflow/.local/lib/python3.12/site-packages/airflow/example_dags/example_branch_labels.py took 0.074 seconds
[2024-07-02T11:59:09.669+0000] {processor.py:161} INFO - Started process (PID=1396) to work on /home/airflow/.local/lib/python3.12/site-packages/airflow/example_dags/example_branch_labels.py
[2024-07-02T11:59:09.670+0000] {processor.py:830} INFO - Processing file /home/airflow/.local/lib/python3.12/site-packages/airflow/example_dags/example_branch_labels.py for tasks to queue
[2024-07-02T11:59:09.671+0000] {logging_mixin.py:188} INFO - [2024-07-02T11:59:09.671+0000] {dagbag.py:545} INFO - Filling up the DagBag from /home/airflow/.local/lib/python3.12/site-packages/airflow/example_dags/example_branch_labels.py
[2024-07-02T11:59:09.677+0000] {processor.py:840} INFO - DAG(s) 'example_branch_labels' retrieved from /home/airflow/.local/lib/python3.12/site-packages/airflow/example_dags/example_branch_labels.py
[2024-07-02T11:59:09.694+0000] {logging_mixin.py:188} INFO - [2024-07-02T11:59:09.694+0000] {dag.py:3096} INFO - Sync 1 DAGs
[2024-07-02T11:59:09.710+0000] {logging_mixin.py:188} INFO - [2024-07-02T11:59:09.709+0000] {dag.py:3954} INFO - Setting next_dagrun for example_branch_labels to 2024-07-01 00:00:00+00:00, run_after=2024-07-02 00:00:00+00:00
[2024-07-02T11:59:09.729+0000] {processor.py:183} INFO - Processing /home/airflow/.local/lib/python3.12/site-packages/airflow/example_dags/example_branch_labels.py took 0.065 seconds
[2024-07-02T11:59:40.816+0000] {processor.py:161} INFO - Started process (PID=1459) to work on /home/airflow/.local/lib/python3.12/site-packages/airflow/example_dags/example_branch_labels.py
[2024-07-02T11:59:40.817+0000] {processor.py:830} INFO - Processing file /home/airflow/.local/lib/python3.12/site-packages/airflow/example_dags/example_branch_labels.py for tasks to queue
[2024-07-02T11:59:40.818+0000] {logging_mixin.py:188} INFO - [2024-07-02T11:59:40.818+0000] {dagbag.py:545} INFO - Filling up the DagBag from /home/airflow/.local/lib/python3.12/site-packages/airflow/example_dags/example_branch_labels.py
[2024-07-02T11:59:40.825+0000] {processor.py:840} INFO - DAG(s) 'example_branch_labels' retrieved from /home/airflow/.local/lib/python3.12/site-packages/airflow/example_dags/example_branch_labels.py
[2024-07-02T11:59:40.845+0000] {logging_mixin.py:188} INFO - [2024-07-02T11:59:40.844+0000] {dag.py:3096} INFO - Sync 1 DAGs
[2024-07-02T11:59:40.870+0000] {logging_mixin.py:188} INFO - [2024-07-02T11:59:40.870+0000] {dag.py:3954} INFO - Setting next_dagrun for example_branch_labels to 2024-07-01 00:00:00+00:00, run_after=2024-07-02 00:00:00+00:00
[2024-07-02T11:59:40.895+0000] {processor.py:183} INFO - Processing /home/airflow/.local/lib/python3.12/site-packages/airflow/example_dags/example_branch_labels.py took 0.084 seconds
[2024-07-02T12:00:11.537+0000] {processor.py:161} INFO - Started process (PID=1522) to work on /home/airflow/.local/lib/python3.12/site-packages/airflow/example_dags/example_branch_labels.py
[2024-07-02T12:00:11.538+0000] {processor.py:830} INFO - Processing file /home/airflow/.local/lib/python3.12/site-packages/airflow/example_dags/example_branch_labels.py for tasks to queue
[2024-07-02T12:00:11.539+0000] {logging_mixin.py:188} INFO - [2024-07-02T12:00:11.539+0000] {dagbag.py:545} INFO - Filling up the DagBag from /home/airflow/.local/lib/python3.12/site-packages/airflow/example_dags/example_branch_labels.py
[2024-07-02T12:00:11.545+0000] {processor.py:840} INFO - DAG(s) 'example_branch_labels' retrieved from /home/airflow/.local/lib/python3.12/site-packages/airflow/example_dags/example_branch_labels.py
[2024-07-02T12:00:11.566+0000] {logging_mixin.py:188} INFO - [2024-07-02T12:00:11.566+0000] {dag.py:3096} INFO - Sync 1 DAGs
[2024-07-02T12:00:11.585+0000] {logging_mixin.py:188} INFO - [2024-07-02T12:00:11.585+0000] {dag.py:3954} INFO - Setting next_dagrun for example_branch_labels to 2024-07-01 00:00:00+00:00, run_after=2024-07-02 00:00:00+00:00
[2024-07-02T12:00:11.605+0000] {processor.py:183} INFO - Processing /home/airflow/.local/lib/python3.12/site-packages/airflow/example_dags/example_branch_labels.py took 0.075 seconds
[2024-07-02T12:00:42.866+0000] {processor.py:161} INFO - Started process (PID=1585) to work on /home/airflow/.local/lib/python3.12/site-packages/airflow/example_dags/example_branch_labels.py
[2024-07-02T12:00:42.867+0000] {processor.py:830} INFO - Processing file /home/airflow/.local/lib/python3.12/site-packages/airflow/example_dags/example_branch_labels.py for tasks to queue
[2024-07-02T12:00:42.869+0000] {logging_mixin.py:188} INFO - [2024-07-02T12:00:42.869+0000] {dagbag.py:545} INFO - Filling up the DagBag from /home/airflow/.local/lib/python3.12/site-packages/airflow/example_dags/example_branch_labels.py
[2024-07-02T12:00:42.875+0000] {processor.py:840} INFO - DAG(s) 'example_branch_labels' retrieved from /home/airflow/.local/lib/python3.12/site-packages/airflow/example_dags/example_branch_labels.py
[2024-07-02T12:00:42.897+0000] {logging_mixin.py:188} INFO - [2024-07-02T12:00:42.897+0000] {dag.py:3096} INFO - Sync 1 DAGs
[2024-07-02T12:00:42.918+0000] {logging_mixin.py:188} INFO - [2024-07-02T12:00:42.917+0000] {dag.py:3954} INFO - Setting next_dagrun for example_branch_labels to 2024-07-01 00:00:00+00:00, run_after=2024-07-02 00:00:00+00:00
[2024-07-02T12:00:42.941+0000] {processor.py:183} INFO - Processing /home/airflow/.local/lib/python3.12/site-packages/airflow/example_dags/example_branch_labels.py took 0.082 seconds
[2024-07-02T12:01:13.466+0000] {processor.py:161} INFO - Started process (PID=1648) to work on /home/airflow/.local/lib/python3.12/site-packages/airflow/example_dags/example_branch_labels.py
[2024-07-02T12:01:13.467+0000] {processor.py:830} INFO - Processing file /home/airflow/.local/lib/python3.12/site-packages/airflow/example_dags/example_branch_labels.py for tasks to queue
[2024-07-02T12:01:13.468+0000] {logging_mixin.py:188} INFO - [2024-07-02T12:01:13.468+0000] {dagbag.py:545} INFO - Filling up the DagBag from /home/airflow/.local/lib/python3.12/site-packages/airflow/example_dags/example_branch_labels.py
[2024-07-02T12:01:13.475+0000] {processor.py:840} INFO - DAG(s) 'example_branch_labels' retrieved from /home/airflow/.local/lib/python3.12/site-packages/airflow/example_dags/example_branch_labels.py
[2024-07-02T12:01:13.495+0000] {logging_mixin.py:188} INFO - [2024-07-02T12:01:13.495+0000] {dag.py:3096} INFO - Sync 1 DAGs
[2024-07-02T12:01:13.515+0000] {logging_mixin.py:188} INFO - [2024-07-02T12:01:13.515+0000] {dag.py:3954} INFO - Setting next_dagrun for example_branch_labels to 2024-07-01 00:00:00+00:00, run_after=2024-07-02 00:00:00+00:00
[2024-07-02T12:01:13.535+0000] {processor.py:183} INFO - Processing /home/airflow/.local/lib/python3.12/site-packages/airflow/example_dags/example_branch_labels.py took 0.075 seconds
[2024-07-02T12:01:45.420+0000] {processor.py:161} INFO - Started process (PID=1711) to work on /home/airflow/.local/lib/python3.12/site-packages/airflow/example_dags/example_branch_labels.py
[2024-07-02T12:01:45.421+0000] {processor.py:830} INFO - Processing file /home/airflow/.local/lib/python3.12/site-packages/airflow/example_dags/example_branch_labels.py for tasks to queue
[2024-07-02T12:01:45.423+0000] {logging_mixin.py:188} INFO - [2024-07-02T12:01:45.422+0000] {dagbag.py:545} INFO - Filling up the DagBag from /home/airflow/.local/lib/python3.12/site-packages/airflow/example_dags/example_branch_labels.py
[2024-07-02T12:01:45.429+0000] {processor.py:840} INFO - DAG(s) 'example_branch_labels' retrieved from /home/airflow/.local/lib/python3.12/site-packages/airflow/example_dags/example_branch_labels.py
[2024-07-02T12:01:45.447+0000] {logging_mixin.py:188} INFO - [2024-07-02T12:01:45.447+0000] {dag.py:3096} INFO - Sync 1 DAGs
[2024-07-02T12:01:45.465+0000] {logging_mixin.py:188} INFO - [2024-07-02T12:01:45.465+0000] {dag.py:3954} INFO - Setting next_dagrun for example_branch_labels to 2024-07-01 00:00:00+00:00, run_after=2024-07-02 00:00:00+00:00
[2024-07-02T12:01:45.484+0000] {processor.py:183} INFO - Processing /home/airflow/.local/lib/python3.12/site-packages/airflow/example_dags/example_branch_labels.py took 0.072 seconds
[2024-07-02T12:02:16.214+0000] {processor.py:161} INFO - Started process (PID=1774) to work on /home/airflow/.local/lib/python3.12/site-packages/airflow/example_dags/example_branch_labels.py
[2024-07-02T12:02:16.216+0000] {processor.py:830} INFO - Processing file /home/airflow/.local/lib/python3.12/site-packages/airflow/example_dags/example_branch_labels.py for tasks to queue
[2024-07-02T12:02:16.217+0000] {logging_mixin.py:188} INFO - [2024-07-02T12:02:16.216+0000] {dagbag.py:545} INFO - Filling up the DagBag from /home/airflow/.local/lib/python3.12/site-packages/airflow/example_dags/example_branch_labels.py
[2024-07-02T12:02:16.223+0000] {processor.py:840} INFO - DAG(s) 'example_branch_labels' retrieved from /home/airflow/.local/lib/python3.12/site-packages/airflow/example_dags/example_branch_labels.py
[2024-07-02T12:02:16.241+0000] {logging_mixin.py:188} INFO - [2024-07-02T12:02:16.241+0000] {dag.py:3096} INFO - Sync 1 DAGs
[2024-07-02T12:02:16.259+0000] {logging_mixin.py:188} INFO - [2024-07-02T12:02:16.259+0000] {dag.py:3954} INFO - Setting next_dagrun for example_branch_labels to 2024-07-01 00:00:00+00:00, run_after=2024-07-02 00:00:00+00:00
[2024-07-02T12:02:16.275+0000] {processor.py:183} INFO - Processing /home/airflow/.local/lib/python3.12/site-packages/airflow/example_dags/example_branch_labels.py took 0.067 seconds
[2024-07-02T12:02:46.507+0000] {processor.py:161} INFO - Started process (PID=1837) to work on /home/airflow/.local/lib/python3.12/site-packages/airflow/example_dags/example_branch_labels.py
[2024-07-02T12:02:46.508+0000] {processor.py:830} INFO - Processing file /home/airflow/.local/lib/python3.12/site-packages/airflow/example_dags/example_branch_labels.py for tasks to queue
[2024-07-02T12:02:46.509+0000] {logging_mixin.py:188} INFO - [2024-07-02T12:02:46.509+0000] {dagbag.py:545} INFO - Filling up the DagBag from /home/airflow/.local/lib/python3.12/site-packages/airflow/example_dags/example_branch_labels.py
[2024-07-02T12:02:46.516+0000] {processor.py:840} INFO - DAG(s) 'example_branch_labels' retrieved from /home/airflow/.local/lib/python3.12/site-packages/airflow/example_dags/example_branch_labels.py
[2024-07-02T12:02:46.536+0000] {logging_mixin.py:188} INFO - [2024-07-02T12:02:46.536+0000] {dag.py:3096} INFO - Sync 1 DAGs
[2024-07-02T12:02:46.556+0000] {logging_mixin.py:188} INFO - [2024-07-02T12:02:46.555+0000] {dag.py:3954} INFO - Setting next_dagrun for example_branch_labels to 2024-07-01 00:00:00+00:00, run_after=2024-07-02 00:00:00+00:00
[2024-07-02T12:02:46.574+0000] {processor.py:183} INFO - Processing /home/airflow/.local/lib/python3.12/site-packages/airflow/example_dags/example_branch_labels.py took 0.075 seconds
[2024-07-02T12:03:17.089+0000] {processor.py:161} INFO - Started process (PID=1900) to work on /home/airflow/.local/lib/python3.12/site-packages/airflow/example_dags/example_branch_labels.py
[2024-07-02T12:03:17.091+0000] {processor.py:830} INFO - Processing file /home/airflow/.local/lib/python3.12/site-packages/airflow/example_dags/example_branch_labels.py for tasks to queue
[2024-07-02T12:03:17.092+0000] {logging_mixin.py:188} INFO - [2024-07-02T12:03:17.091+0000] {dagbag.py:545} INFO - Filling up the DagBag from /home/airflow/.local/lib/python3.12/site-packages/airflow/example_dags/example_branch_labels.py
[2024-07-02T12:03:17.098+0000] {processor.py:840} INFO - DAG(s) 'example_branch_labels' retrieved from /home/airflow/.local/lib/python3.12/site-packages/airflow/example_dags/example_branch_labels.py
[2024-07-02T12:03:17.118+0000] {logging_mixin.py:188} INFO - [2024-07-02T12:03:17.118+0000] {dag.py:3096} INFO - Sync 1 DAGs
[2024-07-02T12:03:17.137+0000] {logging_mixin.py:188} INFO - [2024-07-02T12:03:17.137+0000] {dag.py:3954} INFO - Setting next_dagrun for example_branch_labels to 2024-07-01 00:00:00+00:00, run_after=2024-07-02 00:00:00+00:00
[2024-07-02T12:03:17.156+0000] {processor.py:183} INFO - Processing /home/airflow/.local/lib/python3.12/site-packages/airflow/example_dags/example_branch_labels.py took 0.075 seconds
[2024-07-02T12:03:48.117+0000] {processor.py:161} INFO - Started process (PID=1963) to work on /home/airflow/.local/lib/python3.12/site-packages/airflow/example_dags/example_branch_labels.py
[2024-07-02T12:03:48.118+0000] {processor.py:830} INFO - Processing file /home/airflow/.local/lib/python3.12/site-packages/airflow/example_dags/example_branch_labels.py for tasks to queue
[2024-07-02T12:03:48.119+0000] {logging_mixin.py:188} INFO - [2024-07-02T12:03:48.119+0000] {dagbag.py:545} INFO - Filling up the DagBag from /home/airflow/.local/lib/python3.12/site-packages/airflow/example_dags/example_branch_labels.py
[2024-07-02T12:03:48.127+0000] {processor.py:840} INFO - DAG(s) 'example_branch_labels' retrieved from /home/airflow/.local/lib/python3.12/site-packages/airflow/example_dags/example_branch_labels.py
[2024-07-02T12:03:48.148+0000] {logging_mixin.py:188} INFO - [2024-07-02T12:03:48.148+0000] {dag.py:3096} INFO - Sync 1 DAGs
[2024-07-02T12:03:48.168+0000] {logging_mixin.py:188} INFO - [2024-07-02T12:03:48.168+0000] {dag.py:3954} INFO - Setting next_dagrun for example_branch_labels to 2024-07-01 00:00:00+00:00, run_after=2024-07-02 00:00:00+00:00
[2024-07-02T12:03:48.189+0000] {processor.py:183} INFO - Processing /home/airflow/.local/lib/python3.12/site-packages/airflow/example_dags/example_branch_labels.py took 0.082 seconds
[2024-07-02T12:04:18.614+0000] {processor.py:161} INFO - Started process (PID=2026) to work on /home/airflow/.local/lib/python3.12/site-packages/airflow/example_dags/example_branch_labels.py
[2024-07-02T12:04:18.615+0000] {processor.py:830} INFO - Processing file /home/airflow/.local/lib/python3.12/site-packages/airflow/example_dags/example_branch_labels.py for tasks to queue
[2024-07-02T12:04:18.616+0000] {logging_mixin.py:188} INFO - [2024-07-02T12:04:18.615+0000] {dagbag.py:545} INFO - Filling up the DagBag from /home/airflow/.local/lib/python3.12/site-packages/airflow/example_dags/example_branch_labels.py
[2024-07-02T12:04:18.622+0000] {processor.py:840} INFO - DAG(s) 'example_branch_labels' retrieved from /home/airflow/.local/lib/python3.12/site-packages/airflow/example_dags/example_branch_labels.py
[2024-07-02T12:04:18.643+0000] {logging_mixin.py:188} INFO - [2024-07-02T12:04:18.643+0000] {dag.py:3096} INFO - Sync 1 DAGs
[2024-07-02T12:04:18.665+0000] {logging_mixin.py:188} INFO - [2024-07-02T12:04:18.665+0000] {dag.py:3954} INFO - Setting next_dagrun for example_branch_labels to 2024-07-01 00:00:00+00:00, run_after=2024-07-02 00:00:00+00:00
[2024-07-02T12:04:18.684+0000] {processor.py:183} INFO - Processing /home/airflow/.local/lib/python3.12/site-packages/airflow/example_dags/example_branch_labels.py took 0.079 seconds
[2024-07-02T12:04:49.202+0000] {processor.py:161} INFO - Started process (PID=2088) to work on /home/airflow/.local/lib/python3.12/site-packages/airflow/example_dags/example_branch_labels.py
[2024-07-02T12:04:49.203+0000] {processor.py:830} INFO - Processing file /home/airflow/.local/lib/python3.12/site-packages/airflow/example_dags/example_branch_labels.py for tasks to queue
[2024-07-02T12:04:49.204+0000] {logging_mixin.py:188} INFO - [2024-07-02T12:04:49.204+0000] {dagbag.py:545} INFO - Filling up the DagBag from /home/airflow/.local/lib/python3.12/site-packages/airflow/example_dags/example_branch_labels.py
[2024-07-02T12:04:49.210+0000] {processor.py:840} INFO - DAG(s) 'example_branch_labels' retrieved from /home/airflow/.local/lib/python3.12/site-packages/airflow/example_dags/example_branch_labels.py
[2024-07-02T12:04:49.231+0000] {logging_mixin.py:188} INFO - [2024-07-02T12:04:49.231+0000] {dag.py:3096} INFO - Sync 1 DAGs
[2024-07-02T12:04:49.253+0000] {logging_mixin.py:188} INFO - [2024-07-02T12:04:49.252+0000] {dag.py:3954} INFO - Setting next_dagrun for example_branch_labels to 2024-07-01 00:00:00+00:00, run_after=2024-07-02 00:00:00+00:00
[2024-07-02T12:04:49.275+0000] {processor.py:183} INFO - Processing /home/airflow/.local/lib/python3.12/site-packages/airflow/example_dags/example_branch_labels.py took 0.081 seconds
[2024-07-02T12:05:19.914+0000] {processor.py:161} INFO - Started process (PID=2151) to work on /home/airflow/.local/lib/python3.12/site-packages/airflow/example_dags/example_branch_labels.py
[2024-07-02T12:05:19.916+0000] {processor.py:830} INFO - Processing file /home/airflow/.local/lib/python3.12/site-packages/airflow/example_dags/example_branch_labels.py for tasks to queue
[2024-07-02T12:05:19.917+0000] {logging_mixin.py:188} INFO - [2024-07-02T12:05:19.917+0000] {dagbag.py:545} INFO - Filling up the DagBag from /home/airflow/.local/lib/python3.12/site-packages/airflow/example_dags/example_branch_labels.py
[2024-07-02T12:05:19.923+0000] {processor.py:840} INFO - DAG(s) 'example_branch_labels' retrieved from /home/airflow/.local/lib/python3.12/site-packages/airflow/example_dags/example_branch_labels.py
[2024-07-02T12:05:19.942+0000] {logging_mixin.py:188} INFO - [2024-07-02T12:05:19.942+0000] {dag.py:3096} INFO - Sync 1 DAGs
[2024-07-02T12:05:19.963+0000] {logging_mixin.py:188} INFO - [2024-07-02T12:05:19.963+0000] {dag.py:3954} INFO - Setting next_dagrun for example_branch_labels to 2024-07-01 00:00:00+00:00, run_after=2024-07-02 00:00:00+00:00
[2024-07-02T12:05:19.985+0000] {processor.py:183} INFO - Processing /home/airflow/.local/lib/python3.12/site-packages/airflow/example_dags/example_branch_labels.py took 0.079 seconds
[2024-07-02T12:07:43.492+0000] {processor.py:161} INFO - Started process (PID=59) to work on /home/airflow/.local/lib/python3.12/site-packages/airflow/example_dags/example_branch_labels.py
[2024-07-02T12:07:43.493+0000] {processor.py:830} INFO - Processing file /home/airflow/.local/lib/python3.12/site-packages/airflow/example_dags/example_branch_labels.py for tasks to queue
[2024-07-02T12:07:43.496+0000] {logging_mixin.py:188} INFO - [2024-07-02T12:07:43.495+0000] {dagbag.py:545} INFO - Filling up the DagBag from /home/airflow/.local/lib/python3.12/site-packages/airflow/example_dags/example_branch_labels.py
[2024-07-02T12:07:43.504+0000] {processor.py:840} INFO - DAG(s) 'example_branch_labels' retrieved from /home/airflow/.local/lib/python3.12/site-packages/airflow/example_dags/example_branch_labels.py
[2024-07-02T12:07:43.517+0000] {logging_mixin.py:188} INFO - [2024-07-02T12:07:43.517+0000] {dag.py:3096} INFO - Sync 1 DAGs
[2024-07-02T12:07:43.540+0000] {logging_mixin.py:188} INFO - [2024-07-02T12:07:43.540+0000] {dag.py:3954} INFO - Setting next_dagrun for example_branch_labels to 2024-07-01 00:00:00+00:00, run_after=2024-07-02 00:00:00+00:00
[2024-07-02T12:07:43.564+0000] {processor.py:183} INFO - Processing /home/airflow/.local/lib/python3.12/site-packages/airflow/example_dags/example_branch_labels.py took 0.078 seconds
[2024-07-02T12:08:14.590+0000] {processor.py:161} INFO - Started process (PID=122) to work on /home/airflow/.local/lib/python3.12/site-packages/airflow/example_dags/example_branch_labels.py
[2024-07-02T12:08:14.591+0000] {processor.py:830} INFO - Processing file /home/airflow/.local/lib/python3.12/site-packages/airflow/example_dags/example_branch_labels.py for tasks to queue
[2024-07-02T12:08:14.593+0000] {logging_mixin.py:188} INFO - [2024-07-02T12:08:14.593+0000] {dagbag.py:545} INFO - Filling up the DagBag from /home/airflow/.local/lib/python3.12/site-packages/airflow/example_dags/example_branch_labels.py
[2024-07-02T12:08:14.600+0000] {processor.py:840} INFO - DAG(s) 'example_branch_labels' retrieved from /home/airflow/.local/lib/python3.12/site-packages/airflow/example_dags/example_branch_labels.py
[2024-07-02T12:08:14.680+0000] {logging_mixin.py:188} INFO - [2024-07-02T12:08:14.679+0000] {dag.py:3096} INFO - Sync 1 DAGs
[2024-07-02T12:08:14.697+0000] {logging_mixin.py:188} INFO - [2024-07-02T12:08:14.697+0000] {dag.py:3954} INFO - Setting next_dagrun for example_branch_labels to 2024-07-01 00:00:00+00:00, run_after=2024-07-02 00:00:00+00:00
[2024-07-02T12:08:14.714+0000] {processor.py:183} INFO - Processing /home/airflow/.local/lib/python3.12/site-packages/airflow/example_dags/example_branch_labels.py took 0.131 seconds
[2024-07-02T12:08:45.406+0000] {processor.py:161} INFO - Started process (PID=185) to work on /home/airflow/.local/lib/python3.12/site-packages/airflow/example_dags/example_branch_labels.py
[2024-07-02T12:08:45.407+0000] {processor.py:830} INFO - Processing file /home/airflow/.local/lib/python3.12/site-packages/airflow/example_dags/example_branch_labels.py for tasks to queue
[2024-07-02T12:08:45.409+0000] {logging_mixin.py:188} INFO - [2024-07-02T12:08:45.409+0000] {dagbag.py:545} INFO - Filling up the DagBag from /home/airflow/.local/lib/python3.12/site-packages/airflow/example_dags/example_branch_labels.py
[2024-07-02T12:08:45.415+0000] {processor.py:840} INFO - DAG(s) 'example_branch_labels' retrieved from /home/airflow/.local/lib/python3.12/site-packages/airflow/example_dags/example_branch_labels.py
[2024-07-02T12:08:45.436+0000] {logging_mixin.py:188} INFO - [2024-07-02T12:08:45.435+0000] {dag.py:3096} INFO - Sync 1 DAGs
[2024-07-02T12:08:45.456+0000] {logging_mixin.py:188} INFO - [2024-07-02T12:08:45.456+0000] {dag.py:3954} INFO - Setting next_dagrun for example_branch_labels to 2024-07-01 00:00:00+00:00, run_after=2024-07-02 00:00:00+00:00
[2024-07-02T12:08:45.480+0000] {processor.py:183} INFO - Processing /home/airflow/.local/lib/python3.12/site-packages/airflow/example_dags/example_branch_labels.py took 0.080 seconds
[2024-07-02T12:09:16.241+0000] {processor.py:161} INFO - Started process (PID=248) to work on /home/airflow/.local/lib/python3.12/site-packages/airflow/example_dags/example_branch_labels.py
[2024-07-02T12:09:16.242+0000] {processor.py:830} INFO - Processing file /home/airflow/.local/lib/python3.12/site-packages/airflow/example_dags/example_branch_labels.py for tasks to queue
[2024-07-02T12:09:16.244+0000] {logging_mixin.py:188} INFO - [2024-07-02T12:09:16.244+0000] {dagbag.py:545} INFO - Filling up the DagBag from /home/airflow/.local/lib/python3.12/site-packages/airflow/example_dags/example_branch_labels.py
[2024-07-02T12:09:16.252+0000] {processor.py:840} INFO - DAG(s) 'example_branch_labels' retrieved from /home/airflow/.local/lib/python3.12/site-packages/airflow/example_dags/example_branch_labels.py
[2024-07-02T12:09:16.269+0000] {logging_mixin.py:188} INFO - [2024-07-02T12:09:16.269+0000] {dag.py:3096} INFO - Sync 1 DAGs
[2024-07-02T12:09:16.298+0000] {logging_mixin.py:188} INFO - [2024-07-02T12:09:16.298+0000] {dag.py:3954} INFO - Setting next_dagrun for example_branch_labels to 2024-07-01 00:00:00+00:00, run_after=2024-07-02 00:00:00+00:00
[2024-07-02T12:09:16.327+0000] {processor.py:183} INFO - Processing /home/airflow/.local/lib/python3.12/site-packages/airflow/example_dags/example_branch_labels.py took 0.094 seconds
[2024-07-02T12:09:48.050+0000] {processor.py:161} INFO - Started process (PID=311) to work on /home/airflow/.local/lib/python3.12/site-packages/airflow/example_dags/example_branch_labels.py
[2024-07-02T12:09:48.052+0000] {processor.py:830} INFO - Processing file /home/airflow/.local/lib/python3.12/site-packages/airflow/example_dags/example_branch_labels.py for tasks to queue
[2024-07-02T12:09:48.054+0000] {logging_mixin.py:188} INFO - [2024-07-02T12:09:48.054+0000] {dagbag.py:545} INFO - Filling up the DagBag from /home/airflow/.local/lib/python3.12/site-packages/airflow/example_dags/example_branch_labels.py
[2024-07-02T12:09:48.062+0000] {processor.py:840} INFO - DAG(s) 'example_branch_labels' retrieved from /home/airflow/.local/lib/python3.12/site-packages/airflow/example_dags/example_branch_labels.py
[2024-07-02T12:09:48.145+0000] {logging_mixin.py:188} INFO - [2024-07-02T12:09:48.145+0000] {dag.py:3096} INFO - Sync 1 DAGs
[2024-07-02T12:09:48.163+0000] {logging_mixin.py:188} INFO - [2024-07-02T12:09:48.163+0000] {dag.py:3954} INFO - Setting next_dagrun for example_branch_labels to 2024-07-01 00:00:00+00:00, run_after=2024-07-02 00:00:00+00:00
[2024-07-02T12:09:48.188+0000] {processor.py:183} INFO - Processing /home/airflow/.local/lib/python3.12/site-packages/airflow/example_dags/example_branch_labels.py took 0.144 seconds
[2024-07-02T12:10:18.262+0000] {processor.py:161} INFO - Started process (PID=374) to work on /home/airflow/.local/lib/python3.12/site-packages/airflow/example_dags/example_branch_labels.py
[2024-07-02T12:10:18.263+0000] {processor.py:830} INFO - Processing file /home/airflow/.local/lib/python3.12/site-packages/airflow/example_dags/example_branch_labels.py for tasks to queue
[2024-07-02T12:10:18.264+0000] {logging_mixin.py:188} INFO - [2024-07-02T12:10:18.264+0000] {dagbag.py:545} INFO - Filling up the DagBag from /home/airflow/.local/lib/python3.12/site-packages/airflow/example_dags/example_branch_labels.py
[2024-07-02T12:10:18.271+0000] {processor.py:840} INFO - DAG(s) 'example_branch_labels' retrieved from /home/airflow/.local/lib/python3.12/site-packages/airflow/example_dags/example_branch_labels.py
[2024-07-02T12:10:18.293+0000] {logging_mixin.py:188} INFO - [2024-07-02T12:10:18.292+0000] {dag.py:3096} INFO - Sync 1 DAGs
[2024-07-02T12:10:18.317+0000] {logging_mixin.py:188} INFO - [2024-07-02T12:10:18.317+0000] {dag.py:3954} INFO - Setting next_dagrun for example_branch_labels to 2024-07-01 00:00:00+00:00, run_after=2024-07-02 00:00:00+00:00
[2024-07-02T12:10:18.337+0000] {processor.py:183} INFO - Processing /home/airflow/.local/lib/python3.12/site-packages/airflow/example_dags/example_branch_labels.py took 0.082 seconds
[2024-07-02T12:10:49.030+0000] {processor.py:161} INFO - Started process (PID=437) to work on /home/airflow/.local/lib/python3.12/site-packages/airflow/example_dags/example_branch_labels.py
[2024-07-02T12:10:49.031+0000] {processor.py:830} INFO - Processing file /home/airflow/.local/lib/python3.12/site-packages/airflow/example_dags/example_branch_labels.py for tasks to queue
[2024-07-02T12:10:49.033+0000] {logging_mixin.py:188} INFO - [2024-07-02T12:10:49.033+0000] {dagbag.py:545} INFO - Filling up the DagBag from /home/airflow/.local/lib/python3.12/site-packages/airflow/example_dags/example_branch_labels.py
[2024-07-02T12:10:49.039+0000] {processor.py:840} INFO - DAG(s) 'example_branch_labels' retrieved from /home/airflow/.local/lib/python3.12/site-packages/airflow/example_dags/example_branch_labels.py
[2024-07-02T12:10:49.058+0000] {logging_mixin.py:188} INFO - [2024-07-02T12:10:49.057+0000] {dag.py:3096} INFO - Sync 1 DAGs
[2024-07-02T12:10:49.075+0000] {logging_mixin.py:188} INFO - [2024-07-02T12:10:49.075+0000] {dag.py:3954} INFO - Setting next_dagrun for example_branch_labels to 2024-07-01 00:00:00+00:00, run_after=2024-07-02 00:00:00+00:00
[2024-07-02T12:10:49.096+0000] {processor.py:183} INFO - Processing /home/airflow/.local/lib/python3.12/site-packages/airflow/example_dags/example_branch_labels.py took 0.071 seconds
[2024-07-02T12:11:19.648+0000] {processor.py:161} INFO - Started process (PID=501) to work on /home/airflow/.local/lib/python3.12/site-packages/airflow/example_dags/example_branch_labels.py
[2024-07-02T12:11:19.650+0000] {processor.py:830} INFO - Processing file /home/airflow/.local/lib/python3.12/site-packages/airflow/example_dags/example_branch_labels.py for tasks to queue
[2024-07-02T12:11:19.652+0000] {logging_mixin.py:188} INFO - [2024-07-02T12:11:19.651+0000] {dagbag.py:545} INFO - Filling up the DagBag from /home/airflow/.local/lib/python3.12/site-packages/airflow/example_dags/example_branch_labels.py
[2024-07-02T12:11:19.658+0000] {processor.py:840} INFO - DAG(s) 'example_branch_labels' retrieved from /home/airflow/.local/lib/python3.12/site-packages/airflow/example_dags/example_branch_labels.py
[2024-07-02T12:11:19.677+0000] {logging_mixin.py:188} INFO - [2024-07-02T12:11:19.677+0000] {dag.py:3096} INFO - Sync 1 DAGs
[2024-07-02T12:11:19.695+0000] {logging_mixin.py:188} INFO - [2024-07-02T12:11:19.695+0000] {dag.py:3954} INFO - Setting next_dagrun for example_branch_labels to 2024-07-01 00:00:00+00:00, run_after=2024-07-02 00:00:00+00:00
[2024-07-02T12:11:19.715+0000] {processor.py:183} INFO - Processing /home/airflow/.local/lib/python3.12/site-packages/airflow/example_dags/example_branch_labels.py took 0.072 seconds
[2024-07-02T12:11:50.717+0000] {processor.py:161} INFO - Started process (PID=564) to work on /home/airflow/.local/lib/python3.12/site-packages/airflow/example_dags/example_branch_labels.py
[2024-07-02T12:11:50.718+0000] {processor.py:830} INFO - Processing file /home/airflow/.local/lib/python3.12/site-packages/airflow/example_dags/example_branch_labels.py for tasks to queue
[2024-07-02T12:11:50.720+0000] {logging_mixin.py:188} INFO - [2024-07-02T12:11:50.719+0000] {dagbag.py:545} INFO - Filling up the DagBag from /home/airflow/.local/lib/python3.12/site-packages/airflow/example_dags/example_branch_labels.py
[2024-07-02T12:11:50.728+0000] {processor.py:840} INFO - DAG(s) 'example_branch_labels' retrieved from /home/airflow/.local/lib/python3.12/site-packages/airflow/example_dags/example_branch_labels.py
[2024-07-02T12:11:50.750+0000] {logging_mixin.py:188} INFO - [2024-07-02T12:11:50.750+0000] {dag.py:3096} INFO - Sync 1 DAGs
[2024-07-02T12:11:50.773+0000] {logging_mixin.py:188} INFO - [2024-07-02T12:11:50.773+0000] {dag.py:3954} INFO - Setting next_dagrun for example_branch_labels to 2024-07-01 00:00:00+00:00, run_after=2024-07-02 00:00:00+00:00
[2024-07-02T12:11:50.795+0000] {processor.py:183} INFO - Processing /home/airflow/.local/lib/python3.12/site-packages/airflow/example_dags/example_branch_labels.py took 0.085 seconds
[2024-07-02T12:12:21.705+0000] {processor.py:161} INFO - Started process (PID=627) to work on /home/airflow/.local/lib/python3.12/site-packages/airflow/example_dags/example_branch_labels.py
[2024-07-02T12:12:21.706+0000] {processor.py:830} INFO - Processing file /home/airflow/.local/lib/python3.12/site-packages/airflow/example_dags/example_branch_labels.py for tasks to queue
[2024-07-02T12:12:21.708+0000] {logging_mixin.py:188} INFO - [2024-07-02T12:12:21.708+0000] {dagbag.py:545} INFO - Filling up the DagBag from /home/airflow/.local/lib/python3.12/site-packages/airflow/example_dags/example_branch_labels.py
[2024-07-02T12:12:21.715+0000] {processor.py:840} INFO - DAG(s) 'example_branch_labels' retrieved from /home/airflow/.local/lib/python3.12/site-packages/airflow/example_dags/example_branch_labels.py
[2024-07-02T12:12:21.735+0000] {logging_mixin.py:188} INFO - [2024-07-02T12:12:21.735+0000] {dag.py:3096} INFO - Sync 1 DAGs
[2024-07-02T12:12:21.756+0000] {logging_mixin.py:188} INFO - [2024-07-02T12:12:21.755+0000] {dag.py:3954} INFO - Setting next_dagrun for example_branch_labels to 2024-07-01 00:00:00+00:00, run_after=2024-07-02 00:00:00+00:00
[2024-07-02T12:12:21.775+0000] {processor.py:183} INFO - Processing /home/airflow/.local/lib/python3.12/site-packages/airflow/example_dags/example_branch_labels.py took 0.077 seconds
[2024-07-02T12:12:53.201+0000] {processor.py:161} INFO - Started process (PID=690) to work on /home/airflow/.local/lib/python3.12/site-packages/airflow/example_dags/example_branch_labels.py
[2024-07-02T12:12:53.202+0000] {processor.py:830} INFO - Processing file /home/airflow/.local/lib/python3.12/site-packages/airflow/example_dags/example_branch_labels.py for tasks to queue
[2024-07-02T12:12:53.205+0000] {logging_mixin.py:188} INFO - [2024-07-02T12:12:53.204+0000] {dagbag.py:545} INFO - Filling up the DagBag from /home/airflow/.local/lib/python3.12/site-packages/airflow/example_dags/example_branch_labels.py
[2024-07-02T12:12:53.212+0000] {processor.py:840} INFO - DAG(s) 'example_branch_labels' retrieved from /home/airflow/.local/lib/python3.12/site-packages/airflow/example_dags/example_branch_labels.py
[2024-07-02T12:12:53.233+0000] {logging_mixin.py:188} INFO - [2024-07-02T12:12:53.232+0000] {dag.py:3096} INFO - Sync 1 DAGs
[2024-07-02T12:12:53.253+0000] {logging_mixin.py:188} INFO - [2024-07-02T12:12:53.253+0000] {dag.py:3954} INFO - Setting next_dagrun for example_branch_labels to 2024-07-01 00:00:00+00:00, run_after=2024-07-02 00:00:00+00:00
[2024-07-02T12:12:53.276+0000] {processor.py:183} INFO - Processing /home/airflow/.local/lib/python3.12/site-packages/airflow/example_dags/example_branch_labels.py took 0.082 seconds
[2024-07-02T12:13:24.466+0000] {processor.py:161} INFO - Started process (PID=753) to work on /home/airflow/.local/lib/python3.12/site-packages/airflow/example_dags/example_branch_labels.py
[2024-07-02T12:13:24.467+0000] {processor.py:830} INFO - Processing file /home/airflow/.local/lib/python3.12/site-packages/airflow/example_dags/example_branch_labels.py for tasks to queue
[2024-07-02T12:13:24.469+0000] {logging_mixin.py:188} INFO - [2024-07-02T12:13:24.469+0000] {dagbag.py:545} INFO - Filling up the DagBag from /home/airflow/.local/lib/python3.12/site-packages/airflow/example_dags/example_branch_labels.py
[2024-07-02T12:13:24.476+0000] {processor.py:840} INFO - DAG(s) 'example_branch_labels' retrieved from /home/airflow/.local/lib/python3.12/site-packages/airflow/example_dags/example_branch_labels.py
[2024-07-02T12:13:24.498+0000] {logging_mixin.py:188} INFO - [2024-07-02T12:13:24.497+0000] {dag.py:3096} INFO - Sync 1 DAGs
[2024-07-02T12:13:24.521+0000] {logging_mixin.py:188} INFO - [2024-07-02T12:13:24.521+0000] {dag.py:3954} INFO - Setting next_dagrun for example_branch_labels to 2024-07-01 00:00:00+00:00, run_after=2024-07-02 00:00:00+00:00
[2024-07-02T12:13:24.547+0000] {processor.py:183} INFO - Processing /home/airflow/.local/lib/python3.12/site-packages/airflow/example_dags/example_branch_labels.py took 0.086 seconds
[2024-07-02T12:13:54.726+0000] {processor.py:161} INFO - Started process (PID=816) to work on /home/airflow/.local/lib/python3.12/site-packages/airflow/example_dags/example_branch_labels.py
[2024-07-02T12:13:54.727+0000] {processor.py:830} INFO - Processing file /home/airflow/.local/lib/python3.12/site-packages/airflow/example_dags/example_branch_labels.py for tasks to queue
[2024-07-02T12:13:54.729+0000] {logging_mixin.py:188} INFO - [2024-07-02T12:13:54.729+0000] {dagbag.py:545} INFO - Filling up the DagBag from /home/airflow/.local/lib/python3.12/site-packages/airflow/example_dags/example_branch_labels.py
[2024-07-02T12:13:54.735+0000] {processor.py:840} INFO - DAG(s) 'example_branch_labels' retrieved from /home/airflow/.local/lib/python3.12/site-packages/airflow/example_dags/example_branch_labels.py
[2024-07-02T12:13:54.756+0000] {logging_mixin.py:188} INFO - [2024-07-02T12:13:54.756+0000] {dag.py:3096} INFO - Sync 1 DAGs
[2024-07-02T12:13:54.776+0000] {logging_mixin.py:188} INFO - [2024-07-02T12:13:54.776+0000] {dag.py:3954} INFO - Setting next_dagrun for example_branch_labels to 2024-07-01 00:00:00+00:00, run_after=2024-07-02 00:00:00+00:00
[2024-07-02T12:13:54.798+0000] {processor.py:183} INFO - Processing /home/airflow/.local/lib/python3.12/site-packages/airflow/example_dags/example_branch_labels.py took 0.077 seconds
[2024-07-02T12:14:25.907+0000] {processor.py:161} INFO - Started process (PID=879) to work on /home/airflow/.local/lib/python3.12/site-packages/airflow/example_dags/example_branch_labels.py
[2024-07-02T12:14:25.910+0000] {processor.py:830} INFO - Processing file /home/airflow/.local/lib/python3.12/site-packages/airflow/example_dags/example_branch_labels.py for tasks to queue
[2024-07-02T12:14:25.913+0000] {logging_mixin.py:188} INFO - [2024-07-02T12:14:25.913+0000] {dagbag.py:545} INFO - Filling up the DagBag from /home/airflow/.local/lib/python3.12/site-packages/airflow/example_dags/example_branch_labels.py
[2024-07-02T12:14:25.923+0000] {processor.py:840} INFO - DAG(s) 'example_branch_labels' retrieved from /home/airflow/.local/lib/python3.12/site-packages/airflow/example_dags/example_branch_labels.py
[2024-07-02T12:14:25.940+0000] {logging_mixin.py:188} INFO - [2024-07-02T12:14:25.939+0000] {dag.py:3096} INFO - Sync 1 DAGs
[2024-07-02T12:14:25.964+0000] {logging_mixin.py:188} INFO - [2024-07-02T12:14:25.964+0000] {dag.py:3954} INFO - Setting next_dagrun for example_branch_labels to 2024-07-01 00:00:00+00:00, run_after=2024-07-02 00:00:00+00:00
[2024-07-02T12:14:25.992+0000] {processor.py:183} INFO - Processing /home/airflow/.local/lib/python3.12/site-packages/airflow/example_dags/example_branch_labels.py took 0.094 seconds
[2024-07-02T12:14:57.175+0000] {processor.py:161} INFO - Started process (PID=942) to work on /home/airflow/.local/lib/python3.12/site-packages/airflow/example_dags/example_branch_labels.py
[2024-07-02T12:14:57.176+0000] {processor.py:830} INFO - Processing file /home/airflow/.local/lib/python3.12/site-packages/airflow/example_dags/example_branch_labels.py for tasks to queue
[2024-07-02T12:14:57.178+0000] {logging_mixin.py:188} INFO - [2024-07-02T12:14:57.178+0000] {dagbag.py:545} INFO - Filling up the DagBag from /home/airflow/.local/lib/python3.12/site-packages/airflow/example_dags/example_branch_labels.py
[2024-07-02T12:14:57.185+0000] {processor.py:840} INFO - DAG(s) 'example_branch_labels' retrieved from /home/airflow/.local/lib/python3.12/site-packages/airflow/example_dags/example_branch_labels.py
[2024-07-02T12:14:57.286+0000] {logging_mixin.py:188} INFO - [2024-07-02T12:14:57.286+0000] {dag.py:3096} INFO - Sync 1 DAGs
[2024-07-02T12:14:57.306+0000] {logging_mixin.py:188} INFO - [2024-07-02T12:14:57.306+0000] {dag.py:3954} INFO - Setting next_dagrun for example_branch_labels to 2024-07-01 00:00:00+00:00, run_after=2024-07-02 00:00:00+00:00
[2024-07-02T12:14:57.334+0000] {processor.py:183} INFO - Processing /home/airflow/.local/lib/python3.12/site-packages/airflow/example_dags/example_branch_labels.py took 0.165 seconds
[2024-07-02T12:15:27.430+0000] {processor.py:161} INFO - Started process (PID=1005) to work on /home/airflow/.local/lib/python3.12/site-packages/airflow/example_dags/example_branch_labels.py
[2024-07-02T12:15:27.432+0000] {processor.py:830} INFO - Processing file /home/airflow/.local/lib/python3.12/site-packages/airflow/example_dags/example_branch_labels.py for tasks to queue
[2024-07-02T12:15:27.434+0000] {logging_mixin.py:188} INFO - [2024-07-02T12:15:27.434+0000] {dagbag.py:545} INFO - Filling up the DagBag from /home/airflow/.local/lib/python3.12/site-packages/airflow/example_dags/example_branch_labels.py
[2024-07-02T12:15:27.441+0000] {processor.py:840} INFO - DAG(s) 'example_branch_labels' retrieved from /home/airflow/.local/lib/python3.12/site-packages/airflow/example_dags/example_branch_labels.py
[2024-07-02T12:15:27.465+0000] {logging_mixin.py:188} INFO - [2024-07-02T12:15:27.464+0000] {dag.py:3096} INFO - Sync 1 DAGs
[2024-07-02T12:15:27.487+0000] {logging_mixin.py:188} INFO - [2024-07-02T12:15:27.487+0000] {dag.py:3954} INFO - Setting next_dagrun for example_branch_labels to 2024-07-01 00:00:00+00:00, run_after=2024-07-02 00:00:00+00:00
[2024-07-02T12:15:27.506+0000] {processor.py:183} INFO - Processing /home/airflow/.local/lib/python3.12/site-packages/airflow/example_dags/example_branch_labels.py took 0.081 seconds
[2024-07-02T12:18:52.906+0000] {processor.py:161} INFO - Started process (PID=62) to work on /home/airflow/.local/lib/python3.12/site-packages/airflow/example_dags/example_branch_labels.py
[2024-07-02T12:18:52.909+0000] {processor.py:830} INFO - Processing file /home/airflow/.local/lib/python3.12/site-packages/airflow/example_dags/example_branch_labels.py for tasks to queue
[2024-07-02T12:18:52.911+0000] {logging_mixin.py:188} INFO - [2024-07-02T12:18:52.911+0000] {dagbag.py:545} INFO - Filling up the DagBag from /home/airflow/.local/lib/python3.12/site-packages/airflow/example_dags/example_branch_labels.py
[2024-07-02T12:18:52.919+0000] {processor.py:840} INFO - DAG(s) 'example_branch_labels' retrieved from /home/airflow/.local/lib/python3.12/site-packages/airflow/example_dags/example_branch_labels.py
[2024-07-02T12:18:52.935+0000] {logging_mixin.py:188} INFO - [2024-07-02T12:18:52.934+0000] {dag.py:3096} INFO - Sync 1 DAGs
[2024-07-02T12:18:52.958+0000] {logging_mixin.py:188} INFO - [2024-07-02T12:18:52.958+0000] {dag.py:3954} INFO - Setting next_dagrun for example_branch_labels to 2024-07-01 00:00:00+00:00, run_after=2024-07-02 00:00:00+00:00
[2024-07-02T12:18:52.983+0000] {processor.py:183} INFO - Processing /home/airflow/.local/lib/python3.12/site-packages/airflow/example_dags/example_branch_labels.py took 0.082 seconds
[2024-07-02T12:19:24.938+0000] {processor.py:161} INFO - Started process (PID=125) to work on /home/airflow/.local/lib/python3.12/site-packages/airflow/example_dags/example_branch_labels.py
[2024-07-02T12:19:24.939+0000] {processor.py:830} INFO - Processing file /home/airflow/.local/lib/python3.12/site-packages/airflow/example_dags/example_branch_labels.py for tasks to queue
[2024-07-02T12:19:24.942+0000] {logging_mixin.py:188} INFO - [2024-07-02T12:19:24.941+0000] {dagbag.py:545} INFO - Filling up the DagBag from /home/airflow/.local/lib/python3.12/site-packages/airflow/example_dags/example_branch_labels.py
[2024-07-02T12:19:24.949+0000] {processor.py:840} INFO - DAG(s) 'example_branch_labels' retrieved from /home/airflow/.local/lib/python3.12/site-packages/airflow/example_dags/example_branch_labels.py
[2024-07-02T12:19:25.046+0000] {logging_mixin.py:188} INFO - [2024-07-02T12:19:25.046+0000] {dag.py:3096} INFO - Sync 1 DAGs
[2024-07-02T12:19:25.070+0000] {logging_mixin.py:188} INFO - [2024-07-02T12:19:25.070+0000] {dag.py:3954} INFO - Setting next_dagrun for example_branch_labels to 2024-07-01 00:00:00+00:00, run_after=2024-07-02 00:00:00+00:00
[2024-07-02T12:19:25.100+0000] {processor.py:183} INFO - Processing /home/airflow/.local/lib/python3.12/site-packages/airflow/example_dags/example_branch_labels.py took 0.168 seconds
[2024-07-02T12:19:55.143+0000] {processor.py:161} INFO - Started process (PID=188) to work on /home/airflow/.local/lib/python3.12/site-packages/airflow/example_dags/example_branch_labels.py
[2024-07-02T12:19:55.144+0000] {processor.py:830} INFO - Processing file /home/airflow/.local/lib/python3.12/site-packages/airflow/example_dags/example_branch_labels.py for tasks to queue
[2024-07-02T12:19:55.146+0000] {logging_mixin.py:188} INFO - [2024-07-02T12:19:55.146+0000] {dagbag.py:545} INFO - Filling up the DagBag from /home/airflow/.local/lib/python3.12/site-packages/airflow/example_dags/example_branch_labels.py
[2024-07-02T12:19:55.152+0000] {processor.py:840} INFO - DAG(s) 'example_branch_labels' retrieved from /home/airflow/.local/lib/python3.12/site-packages/airflow/example_dags/example_branch_labels.py
[2024-07-02T12:19:55.172+0000] {logging_mixin.py:188} INFO - [2024-07-02T12:19:55.172+0000] {dag.py:3096} INFO - Sync 1 DAGs
[2024-07-02T12:19:55.191+0000] {logging_mixin.py:188} INFO - [2024-07-02T12:19:55.191+0000] {dag.py:3954} INFO - Setting next_dagrun for example_branch_labels to 2024-07-01 00:00:00+00:00, run_after=2024-07-02 00:00:00+00:00
[2024-07-02T12:19:55.212+0000] {processor.py:183} INFO - Processing /home/airflow/.local/lib/python3.12/site-packages/airflow/example_dags/example_branch_labels.py took 0.072 seconds
[2024-07-02T12:20:25.698+0000] {processor.py:161} INFO - Started process (PID=251) to work on /home/airflow/.local/lib/python3.12/site-packages/airflow/example_dags/example_branch_labels.py
[2024-07-02T12:20:25.699+0000] {processor.py:830} INFO - Processing file /home/airflow/.local/lib/python3.12/site-packages/airflow/example_dags/example_branch_labels.py for tasks to queue
[2024-07-02T12:20:25.701+0000] {logging_mixin.py:188} INFO - [2024-07-02T12:20:25.701+0000] {dagbag.py:545} INFO - Filling up the DagBag from /home/airflow/.local/lib/python3.12/site-packages/airflow/example_dags/example_branch_labels.py
[2024-07-02T12:20:25.707+0000] {processor.py:840} INFO - DAG(s) 'example_branch_labels' retrieved from /home/airflow/.local/lib/python3.12/site-packages/airflow/example_dags/example_branch_labels.py
[2024-07-02T12:20:25.726+0000] {logging_mixin.py:188} INFO - [2024-07-02T12:20:25.726+0000] {dag.py:3096} INFO - Sync 1 DAGs
[2024-07-02T12:20:25.745+0000] {logging_mixin.py:188} INFO - [2024-07-02T12:20:25.745+0000] {dag.py:3954} INFO - Setting next_dagrun for example_branch_labels to 2024-07-01 00:00:00+00:00, run_after=2024-07-02 00:00:00+00:00
[2024-07-02T12:20:25.764+0000] {processor.py:183} INFO - Processing /home/airflow/.local/lib/python3.12/site-packages/airflow/example_dags/example_branch_labels.py took 0.071 seconds
[2024-07-02T12:20:56.302+0000] {processor.py:161} INFO - Started process (PID=316) to work on /home/airflow/.local/lib/python3.12/site-packages/airflow/example_dags/example_branch_labels.py
[2024-07-02T12:20:56.303+0000] {processor.py:830} INFO - Processing file /home/airflow/.local/lib/python3.12/site-packages/airflow/example_dags/example_branch_labels.py for tasks to queue
[2024-07-02T12:20:56.307+0000] {logging_mixin.py:188} INFO - [2024-07-02T12:20:56.306+0000] {dagbag.py:545} INFO - Filling up the DagBag from /home/airflow/.local/lib/python3.12/site-packages/airflow/example_dags/example_branch_labels.py
[2024-07-02T12:20:56.322+0000] {processor.py:840} INFO - DAG(s) 'example_branch_labels' retrieved from /home/airflow/.local/lib/python3.12/site-packages/airflow/example_dags/example_branch_labels.py
[2024-07-02T12:20:56.368+0000] {logging_mixin.py:188} INFO - [2024-07-02T12:20:56.368+0000] {dag.py:3096} INFO - Sync 1 DAGs
[2024-07-02T12:20:56.406+0000] {logging_mixin.py:188} INFO - [2024-07-02T12:20:56.406+0000] {dag.py:3954} INFO - Setting next_dagrun for example_branch_labels to 2024-07-01 00:00:00+00:00, run_after=2024-07-02 00:00:00+00:00
[2024-07-02T12:20:56.427+0000] {processor.py:183} INFO - Processing /home/airflow/.local/lib/python3.12/site-packages/airflow/example_dags/example_branch_labels.py took 0.134 seconds
[2024-07-02T12:21:26.861+0000] {processor.py:161} INFO - Started process (PID=379) to work on /home/airflow/.local/lib/python3.12/site-packages/airflow/example_dags/example_branch_labels.py
[2024-07-02T12:21:26.862+0000] {processor.py:830} INFO - Processing file /home/airflow/.local/lib/python3.12/site-packages/airflow/example_dags/example_branch_labels.py for tasks to queue
[2024-07-02T12:21:26.864+0000] {logging_mixin.py:188} INFO - [2024-07-02T12:21:26.864+0000] {dagbag.py:545} INFO - Filling up the DagBag from /home/airflow/.local/lib/python3.12/site-packages/airflow/example_dags/example_branch_labels.py
[2024-07-02T12:21:26.870+0000] {processor.py:840} INFO - DAG(s) 'example_branch_labels' retrieved from /home/airflow/.local/lib/python3.12/site-packages/airflow/example_dags/example_branch_labels.py
[2024-07-02T12:21:26.888+0000] {logging_mixin.py:188} INFO - [2024-07-02T12:21:26.888+0000] {dag.py:3096} INFO - Sync 1 DAGs
[2024-07-02T12:21:26.903+0000] {logging_mixin.py:188} INFO - [2024-07-02T12:21:26.903+0000] {dag.py:3954} INFO - Setting next_dagrun for example_branch_labels to 2024-07-01 00:00:00+00:00, run_after=2024-07-02 00:00:00+00:00
[2024-07-02T12:21:26.920+0000] {processor.py:183} INFO - Processing /home/airflow/.local/lib/python3.12/site-packages/airflow/example_dags/example_branch_labels.py took 0.066 seconds
[2024-07-02T12:21:57.855+0000] {processor.py:161} INFO - Started process (PID=442) to work on /home/airflow/.local/lib/python3.12/site-packages/airflow/example_dags/example_branch_labels.py
[2024-07-02T12:21:57.856+0000] {processor.py:830} INFO - Processing file /home/airflow/.local/lib/python3.12/site-packages/airflow/example_dags/example_branch_labels.py for tasks to queue
[2024-07-02T12:21:57.859+0000] {logging_mixin.py:188} INFO - [2024-07-02T12:21:57.859+0000] {dagbag.py:545} INFO - Filling up the DagBag from /home/airflow/.local/lib/python3.12/site-packages/airflow/example_dags/example_branch_labels.py
[2024-07-02T12:21:57.866+0000] {processor.py:840} INFO - DAG(s) 'example_branch_labels' retrieved from /home/airflow/.local/lib/python3.12/site-packages/airflow/example_dags/example_branch_labels.py
[2024-07-02T12:21:57.888+0000] {logging_mixin.py:188} INFO - [2024-07-02T12:21:57.888+0000] {dag.py:3096} INFO - Sync 1 DAGs
[2024-07-02T12:21:57.908+0000] {logging_mixin.py:188} INFO - [2024-07-02T12:21:57.907+0000] {dag.py:3954} INFO - Setting next_dagrun for example_branch_labels to 2024-07-01 00:00:00+00:00, run_after=2024-07-02 00:00:00+00:00
[2024-07-02T12:21:57.926+0000] {processor.py:183} INFO - Processing /home/airflow/.local/lib/python3.12/site-packages/airflow/example_dags/example_branch_labels.py took 0.076 seconds
[2024-07-02T12:22:29.079+0000] {processor.py:161} INFO - Started process (PID=505) to work on /home/airflow/.local/lib/python3.12/site-packages/airflow/example_dags/example_branch_labels.py
[2024-07-02T12:22:29.080+0000] {processor.py:830} INFO - Processing file /home/airflow/.local/lib/python3.12/site-packages/airflow/example_dags/example_branch_labels.py for tasks to queue
[2024-07-02T12:22:29.082+0000] {logging_mixin.py:188} INFO - [2024-07-02T12:22:29.082+0000] {dagbag.py:545} INFO - Filling up the DagBag from /home/airflow/.local/lib/python3.12/site-packages/airflow/example_dags/example_branch_labels.py
[2024-07-02T12:22:29.090+0000] {processor.py:840} INFO - DAG(s) 'example_branch_labels' retrieved from /home/airflow/.local/lib/python3.12/site-packages/airflow/example_dags/example_branch_labels.py
[2024-07-02T12:22:29.118+0000] {logging_mixin.py:188} INFO - [2024-07-02T12:22:29.117+0000] {dag.py:3096} INFO - Sync 1 DAGs
[2024-07-02T12:22:29.156+0000] {logging_mixin.py:188} INFO - [2024-07-02T12:22:29.155+0000] {dag.py:3954} INFO - Setting next_dagrun for example_branch_labels to 2024-07-01 00:00:00+00:00, run_after=2024-07-02 00:00:00+00:00
[2024-07-02T12:22:29.186+0000] {processor.py:183} INFO - Processing /home/airflow/.local/lib/python3.12/site-packages/airflow/example_dags/example_branch_labels.py took 0.112 seconds
[2024-07-02T12:22:59.742+0000] {processor.py:161} INFO - Started process (PID=568) to work on /home/airflow/.local/lib/python3.12/site-packages/airflow/example_dags/example_branch_labels.py
[2024-07-02T12:22:59.744+0000] {processor.py:830} INFO - Processing file /home/airflow/.local/lib/python3.12/site-packages/airflow/example_dags/example_branch_labels.py for tasks to queue
[2024-07-02T12:22:59.746+0000] {logging_mixin.py:188} INFO - [2024-07-02T12:22:59.746+0000] {dagbag.py:545} INFO - Filling up the DagBag from /home/airflow/.local/lib/python3.12/site-packages/airflow/example_dags/example_branch_labels.py
[2024-07-02T12:22:59.755+0000] {processor.py:840} INFO - DAG(s) 'example_branch_labels' retrieved from /home/airflow/.local/lib/python3.12/site-packages/airflow/example_dags/example_branch_labels.py
[2024-07-02T12:22:59.785+0000] {logging_mixin.py:188} INFO - [2024-07-02T12:22:59.785+0000] {dag.py:3096} INFO - Sync 1 DAGs
[2024-07-02T12:22:59.808+0000] {logging_mixin.py:188} INFO - [2024-07-02T12:22:59.808+0000] {dag.py:3954} INFO - Setting next_dagrun for example_branch_labels to 2024-07-01 00:00:00+00:00, run_after=2024-07-02 00:00:00+00:00
[2024-07-02T12:22:59.837+0000] {processor.py:183} INFO - Processing /home/airflow/.local/lib/python3.12/site-packages/airflow/example_dags/example_branch_labels.py took 0.104 seconds
[2024-07-02T12:23:30.771+0000] {processor.py:161} INFO - Started process (PID=632) to work on /home/airflow/.local/lib/python3.12/site-packages/airflow/example_dags/example_branch_labels.py
[2024-07-02T12:23:30.773+0000] {processor.py:830} INFO - Processing file /home/airflow/.local/lib/python3.12/site-packages/airflow/example_dags/example_branch_labels.py for tasks to queue
[2024-07-02T12:23:30.775+0000] {logging_mixin.py:188} INFO - [2024-07-02T12:23:30.775+0000] {dagbag.py:545} INFO - Filling up the DagBag from /home/airflow/.local/lib/python3.12/site-packages/airflow/example_dags/example_branch_labels.py
[2024-07-02T12:23:30.783+0000] {processor.py:840} INFO - DAG(s) 'example_branch_labels' retrieved from /home/airflow/.local/lib/python3.12/site-packages/airflow/example_dags/example_branch_labels.py
[2024-07-02T12:23:30.809+0000] {logging_mixin.py:188} INFO - [2024-07-02T12:23:30.809+0000] {dag.py:3096} INFO - Sync 1 DAGs
[2024-07-02T12:23:30.841+0000] {logging_mixin.py:188} INFO - [2024-07-02T12:23:30.841+0000] {dag.py:3954} INFO - Setting next_dagrun for example_branch_labels to 2024-07-01 00:00:00+00:00, run_after=2024-07-02 00:00:00+00:00
[2024-07-02T12:23:30.871+0000] {processor.py:183} INFO - Processing /home/airflow/.local/lib/python3.12/site-packages/airflow/example_dags/example_branch_labels.py took 0.107 seconds
[2024-07-02T12:37:14.684+0000] {processor.py:161} INFO - Started process (PID=1993) to work on /home/airflow/.local/lib/python3.12/site-packages/airflow/example_dags/example_branch_labels.py
[2024-07-02T12:37:14.685+0000] {processor.py:830} INFO - Processing file /home/airflow/.local/lib/python3.12/site-packages/airflow/example_dags/example_branch_labels.py for tasks to queue
[2024-07-02T12:37:14.686+0000] {logging_mixin.py:188} INFO - [2024-07-02T12:37:14.686+0000] {dagbag.py:545} INFO - Filling up the DagBag from /home/airflow/.local/lib/python3.12/site-packages/airflow/example_dags/example_branch_labels.py
[2024-07-02T12:37:14.691+0000] {processor.py:840} INFO - DAG(s) 'example_branch_labels' retrieved from /home/airflow/.local/lib/python3.12/site-packages/airflow/example_dags/example_branch_labels.py
[2024-07-02T12:37:14.711+0000] {logging_mixin.py:188} INFO - [2024-07-02T12:37:14.711+0000] {dag.py:3096} INFO - Sync 1 DAGs
[2024-07-02T12:37:14.727+0000] {logging_mixin.py:188} INFO - [2024-07-02T12:37:14.727+0000] {dag.py:3954} INFO - Setting next_dagrun for example_branch_labels to 2024-07-01 00:00:00+00:00, run_after=2024-07-02 00:00:00+00:00
[2024-07-02T12:37:14.744+0000] {processor.py:183} INFO - Processing /home/airflow/.local/lib/python3.12/site-packages/airflow/example_dags/example_branch_labels.py took 0.065 seconds
[2024-07-02T12:37:45.329+0000] {processor.py:161} INFO - Started process (PID=2056) to work on /home/airflow/.local/lib/python3.12/site-packages/airflow/example_dags/example_branch_labels.py
[2024-07-02T12:37:45.330+0000] {processor.py:830} INFO - Processing file /home/airflow/.local/lib/python3.12/site-packages/airflow/example_dags/example_branch_labels.py for tasks to queue
[2024-07-02T12:37:45.331+0000] {logging_mixin.py:188} INFO - [2024-07-02T12:37:45.331+0000] {dagbag.py:545} INFO - Filling up the DagBag from /home/airflow/.local/lib/python3.12/site-packages/airflow/example_dags/example_branch_labels.py
[2024-07-02T12:37:45.337+0000] {processor.py:840} INFO - DAG(s) 'example_branch_labels' retrieved from /home/airflow/.local/lib/python3.12/site-packages/airflow/example_dags/example_branch_labels.py
[2024-07-02T12:37:45.354+0000] {logging_mixin.py:188} INFO - [2024-07-02T12:37:45.354+0000] {dag.py:3096} INFO - Sync 1 DAGs
[2024-07-02T12:37:45.371+0000] {logging_mixin.py:188} INFO - [2024-07-02T12:37:45.371+0000] {dag.py:3954} INFO - Setting next_dagrun for example_branch_labels to 2024-07-01 00:00:00+00:00, run_after=2024-07-02 00:00:00+00:00
[2024-07-02T12:37:45.390+0000] {processor.py:183} INFO - Processing /home/airflow/.local/lib/python3.12/site-packages/airflow/example_dags/example_branch_labels.py took 0.067 seconds
[2024-07-02T14:46:55.303+0000] {processor.py:161} INFO - Started process (PID=73) to work on /home/airflow/.local/lib/python3.12/site-packages/airflow/example_dags/example_branch_labels.py
[2024-07-02T14:46:55.304+0000] {processor.py:830} INFO - Processing file /home/airflow/.local/lib/python3.12/site-packages/airflow/example_dags/example_branch_labels.py for tasks to queue
[2024-07-02T14:46:55.306+0000] {logging_mixin.py:188} INFO - [2024-07-02T14:46:55.306+0000] {dagbag.py:545} INFO - Filling up the DagBag from /home/airflow/.local/lib/python3.12/site-packages/airflow/example_dags/example_branch_labels.py
[2024-07-02T14:46:55.313+0000] {processor.py:840} INFO - DAG(s) 'example_branch_labels' retrieved from /home/airflow/.local/lib/python3.12/site-packages/airflow/example_dags/example_branch_labels.py
[2024-07-02T14:46:55.394+0000] {logging_mixin.py:188} INFO - [2024-07-02T14:46:55.394+0000] {dag.py:3096} INFO - Sync 1 DAGs
[2024-07-02T14:46:55.411+0000] {logging_mixin.py:188} INFO - [2024-07-02T14:46:55.411+0000] {dag.py:3954} INFO - Setting next_dagrun for example_branch_labels to 2024-07-01 00:00:00+00:00, run_after=2024-07-02 00:00:00+00:00
[2024-07-02T14:46:55.436+0000] {processor.py:183} INFO - Processing /home/airflow/.local/lib/python3.12/site-packages/airflow/example_dags/example_branch_labels.py took 0.138 seconds
[2024-07-02T14:50:00.170+0000] {processor.py:161} INFO - Started process (PID=80) to work on /home/airflow/.local/lib/python3.12/site-packages/airflow/example_dags/example_branch_labels.py
[2024-07-02T14:50:00.172+0000] {processor.py:830} INFO - Processing file /home/airflow/.local/lib/python3.12/site-packages/airflow/example_dags/example_branch_labels.py for tasks to queue
[2024-07-02T14:50:00.175+0000] {logging_mixin.py:188} INFO - [2024-07-02T14:50:00.175+0000] {dagbag.py:545} INFO - Filling up the DagBag from /home/airflow/.local/lib/python3.12/site-packages/airflow/example_dags/example_branch_labels.py
[2024-07-02T14:50:00.182+0000] {processor.py:840} INFO - DAG(s) 'example_branch_labels' retrieved from /home/airflow/.local/lib/python3.12/site-packages/airflow/example_dags/example_branch_labels.py
[2024-07-02T14:50:00.261+0000] {logging_mixin.py:188} INFO - [2024-07-02T14:50:00.260+0000] {dag.py:3096} INFO - Sync 1 DAGs
[2024-07-02T14:50:00.277+0000] {logging_mixin.py:188} INFO - [2024-07-02T14:50:00.276+0000] {dag.py:3954} INFO - Setting next_dagrun for example_branch_labels to 2024-07-01 00:00:00+00:00, run_after=2024-07-02 00:00:00+00:00
[2024-07-02T14:50:00.300+0000] {processor.py:183} INFO - Processing /home/airflow/.local/lib/python3.12/site-packages/airflow/example_dags/example_branch_labels.py took 0.135 seconds
[2024-07-02T14:50:30.360+0000] {processor.py:161} INFO - Started process (PID=140) to work on /home/airflow/.local/lib/python3.12/site-packages/airflow/example_dags/example_branch_labels.py
[2024-07-02T14:50:30.361+0000] {processor.py:830} INFO - Processing file /home/airflow/.local/lib/python3.12/site-packages/airflow/example_dags/example_branch_labels.py for tasks to queue
[2024-07-02T14:50:30.363+0000] {logging_mixin.py:188} INFO - [2024-07-02T14:50:30.363+0000] {dagbag.py:545} INFO - Filling up the DagBag from /home/airflow/.local/lib/python3.12/site-packages/airflow/example_dags/example_branch_labels.py
[2024-07-02T14:50:30.369+0000] {processor.py:840} INFO - DAG(s) 'example_branch_labels' retrieved from /home/airflow/.local/lib/python3.12/site-packages/airflow/example_dags/example_branch_labels.py
[2024-07-02T14:50:30.387+0000] {logging_mixin.py:188} INFO - [2024-07-02T14:50:30.387+0000] {dag.py:3096} INFO - Sync 1 DAGs
[2024-07-02T14:50:30.404+0000] {logging_mixin.py:188} INFO - [2024-07-02T14:50:30.404+0000] {dag.py:3954} INFO - Setting next_dagrun for example_branch_labels to 2024-07-01 00:00:00+00:00, run_after=2024-07-02 00:00:00+00:00
[2024-07-02T14:50:30.421+0000] {processor.py:183} INFO - Processing /home/airflow/.local/lib/python3.12/site-packages/airflow/example_dags/example_branch_labels.py took 0.066 seconds
[2024-07-02T14:51:00.980+0000] {processor.py:161} INFO - Started process (PID=199) to work on /home/airflow/.local/lib/python3.12/site-packages/airflow/example_dags/example_branch_labels.py
[2024-07-02T14:51:00.981+0000] {processor.py:830} INFO - Processing file /home/airflow/.local/lib/python3.12/site-packages/airflow/example_dags/example_branch_labels.py for tasks to queue
[2024-07-02T14:51:00.983+0000] {logging_mixin.py:188} INFO - [2024-07-02T14:51:00.983+0000] {dagbag.py:545} INFO - Filling up the DagBag from /home/airflow/.local/lib/python3.12/site-packages/airflow/example_dags/example_branch_labels.py
[2024-07-02T14:51:00.993+0000] {processor.py:840} INFO - DAG(s) 'example_branch_labels' retrieved from /home/airflow/.local/lib/python3.12/site-packages/airflow/example_dags/example_branch_labels.py
[2024-07-02T14:51:01.020+0000] {logging_mixin.py:188} INFO - [2024-07-02T14:51:01.020+0000] {dag.py:3096} INFO - Sync 1 DAGs
[2024-07-02T14:51:01.040+0000] {logging_mixin.py:188} INFO - [2024-07-02T14:51:01.040+0000] {dag.py:3954} INFO - Setting next_dagrun for example_branch_labels to 2024-07-01 00:00:00+00:00, run_after=2024-07-02 00:00:00+00:00
[2024-07-02T14:51:01.066+0000] {processor.py:183} INFO - Processing /home/airflow/.local/lib/python3.12/site-packages/airflow/example_dags/example_branch_labels.py took 0.091 seconds
[2024-07-02T14:51:31.440+0000] {processor.py:161} INFO - Started process (PID=257) to work on /home/airflow/.local/lib/python3.12/site-packages/airflow/example_dags/example_branch_labels.py
[2024-07-02T14:51:31.443+0000] {processor.py:830} INFO - Processing file /home/airflow/.local/lib/python3.12/site-packages/airflow/example_dags/example_branch_labels.py for tasks to queue
[2024-07-02T14:51:31.444+0000] {logging_mixin.py:188} INFO - [2024-07-02T14:51:31.444+0000] {dagbag.py:545} INFO - Filling up the DagBag from /home/airflow/.local/lib/python3.12/site-packages/airflow/example_dags/example_branch_labels.py
[2024-07-02T14:51:31.450+0000] {processor.py:840} INFO - DAG(s) 'example_branch_labels' retrieved from /home/airflow/.local/lib/python3.12/site-packages/airflow/example_dags/example_branch_labels.py
[2024-07-02T14:51:31.470+0000] {logging_mixin.py:188} INFO - [2024-07-02T14:51:31.470+0000] {dag.py:3096} INFO - Sync 1 DAGs
[2024-07-02T14:51:31.487+0000] {logging_mixin.py:188} INFO - [2024-07-02T14:51:31.487+0000] {dag.py:3954} INFO - Setting next_dagrun for example_branch_labels to 2024-07-01 00:00:00+00:00, run_after=2024-07-02 00:00:00+00:00
[2024-07-02T14:51:31.507+0000] {processor.py:183} INFO - Processing /home/airflow/.local/lib/python3.12/site-packages/airflow/example_dags/example_branch_labels.py took 0.072 seconds
[2024-07-02T14:52:01.601+0000] {processor.py:161} INFO - Started process (PID=315) to work on /home/airflow/.local/lib/python3.12/site-packages/airflow/example_dags/example_branch_labels.py
[2024-07-02T14:52:01.604+0000] {processor.py:830} INFO - Processing file /home/airflow/.local/lib/python3.12/site-packages/airflow/example_dags/example_branch_labels.py for tasks to queue
[2024-07-02T14:52:01.605+0000] {logging_mixin.py:188} INFO - [2024-07-02T14:52:01.605+0000] {dagbag.py:545} INFO - Filling up the DagBag from /home/airflow/.local/lib/python3.12/site-packages/airflow/example_dags/example_branch_labels.py
[2024-07-02T14:52:01.611+0000] {processor.py:840} INFO - DAG(s) 'example_branch_labels' retrieved from /home/airflow/.local/lib/python3.12/site-packages/airflow/example_dags/example_branch_labels.py
[2024-07-02T14:52:01.630+0000] {logging_mixin.py:188} INFO - [2024-07-02T14:52:01.630+0000] {dag.py:3096} INFO - Sync 1 DAGs
[2024-07-02T14:52:01.648+0000] {logging_mixin.py:188} INFO - [2024-07-02T14:52:01.648+0000] {dag.py:3954} INFO - Setting next_dagrun for example_branch_labels to 2024-07-01 00:00:00+00:00, run_after=2024-07-02 00:00:00+00:00
[2024-07-02T14:52:01.669+0000] {processor.py:183} INFO - Processing /home/airflow/.local/lib/python3.12/site-packages/airflow/example_dags/example_branch_labels.py took 0.073 seconds
[2024-07-02T14:52:32.295+0000] {processor.py:161} INFO - Started process (PID=373) to work on /home/airflow/.local/lib/python3.12/site-packages/airflow/example_dags/example_branch_labels.py
[2024-07-02T14:52:32.296+0000] {processor.py:830} INFO - Processing file /home/airflow/.local/lib/python3.12/site-packages/airflow/example_dags/example_branch_labels.py for tasks to queue
[2024-07-02T14:52:32.298+0000] {logging_mixin.py:188} INFO - [2024-07-02T14:52:32.297+0000] {dagbag.py:545} INFO - Filling up the DagBag from /home/airflow/.local/lib/python3.12/site-packages/airflow/example_dags/example_branch_labels.py
[2024-07-02T14:52:32.305+0000] {processor.py:840} INFO - DAG(s) 'example_branch_labels' retrieved from /home/airflow/.local/lib/python3.12/site-packages/airflow/example_dags/example_branch_labels.py
[2024-07-02T14:52:32.327+0000] {logging_mixin.py:188} INFO - [2024-07-02T14:52:32.327+0000] {dag.py:3096} INFO - Sync 1 DAGs
[2024-07-02T14:52:32.345+0000] {logging_mixin.py:188} INFO - [2024-07-02T14:52:32.344+0000] {dag.py:3954} INFO - Setting next_dagrun for example_branch_labels to 2024-07-01 00:00:00+00:00, run_after=2024-07-02 00:00:00+00:00
[2024-07-02T14:52:32.364+0000] {processor.py:183} INFO - Processing /home/airflow/.local/lib/python3.12/site-packages/airflow/example_dags/example_branch_labels.py took 0.073 seconds
[2024-07-02T14:53:02.555+0000] {processor.py:161} INFO - Started process (PID=431) to work on /home/airflow/.local/lib/python3.12/site-packages/airflow/example_dags/example_branch_labels.py
[2024-07-02T14:53:02.556+0000] {processor.py:830} INFO - Processing file /home/airflow/.local/lib/python3.12/site-packages/airflow/example_dags/example_branch_labels.py for tasks to queue
[2024-07-02T14:53:02.558+0000] {logging_mixin.py:188} INFO - [2024-07-02T14:53:02.557+0000] {dagbag.py:545} INFO - Filling up the DagBag from /home/airflow/.local/lib/python3.12/site-packages/airflow/example_dags/example_branch_labels.py
[2024-07-02T14:53:02.566+0000] {processor.py:840} INFO - DAG(s) 'example_branch_labels' retrieved from /home/airflow/.local/lib/python3.12/site-packages/airflow/example_dags/example_branch_labels.py
[2024-07-02T14:53:02.591+0000] {logging_mixin.py:188} INFO - [2024-07-02T14:53:02.591+0000] {dag.py:3096} INFO - Sync 1 DAGs
[2024-07-02T14:53:02.612+0000] {logging_mixin.py:188} INFO - [2024-07-02T14:53:02.612+0000] {dag.py:3954} INFO - Setting next_dagrun for example_branch_labels to 2024-07-01 00:00:00+00:00, run_after=2024-07-02 00:00:00+00:00
[2024-07-02T14:53:02.634+0000] {processor.py:183} INFO - Processing /home/airflow/.local/lib/python3.12/site-packages/airflow/example_dags/example_branch_labels.py took 0.084 seconds
[2024-07-02T14:53:33.217+0000] {processor.py:161} INFO - Started process (PID=489) to work on /home/airflow/.local/lib/python3.12/site-packages/airflow/example_dags/example_branch_labels.py
[2024-07-02T14:53:33.218+0000] {processor.py:830} INFO - Processing file /home/airflow/.local/lib/python3.12/site-packages/airflow/example_dags/example_branch_labels.py for tasks to queue
[2024-07-02T14:53:33.219+0000] {logging_mixin.py:188} INFO - [2024-07-02T14:53:33.219+0000] {dagbag.py:545} INFO - Filling up the DagBag from /home/airflow/.local/lib/python3.12/site-packages/airflow/example_dags/example_branch_labels.py
[2024-07-02T14:53:33.225+0000] {processor.py:840} INFO - DAG(s) 'example_branch_labels' retrieved from /home/airflow/.local/lib/python3.12/site-packages/airflow/example_dags/example_branch_labels.py
[2024-07-02T14:53:33.246+0000] {logging_mixin.py:188} INFO - [2024-07-02T14:53:33.246+0000] {dag.py:3096} INFO - Sync 1 DAGs
[2024-07-02T14:53:33.268+0000] {logging_mixin.py:188} INFO - [2024-07-02T14:53:33.268+0000] {dag.py:3954} INFO - Setting next_dagrun for example_branch_labels to 2024-07-01 00:00:00+00:00, run_after=2024-07-02 00:00:00+00:00
[2024-07-02T14:53:33.290+0000] {processor.py:183} INFO - Processing /home/airflow/.local/lib/python3.12/site-packages/airflow/example_dags/example_branch_labels.py took 0.078 seconds
[2024-07-02T14:54:03.646+0000] {processor.py:161} INFO - Started process (PID=548) to work on /home/airflow/.local/lib/python3.12/site-packages/airflow/example_dags/example_branch_labels.py
[2024-07-02T14:54:03.647+0000] {processor.py:830} INFO - Processing file /home/airflow/.local/lib/python3.12/site-packages/airflow/example_dags/example_branch_labels.py for tasks to queue
[2024-07-02T14:54:03.648+0000] {logging_mixin.py:188} INFO - [2024-07-02T14:54:03.648+0000] {dagbag.py:545} INFO - Filling up the DagBag from /home/airflow/.local/lib/python3.12/site-packages/airflow/example_dags/example_branch_labels.py
[2024-07-02T14:54:03.654+0000] {processor.py:840} INFO - DAG(s) 'example_branch_labels' retrieved from /home/airflow/.local/lib/python3.12/site-packages/airflow/example_dags/example_branch_labels.py
[2024-07-02T14:54:03.676+0000] {logging_mixin.py:188} INFO - [2024-07-02T14:54:03.676+0000] {dag.py:3096} INFO - Sync 1 DAGs
[2024-07-02T14:54:03.696+0000] {logging_mixin.py:188} INFO - [2024-07-02T14:54:03.696+0000] {dag.py:3954} INFO - Setting next_dagrun for example_branch_labels to 2024-07-01 00:00:00+00:00, run_after=2024-07-02 00:00:00+00:00
[2024-07-02T14:54:03.720+0000] {processor.py:183} INFO - Processing /home/airflow/.local/lib/python3.12/site-packages/airflow/example_dags/example_branch_labels.py took 0.080 seconds
