[2024-07-02T11:48:21.853+0000] {processor.py:161} INFO - Started process (PID=68) to work on /home/airflow/.local/lib/python3.12/site-packages/airflow/example_dags/example_bash_operator.py
[2024-07-02T11:48:21.855+0000] {processor.py:830} INFO - Processing file /home/airflow/.local/lib/python3.12/site-packages/airflow/example_dags/example_bash_operator.py for tasks to queue
[2024-07-02T11:48:21.858+0000] {logging_mixin.py:188} INFO - [2024-07-02T11:48:21.857+0000] {dagbag.py:545} INFO - Filling up the DagBag from /home/airflow/.local/lib/python3.12/site-packages/airflow/example_dags/example_bash_operator.py
[2024-07-02T11:48:21.881+0000] {processor.py:840} INFO - DAG(s) 'example_bash_operator' retrieved from /home/airflow/.local/lib/python3.12/site-packages/airflow/example_dags/example_bash_operator.py
[2024-07-02T11:48:21.925+0000] {logging_mixin.py:188} INFO - [2024-07-02T11:48:21.924+0000] {dag.py:3096} INFO - Sync 1 DAGs
[2024-07-02T11:48:21.957+0000] {logging_mixin.py:188} INFO - [2024-07-02T11:48:21.957+0000] {dag.py:3954} INFO - Setting next_dagrun for example_bash_operator to 2024-07-01 00:00:00+00:00, run_after=2024-07-02 00:00:00+00:00
[2024-07-02T11:48:21.995+0000] {processor.py:183} INFO - Processing /home/airflow/.local/lib/python3.12/site-packages/airflow/example_dags/example_bash_operator.py took 0.151 seconds
[2024-07-02T11:48:52.177+0000] {processor.py:161} INFO - Started process (PID=131) to work on /home/airflow/.local/lib/python3.12/site-packages/airflow/example_dags/example_bash_operator.py
[2024-07-02T11:48:52.179+0000] {processor.py:830} INFO - Processing file /home/airflow/.local/lib/python3.12/site-packages/airflow/example_dags/example_bash_operator.py for tasks to queue
[2024-07-02T11:48:52.181+0000] {logging_mixin.py:188} INFO - [2024-07-02T11:48:52.180+0000] {dagbag.py:545} INFO - Filling up the DagBag from /home/airflow/.local/lib/python3.12/site-packages/airflow/example_dags/example_bash_operator.py
[2024-07-02T11:48:52.190+0000] {processor.py:840} INFO - DAG(s) 'example_bash_operator' retrieved from /home/airflow/.local/lib/python3.12/site-packages/airflow/example_dags/example_bash_operator.py
[2024-07-02T11:48:52.214+0000] {logging_mixin.py:188} INFO - [2024-07-02T11:48:52.213+0000] {dag.py:3096} INFO - Sync 1 DAGs
[2024-07-02T11:48:52.235+0000] {logging_mixin.py:188} INFO - [2024-07-02T11:48:52.235+0000] {dag.py:3954} INFO - Setting next_dagrun for example_bash_operator to 2024-07-01 00:00:00+00:00, run_after=2024-07-02 00:00:00+00:00
[2024-07-02T11:48:52.257+0000] {processor.py:183} INFO - Processing /home/airflow/.local/lib/python3.12/site-packages/airflow/example_dags/example_bash_operator.py took 0.086 seconds
[2024-07-02T11:49:22.633+0000] {processor.py:161} INFO - Started process (PID=194) to work on /home/airflow/.local/lib/python3.12/site-packages/airflow/example_dags/example_bash_operator.py
[2024-07-02T11:49:22.634+0000] {processor.py:830} INFO - Processing file /home/airflow/.local/lib/python3.12/site-packages/airflow/example_dags/example_bash_operator.py for tasks to queue
[2024-07-02T11:49:22.635+0000] {logging_mixin.py:188} INFO - [2024-07-02T11:49:22.634+0000] {dagbag.py:545} INFO - Filling up the DagBag from /home/airflow/.local/lib/python3.12/site-packages/airflow/example_dags/example_bash_operator.py
[2024-07-02T11:49:22.644+0000] {processor.py:840} INFO - DAG(s) 'example_bash_operator' retrieved from /home/airflow/.local/lib/python3.12/site-packages/airflow/example_dags/example_bash_operator.py
[2024-07-02T11:49:22.668+0000] {logging_mixin.py:188} INFO - [2024-07-02T11:49:22.668+0000] {dag.py:3096} INFO - Sync 1 DAGs
[2024-07-02T11:49:22.688+0000] {logging_mixin.py:188} INFO - [2024-07-02T11:49:22.688+0000] {dag.py:3954} INFO - Setting next_dagrun for example_bash_operator to 2024-07-01 00:00:00+00:00, run_after=2024-07-02 00:00:00+00:00
[2024-07-02T11:49:22.708+0000] {processor.py:183} INFO - Processing /home/airflow/.local/lib/python3.12/site-packages/airflow/example_dags/example_bash_operator.py took 0.081 seconds
[2024-07-02T11:49:53.008+0000] {processor.py:161} INFO - Started process (PID=257) to work on /home/airflow/.local/lib/python3.12/site-packages/airflow/example_dags/example_bash_operator.py
[2024-07-02T11:49:53.009+0000] {processor.py:830} INFO - Processing file /home/airflow/.local/lib/python3.12/site-packages/airflow/example_dags/example_bash_operator.py for tasks to queue
[2024-07-02T11:49:53.010+0000] {logging_mixin.py:188} INFO - [2024-07-02T11:49:53.010+0000] {dagbag.py:545} INFO - Filling up the DagBag from /home/airflow/.local/lib/python3.12/site-packages/airflow/example_dags/example_bash_operator.py
[2024-07-02T11:49:53.021+0000] {processor.py:840} INFO - DAG(s) 'example_bash_operator' retrieved from /home/airflow/.local/lib/python3.12/site-packages/airflow/example_dags/example_bash_operator.py
[2024-07-02T11:49:53.046+0000] {logging_mixin.py:188} INFO - [2024-07-02T11:49:53.046+0000] {dag.py:3096} INFO - Sync 1 DAGs
[2024-07-02T11:49:53.066+0000] {logging_mixin.py:188} INFO - [2024-07-02T11:49:53.066+0000] {dag.py:3954} INFO - Setting next_dagrun for example_bash_operator to 2024-07-01 00:00:00+00:00, run_after=2024-07-02 00:00:00+00:00
[2024-07-02T11:49:53.086+0000] {processor.py:183} INFO - Processing /home/airflow/.local/lib/python3.12/site-packages/airflow/example_dags/example_bash_operator.py took 0.084 seconds
[2024-07-02T11:50:23.422+0000] {processor.py:161} INFO - Started process (PID=320) to work on /home/airflow/.local/lib/python3.12/site-packages/airflow/example_dags/example_bash_operator.py
[2024-07-02T11:50:23.424+0000] {processor.py:830} INFO - Processing file /home/airflow/.local/lib/python3.12/site-packages/airflow/example_dags/example_bash_operator.py for tasks to queue
[2024-07-02T11:50:23.425+0000] {logging_mixin.py:188} INFO - [2024-07-02T11:50:23.425+0000] {dagbag.py:545} INFO - Filling up the DagBag from /home/airflow/.local/lib/python3.12/site-packages/airflow/example_dags/example_bash_operator.py
[2024-07-02T11:50:23.436+0000] {processor.py:840} INFO - DAG(s) 'example_bash_operator' retrieved from /home/airflow/.local/lib/python3.12/site-packages/airflow/example_dags/example_bash_operator.py
[2024-07-02T11:50:23.447+0000] {logging_mixin.py:188} INFO - [2024-07-02T11:50:23.447+0000] {dag.py:3096} INFO - Sync 1 DAGs
[2024-07-02T11:50:23.470+0000] {logging_mixin.py:188} INFO - [2024-07-02T11:50:23.470+0000] {dag.py:3954} INFO - Setting next_dagrun for example_bash_operator to 2024-07-01 00:00:00+00:00, run_after=2024-07-02 00:00:00+00:00
[2024-07-02T11:50:23.492+0000] {processor.py:183} INFO - Processing /home/airflow/.local/lib/python3.12/site-packages/airflow/example_dags/example_bash_operator.py took 0.077 seconds
[2024-07-02T11:50:55.528+0000] {processor.py:161} INFO - Started process (PID=383) to work on /home/airflow/.local/lib/python3.12/site-packages/airflow/example_dags/example_bash_operator.py
[2024-07-02T11:50:55.529+0000] {processor.py:830} INFO - Processing file /home/airflow/.local/lib/python3.12/site-packages/airflow/example_dags/example_bash_operator.py for tasks to queue
[2024-07-02T11:50:55.530+0000] {logging_mixin.py:188} INFO - [2024-07-02T11:50:55.530+0000] {dagbag.py:545} INFO - Filling up the DagBag from /home/airflow/.local/lib/python3.12/site-packages/airflow/example_dags/example_bash_operator.py
[2024-07-02T11:50:55.539+0000] {processor.py:840} INFO - DAG(s) 'example_bash_operator' retrieved from /home/airflow/.local/lib/python3.12/site-packages/airflow/example_dags/example_bash_operator.py
[2024-07-02T11:50:55.626+0000] {logging_mixin.py:188} INFO - [2024-07-02T11:50:55.626+0000] {dag.py:3096} INFO - Sync 1 DAGs
[2024-07-02T11:50:55.642+0000] {logging_mixin.py:188} INFO - [2024-07-02T11:50:55.642+0000] {dag.py:3954} INFO - Setting next_dagrun for example_bash_operator to 2024-07-01 00:00:00+00:00, run_after=2024-07-02 00:00:00+00:00
[2024-07-02T11:50:55.658+0000] {processor.py:183} INFO - Processing /home/airflow/.local/lib/python3.12/site-packages/airflow/example_dags/example_bash_operator.py took 0.136 seconds
[2024-07-02T11:51:26.718+0000] {processor.py:161} INFO - Started process (PID=446) to work on /home/airflow/.local/lib/python3.12/site-packages/airflow/example_dags/example_bash_operator.py
[2024-07-02T11:51:26.719+0000] {processor.py:830} INFO - Processing file /home/airflow/.local/lib/python3.12/site-packages/airflow/example_dags/example_bash_operator.py for tasks to queue
[2024-07-02T11:51:26.721+0000] {logging_mixin.py:188} INFO - [2024-07-02T11:51:26.720+0000] {dagbag.py:545} INFO - Filling up the DagBag from /home/airflow/.local/lib/python3.12/site-packages/airflow/example_dags/example_bash_operator.py
[2024-07-02T11:51:26.745+0000] {processor.py:840} INFO - DAG(s) 'example_bash_operator' retrieved from /home/airflow/.local/lib/python3.12/site-packages/airflow/example_dags/example_bash_operator.py
[2024-07-02T11:51:26.785+0000] {logging_mixin.py:188} INFO - [2024-07-02T11:51:26.785+0000] {dag.py:3096} INFO - Sync 1 DAGs
[2024-07-02T11:51:26.813+0000] {logging_mixin.py:188} INFO - [2024-07-02T11:51:26.813+0000] {dag.py:3954} INFO - Setting next_dagrun for example_bash_operator to 2024-07-01 00:00:00+00:00, run_after=2024-07-02 00:00:00+00:00
[2024-07-02T11:51:26.835+0000] {processor.py:183} INFO - Processing /home/airflow/.local/lib/python3.12/site-packages/airflow/example_dags/example_bash_operator.py took 0.125 seconds
[2024-07-02T11:51:57.675+0000] {processor.py:161} INFO - Started process (PID=509) to work on /home/airflow/.local/lib/python3.12/site-packages/airflow/example_dags/example_bash_operator.py
[2024-07-02T11:51:57.676+0000] {processor.py:830} INFO - Processing file /home/airflow/.local/lib/python3.12/site-packages/airflow/example_dags/example_bash_operator.py for tasks to queue
[2024-07-02T11:51:57.677+0000] {logging_mixin.py:188} INFO - [2024-07-02T11:51:57.676+0000] {dagbag.py:545} INFO - Filling up the DagBag from /home/airflow/.local/lib/python3.12/site-packages/airflow/example_dags/example_bash_operator.py
[2024-07-02T11:51:57.685+0000] {processor.py:840} INFO - DAG(s) 'example_bash_operator' retrieved from /home/airflow/.local/lib/python3.12/site-packages/airflow/example_dags/example_bash_operator.py
[2024-07-02T11:51:57.708+0000] {logging_mixin.py:188} INFO - [2024-07-02T11:51:57.708+0000] {dag.py:3096} INFO - Sync 1 DAGs
[2024-07-02T11:51:57.726+0000] {logging_mixin.py:188} INFO - [2024-07-02T11:51:57.726+0000] {dag.py:3954} INFO - Setting next_dagrun for example_bash_operator to 2024-07-01 00:00:00+00:00, run_after=2024-07-02 00:00:00+00:00
[2024-07-02T11:51:57.746+0000] {processor.py:183} INFO - Processing /home/airflow/.local/lib/python3.12/site-packages/airflow/example_dags/example_bash_operator.py took 0.077 seconds
[2024-07-02T11:52:28.182+0000] {processor.py:161} INFO - Started process (PID=572) to work on /home/airflow/.local/lib/python3.12/site-packages/airflow/example_dags/example_bash_operator.py
[2024-07-02T11:52:28.183+0000] {processor.py:830} INFO - Processing file /home/airflow/.local/lib/python3.12/site-packages/airflow/example_dags/example_bash_operator.py for tasks to queue
[2024-07-02T11:52:28.184+0000] {logging_mixin.py:188} INFO - [2024-07-02T11:52:28.184+0000] {dagbag.py:545} INFO - Filling up the DagBag from /home/airflow/.local/lib/python3.12/site-packages/airflow/example_dags/example_bash_operator.py
[2024-07-02T11:52:28.193+0000] {processor.py:840} INFO - DAG(s) 'example_bash_operator' retrieved from /home/airflow/.local/lib/python3.12/site-packages/airflow/example_dags/example_bash_operator.py
[2024-07-02T11:52:28.219+0000] {logging_mixin.py:188} INFO - [2024-07-02T11:52:28.218+0000] {dag.py:3096} INFO - Sync 1 DAGs
[2024-07-02T11:52:28.238+0000] {logging_mixin.py:188} INFO - [2024-07-02T11:52:28.238+0000] {dag.py:3954} INFO - Setting next_dagrun for example_bash_operator to 2024-07-01 00:00:00+00:00, run_after=2024-07-02 00:00:00+00:00
[2024-07-02T11:52:28.260+0000] {processor.py:183} INFO - Processing /home/airflow/.local/lib/python3.12/site-packages/airflow/example_dags/example_bash_operator.py took 0.086 seconds
[2024-07-02T11:52:58.822+0000] {processor.py:161} INFO - Started process (PID=636) to work on /home/airflow/.local/lib/python3.12/site-packages/airflow/example_dags/example_bash_operator.py
[2024-07-02T11:52:58.824+0000] {processor.py:830} INFO - Processing file /home/airflow/.local/lib/python3.12/site-packages/airflow/example_dags/example_bash_operator.py for tasks to queue
[2024-07-02T11:52:58.825+0000] {logging_mixin.py:188} INFO - [2024-07-02T11:52:58.824+0000] {dagbag.py:545} INFO - Filling up the DagBag from /home/airflow/.local/lib/python3.12/site-packages/airflow/example_dags/example_bash_operator.py
[2024-07-02T11:52:58.835+0000] {processor.py:840} INFO - DAG(s) 'example_bash_operator' retrieved from /home/airflow/.local/lib/python3.12/site-packages/airflow/example_dags/example_bash_operator.py
[2024-07-02T11:52:58.859+0000] {logging_mixin.py:188} INFO - [2024-07-02T11:52:58.859+0000] {dag.py:3096} INFO - Sync 1 DAGs
[2024-07-02T11:52:58.880+0000] {logging_mixin.py:188} INFO - [2024-07-02T11:52:58.880+0000] {dag.py:3954} INFO - Setting next_dagrun for example_bash_operator to 2024-07-01 00:00:00+00:00, run_after=2024-07-02 00:00:00+00:00
[2024-07-02T11:52:58.905+0000] {processor.py:183} INFO - Processing /home/airflow/.local/lib/python3.12/site-packages/airflow/example_dags/example_bash_operator.py took 0.088 seconds
[2024-07-02T11:53:29.658+0000] {processor.py:161} INFO - Started process (PID=699) to work on /home/airflow/.local/lib/python3.12/site-packages/airflow/example_dags/example_bash_operator.py
[2024-07-02T11:53:29.659+0000] {processor.py:830} INFO - Processing file /home/airflow/.local/lib/python3.12/site-packages/airflow/example_dags/example_bash_operator.py for tasks to queue
[2024-07-02T11:53:29.660+0000] {logging_mixin.py:188} INFO - [2024-07-02T11:53:29.659+0000] {dagbag.py:545} INFO - Filling up the DagBag from /home/airflow/.local/lib/python3.12/site-packages/airflow/example_dags/example_bash_operator.py
[2024-07-02T11:53:29.669+0000] {processor.py:840} INFO - DAG(s) 'example_bash_operator' retrieved from /home/airflow/.local/lib/python3.12/site-packages/airflow/example_dags/example_bash_operator.py
[2024-07-02T11:53:29.691+0000] {logging_mixin.py:188} INFO - [2024-07-02T11:53:29.691+0000] {dag.py:3096} INFO - Sync 1 DAGs
[2024-07-02T11:53:29.709+0000] {logging_mixin.py:188} INFO - [2024-07-02T11:53:29.709+0000] {dag.py:3954} INFO - Setting next_dagrun for example_bash_operator to 2024-07-01 00:00:00+00:00, run_after=2024-07-02 00:00:00+00:00
[2024-07-02T11:53:29.731+0000] {processor.py:183} INFO - Processing /home/airflow/.local/lib/python3.12/site-packages/airflow/example_dags/example_bash_operator.py took 0.079 seconds
[2024-07-02T11:54:00.289+0000] {processor.py:161} INFO - Started process (PID=762) to work on /home/airflow/.local/lib/python3.12/site-packages/airflow/example_dags/example_bash_operator.py
[2024-07-02T11:54:00.291+0000] {processor.py:830} INFO - Processing file /home/airflow/.local/lib/python3.12/site-packages/airflow/example_dags/example_bash_operator.py for tasks to queue
[2024-07-02T11:54:00.292+0000] {logging_mixin.py:188} INFO - [2024-07-02T11:54:00.292+0000] {dagbag.py:545} INFO - Filling up the DagBag from /home/airflow/.local/lib/python3.12/site-packages/airflow/example_dags/example_bash_operator.py
[2024-07-02T11:54:00.301+0000] {processor.py:840} INFO - DAG(s) 'example_bash_operator' retrieved from /home/airflow/.local/lib/python3.12/site-packages/airflow/example_dags/example_bash_operator.py
[2024-07-02T11:54:00.325+0000] {logging_mixin.py:188} INFO - [2024-07-02T11:54:00.325+0000] {dag.py:3096} INFO - Sync 1 DAGs
[2024-07-02T11:54:00.342+0000] {logging_mixin.py:188} INFO - [2024-07-02T11:54:00.342+0000] {dag.py:3954} INFO - Setting next_dagrun for example_bash_operator to 2024-07-01 00:00:00+00:00, run_after=2024-07-02 00:00:00+00:00
[2024-07-02T11:54:00.361+0000] {processor.py:183} INFO - Processing /home/airflow/.local/lib/python3.12/site-packages/airflow/example_dags/example_bash_operator.py took 0.078 seconds
[2024-07-02T11:54:31.736+0000] {processor.py:161} INFO - Started process (PID=831) to work on /home/airflow/.local/lib/python3.12/site-packages/airflow/example_dags/example_bash_operator.py
[2024-07-02T11:54:31.737+0000] {processor.py:830} INFO - Processing file /home/airflow/.local/lib/python3.12/site-packages/airflow/example_dags/example_bash_operator.py for tasks to queue
[2024-07-02T11:54:31.739+0000] {logging_mixin.py:188} INFO - [2024-07-02T11:54:31.738+0000] {dagbag.py:545} INFO - Filling up the DagBag from /home/airflow/.local/lib/python3.12/site-packages/airflow/example_dags/example_bash_operator.py
[2024-07-02T11:54:31.748+0000] {processor.py:840} INFO - DAG(s) 'example_bash_operator' retrieved from /home/airflow/.local/lib/python3.12/site-packages/airflow/example_dags/example_bash_operator.py
[2024-07-02T11:54:31.773+0000] {logging_mixin.py:188} INFO - [2024-07-02T11:54:31.773+0000] {dag.py:3096} INFO - Sync 1 DAGs
[2024-07-02T11:54:31.793+0000] {logging_mixin.py:188} INFO - [2024-07-02T11:54:31.793+0000] {dag.py:3954} INFO - Setting next_dagrun for example_bash_operator to 2024-07-01 00:00:00+00:00, run_after=2024-07-02 00:00:00+00:00
[2024-07-02T11:54:31.814+0000] {processor.py:183} INFO - Processing /home/airflow/.local/lib/python3.12/site-packages/airflow/example_dags/example_bash_operator.py took 0.084 seconds
[2024-07-02T11:55:03.273+0000] {processor.py:161} INFO - Started process (PID=894) to work on /home/airflow/.local/lib/python3.12/site-packages/airflow/example_dags/example_bash_operator.py
[2024-07-02T11:55:03.274+0000] {processor.py:830} INFO - Processing file /home/airflow/.local/lib/python3.12/site-packages/airflow/example_dags/example_bash_operator.py for tasks to queue
[2024-07-02T11:55:03.275+0000] {logging_mixin.py:188} INFO - [2024-07-02T11:55:03.275+0000] {dagbag.py:545} INFO - Filling up the DagBag from /home/airflow/.local/lib/python3.12/site-packages/airflow/example_dags/example_bash_operator.py
[2024-07-02T11:55:03.286+0000] {processor.py:840} INFO - DAG(s) 'example_bash_operator' retrieved from /home/airflow/.local/lib/python3.12/site-packages/airflow/example_dags/example_bash_operator.py
[2024-07-02T11:55:03.312+0000] {logging_mixin.py:188} INFO - [2024-07-02T11:55:03.311+0000] {dag.py:3096} INFO - Sync 1 DAGs
[2024-07-02T11:55:03.332+0000] {logging_mixin.py:188} INFO - [2024-07-02T11:55:03.332+0000] {dag.py:3954} INFO - Setting next_dagrun for example_bash_operator to 2024-07-01 00:00:00+00:00, run_after=2024-07-02 00:00:00+00:00
[2024-07-02T11:55:03.353+0000] {processor.py:183} INFO - Processing /home/airflow/.local/lib/python3.12/site-packages/airflow/example_dags/example_bash_operator.py took 0.086 seconds
[2024-07-02T11:55:34.012+0000] {processor.py:161} INFO - Started process (PID=957) to work on /home/airflow/.local/lib/python3.12/site-packages/airflow/example_dags/example_bash_operator.py
[2024-07-02T11:55:34.013+0000] {processor.py:830} INFO - Processing file /home/airflow/.local/lib/python3.12/site-packages/airflow/example_dags/example_bash_operator.py for tasks to queue
[2024-07-02T11:55:34.014+0000] {logging_mixin.py:188} INFO - [2024-07-02T11:55:34.014+0000] {dagbag.py:545} INFO - Filling up the DagBag from /home/airflow/.local/lib/python3.12/site-packages/airflow/example_dags/example_bash_operator.py
[2024-07-02T11:55:34.024+0000] {processor.py:840} INFO - DAG(s) 'example_bash_operator' retrieved from /home/airflow/.local/lib/python3.12/site-packages/airflow/example_dags/example_bash_operator.py
[2024-07-02T11:55:34.051+0000] {logging_mixin.py:188} INFO - [2024-07-02T11:55:34.050+0000] {dag.py:3096} INFO - Sync 1 DAGs
[2024-07-02T11:55:34.073+0000] {logging_mixin.py:188} INFO - [2024-07-02T11:55:34.072+0000] {dag.py:3954} INFO - Setting next_dagrun for example_bash_operator to 2024-07-01 00:00:00+00:00, run_after=2024-07-02 00:00:00+00:00
[2024-07-02T11:55:34.101+0000] {processor.py:183} INFO - Processing /home/airflow/.local/lib/python3.12/site-packages/airflow/example_dags/example_bash_operator.py took 0.096 seconds
[2024-07-02T11:56:04.967+0000] {processor.py:161} INFO - Started process (PID=1020) to work on /home/airflow/.local/lib/python3.12/site-packages/airflow/example_dags/example_bash_operator.py
[2024-07-02T11:56:04.969+0000] {processor.py:830} INFO - Processing file /home/airflow/.local/lib/python3.12/site-packages/airflow/example_dags/example_bash_operator.py for tasks to queue
[2024-07-02T11:56:04.970+0000] {logging_mixin.py:188} INFO - [2024-07-02T11:56:04.970+0000] {dagbag.py:545} INFO - Filling up the DagBag from /home/airflow/.local/lib/python3.12/site-packages/airflow/example_dags/example_bash_operator.py
[2024-07-02T11:56:04.981+0000] {processor.py:840} INFO - DAG(s) 'example_bash_operator' retrieved from /home/airflow/.local/lib/python3.12/site-packages/airflow/example_dags/example_bash_operator.py
[2024-07-02T11:56:05.011+0000] {logging_mixin.py:188} INFO - [2024-07-02T11:56:05.011+0000] {dag.py:3096} INFO - Sync 1 DAGs
[2024-07-02T11:56:05.038+0000] {logging_mixin.py:188} INFO - [2024-07-02T11:56:05.037+0000] {dag.py:3954} INFO - Setting next_dagrun for example_bash_operator to 2024-07-01 00:00:00+00:00, run_after=2024-07-02 00:00:00+00:00
[2024-07-02T11:56:05.063+0000] {processor.py:183} INFO - Processing /home/airflow/.local/lib/python3.12/site-packages/airflow/example_dags/example_bash_operator.py took 0.102 seconds
[2024-07-02T11:56:35.833+0000] {processor.py:161} INFO - Started process (PID=1082) to work on /home/airflow/.local/lib/python3.12/site-packages/airflow/example_dags/example_bash_operator.py
[2024-07-02T11:56:35.834+0000] {processor.py:830} INFO - Processing file /home/airflow/.local/lib/python3.12/site-packages/airflow/example_dags/example_bash_operator.py for tasks to queue
[2024-07-02T11:56:35.835+0000] {logging_mixin.py:188} INFO - [2024-07-02T11:56:35.835+0000] {dagbag.py:545} INFO - Filling up the DagBag from /home/airflow/.local/lib/python3.12/site-packages/airflow/example_dags/example_bash_operator.py
[2024-07-02T11:56:35.845+0000] {processor.py:840} INFO - DAG(s) 'example_bash_operator' retrieved from /home/airflow/.local/lib/python3.12/site-packages/airflow/example_dags/example_bash_operator.py
[2024-07-02T11:56:35.872+0000] {logging_mixin.py:188} INFO - [2024-07-02T11:56:35.871+0000] {dag.py:3096} INFO - Sync 1 DAGs
[2024-07-02T11:56:35.892+0000] {logging_mixin.py:188} INFO - [2024-07-02T11:56:35.892+0000] {dag.py:3954} INFO - Setting next_dagrun for example_bash_operator to 2024-07-01 00:00:00+00:00, run_after=2024-07-02 00:00:00+00:00
[2024-07-02T11:56:35.914+0000] {processor.py:183} INFO - Processing /home/airflow/.local/lib/python3.12/site-packages/airflow/example_dags/example_bash_operator.py took 0.087 seconds
[2024-07-02T11:57:06.708+0000] {processor.py:161} INFO - Started process (PID=1145) to work on /home/airflow/.local/lib/python3.12/site-packages/airflow/example_dags/example_bash_operator.py
[2024-07-02T11:57:06.709+0000] {processor.py:830} INFO - Processing file /home/airflow/.local/lib/python3.12/site-packages/airflow/example_dags/example_bash_operator.py for tasks to queue
[2024-07-02T11:57:06.710+0000] {logging_mixin.py:188} INFO - [2024-07-02T11:57:06.710+0000] {dagbag.py:545} INFO - Filling up the DagBag from /home/airflow/.local/lib/python3.12/site-packages/airflow/example_dags/example_bash_operator.py
[2024-07-02T11:57:06.721+0000] {processor.py:840} INFO - DAG(s) 'example_bash_operator' retrieved from /home/airflow/.local/lib/python3.12/site-packages/airflow/example_dags/example_bash_operator.py
[2024-07-02T11:57:06.747+0000] {logging_mixin.py:188} INFO - [2024-07-02T11:57:06.747+0000] {dag.py:3096} INFO - Sync 1 DAGs
[2024-07-02T11:57:06.769+0000] {logging_mixin.py:188} INFO - [2024-07-02T11:57:06.769+0000] {dag.py:3954} INFO - Setting next_dagrun for example_bash_operator to 2024-07-01 00:00:00+00:00, run_after=2024-07-02 00:00:00+00:00
[2024-07-02T11:57:06.793+0000] {processor.py:183} INFO - Processing /home/airflow/.local/lib/python3.12/site-packages/airflow/example_dags/example_bash_operator.py took 0.091 seconds
[2024-07-02T11:57:37.685+0000] {processor.py:161} INFO - Started process (PID=1208) to work on /home/airflow/.local/lib/python3.12/site-packages/airflow/example_dags/example_bash_operator.py
[2024-07-02T11:57:37.686+0000] {processor.py:830} INFO - Processing file /home/airflow/.local/lib/python3.12/site-packages/airflow/example_dags/example_bash_operator.py for tasks to queue
[2024-07-02T11:57:37.688+0000] {logging_mixin.py:188} INFO - [2024-07-02T11:57:37.688+0000] {dagbag.py:545} INFO - Filling up the DagBag from /home/airflow/.local/lib/python3.12/site-packages/airflow/example_dags/example_bash_operator.py
[2024-07-02T11:57:37.699+0000] {processor.py:840} INFO - DAG(s) 'example_bash_operator' retrieved from /home/airflow/.local/lib/python3.12/site-packages/airflow/example_dags/example_bash_operator.py
[2024-07-02T11:57:37.722+0000] {logging_mixin.py:188} INFO - [2024-07-02T11:57:37.722+0000] {dag.py:3096} INFO - Sync 1 DAGs
[2024-07-02T11:57:37.741+0000] {logging_mixin.py:188} INFO - [2024-07-02T11:57:37.740+0000] {dag.py:3954} INFO - Setting next_dagrun for example_bash_operator to 2024-07-01 00:00:00+00:00, run_after=2024-07-02 00:00:00+00:00
[2024-07-02T11:57:37.760+0000] {processor.py:183} INFO - Processing /home/airflow/.local/lib/python3.12/site-packages/airflow/example_dags/example_bash_operator.py took 0.083 seconds
[2024-07-02T11:58:08.412+0000] {processor.py:161} INFO - Started process (PID=1271) to work on /home/airflow/.local/lib/python3.12/site-packages/airflow/example_dags/example_bash_operator.py
[2024-07-02T11:58:08.413+0000] {processor.py:830} INFO - Processing file /home/airflow/.local/lib/python3.12/site-packages/airflow/example_dags/example_bash_operator.py for tasks to queue
[2024-07-02T11:58:08.414+0000] {logging_mixin.py:188} INFO - [2024-07-02T11:58:08.414+0000] {dagbag.py:545} INFO - Filling up the DagBag from /home/airflow/.local/lib/python3.12/site-packages/airflow/example_dags/example_bash_operator.py
[2024-07-02T11:58:08.422+0000] {processor.py:840} INFO - DAG(s) 'example_bash_operator' retrieved from /home/airflow/.local/lib/python3.12/site-packages/airflow/example_dags/example_bash_operator.py
[2024-07-02T11:58:08.445+0000] {logging_mixin.py:188} INFO - [2024-07-02T11:58:08.445+0000] {dag.py:3096} INFO - Sync 1 DAGs
[2024-07-02T11:58:08.463+0000] {logging_mixin.py:188} INFO - [2024-07-02T11:58:08.463+0000] {dag.py:3954} INFO - Setting next_dagrun for example_bash_operator to 2024-07-01 00:00:00+00:00, run_after=2024-07-02 00:00:00+00:00
[2024-07-02T11:58:08.482+0000] {processor.py:183} INFO - Processing /home/airflow/.local/lib/python3.12/site-packages/airflow/example_dags/example_bash_operator.py took 0.076 seconds
[2024-07-02T11:58:39.128+0000] {processor.py:161} INFO - Started process (PID=1334) to work on /home/airflow/.local/lib/python3.12/site-packages/airflow/example_dags/example_bash_operator.py
[2024-07-02T11:58:39.130+0000] {processor.py:830} INFO - Processing file /home/airflow/.local/lib/python3.12/site-packages/airflow/example_dags/example_bash_operator.py for tasks to queue
[2024-07-02T11:58:39.131+0000] {logging_mixin.py:188} INFO - [2024-07-02T11:58:39.131+0000] {dagbag.py:545} INFO - Filling up the DagBag from /home/airflow/.local/lib/python3.12/site-packages/airflow/example_dags/example_bash_operator.py
[2024-07-02T11:58:39.141+0000] {processor.py:840} INFO - DAG(s) 'example_bash_operator' retrieved from /home/airflow/.local/lib/python3.12/site-packages/airflow/example_dags/example_bash_operator.py
[2024-07-02T11:58:39.165+0000] {logging_mixin.py:188} INFO - [2024-07-02T11:58:39.165+0000] {dag.py:3096} INFO - Sync 1 DAGs
[2024-07-02T11:58:39.184+0000] {logging_mixin.py:188} INFO - [2024-07-02T11:58:39.184+0000] {dag.py:3954} INFO - Setting next_dagrun for example_bash_operator to 2024-07-01 00:00:00+00:00, run_after=2024-07-02 00:00:00+00:00
[2024-07-02T11:58:39.205+0000] {processor.py:183} INFO - Processing /home/airflow/.local/lib/python3.12/site-packages/airflow/example_dags/example_bash_operator.py took 0.082 seconds
[2024-07-02T11:59:09.763+0000] {processor.py:161} INFO - Started process (PID=1397) to work on /home/airflow/.local/lib/python3.12/site-packages/airflow/example_dags/example_bash_operator.py
[2024-07-02T11:59:09.764+0000] {processor.py:830} INFO - Processing file /home/airflow/.local/lib/python3.12/site-packages/airflow/example_dags/example_bash_operator.py for tasks to queue
[2024-07-02T11:59:09.765+0000] {logging_mixin.py:188} INFO - [2024-07-02T11:59:09.765+0000] {dagbag.py:545} INFO - Filling up the DagBag from /home/airflow/.local/lib/python3.12/site-packages/airflow/example_dags/example_bash_operator.py
[2024-07-02T11:59:09.773+0000] {processor.py:840} INFO - DAG(s) 'example_bash_operator' retrieved from /home/airflow/.local/lib/python3.12/site-packages/airflow/example_dags/example_bash_operator.py
[2024-07-02T11:59:09.796+0000] {logging_mixin.py:188} INFO - [2024-07-02T11:59:09.796+0000] {dag.py:3096} INFO - Sync 1 DAGs
[2024-07-02T11:59:09.814+0000] {logging_mixin.py:188} INFO - [2024-07-02T11:59:09.814+0000] {dag.py:3954} INFO - Setting next_dagrun for example_bash_operator to 2024-07-01 00:00:00+00:00, run_after=2024-07-02 00:00:00+00:00
[2024-07-02T11:59:09.933+0000] {processor.py:183} INFO - Processing /home/airflow/.local/lib/python3.12/site-packages/airflow/example_dags/example_bash_operator.py took 0.175 seconds
[2024-07-02T11:59:40.881+0000] {processor.py:161} INFO - Started process (PID=1460) to work on /home/airflow/.local/lib/python3.12/site-packages/airflow/example_dags/example_bash_operator.py
[2024-07-02T11:59:40.883+0000] {processor.py:830} INFO - Processing file /home/airflow/.local/lib/python3.12/site-packages/airflow/example_dags/example_bash_operator.py for tasks to queue
[2024-07-02T11:59:40.884+0000] {logging_mixin.py:188} INFO - [2024-07-02T11:59:40.884+0000] {dagbag.py:545} INFO - Filling up the DagBag from /home/airflow/.local/lib/python3.12/site-packages/airflow/example_dags/example_bash_operator.py
[2024-07-02T11:59:40.895+0000] {processor.py:840} INFO - DAG(s) 'example_bash_operator' retrieved from /home/airflow/.local/lib/python3.12/site-packages/airflow/example_dags/example_bash_operator.py
[2024-07-02T11:59:40.919+0000] {logging_mixin.py:188} INFO - [2024-07-02T11:59:40.919+0000] {dag.py:3096} INFO - Sync 1 DAGs
[2024-07-02T11:59:40.941+0000] {logging_mixin.py:188} INFO - [2024-07-02T11:59:40.941+0000] {dag.py:3954} INFO - Setting next_dagrun for example_bash_operator to 2024-07-01 00:00:00+00:00, run_after=2024-07-02 00:00:00+00:00
[2024-07-02T11:59:40.965+0000] {processor.py:183} INFO - Processing /home/airflow/.local/lib/python3.12/site-packages/airflow/example_dags/example_bash_operator.py took 0.091 seconds
[2024-07-02T12:00:11.537+0000] {processor.py:161} INFO - Started process (PID=1523) to work on /home/airflow/.local/lib/python3.12/site-packages/airflow/example_dags/example_bash_operator.py
[2024-07-02T12:00:11.538+0000] {processor.py:830} INFO - Processing file /home/airflow/.local/lib/python3.12/site-packages/airflow/example_dags/example_bash_operator.py for tasks to queue
[2024-07-02T12:00:11.539+0000] {logging_mixin.py:188} INFO - [2024-07-02T12:00:11.539+0000] {dagbag.py:545} INFO - Filling up the DagBag from /home/airflow/.local/lib/python3.12/site-packages/airflow/example_dags/example_bash_operator.py
[2024-07-02T12:00:11.548+0000] {processor.py:840} INFO - DAG(s) 'example_bash_operator' retrieved from /home/airflow/.local/lib/python3.12/site-packages/airflow/example_dags/example_bash_operator.py
[2024-07-02T12:00:11.572+0000] {logging_mixin.py:188} INFO - [2024-07-02T12:00:11.571+0000] {dag.py:3096} INFO - Sync 1 DAGs
[2024-07-02T12:00:11.589+0000] {logging_mixin.py:188} INFO - [2024-07-02T12:00:11.589+0000] {dag.py:3954} INFO - Setting next_dagrun for example_bash_operator to 2024-07-01 00:00:00+00:00, run_after=2024-07-02 00:00:00+00:00
[2024-07-02T12:00:11.606+0000] {processor.py:183} INFO - Processing /home/airflow/.local/lib/python3.12/site-packages/airflow/example_dags/example_bash_operator.py took 0.075 seconds
[2024-07-02T12:00:42.866+0000] {processor.py:161} INFO - Started process (PID=1586) to work on /home/airflow/.local/lib/python3.12/site-packages/airflow/example_dags/example_bash_operator.py
[2024-07-02T12:00:42.868+0000] {processor.py:830} INFO - Processing file /home/airflow/.local/lib/python3.12/site-packages/airflow/example_dags/example_bash_operator.py for tasks to queue
[2024-07-02T12:00:42.869+0000] {logging_mixin.py:188} INFO - [2024-07-02T12:00:42.869+0000] {dagbag.py:545} INFO - Filling up the DagBag from /home/airflow/.local/lib/python3.12/site-packages/airflow/example_dags/example_bash_operator.py
[2024-07-02T12:00:42.880+0000] {processor.py:840} INFO - DAG(s) 'example_bash_operator' retrieved from /home/airflow/.local/lib/python3.12/site-packages/airflow/example_dags/example_bash_operator.py
[2024-07-02T12:00:42.905+0000] {logging_mixin.py:188} INFO - [2024-07-02T12:00:42.904+0000] {dag.py:3096} INFO - Sync 1 DAGs
[2024-07-02T12:00:42.924+0000] {logging_mixin.py:188} INFO - [2024-07-02T12:00:42.924+0000] {dag.py:3954} INFO - Setting next_dagrun for example_bash_operator to 2024-07-01 00:00:00+00:00, run_after=2024-07-02 00:00:00+00:00
[2024-07-02T12:00:42.944+0000] {processor.py:183} INFO - Processing /home/airflow/.local/lib/python3.12/site-packages/airflow/example_dags/example_bash_operator.py took 0.085 seconds
[2024-07-02T12:01:13.466+0000] {processor.py:161} INFO - Started process (PID=1649) to work on /home/airflow/.local/lib/python3.12/site-packages/airflow/example_dags/example_bash_operator.py
[2024-07-02T12:01:13.467+0000] {processor.py:830} INFO - Processing file /home/airflow/.local/lib/python3.12/site-packages/airflow/example_dags/example_bash_operator.py for tasks to queue
[2024-07-02T12:01:13.468+0000] {logging_mixin.py:188} INFO - [2024-07-02T12:01:13.467+0000] {dagbag.py:545} INFO - Filling up the DagBag from /home/airflow/.local/lib/python3.12/site-packages/airflow/example_dags/example_bash_operator.py
[2024-07-02T12:01:13.479+0000] {processor.py:840} INFO - DAG(s) 'example_bash_operator' retrieved from /home/airflow/.local/lib/python3.12/site-packages/airflow/example_dags/example_bash_operator.py
[2024-07-02T12:01:13.502+0000] {logging_mixin.py:188} INFO - [2024-07-02T12:01:13.502+0000] {dag.py:3096} INFO - Sync 1 DAGs
[2024-07-02T12:01:13.521+0000] {logging_mixin.py:188} INFO - [2024-07-02T12:01:13.521+0000] {dag.py:3954} INFO - Setting next_dagrun for example_bash_operator to 2024-07-01 00:00:00+00:00, run_after=2024-07-02 00:00:00+00:00
[2024-07-02T12:01:13.540+0000] {processor.py:183} INFO - Processing /home/airflow/.local/lib/python3.12/site-packages/airflow/example_dags/example_bash_operator.py took 0.081 seconds
[2024-07-02T12:01:45.442+0000] {processor.py:161} INFO - Started process (PID=1712) to work on /home/airflow/.local/lib/python3.12/site-packages/airflow/example_dags/example_bash_operator.py
[2024-07-02T12:01:45.443+0000] {processor.py:830} INFO - Processing file /home/airflow/.local/lib/python3.12/site-packages/airflow/example_dags/example_bash_operator.py for tasks to queue
[2024-07-02T12:01:45.445+0000] {logging_mixin.py:188} INFO - [2024-07-02T12:01:45.444+0000] {dagbag.py:545} INFO - Filling up the DagBag from /home/airflow/.local/lib/python3.12/site-packages/airflow/example_dags/example_bash_operator.py
[2024-07-02T12:01:45.454+0000] {processor.py:840} INFO - DAG(s) 'example_bash_operator' retrieved from /home/airflow/.local/lib/python3.12/site-packages/airflow/example_dags/example_bash_operator.py
[2024-07-02T12:01:45.476+0000] {logging_mixin.py:188} INFO - [2024-07-02T12:01:45.476+0000] {dag.py:3096} INFO - Sync 1 DAGs
[2024-07-02T12:01:45.496+0000] {logging_mixin.py:188} INFO - [2024-07-02T12:01:45.496+0000] {dag.py:3954} INFO - Setting next_dagrun for example_bash_operator to 2024-07-01 00:00:00+00:00, run_after=2024-07-02 00:00:00+00:00
[2024-07-02T12:01:45.514+0000] {processor.py:183} INFO - Processing /home/airflow/.local/lib/python3.12/site-packages/airflow/example_dags/example_bash_operator.py took 0.080 seconds
[2024-07-02T12:02:16.308+0000] {processor.py:161} INFO - Started process (PID=1775) to work on /home/airflow/.local/lib/python3.12/site-packages/airflow/example_dags/example_bash_operator.py
[2024-07-02T12:02:16.309+0000] {processor.py:830} INFO - Processing file /home/airflow/.local/lib/python3.12/site-packages/airflow/example_dags/example_bash_operator.py for tasks to queue
[2024-07-02T12:02:16.310+0000] {logging_mixin.py:188} INFO - [2024-07-02T12:02:16.310+0000] {dagbag.py:545} INFO - Filling up the DagBag from /home/airflow/.local/lib/python3.12/site-packages/airflow/example_dags/example_bash_operator.py
[2024-07-02T12:02:16.320+0000] {processor.py:840} INFO - DAG(s) 'example_bash_operator' retrieved from /home/airflow/.local/lib/python3.12/site-packages/airflow/example_dags/example_bash_operator.py
[2024-07-02T12:02:16.344+0000] {logging_mixin.py:188} INFO - [2024-07-02T12:02:16.343+0000] {dag.py:3096} INFO - Sync 1 DAGs
[2024-07-02T12:02:16.362+0000] {logging_mixin.py:188} INFO - [2024-07-02T12:02:16.362+0000] {dag.py:3954} INFO - Setting next_dagrun for example_bash_operator to 2024-07-01 00:00:00+00:00, run_after=2024-07-02 00:00:00+00:00
[2024-07-02T12:02:16.381+0000] {processor.py:183} INFO - Processing /home/airflow/.local/lib/python3.12/site-packages/airflow/example_dags/example_bash_operator.py took 0.080 seconds
[2024-07-02T12:02:46.551+0000] {processor.py:161} INFO - Started process (PID=1838) to work on /home/airflow/.local/lib/python3.12/site-packages/airflow/example_dags/example_bash_operator.py
[2024-07-02T12:02:46.553+0000] {processor.py:830} INFO - Processing file /home/airflow/.local/lib/python3.12/site-packages/airflow/example_dags/example_bash_operator.py for tasks to queue
[2024-07-02T12:02:46.554+0000] {logging_mixin.py:188} INFO - [2024-07-02T12:02:46.553+0000] {dagbag.py:545} INFO - Filling up the DagBag from /home/airflow/.local/lib/python3.12/site-packages/airflow/example_dags/example_bash_operator.py
[2024-07-02T12:02:46.564+0000] {processor.py:840} INFO - DAG(s) 'example_bash_operator' retrieved from /home/airflow/.local/lib/python3.12/site-packages/airflow/example_dags/example_bash_operator.py
[2024-07-02T12:02:46.588+0000] {logging_mixin.py:188} INFO - [2024-07-02T12:02:46.588+0000] {dag.py:3096} INFO - Sync 1 DAGs
[2024-07-02T12:02:46.608+0000] {logging_mixin.py:188} INFO - [2024-07-02T12:02:46.608+0000] {dag.py:3954} INFO - Setting next_dagrun for example_bash_operator to 2024-07-01 00:00:00+00:00, run_after=2024-07-02 00:00:00+00:00
[2024-07-02T12:02:46.628+0000] {processor.py:183} INFO - Processing /home/airflow/.local/lib/python3.12/site-packages/airflow/example_dags/example_bash_operator.py took 0.084 seconds
[2024-07-02T12:03:17.127+0000] {processor.py:161} INFO - Started process (PID=1901) to work on /home/airflow/.local/lib/python3.12/site-packages/airflow/example_dags/example_bash_operator.py
[2024-07-02T12:03:17.128+0000] {processor.py:830} INFO - Processing file /home/airflow/.local/lib/python3.12/site-packages/airflow/example_dags/example_bash_operator.py for tasks to queue
[2024-07-02T12:03:17.129+0000] {logging_mixin.py:188} INFO - [2024-07-02T12:03:17.129+0000] {dagbag.py:545} INFO - Filling up the DagBag from /home/airflow/.local/lib/python3.12/site-packages/airflow/example_dags/example_bash_operator.py
[2024-07-02T12:03:17.139+0000] {processor.py:840} INFO - DAG(s) 'example_bash_operator' retrieved from /home/airflow/.local/lib/python3.12/site-packages/airflow/example_dags/example_bash_operator.py
[2024-07-02T12:03:17.163+0000] {logging_mixin.py:188} INFO - [2024-07-02T12:03:17.163+0000] {dag.py:3096} INFO - Sync 1 DAGs
[2024-07-02T12:03:17.182+0000] {logging_mixin.py:188} INFO - [2024-07-02T12:03:17.182+0000] {dag.py:3954} INFO - Setting next_dagrun for example_bash_operator to 2024-07-01 00:00:00+00:00, run_after=2024-07-02 00:00:00+00:00
[2024-07-02T12:03:17.202+0000] {processor.py:183} INFO - Processing /home/airflow/.local/lib/python3.12/site-packages/airflow/example_dags/example_bash_operator.py took 0.082 seconds
[2024-07-02T12:03:48.177+0000] {processor.py:161} INFO - Started process (PID=1964) to work on /home/airflow/.local/lib/python3.12/site-packages/airflow/example_dags/example_bash_operator.py
[2024-07-02T12:03:48.179+0000] {processor.py:830} INFO - Processing file /home/airflow/.local/lib/python3.12/site-packages/airflow/example_dags/example_bash_operator.py for tasks to queue
[2024-07-02T12:03:48.180+0000] {logging_mixin.py:188} INFO - [2024-07-02T12:03:48.180+0000] {dagbag.py:545} INFO - Filling up the DagBag from /home/airflow/.local/lib/python3.12/site-packages/airflow/example_dags/example_bash_operator.py
[2024-07-02T12:03:48.193+0000] {processor.py:840} INFO - DAG(s) 'example_bash_operator' retrieved from /home/airflow/.local/lib/python3.12/site-packages/airflow/example_dags/example_bash_operator.py
[2024-07-02T12:03:48.228+0000] {logging_mixin.py:188} INFO - [2024-07-02T12:03:48.228+0000] {dag.py:3096} INFO - Sync 1 DAGs
[2024-07-02T12:03:48.249+0000] {logging_mixin.py:188} INFO - [2024-07-02T12:03:48.248+0000] {dag.py:3954} INFO - Setting next_dagrun for example_bash_operator to 2024-07-01 00:00:00+00:00, run_after=2024-07-02 00:00:00+00:00
[2024-07-02T12:03:48.269+0000] {processor.py:183} INFO - Processing /home/airflow/.local/lib/python3.12/site-packages/airflow/example_dags/example_bash_operator.py took 0.102 seconds
[2024-07-02T12:04:18.653+0000] {processor.py:161} INFO - Started process (PID=2027) to work on /home/airflow/.local/lib/python3.12/site-packages/airflow/example_dags/example_bash_operator.py
[2024-07-02T12:04:18.655+0000] {processor.py:830} INFO - Processing file /home/airflow/.local/lib/python3.12/site-packages/airflow/example_dags/example_bash_operator.py for tasks to queue
[2024-07-02T12:04:18.656+0000] {logging_mixin.py:188} INFO - [2024-07-02T12:04:18.656+0000] {dagbag.py:545} INFO - Filling up the DagBag from /home/airflow/.local/lib/python3.12/site-packages/airflow/example_dags/example_bash_operator.py
[2024-07-02T12:04:18.665+0000] {processor.py:840} INFO - DAG(s) 'example_bash_operator' retrieved from /home/airflow/.local/lib/python3.12/site-packages/airflow/example_dags/example_bash_operator.py
[2024-07-02T12:04:18.691+0000] {logging_mixin.py:188} INFO - [2024-07-02T12:04:18.690+0000] {dag.py:3096} INFO - Sync 1 DAGs
[2024-07-02T12:04:18.711+0000] {logging_mixin.py:188} INFO - [2024-07-02T12:04:18.710+0000] {dag.py:3954} INFO - Setting next_dagrun for example_bash_operator to 2024-07-01 00:00:00+00:00, run_after=2024-07-02 00:00:00+00:00
[2024-07-02T12:04:18.730+0000] {processor.py:183} INFO - Processing /home/airflow/.local/lib/python3.12/site-packages/airflow/example_dags/example_bash_operator.py took 0.084 seconds
[2024-07-02T12:04:49.202+0000] {processor.py:161} INFO - Started process (PID=2089) to work on /home/airflow/.local/lib/python3.12/site-packages/airflow/example_dags/example_bash_operator.py
[2024-07-02T12:04:49.203+0000] {processor.py:830} INFO - Processing file /home/airflow/.local/lib/python3.12/site-packages/airflow/example_dags/example_bash_operator.py for tasks to queue
[2024-07-02T12:04:49.205+0000] {logging_mixin.py:188} INFO - [2024-07-02T12:04:49.204+0000] {dagbag.py:545} INFO - Filling up the DagBag from /home/airflow/.local/lib/python3.12/site-packages/airflow/example_dags/example_bash_operator.py
[2024-07-02T12:04:49.214+0000] {processor.py:840} INFO - DAG(s) 'example_bash_operator' retrieved from /home/airflow/.local/lib/python3.12/site-packages/airflow/example_dags/example_bash_operator.py
[2024-07-02T12:04:49.240+0000] {logging_mixin.py:188} INFO - [2024-07-02T12:04:49.239+0000] {dag.py:3096} INFO - Sync 1 DAGs
[2024-07-02T12:04:49.260+0000] {logging_mixin.py:188} INFO - [2024-07-02T12:04:49.260+0000] {dag.py:3954} INFO - Setting next_dagrun for example_bash_operator to 2024-07-01 00:00:00+00:00, run_after=2024-07-02 00:00:00+00:00
[2024-07-02T12:04:49.280+0000] {processor.py:183} INFO - Processing /home/airflow/.local/lib/python3.12/site-packages/airflow/example_dags/example_bash_operator.py took 0.086 seconds
[2024-07-02T12:05:19.947+0000] {processor.py:161} INFO - Started process (PID=2152) to work on /home/airflow/.local/lib/python3.12/site-packages/airflow/example_dags/example_bash_operator.py
[2024-07-02T12:05:19.948+0000] {processor.py:830} INFO - Processing file /home/airflow/.local/lib/python3.12/site-packages/airflow/example_dags/example_bash_operator.py for tasks to queue
[2024-07-02T12:05:19.949+0000] {logging_mixin.py:188} INFO - [2024-07-02T12:05:19.949+0000] {dagbag.py:545} INFO - Filling up the DagBag from /home/airflow/.local/lib/python3.12/site-packages/airflow/example_dags/example_bash_operator.py
[2024-07-02T12:05:19.959+0000] {processor.py:840} INFO - DAG(s) 'example_bash_operator' retrieved from /home/airflow/.local/lib/python3.12/site-packages/airflow/example_dags/example_bash_operator.py
[2024-07-02T12:05:19.987+0000] {logging_mixin.py:188} INFO - [2024-07-02T12:05:19.986+0000] {dag.py:3096} INFO - Sync 1 DAGs
[2024-07-02T12:05:20.007+0000] {logging_mixin.py:188} INFO - [2024-07-02T12:05:20.007+0000] {dag.py:3954} INFO - Setting next_dagrun for example_bash_operator to 2024-07-01 00:00:00+00:00, run_after=2024-07-02 00:00:00+00:00
[2024-07-02T12:05:20.025+0000] {processor.py:183} INFO - Processing /home/airflow/.local/lib/python3.12/site-packages/airflow/example_dags/example_bash_operator.py took 0.087 seconds
[2024-07-02T12:07:43.564+0000] {processor.py:161} INFO - Started process (PID=60) to work on /home/airflow/.local/lib/python3.12/site-packages/airflow/example_dags/example_bash_operator.py
[2024-07-02T12:07:43.566+0000] {processor.py:830} INFO - Processing file /home/airflow/.local/lib/python3.12/site-packages/airflow/example_dags/example_bash_operator.py for tasks to queue
[2024-07-02T12:07:43.569+0000] {logging_mixin.py:188} INFO - [2024-07-02T12:07:43.568+0000] {dagbag.py:545} INFO - Filling up the DagBag from /home/airflow/.local/lib/python3.12/site-packages/airflow/example_dags/example_bash_operator.py
[2024-07-02T12:07:43.580+0000] {processor.py:840} INFO - DAG(s) 'example_bash_operator' retrieved from /home/airflow/.local/lib/python3.12/site-packages/airflow/example_dags/example_bash_operator.py
[2024-07-02T12:07:43.594+0000] {logging_mixin.py:188} INFO - [2024-07-02T12:07:43.593+0000] {dag.py:3096} INFO - Sync 1 DAGs
[2024-07-02T12:07:43.619+0000] {logging_mixin.py:188} INFO - [2024-07-02T12:07:43.619+0000] {dag.py:3954} INFO - Setting next_dagrun for example_bash_operator to 2024-07-01 00:00:00+00:00, run_after=2024-07-02 00:00:00+00:00
[2024-07-02T12:07:43.643+0000] {processor.py:183} INFO - Processing /home/airflow/.local/lib/python3.12/site-packages/airflow/example_dags/example_bash_operator.py took 0.086 seconds
[2024-07-02T12:08:14.711+0000] {processor.py:161} INFO - Started process (PID=123) to work on /home/airflow/.local/lib/python3.12/site-packages/airflow/example_dags/example_bash_operator.py
[2024-07-02T12:08:14.712+0000] {processor.py:830} INFO - Processing file /home/airflow/.local/lib/python3.12/site-packages/airflow/example_dags/example_bash_operator.py for tasks to queue
[2024-07-02T12:08:14.714+0000] {logging_mixin.py:188} INFO - [2024-07-02T12:08:14.713+0000] {dagbag.py:545} INFO - Filling up the DagBag from /home/airflow/.local/lib/python3.12/site-packages/airflow/example_dags/example_bash_operator.py
[2024-07-02T12:08:14.722+0000] {processor.py:840} INFO - DAG(s) 'example_bash_operator' retrieved from /home/airflow/.local/lib/python3.12/site-packages/airflow/example_dags/example_bash_operator.py
[2024-07-02T12:08:14.810+0000] {logging_mixin.py:188} INFO - [2024-07-02T12:08:14.809+0000] {dag.py:3096} INFO - Sync 1 DAGs
[2024-07-02T12:08:14.828+0000] {logging_mixin.py:188} INFO - [2024-07-02T12:08:14.828+0000] {dag.py:3954} INFO - Setting next_dagrun for example_bash_operator to 2024-07-01 00:00:00+00:00, run_after=2024-07-02 00:00:00+00:00
[2024-07-02T12:08:14.849+0000] {processor.py:183} INFO - Processing /home/airflow/.local/lib/python3.12/site-packages/airflow/example_dags/example_bash_operator.py took 0.143 seconds
[2024-07-02T12:08:45.406+0000] {processor.py:161} INFO - Started process (PID=186) to work on /home/airflow/.local/lib/python3.12/site-packages/airflow/example_dags/example_bash_operator.py
[2024-07-02T12:08:45.407+0000] {processor.py:830} INFO - Processing file /home/airflow/.local/lib/python3.12/site-packages/airflow/example_dags/example_bash_operator.py for tasks to queue
[2024-07-02T12:08:45.409+0000] {logging_mixin.py:188} INFO - [2024-07-02T12:08:45.408+0000] {dagbag.py:545} INFO - Filling up the DagBag from /home/airflow/.local/lib/python3.12/site-packages/airflow/example_dags/example_bash_operator.py
[2024-07-02T12:08:45.418+0000] {processor.py:840} INFO - DAG(s) 'example_bash_operator' retrieved from /home/airflow/.local/lib/python3.12/site-packages/airflow/example_dags/example_bash_operator.py
[2024-07-02T12:08:45.445+0000] {logging_mixin.py:188} INFO - [2024-07-02T12:08:45.444+0000] {dag.py:3096} INFO - Sync 1 DAGs
[2024-07-02T12:08:45.465+0000] {logging_mixin.py:188} INFO - [2024-07-02T12:08:45.464+0000] {dag.py:3954} INFO - Setting next_dagrun for example_bash_operator to 2024-07-01 00:00:00+00:00, run_after=2024-07-02 00:00:00+00:00
[2024-07-02T12:08:45.484+0000] {processor.py:183} INFO - Processing /home/airflow/.local/lib/python3.12/site-packages/airflow/example_dags/example_bash_operator.py took 0.084 seconds
[2024-07-02T12:09:16.242+0000] {processor.py:161} INFO - Started process (PID=249) to work on /home/airflow/.local/lib/python3.12/site-packages/airflow/example_dags/example_bash_operator.py
[2024-07-02T12:09:16.243+0000] {processor.py:830} INFO - Processing file /home/airflow/.local/lib/python3.12/site-packages/airflow/example_dags/example_bash_operator.py for tasks to queue
[2024-07-02T12:09:16.246+0000] {logging_mixin.py:188} INFO - [2024-07-02T12:09:16.245+0000] {dagbag.py:545} INFO - Filling up the DagBag from /home/airflow/.local/lib/python3.12/site-packages/airflow/example_dags/example_bash_operator.py
[2024-07-02T12:09:16.258+0000] {processor.py:840} INFO - DAG(s) 'example_bash_operator' retrieved from /home/airflow/.local/lib/python3.12/site-packages/airflow/example_dags/example_bash_operator.py
[2024-07-02T12:09:16.276+0000] {logging_mixin.py:188} INFO - [2024-07-02T12:09:16.276+0000] {dag.py:3096} INFO - Sync 1 DAGs
[2024-07-02T12:09:16.303+0000] {logging_mixin.py:188} INFO - [2024-07-02T12:09:16.303+0000] {dag.py:3954} INFO - Setting next_dagrun for example_bash_operator to 2024-07-01 00:00:00+00:00, run_after=2024-07-02 00:00:00+00:00
[2024-07-02T12:09:16.333+0000] {processor.py:183} INFO - Processing /home/airflow/.local/lib/python3.12/site-packages/airflow/example_dags/example_bash_operator.py took 0.099 seconds
[2024-07-02T12:09:48.183+0000] {processor.py:161} INFO - Started process (PID=312) to work on /home/airflow/.local/lib/python3.12/site-packages/airflow/example_dags/example_bash_operator.py
[2024-07-02T12:09:48.184+0000] {processor.py:830} INFO - Processing file /home/airflow/.local/lib/python3.12/site-packages/airflow/example_dags/example_bash_operator.py for tasks to queue
[2024-07-02T12:09:48.186+0000] {logging_mixin.py:188} INFO - [2024-07-02T12:09:48.186+0000] {dagbag.py:545} INFO - Filling up the DagBag from /home/airflow/.local/lib/python3.12/site-packages/airflow/example_dags/example_bash_operator.py
[2024-07-02T12:09:48.196+0000] {processor.py:840} INFO - DAG(s) 'example_bash_operator' retrieved from /home/airflow/.local/lib/python3.12/site-packages/airflow/example_dags/example_bash_operator.py
[2024-07-02T12:09:48.283+0000] {logging_mixin.py:188} INFO - [2024-07-02T12:09:48.283+0000] {dag.py:3096} INFO - Sync 1 DAGs
[2024-07-02T12:09:48.301+0000] {logging_mixin.py:188} INFO - [2024-07-02T12:09:48.301+0000] {dag.py:3954} INFO - Setting next_dagrun for example_bash_operator to 2024-07-01 00:00:00+00:00, run_after=2024-07-02 00:00:00+00:00
[2024-07-02T12:09:48.321+0000] {processor.py:183} INFO - Processing /home/airflow/.local/lib/python3.12/site-packages/airflow/example_dags/example_bash_operator.py took 0.145 seconds
[2024-07-02T12:10:18.375+0000] {processor.py:161} INFO - Started process (PID=375) to work on /home/airflow/.local/lib/python3.12/site-packages/airflow/example_dags/example_bash_operator.py
[2024-07-02T12:10:18.376+0000] {processor.py:830} INFO - Processing file /home/airflow/.local/lib/python3.12/site-packages/airflow/example_dags/example_bash_operator.py for tasks to queue
[2024-07-02T12:10:18.378+0000] {logging_mixin.py:188} INFO - [2024-07-02T12:10:18.378+0000] {dagbag.py:545} INFO - Filling up the DagBag from /home/airflow/.local/lib/python3.12/site-packages/airflow/example_dags/example_bash_operator.py
[2024-07-02T12:10:18.388+0000] {processor.py:840} INFO - DAG(s) 'example_bash_operator' retrieved from /home/airflow/.local/lib/python3.12/site-packages/airflow/example_dags/example_bash_operator.py
[2024-07-02T12:10:18.413+0000] {logging_mixin.py:188} INFO - [2024-07-02T12:10:18.412+0000] {dag.py:3096} INFO - Sync 1 DAGs
[2024-07-02T12:10:18.434+0000] {logging_mixin.py:188} INFO - [2024-07-02T12:10:18.434+0000] {dag.py:3954} INFO - Setting next_dagrun for example_bash_operator to 2024-07-01 00:00:00+00:00, run_after=2024-07-02 00:00:00+00:00
[2024-07-02T12:10:18.456+0000] {processor.py:183} INFO - Processing /home/airflow/.local/lib/python3.12/site-packages/airflow/example_dags/example_bash_operator.py took 0.086 seconds
[2024-07-02T12:10:49.135+0000] {processor.py:161} INFO - Started process (PID=438) to work on /home/airflow/.local/lib/python3.12/site-packages/airflow/example_dags/example_bash_operator.py
[2024-07-02T12:10:49.137+0000] {processor.py:830} INFO - Processing file /home/airflow/.local/lib/python3.12/site-packages/airflow/example_dags/example_bash_operator.py for tasks to queue
[2024-07-02T12:10:49.139+0000] {logging_mixin.py:188} INFO - [2024-07-02T12:10:49.138+0000] {dagbag.py:545} INFO - Filling up the DagBag from /home/airflow/.local/lib/python3.12/site-packages/airflow/example_dags/example_bash_operator.py
[2024-07-02T12:10:49.148+0000] {processor.py:840} INFO - DAG(s) 'example_bash_operator' retrieved from /home/airflow/.local/lib/python3.12/site-packages/airflow/example_dags/example_bash_operator.py
[2024-07-02T12:10:49.170+0000] {logging_mixin.py:188} INFO - [2024-07-02T12:10:49.170+0000] {dag.py:3096} INFO - Sync 1 DAGs
[2024-07-02T12:10:49.188+0000] {logging_mixin.py:188} INFO - [2024-07-02T12:10:49.187+0000] {dag.py:3954} INFO - Setting next_dagrun for example_bash_operator to 2024-07-01 00:00:00+00:00, run_after=2024-07-02 00:00:00+00:00
[2024-07-02T12:10:49.209+0000] {processor.py:183} INFO - Processing /home/airflow/.local/lib/python3.12/site-packages/airflow/example_dags/example_bash_operator.py took 0.079 seconds
[2024-07-02T12:11:19.685+0000] {processor.py:161} INFO - Started process (PID=502) to work on /home/airflow/.local/lib/python3.12/site-packages/airflow/example_dags/example_bash_operator.py
[2024-07-02T12:11:19.686+0000] {processor.py:830} INFO - Processing file /home/airflow/.local/lib/python3.12/site-packages/airflow/example_dags/example_bash_operator.py for tasks to queue
[2024-07-02T12:11:19.688+0000] {logging_mixin.py:188} INFO - [2024-07-02T12:11:19.688+0000] {dagbag.py:545} INFO - Filling up the DagBag from /home/airflow/.local/lib/python3.12/site-packages/airflow/example_dags/example_bash_operator.py
[2024-07-02T12:11:19.697+0000] {processor.py:840} INFO - DAG(s) 'example_bash_operator' retrieved from /home/airflow/.local/lib/python3.12/site-packages/airflow/example_dags/example_bash_operator.py
[2024-07-02T12:11:19.723+0000] {logging_mixin.py:188} INFO - [2024-07-02T12:11:19.722+0000] {dag.py:3096} INFO - Sync 1 DAGs
[2024-07-02T12:11:19.743+0000] {logging_mixin.py:188} INFO - [2024-07-02T12:11:19.743+0000] {dag.py:3954} INFO - Setting next_dagrun for example_bash_operator to 2024-07-01 00:00:00+00:00, run_after=2024-07-02 00:00:00+00:00
[2024-07-02T12:11:19.760+0000] {processor.py:183} INFO - Processing /home/airflow/.local/lib/python3.12/site-packages/airflow/example_dags/example_bash_operator.py took 0.080 seconds
[2024-07-02T12:11:50.758+0000] {processor.py:161} INFO - Started process (PID=565) to work on /home/airflow/.local/lib/python3.12/site-packages/airflow/example_dags/example_bash_operator.py
[2024-07-02T12:11:50.759+0000] {processor.py:830} INFO - Processing file /home/airflow/.local/lib/python3.12/site-packages/airflow/example_dags/example_bash_operator.py for tasks to queue
[2024-07-02T12:11:50.762+0000] {logging_mixin.py:188} INFO - [2024-07-02T12:11:50.761+0000] {dagbag.py:545} INFO - Filling up the DagBag from /home/airflow/.local/lib/python3.12/site-packages/airflow/example_dags/example_bash_operator.py
[2024-07-02T12:11:50.773+0000] {processor.py:840} INFO - DAG(s) 'example_bash_operator' retrieved from /home/airflow/.local/lib/python3.12/site-packages/airflow/example_dags/example_bash_operator.py
[2024-07-02T12:11:50.798+0000] {logging_mixin.py:188} INFO - [2024-07-02T12:11:50.797+0000] {dag.py:3096} INFO - Sync 1 DAGs
[2024-07-02T12:11:50.820+0000] {logging_mixin.py:188} INFO - [2024-07-02T12:11:50.820+0000] {dag.py:3954} INFO - Setting next_dagrun for example_bash_operator to 2024-07-01 00:00:00+00:00, run_after=2024-07-02 00:00:00+00:00
[2024-07-02T12:11:50.839+0000] {processor.py:183} INFO - Processing /home/airflow/.local/lib/python3.12/site-packages/airflow/example_dags/example_bash_operator.py took 0.088 seconds
[2024-07-02T12:12:21.773+0000] {processor.py:161} INFO - Started process (PID=628) to work on /home/airflow/.local/lib/python3.12/site-packages/airflow/example_dags/example_bash_operator.py
[2024-07-02T12:12:21.774+0000] {processor.py:830} INFO - Processing file /home/airflow/.local/lib/python3.12/site-packages/airflow/example_dags/example_bash_operator.py for tasks to queue
[2024-07-02T12:12:21.776+0000] {logging_mixin.py:188} INFO - [2024-07-02T12:12:21.776+0000] {dagbag.py:545} INFO - Filling up the DagBag from /home/airflow/.local/lib/python3.12/site-packages/airflow/example_dags/example_bash_operator.py
[2024-07-02T12:12:21.785+0000] {processor.py:840} INFO - DAG(s) 'example_bash_operator' retrieved from /home/airflow/.local/lib/python3.12/site-packages/airflow/example_dags/example_bash_operator.py
[2024-07-02T12:12:21.811+0000] {logging_mixin.py:188} INFO - [2024-07-02T12:12:21.811+0000] {dag.py:3096} INFO - Sync 1 DAGs
[2024-07-02T12:12:21.832+0000] {logging_mixin.py:188} INFO - [2024-07-02T12:12:21.832+0000] {dag.py:3954} INFO - Setting next_dagrun for example_bash_operator to 2024-07-01 00:00:00+00:00, run_after=2024-07-02 00:00:00+00:00
[2024-07-02T12:12:21.855+0000] {processor.py:183} INFO - Processing /home/airflow/.local/lib/python3.12/site-packages/airflow/example_dags/example_bash_operator.py took 0.088 seconds
[2024-07-02T12:12:53.214+0000] {processor.py:161} INFO - Started process (PID=691) to work on /home/airflow/.local/lib/python3.12/site-packages/airflow/example_dags/example_bash_operator.py
[2024-07-02T12:12:53.215+0000] {processor.py:830} INFO - Processing file /home/airflow/.local/lib/python3.12/site-packages/airflow/example_dags/example_bash_operator.py for tasks to queue
[2024-07-02T12:12:53.217+0000] {logging_mixin.py:188} INFO - [2024-07-02T12:12:53.217+0000] {dagbag.py:545} INFO - Filling up the DagBag from /home/airflow/.local/lib/python3.12/site-packages/airflow/example_dags/example_bash_operator.py
[2024-07-02T12:12:53.227+0000] {processor.py:840} INFO - DAG(s) 'example_bash_operator' retrieved from /home/airflow/.local/lib/python3.12/site-packages/airflow/example_dags/example_bash_operator.py
[2024-07-02T12:12:53.257+0000] {logging_mixin.py:188} INFO - [2024-07-02T12:12:53.256+0000] {dag.py:3096} INFO - Sync 1 DAGs
[2024-07-02T12:12:53.278+0000] {logging_mixin.py:188} INFO - [2024-07-02T12:12:53.278+0000] {dag.py:3954} INFO - Setting next_dagrun for example_bash_operator to 2024-07-01 00:00:00+00:00, run_after=2024-07-02 00:00:00+00:00
[2024-07-02T12:12:53.300+0000] {processor.py:183} INFO - Processing /home/airflow/.local/lib/python3.12/site-packages/airflow/example_dags/example_bash_operator.py took 0.093 seconds
[2024-07-02T12:13:24.467+0000] {processor.py:161} INFO - Started process (PID=754) to work on /home/airflow/.local/lib/python3.12/site-packages/airflow/example_dags/example_bash_operator.py
[2024-07-02T12:13:24.468+0000] {processor.py:830} INFO - Processing file /home/airflow/.local/lib/python3.12/site-packages/airflow/example_dags/example_bash_operator.py for tasks to queue
[2024-07-02T12:13:24.470+0000] {logging_mixin.py:188} INFO - [2024-07-02T12:13:24.469+0000] {dagbag.py:545} INFO - Filling up the DagBag from /home/airflow/.local/lib/python3.12/site-packages/airflow/example_dags/example_bash_operator.py
[2024-07-02T12:13:24.480+0000] {processor.py:840} INFO - DAG(s) 'example_bash_operator' retrieved from /home/airflow/.local/lib/python3.12/site-packages/airflow/example_dags/example_bash_operator.py
[2024-07-02T12:13:24.506+0000] {logging_mixin.py:188} INFO - [2024-07-02T12:13:24.505+0000] {dag.py:3096} INFO - Sync 1 DAGs
[2024-07-02T12:13:24.528+0000] {logging_mixin.py:188} INFO - [2024-07-02T12:13:24.527+0000] {dag.py:3954} INFO - Setting next_dagrun for example_bash_operator to 2024-07-01 00:00:00+00:00, run_after=2024-07-02 00:00:00+00:00
[2024-07-02T12:13:24.551+0000] {processor.py:183} INFO - Processing /home/airflow/.local/lib/python3.12/site-packages/airflow/example_dags/example_bash_operator.py took 0.089 seconds
[2024-07-02T12:13:54.727+0000] {processor.py:161} INFO - Started process (PID=817) to work on /home/airflow/.local/lib/python3.12/site-packages/airflow/example_dags/example_bash_operator.py
[2024-07-02T12:13:54.729+0000] {processor.py:830} INFO - Processing file /home/airflow/.local/lib/python3.12/site-packages/airflow/example_dags/example_bash_operator.py for tasks to queue
[2024-07-02T12:13:54.730+0000] {logging_mixin.py:188} INFO - [2024-07-02T12:13:54.730+0000] {dagbag.py:545} INFO - Filling up the DagBag from /home/airflow/.local/lib/python3.12/site-packages/airflow/example_dags/example_bash_operator.py
[2024-07-02T12:13:54.739+0000] {processor.py:840} INFO - DAG(s) 'example_bash_operator' retrieved from /home/airflow/.local/lib/python3.12/site-packages/airflow/example_dags/example_bash_operator.py
[2024-07-02T12:13:54.762+0000] {logging_mixin.py:188} INFO - [2024-07-02T12:13:54.762+0000] {dag.py:3096} INFO - Sync 1 DAGs
[2024-07-02T12:13:54.780+0000] {logging_mixin.py:188} INFO - [2024-07-02T12:13:54.780+0000] {dag.py:3954} INFO - Setting next_dagrun for example_bash_operator to 2024-07-01 00:00:00+00:00, run_after=2024-07-02 00:00:00+00:00
[2024-07-02T12:13:54.799+0000] {processor.py:183} INFO - Processing /home/airflow/.local/lib/python3.12/site-packages/airflow/example_dags/example_bash_operator.py took 0.078 seconds
[2024-07-02T12:14:25.969+0000] {processor.py:161} INFO - Started process (PID=880) to work on /home/airflow/.local/lib/python3.12/site-packages/airflow/example_dags/example_bash_operator.py
[2024-07-02T12:14:25.971+0000] {processor.py:830} INFO - Processing file /home/airflow/.local/lib/python3.12/site-packages/airflow/example_dags/example_bash_operator.py for tasks to queue
[2024-07-02T12:14:25.973+0000] {logging_mixin.py:188} INFO - [2024-07-02T12:14:25.973+0000] {dagbag.py:545} INFO - Filling up the DagBag from /home/airflow/.local/lib/python3.12/site-packages/airflow/example_dags/example_bash_operator.py
[2024-07-02T12:14:25.986+0000] {processor.py:840} INFO - DAG(s) 'example_bash_operator' retrieved from /home/airflow/.local/lib/python3.12/site-packages/airflow/example_dags/example_bash_operator.py
[2024-07-02T12:14:26.001+0000] {logging_mixin.py:188} INFO - [2024-07-02T12:14:26.001+0000] {dag.py:3096} INFO - Sync 1 DAGs
[2024-07-02T12:14:26.026+0000] {logging_mixin.py:188} INFO - [2024-07-02T12:14:26.026+0000] {dag.py:3954} INFO - Setting next_dagrun for example_bash_operator to 2024-07-01 00:00:00+00:00, run_after=2024-07-02 00:00:00+00:00
[2024-07-02T12:14:26.050+0000] {processor.py:183} INFO - Processing /home/airflow/.local/lib/python3.12/site-packages/airflow/example_dags/example_bash_operator.py took 0.087 seconds
[2024-07-02T12:14:57.217+0000] {processor.py:161} INFO - Started process (PID=943) to work on /home/airflow/.local/lib/python3.12/site-packages/airflow/example_dags/example_bash_operator.py
[2024-07-02T12:14:57.218+0000] {processor.py:830} INFO - Processing file /home/airflow/.local/lib/python3.12/site-packages/airflow/example_dags/example_bash_operator.py for tasks to queue
[2024-07-02T12:14:57.220+0000] {logging_mixin.py:188} INFO - [2024-07-02T12:14:57.220+0000] {dagbag.py:545} INFO - Filling up the DagBag from /home/airflow/.local/lib/python3.12/site-packages/airflow/example_dags/example_bash_operator.py
[2024-07-02T12:14:57.233+0000] {processor.py:840} INFO - DAG(s) 'example_bash_operator' retrieved from /home/airflow/.local/lib/python3.12/site-packages/airflow/example_dags/example_bash_operator.py
[2024-07-02T12:14:57.348+0000] {logging_mixin.py:188} INFO - [2024-07-02T12:14:57.348+0000] {dag.py:3096} INFO - Sync 1 DAGs
[2024-07-02T12:14:57.369+0000] {logging_mixin.py:188} INFO - [2024-07-02T12:14:57.369+0000] {dag.py:3954} INFO - Setting next_dagrun for example_bash_operator to 2024-07-01 00:00:00+00:00, run_after=2024-07-02 00:00:00+00:00
[2024-07-02T12:14:57.524+0000] {processor.py:183} INFO - Processing /home/airflow/.local/lib/python3.12/site-packages/airflow/example_dags/example_bash_operator.py took 0.314 seconds
[2024-07-02T12:15:28.438+0000] {processor.py:161} INFO - Started process (PID=1006) to work on /home/airflow/.local/lib/python3.12/site-packages/airflow/example_dags/example_bash_operator.py
[2024-07-02T12:15:28.440+0000] {processor.py:830} INFO - Processing file /home/airflow/.local/lib/python3.12/site-packages/airflow/example_dags/example_bash_operator.py for tasks to queue
[2024-07-02T12:15:28.442+0000] {logging_mixin.py:188} INFO - [2024-07-02T12:15:28.442+0000] {dagbag.py:545} INFO - Filling up the DagBag from /home/airflow/.local/lib/python3.12/site-packages/airflow/example_dags/example_bash_operator.py
[2024-07-02T12:15:28.452+0000] {processor.py:840} INFO - DAG(s) 'example_bash_operator' retrieved from /home/airflow/.local/lib/python3.12/site-packages/airflow/example_dags/example_bash_operator.py
[2024-07-02T12:15:28.476+0000] {logging_mixin.py:188} INFO - [2024-07-02T12:15:28.475+0000] {dag.py:3096} INFO - Sync 1 DAGs
[2024-07-02T12:15:28.495+0000] {logging_mixin.py:188} INFO - [2024-07-02T12:15:28.494+0000] {dag.py:3954} INFO - Setting next_dagrun for example_bash_operator to 2024-07-01 00:00:00+00:00, run_after=2024-07-02 00:00:00+00:00
[2024-07-02T12:15:28.514+0000] {processor.py:183} INFO - Processing /home/airflow/.local/lib/python3.12/site-packages/airflow/example_dags/example_bash_operator.py took 0.082 seconds
[2024-07-02T12:18:52.979+0000] {processor.py:161} INFO - Started process (PID=63) to work on /home/airflow/.local/lib/python3.12/site-packages/airflow/example_dags/example_bash_operator.py
[2024-07-02T12:18:52.981+0000] {processor.py:830} INFO - Processing file /home/airflow/.local/lib/python3.12/site-packages/airflow/example_dags/example_bash_operator.py for tasks to queue
[2024-07-02T12:18:52.983+0000] {logging_mixin.py:188} INFO - [2024-07-02T12:18:52.982+0000] {dagbag.py:545} INFO - Filling up the DagBag from /home/airflow/.local/lib/python3.12/site-packages/airflow/example_dags/example_bash_operator.py
[2024-07-02T12:18:52.993+0000] {processor.py:840} INFO - DAG(s) 'example_bash_operator' retrieved from /home/airflow/.local/lib/python3.12/site-packages/airflow/example_dags/example_bash_operator.py
[2024-07-02T12:18:53.004+0000] {logging_mixin.py:188} INFO - [2024-07-02T12:18:53.004+0000] {dag.py:3096} INFO - Sync 1 DAGs
[2024-07-02T12:18:53.026+0000] {logging_mixin.py:188} INFO - [2024-07-02T12:18:53.025+0000] {dag.py:3954} INFO - Setting next_dagrun for example_bash_operator to 2024-07-01 00:00:00+00:00, run_after=2024-07-02 00:00:00+00:00
[2024-07-02T12:18:53.047+0000] {processor.py:183} INFO - Processing /home/airflow/.local/lib/python3.12/site-packages/airflow/example_dags/example_bash_operator.py took 0.073 seconds
[2024-07-02T12:19:25.106+0000] {processor.py:161} INFO - Started process (PID=126) to work on /home/airflow/.local/lib/python3.12/site-packages/airflow/example_dags/example_bash_operator.py
[2024-07-02T12:19:25.108+0000] {processor.py:830} INFO - Processing file /home/airflow/.local/lib/python3.12/site-packages/airflow/example_dags/example_bash_operator.py for tasks to queue
[2024-07-02T12:19:25.111+0000] {logging_mixin.py:188} INFO - [2024-07-02T12:19:25.110+0000] {dagbag.py:545} INFO - Filling up the DagBag from /home/airflow/.local/lib/python3.12/site-packages/airflow/example_dags/example_bash_operator.py
[2024-07-02T12:19:25.122+0000] {processor.py:840} INFO - DAG(s) 'example_bash_operator' retrieved from /home/airflow/.local/lib/python3.12/site-packages/airflow/example_dags/example_bash_operator.py
[2024-07-02T12:19:25.215+0000] {logging_mixin.py:188} INFO - [2024-07-02T12:19:25.215+0000] {dag.py:3096} INFO - Sync 1 DAGs
[2024-07-02T12:19:25.234+0000] {logging_mixin.py:188} INFO - [2024-07-02T12:19:25.234+0000] {dag.py:3954} INFO - Setting next_dagrun for example_bash_operator to 2024-07-01 00:00:00+00:00, run_after=2024-07-02 00:00:00+00:00
[2024-07-02T12:19:25.256+0000] {processor.py:183} INFO - Processing /home/airflow/.local/lib/python3.12/site-packages/airflow/example_dags/example_bash_operator.py took 0.156 seconds
[2024-07-02T12:19:56.164+0000] {processor.py:161} INFO - Started process (PID=189) to work on /home/airflow/.local/lib/python3.12/site-packages/airflow/example_dags/example_bash_operator.py
[2024-07-02T12:19:56.166+0000] {processor.py:830} INFO - Processing file /home/airflow/.local/lib/python3.12/site-packages/airflow/example_dags/example_bash_operator.py for tasks to queue
[2024-07-02T12:19:56.168+0000] {logging_mixin.py:188} INFO - [2024-07-02T12:19:56.167+0000] {dagbag.py:545} INFO - Filling up the DagBag from /home/airflow/.local/lib/python3.12/site-packages/airflow/example_dags/example_bash_operator.py
[2024-07-02T12:19:56.177+0000] {processor.py:840} INFO - DAG(s) 'example_bash_operator' retrieved from /home/airflow/.local/lib/python3.12/site-packages/airflow/example_dags/example_bash_operator.py
[2024-07-02T12:19:56.208+0000] {logging_mixin.py:188} INFO - [2024-07-02T12:19:56.207+0000] {dag.py:3096} INFO - Sync 1 DAGs
[2024-07-02T12:19:56.228+0000] {logging_mixin.py:188} INFO - [2024-07-02T12:19:56.227+0000] {dag.py:3954} INFO - Setting next_dagrun for example_bash_operator to 2024-07-01 00:00:00+00:00, run_after=2024-07-02 00:00:00+00:00
[2024-07-02T12:19:56.250+0000] {processor.py:183} INFO - Processing /home/airflow/.local/lib/python3.12/site-packages/airflow/example_dags/example_bash_operator.py took 0.091 seconds
[2024-07-02T12:20:26.796+0000] {processor.py:161} INFO - Started process (PID=252) to work on /home/airflow/.local/lib/python3.12/site-packages/airflow/example_dags/example_bash_operator.py
[2024-07-02T12:20:26.798+0000] {processor.py:830} INFO - Processing file /home/airflow/.local/lib/python3.12/site-packages/airflow/example_dags/example_bash_operator.py for tasks to queue
[2024-07-02T12:20:26.800+0000] {logging_mixin.py:188} INFO - [2024-07-02T12:20:26.800+0000] {dagbag.py:545} INFO - Filling up the DagBag from /home/airflow/.local/lib/python3.12/site-packages/airflow/example_dags/example_bash_operator.py
[2024-07-02T12:20:26.812+0000] {processor.py:840} INFO - DAG(s) 'example_bash_operator' retrieved from /home/airflow/.local/lib/python3.12/site-packages/airflow/example_dags/example_bash_operator.py
[2024-07-02T12:20:26.840+0000] {logging_mixin.py:188} INFO - [2024-07-02T12:20:26.840+0000] {dag.py:3096} INFO - Sync 1 DAGs
[2024-07-02T12:20:26.863+0000] {logging_mixin.py:188} INFO - [2024-07-02T12:20:26.862+0000] {dag.py:3954} INFO - Setting next_dagrun for example_bash_operator to 2024-07-01 00:00:00+00:00, run_after=2024-07-02 00:00:00+00:00
[2024-07-02T12:20:26.885+0000] {processor.py:183} INFO - Processing /home/airflow/.local/lib/python3.12/site-packages/airflow/example_dags/example_bash_operator.py took 0.094 seconds
[2024-07-02T12:20:57.347+0000] {processor.py:161} INFO - Started process (PID=317) to work on /home/airflow/.local/lib/python3.12/site-packages/airflow/example_dags/example_bash_operator.py
[2024-07-02T12:20:57.348+0000] {processor.py:830} INFO - Processing file /home/airflow/.local/lib/python3.12/site-packages/airflow/example_dags/example_bash_operator.py for tasks to queue
[2024-07-02T12:20:57.350+0000] {logging_mixin.py:188} INFO - [2024-07-02T12:20:57.350+0000] {dagbag.py:545} INFO - Filling up the DagBag from /home/airflow/.local/lib/python3.12/site-packages/airflow/example_dags/example_bash_operator.py
[2024-07-02T12:20:57.362+0000] {processor.py:840} INFO - DAG(s) 'example_bash_operator' retrieved from /home/airflow/.local/lib/python3.12/site-packages/airflow/example_dags/example_bash_operator.py
[2024-07-02T12:20:57.389+0000] {logging_mixin.py:188} INFO - [2024-07-02T12:20:57.389+0000] {dag.py:3096} INFO - Sync 1 DAGs
[2024-07-02T12:20:57.412+0000] {logging_mixin.py:188} INFO - [2024-07-02T12:20:57.412+0000] {dag.py:3954} INFO - Setting next_dagrun for example_bash_operator to 2024-07-01 00:00:00+00:00, run_after=2024-07-02 00:00:00+00:00
[2024-07-02T12:20:57.435+0000] {processor.py:183} INFO - Processing /home/airflow/.local/lib/python3.12/site-packages/airflow/example_dags/example_bash_operator.py took 0.093 seconds
[2024-07-02T12:21:27.918+0000] {processor.py:161} INFO - Started process (PID=380) to work on /home/airflow/.local/lib/python3.12/site-packages/airflow/example_dags/example_bash_operator.py
[2024-07-02T12:21:27.919+0000] {processor.py:830} INFO - Processing file /home/airflow/.local/lib/python3.12/site-packages/airflow/example_dags/example_bash_operator.py for tasks to queue
[2024-07-02T12:21:27.921+0000] {logging_mixin.py:188} INFO - [2024-07-02T12:21:27.921+0000] {dagbag.py:545} INFO - Filling up the DagBag from /home/airflow/.local/lib/python3.12/site-packages/airflow/example_dags/example_bash_operator.py
[2024-07-02T12:21:27.932+0000] {processor.py:840} INFO - DAG(s) 'example_bash_operator' retrieved from /home/airflow/.local/lib/python3.12/site-packages/airflow/example_dags/example_bash_operator.py
[2024-07-02T12:21:27.960+0000] {logging_mixin.py:188} INFO - [2024-07-02T12:21:27.960+0000] {dag.py:3096} INFO - Sync 1 DAGs
[2024-07-02T12:21:27.989+0000] {logging_mixin.py:188} INFO - [2024-07-02T12:21:27.989+0000] {dag.py:3954} INFO - Setting next_dagrun for example_bash_operator to 2024-07-01 00:00:00+00:00, run_after=2024-07-02 00:00:00+00:00
[2024-07-02T12:21:28.019+0000] {processor.py:183} INFO - Processing /home/airflow/.local/lib/python3.12/site-packages/airflow/example_dags/example_bash_operator.py took 0.107 seconds
[2024-07-02T12:21:58.926+0000] {processor.py:161} INFO - Started process (PID=443) to work on /home/airflow/.local/lib/python3.12/site-packages/airflow/example_dags/example_bash_operator.py
[2024-07-02T12:21:58.928+0000] {processor.py:830} INFO - Processing file /home/airflow/.local/lib/python3.12/site-packages/airflow/example_dags/example_bash_operator.py for tasks to queue
[2024-07-02T12:21:58.930+0000] {logging_mixin.py:188} INFO - [2024-07-02T12:21:58.930+0000] {dagbag.py:545} INFO - Filling up the DagBag from /home/airflow/.local/lib/python3.12/site-packages/airflow/example_dags/example_bash_operator.py
[2024-07-02T12:21:58.941+0000] {processor.py:840} INFO - DAG(s) 'example_bash_operator' retrieved from /home/airflow/.local/lib/python3.12/site-packages/airflow/example_dags/example_bash_operator.py
[2024-07-02T12:21:58.966+0000] {logging_mixin.py:188} INFO - [2024-07-02T12:21:58.966+0000] {dag.py:3096} INFO - Sync 1 DAGs
[2024-07-02T12:21:58.987+0000] {logging_mixin.py:188} INFO - [2024-07-02T12:21:58.987+0000] {dag.py:3954} INFO - Setting next_dagrun for example_bash_operator to 2024-07-01 00:00:00+00:00, run_after=2024-07-02 00:00:00+00:00
[2024-07-02T12:21:59.008+0000] {processor.py:183} INFO - Processing /home/airflow/.local/lib/python3.12/site-packages/airflow/example_dags/example_bash_operator.py took 0.087 seconds
[2024-07-02T12:22:29.171+0000] {processor.py:161} INFO - Started process (PID=506) to work on /home/airflow/.local/lib/python3.12/site-packages/airflow/example_dags/example_bash_operator.py
[2024-07-02T12:22:29.173+0000] {processor.py:830} INFO - Processing file /home/airflow/.local/lib/python3.12/site-packages/airflow/example_dags/example_bash_operator.py for tasks to queue
[2024-07-02T12:22:29.176+0000] {logging_mixin.py:188} INFO - [2024-07-02T12:22:29.175+0000] {dagbag.py:545} INFO - Filling up the DagBag from /home/airflow/.local/lib/python3.12/site-packages/airflow/example_dags/example_bash_operator.py
[2024-07-02T12:22:29.192+0000] {processor.py:840} INFO - DAG(s) 'example_bash_operator' retrieved from /home/airflow/.local/lib/python3.12/site-packages/airflow/example_dags/example_bash_operator.py
[2024-07-02T12:22:29.226+0000] {logging_mixin.py:188} INFO - [2024-07-02T12:22:29.226+0000] {dag.py:3096} INFO - Sync 1 DAGs
[2024-07-02T12:22:29.255+0000] {logging_mixin.py:188} INFO - [2024-07-02T12:22:29.254+0000] {dag.py:3954} INFO - Setting next_dagrun for example_bash_operator to 2024-07-01 00:00:00+00:00, run_after=2024-07-02 00:00:00+00:00
[2024-07-02T12:22:29.279+0000] {processor.py:183} INFO - Processing /home/airflow/.local/lib/python3.12/site-packages/airflow/example_dags/example_bash_operator.py took 0.115 seconds
[2024-07-02T12:22:59.847+0000] {processor.py:161} INFO - Started process (PID=569) to work on /home/airflow/.local/lib/python3.12/site-packages/airflow/example_dags/example_bash_operator.py
[2024-07-02T12:22:59.849+0000] {processor.py:830} INFO - Processing file /home/airflow/.local/lib/python3.12/site-packages/airflow/example_dags/example_bash_operator.py for tasks to queue
[2024-07-02T12:22:59.851+0000] {logging_mixin.py:188} INFO - [2024-07-02T12:22:59.851+0000] {dagbag.py:545} INFO - Filling up the DagBag from /home/airflow/.local/lib/python3.12/site-packages/airflow/example_dags/example_bash_operator.py
[2024-07-02T12:22:59.864+0000] {processor.py:840} INFO - DAG(s) 'example_bash_operator' retrieved from /home/airflow/.local/lib/python3.12/site-packages/airflow/example_dags/example_bash_operator.py
[2024-07-02T12:22:59.896+0000] {logging_mixin.py:188} INFO - [2024-07-02T12:22:59.896+0000] {dag.py:3096} INFO - Sync 1 DAGs
[2024-07-02T12:22:59.924+0000] {logging_mixin.py:188} INFO - [2024-07-02T12:22:59.923+0000] {dag.py:3954} INFO - Setting next_dagrun for example_bash_operator to 2024-07-01 00:00:00+00:00, run_after=2024-07-02 00:00:00+00:00
[2024-07-02T12:22:59.952+0000] {processor.py:183} INFO - Processing /home/airflow/.local/lib/python3.12/site-packages/airflow/example_dags/example_bash_operator.py took 0.111 seconds
[2024-07-02T12:23:30.849+0000] {processor.py:161} INFO - Started process (PID=633) to work on /home/airflow/.local/lib/python3.12/site-packages/airflow/example_dags/example_bash_operator.py
[2024-07-02T12:23:30.851+0000] {processor.py:830} INFO - Processing file /home/airflow/.local/lib/python3.12/site-packages/airflow/example_dags/example_bash_operator.py for tasks to queue
[2024-07-02T12:23:30.854+0000] {logging_mixin.py:188} INFO - [2024-07-02T12:23:30.853+0000] {dagbag.py:545} INFO - Filling up the DagBag from /home/airflow/.local/lib/python3.12/site-packages/airflow/example_dags/example_bash_operator.py
[2024-07-02T12:23:30.869+0000] {processor.py:840} INFO - DAG(s) 'example_bash_operator' retrieved from /home/airflow/.local/lib/python3.12/site-packages/airflow/example_dags/example_bash_operator.py
[2024-07-02T12:23:30.900+0000] {logging_mixin.py:188} INFO - [2024-07-02T12:23:30.900+0000] {dag.py:3096} INFO - Sync 1 DAGs
[2024-07-02T12:23:30.928+0000] {logging_mixin.py:188} INFO - [2024-07-02T12:23:30.928+0000] {dag.py:3954} INFO - Setting next_dagrun for example_bash_operator to 2024-07-01 00:00:00+00:00, run_after=2024-07-02 00:00:00+00:00
[2024-07-02T12:23:30.955+0000] {processor.py:183} INFO - Processing /home/airflow/.local/lib/python3.12/site-packages/airflow/example_dags/example_bash_operator.py took 0.113 seconds
[2024-07-02T12:37:14.877+0000] {processor.py:161} INFO - Started process (PID=1995) to work on /home/airflow/.local/lib/python3.12/site-packages/airflow/example_dags/example_bash_operator.py
[2024-07-02T12:37:14.878+0000] {processor.py:830} INFO - Processing file /home/airflow/.local/lib/python3.12/site-packages/airflow/example_dags/example_bash_operator.py for tasks to queue
[2024-07-02T12:37:14.879+0000] {logging_mixin.py:188} INFO - [2024-07-02T12:37:14.879+0000] {dagbag.py:545} INFO - Filling up the DagBag from /home/airflow/.local/lib/python3.12/site-packages/airflow/example_dags/example_bash_operator.py
[2024-07-02T12:37:14.887+0000] {processor.py:840} INFO - DAG(s) 'example_bash_operator' retrieved from /home/airflow/.local/lib/python3.12/site-packages/airflow/example_dags/example_bash_operator.py
[2024-07-02T12:37:14.909+0000] {logging_mixin.py:188} INFO - [2024-07-02T12:37:14.909+0000] {dag.py:3096} INFO - Sync 1 DAGs
[2024-07-02T12:37:14.927+0000] {logging_mixin.py:188} INFO - [2024-07-02T12:37:14.926+0000] {dag.py:3954} INFO - Setting next_dagrun for example_bash_operator to 2024-07-01 00:00:00+00:00, run_after=2024-07-02 00:00:00+00:00
[2024-07-02T12:37:14.946+0000] {processor.py:183} INFO - Processing /home/airflow/.local/lib/python3.12/site-packages/airflow/example_dags/example_bash_operator.py took 0.074 seconds
[2024-07-02T12:37:45.353+0000] {processor.py:161} INFO - Started process (PID=2057) to work on /home/airflow/.local/lib/python3.12/site-packages/airflow/example_dags/example_bash_operator.py
[2024-07-02T12:37:45.354+0000] {processor.py:830} INFO - Processing file /home/airflow/.local/lib/python3.12/site-packages/airflow/example_dags/example_bash_operator.py for tasks to queue
[2024-07-02T12:37:45.355+0000] {logging_mixin.py:188} INFO - [2024-07-02T12:37:45.355+0000] {dagbag.py:545} INFO - Filling up the DagBag from /home/airflow/.local/lib/python3.12/site-packages/airflow/example_dags/example_bash_operator.py
[2024-07-02T12:37:45.363+0000] {processor.py:840} INFO - DAG(s) 'example_bash_operator' retrieved from /home/airflow/.local/lib/python3.12/site-packages/airflow/example_dags/example_bash_operator.py
[2024-07-02T12:37:45.387+0000] {logging_mixin.py:188} INFO - [2024-07-02T12:37:45.387+0000] {dag.py:3096} INFO - Sync 1 DAGs
[2024-07-02T12:37:45.405+0000] {logging_mixin.py:188} INFO - [2024-07-02T12:37:45.404+0000] {dag.py:3954} INFO - Setting next_dagrun for example_bash_operator to 2024-07-01 00:00:00+00:00, run_after=2024-07-02 00:00:00+00:00
[2024-07-02T12:37:45.421+0000] {processor.py:183} INFO - Processing /home/airflow/.local/lib/python3.12/site-packages/airflow/example_dags/example_bash_operator.py took 0.073 seconds
[2024-07-02T14:46:55.483+0000] {processor.py:161} INFO - Started process (PID=74) to work on /home/airflow/.local/lib/python3.12/site-packages/airflow/example_dags/example_bash_operator.py
[2024-07-02T14:46:55.484+0000] {processor.py:830} INFO - Processing file /home/airflow/.local/lib/python3.12/site-packages/airflow/example_dags/example_bash_operator.py for tasks to queue
[2024-07-02T14:46:55.487+0000] {logging_mixin.py:188} INFO - [2024-07-02T14:46:55.487+0000] {dagbag.py:545} INFO - Filling up the DagBag from /home/airflow/.local/lib/python3.12/site-packages/airflow/example_dags/example_bash_operator.py
[2024-07-02T14:46:55.499+0000] {processor.py:840} INFO - DAG(s) 'example_bash_operator' retrieved from /home/airflow/.local/lib/python3.12/site-packages/airflow/example_dags/example_bash_operator.py
[2024-07-02T14:46:55.587+0000] {logging_mixin.py:188} INFO - [2024-07-02T14:46:55.586+0000] {dag.py:3096} INFO - Sync 1 DAGs
[2024-07-02T14:46:55.606+0000] {logging_mixin.py:188} INFO - [2024-07-02T14:46:55.606+0000] {dag.py:3954} INFO - Setting next_dagrun for example_bash_operator to 2024-07-01 00:00:00+00:00, run_after=2024-07-02 00:00:00+00:00
[2024-07-02T14:46:55.626+0000] {processor.py:183} INFO - Processing /home/airflow/.local/lib/python3.12/site-packages/airflow/example_dags/example_bash_operator.py took 0.148 seconds
[2024-07-02T14:50:00.190+0000] {processor.py:161} INFO - Started process (PID=81) to work on /home/airflow/.local/lib/python3.12/site-packages/airflow/example_dags/example_bash_operator.py
[2024-07-02T14:50:00.192+0000] {processor.py:830} INFO - Processing file /home/airflow/.local/lib/python3.12/site-packages/airflow/example_dags/example_bash_operator.py for tasks to queue
[2024-07-02T14:50:00.195+0000] {logging_mixin.py:188} INFO - [2024-07-02T14:50:00.195+0000] {dagbag.py:545} INFO - Filling up the DagBag from /home/airflow/.local/lib/python3.12/site-packages/airflow/example_dags/example_bash_operator.py
[2024-07-02T14:50:00.204+0000] {processor.py:840} INFO - DAG(s) 'example_bash_operator' retrieved from /home/airflow/.local/lib/python3.12/site-packages/airflow/example_dags/example_bash_operator.py
[2024-07-02T14:50:00.286+0000] {logging_mixin.py:188} INFO - [2024-07-02T14:50:00.286+0000] {dag.py:3096} INFO - Sync 1 DAGs
[2024-07-02T14:50:00.301+0000] {logging_mixin.py:188} INFO - [2024-07-02T14:50:00.301+0000] {dag.py:3954} INFO - Setting next_dagrun for example_bash_operator to 2024-07-01 00:00:00+00:00, run_after=2024-07-02 00:00:00+00:00
[2024-07-02T14:50:00.322+0000] {processor.py:183} INFO - Processing /home/airflow/.local/lib/python3.12/site-packages/airflow/example_dags/example_bash_operator.py took 0.137 seconds
[2024-07-02T14:50:30.413+0000] {processor.py:161} INFO - Started process (PID=141) to work on /home/airflow/.local/lib/python3.12/site-packages/airflow/example_dags/example_bash_operator.py
[2024-07-02T14:50:30.414+0000] {processor.py:830} INFO - Processing file /home/airflow/.local/lib/python3.12/site-packages/airflow/example_dags/example_bash_operator.py for tasks to queue
[2024-07-02T14:50:30.416+0000] {logging_mixin.py:188} INFO - [2024-07-02T14:50:30.416+0000] {dagbag.py:545} INFO - Filling up the DagBag from /home/airflow/.local/lib/python3.12/site-packages/airflow/example_dags/example_bash_operator.py
[2024-07-02T14:50:30.425+0000] {processor.py:840} INFO - DAG(s) 'example_bash_operator' retrieved from /home/airflow/.local/lib/python3.12/site-packages/airflow/example_dags/example_bash_operator.py
[2024-07-02T14:50:30.447+0000] {logging_mixin.py:188} INFO - [2024-07-02T14:50:30.447+0000] {dag.py:3096} INFO - Sync 1 DAGs
[2024-07-02T14:50:30.462+0000] {logging_mixin.py:188} INFO - [2024-07-02T14:50:30.462+0000] {dag.py:3954} INFO - Setting next_dagrun for example_bash_operator to 2024-07-01 00:00:00+00:00, run_after=2024-07-02 00:00:00+00:00
[2024-07-02T14:50:30.478+0000] {processor.py:183} INFO - Processing /home/airflow/.local/lib/python3.12/site-packages/airflow/example_dags/example_bash_operator.py took 0.069 seconds
[2024-07-02T14:51:01.080+0000] {processor.py:161} INFO - Started process (PID=200) to work on /home/airflow/.local/lib/python3.12/site-packages/airflow/example_dags/example_bash_operator.py
[2024-07-02T14:51:01.082+0000] {processor.py:830} INFO - Processing file /home/airflow/.local/lib/python3.12/site-packages/airflow/example_dags/example_bash_operator.py for tasks to queue
[2024-07-02T14:51:01.083+0000] {logging_mixin.py:188} INFO - [2024-07-02T14:51:01.082+0000] {dagbag.py:545} INFO - Filling up the DagBag from /home/airflow/.local/lib/python3.12/site-packages/airflow/example_dags/example_bash_operator.py
[2024-07-02T14:51:01.093+0000] {processor.py:840} INFO - DAG(s) 'example_bash_operator' retrieved from /home/airflow/.local/lib/python3.12/site-packages/airflow/example_dags/example_bash_operator.py
[2024-07-02T14:51:01.121+0000] {logging_mixin.py:188} INFO - [2024-07-02T14:51:01.121+0000] {dag.py:3096} INFO - Sync 1 DAGs
[2024-07-02T14:51:01.141+0000] {logging_mixin.py:188} INFO - [2024-07-02T14:51:01.141+0000] {dag.py:3954} INFO - Setting next_dagrun for example_bash_operator to 2024-07-01 00:00:00+00:00, run_after=2024-07-02 00:00:00+00:00
[2024-07-02T14:51:01.161+0000] {processor.py:183} INFO - Processing /home/airflow/.local/lib/python3.12/site-packages/airflow/example_dags/example_bash_operator.py took 0.085 seconds
[2024-07-02T14:51:31.461+0000] {processor.py:161} INFO - Started process (PID=258) to work on /home/airflow/.local/lib/python3.12/site-packages/airflow/example_dags/example_bash_operator.py
[2024-07-02T14:51:31.464+0000] {processor.py:830} INFO - Processing file /home/airflow/.local/lib/python3.12/site-packages/airflow/example_dags/example_bash_operator.py for tasks to queue
[2024-07-02T14:51:31.466+0000] {logging_mixin.py:188} INFO - [2024-07-02T14:51:31.465+0000] {dagbag.py:545} INFO - Filling up the DagBag from /home/airflow/.local/lib/python3.12/site-packages/airflow/example_dags/example_bash_operator.py
[2024-07-02T14:51:31.474+0000] {processor.py:840} INFO - DAG(s) 'example_bash_operator' retrieved from /home/airflow/.local/lib/python3.12/site-packages/airflow/example_dags/example_bash_operator.py
[2024-07-02T14:51:31.498+0000] {logging_mixin.py:188} INFO - [2024-07-02T14:51:31.498+0000] {dag.py:3096} INFO - Sync 1 DAGs
[2024-07-02T14:51:31.515+0000] {logging_mixin.py:188} INFO - [2024-07-02T14:51:31.515+0000] {dag.py:3954} INFO - Setting next_dagrun for example_bash_operator to 2024-07-01 00:00:00+00:00, run_after=2024-07-02 00:00:00+00:00
[2024-07-02T14:51:31.535+0000] {processor.py:183} INFO - Processing /home/airflow/.local/lib/python3.12/site-packages/airflow/example_dags/example_bash_operator.py took 0.078 seconds
[2024-07-02T14:52:01.625+0000] {processor.py:161} INFO - Started process (PID=316) to work on /home/airflow/.local/lib/python3.12/site-packages/airflow/example_dags/example_bash_operator.py
[2024-07-02T14:52:01.628+0000] {processor.py:830} INFO - Processing file /home/airflow/.local/lib/python3.12/site-packages/airflow/example_dags/example_bash_operator.py for tasks to queue
[2024-07-02T14:52:01.629+0000] {logging_mixin.py:188} INFO - [2024-07-02T14:52:01.629+0000] {dagbag.py:545} INFO - Filling up the DagBag from /home/airflow/.local/lib/python3.12/site-packages/airflow/example_dags/example_bash_operator.py
[2024-07-02T14:52:01.638+0000] {processor.py:840} INFO - DAG(s) 'example_bash_operator' retrieved from /home/airflow/.local/lib/python3.12/site-packages/airflow/example_dags/example_bash_operator.py
[2024-07-02T14:52:01.662+0000] {logging_mixin.py:188} INFO - [2024-07-02T14:52:01.662+0000] {dag.py:3096} INFO - Sync 1 DAGs
[2024-07-02T14:52:01.680+0000] {logging_mixin.py:188} INFO - [2024-07-02T14:52:01.680+0000] {dag.py:3954} INFO - Setting next_dagrun for example_bash_operator to 2024-07-01 00:00:00+00:00, run_after=2024-07-02 00:00:00+00:00
[2024-07-02T14:52:01.697+0000] {processor.py:183} INFO - Processing /home/airflow/.local/lib/python3.12/site-packages/airflow/example_dags/example_bash_operator.py took 0.077 seconds
[2024-07-02T14:52:32.307+0000] {processor.py:161} INFO - Started process (PID=374) to work on /home/airflow/.local/lib/python3.12/site-packages/airflow/example_dags/example_bash_operator.py
[2024-07-02T14:52:32.308+0000] {processor.py:830} INFO - Processing file /home/airflow/.local/lib/python3.12/site-packages/airflow/example_dags/example_bash_operator.py for tasks to queue
[2024-07-02T14:52:32.309+0000] {logging_mixin.py:188} INFO - [2024-07-02T14:52:32.309+0000] {dagbag.py:545} INFO - Filling up the DagBag from /home/airflow/.local/lib/python3.12/site-packages/airflow/example_dags/example_bash_operator.py
[2024-07-02T14:52:32.318+0000] {processor.py:840} INFO - DAG(s) 'example_bash_operator' retrieved from /home/airflow/.local/lib/python3.12/site-packages/airflow/example_dags/example_bash_operator.py
[2024-07-02T14:52:32.344+0000] {logging_mixin.py:188} INFO - [2024-07-02T14:52:32.344+0000] {dag.py:3096} INFO - Sync 1 DAGs
[2024-07-02T14:52:32.361+0000] {logging_mixin.py:188} INFO - [2024-07-02T14:52:32.360+0000] {dag.py:3954} INFO - Setting next_dagrun for example_bash_operator to 2024-07-01 00:00:00+00:00, run_after=2024-07-02 00:00:00+00:00
[2024-07-02T14:52:32.381+0000] {processor.py:183} INFO - Processing /home/airflow/.local/lib/python3.12/site-packages/airflow/example_dags/example_bash_operator.py took 0.079 seconds
[2024-07-02T14:53:02.695+0000] {processor.py:161} INFO - Started process (PID=432) to work on /home/airflow/.local/lib/python3.12/site-packages/airflow/example_dags/example_bash_operator.py
[2024-07-02T14:53:02.697+0000] {processor.py:830} INFO - Processing file /home/airflow/.local/lib/python3.12/site-packages/airflow/example_dags/example_bash_operator.py for tasks to queue
[2024-07-02T14:53:02.698+0000] {logging_mixin.py:188} INFO - [2024-07-02T14:53:02.698+0000] {dagbag.py:545} INFO - Filling up the DagBag from /home/airflow/.local/lib/python3.12/site-packages/airflow/example_dags/example_bash_operator.py
[2024-07-02T14:53:02.712+0000] {processor.py:840} INFO - DAG(s) 'example_bash_operator' retrieved from /home/airflow/.local/lib/python3.12/site-packages/airflow/example_dags/example_bash_operator.py
[2024-07-02T14:53:02.750+0000] {logging_mixin.py:188} INFO - [2024-07-02T14:53:02.750+0000] {dag.py:3096} INFO - Sync 1 DAGs
[2024-07-02T14:53:02.775+0000] {logging_mixin.py:188} INFO - [2024-07-02T14:53:02.774+0000] {dag.py:3954} INFO - Setting next_dagrun for example_bash_operator to 2024-07-01 00:00:00+00:00, run_after=2024-07-02 00:00:00+00:00
[2024-07-02T14:53:02.800+0000] {processor.py:183} INFO - Processing /home/airflow/.local/lib/python3.12/site-packages/airflow/example_dags/example_bash_operator.py took 0.116 seconds
[2024-07-02T14:53:33.216+0000] {processor.py:161} INFO - Started process (PID=490) to work on /home/airflow/.local/lib/python3.12/site-packages/airflow/example_dags/example_bash_operator.py
[2024-07-02T14:53:33.218+0000] {processor.py:830} INFO - Processing file /home/airflow/.local/lib/python3.12/site-packages/airflow/example_dags/example_bash_operator.py for tasks to queue
[2024-07-02T14:53:33.219+0000] {logging_mixin.py:188} INFO - [2024-07-02T14:53:33.218+0000] {dagbag.py:545} INFO - Filling up the DagBag from /home/airflow/.local/lib/python3.12/site-packages/airflow/example_dags/example_bash_operator.py
[2024-07-02T14:53:33.229+0000] {processor.py:840} INFO - DAG(s) 'example_bash_operator' retrieved from /home/airflow/.local/lib/python3.12/site-packages/airflow/example_dags/example_bash_operator.py
[2024-07-02T14:53:33.253+0000] {logging_mixin.py:188} INFO - [2024-07-02T14:53:33.253+0000] {dag.py:3096} INFO - Sync 1 DAGs
[2024-07-02T14:53:33.272+0000] {logging_mixin.py:188} INFO - [2024-07-02T14:53:33.272+0000] {dag.py:3954} INFO - Setting next_dagrun for example_bash_operator to 2024-07-01 00:00:00+00:00, run_after=2024-07-02 00:00:00+00:00
[2024-07-02T14:53:33.293+0000] {processor.py:183} INFO - Processing /home/airflow/.local/lib/python3.12/site-packages/airflow/example_dags/example_bash_operator.py took 0.082 seconds
[2024-07-02T14:54:03.663+0000] {processor.py:161} INFO - Started process (PID=549) to work on /home/airflow/.local/lib/python3.12/site-packages/airflow/example_dags/example_bash_operator.py
[2024-07-02T14:54:03.664+0000] {processor.py:830} INFO - Processing file /home/airflow/.local/lib/python3.12/site-packages/airflow/example_dags/example_bash_operator.py for tasks to queue
[2024-07-02T14:54:03.665+0000] {logging_mixin.py:188} INFO - [2024-07-02T14:54:03.665+0000] {dagbag.py:545} INFO - Filling up the DagBag from /home/airflow/.local/lib/python3.12/site-packages/airflow/example_dags/example_bash_operator.py
[2024-07-02T14:54:03.674+0000] {processor.py:840} INFO - DAG(s) 'example_bash_operator' retrieved from /home/airflow/.local/lib/python3.12/site-packages/airflow/example_dags/example_bash_operator.py
[2024-07-02T14:54:03.703+0000] {logging_mixin.py:188} INFO - [2024-07-02T14:54:03.703+0000] {dag.py:3096} INFO - Sync 1 DAGs
[2024-07-02T14:54:03.722+0000] {logging_mixin.py:188} INFO - [2024-07-02T14:54:03.722+0000] {dag.py:3954} INFO - Setting next_dagrun for example_bash_operator to 2024-07-01 00:00:00+00:00, run_after=2024-07-02 00:00:00+00:00
[2024-07-02T14:54:03.745+0000] {processor.py:183} INFO - Processing /home/airflow/.local/lib/python3.12/site-packages/airflow/example_dags/example_bash_operator.py took 0.088 seconds
