[2024-07-02T11:48:20.938+0000] {processor.py:161} INFO - Started process (PID=61) to work on /home/airflow/.local/lib/python3.12/site-packages/airflow/example_dags/example_sensors.py
[2024-07-02T11:48:20.940+0000] {processor.py:830} INFO - Processing file /home/airflow/.local/lib/python3.12/site-packages/airflow/example_dags/example_sensors.py for tasks to queue
[2024-07-02T11:48:20.943+0000] {logging_mixin.py:188} INFO - [2024-07-02T11:48:20.943+0000] {dagbag.py:545} INFO - Filling up the DagBag from /home/airflow/.local/lib/python3.12/site-packages/airflow/example_dags/example_sensors.py
[2024-07-02T11:48:20.959+0000] {processor.py:840} INFO - DAG(s) 'example_sensors' retrieved from /home/airflow/.local/lib/python3.12/site-packages/airflow/example_dags/example_sensors.py
[2024-07-02T11:48:20.999+0000] {logging_mixin.py:188} INFO - [2024-07-02T11:48:20.998+0000] {dag.py:3096} INFO - Sync 1 DAGs
[2024-07-02T11:48:21.065+0000] {logging_mixin.py:188} INFO - [2024-07-02T11:48:21.065+0000] {dag.py:3954} INFO - Setting next_dagrun for example_sensors to None, run_after=None
[2024-07-02T11:48:21.119+0000] {processor.py:183} INFO - Processing /home/airflow/.local/lib/python3.12/site-packages/airflow/example_dags/example_sensors.py took 0.188 seconds
[2024-07-02T11:48:51.798+0000] {processor.py:161} INFO - Started process (PID=124) to work on /home/airflow/.local/lib/python3.12/site-packages/airflow/example_dags/example_sensors.py
[2024-07-02T11:48:51.799+0000] {processor.py:830} INFO - Processing file /home/airflow/.local/lib/python3.12/site-packages/airflow/example_dags/example_sensors.py for tasks to queue
[2024-07-02T11:48:51.801+0000] {logging_mixin.py:188} INFO - [2024-07-02T11:48:51.801+0000] {dagbag.py:545} INFO - Filling up the DagBag from /home/airflow/.local/lib/python3.12/site-packages/airflow/example_dags/example_sensors.py
[2024-07-02T11:48:51.810+0000] {processor.py:840} INFO - DAG(s) 'example_sensors' retrieved from /home/airflow/.local/lib/python3.12/site-packages/airflow/example_dags/example_sensors.py
[2024-07-02T11:48:51.834+0000] {logging_mixin.py:188} INFO - [2024-07-02T11:48:51.834+0000] {dag.py:3096} INFO - Sync 1 DAGs
[2024-07-02T11:48:51.848+0000] {logging_mixin.py:188} INFO - [2024-07-02T11:48:51.847+0000] {dag.py:3954} INFO - Setting next_dagrun for example_sensors to None, run_after=None
[2024-07-02T11:48:51.871+0000] {processor.py:183} INFO - Processing /home/airflow/.local/lib/python3.12/site-packages/airflow/example_dags/example_sensors.py took 0.080 seconds
[2024-07-02T11:49:22.301+0000] {processor.py:161} INFO - Started process (PID=187) to work on /home/airflow/.local/lib/python3.12/site-packages/airflow/example_dags/example_sensors.py
[2024-07-02T11:49:22.302+0000] {processor.py:830} INFO - Processing file /home/airflow/.local/lib/python3.12/site-packages/airflow/example_dags/example_sensors.py for tasks to queue
[2024-07-02T11:49:22.303+0000] {logging_mixin.py:188} INFO - [2024-07-02T11:49:22.303+0000] {dagbag.py:545} INFO - Filling up the DagBag from /home/airflow/.local/lib/python3.12/site-packages/airflow/example_dags/example_sensors.py
[2024-07-02T11:49:22.311+0000] {processor.py:840} INFO - DAG(s) 'example_sensors' retrieved from /home/airflow/.local/lib/python3.12/site-packages/airflow/example_dags/example_sensors.py
[2024-07-02T11:49:22.332+0000] {logging_mixin.py:188} INFO - [2024-07-02T11:49:22.332+0000] {dag.py:3096} INFO - Sync 1 DAGs
[2024-07-02T11:49:22.344+0000] {logging_mixin.py:188} INFO - [2024-07-02T11:49:22.343+0000] {dag.py:3954} INFO - Setting next_dagrun for example_sensors to None, run_after=None
[2024-07-02T11:49:22.365+0000] {processor.py:183} INFO - Processing /home/airflow/.local/lib/python3.12/site-packages/airflow/example_dags/example_sensors.py took 0.069 seconds
[2024-07-02T11:49:52.642+0000] {processor.py:161} INFO - Started process (PID=250) to work on /home/airflow/.local/lib/python3.12/site-packages/airflow/example_dags/example_sensors.py
[2024-07-02T11:49:52.643+0000] {processor.py:830} INFO - Processing file /home/airflow/.local/lib/python3.12/site-packages/airflow/example_dags/example_sensors.py for tasks to queue
[2024-07-02T11:49:52.644+0000] {logging_mixin.py:188} INFO - [2024-07-02T11:49:52.644+0000] {dagbag.py:545} INFO - Filling up the DagBag from /home/airflow/.local/lib/python3.12/site-packages/airflow/example_dags/example_sensors.py
[2024-07-02T11:49:52.653+0000] {processor.py:840} INFO - DAG(s) 'example_sensors' retrieved from /home/airflow/.local/lib/python3.12/site-packages/airflow/example_dags/example_sensors.py
[2024-07-02T11:49:52.680+0000] {logging_mixin.py:188} INFO - [2024-07-02T11:49:52.679+0000] {dag.py:3096} INFO - Sync 1 DAGs
[2024-07-02T11:49:52.695+0000] {logging_mixin.py:188} INFO - [2024-07-02T11:49:52.694+0000] {dag.py:3954} INFO - Setting next_dagrun for example_sensors to None, run_after=None
[2024-07-02T11:49:52.715+0000] {processor.py:183} INFO - Processing /home/airflow/.local/lib/python3.12/site-packages/airflow/example_dags/example_sensors.py took 0.078 seconds
[2024-07-02T11:50:23.123+0000] {processor.py:161} INFO - Started process (PID=313) to work on /home/airflow/.local/lib/python3.12/site-packages/airflow/example_dags/example_sensors.py
[2024-07-02T11:50:23.124+0000] {processor.py:830} INFO - Processing file /home/airflow/.local/lib/python3.12/site-packages/airflow/example_dags/example_sensors.py for tasks to queue
[2024-07-02T11:50:23.125+0000] {logging_mixin.py:188} INFO - [2024-07-02T11:50:23.125+0000] {dagbag.py:545} INFO - Filling up the DagBag from /home/airflow/.local/lib/python3.12/site-packages/airflow/example_dags/example_sensors.py
[2024-07-02T11:50:23.133+0000] {processor.py:840} INFO - DAG(s) 'example_sensors' retrieved from /home/airflow/.local/lib/python3.12/site-packages/airflow/example_dags/example_sensors.py
[2024-07-02T11:50:23.143+0000] {logging_mixin.py:188} INFO - [2024-07-02T11:50:23.143+0000] {dag.py:3096} INFO - Sync 1 DAGs
[2024-07-02T11:50:23.155+0000] {logging_mixin.py:188} INFO - [2024-07-02T11:50:23.154+0000] {dag.py:3954} INFO - Setting next_dagrun for example_sensors to None, run_after=None
[2024-07-02T11:50:23.175+0000] {processor.py:183} INFO - Processing /home/airflow/.local/lib/python3.12/site-packages/airflow/example_dags/example_sensors.py took 0.057 seconds
[2024-07-02T11:50:54.890+0000] {processor.py:161} INFO - Started process (PID=376) to work on /home/airflow/.local/lib/python3.12/site-packages/airflow/example_dags/example_sensors.py
[2024-07-02T11:50:54.891+0000] {processor.py:830} INFO - Processing file /home/airflow/.local/lib/python3.12/site-packages/airflow/example_dags/example_sensors.py for tasks to queue
[2024-07-02T11:50:54.892+0000] {logging_mixin.py:188} INFO - [2024-07-02T11:50:54.892+0000] {dagbag.py:545} INFO - Filling up the DagBag from /home/airflow/.local/lib/python3.12/site-packages/airflow/example_dags/example_sensors.py
[2024-07-02T11:50:54.900+0000] {processor.py:840} INFO - DAG(s) 'example_sensors' retrieved from /home/airflow/.local/lib/python3.12/site-packages/airflow/example_dags/example_sensors.py
[2024-07-02T11:50:54.990+0000] {logging_mixin.py:188} INFO - [2024-07-02T11:50:54.990+0000] {dag.py:3096} INFO - Sync 1 DAGs
[2024-07-02T11:50:54.999+0000] {logging_mixin.py:188} INFO - [2024-07-02T11:50:54.999+0000] {dag.py:3954} INFO - Setting next_dagrun for example_sensors to None, run_after=None
[2024-07-02T11:50:55.024+0000] {processor.py:183} INFO - Processing /home/airflow/.local/lib/python3.12/site-packages/airflow/example_dags/example_sensors.py took 0.139 seconds
[2024-07-02T11:51:26.190+0000] {processor.py:161} INFO - Started process (PID=439) to work on /home/airflow/.local/lib/python3.12/site-packages/airflow/example_dags/example_sensors.py
[2024-07-02T11:51:26.191+0000] {processor.py:830} INFO - Processing file /home/airflow/.local/lib/python3.12/site-packages/airflow/example_dags/example_sensors.py for tasks to queue
[2024-07-02T11:51:26.193+0000] {logging_mixin.py:188} INFO - [2024-07-02T11:51:26.192+0000] {dagbag.py:545} INFO - Filling up the DagBag from /home/airflow/.local/lib/python3.12/site-packages/airflow/example_dags/example_sensors.py
[2024-07-02T11:51:26.202+0000] {processor.py:840} INFO - DAG(s) 'example_sensors' retrieved from /home/airflow/.local/lib/python3.12/site-packages/airflow/example_dags/example_sensors.py
[2024-07-02T11:51:26.230+0000] {logging_mixin.py:188} INFO - [2024-07-02T11:51:26.229+0000] {dag.py:3096} INFO - Sync 1 DAGs
[2024-07-02T11:51:26.244+0000] {logging_mixin.py:188} INFO - [2024-07-02T11:51:26.243+0000] {dag.py:3954} INFO - Setting next_dagrun for example_sensors to None, run_after=None
[2024-07-02T11:51:26.271+0000] {processor.py:183} INFO - Processing /home/airflow/.local/lib/python3.12/site-packages/airflow/example_dags/example_sensors.py took 0.088 seconds
[2024-07-02T11:51:57.298+0000] {processor.py:161} INFO - Started process (PID=502) to work on /home/airflow/.local/lib/python3.12/site-packages/airflow/example_dags/example_sensors.py
[2024-07-02T11:51:57.299+0000] {processor.py:830} INFO - Processing file /home/airflow/.local/lib/python3.12/site-packages/airflow/example_dags/example_sensors.py for tasks to queue
[2024-07-02T11:51:57.300+0000] {logging_mixin.py:188} INFO - [2024-07-02T11:51:57.299+0000] {dagbag.py:545} INFO - Filling up the DagBag from /home/airflow/.local/lib/python3.12/site-packages/airflow/example_dags/example_sensors.py
[2024-07-02T11:51:57.307+0000] {processor.py:840} INFO - DAG(s) 'example_sensors' retrieved from /home/airflow/.local/lib/python3.12/site-packages/airflow/example_dags/example_sensors.py
[2024-07-02T11:51:57.330+0000] {logging_mixin.py:188} INFO - [2024-07-02T11:51:57.330+0000] {dag.py:3096} INFO - Sync 1 DAGs
[2024-07-02T11:51:57.342+0000] {logging_mixin.py:188} INFO - [2024-07-02T11:51:57.341+0000] {dag.py:3954} INFO - Setting next_dagrun for example_sensors to None, run_after=None
[2024-07-02T11:51:57.362+0000] {processor.py:183} INFO - Processing /home/airflow/.local/lib/python3.12/site-packages/airflow/example_dags/example_sensors.py took 0.070 seconds
[2024-07-02T11:52:27.788+0000] {processor.py:161} INFO - Started process (PID=565) to work on /home/airflow/.local/lib/python3.12/site-packages/airflow/example_dags/example_sensors.py
[2024-07-02T11:52:27.789+0000] {processor.py:830} INFO - Processing file /home/airflow/.local/lib/python3.12/site-packages/airflow/example_dags/example_sensors.py for tasks to queue
[2024-07-02T11:52:27.790+0000] {logging_mixin.py:188} INFO - [2024-07-02T11:52:27.790+0000] {dagbag.py:545} INFO - Filling up the DagBag from /home/airflow/.local/lib/python3.12/site-packages/airflow/example_dags/example_sensors.py
[2024-07-02T11:52:27.798+0000] {processor.py:840} INFO - DAG(s) 'example_sensors' retrieved from /home/airflow/.local/lib/python3.12/site-packages/airflow/example_dags/example_sensors.py
[2024-07-02T11:52:27.821+0000] {logging_mixin.py:188} INFO - [2024-07-02T11:52:27.820+0000] {dag.py:3096} INFO - Sync 1 DAGs
[2024-07-02T11:52:27.831+0000] {logging_mixin.py:188} INFO - [2024-07-02T11:52:27.831+0000] {dag.py:3954} INFO - Setting next_dagrun for example_sensors to None, run_after=None
[2024-07-02T11:52:27.852+0000] {processor.py:183} INFO - Processing /home/airflow/.local/lib/python3.12/site-packages/airflow/example_dags/example_sensors.py took 0.069 seconds
[2024-07-02T11:52:58.445+0000] {processor.py:161} INFO - Started process (PID=629) to work on /home/airflow/.local/lib/python3.12/site-packages/airflow/example_dags/example_sensors.py
[2024-07-02T11:52:58.447+0000] {processor.py:830} INFO - Processing file /home/airflow/.local/lib/python3.12/site-packages/airflow/example_dags/example_sensors.py for tasks to queue
[2024-07-02T11:52:58.447+0000] {logging_mixin.py:188} INFO - [2024-07-02T11:52:58.447+0000] {dagbag.py:545} INFO - Filling up the DagBag from /home/airflow/.local/lib/python3.12/site-packages/airflow/example_dags/example_sensors.py
[2024-07-02T11:52:58.455+0000] {processor.py:840} INFO - DAG(s) 'example_sensors' retrieved from /home/airflow/.local/lib/python3.12/site-packages/airflow/example_dags/example_sensors.py
[2024-07-02T11:52:58.476+0000] {logging_mixin.py:188} INFO - [2024-07-02T11:52:58.476+0000] {dag.py:3096} INFO - Sync 1 DAGs
[2024-07-02T11:52:58.486+0000] {logging_mixin.py:188} INFO - [2024-07-02T11:52:58.486+0000] {dag.py:3954} INFO - Setting next_dagrun for example_sensors to None, run_after=None
[2024-07-02T11:52:58.508+0000] {processor.py:183} INFO - Processing /home/airflow/.local/lib/python3.12/site-packages/airflow/example_dags/example_sensors.py took 0.068 seconds
[2024-07-02T11:53:29.198+0000] {processor.py:161} INFO - Started process (PID=692) to work on /home/airflow/.local/lib/python3.12/site-packages/airflow/example_dags/example_sensors.py
[2024-07-02T11:53:29.199+0000] {processor.py:830} INFO - Processing file /home/airflow/.local/lib/python3.12/site-packages/airflow/example_dags/example_sensors.py for tasks to queue
[2024-07-02T11:53:29.200+0000] {logging_mixin.py:188} INFO - [2024-07-02T11:53:29.200+0000] {dagbag.py:545} INFO - Filling up the DagBag from /home/airflow/.local/lib/python3.12/site-packages/airflow/example_dags/example_sensors.py
[2024-07-02T11:53:29.207+0000] {processor.py:840} INFO - DAG(s) 'example_sensors' retrieved from /home/airflow/.local/lib/python3.12/site-packages/airflow/example_dags/example_sensors.py
[2024-07-02T11:53:29.229+0000] {logging_mixin.py:188} INFO - [2024-07-02T11:53:29.228+0000] {dag.py:3096} INFO - Sync 1 DAGs
[2024-07-02T11:53:29.238+0000] {logging_mixin.py:188} INFO - [2024-07-02T11:53:29.238+0000] {dag.py:3954} INFO - Setting next_dagrun for example_sensors to None, run_after=None
[2024-07-02T11:53:29.257+0000] {processor.py:183} INFO - Processing /home/airflow/.local/lib/python3.12/site-packages/airflow/example_dags/example_sensors.py took 0.065 seconds
[2024-07-02T11:53:59.948+0000] {processor.py:161} INFO - Started process (PID=755) to work on /home/airflow/.local/lib/python3.12/site-packages/airflow/example_dags/example_sensors.py
[2024-07-02T11:53:59.949+0000] {processor.py:830} INFO - Processing file /home/airflow/.local/lib/python3.12/site-packages/airflow/example_dags/example_sensors.py for tasks to queue
[2024-07-02T11:53:59.950+0000] {logging_mixin.py:188} INFO - [2024-07-02T11:53:59.950+0000] {dagbag.py:545} INFO - Filling up the DagBag from /home/airflow/.local/lib/python3.12/site-packages/airflow/example_dags/example_sensors.py
[2024-07-02T11:53:59.958+0000] {processor.py:840} INFO - DAG(s) 'example_sensors' retrieved from /home/airflow/.local/lib/python3.12/site-packages/airflow/example_dags/example_sensors.py
[2024-07-02T11:53:59.981+0000] {logging_mixin.py:188} INFO - [2024-07-02T11:53:59.981+0000] {dag.py:3096} INFO - Sync 1 DAGs
[2024-07-02T11:53:59.991+0000] {logging_mixin.py:188} INFO - [2024-07-02T11:53:59.991+0000] {dag.py:3954} INFO - Setting next_dagrun for example_sensors to None, run_after=None
[2024-07-02T11:54:00.015+0000] {processor.py:183} INFO - Processing /home/airflow/.local/lib/python3.12/site-packages/airflow/example_dags/example_sensors.py took 0.073 seconds
[2024-07-02T11:54:31.349+0000] {processor.py:161} INFO - Started process (PID=824) to work on /home/airflow/.local/lib/python3.12/site-packages/airflow/example_dags/example_sensors.py
[2024-07-02T11:54:31.350+0000] {processor.py:830} INFO - Processing file /home/airflow/.local/lib/python3.12/site-packages/airflow/example_dags/example_sensors.py for tasks to queue
[2024-07-02T11:54:31.351+0000] {logging_mixin.py:188} INFO - [2024-07-02T11:54:31.351+0000] {dagbag.py:545} INFO - Filling up the DagBag from /home/airflow/.local/lib/python3.12/site-packages/airflow/example_dags/example_sensors.py
[2024-07-02T11:54:31.359+0000] {processor.py:840} INFO - DAG(s) 'example_sensors' retrieved from /home/airflow/.local/lib/python3.12/site-packages/airflow/example_dags/example_sensors.py
[2024-07-02T11:54:31.381+0000] {logging_mixin.py:188} INFO - [2024-07-02T11:54:31.381+0000] {dag.py:3096} INFO - Sync 1 DAGs
[2024-07-02T11:54:31.392+0000] {logging_mixin.py:188} INFO - [2024-07-02T11:54:31.392+0000] {dag.py:3954} INFO - Setting next_dagrun for example_sensors to None, run_after=None
[2024-07-02T11:54:31.410+0000] {processor.py:183} INFO - Processing /home/airflow/.local/lib/python3.12/site-packages/airflow/example_dags/example_sensors.py took 0.067 seconds
[2024-07-02T11:55:02.867+0000] {processor.py:161} INFO - Started process (PID=887) to work on /home/airflow/.local/lib/python3.12/site-packages/airflow/example_dags/example_sensors.py
[2024-07-02T11:55:02.868+0000] {processor.py:830} INFO - Processing file /home/airflow/.local/lib/python3.12/site-packages/airflow/example_dags/example_sensors.py for tasks to queue
[2024-07-02T11:55:02.869+0000] {logging_mixin.py:188} INFO - [2024-07-02T11:55:02.869+0000] {dagbag.py:545} INFO - Filling up the DagBag from /home/airflow/.local/lib/python3.12/site-packages/airflow/example_dags/example_sensors.py
[2024-07-02T11:55:02.878+0000] {processor.py:840} INFO - DAG(s) 'example_sensors' retrieved from /home/airflow/.local/lib/python3.12/site-packages/airflow/example_dags/example_sensors.py
[2024-07-02T11:55:02.906+0000] {logging_mixin.py:188} INFO - [2024-07-02T11:55:02.905+0000] {dag.py:3096} INFO - Sync 1 DAGs
[2024-07-02T11:55:02.918+0000] {logging_mixin.py:188} INFO - [2024-07-02T11:55:02.918+0000] {dag.py:3954} INFO - Setting next_dagrun for example_sensors to None, run_after=None
[2024-07-02T11:55:02.941+0000] {processor.py:183} INFO - Processing /home/airflow/.local/lib/python3.12/site-packages/airflow/example_dags/example_sensors.py took 0.080 seconds
[2024-07-02T11:55:33.609+0000] {processor.py:161} INFO - Started process (PID=950) to work on /home/airflow/.local/lib/python3.12/site-packages/airflow/example_dags/example_sensors.py
[2024-07-02T11:55:33.610+0000] {processor.py:830} INFO - Processing file /home/airflow/.local/lib/python3.12/site-packages/airflow/example_dags/example_sensors.py for tasks to queue
[2024-07-02T11:55:33.611+0000] {logging_mixin.py:188} INFO - [2024-07-02T11:55:33.611+0000] {dagbag.py:545} INFO - Filling up the DagBag from /home/airflow/.local/lib/python3.12/site-packages/airflow/example_dags/example_sensors.py
[2024-07-02T11:55:33.620+0000] {processor.py:840} INFO - DAG(s) 'example_sensors' retrieved from /home/airflow/.local/lib/python3.12/site-packages/airflow/example_dags/example_sensors.py
[2024-07-02T11:55:33.645+0000] {logging_mixin.py:188} INFO - [2024-07-02T11:55:33.645+0000] {dag.py:3096} INFO - Sync 1 DAGs
[2024-07-02T11:55:33.658+0000] {logging_mixin.py:188} INFO - [2024-07-02T11:55:33.657+0000] {dag.py:3954} INFO - Setting next_dagrun for example_sensors to None, run_after=None
[2024-07-02T11:55:33.683+0000] {processor.py:183} INFO - Processing /home/airflow/.local/lib/python3.12/site-packages/airflow/example_dags/example_sensors.py took 0.080 seconds
[2024-07-02T11:56:04.573+0000] {processor.py:161} INFO - Started process (PID=1013) to work on /home/airflow/.local/lib/python3.12/site-packages/airflow/example_dags/example_sensors.py
[2024-07-02T11:56:04.574+0000] {processor.py:830} INFO - Processing file /home/airflow/.local/lib/python3.12/site-packages/airflow/example_dags/example_sensors.py for tasks to queue
[2024-07-02T11:56:04.575+0000] {logging_mixin.py:188} INFO - [2024-07-02T11:56:04.575+0000] {dagbag.py:545} INFO - Filling up the DagBag from /home/airflow/.local/lib/python3.12/site-packages/airflow/example_dags/example_sensors.py
[2024-07-02T11:56:04.584+0000] {processor.py:840} INFO - DAG(s) 'example_sensors' retrieved from /home/airflow/.local/lib/python3.12/site-packages/airflow/example_dags/example_sensors.py
[2024-07-02T11:56:04.609+0000] {logging_mixin.py:188} INFO - [2024-07-02T11:56:04.609+0000] {dag.py:3096} INFO - Sync 1 DAGs
[2024-07-02T11:56:04.621+0000] {logging_mixin.py:188} INFO - [2024-07-02T11:56:04.621+0000] {dag.py:3954} INFO - Setting next_dagrun for example_sensors to None, run_after=None
[2024-07-02T11:56:04.645+0000] {processor.py:183} INFO - Processing /home/airflow/.local/lib/python3.12/site-packages/airflow/example_dags/example_sensors.py took 0.080 seconds
[2024-07-02T11:56:35.482+0000] {processor.py:161} INFO - Started process (PID=1075) to work on /home/airflow/.local/lib/python3.12/site-packages/airflow/example_dags/example_sensors.py
[2024-07-02T11:56:35.483+0000] {processor.py:830} INFO - Processing file /home/airflow/.local/lib/python3.12/site-packages/airflow/example_dags/example_sensors.py for tasks to queue
[2024-07-02T11:56:35.484+0000] {logging_mixin.py:188} INFO - [2024-07-02T11:56:35.484+0000] {dagbag.py:545} INFO - Filling up the DagBag from /home/airflow/.local/lib/python3.12/site-packages/airflow/example_dags/example_sensors.py
[2024-07-02T11:56:35.493+0000] {processor.py:840} INFO - DAG(s) 'example_sensors' retrieved from /home/airflow/.local/lib/python3.12/site-packages/airflow/example_dags/example_sensors.py
[2024-07-02T11:56:35.516+0000] {logging_mixin.py:188} INFO - [2024-07-02T11:56:35.515+0000] {dag.py:3096} INFO - Sync 1 DAGs
[2024-07-02T11:56:35.527+0000] {logging_mixin.py:188} INFO - [2024-07-02T11:56:35.527+0000] {dag.py:3954} INFO - Setting next_dagrun for example_sensors to None, run_after=None
[2024-07-02T11:56:35.552+0000] {processor.py:183} INFO - Processing /home/airflow/.local/lib/python3.12/site-packages/airflow/example_dags/example_sensors.py took 0.077 seconds
[2024-07-02T11:57:06.280+0000] {processor.py:161} INFO - Started process (PID=1138) to work on /home/airflow/.local/lib/python3.12/site-packages/airflow/example_dags/example_sensors.py
[2024-07-02T11:57:06.281+0000] {processor.py:830} INFO - Processing file /home/airflow/.local/lib/python3.12/site-packages/airflow/example_dags/example_sensors.py for tasks to queue
[2024-07-02T11:57:06.282+0000] {logging_mixin.py:188} INFO - [2024-07-02T11:57:06.282+0000] {dagbag.py:545} INFO - Filling up the DagBag from /home/airflow/.local/lib/python3.12/site-packages/airflow/example_dags/example_sensors.py
[2024-07-02T11:57:06.290+0000] {processor.py:840} INFO - DAG(s) 'example_sensors' retrieved from /home/airflow/.local/lib/python3.12/site-packages/airflow/example_dags/example_sensors.py
[2024-07-02T11:57:06.315+0000] {logging_mixin.py:188} INFO - [2024-07-02T11:57:06.315+0000] {dag.py:3096} INFO - Sync 1 DAGs
[2024-07-02T11:57:06.330+0000] {logging_mixin.py:188} INFO - [2024-07-02T11:57:06.330+0000] {dag.py:3954} INFO - Setting next_dagrun for example_sensors to None, run_after=None
[2024-07-02T11:57:06.356+0000] {processor.py:183} INFO - Processing /home/airflow/.local/lib/python3.12/site-packages/airflow/example_dags/example_sensors.py took 0.083 seconds
[2024-07-02T11:57:37.303+0000] {processor.py:161} INFO - Started process (PID=1201) to work on /home/airflow/.local/lib/python3.12/site-packages/airflow/example_dags/example_sensors.py
[2024-07-02T11:57:37.304+0000] {processor.py:830} INFO - Processing file /home/airflow/.local/lib/python3.12/site-packages/airflow/example_dags/example_sensors.py for tasks to queue
[2024-07-02T11:57:37.306+0000] {logging_mixin.py:188} INFO - [2024-07-02T11:57:37.306+0000] {dagbag.py:545} INFO - Filling up the DagBag from /home/airflow/.local/lib/python3.12/site-packages/airflow/example_dags/example_sensors.py
[2024-07-02T11:57:37.313+0000] {processor.py:840} INFO - DAG(s) 'example_sensors' retrieved from /home/airflow/.local/lib/python3.12/site-packages/airflow/example_dags/example_sensors.py
[2024-07-02T11:57:37.335+0000] {logging_mixin.py:188} INFO - [2024-07-02T11:57:37.334+0000] {dag.py:3096} INFO - Sync 1 DAGs
[2024-07-02T11:57:37.346+0000] {logging_mixin.py:188} INFO - [2024-07-02T11:57:37.346+0000] {dag.py:3954} INFO - Setting next_dagrun for example_sensors to None, run_after=None
[2024-07-02T11:57:37.368+0000] {processor.py:183} INFO - Processing /home/airflow/.local/lib/python3.12/site-packages/airflow/example_dags/example_sensors.py took 0.070 seconds
[2024-07-02T11:58:07.977+0000] {processor.py:161} INFO - Started process (PID=1264) to work on /home/airflow/.local/lib/python3.12/site-packages/airflow/example_dags/example_sensors.py
[2024-07-02T11:58:07.978+0000] {processor.py:830} INFO - Processing file /home/airflow/.local/lib/python3.12/site-packages/airflow/example_dags/example_sensors.py for tasks to queue
[2024-07-02T11:58:07.979+0000] {logging_mixin.py:188} INFO - [2024-07-02T11:58:07.979+0000] {dagbag.py:545} INFO - Filling up the DagBag from /home/airflow/.local/lib/python3.12/site-packages/airflow/example_dags/example_sensors.py
[2024-07-02T11:58:07.987+0000] {processor.py:840} INFO - DAG(s) 'example_sensors' retrieved from /home/airflow/.local/lib/python3.12/site-packages/airflow/example_dags/example_sensors.py
[2024-07-02T11:58:08.010+0000] {logging_mixin.py:188} INFO - [2024-07-02T11:58:08.009+0000] {dag.py:3096} INFO - Sync 1 DAGs
[2024-07-02T11:58:08.024+0000] {logging_mixin.py:188} INFO - [2024-07-02T11:58:08.024+0000] {dag.py:3954} INFO - Setting next_dagrun for example_sensors to None, run_after=None
[2024-07-02T11:58:08.049+0000] {processor.py:183} INFO - Processing /home/airflow/.local/lib/python3.12/site-packages/airflow/example_dags/example_sensors.py took 0.078 seconds
[2024-07-02T11:58:38.792+0000] {processor.py:161} INFO - Started process (PID=1327) to work on /home/airflow/.local/lib/python3.12/site-packages/airflow/example_dags/example_sensors.py
[2024-07-02T11:58:38.794+0000] {processor.py:830} INFO - Processing file /home/airflow/.local/lib/python3.12/site-packages/airflow/example_dags/example_sensors.py for tasks to queue
[2024-07-02T11:58:38.795+0000] {logging_mixin.py:188} INFO - [2024-07-02T11:58:38.795+0000] {dagbag.py:545} INFO - Filling up the DagBag from /home/airflow/.local/lib/python3.12/site-packages/airflow/example_dags/example_sensors.py
[2024-07-02T11:58:38.802+0000] {processor.py:840} INFO - DAG(s) 'example_sensors' retrieved from /home/airflow/.local/lib/python3.12/site-packages/airflow/example_dags/example_sensors.py
[2024-07-02T11:58:38.823+0000] {logging_mixin.py:188} INFO - [2024-07-02T11:58:38.822+0000] {dag.py:3096} INFO - Sync 1 DAGs
[2024-07-02T11:58:38.833+0000] {logging_mixin.py:188} INFO - [2024-07-02T11:58:38.833+0000] {dag.py:3954} INFO - Setting next_dagrun for example_sensors to None, run_after=None
[2024-07-02T11:58:38.853+0000] {processor.py:183} INFO - Processing /home/airflow/.local/lib/python3.12/site-packages/airflow/example_dags/example_sensors.py took 0.067 seconds
[2024-07-02T11:59:09.269+0000] {processor.py:161} INFO - Started process (PID=1390) to work on /home/airflow/.local/lib/python3.12/site-packages/airflow/example_dags/example_sensors.py
[2024-07-02T11:59:09.270+0000] {processor.py:830} INFO - Processing file /home/airflow/.local/lib/python3.12/site-packages/airflow/example_dags/example_sensors.py for tasks to queue
[2024-07-02T11:59:09.272+0000] {logging_mixin.py:188} INFO - [2024-07-02T11:59:09.271+0000] {dagbag.py:545} INFO - Filling up the DagBag from /home/airflow/.local/lib/python3.12/site-packages/airflow/example_dags/example_sensors.py
[2024-07-02T11:59:09.280+0000] {processor.py:840} INFO - DAG(s) 'example_sensors' retrieved from /home/airflow/.local/lib/python3.12/site-packages/airflow/example_dags/example_sensors.py
[2024-07-02T11:59:09.303+0000] {logging_mixin.py:188} INFO - [2024-07-02T11:59:09.302+0000] {dag.py:3096} INFO - Sync 1 DAGs
[2024-07-02T11:59:09.314+0000] {logging_mixin.py:188} INFO - [2024-07-02T11:59:09.313+0000] {dag.py:3954} INFO - Setting next_dagrun for example_sensors to None, run_after=None
[2024-07-02T11:59:09.334+0000] {processor.py:183} INFO - Processing /home/airflow/.local/lib/python3.12/site-packages/airflow/example_dags/example_sensors.py took 0.070 seconds
[2024-07-02T11:59:40.533+0000] {processor.py:161} INFO - Started process (PID=1453) to work on /home/airflow/.local/lib/python3.12/site-packages/airflow/example_dags/example_sensors.py
[2024-07-02T11:59:40.534+0000] {processor.py:830} INFO - Processing file /home/airflow/.local/lib/python3.12/site-packages/airflow/example_dags/example_sensors.py for tasks to queue
[2024-07-02T11:59:40.535+0000] {logging_mixin.py:188} INFO - [2024-07-02T11:59:40.535+0000] {dagbag.py:545} INFO - Filling up the DagBag from /home/airflow/.local/lib/python3.12/site-packages/airflow/example_dags/example_sensors.py
[2024-07-02T11:59:40.543+0000] {processor.py:840} INFO - DAG(s) 'example_sensors' retrieved from /home/airflow/.local/lib/python3.12/site-packages/airflow/example_dags/example_sensors.py
[2024-07-02T11:59:40.566+0000] {logging_mixin.py:188} INFO - [2024-07-02T11:59:40.566+0000] {dag.py:3096} INFO - Sync 1 DAGs
[2024-07-02T11:59:40.578+0000] {logging_mixin.py:188} INFO - [2024-07-02T11:59:40.578+0000] {dag.py:3954} INFO - Setting next_dagrun for example_sensors to None, run_after=None
[2024-07-02T11:59:40.600+0000] {processor.py:183} INFO - Processing /home/airflow/.local/lib/python3.12/site-packages/airflow/example_dags/example_sensors.py took 0.074 seconds
[2024-07-02T12:00:11.160+0000] {processor.py:161} INFO - Started process (PID=1516) to work on /home/airflow/.local/lib/python3.12/site-packages/airflow/example_dags/example_sensors.py
[2024-07-02T12:00:11.161+0000] {processor.py:830} INFO - Processing file /home/airflow/.local/lib/python3.12/site-packages/airflow/example_dags/example_sensors.py for tasks to queue
[2024-07-02T12:00:11.162+0000] {logging_mixin.py:188} INFO - [2024-07-02T12:00:11.162+0000] {dagbag.py:545} INFO - Filling up the DagBag from /home/airflow/.local/lib/python3.12/site-packages/airflow/example_dags/example_sensors.py
[2024-07-02T12:00:11.169+0000] {processor.py:840} INFO - DAG(s) 'example_sensors' retrieved from /home/airflow/.local/lib/python3.12/site-packages/airflow/example_dags/example_sensors.py
[2024-07-02T12:00:11.191+0000] {logging_mixin.py:188} INFO - [2024-07-02T12:00:11.191+0000] {dag.py:3096} INFO - Sync 1 DAGs
[2024-07-02T12:00:11.203+0000] {logging_mixin.py:188} INFO - [2024-07-02T12:00:11.203+0000] {dag.py:3954} INFO - Setting next_dagrun for example_sensors to None, run_after=None
[2024-07-02T12:00:11.224+0000] {processor.py:183} INFO - Processing /home/airflow/.local/lib/python3.12/site-packages/airflow/example_dags/example_sensors.py took 0.070 seconds
[2024-07-02T12:00:42.427+0000] {processor.py:161} INFO - Started process (PID=1579) to work on /home/airflow/.local/lib/python3.12/site-packages/airflow/example_dags/example_sensors.py
[2024-07-02T12:00:42.428+0000] {processor.py:830} INFO - Processing file /home/airflow/.local/lib/python3.12/site-packages/airflow/example_dags/example_sensors.py for tasks to queue
[2024-07-02T12:00:42.429+0000] {logging_mixin.py:188} INFO - [2024-07-02T12:00:42.429+0000] {dagbag.py:545} INFO - Filling up the DagBag from /home/airflow/.local/lib/python3.12/site-packages/airflow/example_dags/example_sensors.py
[2024-07-02T12:00:42.439+0000] {processor.py:840} INFO - DAG(s) 'example_sensors' retrieved from /home/airflow/.local/lib/python3.12/site-packages/airflow/example_dags/example_sensors.py
[2024-07-02T12:00:42.467+0000] {logging_mixin.py:188} INFO - [2024-07-02T12:00:42.466+0000] {dag.py:3096} INFO - Sync 1 DAGs
[2024-07-02T12:00:42.481+0000] {logging_mixin.py:188} INFO - [2024-07-02T12:00:42.481+0000] {dag.py:3954} INFO - Setting next_dagrun for example_sensors to None, run_after=None
[2024-07-02T12:00:42.502+0000] {processor.py:183} INFO - Processing /home/airflow/.local/lib/python3.12/site-packages/airflow/example_dags/example_sensors.py took 0.082 seconds
[2024-07-02T12:01:13.071+0000] {processor.py:161} INFO - Started process (PID=1642) to work on /home/airflow/.local/lib/python3.12/site-packages/airflow/example_dags/example_sensors.py
[2024-07-02T12:01:13.072+0000] {processor.py:830} INFO - Processing file /home/airflow/.local/lib/python3.12/site-packages/airflow/example_dags/example_sensors.py for tasks to queue
[2024-07-02T12:01:13.073+0000] {logging_mixin.py:188} INFO - [2024-07-02T12:01:13.073+0000] {dagbag.py:545} INFO - Filling up the DagBag from /home/airflow/.local/lib/python3.12/site-packages/airflow/example_dags/example_sensors.py
[2024-07-02T12:01:13.082+0000] {processor.py:840} INFO - DAG(s) 'example_sensors' retrieved from /home/airflow/.local/lib/python3.12/site-packages/airflow/example_dags/example_sensors.py
[2024-07-02T12:01:13.106+0000] {logging_mixin.py:188} INFO - [2024-07-02T12:01:13.105+0000] {dag.py:3096} INFO - Sync 1 DAGs
[2024-07-02T12:01:13.117+0000] {logging_mixin.py:188} INFO - [2024-07-02T12:01:13.117+0000] {dag.py:3954} INFO - Setting next_dagrun for example_sensors to None, run_after=None
[2024-07-02T12:01:13.139+0000] {processor.py:183} INFO - Processing /home/airflow/.local/lib/python3.12/site-packages/airflow/example_dags/example_sensors.py took 0.074 seconds
[2024-07-02T12:01:44.989+0000] {processor.py:161} INFO - Started process (PID=1705) to work on /home/airflow/.local/lib/python3.12/site-packages/airflow/example_dags/example_sensors.py
[2024-07-02T12:01:44.990+0000] {processor.py:830} INFO - Processing file /home/airflow/.local/lib/python3.12/site-packages/airflow/example_dags/example_sensors.py for tasks to queue
[2024-07-02T12:01:44.991+0000] {logging_mixin.py:188} INFO - [2024-07-02T12:01:44.991+0000] {dagbag.py:545} INFO - Filling up the DagBag from /home/airflow/.local/lib/python3.12/site-packages/airflow/example_dags/example_sensors.py
[2024-07-02T12:01:45.002+0000] {processor.py:840} INFO - DAG(s) 'example_sensors' retrieved from /home/airflow/.local/lib/python3.12/site-packages/airflow/example_dags/example_sensors.py
[2024-07-02T12:01:45.027+0000] {logging_mixin.py:188} INFO - [2024-07-02T12:01:45.027+0000] {dag.py:3096} INFO - Sync 1 DAGs
[2024-07-02T12:01:45.039+0000] {logging_mixin.py:188} INFO - [2024-07-02T12:01:45.038+0000] {dag.py:3954} INFO - Setting next_dagrun for example_sensors to None, run_after=None
[2024-07-02T12:01:45.062+0000] {processor.py:183} INFO - Processing /home/airflow/.local/lib/python3.12/site-packages/airflow/example_dags/example_sensors.py took 0.081 seconds
[2024-07-02T12:02:15.793+0000] {processor.py:161} INFO - Started process (PID=1768) to work on /home/airflow/.local/lib/python3.12/site-packages/airflow/example_dags/example_sensors.py
[2024-07-02T12:02:15.794+0000] {processor.py:830} INFO - Processing file /home/airflow/.local/lib/python3.12/site-packages/airflow/example_dags/example_sensors.py for tasks to queue
[2024-07-02T12:02:15.795+0000] {logging_mixin.py:188} INFO - [2024-07-02T12:02:15.795+0000] {dagbag.py:545} INFO - Filling up the DagBag from /home/airflow/.local/lib/python3.12/site-packages/airflow/example_dags/example_sensors.py
[2024-07-02T12:02:15.803+0000] {processor.py:840} INFO - DAG(s) 'example_sensors' retrieved from /home/airflow/.local/lib/python3.12/site-packages/airflow/example_dags/example_sensors.py
[2024-07-02T12:02:15.825+0000] {logging_mixin.py:188} INFO - [2024-07-02T12:02:15.824+0000] {dag.py:3096} INFO - Sync 1 DAGs
[2024-07-02T12:02:15.836+0000] {logging_mixin.py:188} INFO - [2024-07-02T12:02:15.835+0000] {dag.py:3954} INFO - Setting next_dagrun for example_sensors to None, run_after=None
[2024-07-02T12:02:15.852+0000] {processor.py:183} INFO - Processing /home/airflow/.local/lib/python3.12/site-packages/airflow/example_dags/example_sensors.py took 0.068 seconds
[2024-07-02T12:02:46.225+0000] {processor.py:161} INFO - Started process (PID=1831) to work on /home/airflow/.local/lib/python3.12/site-packages/airflow/example_dags/example_sensors.py
[2024-07-02T12:02:46.226+0000] {processor.py:830} INFO - Processing file /home/airflow/.local/lib/python3.12/site-packages/airflow/example_dags/example_sensors.py for tasks to queue
[2024-07-02T12:02:46.227+0000] {logging_mixin.py:188} INFO - [2024-07-02T12:02:46.227+0000] {dagbag.py:545} INFO - Filling up the DagBag from /home/airflow/.local/lib/python3.12/site-packages/airflow/example_dags/example_sensors.py
[2024-07-02T12:02:46.235+0000] {processor.py:840} INFO - DAG(s) 'example_sensors' retrieved from /home/airflow/.local/lib/python3.12/site-packages/airflow/example_dags/example_sensors.py
[2024-07-02T12:02:46.256+0000] {logging_mixin.py:188} INFO - [2024-07-02T12:02:46.256+0000] {dag.py:3096} INFO - Sync 1 DAGs
[2024-07-02T12:02:46.267+0000] {logging_mixin.py:188} INFO - [2024-07-02T12:02:46.267+0000] {dag.py:3954} INFO - Setting next_dagrun for example_sensors to None, run_after=None
[2024-07-02T12:02:46.285+0000] {processor.py:183} INFO - Processing /home/airflow/.local/lib/python3.12/site-packages/airflow/example_dags/example_sensors.py took 0.068 seconds
[2024-07-02T12:03:16.796+0000] {processor.py:161} INFO - Started process (PID=1894) to work on /home/airflow/.local/lib/python3.12/site-packages/airflow/example_dags/example_sensors.py
[2024-07-02T12:03:16.797+0000] {processor.py:830} INFO - Processing file /home/airflow/.local/lib/python3.12/site-packages/airflow/example_dags/example_sensors.py for tasks to queue
[2024-07-02T12:03:16.798+0000] {logging_mixin.py:188} INFO - [2024-07-02T12:03:16.798+0000] {dagbag.py:545} INFO - Filling up the DagBag from /home/airflow/.local/lib/python3.12/site-packages/airflow/example_dags/example_sensors.py
[2024-07-02T12:03:16.806+0000] {processor.py:840} INFO - DAG(s) 'example_sensors' retrieved from /home/airflow/.local/lib/python3.12/site-packages/airflow/example_dags/example_sensors.py
[2024-07-02T12:03:16.828+0000] {logging_mixin.py:188} INFO - [2024-07-02T12:03:16.828+0000] {dag.py:3096} INFO - Sync 1 DAGs
[2024-07-02T12:03:16.838+0000] {logging_mixin.py:188} INFO - [2024-07-02T12:03:16.838+0000] {dag.py:3954} INFO - Setting next_dagrun for example_sensors to None, run_after=None
[2024-07-02T12:03:16.858+0000] {processor.py:183} INFO - Processing /home/airflow/.local/lib/python3.12/site-packages/airflow/example_dags/example_sensors.py took 0.071 seconds
[2024-07-02T12:03:47.808+0000] {processor.py:161} INFO - Started process (PID=1957) to work on /home/airflow/.local/lib/python3.12/site-packages/airflow/example_dags/example_sensors.py
[2024-07-02T12:03:47.809+0000] {processor.py:830} INFO - Processing file /home/airflow/.local/lib/python3.12/site-packages/airflow/example_dags/example_sensors.py for tasks to queue
[2024-07-02T12:03:47.810+0000] {logging_mixin.py:188} INFO - [2024-07-02T12:03:47.810+0000] {dagbag.py:545} INFO - Filling up the DagBag from /home/airflow/.local/lib/python3.12/site-packages/airflow/example_dags/example_sensors.py
[2024-07-02T12:03:47.819+0000] {processor.py:840} INFO - DAG(s) 'example_sensors' retrieved from /home/airflow/.local/lib/python3.12/site-packages/airflow/example_dags/example_sensors.py
[2024-07-02T12:03:47.841+0000] {logging_mixin.py:188} INFO - [2024-07-02T12:03:47.841+0000] {dag.py:3096} INFO - Sync 1 DAGs
[2024-07-02T12:03:47.852+0000] {logging_mixin.py:188} INFO - [2024-07-02T12:03:47.852+0000] {dag.py:3954} INFO - Setting next_dagrun for example_sensors to None, run_after=None
[2024-07-02T12:03:47.874+0000] {processor.py:183} INFO - Processing /home/airflow/.local/lib/python3.12/site-packages/airflow/example_dags/example_sensors.py took 0.076 seconds
[2024-07-02T12:04:18.303+0000] {processor.py:161} INFO - Started process (PID=2020) to work on /home/airflow/.local/lib/python3.12/site-packages/airflow/example_dags/example_sensors.py
[2024-07-02T12:04:18.304+0000] {processor.py:830} INFO - Processing file /home/airflow/.local/lib/python3.12/site-packages/airflow/example_dags/example_sensors.py for tasks to queue
[2024-07-02T12:04:18.305+0000] {logging_mixin.py:188} INFO - [2024-07-02T12:04:18.305+0000] {dagbag.py:545} INFO - Filling up the DagBag from /home/airflow/.local/lib/python3.12/site-packages/airflow/example_dags/example_sensors.py
[2024-07-02T12:04:18.313+0000] {processor.py:840} INFO - DAG(s) 'example_sensors' retrieved from /home/airflow/.local/lib/python3.12/site-packages/airflow/example_dags/example_sensors.py
[2024-07-02T12:04:18.335+0000] {logging_mixin.py:188} INFO - [2024-07-02T12:04:18.335+0000] {dag.py:3096} INFO - Sync 1 DAGs
[2024-07-02T12:04:18.346+0000] {logging_mixin.py:188} INFO - [2024-07-02T12:04:18.346+0000] {dag.py:3954} INFO - Setting next_dagrun for example_sensors to None, run_after=None
[2024-07-02T12:04:18.367+0000] {processor.py:183} INFO - Processing /home/airflow/.local/lib/python3.12/site-packages/airflow/example_dags/example_sensors.py took 0.073 seconds
[2024-07-02T12:04:48.756+0000] {processor.py:161} INFO - Started process (PID=2082) to work on /home/airflow/.local/lib/python3.12/site-packages/airflow/example_dags/example_sensors.py
[2024-07-02T12:04:48.757+0000] {processor.py:830} INFO - Processing file /home/airflow/.local/lib/python3.12/site-packages/airflow/example_dags/example_sensors.py for tasks to queue
[2024-07-02T12:04:48.759+0000] {logging_mixin.py:188} INFO - [2024-07-02T12:04:48.758+0000] {dagbag.py:545} INFO - Filling up the DagBag from /home/airflow/.local/lib/python3.12/site-packages/airflow/example_dags/example_sensors.py
[2024-07-02T12:04:48.767+0000] {processor.py:840} INFO - DAG(s) 'example_sensors' retrieved from /home/airflow/.local/lib/python3.12/site-packages/airflow/example_dags/example_sensors.py
[2024-07-02T12:04:48.788+0000] {logging_mixin.py:188} INFO - [2024-07-02T12:04:48.788+0000] {dag.py:3096} INFO - Sync 1 DAGs
[2024-07-02T12:04:48.798+0000] {logging_mixin.py:188} INFO - [2024-07-02T12:04:48.798+0000] {dag.py:3954} INFO - Setting next_dagrun for example_sensors to None, run_after=None
[2024-07-02T12:04:48.817+0000] {processor.py:183} INFO - Processing /home/airflow/.local/lib/python3.12/site-packages/airflow/example_dags/example_sensors.py took 0.069 seconds
[2024-07-02T12:05:19.598+0000] {processor.py:161} INFO - Started process (PID=2145) to work on /home/airflow/.local/lib/python3.12/site-packages/airflow/example_dags/example_sensors.py
[2024-07-02T12:05:19.599+0000] {processor.py:830} INFO - Processing file /home/airflow/.local/lib/python3.12/site-packages/airflow/example_dags/example_sensors.py for tasks to queue
[2024-07-02T12:05:19.600+0000] {logging_mixin.py:188} INFO - [2024-07-02T12:05:19.600+0000] {dagbag.py:545} INFO - Filling up the DagBag from /home/airflow/.local/lib/python3.12/site-packages/airflow/example_dags/example_sensors.py
[2024-07-02T12:05:19.607+0000] {processor.py:840} INFO - DAG(s) 'example_sensors' retrieved from /home/airflow/.local/lib/python3.12/site-packages/airflow/example_dags/example_sensors.py
[2024-07-02T12:05:19.631+0000] {logging_mixin.py:188} INFO - [2024-07-02T12:05:19.630+0000] {dag.py:3096} INFO - Sync 1 DAGs
[2024-07-02T12:05:19.641+0000] {logging_mixin.py:188} INFO - [2024-07-02T12:05:19.641+0000] {dag.py:3954} INFO - Setting next_dagrun for example_sensors to None, run_after=None
[2024-07-02T12:05:19.661+0000] {processor.py:183} INFO - Processing /home/airflow/.local/lib/python3.12/site-packages/airflow/example_dags/example_sensors.py took 0.072 seconds
[2024-07-02T12:07:43.177+0000] {processor.py:161} INFO - Started process (PID=53) to work on /home/airflow/.local/lib/python3.12/site-packages/airflow/example_dags/example_sensors.py
[2024-07-02T12:07:43.178+0000] {processor.py:830} INFO - Processing file /home/airflow/.local/lib/python3.12/site-packages/airflow/example_dags/example_sensors.py for tasks to queue
[2024-07-02T12:07:43.181+0000] {logging_mixin.py:188} INFO - [2024-07-02T12:07:43.180+0000] {dagbag.py:545} INFO - Filling up the DagBag from /home/airflow/.local/lib/python3.12/site-packages/airflow/example_dags/example_sensors.py
[2024-07-02T12:07:43.193+0000] {processor.py:840} INFO - DAG(s) 'example_sensors' retrieved from /home/airflow/.local/lib/python3.12/site-packages/airflow/example_dags/example_sensors.py
[2024-07-02T12:07:43.208+0000] {logging_mixin.py:188} INFO - [2024-07-02T12:07:43.208+0000] {dag.py:3096} INFO - Sync 1 DAGs
[2024-07-02T12:07:43.221+0000] {logging_mixin.py:188} INFO - [2024-07-02T12:07:43.221+0000] {dag.py:3954} INFO - Setting next_dagrun for example_sensors to None, run_after=None
[2024-07-02T12:07:43.244+0000] {processor.py:183} INFO - Processing /home/airflow/.local/lib/python3.12/site-packages/airflow/example_dags/example_sensors.py took 0.075 seconds
[2024-07-02T12:08:14.128+0000] {processor.py:161} INFO - Started process (PID=116) to work on /home/airflow/.local/lib/python3.12/site-packages/airflow/example_dags/example_sensors.py
[2024-07-02T12:08:14.129+0000] {processor.py:830} INFO - Processing file /home/airflow/.local/lib/python3.12/site-packages/airflow/example_dags/example_sensors.py for tasks to queue
[2024-07-02T12:08:14.130+0000] {logging_mixin.py:188} INFO - [2024-07-02T12:08:14.130+0000] {dagbag.py:545} INFO - Filling up the DagBag from /home/airflow/.local/lib/python3.12/site-packages/airflow/example_dags/example_sensors.py
[2024-07-02T12:08:14.138+0000] {processor.py:840} INFO - DAG(s) 'example_sensors' retrieved from /home/airflow/.local/lib/python3.12/site-packages/airflow/example_dags/example_sensors.py
[2024-07-02T12:08:14.223+0000] {logging_mixin.py:188} INFO - [2024-07-02T12:08:14.222+0000] {dag.py:3096} INFO - Sync 1 DAGs
[2024-07-02T12:08:14.233+0000] {logging_mixin.py:188} INFO - [2024-07-02T12:08:14.233+0000] {dag.py:3954} INFO - Setting next_dagrun for example_sensors to None, run_after=None
[2024-07-02T12:08:14.255+0000] {processor.py:183} INFO - Processing /home/airflow/.local/lib/python3.12/site-packages/airflow/example_dags/example_sensors.py took 0.133 seconds
[2024-07-02T12:08:44.997+0000] {processor.py:161} INFO - Started process (PID=179) to work on /home/airflow/.local/lib/python3.12/site-packages/airflow/example_dags/example_sensors.py
[2024-07-02T12:08:44.998+0000] {processor.py:830} INFO - Processing file /home/airflow/.local/lib/python3.12/site-packages/airflow/example_dags/example_sensors.py for tasks to queue
[2024-07-02T12:08:45.000+0000] {logging_mixin.py:188} INFO - [2024-07-02T12:08:44.999+0000] {dagbag.py:545} INFO - Filling up the DagBag from /home/airflow/.local/lib/python3.12/site-packages/airflow/example_dags/example_sensors.py
[2024-07-02T12:08:45.007+0000] {processor.py:840} INFO - DAG(s) 'example_sensors' retrieved from /home/airflow/.local/lib/python3.12/site-packages/airflow/example_dags/example_sensors.py
[2024-07-02T12:08:45.031+0000] {logging_mixin.py:188} INFO - [2024-07-02T12:08:45.030+0000] {dag.py:3096} INFO - Sync 1 DAGs
[2024-07-02T12:08:45.042+0000] {logging_mixin.py:188} INFO - [2024-07-02T12:08:45.042+0000] {dag.py:3954} INFO - Setting next_dagrun for example_sensors to None, run_after=None
[2024-07-02T12:08:45.063+0000] {processor.py:183} INFO - Processing /home/airflow/.local/lib/python3.12/site-packages/airflow/example_dags/example_sensors.py took 0.072 seconds
[2024-07-02T12:09:15.786+0000] {processor.py:161} INFO - Started process (PID=242) to work on /home/airflow/.local/lib/python3.12/site-packages/airflow/example_dags/example_sensors.py
[2024-07-02T12:09:15.787+0000] {processor.py:830} INFO - Processing file /home/airflow/.local/lib/python3.12/site-packages/airflow/example_dags/example_sensors.py for tasks to queue
[2024-07-02T12:09:15.790+0000] {logging_mixin.py:188} INFO - [2024-07-02T12:09:15.789+0000] {dagbag.py:545} INFO - Filling up the DagBag from /home/airflow/.local/lib/python3.12/site-packages/airflow/example_dags/example_sensors.py
[2024-07-02T12:09:15.798+0000] {processor.py:840} INFO - DAG(s) 'example_sensors' retrieved from /home/airflow/.local/lib/python3.12/site-packages/airflow/example_dags/example_sensors.py
[2024-07-02T12:09:15.812+0000] {logging_mixin.py:188} INFO - [2024-07-02T12:09:15.812+0000] {dag.py:3096} INFO - Sync 1 DAGs
[2024-07-02T12:09:15.825+0000] {logging_mixin.py:188} INFO - [2024-07-02T12:09:15.825+0000] {dag.py:3954} INFO - Setting next_dagrun for example_sensors to None, run_after=None
[2024-07-02T12:09:15.851+0000] {processor.py:183} INFO - Processing /home/airflow/.local/lib/python3.12/site-packages/airflow/example_dags/example_sensors.py took 0.072 seconds
[2024-07-02T12:09:47.507+0000] {processor.py:161} INFO - Started process (PID=305) to work on /home/airflow/.local/lib/python3.12/site-packages/airflow/example_dags/example_sensors.py
[2024-07-02T12:09:47.509+0000] {processor.py:830} INFO - Processing file /home/airflow/.local/lib/python3.12/site-packages/airflow/example_dags/example_sensors.py for tasks to queue
[2024-07-02T12:09:47.511+0000] {logging_mixin.py:188} INFO - [2024-07-02T12:09:47.511+0000] {dagbag.py:545} INFO - Filling up the DagBag from /home/airflow/.local/lib/python3.12/site-packages/airflow/example_dags/example_sensors.py
[2024-07-02T12:09:47.520+0000] {processor.py:840} INFO - DAG(s) 'example_sensors' retrieved from /home/airflow/.local/lib/python3.12/site-packages/airflow/example_dags/example_sensors.py
[2024-07-02T12:09:47.622+0000] {logging_mixin.py:188} INFO - [2024-07-02T12:09:47.622+0000] {dag.py:3096} INFO - Sync 1 DAGs
[2024-07-02T12:09:47.631+0000] {logging_mixin.py:188} INFO - [2024-07-02T12:09:47.631+0000] {dag.py:3954} INFO - Setting next_dagrun for example_sensors to None, run_after=None
[2024-07-02T12:09:47.654+0000] {processor.py:183} INFO - Processing /home/airflow/.local/lib/python3.12/site-packages/airflow/example_dags/example_sensors.py took 0.154 seconds
[2024-07-02T12:10:17.744+0000] {processor.py:161} INFO - Started process (PID=368) to work on /home/airflow/.local/lib/python3.12/site-packages/airflow/example_dags/example_sensors.py
[2024-07-02T12:10:17.745+0000] {processor.py:830} INFO - Processing file /home/airflow/.local/lib/python3.12/site-packages/airflow/example_dags/example_sensors.py for tasks to queue
[2024-07-02T12:10:17.748+0000] {logging_mixin.py:188} INFO - [2024-07-02T12:10:17.747+0000] {dagbag.py:545} INFO - Filling up the DagBag from /home/airflow/.local/lib/python3.12/site-packages/airflow/example_dags/example_sensors.py
[2024-07-02T12:10:17.756+0000] {processor.py:840} INFO - DAG(s) 'example_sensors' retrieved from /home/airflow/.local/lib/python3.12/site-packages/airflow/example_dags/example_sensors.py
[2024-07-02T12:10:17.786+0000] {logging_mixin.py:188} INFO - [2024-07-02T12:10:17.785+0000] {dag.py:3096} INFO - Sync 1 DAGs
[2024-07-02T12:10:17.800+0000] {logging_mixin.py:188} INFO - [2024-07-02T12:10:17.800+0000] {dag.py:3954} INFO - Setting next_dagrun for example_sensors to None, run_after=None
[2024-07-02T12:10:17.828+0000] {processor.py:183} INFO - Processing /home/airflow/.local/lib/python3.12/site-packages/airflow/example_dags/example_sensors.py took 0.090 seconds
[2024-07-02T12:10:48.600+0000] {processor.py:161} INFO - Started process (PID=431) to work on /home/airflow/.local/lib/python3.12/site-packages/airflow/example_dags/example_sensors.py
[2024-07-02T12:10:48.601+0000] {processor.py:830} INFO - Processing file /home/airflow/.local/lib/python3.12/site-packages/airflow/example_dags/example_sensors.py for tasks to queue
[2024-07-02T12:10:48.602+0000] {logging_mixin.py:188} INFO - [2024-07-02T12:10:48.602+0000] {dagbag.py:545} INFO - Filling up the DagBag from /home/airflow/.local/lib/python3.12/site-packages/airflow/example_dags/example_sensors.py
[2024-07-02T12:10:48.609+0000] {processor.py:840} INFO - DAG(s) 'example_sensors' retrieved from /home/airflow/.local/lib/python3.12/site-packages/airflow/example_dags/example_sensors.py
[2024-07-02T12:10:48.630+0000] {logging_mixin.py:188} INFO - [2024-07-02T12:10:48.630+0000] {dag.py:3096} INFO - Sync 1 DAGs
[2024-07-02T12:10:48.642+0000] {logging_mixin.py:188} INFO - [2024-07-02T12:10:48.642+0000] {dag.py:3954} INFO - Setting next_dagrun for example_sensors to None, run_after=None
[2024-07-02T12:10:48.661+0000] {processor.py:183} INFO - Processing /home/airflow/.local/lib/python3.12/site-packages/airflow/example_dags/example_sensors.py took 0.066 seconds
[2024-07-02T12:11:19.377+0000] {processor.py:161} INFO - Started process (PID=495) to work on /home/airflow/.local/lib/python3.12/site-packages/airflow/example_dags/example_sensors.py
[2024-07-02T12:11:19.378+0000] {processor.py:830} INFO - Processing file /home/airflow/.local/lib/python3.12/site-packages/airflow/example_dags/example_sensors.py for tasks to queue
[2024-07-02T12:11:19.380+0000] {logging_mixin.py:188} INFO - [2024-07-02T12:11:19.379+0000] {dagbag.py:545} INFO - Filling up the DagBag from /home/airflow/.local/lib/python3.12/site-packages/airflow/example_dags/example_sensors.py
[2024-07-02T12:11:19.387+0000] {processor.py:840} INFO - DAG(s) 'example_sensors' retrieved from /home/airflow/.local/lib/python3.12/site-packages/airflow/example_dags/example_sensors.py
[2024-07-02T12:11:19.408+0000] {logging_mixin.py:188} INFO - [2024-07-02T12:11:19.408+0000] {dag.py:3096} INFO - Sync 1 DAGs
[2024-07-02T12:11:19.418+0000] {logging_mixin.py:188} INFO - [2024-07-02T12:11:19.418+0000] {dag.py:3954} INFO - Setting next_dagrun for example_sensors to None, run_after=None
[2024-07-02T12:11:19.439+0000] {processor.py:183} INFO - Processing /home/airflow/.local/lib/python3.12/site-packages/airflow/example_dags/example_sensors.py took 0.067 seconds
[2024-07-02T12:11:50.398+0000] {processor.py:161} INFO - Started process (PID=558) to work on /home/airflow/.local/lib/python3.12/site-packages/airflow/example_dags/example_sensors.py
[2024-07-02T12:11:50.399+0000] {processor.py:830} INFO - Processing file /home/airflow/.local/lib/python3.12/site-packages/airflow/example_dags/example_sensors.py for tasks to queue
[2024-07-02T12:11:50.401+0000] {logging_mixin.py:188} INFO - [2024-07-02T12:11:50.401+0000] {dagbag.py:545} INFO - Filling up the DagBag from /home/airflow/.local/lib/python3.12/site-packages/airflow/example_dags/example_sensors.py
[2024-07-02T12:11:50.410+0000] {processor.py:840} INFO - DAG(s) 'example_sensors' retrieved from /home/airflow/.local/lib/python3.12/site-packages/airflow/example_dags/example_sensors.py
[2024-07-02T12:11:50.436+0000] {logging_mixin.py:188} INFO - [2024-07-02T12:11:50.435+0000] {dag.py:3096} INFO - Sync 1 DAGs
[2024-07-02T12:11:50.450+0000] {logging_mixin.py:188} INFO - [2024-07-02T12:11:50.450+0000] {dag.py:3954} INFO - Setting next_dagrun for example_sensors to None, run_after=None
[2024-07-02T12:11:50.473+0000] {processor.py:183} INFO - Processing /home/airflow/.local/lib/python3.12/site-packages/airflow/example_dags/example_sensors.py took 0.083 seconds
[2024-07-02T12:12:21.371+0000] {processor.py:161} INFO - Started process (PID=621) to work on /home/airflow/.local/lib/python3.12/site-packages/airflow/example_dags/example_sensors.py
[2024-07-02T12:12:21.372+0000] {processor.py:830} INFO - Processing file /home/airflow/.local/lib/python3.12/site-packages/airflow/example_dags/example_sensors.py for tasks to queue
[2024-07-02T12:12:21.375+0000] {logging_mixin.py:188} INFO - [2024-07-02T12:12:21.374+0000] {dagbag.py:545} INFO - Filling up the DagBag from /home/airflow/.local/lib/python3.12/site-packages/airflow/example_dags/example_sensors.py
[2024-07-02T12:12:21.382+0000] {processor.py:840} INFO - DAG(s) 'example_sensors' retrieved from /home/airflow/.local/lib/python3.12/site-packages/airflow/example_dags/example_sensors.py
[2024-07-02T12:12:21.407+0000] {logging_mixin.py:188} INFO - [2024-07-02T12:12:21.407+0000] {dag.py:3096} INFO - Sync 1 DAGs
[2024-07-02T12:12:21.418+0000] {logging_mixin.py:188} INFO - [2024-07-02T12:12:21.418+0000] {dag.py:3954} INFO - Setting next_dagrun for example_sensors to None, run_after=None
[2024-07-02T12:12:21.443+0000] {processor.py:183} INFO - Processing /home/airflow/.local/lib/python3.12/site-packages/airflow/example_dags/example_sensors.py took 0.077 seconds
[2024-07-02T12:12:52.727+0000] {processor.py:161} INFO - Started process (PID=684) to work on /home/airflow/.local/lib/python3.12/site-packages/airflow/example_dags/example_sensors.py
[2024-07-02T12:12:52.728+0000] {processor.py:830} INFO - Processing file /home/airflow/.local/lib/python3.12/site-packages/airflow/example_dags/example_sensors.py for tasks to queue
[2024-07-02T12:12:52.730+0000] {logging_mixin.py:188} INFO - [2024-07-02T12:12:52.730+0000] {dagbag.py:545} INFO - Filling up the DagBag from /home/airflow/.local/lib/python3.12/site-packages/airflow/example_dags/example_sensors.py
[2024-07-02T12:12:52.738+0000] {processor.py:840} INFO - DAG(s) 'example_sensors' retrieved from /home/airflow/.local/lib/python3.12/site-packages/airflow/example_dags/example_sensors.py
[2024-07-02T12:12:52.762+0000] {logging_mixin.py:188} INFO - [2024-07-02T12:12:52.761+0000] {dag.py:3096} INFO - Sync 1 DAGs
[2024-07-02T12:12:52.774+0000] {logging_mixin.py:188} INFO - [2024-07-02T12:12:52.774+0000] {dag.py:3954} INFO - Setting next_dagrun for example_sensors to None, run_after=None
[2024-07-02T12:12:52.799+0000] {processor.py:183} INFO - Processing /home/airflow/.local/lib/python3.12/site-packages/airflow/example_dags/example_sensors.py took 0.078 seconds
[2024-07-02T12:13:24.032+0000] {processor.py:161} INFO - Started process (PID=747) to work on /home/airflow/.local/lib/python3.12/site-packages/airflow/example_dags/example_sensors.py
[2024-07-02T12:13:24.033+0000] {processor.py:830} INFO - Processing file /home/airflow/.local/lib/python3.12/site-packages/airflow/example_dags/example_sensors.py for tasks to queue
[2024-07-02T12:13:24.035+0000] {logging_mixin.py:188} INFO - [2024-07-02T12:13:24.035+0000] {dagbag.py:545} INFO - Filling up the DagBag from /home/airflow/.local/lib/python3.12/site-packages/airflow/example_dags/example_sensors.py
[2024-07-02T12:13:24.043+0000] {processor.py:840} INFO - DAG(s) 'example_sensors' retrieved from /home/airflow/.local/lib/python3.12/site-packages/airflow/example_dags/example_sensors.py
[2024-07-02T12:13:24.067+0000] {logging_mixin.py:188} INFO - [2024-07-02T12:13:24.066+0000] {dag.py:3096} INFO - Sync 1 DAGs
[2024-07-02T12:13:24.079+0000] {logging_mixin.py:188} INFO - [2024-07-02T12:13:24.079+0000] {dag.py:3954} INFO - Setting next_dagrun for example_sensors to None, run_after=None
[2024-07-02T12:13:24.104+0000] {processor.py:183} INFO - Processing /home/airflow/.local/lib/python3.12/site-packages/airflow/example_dags/example_sensors.py took 0.079 seconds
[2024-07-02T12:13:54.344+0000] {processor.py:161} INFO - Started process (PID=810) to work on /home/airflow/.local/lib/python3.12/site-packages/airflow/example_dags/example_sensors.py
[2024-07-02T12:13:54.346+0000] {processor.py:830} INFO - Processing file /home/airflow/.local/lib/python3.12/site-packages/airflow/example_dags/example_sensors.py for tasks to queue
[2024-07-02T12:13:54.348+0000] {logging_mixin.py:188} INFO - [2024-07-02T12:13:54.347+0000] {dagbag.py:545} INFO - Filling up the DagBag from /home/airflow/.local/lib/python3.12/site-packages/airflow/example_dags/example_sensors.py
[2024-07-02T12:13:54.355+0000] {processor.py:840} INFO - DAG(s) 'example_sensors' retrieved from /home/airflow/.local/lib/python3.12/site-packages/airflow/example_dags/example_sensors.py
[2024-07-02T12:13:54.380+0000] {logging_mixin.py:188} INFO - [2024-07-02T12:13:54.380+0000] {dag.py:3096} INFO - Sync 1 DAGs
[2024-07-02T12:13:54.391+0000] {logging_mixin.py:188} INFO - [2024-07-02T12:13:54.391+0000] {dag.py:3954} INFO - Setting next_dagrun for example_sensors to None, run_after=None
[2024-07-02T12:13:54.410+0000] {processor.py:183} INFO - Processing /home/airflow/.local/lib/python3.12/site-packages/airflow/example_dags/example_sensors.py took 0.072 seconds
[2024-07-02T12:14:25.586+0000] {processor.py:161} INFO - Started process (PID=873) to work on /home/airflow/.local/lib/python3.12/site-packages/airflow/example_dags/example_sensors.py
[2024-07-02T12:14:25.588+0000] {processor.py:830} INFO - Processing file /home/airflow/.local/lib/python3.12/site-packages/airflow/example_dags/example_sensors.py for tasks to queue
[2024-07-02T12:14:25.591+0000] {logging_mixin.py:188} INFO - [2024-07-02T12:14:25.590+0000] {dagbag.py:545} INFO - Filling up the DagBag from /home/airflow/.local/lib/python3.12/site-packages/airflow/example_dags/example_sensors.py
[2024-07-02T12:14:25.600+0000] {processor.py:840} INFO - DAG(s) 'example_sensors' retrieved from /home/airflow/.local/lib/python3.12/site-packages/airflow/example_dags/example_sensors.py
[2024-07-02T12:14:25.614+0000] {logging_mixin.py:188} INFO - [2024-07-02T12:14:25.614+0000] {dag.py:3096} INFO - Sync 1 DAGs
[2024-07-02T12:14:25.628+0000] {logging_mixin.py:188} INFO - [2024-07-02T12:14:25.628+0000] {dag.py:3954} INFO - Setting next_dagrun for example_sensors to None, run_after=None
[2024-07-02T12:14:25.653+0000] {processor.py:183} INFO - Processing /home/airflow/.local/lib/python3.12/site-packages/airflow/example_dags/example_sensors.py took 0.073 seconds
[2024-07-02T12:14:56.664+0000] {processor.py:161} INFO - Started process (PID=936) to work on /home/airflow/.local/lib/python3.12/site-packages/airflow/example_dags/example_sensors.py
[2024-07-02T12:14:56.665+0000] {processor.py:830} INFO - Processing file /home/airflow/.local/lib/python3.12/site-packages/airflow/example_dags/example_sensors.py for tasks to queue
[2024-07-02T12:14:56.667+0000] {logging_mixin.py:188} INFO - [2024-07-02T12:14:56.667+0000] {dagbag.py:545} INFO - Filling up the DagBag from /home/airflow/.local/lib/python3.12/site-packages/airflow/example_dags/example_sensors.py
[2024-07-02T12:14:56.675+0000] {processor.py:840} INFO - DAG(s) 'example_sensors' retrieved from /home/airflow/.local/lib/python3.12/site-packages/airflow/example_dags/example_sensors.py
[2024-07-02T12:14:56.766+0000] {logging_mixin.py:188} INFO - [2024-07-02T12:14:56.766+0000] {dag.py:3096} INFO - Sync 1 DAGs
[2024-07-02T12:14:56.775+0000] {logging_mixin.py:188} INFO - [2024-07-02T12:14:56.775+0000] {dag.py:3954} INFO - Setting next_dagrun for example_sensors to None, run_after=None
[2024-07-02T12:14:56.799+0000] {processor.py:183} INFO - Processing /home/airflow/.local/lib/python3.12/site-packages/airflow/example_dags/example_sensors.py took 0.141 seconds
[2024-07-02T12:15:26.933+0000] {processor.py:161} INFO - Started process (PID=999) to work on /home/airflow/.local/lib/python3.12/site-packages/airflow/example_dags/example_sensors.py
[2024-07-02T12:15:26.934+0000] {processor.py:830} INFO - Processing file /home/airflow/.local/lib/python3.12/site-packages/airflow/example_dags/example_sensors.py for tasks to queue
[2024-07-02T12:15:26.936+0000] {logging_mixin.py:188} INFO - [2024-07-02T12:15:26.936+0000] {dagbag.py:545} INFO - Filling up the DagBag from /home/airflow/.local/lib/python3.12/site-packages/airflow/example_dags/example_sensors.py
[2024-07-02T12:15:26.943+0000] {processor.py:840} INFO - DAG(s) 'example_sensors' retrieved from /home/airflow/.local/lib/python3.12/site-packages/airflow/example_dags/example_sensors.py
[2024-07-02T12:15:26.965+0000] {logging_mixin.py:188} INFO - [2024-07-02T12:15:26.965+0000] {dag.py:3096} INFO - Sync 1 DAGs
[2024-07-02T12:15:26.977+0000] {logging_mixin.py:188} INFO - [2024-07-02T12:15:26.976+0000] {dag.py:3954} INFO - Setting next_dagrun for example_sensors to None, run_after=None
[2024-07-02T12:15:26.999+0000] {processor.py:183} INFO - Processing /home/airflow/.local/lib/python3.12/site-packages/airflow/example_dags/example_sensors.py took 0.072 seconds
[2024-07-02T12:18:52.572+0000] {processor.py:161} INFO - Started process (PID=56) to work on /home/airflow/.local/lib/python3.12/site-packages/airflow/example_dags/example_sensors.py
[2024-07-02T12:18:52.574+0000] {processor.py:830} INFO - Processing file /home/airflow/.local/lib/python3.12/site-packages/airflow/example_dags/example_sensors.py for tasks to queue
[2024-07-02T12:18:52.577+0000] {logging_mixin.py:188} INFO - [2024-07-02T12:18:52.576+0000] {dagbag.py:545} INFO - Filling up the DagBag from /home/airflow/.local/lib/python3.12/site-packages/airflow/example_dags/example_sensors.py
[2024-07-02T12:18:52.593+0000] {processor.py:840} INFO - DAG(s) 'example_sensors' retrieved from /home/airflow/.local/lib/python3.12/site-packages/airflow/example_dags/example_sensors.py
[2024-07-02T12:18:52.607+0000] {logging_mixin.py:188} INFO - [2024-07-02T12:18:52.607+0000] {dag.py:3096} INFO - Sync 1 DAGs
[2024-07-02T12:18:52.620+0000] {logging_mixin.py:188} INFO - [2024-07-02T12:18:52.620+0000] {dag.py:3954} INFO - Setting next_dagrun for example_sensors to None, run_after=None
[2024-07-02T12:18:52.641+0000] {processor.py:183} INFO - Processing /home/airflow/.local/lib/python3.12/site-packages/airflow/example_dags/example_sensors.py took 0.074 seconds
[2024-07-02T12:19:24.339+0000] {processor.py:161} INFO - Started process (PID=119) to work on /home/airflow/.local/lib/python3.12/site-packages/airflow/example_dags/example_sensors.py
[2024-07-02T12:19:24.340+0000] {processor.py:830} INFO - Processing file /home/airflow/.local/lib/python3.12/site-packages/airflow/example_dags/example_sensors.py for tasks to queue
[2024-07-02T12:19:24.342+0000] {logging_mixin.py:188} INFO - [2024-07-02T12:19:24.342+0000] {dagbag.py:545} INFO - Filling up the DagBag from /home/airflow/.local/lib/python3.12/site-packages/airflow/example_dags/example_sensors.py
[2024-07-02T12:19:24.353+0000] {processor.py:840} INFO - DAG(s) 'example_sensors' retrieved from /home/airflow/.local/lib/python3.12/site-packages/airflow/example_dags/example_sensors.py
[2024-07-02T12:19:24.465+0000] {logging_mixin.py:188} INFO - [2024-07-02T12:19:24.464+0000] {dag.py:3096} INFO - Sync 1 DAGs
[2024-07-02T12:19:24.478+0000] {logging_mixin.py:188} INFO - [2024-07-02T12:19:24.478+0000] {dag.py:3954} INFO - Setting next_dagrun for example_sensors to None, run_after=None
[2024-07-02T12:19:24.507+0000] {processor.py:183} INFO - Processing /home/airflow/.local/lib/python3.12/site-packages/airflow/example_dags/example_sensors.py took 0.176 seconds
[2024-07-02T12:19:54.702+0000] {processor.py:161} INFO - Started process (PID=182) to work on /home/airflow/.local/lib/python3.12/site-packages/airflow/example_dags/example_sensors.py
[2024-07-02T12:19:54.703+0000] {processor.py:830} INFO - Processing file /home/airflow/.local/lib/python3.12/site-packages/airflow/example_dags/example_sensors.py for tasks to queue
[2024-07-02T12:19:54.705+0000] {logging_mixin.py:188} INFO - [2024-07-02T12:19:54.705+0000] {dagbag.py:545} INFO - Filling up the DagBag from /home/airflow/.local/lib/python3.12/site-packages/airflow/example_dags/example_sensors.py
[2024-07-02T12:19:54.714+0000] {processor.py:840} INFO - DAG(s) 'example_sensors' retrieved from /home/airflow/.local/lib/python3.12/site-packages/airflow/example_dags/example_sensors.py
[2024-07-02T12:19:54.744+0000] {logging_mixin.py:188} INFO - [2024-07-02T12:19:54.743+0000] {dag.py:3096} INFO - Sync 1 DAGs
[2024-07-02T12:19:54.757+0000] {logging_mixin.py:188} INFO - [2024-07-02T12:19:54.757+0000] {dag.py:3954} INFO - Setting next_dagrun for example_sensors to None, run_after=None
[2024-07-02T12:19:54.780+0000] {processor.py:183} INFO - Processing /home/airflow/.local/lib/python3.12/site-packages/airflow/example_dags/example_sensors.py took 0.084 seconds
[2024-07-02T12:20:25.407+0000] {processor.py:161} INFO - Started process (PID=245) to work on /home/airflow/.local/lib/python3.12/site-packages/airflow/example_dags/example_sensors.py
[2024-07-02T12:20:25.408+0000] {processor.py:830} INFO - Processing file /home/airflow/.local/lib/python3.12/site-packages/airflow/example_dags/example_sensors.py for tasks to queue
[2024-07-02T12:20:25.410+0000] {logging_mixin.py:188} INFO - [2024-07-02T12:20:25.410+0000] {dagbag.py:545} INFO - Filling up the DagBag from /home/airflow/.local/lib/python3.12/site-packages/airflow/example_dags/example_sensors.py
[2024-07-02T12:20:25.417+0000] {processor.py:840} INFO - DAG(s) 'example_sensors' retrieved from /home/airflow/.local/lib/python3.12/site-packages/airflow/example_dags/example_sensors.py
[2024-07-02T12:20:25.441+0000] {logging_mixin.py:188} INFO - [2024-07-02T12:20:25.440+0000] {dag.py:3096} INFO - Sync 1 DAGs
[2024-07-02T12:20:25.451+0000] {logging_mixin.py:188} INFO - [2024-07-02T12:20:25.451+0000] {dag.py:3954} INFO - Setting next_dagrun for example_sensors to None, run_after=None
[2024-07-02T12:20:25.473+0000] {processor.py:183} INFO - Processing /home/airflow/.local/lib/python3.12/site-packages/airflow/example_dags/example_sensors.py took 0.071 seconds
[2024-07-02T12:20:55.787+0000] {processor.py:161} INFO - Started process (PID=310) to work on /home/airflow/.local/lib/python3.12/site-packages/airflow/example_dags/example_sensors.py
[2024-07-02T12:20:55.788+0000] {processor.py:830} INFO - Processing file /home/airflow/.local/lib/python3.12/site-packages/airflow/example_dags/example_sensors.py for tasks to queue
[2024-07-02T12:20:55.790+0000] {logging_mixin.py:188} INFO - [2024-07-02T12:20:55.790+0000] {dagbag.py:545} INFO - Filling up the DagBag from /home/airflow/.local/lib/python3.12/site-packages/airflow/example_dags/example_sensors.py
[2024-07-02T12:20:55.797+0000] {processor.py:840} INFO - DAG(s) 'example_sensors' retrieved from /home/airflow/.local/lib/python3.12/site-packages/airflow/example_dags/example_sensors.py
[2024-07-02T12:20:55.819+0000] {logging_mixin.py:188} INFO - [2024-07-02T12:20:55.819+0000] {dag.py:3096} INFO - Sync 1 DAGs
[2024-07-02T12:20:55.830+0000] {logging_mixin.py:188} INFO - [2024-07-02T12:20:55.830+0000] {dag.py:3954} INFO - Setting next_dagrun for example_sensors to None, run_after=None
[2024-07-02T12:20:55.852+0000] {processor.py:183} INFO - Processing /home/airflow/.local/lib/python3.12/site-packages/airflow/example_dags/example_sensors.py took 0.070 seconds
[2024-07-02T12:21:26.591+0000] {processor.py:161} INFO - Started process (PID=373) to work on /home/airflow/.local/lib/python3.12/site-packages/airflow/example_dags/example_sensors.py
[2024-07-02T12:21:26.592+0000] {processor.py:830} INFO - Processing file /home/airflow/.local/lib/python3.12/site-packages/airflow/example_dags/example_sensors.py for tasks to queue
[2024-07-02T12:21:26.594+0000] {logging_mixin.py:188} INFO - [2024-07-02T12:21:26.594+0000] {dagbag.py:545} INFO - Filling up the DagBag from /home/airflow/.local/lib/python3.12/site-packages/airflow/example_dags/example_sensors.py
[2024-07-02T12:21:26.602+0000] {processor.py:840} INFO - DAG(s) 'example_sensors' retrieved from /home/airflow/.local/lib/python3.12/site-packages/airflow/example_dags/example_sensors.py
[2024-07-02T12:21:26.624+0000] {logging_mixin.py:188} INFO - [2024-07-02T12:21:26.624+0000] {dag.py:3096} INFO - Sync 1 DAGs
[2024-07-02T12:21:26.636+0000] {logging_mixin.py:188} INFO - [2024-07-02T12:21:26.636+0000] {dag.py:3954} INFO - Setting next_dagrun for example_sensors to None, run_after=None
[2024-07-02T12:21:26.654+0000] {processor.py:183} INFO - Processing /home/airflow/.local/lib/python3.12/site-packages/airflow/example_dags/example_sensors.py took 0.069 seconds
[2024-07-02T12:21:57.538+0000] {processor.py:161} INFO - Started process (PID=436) to work on /home/airflow/.local/lib/python3.12/site-packages/airflow/example_dags/example_sensors.py
[2024-07-02T12:21:57.540+0000] {processor.py:830} INFO - Processing file /home/airflow/.local/lib/python3.12/site-packages/airflow/example_dags/example_sensors.py for tasks to queue
[2024-07-02T12:21:57.542+0000] {logging_mixin.py:188} INFO - [2024-07-02T12:21:57.541+0000] {dagbag.py:545} INFO - Filling up the DagBag from /home/airflow/.local/lib/python3.12/site-packages/airflow/example_dags/example_sensors.py
[2024-07-02T12:21:57.550+0000] {processor.py:840} INFO - DAG(s) 'example_sensors' retrieved from /home/airflow/.local/lib/python3.12/site-packages/airflow/example_dags/example_sensors.py
[2024-07-02T12:21:57.573+0000] {logging_mixin.py:188} INFO - [2024-07-02T12:21:57.573+0000] {dag.py:3096} INFO - Sync 1 DAGs
[2024-07-02T12:21:57.585+0000] {logging_mixin.py:188} INFO - [2024-07-02T12:21:57.584+0000] {dag.py:3954} INFO - Setting next_dagrun for example_sensors to None, run_after=None
[2024-07-02T12:21:57.608+0000] {processor.py:183} INFO - Processing /home/airflow/.local/lib/python3.12/site-packages/airflow/example_dags/example_sensors.py took 0.075 seconds
[2024-07-02T12:22:28.707+0000] {processor.py:161} INFO - Started process (PID=499) to work on /home/airflow/.local/lib/python3.12/site-packages/airflow/example_dags/example_sensors.py
[2024-07-02T12:22:28.709+0000] {processor.py:830} INFO - Processing file /home/airflow/.local/lib/python3.12/site-packages/airflow/example_dags/example_sensors.py for tasks to queue
[2024-07-02T12:22:28.711+0000] {logging_mixin.py:188} INFO - [2024-07-02T12:22:28.711+0000] {dagbag.py:545} INFO - Filling up the DagBag from /home/airflow/.local/lib/python3.12/site-packages/airflow/example_dags/example_sensors.py
[2024-07-02T12:22:28.722+0000] {processor.py:840} INFO - DAG(s) 'example_sensors' retrieved from /home/airflow/.local/lib/python3.12/site-packages/airflow/example_dags/example_sensors.py
[2024-07-02T12:22:28.753+0000] {logging_mixin.py:188} INFO - [2024-07-02T12:22:28.753+0000] {dag.py:3096} INFO - Sync 1 DAGs
[2024-07-02T12:22:28.771+0000] {logging_mixin.py:188} INFO - [2024-07-02T12:22:28.771+0000] {dag.py:3954} INFO - Setting next_dagrun for example_sensors to None, run_after=None
[2024-07-02T12:22:28.796+0000] {processor.py:183} INFO - Processing /home/airflow/.local/lib/python3.12/site-packages/airflow/example_dags/example_sensors.py took 0.094 seconds
[2024-07-02T12:22:59.309+0000] {processor.py:161} INFO - Started process (PID=562) to work on /home/airflow/.local/lib/python3.12/site-packages/airflow/example_dags/example_sensors.py
[2024-07-02T12:22:59.310+0000] {processor.py:830} INFO - Processing file /home/airflow/.local/lib/python3.12/site-packages/airflow/example_dags/example_sensors.py for tasks to queue
[2024-07-02T12:22:59.313+0000] {logging_mixin.py:188} INFO - [2024-07-02T12:22:59.312+0000] {dagbag.py:545} INFO - Filling up the DagBag from /home/airflow/.local/lib/python3.12/site-packages/airflow/example_dags/example_sensors.py
[2024-07-02T12:22:59.325+0000] {processor.py:840} INFO - DAG(s) 'example_sensors' retrieved from /home/airflow/.local/lib/python3.12/site-packages/airflow/example_dags/example_sensors.py
[2024-07-02T12:22:59.360+0000] {logging_mixin.py:188} INFO - [2024-07-02T12:22:59.360+0000] {dag.py:3096} INFO - Sync 1 DAGs
[2024-07-02T12:22:59.375+0000] {logging_mixin.py:188} INFO - [2024-07-02T12:22:59.374+0000] {dag.py:3954} INFO - Setting next_dagrun for example_sensors to None, run_after=None
[2024-07-02T12:22:59.404+0000] {processor.py:183} INFO - Processing /home/airflow/.local/lib/python3.12/site-packages/airflow/example_dags/example_sensors.py took 0.103 seconds
[2024-07-02T12:23:30.316+0000] {processor.py:161} INFO - Started process (PID=626) to work on /home/airflow/.local/lib/python3.12/site-packages/airflow/example_dags/example_sensors.py
[2024-07-02T12:23:30.318+0000] {processor.py:830} INFO - Processing file /home/airflow/.local/lib/python3.12/site-packages/airflow/example_dags/example_sensors.py for tasks to queue
[2024-07-02T12:23:30.323+0000] {logging_mixin.py:188} INFO - [2024-07-02T12:23:30.322+0000] {dagbag.py:545} INFO - Filling up the DagBag from /home/airflow/.local/lib/python3.12/site-packages/airflow/example_dags/example_sensors.py
[2024-07-02T12:23:30.343+0000] {processor.py:840} INFO - DAG(s) 'example_sensors' retrieved from /home/airflow/.local/lib/python3.12/site-packages/airflow/example_dags/example_sensors.py
[2024-07-02T12:23:30.388+0000] {logging_mixin.py:188} INFO - [2024-07-02T12:23:30.387+0000] {dag.py:3096} INFO - Sync 1 DAGs
[2024-07-02T12:23:30.413+0000] {logging_mixin.py:188} INFO - [2024-07-02T12:23:30.412+0000] {dag.py:3954} INFO - Setting next_dagrun for example_sensors to None, run_after=None
[2024-07-02T12:23:30.452+0000] {processor.py:183} INFO - Processing /home/airflow/.local/lib/python3.12/site-packages/airflow/example_dags/example_sensors.py took 0.145 seconds
[2024-07-02T12:37:14.278+0000] {processor.py:161} INFO - Started process (PID=1987) to work on /home/airflow/.local/lib/python3.12/site-packages/airflow/example_dags/example_sensors.py
[2024-07-02T12:37:14.280+0000] {processor.py:830} INFO - Processing file /home/airflow/.local/lib/python3.12/site-packages/airflow/example_dags/example_sensors.py for tasks to queue
[2024-07-02T12:37:14.281+0000] {logging_mixin.py:188} INFO - [2024-07-02T12:37:14.281+0000] {dagbag.py:545} INFO - Filling up the DagBag from /home/airflow/.local/lib/python3.12/site-packages/airflow/example_dags/example_sensors.py
[2024-07-02T12:37:14.289+0000] {processor.py:840} INFO - DAG(s) 'example_sensors' retrieved from /home/airflow/.local/lib/python3.12/site-packages/airflow/example_dags/example_sensors.py
[2024-07-02T12:37:14.313+0000] {logging_mixin.py:188} INFO - [2024-07-02T12:37:14.313+0000] {dag.py:3096} INFO - Sync 1 DAGs
[2024-07-02T12:37:14.324+0000] {logging_mixin.py:188} INFO - [2024-07-02T12:37:14.323+0000] {dag.py:3954} INFO - Setting next_dagrun for example_sensors to None, run_after=None
[2024-07-02T12:37:14.344+0000] {processor.py:183} INFO - Processing /home/airflow/.local/lib/python3.12/site-packages/airflow/example_dags/example_sensors.py took 0.071 seconds
[2024-07-02T12:37:45.034+0000] {processor.py:161} INFO - Started process (PID=2050) to work on /home/airflow/.local/lib/python3.12/site-packages/airflow/example_dags/example_sensors.py
[2024-07-02T12:37:45.035+0000] {processor.py:830} INFO - Processing file /home/airflow/.local/lib/python3.12/site-packages/airflow/example_dags/example_sensors.py for tasks to queue
[2024-07-02T12:37:45.036+0000] {logging_mixin.py:188} INFO - [2024-07-02T12:37:45.036+0000] {dagbag.py:545} INFO - Filling up the DagBag from /home/airflow/.local/lib/python3.12/site-packages/airflow/example_dags/example_sensors.py
[2024-07-02T12:37:45.044+0000] {processor.py:840} INFO - DAG(s) 'example_sensors' retrieved from /home/airflow/.local/lib/python3.12/site-packages/airflow/example_dags/example_sensors.py
[2024-07-02T12:37:45.067+0000] {logging_mixin.py:188} INFO - [2024-07-02T12:37:45.066+0000] {dag.py:3096} INFO - Sync 1 DAGs
[2024-07-02T12:37:45.077+0000] {logging_mixin.py:188} INFO - [2024-07-02T12:37:45.076+0000] {dag.py:3954} INFO - Setting next_dagrun for example_sensors to None, run_after=None
[2024-07-02T12:37:45.098+0000] {processor.py:183} INFO - Processing /home/airflow/.local/lib/python3.12/site-packages/airflow/example_dags/example_sensors.py took 0.069 seconds
[2024-07-02T14:46:54.631+0000] {processor.py:161} INFO - Started process (PID=67) to work on /home/airflow/.local/lib/python3.12/site-packages/airflow/example_dags/example_sensors.py
[2024-07-02T14:46:54.632+0000] {processor.py:830} INFO - Processing file /home/airflow/.local/lib/python3.12/site-packages/airflow/example_dags/example_sensors.py for tasks to queue
[2024-07-02T14:46:54.634+0000] {logging_mixin.py:188} INFO - [2024-07-02T14:46:54.634+0000] {dagbag.py:545} INFO - Filling up the DagBag from /home/airflow/.local/lib/python3.12/site-packages/airflow/example_dags/example_sensors.py
[2024-07-02T14:46:54.644+0000] {processor.py:840} INFO - DAG(s) 'example_sensors' retrieved from /home/airflow/.local/lib/python3.12/site-packages/airflow/example_dags/example_sensors.py
[2024-07-02T14:46:54.727+0000] {logging_mixin.py:188} INFO - [2024-07-02T14:46:54.727+0000] {dag.py:3096} INFO - Sync 1 DAGs
[2024-07-02T14:46:54.736+0000] {logging_mixin.py:188} INFO - [2024-07-02T14:46:54.736+0000] {dag.py:3954} INFO - Setting next_dagrun for example_sensors to None, run_after=None
[2024-07-02T14:46:54.757+0000] {processor.py:183} INFO - Processing /home/airflow/.local/lib/python3.12/site-packages/airflow/example_dags/example_sensors.py took 0.132 seconds
[2024-07-02T14:49:59.528+0000] {processor.py:161} INFO - Started process (PID=74) to work on /home/airflow/.local/lib/python3.12/site-packages/airflow/example_dags/example_sensors.py
[2024-07-02T14:49:59.530+0000] {processor.py:830} INFO - Processing file /home/airflow/.local/lib/python3.12/site-packages/airflow/example_dags/example_sensors.py for tasks to queue
[2024-07-02T14:49:59.532+0000] {logging_mixin.py:188} INFO - [2024-07-02T14:49:59.531+0000] {dagbag.py:545} INFO - Filling up the DagBag from /home/airflow/.local/lib/python3.12/site-packages/airflow/example_dags/example_sensors.py
[2024-07-02T14:49:59.542+0000] {processor.py:840} INFO - DAG(s) 'example_sensors' retrieved from /home/airflow/.local/lib/python3.12/site-packages/airflow/example_dags/example_sensors.py
[2024-07-02T14:49:59.620+0000] {logging_mixin.py:188} INFO - [2024-07-02T14:49:59.620+0000] {dag.py:3096} INFO - Sync 1 DAGs
[2024-07-02T14:49:59.629+0000] {logging_mixin.py:188} INFO - [2024-07-02T14:49:59.629+0000] {dag.py:3954} INFO - Setting next_dagrun for example_sensors to None, run_after=None
[2024-07-02T14:49:59.651+0000] {processor.py:183} INFO - Processing /home/airflow/.local/lib/python3.12/site-packages/airflow/example_dags/example_sensors.py took 0.127 seconds
[2024-07-02T14:50:30.078+0000] {processor.py:161} INFO - Started process (PID=134) to work on /home/airflow/.local/lib/python3.12/site-packages/airflow/example_dags/example_sensors.py
[2024-07-02T14:50:30.079+0000] {processor.py:830} INFO - Processing file /home/airflow/.local/lib/python3.12/site-packages/airflow/example_dags/example_sensors.py for tasks to queue
[2024-07-02T14:50:30.081+0000] {logging_mixin.py:188} INFO - [2024-07-02T14:50:30.081+0000] {dagbag.py:545} INFO - Filling up the DagBag from /home/airflow/.local/lib/python3.12/site-packages/airflow/example_dags/example_sensors.py
[2024-07-02T14:50:30.088+0000] {processor.py:840} INFO - DAG(s) 'example_sensors' retrieved from /home/airflow/.local/lib/python3.12/site-packages/airflow/example_dags/example_sensors.py
[2024-07-02T14:50:30.110+0000] {logging_mixin.py:188} INFO - [2024-07-02T14:50:30.110+0000] {dag.py:3096} INFO - Sync 1 DAGs
[2024-07-02T14:50:30.119+0000] {logging_mixin.py:188} INFO - [2024-07-02T14:50:30.119+0000] {dag.py:3954} INFO - Setting next_dagrun for example_sensors to None, run_after=None
[2024-07-02T14:50:30.137+0000] {processor.py:183} INFO - Processing /home/airflow/.local/lib/python3.12/site-packages/airflow/example_dags/example_sensors.py took 0.063 seconds
[2024-07-02T14:51:00.640+0000] {processor.py:161} INFO - Started process (PID=193) to work on /home/airflow/.local/lib/python3.12/site-packages/airflow/example_dags/example_sensors.py
[2024-07-02T14:51:00.641+0000] {processor.py:830} INFO - Processing file /home/airflow/.local/lib/python3.12/site-packages/airflow/example_dags/example_sensors.py for tasks to queue
[2024-07-02T14:51:00.642+0000] {logging_mixin.py:188} INFO - [2024-07-02T14:51:00.642+0000] {dagbag.py:545} INFO - Filling up the DagBag from /home/airflow/.local/lib/python3.12/site-packages/airflow/example_dags/example_sensors.py
[2024-07-02T14:51:00.652+0000] {processor.py:840} INFO - DAG(s) 'example_sensors' retrieved from /home/airflow/.local/lib/python3.12/site-packages/airflow/example_dags/example_sensors.py
[2024-07-02T14:51:00.677+0000] {logging_mixin.py:188} INFO - [2024-07-02T14:51:00.677+0000] {dag.py:3096} INFO - Sync 1 DAGs
[2024-07-02T14:51:00.690+0000] {logging_mixin.py:188} INFO - [2024-07-02T14:51:00.690+0000] {dag.py:3954} INFO - Setting next_dagrun for example_sensors to None, run_after=None
[2024-07-02T14:51:00.714+0000] {processor.py:183} INFO - Processing /home/airflow/.local/lib/python3.12/site-packages/airflow/example_dags/example_sensors.py took 0.079 seconds
[2024-07-02T14:51:31.039+0000] {processor.py:161} INFO - Started process (PID=251) to work on /home/airflow/.local/lib/python3.12/site-packages/airflow/example_dags/example_sensors.py
[2024-07-02T14:51:31.041+0000] {processor.py:830} INFO - Processing file /home/airflow/.local/lib/python3.12/site-packages/airflow/example_dags/example_sensors.py for tasks to queue
[2024-07-02T14:51:31.043+0000] {logging_mixin.py:188} INFO - [2024-07-02T14:51:31.042+0000] {dagbag.py:545} INFO - Filling up the DagBag from /home/airflow/.local/lib/python3.12/site-packages/airflow/example_dags/example_sensors.py
[2024-07-02T14:51:31.052+0000] {processor.py:840} INFO - DAG(s) 'example_sensors' retrieved from /home/airflow/.local/lib/python3.12/site-packages/airflow/example_dags/example_sensors.py
[2024-07-02T14:51:31.077+0000] {logging_mixin.py:188} INFO - [2024-07-02T14:51:31.077+0000] {dag.py:3096} INFO - Sync 1 DAGs
[2024-07-02T14:51:31.087+0000] {logging_mixin.py:188} INFO - [2024-07-02T14:51:31.086+0000] {dag.py:3954} INFO - Setting next_dagrun for example_sensors to None, run_after=None
[2024-07-02T14:51:31.108+0000] {processor.py:183} INFO - Processing /home/airflow/.local/lib/python3.12/site-packages/airflow/example_dags/example_sensors.py took 0.077 seconds
[2024-07-02T14:52:01.176+0000] {processor.py:161} INFO - Started process (PID=309) to work on /home/airflow/.local/lib/python3.12/site-packages/airflow/example_dags/example_sensors.py
[2024-07-02T14:52:01.178+0000] {processor.py:830} INFO - Processing file /home/airflow/.local/lib/python3.12/site-packages/airflow/example_dags/example_sensors.py for tasks to queue
[2024-07-02T14:52:01.179+0000] {logging_mixin.py:188} INFO - [2024-07-02T14:52:01.179+0000] {dagbag.py:545} INFO - Filling up the DagBag from /home/airflow/.local/lib/python3.12/site-packages/airflow/example_dags/example_sensors.py
[2024-07-02T14:52:01.186+0000] {processor.py:840} INFO - DAG(s) 'example_sensors' retrieved from /home/airflow/.local/lib/python3.12/site-packages/airflow/example_dags/example_sensors.py
[2024-07-02T14:52:01.207+0000] {logging_mixin.py:188} INFO - [2024-07-02T14:52:01.207+0000] {dag.py:3096} INFO - Sync 1 DAGs
[2024-07-02T14:52:01.217+0000] {logging_mixin.py:188} INFO - [2024-07-02T14:52:01.217+0000] {dag.py:3954} INFO - Setting next_dagrun for example_sensors to None, run_after=None
[2024-07-02T14:52:01.237+0000] {processor.py:183} INFO - Processing /home/airflow/.local/lib/python3.12/site-packages/airflow/example_dags/example_sensors.py took 0.066 seconds
[2024-07-02T14:52:31.678+0000] {processor.py:161} INFO - Started process (PID=367) to work on /home/airflow/.local/lib/python3.12/site-packages/airflow/example_dags/example_sensors.py
[2024-07-02T14:52:31.679+0000] {processor.py:830} INFO - Processing file /home/airflow/.local/lib/python3.12/site-packages/airflow/example_dags/example_sensors.py for tasks to queue
[2024-07-02T14:52:31.681+0000] {logging_mixin.py:188} INFO - [2024-07-02T14:52:31.680+0000] {dagbag.py:545} INFO - Filling up the DagBag from /home/airflow/.local/lib/python3.12/site-packages/airflow/example_dags/example_sensors.py
[2024-07-02T14:52:31.688+0000] {processor.py:840} INFO - DAG(s) 'example_sensors' retrieved from /home/airflow/.local/lib/python3.12/site-packages/airflow/example_dags/example_sensors.py
[2024-07-02T14:52:31.712+0000] {logging_mixin.py:188} INFO - [2024-07-02T14:52:31.711+0000] {dag.py:3096} INFO - Sync 1 DAGs
[2024-07-02T14:52:31.723+0000] {logging_mixin.py:188} INFO - [2024-07-02T14:52:31.723+0000] {dag.py:3954} INFO - Setting next_dagrun for example_sensors to None, run_after=None
[2024-07-02T14:52:31.745+0000] {processor.py:183} INFO - Processing /home/airflow/.local/lib/python3.12/site-packages/airflow/example_dags/example_sensors.py took 0.071 seconds
[2024-07-02T14:53:01.981+0000] {processor.py:161} INFO - Started process (PID=424) to work on /home/airflow/.local/lib/python3.12/site-packages/airflow/example_dags/example_sensors.py
[2024-07-02T14:53:01.982+0000] {processor.py:830} INFO - Processing file /home/airflow/.local/lib/python3.12/site-packages/airflow/example_dags/example_sensors.py for tasks to queue
[2024-07-02T14:53:01.984+0000] {logging_mixin.py:188} INFO - [2024-07-02T14:53:01.983+0000] {dagbag.py:545} INFO - Filling up the DagBag from /home/airflow/.local/lib/python3.12/site-packages/airflow/example_dags/example_sensors.py
[2024-07-02T14:53:01.993+0000] {processor.py:840} INFO - DAG(s) 'example_sensors' retrieved from /home/airflow/.local/lib/python3.12/site-packages/airflow/example_dags/example_sensors.py
[2024-07-02T14:53:02.020+0000] {logging_mixin.py:188} INFO - [2024-07-02T14:53:02.019+0000] {dag.py:3096} INFO - Sync 1 DAGs
[2024-07-02T14:53:02.033+0000] {logging_mixin.py:188} INFO - [2024-07-02T14:53:02.033+0000] {dag.py:3954} INFO - Setting next_dagrun for example_sensors to None, run_after=None
[2024-07-02T14:53:02.055+0000] {processor.py:183} INFO - Processing /home/airflow/.local/lib/python3.12/site-packages/airflow/example_dags/example_sensors.py took 0.079 seconds
[2024-07-02T14:53:32.791+0000] {processor.py:161} INFO - Started process (PID=483) to work on /home/airflow/.local/lib/python3.12/site-packages/airflow/example_dags/example_sensors.py
[2024-07-02T14:53:32.792+0000] {processor.py:830} INFO - Processing file /home/airflow/.local/lib/python3.12/site-packages/airflow/example_dags/example_sensors.py for tasks to queue
[2024-07-02T14:53:32.793+0000] {logging_mixin.py:188} INFO - [2024-07-02T14:53:32.793+0000] {dagbag.py:545} INFO - Filling up the DagBag from /home/airflow/.local/lib/python3.12/site-packages/airflow/example_dags/example_sensors.py
[2024-07-02T14:53:32.802+0000] {processor.py:840} INFO - DAG(s) 'example_sensors' retrieved from /home/airflow/.local/lib/python3.12/site-packages/airflow/example_dags/example_sensors.py
[2024-07-02T14:53:32.827+0000] {logging_mixin.py:188} INFO - [2024-07-02T14:53:32.826+0000] {dag.py:3096} INFO - Sync 1 DAGs
[2024-07-02T14:53:32.838+0000] {logging_mixin.py:188} INFO - [2024-07-02T14:53:32.837+0000] {dag.py:3954} INFO - Setting next_dagrun for example_sensors to None, run_after=None
[2024-07-02T14:53:32.860+0000] {processor.py:183} INFO - Processing /home/airflow/.local/lib/python3.12/site-packages/airflow/example_dags/example_sensors.py took 0.074 seconds
[2024-07-02T14:54:03.236+0000] {processor.py:161} INFO - Started process (PID=542) to work on /home/airflow/.local/lib/python3.12/site-packages/airflow/example_dags/example_sensors.py
[2024-07-02T14:54:03.237+0000] {processor.py:830} INFO - Processing file /home/airflow/.local/lib/python3.12/site-packages/airflow/example_dags/example_sensors.py for tasks to queue
[2024-07-02T14:54:03.238+0000] {logging_mixin.py:188} INFO - [2024-07-02T14:54:03.238+0000] {dagbag.py:545} INFO - Filling up the DagBag from /home/airflow/.local/lib/python3.12/site-packages/airflow/example_dags/example_sensors.py
[2024-07-02T14:54:03.245+0000] {processor.py:840} INFO - DAG(s) 'example_sensors' retrieved from /home/airflow/.local/lib/python3.12/site-packages/airflow/example_dags/example_sensors.py
[2024-07-02T14:54:03.267+0000] {logging_mixin.py:188} INFO - [2024-07-02T14:54:03.267+0000] {dag.py:3096} INFO - Sync 1 DAGs
[2024-07-02T14:54:03.276+0000] {logging_mixin.py:188} INFO - [2024-07-02T14:54:03.276+0000] {dag.py:3954} INFO - Setting next_dagrun for example_sensors to None, run_after=None
[2024-07-02T14:54:03.297+0000] {processor.py:183} INFO - Processing /home/airflow/.local/lib/python3.12/site-packages/airflow/example_dags/example_sensors.py took 0.065 seconds
