[2024-07-02T11:48:27.066+0000] {processor.py:161} INFO - Started process (PID=91) to work on /home/airflow/.local/lib/python3.12/site-packages/airflow/example_dags/example_nested_branch_dag.py
[2024-07-02T11:48:27.068+0000] {processor.py:830} INFO - Processing file /home/airflow/.local/lib/python3.12/site-packages/airflow/example_dags/example_nested_branch_dag.py for tasks to queue
[2024-07-02T11:48:27.071+0000] {logging_mixin.py:188} INFO - [2024-07-02T11:48:27.071+0000] {dagbag.py:545} INFO - Filling up the DagBag from /home/airflow/.local/lib/python3.12/site-packages/airflow/example_dags/example_nested_branch_dag.py
[2024-07-02T11:48:27.095+0000] {processor.py:840} INFO - DAG(s) 'example_nested_branch_dag' retrieved from /home/airflow/.local/lib/python3.12/site-packages/airflow/example_dags/example_nested_branch_dag.py
[2024-07-02T11:48:27.148+0000] {logging_mixin.py:188} INFO - [2024-07-02T11:48:27.147+0000] {dag.py:3096} INFO - Sync 1 DAGs
[2024-07-02T11:48:27.229+0000] {logging_mixin.py:188} INFO - [2024-07-02T11:48:27.229+0000] {dag.py:3954} INFO - Setting next_dagrun for example_nested_branch_dag to 2024-07-01 00:00:00+00:00, run_after=2024-07-02 00:00:00+00:00
[2024-07-02T11:48:27.275+0000] {processor.py:183} INFO - Processing /home/airflow/.local/lib/python3.12/site-packages/airflow/example_dags/example_nested_branch_dag.py took 0.221 seconds
[2024-07-02T11:48:57.372+0000] {processor.py:161} INFO - Started process (PID=154) to work on /home/airflow/.local/lib/python3.12/site-packages/airflow/example_dags/example_nested_branch_dag.py
[2024-07-02T11:48:57.374+0000] {processor.py:830} INFO - Processing file /home/airflow/.local/lib/python3.12/site-packages/airflow/example_dags/example_nested_branch_dag.py for tasks to queue
[2024-07-02T11:48:57.376+0000] {logging_mixin.py:188} INFO - [2024-07-02T11:48:57.375+0000] {dagbag.py:545} INFO - Filling up the DagBag from /home/airflow/.local/lib/python3.12/site-packages/airflow/example_dags/example_nested_branch_dag.py
[2024-07-02T11:48:57.384+0000] {processor.py:840} INFO - DAG(s) 'example_nested_branch_dag' retrieved from /home/airflow/.local/lib/python3.12/site-packages/airflow/example_dags/example_nested_branch_dag.py
[2024-07-02T11:48:57.403+0000] {logging_mixin.py:188} INFO - [2024-07-02T11:48:57.403+0000] {dag.py:3096} INFO - Sync 1 DAGs
[2024-07-02T11:48:57.423+0000] {logging_mixin.py:188} INFO - [2024-07-02T11:48:57.422+0000] {dag.py:3954} INFO - Setting next_dagrun for example_nested_branch_dag to 2024-07-01 00:00:00+00:00, run_after=2024-07-02 00:00:00+00:00
[2024-07-02T11:48:57.443+0000] {processor.py:183} INFO - Processing /home/airflow/.local/lib/python3.12/site-packages/airflow/example_dags/example_nested_branch_dag.py took 0.076 seconds
[2024-07-02T11:49:27.875+0000] {processor.py:161} INFO - Started process (PID=217) to work on /home/airflow/.local/lib/python3.12/site-packages/airflow/example_dags/example_nested_branch_dag.py
[2024-07-02T11:49:27.876+0000] {processor.py:830} INFO - Processing file /home/airflow/.local/lib/python3.12/site-packages/airflow/example_dags/example_nested_branch_dag.py for tasks to queue
[2024-07-02T11:49:27.878+0000] {logging_mixin.py:188} INFO - [2024-07-02T11:49:27.877+0000] {dagbag.py:545} INFO - Filling up the DagBag from /home/airflow/.local/lib/python3.12/site-packages/airflow/example_dags/example_nested_branch_dag.py
[2024-07-02T11:49:27.885+0000] {processor.py:840} INFO - DAG(s) 'example_nested_branch_dag' retrieved from /home/airflow/.local/lib/python3.12/site-packages/airflow/example_dags/example_nested_branch_dag.py
[2024-07-02T11:49:27.904+0000] {logging_mixin.py:188} INFO - [2024-07-02T11:49:27.904+0000] {dag.py:3096} INFO - Sync 1 DAGs
[2024-07-02T11:49:27.922+0000] {logging_mixin.py:188} INFO - [2024-07-02T11:49:27.922+0000] {dag.py:3954} INFO - Setting next_dagrun for example_nested_branch_dag to 2024-07-01 00:00:00+00:00, run_after=2024-07-02 00:00:00+00:00
[2024-07-02T11:49:27.942+0000] {processor.py:183} INFO - Processing /home/airflow/.local/lib/python3.12/site-packages/airflow/example_dags/example_nested_branch_dag.py took 0.073 seconds
[2024-07-02T11:49:58.129+0000] {processor.py:161} INFO - Started process (PID=280) to work on /home/airflow/.local/lib/python3.12/site-packages/airflow/example_dags/example_nested_branch_dag.py
[2024-07-02T11:49:58.130+0000] {processor.py:830} INFO - Processing file /home/airflow/.local/lib/python3.12/site-packages/airflow/example_dags/example_nested_branch_dag.py for tasks to queue
[2024-07-02T11:49:58.131+0000] {logging_mixin.py:188} INFO - [2024-07-02T11:49:58.131+0000] {dagbag.py:545} INFO - Filling up the DagBag from /home/airflow/.local/lib/python3.12/site-packages/airflow/example_dags/example_nested_branch_dag.py
[2024-07-02T11:49:58.139+0000] {processor.py:840} INFO - DAG(s) 'example_nested_branch_dag' retrieved from /home/airflow/.local/lib/python3.12/site-packages/airflow/example_dags/example_nested_branch_dag.py
[2024-07-02T11:49:58.158+0000] {logging_mixin.py:188} INFO - [2024-07-02T11:49:58.158+0000] {dag.py:3096} INFO - Sync 1 DAGs
[2024-07-02T11:49:58.178+0000] {logging_mixin.py:188} INFO - [2024-07-02T11:49:58.178+0000] {dag.py:3954} INFO - Setting next_dagrun for example_nested_branch_dag to 2024-07-01 00:00:00+00:00, run_after=2024-07-02 00:00:00+00:00
[2024-07-02T11:49:58.200+0000] {processor.py:183} INFO - Processing /home/airflow/.local/lib/python3.12/site-packages/airflow/example_dags/example_nested_branch_dag.py took 0.076 seconds
[2024-07-02T11:50:28.608+0000] {processor.py:161} INFO - Started process (PID=343) to work on /home/airflow/.local/lib/python3.12/site-packages/airflow/example_dags/example_nested_branch_dag.py
[2024-07-02T11:50:28.609+0000] {processor.py:830} INFO - Processing file /home/airflow/.local/lib/python3.12/site-packages/airflow/example_dags/example_nested_branch_dag.py for tasks to queue
[2024-07-02T11:50:28.610+0000] {logging_mixin.py:188} INFO - [2024-07-02T11:50:28.610+0000] {dagbag.py:545} INFO - Filling up the DagBag from /home/airflow/.local/lib/python3.12/site-packages/airflow/example_dags/example_nested_branch_dag.py
[2024-07-02T11:50:28.619+0000] {processor.py:840} INFO - DAG(s) 'example_nested_branch_dag' retrieved from /home/airflow/.local/lib/python3.12/site-packages/airflow/example_dags/example_nested_branch_dag.py
[2024-07-02T11:50:28.632+0000] {logging_mixin.py:188} INFO - [2024-07-02T11:50:28.632+0000] {dag.py:3096} INFO - Sync 1 DAGs
[2024-07-02T11:50:28.654+0000] {logging_mixin.py:188} INFO - [2024-07-02T11:50:28.653+0000] {dag.py:3954} INFO - Setting next_dagrun for example_nested_branch_dag to 2024-07-01 00:00:00+00:00, run_after=2024-07-02 00:00:00+00:00
[2024-07-02T11:50:28.675+0000] {processor.py:183} INFO - Processing /home/airflow/.local/lib/python3.12/site-packages/airflow/example_dags/example_nested_branch_dag.py took 0.073 seconds
[2024-07-02T11:50:59.731+0000] {processor.py:161} INFO - Started process (PID=406) to work on /home/airflow/.local/lib/python3.12/site-packages/airflow/example_dags/example_nested_branch_dag.py
[2024-07-02T11:50:59.733+0000] {processor.py:830} INFO - Processing file /home/airflow/.local/lib/python3.12/site-packages/airflow/example_dags/example_nested_branch_dag.py for tasks to queue
[2024-07-02T11:50:59.734+0000] {logging_mixin.py:188} INFO - [2024-07-02T11:50:59.733+0000] {dagbag.py:545} INFO - Filling up the DagBag from /home/airflow/.local/lib/python3.12/site-packages/airflow/example_dags/example_nested_branch_dag.py
[2024-07-02T11:50:59.741+0000] {processor.py:840} INFO - DAG(s) 'example_nested_branch_dag' retrieved from /home/airflow/.local/lib/python3.12/site-packages/airflow/example_dags/example_nested_branch_dag.py
[2024-07-02T11:50:59.831+0000] {logging_mixin.py:188} INFO - [2024-07-02T11:50:59.830+0000] {dag.py:3096} INFO - Sync 1 DAGs
[2024-07-02T11:50:59.847+0000] {logging_mixin.py:188} INFO - [2024-07-02T11:50:59.847+0000] {dag.py:3954} INFO - Setting next_dagrun for example_nested_branch_dag to 2024-07-01 00:00:00+00:00, run_after=2024-07-02 00:00:00+00:00
[2024-07-02T11:50:59.867+0000] {processor.py:183} INFO - Processing /home/airflow/.local/lib/python3.12/site-packages/airflow/example_dags/example_nested_branch_dag.py took 0.140 seconds
[2024-07-02T11:51:29.929+0000] {processor.py:161} INFO - Started process (PID=469) to work on /home/airflow/.local/lib/python3.12/site-packages/airflow/example_dags/example_nested_branch_dag.py
[2024-07-02T11:51:29.930+0000] {processor.py:830} INFO - Processing file /home/airflow/.local/lib/python3.12/site-packages/airflow/example_dags/example_nested_branch_dag.py for tasks to queue
[2024-07-02T11:51:29.931+0000] {logging_mixin.py:188} INFO - [2024-07-02T11:51:29.931+0000] {dagbag.py:545} INFO - Filling up the DagBag from /home/airflow/.local/lib/python3.12/site-packages/airflow/example_dags/example_nested_branch_dag.py
[2024-07-02T11:51:29.939+0000] {processor.py:840} INFO - DAG(s) 'example_nested_branch_dag' retrieved from /home/airflow/.local/lib/python3.12/site-packages/airflow/example_dags/example_nested_branch_dag.py
[2024-07-02T11:51:29.962+0000] {logging_mixin.py:188} INFO - [2024-07-02T11:51:29.962+0000] {dag.py:3096} INFO - Sync 1 DAGs
[2024-07-02T11:51:29.984+0000] {logging_mixin.py:188} INFO - [2024-07-02T11:51:29.984+0000] {dag.py:3954} INFO - Setting next_dagrun for example_nested_branch_dag to 2024-07-01 00:00:00+00:00, run_after=2024-07-02 00:00:00+00:00
[2024-07-02T11:51:30.006+0000] {processor.py:183} INFO - Processing /home/airflow/.local/lib/python3.12/site-packages/airflow/example_dags/example_nested_branch_dag.py took 0.082 seconds
[2024-07-02T11:52:00.993+0000] {processor.py:161} INFO - Started process (PID=532) to work on /home/airflow/.local/lib/python3.12/site-packages/airflow/example_dags/example_nested_branch_dag.py
[2024-07-02T11:52:00.994+0000] {processor.py:830} INFO - Processing file /home/airflow/.local/lib/python3.12/site-packages/airflow/example_dags/example_nested_branch_dag.py for tasks to queue
[2024-07-02T11:52:00.995+0000] {logging_mixin.py:188} INFO - [2024-07-02T11:52:00.995+0000] {dagbag.py:545} INFO - Filling up the DagBag from /home/airflow/.local/lib/python3.12/site-packages/airflow/example_dags/example_nested_branch_dag.py
[2024-07-02T11:52:01.005+0000] {processor.py:840} INFO - DAG(s) 'example_nested_branch_dag' retrieved from /home/airflow/.local/lib/python3.12/site-packages/airflow/example_dags/example_nested_branch_dag.py
[2024-07-02T11:52:01.025+0000] {logging_mixin.py:188} INFO - [2024-07-02T11:52:01.025+0000] {dag.py:3096} INFO - Sync 1 DAGs
[2024-07-02T11:52:01.044+0000] {logging_mixin.py:188} INFO - [2024-07-02T11:52:01.044+0000] {dag.py:3954} INFO - Setting next_dagrun for example_nested_branch_dag to 2024-07-01 00:00:00+00:00, run_after=2024-07-02 00:00:00+00:00
[2024-07-02T11:52:01.065+0000] {processor.py:183} INFO - Processing /home/airflow/.local/lib/python3.12/site-packages/airflow/example_dags/example_nested_branch_dag.py took 0.078 seconds
[2024-07-02T11:52:31.546+0000] {processor.py:161} INFO - Started process (PID=602) to work on /home/airflow/.local/lib/python3.12/site-packages/airflow/example_dags/example_nested_branch_dag.py
[2024-07-02T11:52:31.547+0000] {processor.py:830} INFO - Processing file /home/airflow/.local/lib/python3.12/site-packages/airflow/example_dags/example_nested_branch_dag.py for tasks to queue
[2024-07-02T11:52:31.548+0000] {logging_mixin.py:188} INFO - [2024-07-02T11:52:31.548+0000] {dagbag.py:545} INFO - Filling up the DagBag from /home/airflow/.local/lib/python3.12/site-packages/airflow/example_dags/example_nested_branch_dag.py
[2024-07-02T11:52:31.557+0000] {processor.py:840} INFO - DAG(s) 'example_nested_branch_dag' retrieved from /home/airflow/.local/lib/python3.12/site-packages/airflow/example_dags/example_nested_branch_dag.py
[2024-07-02T11:52:31.580+0000] {logging_mixin.py:188} INFO - [2024-07-02T11:52:31.580+0000] {dag.py:3096} INFO - Sync 1 DAGs
[2024-07-02T11:52:31.602+0000] {logging_mixin.py:188} INFO - [2024-07-02T11:52:31.602+0000] {dag.py:3954} INFO - Setting next_dagrun for example_nested_branch_dag to 2024-07-01 00:00:00+00:00, run_after=2024-07-02 00:00:00+00:00
[2024-07-02T11:52:31.626+0000] {processor.py:183} INFO - Processing /home/airflow/.local/lib/python3.12/site-packages/airflow/example_dags/example_nested_branch_dag.py took 0.085 seconds
[2024-07-02T11:53:02.223+0000] {processor.py:161} INFO - Started process (PID=665) to work on /home/airflow/.local/lib/python3.12/site-packages/airflow/example_dags/example_nested_branch_dag.py
[2024-07-02T11:53:02.224+0000] {processor.py:830} INFO - Processing file /home/airflow/.local/lib/python3.12/site-packages/airflow/example_dags/example_nested_branch_dag.py for tasks to queue
[2024-07-02T11:53:02.226+0000] {logging_mixin.py:188} INFO - [2024-07-02T11:53:02.225+0000] {dagbag.py:545} INFO - Filling up the DagBag from /home/airflow/.local/lib/python3.12/site-packages/airflow/example_dags/example_nested_branch_dag.py
[2024-07-02T11:53:02.237+0000] {processor.py:840} INFO - DAG(s) 'example_nested_branch_dag' retrieved from /home/airflow/.local/lib/python3.12/site-packages/airflow/example_dags/example_nested_branch_dag.py
[2024-07-02T11:53:02.261+0000] {logging_mixin.py:188} INFO - [2024-07-02T11:53:02.261+0000] {dag.py:3096} INFO - Sync 1 DAGs
[2024-07-02T11:53:02.285+0000] {logging_mixin.py:188} INFO - [2024-07-02T11:53:02.285+0000] {dag.py:3954} INFO - Setting next_dagrun for example_nested_branch_dag to 2024-07-01 00:00:00+00:00, run_after=2024-07-02 00:00:00+00:00
[2024-07-02T11:53:02.309+0000] {processor.py:183} INFO - Processing /home/airflow/.local/lib/python3.12/site-packages/airflow/example_dags/example_nested_branch_dag.py took 0.092 seconds
[2024-07-02T11:53:32.981+0000] {processor.py:161} INFO - Started process (PID=728) to work on /home/airflow/.local/lib/python3.12/site-packages/airflow/example_dags/example_nested_branch_dag.py
[2024-07-02T11:53:32.982+0000] {processor.py:830} INFO - Processing file /home/airflow/.local/lib/python3.12/site-packages/airflow/example_dags/example_nested_branch_dag.py for tasks to queue
[2024-07-02T11:53:32.983+0000] {logging_mixin.py:188} INFO - [2024-07-02T11:53:32.983+0000] {dagbag.py:545} INFO - Filling up the DagBag from /home/airflow/.local/lib/python3.12/site-packages/airflow/example_dags/example_nested_branch_dag.py
[2024-07-02T11:53:32.991+0000] {processor.py:840} INFO - DAG(s) 'example_nested_branch_dag' retrieved from /home/airflow/.local/lib/python3.12/site-packages/airflow/example_dags/example_nested_branch_dag.py
[2024-07-02T11:53:33.012+0000] {logging_mixin.py:188} INFO - [2024-07-02T11:53:33.012+0000] {dag.py:3096} INFO - Sync 1 DAGs
[2024-07-02T11:53:33.032+0000] {logging_mixin.py:188} INFO - [2024-07-02T11:53:33.032+0000] {dag.py:3954} INFO - Setting next_dagrun for example_nested_branch_dag to 2024-07-01 00:00:00+00:00, run_after=2024-07-02 00:00:00+00:00
[2024-07-02T11:53:33.054+0000] {processor.py:183} INFO - Processing /home/airflow/.local/lib/python3.12/site-packages/airflow/example_dags/example_nested_branch_dag.py took 0.078 seconds
[2024-07-02T11:54:03.539+0000] {processor.py:161} INFO - Started process (PID=791) to work on /home/airflow/.local/lib/python3.12/site-packages/airflow/example_dags/example_nested_branch_dag.py
[2024-07-02T11:54:03.540+0000] {processor.py:830} INFO - Processing file /home/airflow/.local/lib/python3.12/site-packages/airflow/example_dags/example_nested_branch_dag.py for tasks to queue
[2024-07-02T11:54:03.541+0000] {logging_mixin.py:188} INFO - [2024-07-02T11:54:03.541+0000] {dagbag.py:545} INFO - Filling up the DagBag from /home/airflow/.local/lib/python3.12/site-packages/airflow/example_dags/example_nested_branch_dag.py
[2024-07-02T11:54:03.549+0000] {processor.py:840} INFO - DAG(s) 'example_nested_branch_dag' retrieved from /home/airflow/.local/lib/python3.12/site-packages/airflow/example_dags/example_nested_branch_dag.py
[2024-07-02T11:54:03.570+0000] {logging_mixin.py:188} INFO - [2024-07-02T11:54:03.570+0000] {dag.py:3096} INFO - Sync 1 DAGs
[2024-07-02T11:54:03.589+0000] {logging_mixin.py:188} INFO - [2024-07-02T11:54:03.589+0000] {dag.py:3954} INFO - Setting next_dagrun for example_nested_branch_dag to 2024-07-01 00:00:00+00:00, run_after=2024-07-02 00:00:00+00:00
[2024-07-02T11:54:03.610+0000] {processor.py:183} INFO - Processing /home/airflow/.local/lib/python3.12/site-packages/airflow/example_dags/example_nested_branch_dag.py took 0.077 seconds
[2024-07-02T11:54:34.292+0000] {processor.py:161} INFO - Started process (PID=854) to work on /home/airflow/.local/lib/python3.12/site-packages/airflow/example_dags/example_nested_branch_dag.py
[2024-07-02T11:54:34.293+0000] {processor.py:830} INFO - Processing file /home/airflow/.local/lib/python3.12/site-packages/airflow/example_dags/example_nested_branch_dag.py for tasks to queue
[2024-07-02T11:54:34.294+0000] {logging_mixin.py:188} INFO - [2024-07-02T11:54:34.294+0000] {dagbag.py:545} INFO - Filling up the DagBag from /home/airflow/.local/lib/python3.12/site-packages/airflow/example_dags/example_nested_branch_dag.py
[2024-07-02T11:54:34.302+0000] {processor.py:840} INFO - DAG(s) 'example_nested_branch_dag' retrieved from /home/airflow/.local/lib/python3.12/site-packages/airflow/example_dags/example_nested_branch_dag.py
[2024-07-02T11:54:34.328+0000] {logging_mixin.py:188} INFO - [2024-07-02T11:54:34.328+0000] {dag.py:3096} INFO - Sync 1 DAGs
[2024-07-02T11:54:34.351+0000] {logging_mixin.py:188} INFO - [2024-07-02T11:54:34.351+0000] {dag.py:3954} INFO - Setting next_dagrun for example_nested_branch_dag to 2024-07-01 00:00:00+00:00, run_after=2024-07-02 00:00:00+00:00
[2024-07-02T11:54:34.372+0000] {processor.py:183} INFO - Processing /home/airflow/.local/lib/python3.12/site-packages/airflow/example_dags/example_nested_branch_dag.py took 0.086 seconds
[2024-07-02T11:55:04.738+0000] {processor.py:161} INFO - Started process (PID=917) to work on /home/airflow/.local/lib/python3.12/site-packages/airflow/example_dags/example_nested_branch_dag.py
[2024-07-02T11:55:04.739+0000] {processor.py:830} INFO - Processing file /home/airflow/.local/lib/python3.12/site-packages/airflow/example_dags/example_nested_branch_dag.py for tasks to queue
[2024-07-02T11:55:04.740+0000] {logging_mixin.py:188} INFO - [2024-07-02T11:55:04.739+0000] {dagbag.py:545} INFO - Filling up the DagBag from /home/airflow/.local/lib/python3.12/site-packages/airflow/example_dags/example_nested_branch_dag.py
[2024-07-02T11:55:04.749+0000] {processor.py:840} INFO - DAG(s) 'example_nested_branch_dag' retrieved from /home/airflow/.local/lib/python3.12/site-packages/airflow/example_dags/example_nested_branch_dag.py
[2024-07-02T11:55:04.770+0000] {logging_mixin.py:188} INFO - [2024-07-02T11:55:04.770+0000] {dag.py:3096} INFO - Sync 1 DAGs
[2024-07-02T11:55:04.791+0000] {logging_mixin.py:188} INFO - [2024-07-02T11:55:04.791+0000] {dag.py:3954} INFO - Setting next_dagrun for example_nested_branch_dag to 2024-07-01 00:00:00+00:00, run_after=2024-07-02 00:00:00+00:00
[2024-07-02T11:55:04.815+0000] {processor.py:183} INFO - Processing /home/airflow/.local/lib/python3.12/site-packages/airflow/example_dags/example_nested_branch_dag.py took 0.083 seconds
[2024-07-02T11:55:35.520+0000] {processor.py:161} INFO - Started process (PID=980) to work on /home/airflow/.local/lib/python3.12/site-packages/airflow/example_dags/example_nested_branch_dag.py
[2024-07-02T11:55:35.521+0000] {processor.py:830} INFO - Processing file /home/airflow/.local/lib/python3.12/site-packages/airflow/example_dags/example_nested_branch_dag.py for tasks to queue
[2024-07-02T11:55:35.523+0000] {logging_mixin.py:188} INFO - [2024-07-02T11:55:35.522+0000] {dagbag.py:545} INFO - Filling up the DagBag from /home/airflow/.local/lib/python3.12/site-packages/airflow/example_dags/example_nested_branch_dag.py
[2024-07-02T11:55:35.533+0000] {processor.py:840} INFO - DAG(s) 'example_nested_branch_dag' retrieved from /home/airflow/.local/lib/python3.12/site-packages/airflow/example_dags/example_nested_branch_dag.py
[2024-07-02T11:55:35.556+0000] {logging_mixin.py:188} INFO - [2024-07-02T11:55:35.555+0000] {dag.py:3096} INFO - Sync 1 DAGs
[2024-07-02T11:55:35.577+0000] {logging_mixin.py:188} INFO - [2024-07-02T11:55:35.577+0000] {dag.py:3954} INFO - Setting next_dagrun for example_nested_branch_dag to 2024-07-01 00:00:00+00:00, run_after=2024-07-02 00:00:00+00:00
[2024-07-02T11:55:35.602+0000] {processor.py:183} INFO - Processing /home/airflow/.local/lib/python3.12/site-packages/airflow/example_dags/example_nested_branch_dag.py took 0.088 seconds
[2024-07-02T11:56:06.516+0000] {processor.py:161} INFO - Started process (PID=1043) to work on /home/airflow/.local/lib/python3.12/site-packages/airflow/example_dags/example_nested_branch_dag.py
[2024-07-02T11:56:06.518+0000] {processor.py:830} INFO - Processing file /home/airflow/.local/lib/python3.12/site-packages/airflow/example_dags/example_nested_branch_dag.py for tasks to queue
[2024-07-02T11:56:06.519+0000] {logging_mixin.py:188} INFO - [2024-07-02T11:56:06.519+0000] {dagbag.py:545} INFO - Filling up the DagBag from /home/airflow/.local/lib/python3.12/site-packages/airflow/example_dags/example_nested_branch_dag.py
[2024-07-02T11:56:06.527+0000] {processor.py:840} INFO - DAG(s) 'example_nested_branch_dag' retrieved from /home/airflow/.local/lib/python3.12/site-packages/airflow/example_dags/example_nested_branch_dag.py
[2024-07-02T11:56:06.549+0000] {logging_mixin.py:188} INFO - [2024-07-02T11:56:06.549+0000] {dag.py:3096} INFO - Sync 1 DAGs
[2024-07-02T11:56:06.570+0000] {logging_mixin.py:188} INFO - [2024-07-02T11:56:06.570+0000] {dag.py:3954} INFO - Setting next_dagrun for example_nested_branch_dag to 2024-07-01 00:00:00+00:00, run_after=2024-07-02 00:00:00+00:00
[2024-07-02T11:56:06.595+0000] {processor.py:183} INFO - Processing /home/airflow/.local/lib/python3.12/site-packages/airflow/example_dags/example_nested_branch_dag.py took 0.084 seconds
[2024-07-02T11:56:37.054+0000] {processor.py:161} INFO - Started process (PID=1105) to work on /home/airflow/.local/lib/python3.12/site-packages/airflow/example_dags/example_nested_branch_dag.py
[2024-07-02T11:56:37.056+0000] {processor.py:830} INFO - Processing file /home/airflow/.local/lib/python3.12/site-packages/airflow/example_dags/example_nested_branch_dag.py for tasks to queue
[2024-07-02T11:56:37.057+0000] {logging_mixin.py:188} INFO - [2024-07-02T11:56:37.057+0000] {dagbag.py:545} INFO - Filling up the DagBag from /home/airflow/.local/lib/python3.12/site-packages/airflow/example_dags/example_nested_branch_dag.py
[2024-07-02T11:56:37.065+0000] {processor.py:840} INFO - DAG(s) 'example_nested_branch_dag' retrieved from /home/airflow/.local/lib/python3.12/site-packages/airflow/example_dags/example_nested_branch_dag.py
[2024-07-02T11:56:37.085+0000] {logging_mixin.py:188} INFO - [2024-07-02T11:56:37.084+0000] {dag.py:3096} INFO - Sync 1 DAGs
[2024-07-02T11:56:37.104+0000] {logging_mixin.py:188} INFO - [2024-07-02T11:56:37.104+0000] {dag.py:3954} INFO - Setting next_dagrun for example_nested_branch_dag to 2024-07-01 00:00:00+00:00, run_after=2024-07-02 00:00:00+00:00
[2024-07-02T11:56:37.126+0000] {processor.py:183} INFO - Processing /home/airflow/.local/lib/python3.12/site-packages/airflow/example_dags/example_nested_branch_dag.py took 0.078 seconds
[2024-07-02T11:57:08.227+0000] {processor.py:161} INFO - Started process (PID=1168) to work on /home/airflow/.local/lib/python3.12/site-packages/airflow/example_dags/example_nested_branch_dag.py
[2024-07-02T11:57:08.229+0000] {processor.py:830} INFO - Processing file /home/airflow/.local/lib/python3.12/site-packages/airflow/example_dags/example_nested_branch_dag.py for tasks to queue
[2024-07-02T11:57:08.230+0000] {logging_mixin.py:188} INFO - [2024-07-02T11:57:08.230+0000] {dagbag.py:545} INFO - Filling up the DagBag from /home/airflow/.local/lib/python3.12/site-packages/airflow/example_dags/example_nested_branch_dag.py
[2024-07-02T11:57:08.241+0000] {processor.py:840} INFO - DAG(s) 'example_nested_branch_dag' retrieved from /home/airflow/.local/lib/python3.12/site-packages/airflow/example_dags/example_nested_branch_dag.py
[2024-07-02T11:57:08.264+0000] {logging_mixin.py:188} INFO - [2024-07-02T11:57:08.264+0000] {dag.py:3096} INFO - Sync 1 DAGs
[2024-07-02T11:57:08.288+0000] {logging_mixin.py:188} INFO - [2024-07-02T11:57:08.287+0000] {dag.py:3954} INFO - Setting next_dagrun for example_nested_branch_dag to 2024-07-01 00:00:00+00:00, run_after=2024-07-02 00:00:00+00:00
[2024-07-02T11:57:08.311+0000] {processor.py:183} INFO - Processing /home/airflow/.local/lib/python3.12/site-packages/airflow/example_dags/example_nested_branch_dag.py took 0.090 seconds
[2024-07-02T11:57:39.025+0000] {processor.py:161} INFO - Started process (PID=1231) to work on /home/airflow/.local/lib/python3.12/site-packages/airflow/example_dags/example_nested_branch_dag.py
[2024-07-02T11:57:39.026+0000] {processor.py:830} INFO - Processing file /home/airflow/.local/lib/python3.12/site-packages/airflow/example_dags/example_nested_branch_dag.py for tasks to queue
[2024-07-02T11:57:39.027+0000] {logging_mixin.py:188} INFO - [2024-07-02T11:57:39.027+0000] {dagbag.py:545} INFO - Filling up the DagBag from /home/airflow/.local/lib/python3.12/site-packages/airflow/example_dags/example_nested_branch_dag.py
[2024-07-02T11:57:39.035+0000] {processor.py:840} INFO - DAG(s) 'example_nested_branch_dag' retrieved from /home/airflow/.local/lib/python3.12/site-packages/airflow/example_dags/example_nested_branch_dag.py
[2024-07-02T11:57:39.053+0000] {logging_mixin.py:188} INFO - [2024-07-02T11:57:39.053+0000] {dag.py:3096} INFO - Sync 1 DAGs
[2024-07-02T11:57:39.071+0000] {logging_mixin.py:188} INFO - [2024-07-02T11:57:39.070+0000] {dag.py:3954} INFO - Setting next_dagrun for example_nested_branch_dag to 2024-07-01 00:00:00+00:00, run_after=2024-07-02 00:00:00+00:00
[2024-07-02T11:57:39.090+0000] {processor.py:183} INFO - Processing /home/airflow/.local/lib/python3.12/site-packages/airflow/example_dags/example_nested_branch_dag.py took 0.071 seconds
[2024-07-02T11:58:09.556+0000] {processor.py:161} INFO - Started process (PID=1294) to work on /home/airflow/.local/lib/python3.12/site-packages/airflow/example_dags/example_nested_branch_dag.py
[2024-07-02T11:58:09.557+0000] {processor.py:830} INFO - Processing file /home/airflow/.local/lib/python3.12/site-packages/airflow/example_dags/example_nested_branch_dag.py for tasks to queue
[2024-07-02T11:58:09.558+0000] {logging_mixin.py:188} INFO - [2024-07-02T11:58:09.558+0000] {dagbag.py:545} INFO - Filling up the DagBag from /home/airflow/.local/lib/python3.12/site-packages/airflow/example_dags/example_nested_branch_dag.py
[2024-07-02T11:58:09.566+0000] {processor.py:840} INFO - DAG(s) 'example_nested_branch_dag' retrieved from /home/airflow/.local/lib/python3.12/site-packages/airflow/example_dags/example_nested_branch_dag.py
[2024-07-02T11:58:09.586+0000] {logging_mixin.py:188} INFO - [2024-07-02T11:58:09.586+0000] {dag.py:3096} INFO - Sync 1 DAGs
[2024-07-02T11:58:09.603+0000] {logging_mixin.py:188} INFO - [2024-07-02T11:58:09.603+0000] {dag.py:3954} INFO - Setting next_dagrun for example_nested_branch_dag to 2024-07-01 00:00:00+00:00, run_after=2024-07-02 00:00:00+00:00
[2024-07-02T11:58:09.621+0000] {processor.py:183} INFO - Processing /home/airflow/.local/lib/python3.12/site-packages/airflow/example_dags/example_nested_branch_dag.py took 0.071 seconds
[2024-07-02T11:58:40.259+0000] {processor.py:161} INFO - Started process (PID=1357) to work on /home/airflow/.local/lib/python3.12/site-packages/airflow/example_dags/example_nested_branch_dag.py
[2024-07-02T11:58:40.260+0000] {processor.py:830} INFO - Processing file /home/airflow/.local/lib/python3.12/site-packages/airflow/example_dags/example_nested_branch_dag.py for tasks to queue
[2024-07-02T11:58:40.261+0000] {logging_mixin.py:188} INFO - [2024-07-02T11:58:40.260+0000] {dagbag.py:545} INFO - Filling up the DagBag from /home/airflow/.local/lib/python3.12/site-packages/airflow/example_dags/example_nested_branch_dag.py
[2024-07-02T11:58:40.269+0000] {processor.py:840} INFO - DAG(s) 'example_nested_branch_dag' retrieved from /home/airflow/.local/lib/python3.12/site-packages/airflow/example_dags/example_nested_branch_dag.py
[2024-07-02T11:58:40.289+0000] {logging_mixin.py:188} INFO - [2024-07-02T11:58:40.288+0000] {dag.py:3096} INFO - Sync 1 DAGs
[2024-07-02T11:58:40.310+0000] {logging_mixin.py:188} INFO - [2024-07-02T11:58:40.309+0000] {dag.py:3954} INFO - Setting next_dagrun for example_nested_branch_dag to 2024-07-01 00:00:00+00:00, run_after=2024-07-02 00:00:00+00:00
[2024-07-02T11:58:40.329+0000] {processor.py:183} INFO - Processing /home/airflow/.local/lib/python3.12/site-packages/airflow/example_dags/example_nested_branch_dag.py took 0.076 seconds
[2024-07-02T11:59:11.193+0000] {processor.py:161} INFO - Started process (PID=1420) to work on /home/airflow/.local/lib/python3.12/site-packages/airflow/example_dags/example_nested_branch_dag.py
[2024-07-02T11:59:11.193+0000] {processor.py:830} INFO - Processing file /home/airflow/.local/lib/python3.12/site-packages/airflow/example_dags/example_nested_branch_dag.py for tasks to queue
[2024-07-02T11:59:11.194+0000] {logging_mixin.py:188} INFO - [2024-07-02T11:59:11.194+0000] {dagbag.py:545} INFO - Filling up the DagBag from /home/airflow/.local/lib/python3.12/site-packages/airflow/example_dags/example_nested_branch_dag.py
[2024-07-02T11:59:11.202+0000] {processor.py:840} INFO - DAG(s) 'example_nested_branch_dag' retrieved from /home/airflow/.local/lib/python3.12/site-packages/airflow/example_dags/example_nested_branch_dag.py
[2024-07-02T11:59:11.220+0000] {logging_mixin.py:188} INFO - [2024-07-02T11:59:11.220+0000] {dag.py:3096} INFO - Sync 1 DAGs
[2024-07-02T11:59:11.238+0000] {logging_mixin.py:188} INFO - [2024-07-02T11:59:11.238+0000] {dag.py:3954} INFO - Setting next_dagrun for example_nested_branch_dag to 2024-07-01 00:00:00+00:00, run_after=2024-07-02 00:00:00+00:00
[2024-07-02T11:59:11.257+0000] {processor.py:183} INFO - Processing /home/airflow/.local/lib/python3.12/site-packages/airflow/example_dags/example_nested_branch_dag.py took 0.069 seconds
[2024-07-02T11:59:43.220+0000] {processor.py:161} INFO - Started process (PID=1483) to work on /home/airflow/.local/lib/python3.12/site-packages/airflow/example_dags/example_nested_branch_dag.py
[2024-07-02T11:59:43.221+0000] {processor.py:830} INFO - Processing file /home/airflow/.local/lib/python3.12/site-packages/airflow/example_dags/example_nested_branch_dag.py for tasks to queue
[2024-07-02T11:59:43.222+0000] {logging_mixin.py:188} INFO - [2024-07-02T11:59:43.222+0000] {dagbag.py:545} INFO - Filling up the DagBag from /home/airflow/.local/lib/python3.12/site-packages/airflow/example_dags/example_nested_branch_dag.py
[2024-07-02T11:59:43.234+0000] {processor.py:840} INFO - DAG(s) 'example_nested_branch_dag' retrieved from /home/airflow/.local/lib/python3.12/site-packages/airflow/example_dags/example_nested_branch_dag.py
[2024-07-02T11:59:43.257+0000] {logging_mixin.py:188} INFO - [2024-07-02T11:59:43.256+0000] {dag.py:3096} INFO - Sync 1 DAGs
[2024-07-02T11:59:43.277+0000] {logging_mixin.py:188} INFO - [2024-07-02T11:59:43.277+0000] {dag.py:3954} INFO - Setting next_dagrun for example_nested_branch_dag to 2024-07-01 00:00:00+00:00, run_after=2024-07-02 00:00:00+00:00
[2024-07-02T11:59:43.297+0000] {processor.py:183} INFO - Processing /home/airflow/.local/lib/python3.12/site-packages/airflow/example_dags/example_nested_branch_dag.py took 0.083 seconds
[2024-07-02T12:00:13.835+0000] {processor.py:161} INFO - Started process (PID=1546) to work on /home/airflow/.local/lib/python3.12/site-packages/airflow/example_dags/example_nested_branch_dag.py
[2024-07-02T12:00:13.836+0000] {processor.py:830} INFO - Processing file /home/airflow/.local/lib/python3.12/site-packages/airflow/example_dags/example_nested_branch_dag.py for tasks to queue
[2024-07-02T12:00:13.838+0000] {logging_mixin.py:188} INFO - [2024-07-02T12:00:13.837+0000] {dagbag.py:545} INFO - Filling up the DagBag from /home/airflow/.local/lib/python3.12/site-packages/airflow/example_dags/example_nested_branch_dag.py
[2024-07-02T12:00:13.852+0000] {processor.py:840} INFO - DAG(s) 'example_nested_branch_dag' retrieved from /home/airflow/.local/lib/python3.12/site-packages/airflow/example_dags/example_nested_branch_dag.py
[2024-07-02T12:00:13.882+0000] {logging_mixin.py:188} INFO - [2024-07-02T12:00:13.881+0000] {dag.py:3096} INFO - Sync 1 DAGs
[2024-07-02T12:00:14.086+0000] {logging_mixin.py:188} INFO - [2024-07-02T12:00:14.085+0000] {dag.py:3954} INFO - Setting next_dagrun for example_nested_branch_dag to 2024-07-01 00:00:00+00:00, run_after=2024-07-02 00:00:00+00:00
[2024-07-02T12:00:14.119+0000] {processor.py:183} INFO - Processing /home/airflow/.local/lib/python3.12/site-packages/airflow/example_dags/example_nested_branch_dag.py took 0.295 seconds
[2024-07-02T12:00:44.505+0000] {processor.py:161} INFO - Started process (PID=1609) to work on /home/airflow/.local/lib/python3.12/site-packages/airflow/example_dags/example_nested_branch_dag.py
[2024-07-02T12:00:44.507+0000] {processor.py:830} INFO - Processing file /home/airflow/.local/lib/python3.12/site-packages/airflow/example_dags/example_nested_branch_dag.py for tasks to queue
[2024-07-02T12:00:44.508+0000] {logging_mixin.py:188} INFO - [2024-07-02T12:00:44.508+0000] {dagbag.py:545} INFO - Filling up the DagBag from /home/airflow/.local/lib/python3.12/site-packages/airflow/example_dags/example_nested_branch_dag.py
[2024-07-02T12:00:44.516+0000] {processor.py:840} INFO - DAG(s) 'example_nested_branch_dag' retrieved from /home/airflow/.local/lib/python3.12/site-packages/airflow/example_dags/example_nested_branch_dag.py
[2024-07-02T12:00:44.540+0000] {logging_mixin.py:188} INFO - [2024-07-02T12:00:44.540+0000] {dag.py:3096} INFO - Sync 1 DAGs
[2024-07-02T12:00:44.564+0000] {logging_mixin.py:188} INFO - [2024-07-02T12:00:44.564+0000] {dag.py:3954} INFO - Setting next_dagrun for example_nested_branch_dag to 2024-07-01 00:00:00+00:00, run_after=2024-07-02 00:00:00+00:00
[2024-07-02T12:00:44.702+0000] {processor.py:183} INFO - Processing /home/airflow/.local/lib/python3.12/site-packages/airflow/example_dags/example_nested_branch_dag.py took 0.203 seconds
[2024-07-02T12:01:14.776+0000] {processor.py:161} INFO - Started process (PID=1672) to work on /home/airflow/.local/lib/python3.12/site-packages/airflow/example_dags/example_nested_branch_dag.py
[2024-07-02T12:01:14.777+0000] {processor.py:830} INFO - Processing file /home/airflow/.local/lib/python3.12/site-packages/airflow/example_dags/example_nested_branch_dag.py for tasks to queue
[2024-07-02T12:01:14.778+0000] {logging_mixin.py:188} INFO - [2024-07-02T12:01:14.778+0000] {dagbag.py:545} INFO - Filling up the DagBag from /home/airflow/.local/lib/python3.12/site-packages/airflow/example_dags/example_nested_branch_dag.py
[2024-07-02T12:01:14.786+0000] {processor.py:840} INFO - DAG(s) 'example_nested_branch_dag' retrieved from /home/airflow/.local/lib/python3.12/site-packages/airflow/example_dags/example_nested_branch_dag.py
[2024-07-02T12:01:14.806+0000] {logging_mixin.py:188} INFO - [2024-07-02T12:01:14.806+0000] {dag.py:3096} INFO - Sync 1 DAGs
[2024-07-02T12:01:14.825+0000] {logging_mixin.py:188} INFO - [2024-07-02T12:01:14.825+0000] {dag.py:3954} INFO - Setting next_dagrun for example_nested_branch_dag to 2024-07-01 00:00:00+00:00, run_after=2024-07-02 00:00:00+00:00
[2024-07-02T12:01:14.953+0000] {processor.py:183} INFO - Processing /home/airflow/.local/lib/python3.12/site-packages/airflow/example_dags/example_nested_branch_dag.py took 0.183 seconds
[2024-07-02T12:01:47.054+0000] {processor.py:161} INFO - Started process (PID=1735) to work on /home/airflow/.local/lib/python3.12/site-packages/airflow/example_dags/example_nested_branch_dag.py
[2024-07-02T12:01:47.055+0000] {processor.py:830} INFO - Processing file /home/airflow/.local/lib/python3.12/site-packages/airflow/example_dags/example_nested_branch_dag.py for tasks to queue
[2024-07-02T12:01:47.057+0000] {logging_mixin.py:188} INFO - [2024-07-02T12:01:47.056+0000] {dagbag.py:545} INFO - Filling up the DagBag from /home/airflow/.local/lib/python3.12/site-packages/airflow/example_dags/example_nested_branch_dag.py
[2024-07-02T12:01:47.065+0000] {processor.py:840} INFO - DAG(s) 'example_nested_branch_dag' retrieved from /home/airflow/.local/lib/python3.12/site-packages/airflow/example_dags/example_nested_branch_dag.py
[2024-07-02T12:01:47.084+0000] {logging_mixin.py:188} INFO - [2024-07-02T12:01:47.084+0000] {dag.py:3096} INFO - Sync 1 DAGs
[2024-07-02T12:01:47.104+0000] {logging_mixin.py:188} INFO - [2024-07-02T12:01:47.103+0000] {dag.py:3954} INFO - Setting next_dagrun for example_nested_branch_dag to 2024-07-01 00:00:00+00:00, run_after=2024-07-02 00:00:00+00:00
[2024-07-02T12:01:47.126+0000] {processor.py:183} INFO - Processing /home/airflow/.local/lib/python3.12/site-packages/airflow/example_dags/example_nested_branch_dag.py took 0.080 seconds
[2024-07-02T12:02:17.468+0000] {processor.py:161} INFO - Started process (PID=1798) to work on /home/airflow/.local/lib/python3.12/site-packages/airflow/example_dags/example_nested_branch_dag.py
[2024-07-02T12:02:17.470+0000] {processor.py:830} INFO - Processing file /home/airflow/.local/lib/python3.12/site-packages/airflow/example_dags/example_nested_branch_dag.py for tasks to queue
[2024-07-02T12:02:17.471+0000] {logging_mixin.py:188} INFO - [2024-07-02T12:02:17.471+0000] {dagbag.py:545} INFO - Filling up the DagBag from /home/airflow/.local/lib/python3.12/site-packages/airflow/example_dags/example_nested_branch_dag.py
[2024-07-02T12:02:17.480+0000] {processor.py:840} INFO - DAG(s) 'example_nested_branch_dag' retrieved from /home/airflow/.local/lib/python3.12/site-packages/airflow/example_dags/example_nested_branch_dag.py
[2024-07-02T12:02:17.501+0000] {logging_mixin.py:188} INFO - [2024-07-02T12:02:17.500+0000] {dag.py:3096} INFO - Sync 1 DAGs
[2024-07-02T12:02:17.520+0000] {logging_mixin.py:188} INFO - [2024-07-02T12:02:17.520+0000] {dag.py:3954} INFO - Setting next_dagrun for example_nested_branch_dag to 2024-07-01 00:00:00+00:00, run_after=2024-07-02 00:00:00+00:00
[2024-07-02T12:02:17.537+0000] {processor.py:183} INFO - Processing /home/airflow/.local/lib/python3.12/site-packages/airflow/example_dags/example_nested_branch_dag.py took 0.076 seconds
[2024-07-02T12:02:47.815+0000] {processor.py:161} INFO - Started process (PID=1861) to work on /home/airflow/.local/lib/python3.12/site-packages/airflow/example_dags/example_nested_branch_dag.py
[2024-07-02T12:02:47.816+0000] {processor.py:830} INFO - Processing file /home/airflow/.local/lib/python3.12/site-packages/airflow/example_dags/example_nested_branch_dag.py for tasks to queue
[2024-07-02T12:02:47.818+0000] {logging_mixin.py:188} INFO - [2024-07-02T12:02:47.817+0000] {dagbag.py:545} INFO - Filling up the DagBag from /home/airflow/.local/lib/python3.12/site-packages/airflow/example_dags/example_nested_branch_dag.py
[2024-07-02T12:02:47.829+0000] {processor.py:840} INFO - DAG(s) 'example_nested_branch_dag' retrieved from /home/airflow/.local/lib/python3.12/site-packages/airflow/example_dags/example_nested_branch_dag.py
[2024-07-02T12:02:47.852+0000] {logging_mixin.py:188} INFO - [2024-07-02T12:02:47.852+0000] {dag.py:3096} INFO - Sync 1 DAGs
[2024-07-02T12:02:47.877+0000] {logging_mixin.py:188} INFO - [2024-07-02T12:02:47.877+0000] {dag.py:3954} INFO - Setting next_dagrun for example_nested_branch_dag to 2024-07-01 00:00:00+00:00, run_after=2024-07-02 00:00:00+00:00
[2024-07-02T12:02:47.899+0000] {processor.py:183} INFO - Processing /home/airflow/.local/lib/python3.12/site-packages/airflow/example_dags/example_nested_branch_dag.py took 0.093 seconds
[2024-07-02T12:03:18.675+0000] {processor.py:161} INFO - Started process (PID=1924) to work on /home/airflow/.local/lib/python3.12/site-packages/airflow/example_dags/example_nested_branch_dag.py
[2024-07-02T12:03:18.676+0000] {processor.py:830} INFO - Processing file /home/airflow/.local/lib/python3.12/site-packages/airflow/example_dags/example_nested_branch_dag.py for tasks to queue
[2024-07-02T12:03:18.677+0000] {logging_mixin.py:188} INFO - [2024-07-02T12:03:18.677+0000] {dagbag.py:545} INFO - Filling up the DagBag from /home/airflow/.local/lib/python3.12/site-packages/airflow/example_dags/example_nested_branch_dag.py
[2024-07-02T12:03:18.685+0000] {processor.py:840} INFO - DAG(s) 'example_nested_branch_dag' retrieved from /home/airflow/.local/lib/python3.12/site-packages/airflow/example_dags/example_nested_branch_dag.py
[2024-07-02T12:03:18.703+0000] {logging_mixin.py:188} INFO - [2024-07-02T12:03:18.703+0000] {dag.py:3096} INFO - Sync 1 DAGs
[2024-07-02T12:03:18.722+0000] {logging_mixin.py:188} INFO - [2024-07-02T12:03:18.721+0000] {dag.py:3954} INFO - Setting next_dagrun for example_nested_branch_dag to 2024-07-01 00:00:00+00:00, run_after=2024-07-02 00:00:00+00:00
[2024-07-02T12:03:18.742+0000] {processor.py:183} INFO - Processing /home/airflow/.local/lib/python3.12/site-packages/airflow/example_dags/example_nested_branch_dag.py took 0.074 seconds
[2024-07-02T12:03:49.570+0000] {processor.py:161} INFO - Started process (PID=1987) to work on /home/airflow/.local/lib/python3.12/site-packages/airflow/example_dags/example_nested_branch_dag.py
[2024-07-02T12:03:49.571+0000] {processor.py:830} INFO - Processing file /home/airflow/.local/lib/python3.12/site-packages/airflow/example_dags/example_nested_branch_dag.py for tasks to queue
[2024-07-02T12:03:49.572+0000] {logging_mixin.py:188} INFO - [2024-07-02T12:03:49.572+0000] {dagbag.py:545} INFO - Filling up the DagBag from /home/airflow/.local/lib/python3.12/site-packages/airflow/example_dags/example_nested_branch_dag.py
[2024-07-02T12:03:49.580+0000] {processor.py:840} INFO - DAG(s) 'example_nested_branch_dag' retrieved from /home/airflow/.local/lib/python3.12/site-packages/airflow/example_dags/example_nested_branch_dag.py
[2024-07-02T12:03:49.598+0000] {logging_mixin.py:188} INFO - [2024-07-02T12:03:49.598+0000] {dag.py:3096} INFO - Sync 1 DAGs
[2024-07-02T12:03:49.619+0000] {logging_mixin.py:188} INFO - [2024-07-02T12:03:49.619+0000] {dag.py:3954} INFO - Setting next_dagrun for example_nested_branch_dag to 2024-07-01 00:00:00+00:00, run_after=2024-07-02 00:00:00+00:00
[2024-07-02T12:03:49.639+0000] {processor.py:183} INFO - Processing /home/airflow/.local/lib/python3.12/site-packages/airflow/example_dags/example_nested_branch_dag.py took 0.077 seconds
[2024-07-02T12:04:19.922+0000] {processor.py:161} INFO - Started process (PID=2050) to work on /home/airflow/.local/lib/python3.12/site-packages/airflow/example_dags/example_nested_branch_dag.py
[2024-07-02T12:04:19.924+0000] {processor.py:830} INFO - Processing file /home/airflow/.local/lib/python3.12/site-packages/airflow/example_dags/example_nested_branch_dag.py for tasks to queue
[2024-07-02T12:04:19.925+0000] {logging_mixin.py:188} INFO - [2024-07-02T12:04:19.925+0000] {dagbag.py:545} INFO - Filling up the DagBag from /home/airflow/.local/lib/python3.12/site-packages/airflow/example_dags/example_nested_branch_dag.py
[2024-07-02T12:04:19.933+0000] {processor.py:840} INFO - DAG(s) 'example_nested_branch_dag' retrieved from /home/airflow/.local/lib/python3.12/site-packages/airflow/example_dags/example_nested_branch_dag.py
[2024-07-02T12:04:19.955+0000] {logging_mixin.py:188} INFO - [2024-07-02T12:04:19.954+0000] {dag.py:3096} INFO - Sync 1 DAGs
[2024-07-02T12:04:19.975+0000] {logging_mixin.py:188} INFO - [2024-07-02T12:04:19.975+0000] {dag.py:3954} INFO - Setting next_dagrun for example_nested_branch_dag to 2024-07-01 00:00:00+00:00, run_after=2024-07-02 00:00:00+00:00
[2024-07-02T12:04:19.994+0000] {processor.py:183} INFO - Processing /home/airflow/.local/lib/python3.12/site-packages/airflow/example_dags/example_nested_branch_dag.py took 0.081 seconds
[2024-07-02T12:04:50.806+0000] {processor.py:161} INFO - Started process (PID=2112) to work on /home/airflow/.local/lib/python3.12/site-packages/airflow/example_dags/example_nested_branch_dag.py
[2024-07-02T12:04:50.807+0000] {processor.py:830} INFO - Processing file /home/airflow/.local/lib/python3.12/site-packages/airflow/example_dags/example_nested_branch_dag.py for tasks to queue
[2024-07-02T12:04:50.808+0000] {logging_mixin.py:188} INFO - [2024-07-02T12:04:50.808+0000] {dagbag.py:545} INFO - Filling up the DagBag from /home/airflow/.local/lib/python3.12/site-packages/airflow/example_dags/example_nested_branch_dag.py
[2024-07-02T12:04:50.817+0000] {processor.py:840} INFO - DAG(s) 'example_nested_branch_dag' retrieved from /home/airflow/.local/lib/python3.12/site-packages/airflow/example_dags/example_nested_branch_dag.py
[2024-07-02T12:04:50.836+0000] {logging_mixin.py:188} INFO - [2024-07-02T12:04:50.835+0000] {dag.py:3096} INFO - Sync 1 DAGs
[2024-07-02T12:04:50.855+0000] {logging_mixin.py:188} INFO - [2024-07-02T12:04:50.855+0000] {dag.py:3954} INFO - Setting next_dagrun for example_nested_branch_dag to 2024-07-01 00:00:00+00:00, run_after=2024-07-02 00:00:00+00:00
[2024-07-02T12:04:50.874+0000] {processor.py:183} INFO - Processing /home/airflow/.local/lib/python3.12/site-packages/airflow/example_dags/example_nested_branch_dag.py took 0.076 seconds
[2024-07-02T12:05:21.247+0000] {processor.py:161} INFO - Started process (PID=2175) to work on /home/airflow/.local/lib/python3.12/site-packages/airflow/example_dags/example_nested_branch_dag.py
[2024-07-02T12:05:21.248+0000] {processor.py:830} INFO - Processing file /home/airflow/.local/lib/python3.12/site-packages/airflow/example_dags/example_nested_branch_dag.py for tasks to queue
[2024-07-02T12:05:21.249+0000] {logging_mixin.py:188} INFO - [2024-07-02T12:05:21.249+0000] {dagbag.py:545} INFO - Filling up the DagBag from /home/airflow/.local/lib/python3.12/site-packages/airflow/example_dags/example_nested_branch_dag.py
[2024-07-02T12:05:21.257+0000] {processor.py:840} INFO - DAG(s) 'example_nested_branch_dag' retrieved from /home/airflow/.local/lib/python3.12/site-packages/airflow/example_dags/example_nested_branch_dag.py
[2024-07-02T12:05:21.278+0000] {logging_mixin.py:188} INFO - [2024-07-02T12:05:21.278+0000] {dag.py:3096} INFO - Sync 1 DAGs
[2024-07-02T12:05:21.298+0000] {logging_mixin.py:188} INFO - [2024-07-02T12:05:21.298+0000] {dag.py:3954} INFO - Setting next_dagrun for example_nested_branch_dag to 2024-07-01 00:00:00+00:00, run_after=2024-07-02 00:00:00+00:00
[2024-07-02T12:05:21.320+0000] {processor.py:183} INFO - Processing /home/airflow/.local/lib/python3.12/site-packages/airflow/example_dags/example_nested_branch_dag.py took 0.081 seconds
[2024-07-02T12:07:44.678+0000] {processor.py:161} INFO - Started process (PID=83) to work on /home/airflow/.local/lib/python3.12/site-packages/airflow/example_dags/example_nested_branch_dag.py
[2024-07-02T12:07:44.679+0000] {processor.py:830} INFO - Processing file /home/airflow/.local/lib/python3.12/site-packages/airflow/example_dags/example_nested_branch_dag.py for tasks to queue
[2024-07-02T12:07:44.681+0000] {logging_mixin.py:188} INFO - [2024-07-02T12:07:44.681+0000] {dagbag.py:545} INFO - Filling up the DagBag from /home/airflow/.local/lib/python3.12/site-packages/airflow/example_dags/example_nested_branch_dag.py
[2024-07-02T12:07:44.691+0000] {processor.py:840} INFO - DAG(s) 'example_nested_branch_dag' retrieved from /home/airflow/.local/lib/python3.12/site-packages/airflow/example_dags/example_nested_branch_dag.py
[2024-07-02T12:07:44.701+0000] {logging_mixin.py:188} INFO - [2024-07-02T12:07:44.701+0000] {dag.py:3096} INFO - Sync 1 DAGs
[2024-07-02T12:07:44.721+0000] {logging_mixin.py:188} INFO - [2024-07-02T12:07:44.721+0000] {dag.py:3954} INFO - Setting next_dagrun for example_nested_branch_dag to 2024-07-01 00:00:00+00:00, run_after=2024-07-02 00:00:00+00:00
[2024-07-02T12:07:44.742+0000] {processor.py:183} INFO - Processing /home/airflow/.local/lib/python3.12/site-packages/airflow/example_dags/example_nested_branch_dag.py took 0.070 seconds
[2024-07-02T12:08:16.746+0000] {processor.py:161} INFO - Started process (PID=146) to work on /home/airflow/.local/lib/python3.12/site-packages/airflow/example_dags/example_nested_branch_dag.py
[2024-07-02T12:08:16.747+0000] {processor.py:830} INFO - Processing file /home/airflow/.local/lib/python3.12/site-packages/airflow/example_dags/example_nested_branch_dag.py for tasks to queue
[2024-07-02T12:08:16.749+0000] {logging_mixin.py:188} INFO - [2024-07-02T12:08:16.749+0000] {dagbag.py:545} INFO - Filling up the DagBag from /home/airflow/.local/lib/python3.12/site-packages/airflow/example_dags/example_nested_branch_dag.py
[2024-07-02T12:08:16.756+0000] {processor.py:840} INFO - DAG(s) 'example_nested_branch_dag' retrieved from /home/airflow/.local/lib/python3.12/site-packages/airflow/example_dags/example_nested_branch_dag.py
[2024-07-02T12:08:16.848+0000] {logging_mixin.py:188} INFO - [2024-07-02T12:08:16.847+0000] {dag.py:3096} INFO - Sync 1 DAGs
[2024-07-02T12:08:16.866+0000] {logging_mixin.py:188} INFO - [2024-07-02T12:08:16.866+0000] {dag.py:3954} INFO - Setting next_dagrun for example_nested_branch_dag to 2024-07-01 00:00:00+00:00, run_after=2024-07-02 00:00:00+00:00
[2024-07-02T12:08:16.890+0000] {processor.py:183} INFO - Processing /home/airflow/.local/lib/python3.12/site-packages/airflow/example_dags/example_nested_branch_dag.py took 0.148 seconds
[2024-07-02T12:08:47.900+0000] {processor.py:161} INFO - Started process (PID=209) to work on /home/airflow/.local/lib/python3.12/site-packages/airflow/example_dags/example_nested_branch_dag.py
[2024-07-02T12:08:47.902+0000] {processor.py:830} INFO - Processing file /home/airflow/.local/lib/python3.12/site-packages/airflow/example_dags/example_nested_branch_dag.py for tasks to queue
[2024-07-02T12:08:47.904+0000] {logging_mixin.py:188} INFO - [2024-07-02T12:08:47.904+0000] {dagbag.py:545} INFO - Filling up the DagBag from /home/airflow/.local/lib/python3.12/site-packages/airflow/example_dags/example_nested_branch_dag.py
[2024-07-02T12:08:47.912+0000] {processor.py:840} INFO - DAG(s) 'example_nested_branch_dag' retrieved from /home/airflow/.local/lib/python3.12/site-packages/airflow/example_dags/example_nested_branch_dag.py
[2024-07-02T12:08:47.931+0000] {logging_mixin.py:188} INFO - [2024-07-02T12:08:47.931+0000] {dag.py:3096} INFO - Sync 1 DAGs
[2024-07-02T12:08:47.950+0000] {logging_mixin.py:188} INFO - [2024-07-02T12:08:47.950+0000] {dag.py:3954} INFO - Setting next_dagrun for example_nested_branch_dag to 2024-07-01 00:00:00+00:00, run_after=2024-07-02 00:00:00+00:00
[2024-07-02T12:08:47.972+0000] {processor.py:183} INFO - Processing /home/airflow/.local/lib/python3.12/site-packages/airflow/example_dags/example_nested_branch_dag.py took 0.077 seconds
[2024-07-02T12:09:18.674+0000] {processor.py:161} INFO - Started process (PID=272) to work on /home/airflow/.local/lib/python3.12/site-packages/airflow/example_dags/example_nested_branch_dag.py
[2024-07-02T12:09:18.675+0000] {processor.py:830} INFO - Processing file /home/airflow/.local/lib/python3.12/site-packages/airflow/example_dags/example_nested_branch_dag.py for tasks to queue
[2024-07-02T12:09:18.676+0000] {logging_mixin.py:188} INFO - [2024-07-02T12:09:18.676+0000] {dagbag.py:545} INFO - Filling up the DagBag from /home/airflow/.local/lib/python3.12/site-packages/airflow/example_dags/example_nested_branch_dag.py
[2024-07-02T12:09:18.684+0000] {processor.py:840} INFO - DAG(s) 'example_nested_branch_dag' retrieved from /home/airflow/.local/lib/python3.12/site-packages/airflow/example_dags/example_nested_branch_dag.py
[2024-07-02T12:09:18.694+0000] {logging_mixin.py:188} INFO - [2024-07-02T12:09:18.694+0000] {dag.py:3096} INFO - Sync 1 DAGs
[2024-07-02T12:09:18.715+0000] {logging_mixin.py:188} INFO - [2024-07-02T12:09:18.715+0000] {dag.py:3954} INFO - Setting next_dagrun for example_nested_branch_dag to 2024-07-01 00:00:00+00:00, run_after=2024-07-02 00:00:00+00:00
[2024-07-02T12:09:18.740+0000] {processor.py:183} INFO - Processing /home/airflow/.local/lib/python3.12/site-packages/airflow/example_dags/example_nested_branch_dag.py took 0.072 seconds
[2024-07-02T12:09:50.225+0000] {processor.py:161} INFO - Started process (PID=335) to work on /home/airflow/.local/lib/python3.12/site-packages/airflow/example_dags/example_nested_branch_dag.py
[2024-07-02T12:09:50.226+0000] {processor.py:830} INFO - Processing file /home/airflow/.local/lib/python3.12/site-packages/airflow/example_dags/example_nested_branch_dag.py for tasks to queue
[2024-07-02T12:09:50.228+0000] {logging_mixin.py:188} INFO - [2024-07-02T12:09:50.228+0000] {dagbag.py:545} INFO - Filling up the DagBag from /home/airflow/.local/lib/python3.12/site-packages/airflow/example_dags/example_nested_branch_dag.py
[2024-07-02T12:09:50.236+0000] {processor.py:840} INFO - DAG(s) 'example_nested_branch_dag' retrieved from /home/airflow/.local/lib/python3.12/site-packages/airflow/example_dags/example_nested_branch_dag.py
[2024-07-02T12:09:50.324+0000] {logging_mixin.py:188} INFO - [2024-07-02T12:09:50.324+0000] {dag.py:3096} INFO - Sync 1 DAGs
[2024-07-02T12:09:50.341+0000] {logging_mixin.py:188} INFO - [2024-07-02T12:09:50.340+0000] {dag.py:3954} INFO - Setting next_dagrun for example_nested_branch_dag to 2024-07-01 00:00:00+00:00, run_after=2024-07-02 00:00:00+00:00
[2024-07-02T12:09:50.365+0000] {processor.py:183} INFO - Processing /home/airflow/.local/lib/python3.12/site-packages/airflow/example_dags/example_nested_branch_dag.py took 0.146 seconds
[2024-07-02T12:10:20.675+0000] {processor.py:161} INFO - Started process (PID=398) to work on /home/airflow/.local/lib/python3.12/site-packages/airflow/example_dags/example_nested_branch_dag.py
[2024-07-02T12:10:20.676+0000] {processor.py:830} INFO - Processing file /home/airflow/.local/lib/python3.12/site-packages/airflow/example_dags/example_nested_branch_dag.py for tasks to queue
[2024-07-02T12:10:20.678+0000] {logging_mixin.py:188} INFO - [2024-07-02T12:10:20.677+0000] {dagbag.py:545} INFO - Filling up the DagBag from /home/airflow/.local/lib/python3.12/site-packages/airflow/example_dags/example_nested_branch_dag.py
[2024-07-02T12:10:20.687+0000] {processor.py:840} INFO - DAG(s) 'example_nested_branch_dag' retrieved from /home/airflow/.local/lib/python3.12/site-packages/airflow/example_dags/example_nested_branch_dag.py
[2024-07-02T12:10:20.707+0000] {logging_mixin.py:188} INFO - [2024-07-02T12:10:20.707+0000] {dag.py:3096} INFO - Sync 1 DAGs
[2024-07-02T12:10:20.726+0000] {logging_mixin.py:188} INFO - [2024-07-02T12:10:20.726+0000] {dag.py:3954} INFO - Setting next_dagrun for example_nested_branch_dag to 2024-07-01 00:00:00+00:00, run_after=2024-07-02 00:00:00+00:00
[2024-07-02T12:10:20.746+0000] {processor.py:183} INFO - Processing /home/airflow/.local/lib/python3.12/site-packages/airflow/example_dags/example_nested_branch_dag.py took 0.077 seconds
[2024-07-02T12:10:51.233+0000] {processor.py:161} INFO - Started process (PID=461) to work on /home/airflow/.local/lib/python3.12/site-packages/airflow/example_dags/example_nested_branch_dag.py
[2024-07-02T12:10:51.234+0000] {processor.py:830} INFO - Processing file /home/airflow/.local/lib/python3.12/site-packages/airflow/example_dags/example_nested_branch_dag.py for tasks to queue
[2024-07-02T12:10:51.237+0000] {logging_mixin.py:188} INFO - [2024-07-02T12:10:51.236+0000] {dagbag.py:545} INFO - Filling up the DagBag from /home/airflow/.local/lib/python3.12/site-packages/airflow/example_dags/example_nested_branch_dag.py
[2024-07-02T12:10:51.246+0000] {processor.py:840} INFO - DAG(s) 'example_nested_branch_dag' retrieved from /home/airflow/.local/lib/python3.12/site-packages/airflow/example_dags/example_nested_branch_dag.py
[2024-07-02T12:10:51.267+0000] {logging_mixin.py:188} INFO - [2024-07-02T12:10:51.267+0000] {dag.py:3096} INFO - Sync 1 DAGs
[2024-07-02T12:10:51.287+0000] {logging_mixin.py:188} INFO - [2024-07-02T12:10:51.287+0000] {dag.py:3954} INFO - Setting next_dagrun for example_nested_branch_dag to 2024-07-01 00:00:00+00:00, run_after=2024-07-02 00:00:00+00:00
[2024-07-02T12:10:51.308+0000] {processor.py:183} INFO - Processing /home/airflow/.local/lib/python3.12/site-packages/airflow/example_dags/example_nested_branch_dag.py took 0.082 seconds
[2024-07-02T12:11:21.997+0000] {processor.py:161} INFO - Started process (PID=525) to work on /home/airflow/.local/lib/python3.12/site-packages/airflow/example_dags/example_nested_branch_dag.py
[2024-07-02T12:11:21.998+0000] {processor.py:830} INFO - Processing file /home/airflow/.local/lib/python3.12/site-packages/airflow/example_dags/example_nested_branch_dag.py for tasks to queue
[2024-07-02T12:11:22.000+0000] {logging_mixin.py:188} INFO - [2024-07-02T12:11:22.000+0000] {dagbag.py:545} INFO - Filling up the DagBag from /home/airflow/.local/lib/python3.12/site-packages/airflow/example_dags/example_nested_branch_dag.py
[2024-07-02T12:11:22.008+0000] {processor.py:840} INFO - DAG(s) 'example_nested_branch_dag' retrieved from /home/airflow/.local/lib/python3.12/site-packages/airflow/example_dags/example_nested_branch_dag.py
[2024-07-02T12:11:22.029+0000] {logging_mixin.py:188} INFO - [2024-07-02T12:11:22.029+0000] {dag.py:3096} INFO - Sync 1 DAGs
[2024-07-02T12:11:22.057+0000] {logging_mixin.py:188} INFO - [2024-07-02T12:11:22.056+0000] {dag.py:3954} INFO - Setting next_dagrun for example_nested_branch_dag to 2024-07-01 00:00:00+00:00, run_after=2024-07-02 00:00:00+00:00
[2024-07-02T12:11:22.082+0000] {processor.py:183} INFO - Processing /home/airflow/.local/lib/python3.12/site-packages/airflow/example_dags/example_nested_branch_dag.py took 0.091 seconds
[2024-07-02T12:11:52.197+0000] {processor.py:161} INFO - Started process (PID=588) to work on /home/airflow/.local/lib/python3.12/site-packages/airflow/example_dags/example_nested_branch_dag.py
[2024-07-02T12:11:52.198+0000] {processor.py:830} INFO - Processing file /home/airflow/.local/lib/python3.12/site-packages/airflow/example_dags/example_nested_branch_dag.py for tasks to queue
[2024-07-02T12:11:52.200+0000] {logging_mixin.py:188} INFO - [2024-07-02T12:11:52.200+0000] {dagbag.py:545} INFO - Filling up the DagBag from /home/airflow/.local/lib/python3.12/site-packages/airflow/example_dags/example_nested_branch_dag.py
[2024-07-02T12:11:52.210+0000] {processor.py:840} INFO - DAG(s) 'example_nested_branch_dag' retrieved from /home/airflow/.local/lib/python3.12/site-packages/airflow/example_dags/example_nested_branch_dag.py
[2024-07-02T12:11:52.232+0000] {logging_mixin.py:188} INFO - [2024-07-02T12:11:52.232+0000] {dag.py:3096} INFO - Sync 1 DAGs
[2024-07-02T12:11:52.252+0000] {logging_mixin.py:188} INFO - [2024-07-02T12:11:52.251+0000] {dag.py:3954} INFO - Setting next_dagrun for example_nested_branch_dag to 2024-07-01 00:00:00+00:00, run_after=2024-07-02 00:00:00+00:00
[2024-07-02T12:11:52.274+0000] {processor.py:183} INFO - Processing /home/airflow/.local/lib/python3.12/site-packages/airflow/example_dags/example_nested_branch_dag.py took 0.083 seconds
[2024-07-02T12:12:23.172+0000] {processor.py:161} INFO - Started process (PID=651) to work on /home/airflow/.local/lib/python3.12/site-packages/airflow/example_dags/example_nested_branch_dag.py
[2024-07-02T12:12:23.172+0000] {processor.py:830} INFO - Processing file /home/airflow/.local/lib/python3.12/site-packages/airflow/example_dags/example_nested_branch_dag.py for tasks to queue
[2024-07-02T12:12:23.174+0000] {logging_mixin.py:188} INFO - [2024-07-02T12:12:23.174+0000] {dagbag.py:545} INFO - Filling up the DagBag from /home/airflow/.local/lib/python3.12/site-packages/airflow/example_dags/example_nested_branch_dag.py
[2024-07-02T12:12:23.182+0000] {processor.py:840} INFO - DAG(s) 'example_nested_branch_dag' retrieved from /home/airflow/.local/lib/python3.12/site-packages/airflow/example_dags/example_nested_branch_dag.py
[2024-07-02T12:12:23.200+0000] {logging_mixin.py:188} INFO - [2024-07-02T12:12:23.200+0000] {dag.py:3096} INFO - Sync 1 DAGs
[2024-07-02T12:12:23.219+0000] {logging_mixin.py:188} INFO - [2024-07-02T12:12:23.219+0000] {dag.py:3954} INFO - Setting next_dagrun for example_nested_branch_dag to 2024-07-01 00:00:00+00:00, run_after=2024-07-02 00:00:00+00:00
[2024-07-02T12:12:23.241+0000] {processor.py:183} INFO - Processing /home/airflow/.local/lib/python3.12/site-packages/airflow/example_dags/example_nested_branch_dag.py took 0.074 seconds
[2024-07-02T12:12:54.593+0000] {processor.py:161} INFO - Started process (PID=714) to work on /home/airflow/.local/lib/python3.12/site-packages/airflow/example_dags/example_nested_branch_dag.py
[2024-07-02T12:12:54.594+0000] {processor.py:830} INFO - Processing file /home/airflow/.local/lib/python3.12/site-packages/airflow/example_dags/example_nested_branch_dag.py for tasks to queue
[2024-07-02T12:12:54.595+0000] {logging_mixin.py:188} INFO - [2024-07-02T12:12:54.595+0000] {dagbag.py:545} INFO - Filling up the DagBag from /home/airflow/.local/lib/python3.12/site-packages/airflow/example_dags/example_nested_branch_dag.py
[2024-07-02T12:12:54.605+0000] {processor.py:840} INFO - DAG(s) 'example_nested_branch_dag' retrieved from /home/airflow/.local/lib/python3.12/site-packages/airflow/example_dags/example_nested_branch_dag.py
[2024-07-02T12:12:54.626+0000] {logging_mixin.py:188} INFO - [2024-07-02T12:12:54.626+0000] {dag.py:3096} INFO - Sync 1 DAGs
[2024-07-02T12:12:54.647+0000] {logging_mixin.py:188} INFO - [2024-07-02T12:12:54.647+0000] {dag.py:3954} INFO - Setting next_dagrun for example_nested_branch_dag to 2024-07-01 00:00:00+00:00, run_after=2024-07-02 00:00:00+00:00
[2024-07-02T12:12:54.671+0000] {processor.py:183} INFO - Processing /home/airflow/.local/lib/python3.12/site-packages/airflow/example_dags/example_nested_branch_dag.py took 0.084 seconds
[2024-07-02T12:13:26.083+0000] {processor.py:161} INFO - Started process (PID=777) to work on /home/airflow/.local/lib/python3.12/site-packages/airflow/example_dags/example_nested_branch_dag.py
[2024-07-02T12:13:26.085+0000] {processor.py:830} INFO - Processing file /home/airflow/.local/lib/python3.12/site-packages/airflow/example_dags/example_nested_branch_dag.py for tasks to queue
[2024-07-02T12:13:26.088+0000] {logging_mixin.py:188} INFO - [2024-07-02T12:13:26.087+0000] {dagbag.py:545} INFO - Filling up the DagBag from /home/airflow/.local/lib/python3.12/site-packages/airflow/example_dags/example_nested_branch_dag.py
[2024-07-02T12:13:26.099+0000] {processor.py:840} INFO - DAG(s) 'example_nested_branch_dag' retrieved from /home/airflow/.local/lib/python3.12/site-packages/airflow/example_dags/example_nested_branch_dag.py
[2024-07-02T12:13:26.127+0000] {logging_mixin.py:188} INFO - [2024-07-02T12:13:26.126+0000] {dag.py:3096} INFO - Sync 1 DAGs
[2024-07-02T12:13:26.157+0000] {logging_mixin.py:188} INFO - [2024-07-02T12:13:26.157+0000] {dag.py:3954} INFO - Setting next_dagrun for example_nested_branch_dag to 2024-07-01 00:00:00+00:00, run_after=2024-07-02 00:00:00+00:00
[2024-07-02T12:13:26.189+0000] {processor.py:183} INFO - Processing /home/airflow/.local/lib/python3.12/site-packages/airflow/example_dags/example_nested_branch_dag.py took 0.113 seconds
[2024-07-02T12:13:56.396+0000] {processor.py:161} INFO - Started process (PID=840) to work on /home/airflow/.local/lib/python3.12/site-packages/airflow/example_dags/example_nested_branch_dag.py
[2024-07-02T12:13:56.397+0000] {processor.py:830} INFO - Processing file /home/airflow/.local/lib/python3.12/site-packages/airflow/example_dags/example_nested_branch_dag.py for tasks to queue
[2024-07-02T12:13:56.399+0000] {logging_mixin.py:188} INFO - [2024-07-02T12:13:56.398+0000] {dagbag.py:545} INFO - Filling up the DagBag from /home/airflow/.local/lib/python3.12/site-packages/airflow/example_dags/example_nested_branch_dag.py
[2024-07-02T12:13:56.406+0000] {processor.py:840} INFO - DAG(s) 'example_nested_branch_dag' retrieved from /home/airflow/.local/lib/python3.12/site-packages/airflow/example_dags/example_nested_branch_dag.py
[2024-07-02T12:13:56.427+0000] {logging_mixin.py:188} INFO - [2024-07-02T12:13:56.427+0000] {dag.py:3096} INFO - Sync 1 DAGs
[2024-07-02T12:13:56.450+0000] {logging_mixin.py:188} INFO - [2024-07-02T12:13:56.450+0000] {dag.py:3954} INFO - Setting next_dagrun for example_nested_branch_dag to 2024-07-01 00:00:00+00:00, run_after=2024-07-02 00:00:00+00:00
[2024-07-02T12:13:56.477+0000] {processor.py:183} INFO - Processing /home/airflow/.local/lib/python3.12/site-packages/airflow/example_dags/example_nested_branch_dag.py took 0.088 seconds
[2024-07-02T12:14:27.137+0000] {processor.py:161} INFO - Started process (PID=903) to work on /home/airflow/.local/lib/python3.12/site-packages/airflow/example_dags/example_nested_branch_dag.py
[2024-07-02T12:14:27.140+0000] {processor.py:830} INFO - Processing file /home/airflow/.local/lib/python3.12/site-packages/airflow/example_dags/example_nested_branch_dag.py for tasks to queue
[2024-07-02T12:14:27.142+0000] {logging_mixin.py:188} INFO - [2024-07-02T12:14:27.142+0000] {dagbag.py:545} INFO - Filling up the DagBag from /home/airflow/.local/lib/python3.12/site-packages/airflow/example_dags/example_nested_branch_dag.py
[2024-07-02T12:14:27.152+0000] {processor.py:840} INFO - DAG(s) 'example_nested_branch_dag' retrieved from /home/airflow/.local/lib/python3.12/site-packages/airflow/example_dags/example_nested_branch_dag.py
[2024-07-02T12:14:27.165+0000] {logging_mixin.py:188} INFO - [2024-07-02T12:14:27.165+0000] {dag.py:3096} INFO - Sync 1 DAGs
[2024-07-02T12:14:27.190+0000] {logging_mixin.py:188} INFO - [2024-07-02T12:14:27.190+0000] {dag.py:3954} INFO - Setting next_dagrun for example_nested_branch_dag to 2024-07-01 00:00:00+00:00, run_after=2024-07-02 00:00:00+00:00
[2024-07-02T12:14:27.212+0000] {processor.py:183} INFO - Processing /home/airflow/.local/lib/python3.12/site-packages/airflow/example_dags/example_nested_branch_dag.py took 0.081 seconds
[2024-07-02T12:14:59.511+0000] {processor.py:161} INFO - Started process (PID=972) to work on /home/airflow/.local/lib/python3.12/site-packages/airflow/example_dags/example_nested_branch_dag.py
[2024-07-02T12:14:59.513+0000] {processor.py:830} INFO - Processing file /home/airflow/.local/lib/python3.12/site-packages/airflow/example_dags/example_nested_branch_dag.py for tasks to queue
[2024-07-02T12:14:59.515+0000] {logging_mixin.py:188} INFO - [2024-07-02T12:14:59.515+0000] {dagbag.py:545} INFO - Filling up the DagBag from /home/airflow/.local/lib/python3.12/site-packages/airflow/example_dags/example_nested_branch_dag.py
[2024-07-02T12:14:59.525+0000] {processor.py:840} INFO - DAG(s) 'example_nested_branch_dag' retrieved from /home/airflow/.local/lib/python3.12/site-packages/airflow/example_dags/example_nested_branch_dag.py
[2024-07-02T12:14:59.613+0000] {logging_mixin.py:188} INFO - [2024-07-02T12:14:59.612+0000] {dag.py:3096} INFO - Sync 1 DAGs
[2024-07-02T12:14:59.631+0000] {logging_mixin.py:188} INFO - [2024-07-02T12:14:59.631+0000] {dag.py:3954} INFO - Setting next_dagrun for example_nested_branch_dag to 2024-07-01 00:00:00+00:00, run_after=2024-07-02 00:00:00+00:00
[2024-07-02T12:14:59.650+0000] {processor.py:183} INFO - Processing /home/airflow/.local/lib/python3.12/site-packages/airflow/example_dags/example_nested_branch_dag.py took 0.144 seconds
[2024-07-02T12:15:30.570+0000] {processor.py:161} INFO - Started process (PID=1035) to work on /home/airflow/.local/lib/python3.12/site-packages/airflow/example_dags/example_nested_branch_dag.py
[2024-07-02T12:15:30.572+0000] {processor.py:830} INFO - Processing file /home/airflow/.local/lib/python3.12/site-packages/airflow/example_dags/example_nested_branch_dag.py for tasks to queue
[2024-07-02T12:15:30.574+0000] {logging_mixin.py:188} INFO - [2024-07-02T12:15:30.573+0000] {dagbag.py:545} INFO - Filling up the DagBag from /home/airflow/.local/lib/python3.12/site-packages/airflow/example_dags/example_nested_branch_dag.py
[2024-07-02T12:15:30.581+0000] {processor.py:840} INFO - DAG(s) 'example_nested_branch_dag' retrieved from /home/airflow/.local/lib/python3.12/site-packages/airflow/example_dags/example_nested_branch_dag.py
[2024-07-02T12:15:30.604+0000] {logging_mixin.py:188} INFO - [2024-07-02T12:15:30.603+0000] {dag.py:3096} INFO - Sync 1 DAGs
[2024-07-02T12:15:30.622+0000] {logging_mixin.py:188} INFO - [2024-07-02T12:15:30.622+0000] {dag.py:3954} INFO - Setting next_dagrun for example_nested_branch_dag to 2024-07-01 00:00:00+00:00, run_after=2024-07-02 00:00:00+00:00
[2024-07-02T12:15:30.645+0000] {processor.py:183} INFO - Processing /home/airflow/.local/lib/python3.12/site-packages/airflow/example_dags/example_nested_branch_dag.py took 0.081 seconds
[2024-07-02T12:18:54.443+0000] {processor.py:161} INFO - Started process (PID=86) to work on /home/airflow/.local/lib/python3.12/site-packages/airflow/example_dags/example_nested_branch_dag.py
[2024-07-02T12:18:54.446+0000] {processor.py:830} INFO - Processing file /home/airflow/.local/lib/python3.12/site-packages/airflow/example_dags/example_nested_branch_dag.py for tasks to queue
[2024-07-02T12:18:54.449+0000] {logging_mixin.py:188} INFO - [2024-07-02T12:18:54.449+0000] {dagbag.py:545} INFO - Filling up the DagBag from /home/airflow/.local/lib/python3.12/site-packages/airflow/example_dags/example_nested_branch_dag.py
[2024-07-02T12:18:54.460+0000] {processor.py:840} INFO - DAG(s) 'example_nested_branch_dag' retrieved from /home/airflow/.local/lib/python3.12/site-packages/airflow/example_dags/example_nested_branch_dag.py
[2024-07-02T12:18:54.476+0000] {logging_mixin.py:188} INFO - [2024-07-02T12:18:54.475+0000] {dag.py:3096} INFO - Sync 1 DAGs
[2024-07-02T12:18:54.500+0000] {logging_mixin.py:188} INFO - [2024-07-02T12:18:54.499+0000] {dag.py:3954} INFO - Setting next_dagrun for example_nested_branch_dag to 2024-07-01 00:00:00+00:00, run_after=2024-07-02 00:00:00+00:00
[2024-07-02T12:18:54.521+0000] {processor.py:183} INFO - Processing /home/airflow/.local/lib/python3.12/site-packages/airflow/example_dags/example_nested_branch_dag.py took 0.084 seconds
[2024-07-02T12:19:27.317+0000] {processor.py:161} INFO - Started process (PID=149) to work on /home/airflow/.local/lib/python3.12/site-packages/airflow/example_dags/example_nested_branch_dag.py
[2024-07-02T12:19:27.318+0000] {processor.py:830} INFO - Processing file /home/airflow/.local/lib/python3.12/site-packages/airflow/example_dags/example_nested_branch_dag.py for tasks to queue
[2024-07-02T12:19:27.320+0000] {logging_mixin.py:188} INFO - [2024-07-02T12:19:27.320+0000] {dagbag.py:545} INFO - Filling up the DagBag from /home/airflow/.local/lib/python3.12/site-packages/airflow/example_dags/example_nested_branch_dag.py
[2024-07-02T12:19:27.328+0000] {processor.py:840} INFO - DAG(s) 'example_nested_branch_dag' retrieved from /home/airflow/.local/lib/python3.12/site-packages/airflow/example_dags/example_nested_branch_dag.py
[2024-07-02T12:19:27.409+0000] {logging_mixin.py:188} INFO - [2024-07-02T12:19:27.408+0000] {dag.py:3096} INFO - Sync 1 DAGs
[2024-07-02T12:19:27.425+0000] {logging_mixin.py:188} INFO - [2024-07-02T12:19:27.425+0000] {dag.py:3954} INFO - Setting next_dagrun for example_nested_branch_dag to 2024-07-01 00:00:00+00:00, run_after=2024-07-02 00:00:00+00:00
[2024-07-02T12:19:27.445+0000] {processor.py:183} INFO - Processing /home/airflow/.local/lib/python3.12/site-packages/airflow/example_dags/example_nested_branch_dag.py took 0.133 seconds
[2024-07-02T12:19:58.427+0000] {processor.py:161} INFO - Started process (PID=212) to work on /home/airflow/.local/lib/python3.12/site-packages/airflow/example_dags/example_nested_branch_dag.py
[2024-07-02T12:19:58.428+0000] {processor.py:830} INFO - Processing file /home/airflow/.local/lib/python3.12/site-packages/airflow/example_dags/example_nested_branch_dag.py for tasks to queue
[2024-07-02T12:19:58.430+0000] {logging_mixin.py:188} INFO - [2024-07-02T12:19:58.430+0000] {dagbag.py:545} INFO - Filling up the DagBag from /home/airflow/.local/lib/python3.12/site-packages/airflow/example_dags/example_nested_branch_dag.py
[2024-07-02T12:19:58.438+0000] {processor.py:840} INFO - DAG(s) 'example_nested_branch_dag' retrieved from /home/airflow/.local/lib/python3.12/site-packages/airflow/example_dags/example_nested_branch_dag.py
[2024-07-02T12:19:58.458+0000] {logging_mixin.py:188} INFO - [2024-07-02T12:19:58.458+0000] {dag.py:3096} INFO - Sync 1 DAGs
[2024-07-02T12:19:58.481+0000] {logging_mixin.py:188} INFO - [2024-07-02T12:19:58.481+0000] {dag.py:3954} INFO - Setting next_dagrun for example_nested_branch_dag to 2024-07-01 00:00:00+00:00, run_after=2024-07-02 00:00:00+00:00
[2024-07-02T12:19:58.501+0000] {processor.py:183} INFO - Processing /home/airflow/.local/lib/python3.12/site-packages/airflow/example_dags/example_nested_branch_dag.py took 0.079 seconds
[2024-07-02T12:20:29.073+0000] {processor.py:161} INFO - Started process (PID=275) to work on /home/airflow/.local/lib/python3.12/site-packages/airflow/example_dags/example_nested_branch_dag.py
[2024-07-02T12:20:29.074+0000] {processor.py:830} INFO - Processing file /home/airflow/.local/lib/python3.12/site-packages/airflow/example_dags/example_nested_branch_dag.py for tasks to queue
[2024-07-02T12:20:29.077+0000] {logging_mixin.py:188} INFO - [2024-07-02T12:20:29.077+0000] {dagbag.py:545} INFO - Filling up the DagBag from /home/airflow/.local/lib/python3.12/site-packages/airflow/example_dags/example_nested_branch_dag.py
[2024-07-02T12:20:29.088+0000] {processor.py:840} INFO - DAG(s) 'example_nested_branch_dag' retrieved from /home/airflow/.local/lib/python3.12/site-packages/airflow/example_dags/example_nested_branch_dag.py
[2024-07-02T12:20:29.114+0000] {logging_mixin.py:188} INFO - [2024-07-02T12:20:29.113+0000] {dag.py:3096} INFO - Sync 1 DAGs
[2024-07-02T12:20:29.138+0000] {logging_mixin.py:188} INFO - [2024-07-02T12:20:29.138+0000] {dag.py:3954} INFO - Setting next_dagrun for example_nested_branch_dag to 2024-07-01 00:00:00+00:00, run_after=2024-07-02 00:00:00+00:00
[2024-07-02T12:20:29.164+0000] {processor.py:183} INFO - Processing /home/airflow/.local/lib/python3.12/site-packages/airflow/example_dags/example_nested_branch_dag.py took 0.098 seconds
[2024-07-02T12:20:59.659+0000] {processor.py:161} INFO - Started process (PID=340) to work on /home/airflow/.local/lib/python3.12/site-packages/airflow/example_dags/example_nested_branch_dag.py
[2024-07-02T12:20:59.660+0000] {processor.py:830} INFO - Processing file /home/airflow/.local/lib/python3.12/site-packages/airflow/example_dags/example_nested_branch_dag.py for tasks to queue
[2024-07-02T12:20:59.662+0000] {logging_mixin.py:188} INFO - [2024-07-02T12:20:59.662+0000] {dagbag.py:545} INFO - Filling up the DagBag from /home/airflow/.local/lib/python3.12/site-packages/airflow/example_dags/example_nested_branch_dag.py
[2024-07-02T12:20:59.671+0000] {processor.py:840} INFO - DAG(s) 'example_nested_branch_dag' retrieved from /home/airflow/.local/lib/python3.12/site-packages/airflow/example_dags/example_nested_branch_dag.py
[2024-07-02T12:20:59.691+0000] {logging_mixin.py:188} INFO - [2024-07-02T12:20:59.691+0000] {dag.py:3096} INFO - Sync 1 DAGs
[2024-07-02T12:20:59.712+0000] {logging_mixin.py:188} INFO - [2024-07-02T12:20:59.712+0000] {dag.py:3954} INFO - Setting next_dagrun for example_nested_branch_dag to 2024-07-01 00:00:00+00:00, run_after=2024-07-02 00:00:00+00:00
[2024-07-02T12:20:59.735+0000] {processor.py:183} INFO - Processing /home/airflow/.local/lib/python3.12/site-packages/airflow/example_dags/example_nested_branch_dag.py took 0.081 seconds
[2024-07-02T12:21:30.224+0000] {processor.py:161} INFO - Started process (PID=403) to work on /home/airflow/.local/lib/python3.12/site-packages/airflow/example_dags/example_nested_branch_dag.py
[2024-07-02T12:21:30.225+0000] {processor.py:830} INFO - Processing file /home/airflow/.local/lib/python3.12/site-packages/airflow/example_dags/example_nested_branch_dag.py for tasks to queue
[2024-07-02T12:21:30.227+0000] {logging_mixin.py:188} INFO - [2024-07-02T12:21:30.227+0000] {dagbag.py:545} INFO - Filling up the DagBag from /home/airflow/.local/lib/python3.12/site-packages/airflow/example_dags/example_nested_branch_dag.py
[2024-07-02T12:21:30.235+0000] {processor.py:840} INFO - DAG(s) 'example_nested_branch_dag' retrieved from /home/airflow/.local/lib/python3.12/site-packages/airflow/example_dags/example_nested_branch_dag.py
[2024-07-02T12:21:30.255+0000] {logging_mixin.py:188} INFO - [2024-07-02T12:21:30.254+0000] {dag.py:3096} INFO - Sync 1 DAGs
[2024-07-02T12:21:30.273+0000] {logging_mixin.py:188} INFO - [2024-07-02T12:21:30.273+0000] {dag.py:3954} INFO - Setting next_dagrun for example_nested_branch_dag to 2024-07-01 00:00:00+00:00, run_after=2024-07-02 00:00:00+00:00
[2024-07-02T12:21:30.295+0000] {processor.py:183} INFO - Processing /home/airflow/.local/lib/python3.12/site-packages/airflow/example_dags/example_nested_branch_dag.py took 0.075 seconds
[2024-07-02T12:22:01.258+0000] {processor.py:161} INFO - Started process (PID=466) to work on /home/airflow/.local/lib/python3.12/site-packages/airflow/example_dags/example_nested_branch_dag.py
[2024-07-02T12:22:01.259+0000] {processor.py:830} INFO - Processing file /home/airflow/.local/lib/python3.12/site-packages/airflow/example_dags/example_nested_branch_dag.py for tasks to queue
[2024-07-02T12:22:01.262+0000] {logging_mixin.py:188} INFO - [2024-07-02T12:22:01.262+0000] {dagbag.py:545} INFO - Filling up the DagBag from /home/airflow/.local/lib/python3.12/site-packages/airflow/example_dags/example_nested_branch_dag.py
[2024-07-02T12:22:01.272+0000] {processor.py:840} INFO - DAG(s) 'example_nested_branch_dag' retrieved from /home/airflow/.local/lib/python3.12/site-packages/airflow/example_dags/example_nested_branch_dag.py
[2024-07-02T12:22:01.294+0000] {logging_mixin.py:188} INFO - [2024-07-02T12:22:01.293+0000] {dag.py:3096} INFO - Sync 1 DAGs
[2024-07-02T12:22:01.315+0000] {logging_mixin.py:188} INFO - [2024-07-02T12:22:01.315+0000] {dag.py:3954} INFO - Setting next_dagrun for example_nested_branch_dag to 2024-07-01 00:00:00+00:00, run_after=2024-07-02 00:00:00+00:00
[2024-07-02T12:22:01.341+0000] {processor.py:183} INFO - Processing /home/airflow/.local/lib/python3.12/site-packages/airflow/example_dags/example_nested_branch_dag.py took 0.088 seconds
[2024-07-02T12:22:31.590+0000] {processor.py:161} INFO - Started process (PID=529) to work on /home/airflow/.local/lib/python3.12/site-packages/airflow/example_dags/example_nested_branch_dag.py
[2024-07-02T12:22:31.592+0000] {processor.py:830} INFO - Processing file /home/airflow/.local/lib/python3.12/site-packages/airflow/example_dags/example_nested_branch_dag.py for tasks to queue
[2024-07-02T12:22:31.595+0000] {logging_mixin.py:188} INFO - [2024-07-02T12:22:31.594+0000] {dagbag.py:545} INFO - Filling up the DagBag from /home/airflow/.local/lib/python3.12/site-packages/airflow/example_dags/example_nested_branch_dag.py
[2024-07-02T12:22:31.605+0000] {processor.py:840} INFO - DAG(s) 'example_nested_branch_dag' retrieved from /home/airflow/.local/lib/python3.12/site-packages/airflow/example_dags/example_nested_branch_dag.py
[2024-07-02T12:22:31.631+0000] {logging_mixin.py:188} INFO - [2024-07-02T12:22:31.631+0000] {dag.py:3096} INFO - Sync 1 DAGs
[2024-07-02T12:22:31.657+0000] {logging_mixin.py:188} INFO - [2024-07-02T12:22:31.657+0000] {dag.py:3954} INFO - Setting next_dagrun for example_nested_branch_dag to 2024-07-01 00:00:00+00:00, run_after=2024-07-02 00:00:00+00:00
[2024-07-02T12:22:31.681+0000] {processor.py:183} INFO - Processing /home/airflow/.local/lib/python3.12/site-packages/airflow/example_dags/example_nested_branch_dag.py took 0.098 seconds
[2024-07-02T12:23:01.937+0000] {processor.py:161} INFO - Started process (PID=592) to work on /home/airflow/.local/lib/python3.12/site-packages/airflow/example_dags/example_nested_branch_dag.py
[2024-07-02T12:23:01.938+0000] {processor.py:830} INFO - Processing file /home/airflow/.local/lib/python3.12/site-packages/airflow/example_dags/example_nested_branch_dag.py for tasks to queue
[2024-07-02T12:23:01.941+0000] {logging_mixin.py:188} INFO - [2024-07-02T12:23:01.941+0000] {dagbag.py:545} INFO - Filling up the DagBag from /home/airflow/.local/lib/python3.12/site-packages/airflow/example_dags/example_nested_branch_dag.py
[2024-07-02T12:23:01.955+0000] {processor.py:840} INFO - DAG(s) 'example_nested_branch_dag' retrieved from /home/airflow/.local/lib/python3.12/site-packages/airflow/example_dags/example_nested_branch_dag.py
[2024-07-02T12:23:01.988+0000] {logging_mixin.py:188} INFO - [2024-07-02T12:23:01.988+0000] {dag.py:3096} INFO - Sync 1 DAGs
[2024-07-02T12:23:02.020+0000] {logging_mixin.py:188} INFO - [2024-07-02T12:23:02.020+0000] {dag.py:3954} INFO - Setting next_dagrun for example_nested_branch_dag to 2024-07-01 00:00:00+00:00, run_after=2024-07-02 00:00:00+00:00
[2024-07-02T12:23:02.051+0000] {processor.py:183} INFO - Processing /home/airflow/.local/lib/python3.12/site-packages/airflow/example_dags/example_nested_branch_dag.py took 0.122 seconds
[2024-07-02T12:23:32.424+0000] {processor.py:161} INFO - Started process (PID=656) to work on /home/airflow/.local/lib/python3.12/site-packages/airflow/example_dags/example_nested_branch_dag.py
[2024-07-02T12:23:32.426+0000] {processor.py:830} INFO - Processing file /home/airflow/.local/lib/python3.12/site-packages/airflow/example_dags/example_nested_branch_dag.py for tasks to queue
[2024-07-02T12:23:32.429+0000] {logging_mixin.py:188} INFO - [2024-07-02T12:23:32.428+0000] {dagbag.py:545} INFO - Filling up the DagBag from /home/airflow/.local/lib/python3.12/site-packages/airflow/example_dags/example_nested_branch_dag.py
[2024-07-02T12:23:32.438+0000] {processor.py:840} INFO - DAG(s) 'example_nested_branch_dag' retrieved from /home/airflow/.local/lib/python3.12/site-packages/airflow/example_dags/example_nested_branch_dag.py
[2024-07-02T12:23:32.465+0000] {logging_mixin.py:188} INFO - [2024-07-02T12:23:32.465+0000] {dag.py:3096} INFO - Sync 1 DAGs
[2024-07-02T12:23:32.492+0000] {logging_mixin.py:188} INFO - [2024-07-02T12:23:32.492+0000] {dag.py:3954} INFO - Setting next_dagrun for example_nested_branch_dag to 2024-07-01 00:00:00+00:00, run_after=2024-07-02 00:00:00+00:00
[2024-07-02T12:23:32.520+0000] {processor.py:183} INFO - Processing /home/airflow/.local/lib/python3.12/site-packages/airflow/example_dags/example_nested_branch_dag.py took 0.103 seconds
[2024-07-02T12:37:16.229+0000] {processor.py:161} INFO - Started process (PID=2017) to work on /home/airflow/.local/lib/python3.12/site-packages/airflow/example_dags/example_nested_branch_dag.py
[2024-07-02T12:37:16.231+0000] {processor.py:830} INFO - Processing file /home/airflow/.local/lib/python3.12/site-packages/airflow/example_dags/example_nested_branch_dag.py for tasks to queue
[2024-07-02T12:37:16.232+0000] {logging_mixin.py:188} INFO - [2024-07-02T12:37:16.232+0000] {dagbag.py:545} INFO - Filling up the DagBag from /home/airflow/.local/lib/python3.12/site-packages/airflow/example_dags/example_nested_branch_dag.py
[2024-07-02T12:37:16.238+0000] {processor.py:840} INFO - DAG(s) 'example_nested_branch_dag' retrieved from /home/airflow/.local/lib/python3.12/site-packages/airflow/example_dags/example_nested_branch_dag.py
[2024-07-02T12:37:16.257+0000] {logging_mixin.py:188} INFO - [2024-07-02T12:37:16.257+0000] {dag.py:3096} INFO - Sync 1 DAGs
[2024-07-02T12:37:16.275+0000] {logging_mixin.py:188} INFO - [2024-07-02T12:37:16.275+0000] {dag.py:3954} INFO - Setting next_dagrun for example_nested_branch_dag to 2024-07-01 00:00:00+00:00, run_after=2024-07-02 00:00:00+00:00
[2024-07-02T12:37:16.295+0000] {processor.py:183} INFO - Processing /home/airflow/.local/lib/python3.12/site-packages/airflow/example_dags/example_nested_branch_dag.py took 0.070 seconds
[2024-07-02T12:37:46.611+0000] {processor.py:161} INFO - Started process (PID=2080) to work on /home/airflow/.local/lib/python3.12/site-packages/airflow/example_dags/example_nested_branch_dag.py
[2024-07-02T12:37:46.613+0000] {processor.py:830} INFO - Processing file /home/airflow/.local/lib/python3.12/site-packages/airflow/example_dags/example_nested_branch_dag.py for tasks to queue
[2024-07-02T12:37:46.615+0000] {logging_mixin.py:188} INFO - [2024-07-02T12:37:46.614+0000] {dagbag.py:545} INFO - Filling up the DagBag from /home/airflow/.local/lib/python3.12/site-packages/airflow/example_dags/example_nested_branch_dag.py
[2024-07-02T12:37:46.623+0000] {processor.py:840} INFO - DAG(s) 'example_nested_branch_dag' retrieved from /home/airflow/.local/lib/python3.12/site-packages/airflow/example_dags/example_nested_branch_dag.py
[2024-07-02T12:37:46.645+0000] {logging_mixin.py:188} INFO - [2024-07-02T12:37:46.644+0000] {dag.py:3096} INFO - Sync 1 DAGs
[2024-07-02T12:37:46.663+0000] {logging_mixin.py:188} INFO - [2024-07-02T12:37:46.663+0000] {dag.py:3954} INFO - Setting next_dagrun for example_nested_branch_dag to 2024-07-01 00:00:00+00:00, run_after=2024-07-02 00:00:00+00:00
[2024-07-02T12:37:46.683+0000] {processor.py:183} INFO - Processing /home/airflow/.local/lib/python3.12/site-packages/airflow/example_dags/example_nested_branch_dag.py took 0.077 seconds
[2024-07-02T14:46:57.925+0000] {processor.py:161} INFO - Started process (PID=97) to work on /home/airflow/.local/lib/python3.12/site-packages/airflow/example_dags/example_nested_branch_dag.py
[2024-07-02T14:46:57.926+0000] {processor.py:830} INFO - Processing file /home/airflow/.local/lib/python3.12/site-packages/airflow/example_dags/example_nested_branch_dag.py for tasks to queue
[2024-07-02T14:46:57.928+0000] {logging_mixin.py:188} INFO - [2024-07-02T14:46:57.928+0000] {dagbag.py:545} INFO - Filling up the DagBag from /home/airflow/.local/lib/python3.12/site-packages/airflow/example_dags/example_nested_branch_dag.py
[2024-07-02T14:46:57.938+0000] {processor.py:840} INFO - DAG(s) 'example_nested_branch_dag' retrieved from /home/airflow/.local/lib/python3.12/site-packages/airflow/example_dags/example_nested_branch_dag.py
[2024-07-02T14:46:58.026+0000] {logging_mixin.py:188} INFO - [2024-07-02T14:46:58.026+0000] {dag.py:3096} INFO - Sync 1 DAGs
[2024-07-02T14:46:58.047+0000] {logging_mixin.py:188} INFO - [2024-07-02T14:46:58.047+0000] {dag.py:3954} INFO - Setting next_dagrun for example_nested_branch_dag to 2024-07-01 00:00:00+00:00, run_after=2024-07-02 00:00:00+00:00
[2024-07-02T14:46:58.073+0000] {processor.py:183} INFO - Processing /home/airflow/.local/lib/python3.12/site-packages/airflow/example_dags/example_nested_branch_dag.py took 0.153 seconds
[2024-07-02T14:50:02.574+0000] {processor.py:161} INFO - Started process (PID=104) to work on /home/airflow/.local/lib/python3.12/site-packages/airflow/example_dags/example_nested_branch_dag.py
[2024-07-02T14:50:02.575+0000] {processor.py:830} INFO - Processing file /home/airflow/.local/lib/python3.12/site-packages/airflow/example_dags/example_nested_branch_dag.py for tasks to queue
[2024-07-02T14:50:02.577+0000] {logging_mixin.py:188} INFO - [2024-07-02T14:50:02.577+0000] {dagbag.py:545} INFO - Filling up the DagBag from /home/airflow/.local/lib/python3.12/site-packages/airflow/example_dags/example_nested_branch_dag.py
[2024-07-02T14:50:02.586+0000] {processor.py:840} INFO - DAG(s) 'example_nested_branch_dag' retrieved from /home/airflow/.local/lib/python3.12/site-packages/airflow/example_dags/example_nested_branch_dag.py
[2024-07-02T14:50:02.659+0000] {logging_mixin.py:188} INFO - [2024-07-02T14:50:02.659+0000] {dag.py:3096} INFO - Sync 1 DAGs
[2024-07-02T14:50:02.671+0000] {logging_mixin.py:188} INFO - [2024-07-02T14:50:02.671+0000] {dag.py:3954} INFO - Setting next_dagrun for example_nested_branch_dag to 2024-07-01 00:00:00+00:00, run_after=2024-07-02 00:00:00+00:00
[2024-07-02T14:50:02.690+0000] {processor.py:183} INFO - Processing /home/airflow/.local/lib/python3.12/site-packages/airflow/example_dags/example_nested_branch_dag.py took 0.122 seconds
[2024-07-02T14:50:32.784+0000] {processor.py:161} INFO - Started process (PID=164) to work on /home/airflow/.local/lib/python3.12/site-packages/airflow/example_dags/example_nested_branch_dag.py
[2024-07-02T14:50:32.786+0000] {processor.py:830} INFO - Processing file /home/airflow/.local/lib/python3.12/site-packages/airflow/example_dags/example_nested_branch_dag.py for tasks to queue
[2024-07-02T14:50:32.788+0000] {logging_mixin.py:188} INFO - [2024-07-02T14:50:32.788+0000] {dagbag.py:545} INFO - Filling up the DagBag from /home/airflow/.local/lib/python3.12/site-packages/airflow/example_dags/example_nested_branch_dag.py
[2024-07-02T14:50:32.797+0000] {processor.py:840} INFO - DAG(s) 'example_nested_branch_dag' retrieved from /home/airflow/.local/lib/python3.12/site-packages/airflow/example_dags/example_nested_branch_dag.py
[2024-07-02T14:50:32.818+0000] {logging_mixin.py:188} INFO - [2024-07-02T14:50:32.818+0000] {dag.py:3096} INFO - Sync 1 DAGs
[2024-07-02T14:50:32.837+0000] {logging_mixin.py:188} INFO - [2024-07-02T14:50:32.837+0000] {dag.py:3954} INFO - Setting next_dagrun for example_nested_branch_dag to 2024-07-01 00:00:00+00:00, run_after=2024-07-02 00:00:00+00:00
[2024-07-02T14:50:32.854+0000] {processor.py:183} INFO - Processing /home/airflow/.local/lib/python3.12/site-packages/airflow/example_dags/example_nested_branch_dag.py took 0.074 seconds
[2024-07-02T14:51:03.493+0000] {processor.py:161} INFO - Started process (PID=223) to work on /home/airflow/.local/lib/python3.12/site-packages/airflow/example_dags/example_nested_branch_dag.py
[2024-07-02T14:51:03.494+0000] {processor.py:830} INFO - Processing file /home/airflow/.local/lib/python3.12/site-packages/airflow/example_dags/example_nested_branch_dag.py for tasks to queue
[2024-07-02T14:51:03.496+0000] {logging_mixin.py:188} INFO - [2024-07-02T14:51:03.495+0000] {dagbag.py:545} INFO - Filling up the DagBag from /home/airflow/.local/lib/python3.12/site-packages/airflow/example_dags/example_nested_branch_dag.py
[2024-07-02T14:51:03.507+0000] {processor.py:840} INFO - DAG(s) 'example_nested_branch_dag' retrieved from /home/airflow/.local/lib/python3.12/site-packages/airflow/example_dags/example_nested_branch_dag.py
[2024-07-02T14:51:03.534+0000] {logging_mixin.py:188} INFO - [2024-07-02T14:51:03.534+0000] {dag.py:3096} INFO - Sync 1 DAGs
[2024-07-02T14:51:03.560+0000] {logging_mixin.py:188} INFO - [2024-07-02T14:51:03.559+0000] {dag.py:3954} INFO - Setting next_dagrun for example_nested_branch_dag to 2024-07-01 00:00:00+00:00, run_after=2024-07-02 00:00:00+00:00
[2024-07-02T14:51:03.586+0000] {processor.py:183} INFO - Processing /home/airflow/.local/lib/python3.12/site-packages/airflow/example_dags/example_nested_branch_dag.py took 0.099 seconds
[2024-07-02T14:51:33.732+0000] {processor.py:161} INFO - Started process (PID=281) to work on /home/airflow/.local/lib/python3.12/site-packages/airflow/example_dags/example_nested_branch_dag.py
[2024-07-02T14:51:33.734+0000] {processor.py:830} INFO - Processing file /home/airflow/.local/lib/python3.12/site-packages/airflow/example_dags/example_nested_branch_dag.py for tasks to queue
[2024-07-02T14:51:33.736+0000] {logging_mixin.py:188} INFO - [2024-07-02T14:51:33.736+0000] {dagbag.py:545} INFO - Filling up the DagBag from /home/airflow/.local/lib/python3.12/site-packages/airflow/example_dags/example_nested_branch_dag.py
[2024-07-02T14:51:33.747+0000] {processor.py:840} INFO - DAG(s) 'example_nested_branch_dag' retrieved from /home/airflow/.local/lib/python3.12/site-packages/airflow/example_dags/example_nested_branch_dag.py
[2024-07-02T14:51:33.772+0000] {logging_mixin.py:188} INFO - [2024-07-02T14:51:33.772+0000] {dag.py:3096} INFO - Sync 1 DAGs
[2024-07-02T14:51:33.790+0000] {logging_mixin.py:188} INFO - [2024-07-02T14:51:33.790+0000] {dag.py:3954} INFO - Setting next_dagrun for example_nested_branch_dag to 2024-07-01 00:00:00+00:00, run_after=2024-07-02 00:00:00+00:00
[2024-07-02T14:51:33.810+0000] {processor.py:183} INFO - Processing /home/airflow/.local/lib/python3.12/site-packages/airflow/example_dags/example_nested_branch_dag.py took 0.083 seconds
[2024-07-02T14:52:03.970+0000] {processor.py:161} INFO - Started process (PID=339) to work on /home/airflow/.local/lib/python3.12/site-packages/airflow/example_dags/example_nested_branch_dag.py
[2024-07-02T14:52:03.973+0000] {processor.py:830} INFO - Processing file /home/airflow/.local/lib/python3.12/site-packages/airflow/example_dags/example_nested_branch_dag.py for tasks to queue
[2024-07-02T14:52:03.975+0000] {logging_mixin.py:188} INFO - [2024-07-02T14:52:03.975+0000] {dagbag.py:545} INFO - Filling up the DagBag from /home/airflow/.local/lib/python3.12/site-packages/airflow/example_dags/example_nested_branch_dag.py
[2024-07-02T14:52:03.984+0000] {processor.py:840} INFO - DAG(s) 'example_nested_branch_dag' retrieved from /home/airflow/.local/lib/python3.12/site-packages/airflow/example_dags/example_nested_branch_dag.py
[2024-07-02T14:52:04.008+0000] {logging_mixin.py:188} INFO - [2024-07-02T14:52:04.008+0000] {dag.py:3096} INFO - Sync 1 DAGs
[2024-07-02T14:52:04.027+0000] {logging_mixin.py:188} INFO - [2024-07-02T14:52:04.027+0000] {dag.py:3954} INFO - Setting next_dagrun for example_nested_branch_dag to 2024-07-01 00:00:00+00:00, run_after=2024-07-02 00:00:00+00:00
[2024-07-02T14:52:04.049+0000] {processor.py:183} INFO - Processing /home/airflow/.local/lib/python3.12/site-packages/airflow/example_dags/example_nested_branch_dag.py took 0.085 seconds
[2024-07-02T14:52:35.458+0000] {processor.py:161} INFO - Started process (PID=397) to work on /home/airflow/.local/lib/python3.12/site-packages/airflow/example_dags/example_nested_branch_dag.py
[2024-07-02T14:52:35.460+0000] {processor.py:830} INFO - Processing file /home/airflow/.local/lib/python3.12/site-packages/airflow/example_dags/example_nested_branch_dag.py for tasks to queue
[2024-07-02T14:52:35.461+0000] {logging_mixin.py:188} INFO - [2024-07-02T14:52:35.460+0000] {dagbag.py:545} INFO - Filling up the DagBag from /home/airflow/.local/lib/python3.12/site-packages/airflow/example_dags/example_nested_branch_dag.py
[2024-07-02T14:52:35.469+0000] {processor.py:840} INFO - DAG(s) 'example_nested_branch_dag' retrieved from /home/airflow/.local/lib/python3.12/site-packages/airflow/example_dags/example_nested_branch_dag.py
[2024-07-02T14:52:35.492+0000] {logging_mixin.py:188} INFO - [2024-07-02T14:52:35.492+0000] {dag.py:3096} INFO - Sync 1 DAGs
[2024-07-02T14:52:35.510+0000] {logging_mixin.py:188} INFO - [2024-07-02T14:52:35.510+0000] {dag.py:3954} INFO - Setting next_dagrun for example_nested_branch_dag to 2024-07-01 00:00:00+00:00, run_after=2024-07-02 00:00:00+00:00
[2024-07-02T14:52:35.532+0000] {processor.py:183} INFO - Processing /home/airflow/.local/lib/python3.12/site-packages/airflow/example_dags/example_nested_branch_dag.py took 0.079 seconds
[2024-07-02T14:53:06.343+0000] {processor.py:161} INFO - Started process (PID=455) to work on /home/airflow/.local/lib/python3.12/site-packages/airflow/example_dags/example_nested_branch_dag.py
[2024-07-02T14:53:06.345+0000] {processor.py:830} INFO - Processing file /home/airflow/.local/lib/python3.12/site-packages/airflow/example_dags/example_nested_branch_dag.py for tasks to queue
[2024-07-02T14:53:06.345+0000] {logging_mixin.py:188} INFO - [2024-07-02T14:53:06.345+0000] {dagbag.py:545} INFO - Filling up the DagBag from /home/airflow/.local/lib/python3.12/site-packages/airflow/example_dags/example_nested_branch_dag.py
[2024-07-02T14:53:06.354+0000] {processor.py:840} INFO - DAG(s) 'example_nested_branch_dag' retrieved from /home/airflow/.local/lib/python3.12/site-packages/airflow/example_dags/example_nested_branch_dag.py
[2024-07-02T14:53:06.380+0000] {logging_mixin.py:188} INFO - [2024-07-02T14:53:06.380+0000] {dag.py:3096} INFO - Sync 1 DAGs
[2024-07-02T14:53:06.402+0000] {logging_mixin.py:188} INFO - [2024-07-02T14:53:06.402+0000] {dag.py:3954} INFO - Setting next_dagrun for example_nested_branch_dag to 2024-07-01 00:00:00+00:00, run_after=2024-07-02 00:00:00+00:00
[2024-07-02T14:53:06.428+0000] {processor.py:183} INFO - Processing /home/airflow/.local/lib/python3.12/site-packages/airflow/example_dags/example_nested_branch_dag.py took 0.090 seconds
[2024-07-02T14:53:36.829+0000] {processor.py:161} INFO - Started process (PID=520) to work on /home/airflow/.local/lib/python3.12/site-packages/airflow/example_dags/example_nested_branch_dag.py
[2024-07-02T14:53:36.830+0000] {processor.py:830} INFO - Processing file /home/airflow/.local/lib/python3.12/site-packages/airflow/example_dags/example_nested_branch_dag.py for tasks to queue
[2024-07-02T14:53:36.831+0000] {logging_mixin.py:188} INFO - [2024-07-02T14:53:36.831+0000] {dagbag.py:545} INFO - Filling up the DagBag from /home/airflow/.local/lib/python3.12/site-packages/airflow/example_dags/example_nested_branch_dag.py
[2024-07-02T14:53:36.839+0000] {processor.py:840} INFO - DAG(s) 'example_nested_branch_dag' retrieved from /home/airflow/.local/lib/python3.12/site-packages/airflow/example_dags/example_nested_branch_dag.py
[2024-07-02T14:53:36.860+0000] {logging_mixin.py:188} INFO - [2024-07-02T14:53:36.860+0000] {dag.py:3096} INFO - Sync 1 DAGs
[2024-07-02T14:53:36.880+0000] {logging_mixin.py:188} INFO - [2024-07-02T14:53:36.879+0000] {dag.py:3954} INFO - Setting next_dagrun for example_nested_branch_dag to 2024-07-01 00:00:00+00:00, run_after=2024-07-02 00:00:00+00:00
[2024-07-02T14:53:36.901+0000] {processor.py:183} INFO - Processing /home/airflow/.local/lib/python3.12/site-packages/airflow/example_dags/example_nested_branch_dag.py took 0.077 seconds
[2024-07-02T14:54:07.113+0000] {processor.py:161} INFO - Started process (PID=578) to work on /home/airflow/.local/lib/python3.12/site-packages/airflow/example_dags/example_nested_branch_dag.py
[2024-07-02T14:54:07.115+0000] {processor.py:830} INFO - Processing file /home/airflow/.local/lib/python3.12/site-packages/airflow/example_dags/example_nested_branch_dag.py for tasks to queue
[2024-07-02T14:54:07.116+0000] {logging_mixin.py:188} INFO - [2024-07-02T14:54:07.116+0000] {dagbag.py:545} INFO - Filling up the DagBag from /home/airflow/.local/lib/python3.12/site-packages/airflow/example_dags/example_nested_branch_dag.py
[2024-07-02T14:54:07.125+0000] {processor.py:840} INFO - DAG(s) 'example_nested_branch_dag' retrieved from /home/airflow/.local/lib/python3.12/site-packages/airflow/example_dags/example_nested_branch_dag.py
[2024-07-02T14:54:07.149+0000] {logging_mixin.py:188} INFO - [2024-07-02T14:54:07.148+0000] {dag.py:3096} INFO - Sync 1 DAGs
[2024-07-02T14:54:07.168+0000] {logging_mixin.py:188} INFO - [2024-07-02T14:54:07.168+0000] {dag.py:3954} INFO - Setting next_dagrun for example_nested_branch_dag to 2024-07-01 00:00:00+00:00, run_after=2024-07-02 00:00:00+00:00
[2024-07-02T14:54:07.191+0000] {processor.py:183} INFO - Processing /home/airflow/.local/lib/python3.12/site-packages/airflow/example_dags/example_nested_branch_dag.py took 0.083 seconds
