[2024-07-02T11:48:26.327+0000] {processor.py:161} INFO - Started process (PID=87) to work on /home/airflow/.local/lib/python3.12/site-packages/airflow/example_dags/example_trigger_target_dag.py
[2024-07-02T11:48:26.329+0000] {processor.py:830} INFO - Processing file /home/airflow/.local/lib/python3.12/site-packages/airflow/example_dags/example_trigger_target_dag.py for tasks to queue
[2024-07-02T11:48:26.333+0000] {logging_mixin.py:188} INFO - [2024-07-02T11:48:26.333+0000] {dagbag.py:545} INFO - Filling up the DagBag from /home/airflow/.local/lib/python3.12/site-packages/airflow/example_dags/example_trigger_target_dag.py
[2024-07-02T11:48:26.355+0000] {processor.py:840} INFO - DAG(s) 'example_trigger_target_dag' retrieved from /home/airflow/.local/lib/python3.12/site-packages/airflow/example_dags/example_trigger_target_dag.py
[2024-07-02T11:48:26.407+0000] {logging_mixin.py:188} INFO - [2024-07-02T11:48:26.405+0000] {dag.py:3096} INFO - Sync 1 DAGs
[2024-07-02T11:48:26.443+0000] {logging_mixin.py:188} INFO - [2024-07-02T11:48:26.442+0000] {dag.py:3954} INFO - Setting next_dagrun for example_trigger_target_dag to None, run_after=None
[2024-07-02T11:48:26.498+0000] {processor.py:183} INFO - Processing /home/airflow/.local/lib/python3.12/site-packages/airflow/example_dags/example_trigger_target_dag.py took 0.191 seconds
[2024-07-02T11:48:57.173+0000] {processor.py:161} INFO - Started process (PID=150) to work on /home/airflow/.local/lib/python3.12/site-packages/airflow/example_dags/example_trigger_target_dag.py
[2024-07-02T11:48:57.174+0000] {processor.py:830} INFO - Processing file /home/airflow/.local/lib/python3.12/site-packages/airflow/example_dags/example_trigger_target_dag.py for tasks to queue
[2024-07-02T11:48:57.176+0000] {logging_mixin.py:188} INFO - [2024-07-02T11:48:57.176+0000] {dagbag.py:545} INFO - Filling up the DagBag from /home/airflow/.local/lib/python3.12/site-packages/airflow/example_dags/example_trigger_target_dag.py
[2024-07-02T11:48:57.181+0000] {processor.py:840} INFO - DAG(s) 'example_trigger_target_dag' retrieved from /home/airflow/.local/lib/python3.12/site-packages/airflow/example_dags/example_trigger_target_dag.py
[2024-07-02T11:48:57.200+0000] {logging_mixin.py:188} INFO - [2024-07-02T11:48:57.199+0000] {dag.py:3096} INFO - Sync 1 DAGs
[2024-07-02T11:48:57.211+0000] {logging_mixin.py:188} INFO - [2024-07-02T11:48:57.211+0000] {dag.py:3954} INFO - Setting next_dagrun for example_trigger_target_dag to None, run_after=None
[2024-07-02T11:48:57.230+0000] {processor.py:183} INFO - Processing /home/airflow/.local/lib/python3.12/site-packages/airflow/example_dags/example_trigger_target_dag.py took 0.062 seconds
[2024-07-02T11:49:27.578+0000] {processor.py:161} INFO - Started process (PID=213) to work on /home/airflow/.local/lib/python3.12/site-packages/airflow/example_dags/example_trigger_target_dag.py
[2024-07-02T11:49:27.579+0000] {processor.py:830} INFO - Processing file /home/airflow/.local/lib/python3.12/site-packages/airflow/example_dags/example_trigger_target_dag.py for tasks to queue
[2024-07-02T11:49:27.580+0000] {logging_mixin.py:188} INFO - [2024-07-02T11:49:27.580+0000] {dagbag.py:545} INFO - Filling up the DagBag from /home/airflow/.local/lib/python3.12/site-packages/airflow/example_dags/example_trigger_target_dag.py
[2024-07-02T11:49:27.585+0000] {processor.py:840} INFO - DAG(s) 'example_trigger_target_dag' retrieved from /home/airflow/.local/lib/python3.12/site-packages/airflow/example_dags/example_trigger_target_dag.py
[2024-07-02T11:49:27.600+0000] {logging_mixin.py:188} INFO - [2024-07-02T11:49:27.600+0000] {dag.py:3096} INFO - Sync 1 DAGs
[2024-07-02T11:49:27.611+0000] {logging_mixin.py:188} INFO - [2024-07-02T11:49:27.611+0000] {dag.py:3954} INFO - Setting next_dagrun for example_trigger_target_dag to None, run_after=None
[2024-07-02T11:49:27.630+0000] {processor.py:183} INFO - Processing /home/airflow/.local/lib/python3.12/site-packages/airflow/example_dags/example_trigger_target_dag.py took 0.058 seconds
[2024-07-02T11:49:57.933+0000] {processor.py:161} INFO - Started process (PID=276) to work on /home/airflow/.local/lib/python3.12/site-packages/airflow/example_dags/example_trigger_target_dag.py
[2024-07-02T11:49:57.934+0000] {processor.py:830} INFO - Processing file /home/airflow/.local/lib/python3.12/site-packages/airflow/example_dags/example_trigger_target_dag.py for tasks to queue
[2024-07-02T11:49:57.935+0000] {logging_mixin.py:188} INFO - [2024-07-02T11:49:57.935+0000] {dagbag.py:545} INFO - Filling up the DagBag from /home/airflow/.local/lib/python3.12/site-packages/airflow/example_dags/example_trigger_target_dag.py
[2024-07-02T11:49:57.940+0000] {processor.py:840} INFO - DAG(s) 'example_trigger_target_dag' retrieved from /home/airflow/.local/lib/python3.12/site-packages/airflow/example_dags/example_trigger_target_dag.py
[2024-07-02T11:49:57.959+0000] {logging_mixin.py:188} INFO - [2024-07-02T11:49:57.958+0000] {dag.py:3096} INFO - Sync 1 DAGs
[2024-07-02T11:49:57.971+0000] {logging_mixin.py:188} INFO - [2024-07-02T11:49:57.971+0000] {dag.py:3954} INFO - Setting next_dagrun for example_trigger_target_dag to None, run_after=None
[2024-07-02T11:49:57.991+0000] {processor.py:183} INFO - Processing /home/airflow/.local/lib/python3.12/site-packages/airflow/example_dags/example_trigger_target_dag.py took 0.064 seconds
[2024-07-02T11:50:28.329+0000] {processor.py:161} INFO - Started process (PID=339) to work on /home/airflow/.local/lib/python3.12/site-packages/airflow/example_dags/example_trigger_target_dag.py
[2024-07-02T11:50:28.330+0000] {processor.py:830} INFO - Processing file /home/airflow/.local/lib/python3.12/site-packages/airflow/example_dags/example_trigger_target_dag.py for tasks to queue
[2024-07-02T11:50:28.331+0000] {logging_mixin.py:188} INFO - [2024-07-02T11:50:28.331+0000] {dagbag.py:545} INFO - Filling up the DagBag from /home/airflow/.local/lib/python3.12/site-packages/airflow/example_dags/example_trigger_target_dag.py
[2024-07-02T11:50:28.336+0000] {processor.py:840} INFO - DAG(s) 'example_trigger_target_dag' retrieved from /home/airflow/.local/lib/python3.12/site-packages/airflow/example_dags/example_trigger_target_dag.py
[2024-07-02T11:50:28.350+0000] {logging_mixin.py:188} INFO - [2024-07-02T11:50:28.350+0000] {dag.py:3096} INFO - Sync 1 DAGs
[2024-07-02T11:50:28.362+0000] {logging_mixin.py:188} INFO - [2024-07-02T11:50:28.362+0000] {dag.py:3954} INFO - Setting next_dagrun for example_trigger_target_dag to None, run_after=None
[2024-07-02T11:50:28.386+0000] {processor.py:183} INFO - Processing /home/airflow/.local/lib/python3.12/site-packages/airflow/example_dags/example_trigger_target_dag.py took 0.063 seconds
[2024-07-02T11:50:59.422+0000] {processor.py:161} INFO - Started process (PID=402) to work on /home/airflow/.local/lib/python3.12/site-packages/airflow/example_dags/example_trigger_target_dag.py
[2024-07-02T11:50:59.423+0000] {processor.py:830} INFO - Processing file /home/airflow/.local/lib/python3.12/site-packages/airflow/example_dags/example_trigger_target_dag.py for tasks to queue
[2024-07-02T11:50:59.424+0000] {logging_mixin.py:188} INFO - [2024-07-02T11:50:59.424+0000] {dagbag.py:545} INFO - Filling up the DagBag from /home/airflow/.local/lib/python3.12/site-packages/airflow/example_dags/example_trigger_target_dag.py
[2024-07-02T11:50:59.429+0000] {processor.py:840} INFO - DAG(s) 'example_trigger_target_dag' retrieved from /home/airflow/.local/lib/python3.12/site-packages/airflow/example_dags/example_trigger_target_dag.py
[2024-07-02T11:50:59.512+0000] {logging_mixin.py:188} INFO - [2024-07-02T11:50:59.512+0000] {dag.py:3096} INFO - Sync 1 DAGs
[2024-07-02T11:50:59.521+0000] {logging_mixin.py:188} INFO - [2024-07-02T11:50:59.520+0000] {dag.py:3954} INFO - Setting next_dagrun for example_trigger_target_dag to None, run_after=None
[2024-07-02T11:50:59.543+0000] {processor.py:183} INFO - Processing /home/airflow/.local/lib/python3.12/site-packages/airflow/example_dags/example_trigger_target_dag.py took 0.126 seconds
[2024-07-02T11:51:29.734+0000] {processor.py:161} INFO - Started process (PID=465) to work on /home/airflow/.local/lib/python3.12/site-packages/airflow/example_dags/example_trigger_target_dag.py
[2024-07-02T11:51:29.736+0000] {processor.py:830} INFO - Processing file /home/airflow/.local/lib/python3.12/site-packages/airflow/example_dags/example_trigger_target_dag.py for tasks to queue
[2024-07-02T11:51:29.737+0000] {logging_mixin.py:188} INFO - [2024-07-02T11:51:29.736+0000] {dagbag.py:545} INFO - Filling up the DagBag from /home/airflow/.local/lib/python3.12/site-packages/airflow/example_dags/example_trigger_target_dag.py
[2024-07-02T11:51:29.743+0000] {processor.py:840} INFO - DAG(s) 'example_trigger_target_dag' retrieved from /home/airflow/.local/lib/python3.12/site-packages/airflow/example_dags/example_trigger_target_dag.py
[2024-07-02T11:51:29.762+0000] {logging_mixin.py:188} INFO - [2024-07-02T11:51:29.762+0000] {dag.py:3096} INFO - Sync 1 DAGs
[2024-07-02T11:51:29.774+0000] {logging_mixin.py:188} INFO - [2024-07-02T11:51:29.773+0000] {dag.py:3954} INFO - Setting next_dagrun for example_trigger_target_dag to None, run_after=None
[2024-07-02T11:51:29.795+0000] {processor.py:183} INFO - Processing /home/airflow/.local/lib/python3.12/site-packages/airflow/example_dags/example_trigger_target_dag.py took 0.067 seconds
[2024-07-02T11:52:00.809+0000] {processor.py:161} INFO - Started process (PID=528) to work on /home/airflow/.local/lib/python3.12/site-packages/airflow/example_dags/example_trigger_target_dag.py
[2024-07-02T11:52:00.810+0000] {processor.py:830} INFO - Processing file /home/airflow/.local/lib/python3.12/site-packages/airflow/example_dags/example_trigger_target_dag.py for tasks to queue
[2024-07-02T11:52:00.811+0000] {logging_mixin.py:188} INFO - [2024-07-02T11:52:00.811+0000] {dagbag.py:545} INFO - Filling up the DagBag from /home/airflow/.local/lib/python3.12/site-packages/airflow/example_dags/example_trigger_target_dag.py
[2024-07-02T11:52:00.816+0000] {processor.py:840} INFO - DAG(s) 'example_trigger_target_dag' retrieved from /home/airflow/.local/lib/python3.12/site-packages/airflow/example_dags/example_trigger_target_dag.py
[2024-07-02T11:52:00.834+0000] {logging_mixin.py:188} INFO - [2024-07-02T11:52:00.834+0000] {dag.py:3096} INFO - Sync 1 DAGs
[2024-07-02T11:52:00.845+0000] {logging_mixin.py:188} INFO - [2024-07-02T11:52:00.845+0000] {dag.py:3954} INFO - Setting next_dagrun for example_trigger_target_dag to None, run_after=None
[2024-07-02T11:52:00.864+0000] {processor.py:183} INFO - Processing /home/airflow/.local/lib/python3.12/site-packages/airflow/example_dags/example_trigger_target_dag.py took 0.061 seconds
[2024-07-02T11:52:31.340+0000] {processor.py:161} INFO - Started process (PID=598) to work on /home/airflow/.local/lib/python3.12/site-packages/airflow/example_dags/example_trigger_target_dag.py
[2024-07-02T11:52:31.342+0000] {processor.py:830} INFO - Processing file /home/airflow/.local/lib/python3.12/site-packages/airflow/example_dags/example_trigger_target_dag.py for tasks to queue
[2024-07-02T11:52:31.343+0000] {logging_mixin.py:188} INFO - [2024-07-02T11:52:31.342+0000] {dagbag.py:545} INFO - Filling up the DagBag from /home/airflow/.local/lib/python3.12/site-packages/airflow/example_dags/example_trigger_target_dag.py
[2024-07-02T11:52:31.348+0000] {processor.py:840} INFO - DAG(s) 'example_trigger_target_dag' retrieved from /home/airflow/.local/lib/python3.12/site-packages/airflow/example_dags/example_trigger_target_dag.py
[2024-07-02T11:52:31.367+0000] {logging_mixin.py:188} INFO - [2024-07-02T11:52:31.366+0000] {dag.py:3096} INFO - Sync 1 DAGs
[2024-07-02T11:52:31.379+0000] {logging_mixin.py:188} INFO - [2024-07-02T11:52:31.379+0000] {dag.py:3954} INFO - Setting next_dagrun for example_trigger_target_dag to None, run_after=None
[2024-07-02T11:52:31.403+0000] {processor.py:183} INFO - Processing /home/airflow/.local/lib/python3.12/site-packages/airflow/example_dags/example_trigger_target_dag.py took 0.068 seconds
[2024-07-02T11:53:02.014+0000] {processor.py:161} INFO - Started process (PID=661) to work on /home/airflow/.local/lib/python3.12/site-packages/airflow/example_dags/example_trigger_target_dag.py
[2024-07-02T11:53:02.015+0000] {processor.py:830} INFO - Processing file /home/airflow/.local/lib/python3.12/site-packages/airflow/example_dags/example_trigger_target_dag.py for tasks to queue
[2024-07-02T11:53:02.017+0000] {logging_mixin.py:188} INFO - [2024-07-02T11:53:02.016+0000] {dagbag.py:545} INFO - Filling up the DagBag from /home/airflow/.local/lib/python3.12/site-packages/airflow/example_dags/example_trigger_target_dag.py
[2024-07-02T11:53:02.023+0000] {processor.py:840} INFO - DAG(s) 'example_trigger_target_dag' retrieved from /home/airflow/.local/lib/python3.12/site-packages/airflow/example_dags/example_trigger_target_dag.py
[2024-07-02T11:53:02.043+0000] {logging_mixin.py:188} INFO - [2024-07-02T11:53:02.043+0000] {dag.py:3096} INFO - Sync 1 DAGs
[2024-07-02T11:53:02.058+0000] {logging_mixin.py:188} INFO - [2024-07-02T11:53:02.058+0000] {dag.py:3954} INFO - Setting next_dagrun for example_trigger_target_dag to None, run_after=None
[2024-07-02T11:53:02.084+0000] {processor.py:183} INFO - Processing /home/airflow/.local/lib/python3.12/site-packages/airflow/example_dags/example_trigger_target_dag.py took 0.077 seconds
[2024-07-02T11:53:32.791+0000] {processor.py:161} INFO - Started process (PID=724) to work on /home/airflow/.local/lib/python3.12/site-packages/airflow/example_dags/example_trigger_target_dag.py
[2024-07-02T11:53:32.792+0000] {processor.py:830} INFO - Processing file /home/airflow/.local/lib/python3.12/site-packages/airflow/example_dags/example_trigger_target_dag.py for tasks to queue
[2024-07-02T11:53:32.793+0000] {logging_mixin.py:188} INFO - [2024-07-02T11:53:32.793+0000] {dagbag.py:545} INFO - Filling up the DagBag from /home/airflow/.local/lib/python3.12/site-packages/airflow/example_dags/example_trigger_target_dag.py
[2024-07-02T11:53:32.798+0000] {processor.py:840} INFO - DAG(s) 'example_trigger_target_dag' retrieved from /home/airflow/.local/lib/python3.12/site-packages/airflow/example_dags/example_trigger_target_dag.py
[2024-07-02T11:53:32.817+0000] {logging_mixin.py:188} INFO - [2024-07-02T11:53:32.817+0000] {dag.py:3096} INFO - Sync 1 DAGs
[2024-07-02T11:53:32.828+0000] {logging_mixin.py:188} INFO - [2024-07-02T11:53:32.828+0000] {dag.py:3954} INFO - Setting next_dagrun for example_trigger_target_dag to None, run_after=None
[2024-07-02T11:53:32.849+0000] {processor.py:183} INFO - Processing /home/airflow/.local/lib/python3.12/site-packages/airflow/example_dags/example_trigger_target_dag.py took 0.063 seconds
[2024-07-02T11:54:03.360+0000] {processor.py:161} INFO - Started process (PID=787) to work on /home/airflow/.local/lib/python3.12/site-packages/airflow/example_dags/example_trigger_target_dag.py
[2024-07-02T11:54:03.361+0000] {processor.py:830} INFO - Processing file /home/airflow/.local/lib/python3.12/site-packages/airflow/example_dags/example_trigger_target_dag.py for tasks to queue
[2024-07-02T11:54:03.362+0000] {logging_mixin.py:188} INFO - [2024-07-02T11:54:03.362+0000] {dagbag.py:545} INFO - Filling up the DagBag from /home/airflow/.local/lib/python3.12/site-packages/airflow/example_dags/example_trigger_target_dag.py
[2024-07-02T11:54:03.367+0000] {processor.py:840} INFO - DAG(s) 'example_trigger_target_dag' retrieved from /home/airflow/.local/lib/python3.12/site-packages/airflow/example_dags/example_trigger_target_dag.py
[2024-07-02T11:54:03.385+0000] {logging_mixin.py:188} INFO - [2024-07-02T11:54:03.385+0000] {dag.py:3096} INFO - Sync 1 DAGs
[2024-07-02T11:54:03.396+0000] {logging_mixin.py:188} INFO - [2024-07-02T11:54:03.396+0000] {dag.py:3954} INFO - Setting next_dagrun for example_trigger_target_dag to None, run_after=None
[2024-07-02T11:54:03.417+0000] {processor.py:183} INFO - Processing /home/airflow/.local/lib/python3.12/site-packages/airflow/example_dags/example_trigger_target_dag.py took 0.062 seconds
[2024-07-02T11:54:34.089+0000] {processor.py:161} INFO - Started process (PID=850) to work on /home/airflow/.local/lib/python3.12/site-packages/airflow/example_dags/example_trigger_target_dag.py
[2024-07-02T11:54:34.091+0000] {processor.py:830} INFO - Processing file /home/airflow/.local/lib/python3.12/site-packages/airflow/example_dags/example_trigger_target_dag.py for tasks to queue
[2024-07-02T11:54:34.092+0000] {logging_mixin.py:188} INFO - [2024-07-02T11:54:34.092+0000] {dagbag.py:545} INFO - Filling up the DagBag from /home/airflow/.local/lib/python3.12/site-packages/airflow/example_dags/example_trigger_target_dag.py
[2024-07-02T11:54:34.097+0000] {processor.py:840} INFO - DAG(s) 'example_trigger_target_dag' retrieved from /home/airflow/.local/lib/python3.12/site-packages/airflow/example_dags/example_trigger_target_dag.py
[2024-07-02T11:54:34.115+0000] {logging_mixin.py:188} INFO - [2024-07-02T11:54:34.115+0000] {dag.py:3096} INFO - Sync 1 DAGs
[2024-07-02T11:54:34.127+0000] {logging_mixin.py:188} INFO - [2024-07-02T11:54:34.126+0000] {dag.py:3954} INFO - Setting next_dagrun for example_trigger_target_dag to None, run_after=None
[2024-07-02T11:54:34.149+0000] {processor.py:183} INFO - Processing /home/airflow/.local/lib/python3.12/site-packages/airflow/example_dags/example_trigger_target_dag.py took 0.065 seconds
[2024-07-02T11:55:04.463+0000] {processor.py:161} INFO - Started process (PID=913) to work on /home/airflow/.local/lib/python3.12/site-packages/airflow/example_dags/example_trigger_target_dag.py
[2024-07-02T11:55:04.464+0000] {processor.py:830} INFO - Processing file /home/airflow/.local/lib/python3.12/site-packages/airflow/example_dags/example_trigger_target_dag.py for tasks to queue
[2024-07-02T11:55:04.465+0000] {logging_mixin.py:188} INFO - [2024-07-02T11:55:04.465+0000] {dagbag.py:545} INFO - Filling up the DagBag from /home/airflow/.local/lib/python3.12/site-packages/airflow/example_dags/example_trigger_target_dag.py
[2024-07-02T11:55:04.470+0000] {processor.py:840} INFO - DAG(s) 'example_trigger_target_dag' retrieved from /home/airflow/.local/lib/python3.12/site-packages/airflow/example_dags/example_trigger_target_dag.py
[2024-07-02T11:55:04.487+0000] {logging_mixin.py:188} INFO - [2024-07-02T11:55:04.487+0000] {dag.py:3096} INFO - Sync 1 DAGs
[2024-07-02T11:55:04.498+0000] {logging_mixin.py:188} INFO - [2024-07-02T11:55:04.498+0000] {dag.py:3954} INFO - Setting next_dagrun for example_trigger_target_dag to None, run_after=None
[2024-07-02T11:55:04.520+0000] {processor.py:183} INFO - Processing /home/airflow/.local/lib/python3.12/site-packages/airflow/example_dags/example_trigger_target_dag.py took 0.063 seconds
[2024-07-02T11:55:35.194+0000] {processor.py:161} INFO - Started process (PID=976) to work on /home/airflow/.local/lib/python3.12/site-packages/airflow/example_dags/example_trigger_target_dag.py
[2024-07-02T11:55:35.195+0000] {processor.py:830} INFO - Processing file /home/airflow/.local/lib/python3.12/site-packages/airflow/example_dags/example_trigger_target_dag.py for tasks to queue
[2024-07-02T11:55:35.196+0000] {logging_mixin.py:188} INFO - [2024-07-02T11:55:35.196+0000] {dagbag.py:545} INFO - Filling up the DagBag from /home/airflow/.local/lib/python3.12/site-packages/airflow/example_dags/example_trigger_target_dag.py
[2024-07-02T11:55:35.202+0000] {processor.py:840} INFO - DAG(s) 'example_trigger_target_dag' retrieved from /home/airflow/.local/lib/python3.12/site-packages/airflow/example_dags/example_trigger_target_dag.py
[2024-07-02T11:55:35.225+0000] {logging_mixin.py:188} INFO - [2024-07-02T11:55:35.225+0000] {dag.py:3096} INFO - Sync 1 DAGs
[2024-07-02T11:55:35.237+0000] {logging_mixin.py:188} INFO - [2024-07-02T11:55:35.237+0000] {dag.py:3954} INFO - Setting next_dagrun for example_trigger_target_dag to None, run_after=None
[2024-07-02T11:55:35.261+0000] {processor.py:183} INFO - Processing /home/airflow/.local/lib/python3.12/site-packages/airflow/example_dags/example_trigger_target_dag.py took 0.073 seconds
[2024-07-02T11:56:06.174+0000] {processor.py:161} INFO - Started process (PID=1039) to work on /home/airflow/.local/lib/python3.12/site-packages/airflow/example_dags/example_trigger_target_dag.py
[2024-07-02T11:56:06.175+0000] {processor.py:830} INFO - Processing file /home/airflow/.local/lib/python3.12/site-packages/airflow/example_dags/example_trigger_target_dag.py for tasks to queue
[2024-07-02T11:56:06.176+0000] {logging_mixin.py:188} INFO - [2024-07-02T11:56:06.176+0000] {dagbag.py:545} INFO - Filling up the DagBag from /home/airflow/.local/lib/python3.12/site-packages/airflow/example_dags/example_trigger_target_dag.py
[2024-07-02T11:56:06.181+0000] {processor.py:840} INFO - DAG(s) 'example_trigger_target_dag' retrieved from /home/airflow/.local/lib/python3.12/site-packages/airflow/example_dags/example_trigger_target_dag.py
[2024-07-02T11:56:06.201+0000] {logging_mixin.py:188} INFO - [2024-07-02T11:56:06.201+0000] {dag.py:3096} INFO - Sync 1 DAGs
[2024-07-02T11:56:06.212+0000] {logging_mixin.py:188} INFO - [2024-07-02T11:56:06.212+0000] {dag.py:3954} INFO - Setting next_dagrun for example_trigger_target_dag to None, run_after=None
[2024-07-02T11:56:06.236+0000] {processor.py:183} INFO - Processing /home/airflow/.local/lib/python3.12/site-packages/airflow/example_dags/example_trigger_target_dag.py took 0.069 seconds
[2024-07-02T11:56:36.854+0000] {processor.py:161} INFO - Started process (PID=1101) to work on /home/airflow/.local/lib/python3.12/site-packages/airflow/example_dags/example_trigger_target_dag.py
[2024-07-02T11:56:36.855+0000] {processor.py:830} INFO - Processing file /home/airflow/.local/lib/python3.12/site-packages/airflow/example_dags/example_trigger_target_dag.py for tasks to queue
[2024-07-02T11:56:36.857+0000] {logging_mixin.py:188} INFO - [2024-07-02T11:56:36.857+0000] {dagbag.py:545} INFO - Filling up the DagBag from /home/airflow/.local/lib/python3.12/site-packages/airflow/example_dags/example_trigger_target_dag.py
[2024-07-02T11:56:36.862+0000] {processor.py:840} INFO - DAG(s) 'example_trigger_target_dag' retrieved from /home/airflow/.local/lib/python3.12/site-packages/airflow/example_dags/example_trigger_target_dag.py
[2024-07-02T11:56:36.881+0000] {logging_mixin.py:188} INFO - [2024-07-02T11:56:36.881+0000] {dag.py:3096} INFO - Sync 1 DAGs
[2024-07-02T11:56:36.893+0000] {logging_mixin.py:188} INFO - [2024-07-02T11:56:36.893+0000] {dag.py:3954} INFO - Setting next_dagrun for example_trigger_target_dag to None, run_after=None
[2024-07-02T11:56:36.914+0000] {processor.py:183} INFO - Processing /home/airflow/.local/lib/python3.12/site-packages/airflow/example_dags/example_trigger_target_dag.py took 0.067 seconds
[2024-07-02T11:57:07.909+0000] {processor.py:161} INFO - Started process (PID=1164) to work on /home/airflow/.local/lib/python3.12/site-packages/airflow/example_dags/example_trigger_target_dag.py
[2024-07-02T11:57:07.910+0000] {processor.py:830} INFO - Processing file /home/airflow/.local/lib/python3.12/site-packages/airflow/example_dags/example_trigger_target_dag.py for tasks to queue
[2024-07-02T11:57:07.911+0000] {logging_mixin.py:188} INFO - [2024-07-02T11:57:07.911+0000] {dagbag.py:545} INFO - Filling up the DagBag from /home/airflow/.local/lib/python3.12/site-packages/airflow/example_dags/example_trigger_target_dag.py
[2024-07-02T11:57:07.916+0000] {processor.py:840} INFO - DAG(s) 'example_trigger_target_dag' retrieved from /home/airflow/.local/lib/python3.12/site-packages/airflow/example_dags/example_trigger_target_dag.py
[2024-07-02T11:57:07.935+0000] {logging_mixin.py:188} INFO - [2024-07-02T11:57:07.935+0000] {dag.py:3096} INFO - Sync 1 DAGs
[2024-07-02T11:57:07.946+0000] {logging_mixin.py:188} INFO - [2024-07-02T11:57:07.946+0000] {dag.py:3954} INFO - Setting next_dagrun for example_trigger_target_dag to None, run_after=None
[2024-07-02T11:57:07.971+0000] {processor.py:183} INFO - Processing /home/airflow/.local/lib/python3.12/site-packages/airflow/example_dags/example_trigger_target_dag.py took 0.068 seconds
[2024-07-02T11:57:38.739+0000] {processor.py:161} INFO - Started process (PID=1227) to work on /home/airflow/.local/lib/python3.12/site-packages/airflow/example_dags/example_trigger_target_dag.py
[2024-07-02T11:57:38.740+0000] {processor.py:830} INFO - Processing file /home/airflow/.local/lib/python3.12/site-packages/airflow/example_dags/example_trigger_target_dag.py for tasks to queue
[2024-07-02T11:57:38.740+0000] {logging_mixin.py:188} INFO - [2024-07-02T11:57:38.740+0000] {dagbag.py:545} INFO - Filling up the DagBag from /home/airflow/.local/lib/python3.12/site-packages/airflow/example_dags/example_trigger_target_dag.py
[2024-07-02T11:57:38.745+0000] {processor.py:840} INFO - DAG(s) 'example_trigger_target_dag' retrieved from /home/airflow/.local/lib/python3.12/site-packages/airflow/example_dags/example_trigger_target_dag.py
[2024-07-02T11:57:38.762+0000] {logging_mixin.py:188} INFO - [2024-07-02T11:57:38.762+0000] {dag.py:3096} INFO - Sync 1 DAGs
[2024-07-02T11:57:38.773+0000] {logging_mixin.py:188} INFO - [2024-07-02T11:57:38.773+0000] {dag.py:3954} INFO - Setting next_dagrun for example_trigger_target_dag to None, run_after=None
[2024-07-02T11:57:38.793+0000] {processor.py:183} INFO - Processing /home/airflow/.local/lib/python3.12/site-packages/airflow/example_dags/example_trigger_target_dag.py took 0.059 seconds
[2024-07-02T11:58:09.376+0000] {processor.py:161} INFO - Started process (PID=1290) to work on /home/airflow/.local/lib/python3.12/site-packages/airflow/example_dags/example_trigger_target_dag.py
[2024-07-02T11:58:09.377+0000] {processor.py:830} INFO - Processing file /home/airflow/.local/lib/python3.12/site-packages/airflow/example_dags/example_trigger_target_dag.py for tasks to queue
[2024-07-02T11:58:09.378+0000] {logging_mixin.py:188} INFO - [2024-07-02T11:58:09.378+0000] {dagbag.py:545} INFO - Filling up the DagBag from /home/airflow/.local/lib/python3.12/site-packages/airflow/example_dags/example_trigger_target_dag.py
[2024-07-02T11:58:09.384+0000] {processor.py:840} INFO - DAG(s) 'example_trigger_target_dag' retrieved from /home/airflow/.local/lib/python3.12/site-packages/airflow/example_dags/example_trigger_target_dag.py
[2024-07-02T11:58:09.402+0000] {logging_mixin.py:188} INFO - [2024-07-02T11:58:09.402+0000] {dag.py:3096} INFO - Sync 1 DAGs
[2024-07-02T11:58:09.413+0000] {logging_mixin.py:188} INFO - [2024-07-02T11:58:09.412+0000] {dag.py:3954} INFO - Setting next_dagrun for example_trigger_target_dag to None, run_after=None
[2024-07-02T11:58:09.434+0000] {processor.py:183} INFO - Processing /home/airflow/.local/lib/python3.12/site-packages/airflow/example_dags/example_trigger_target_dag.py took 0.064 seconds
[2024-07-02T11:58:40.068+0000] {processor.py:161} INFO - Started process (PID=1353) to work on /home/airflow/.local/lib/python3.12/site-packages/airflow/example_dags/example_trigger_target_dag.py
[2024-07-02T11:58:40.069+0000] {processor.py:830} INFO - Processing file /home/airflow/.local/lib/python3.12/site-packages/airflow/example_dags/example_trigger_target_dag.py for tasks to queue
[2024-07-02T11:58:40.070+0000] {logging_mixin.py:188} INFO - [2024-07-02T11:58:40.070+0000] {dagbag.py:545} INFO - Filling up the DagBag from /home/airflow/.local/lib/python3.12/site-packages/airflow/example_dags/example_trigger_target_dag.py
[2024-07-02T11:58:40.076+0000] {processor.py:840} INFO - DAG(s) 'example_trigger_target_dag' retrieved from /home/airflow/.local/lib/python3.12/site-packages/airflow/example_dags/example_trigger_target_dag.py
[2024-07-02T11:58:40.096+0000] {logging_mixin.py:188} INFO - [2024-07-02T11:58:40.096+0000] {dag.py:3096} INFO - Sync 1 DAGs
[2024-07-02T11:58:40.106+0000] {logging_mixin.py:188} INFO - [2024-07-02T11:58:40.106+0000] {dag.py:3954} INFO - Setting next_dagrun for example_trigger_target_dag to None, run_after=None
[2024-07-02T11:58:40.126+0000] {processor.py:183} INFO - Processing /home/airflow/.local/lib/python3.12/site-packages/airflow/example_dags/example_trigger_target_dag.py took 0.064 seconds
[2024-07-02T11:59:10.899+0000] {processor.py:161} INFO - Started process (PID=1416) to work on /home/airflow/.local/lib/python3.12/site-packages/airflow/example_dags/example_trigger_target_dag.py
[2024-07-02T11:59:10.900+0000] {processor.py:830} INFO - Processing file /home/airflow/.local/lib/python3.12/site-packages/airflow/example_dags/example_trigger_target_dag.py for tasks to queue
[2024-07-02T11:59:10.901+0000] {logging_mixin.py:188} INFO - [2024-07-02T11:59:10.901+0000] {dagbag.py:545} INFO - Filling up the DagBag from /home/airflow/.local/lib/python3.12/site-packages/airflow/example_dags/example_trigger_target_dag.py
[2024-07-02T11:59:10.906+0000] {processor.py:840} INFO - DAG(s) 'example_trigger_target_dag' retrieved from /home/airflow/.local/lib/python3.12/site-packages/airflow/example_dags/example_trigger_target_dag.py
[2024-07-02T11:59:10.924+0000] {logging_mixin.py:188} INFO - [2024-07-02T11:59:10.924+0000] {dag.py:3096} INFO - Sync 1 DAGs
[2024-07-02T11:59:10.933+0000] {logging_mixin.py:188} INFO - [2024-07-02T11:59:10.933+0000] {dag.py:3954} INFO - Setting next_dagrun for example_trigger_target_dag to None, run_after=None
[2024-07-02T11:59:10.951+0000] {processor.py:183} INFO - Processing /home/airflow/.local/lib/python3.12/site-packages/airflow/example_dags/example_trigger_target_dag.py took 0.057 seconds
[2024-07-02T11:59:42.976+0000] {processor.py:161} INFO - Started process (PID=1479) to work on /home/airflow/.local/lib/python3.12/site-packages/airflow/example_dags/example_trigger_target_dag.py
[2024-07-02T11:59:42.977+0000] {processor.py:830} INFO - Processing file /home/airflow/.local/lib/python3.12/site-packages/airflow/example_dags/example_trigger_target_dag.py for tasks to queue
[2024-07-02T11:59:42.978+0000] {logging_mixin.py:188} INFO - [2024-07-02T11:59:42.978+0000] {dagbag.py:545} INFO - Filling up the DagBag from /home/airflow/.local/lib/python3.12/site-packages/airflow/example_dags/example_trigger_target_dag.py
[2024-07-02T11:59:42.983+0000] {processor.py:840} INFO - DAG(s) 'example_trigger_target_dag' retrieved from /home/airflow/.local/lib/python3.12/site-packages/airflow/example_dags/example_trigger_target_dag.py
[2024-07-02T11:59:43.003+0000] {logging_mixin.py:188} INFO - [2024-07-02T11:59:43.002+0000] {dag.py:3096} INFO - Sync 1 DAGs
[2024-07-02T11:59:43.016+0000] {logging_mixin.py:188} INFO - [2024-07-02T11:59:43.016+0000] {dag.py:3954} INFO - Setting next_dagrun for example_trigger_target_dag to None, run_after=None
[2024-07-02T11:59:43.153+0000] {processor.py:183} INFO - Processing /home/airflow/.local/lib/python3.12/site-packages/airflow/example_dags/example_trigger_target_dag.py took 0.184 seconds
[2024-07-02T12:00:13.478+0000] {processor.py:161} INFO - Started process (PID=1542) to work on /home/airflow/.local/lib/python3.12/site-packages/airflow/example_dags/example_trigger_target_dag.py
[2024-07-02T12:00:13.479+0000] {processor.py:830} INFO - Processing file /home/airflow/.local/lib/python3.12/site-packages/airflow/example_dags/example_trigger_target_dag.py for tasks to queue
[2024-07-02T12:00:13.481+0000] {logging_mixin.py:188} INFO - [2024-07-02T12:00:13.480+0000] {dagbag.py:545} INFO - Filling up the DagBag from /home/airflow/.local/lib/python3.12/site-packages/airflow/example_dags/example_trigger_target_dag.py
[2024-07-02T12:00:13.486+0000] {processor.py:840} INFO - DAG(s) 'example_trigger_target_dag' retrieved from /home/airflow/.local/lib/python3.12/site-packages/airflow/example_dags/example_trigger_target_dag.py
[2024-07-02T12:00:13.506+0000] {logging_mixin.py:188} INFO - [2024-07-02T12:00:13.506+0000] {dag.py:3096} INFO - Sync 1 DAGs
[2024-07-02T12:00:13.516+0000] {logging_mixin.py:188} INFO - [2024-07-02T12:00:13.516+0000] {dag.py:3954} INFO - Setting next_dagrun for example_trigger_target_dag to None, run_after=None
[2024-07-02T12:00:13.537+0000] {processor.py:183} INFO - Processing /home/airflow/.local/lib/python3.12/site-packages/airflow/example_dags/example_trigger_target_dag.py took 0.065 seconds
[2024-07-02T12:00:44.226+0000] {processor.py:161} INFO - Started process (PID=1605) to work on /home/airflow/.local/lib/python3.12/site-packages/airflow/example_dags/example_trigger_target_dag.py
[2024-07-02T12:00:44.227+0000] {processor.py:830} INFO - Processing file /home/airflow/.local/lib/python3.12/site-packages/airflow/example_dags/example_trigger_target_dag.py for tasks to queue
[2024-07-02T12:00:44.229+0000] {logging_mixin.py:188} INFO - [2024-07-02T12:00:44.228+0000] {dagbag.py:545} INFO - Filling up the DagBag from /home/airflow/.local/lib/python3.12/site-packages/airflow/example_dags/example_trigger_target_dag.py
[2024-07-02T12:00:44.234+0000] {processor.py:840} INFO - DAG(s) 'example_trigger_target_dag' retrieved from /home/airflow/.local/lib/python3.12/site-packages/airflow/example_dags/example_trigger_target_dag.py
[2024-07-02T12:00:44.251+0000] {logging_mixin.py:188} INFO - [2024-07-02T12:00:44.251+0000] {dag.py:3096} INFO - Sync 1 DAGs
[2024-07-02T12:00:44.261+0000] {logging_mixin.py:188} INFO - [2024-07-02T12:00:44.261+0000] {dag.py:3954} INFO - Setting next_dagrun for example_trigger_target_dag to None, run_after=None
[2024-07-02T12:00:44.280+0000] {processor.py:183} INFO - Processing /home/airflow/.local/lib/python3.12/site-packages/airflow/example_dags/example_trigger_target_dag.py took 0.060 seconds
[2024-07-02T12:01:14.586+0000] {processor.py:161} INFO - Started process (PID=1668) to work on /home/airflow/.local/lib/python3.12/site-packages/airflow/example_dags/example_trigger_target_dag.py
[2024-07-02T12:01:14.588+0000] {processor.py:830} INFO - Processing file /home/airflow/.local/lib/python3.12/site-packages/airflow/example_dags/example_trigger_target_dag.py for tasks to queue
[2024-07-02T12:01:14.589+0000] {logging_mixin.py:188} INFO - [2024-07-02T12:01:14.589+0000] {dagbag.py:545} INFO - Filling up the DagBag from /home/airflow/.local/lib/python3.12/site-packages/airflow/example_dags/example_trigger_target_dag.py
[2024-07-02T12:01:14.594+0000] {processor.py:840} INFO - DAG(s) 'example_trigger_target_dag' retrieved from /home/airflow/.local/lib/python3.12/site-packages/airflow/example_dags/example_trigger_target_dag.py
[2024-07-02T12:01:14.615+0000] {logging_mixin.py:188} INFO - [2024-07-02T12:01:14.614+0000] {dag.py:3096} INFO - Sync 1 DAGs
[2024-07-02T12:01:14.625+0000] {logging_mixin.py:188} INFO - [2024-07-02T12:01:14.625+0000] {dag.py:3954} INFO - Setting next_dagrun for example_trigger_target_dag to None, run_after=None
[2024-07-02T12:01:14.643+0000] {processor.py:183} INFO - Processing /home/airflow/.local/lib/python3.12/site-packages/airflow/example_dags/example_trigger_target_dag.py took 0.063 seconds
[2024-07-02T12:01:46.714+0000] {processor.py:161} INFO - Started process (PID=1731) to work on /home/airflow/.local/lib/python3.12/site-packages/airflow/example_dags/example_trigger_target_dag.py
[2024-07-02T12:01:46.715+0000] {processor.py:830} INFO - Processing file /home/airflow/.local/lib/python3.12/site-packages/airflow/example_dags/example_trigger_target_dag.py for tasks to queue
[2024-07-02T12:01:46.716+0000] {logging_mixin.py:188} INFO - [2024-07-02T12:01:46.716+0000] {dagbag.py:545} INFO - Filling up the DagBag from /home/airflow/.local/lib/python3.12/site-packages/airflow/example_dags/example_trigger_target_dag.py
[2024-07-02T12:01:46.721+0000] {processor.py:840} INFO - DAG(s) 'example_trigger_target_dag' retrieved from /home/airflow/.local/lib/python3.12/site-packages/airflow/example_dags/example_trigger_target_dag.py
[2024-07-02T12:01:46.738+0000] {logging_mixin.py:188} INFO - [2024-07-02T12:01:46.737+0000] {dag.py:3096} INFO - Sync 1 DAGs
[2024-07-02T12:01:46.748+0000] {logging_mixin.py:188} INFO - [2024-07-02T12:01:46.748+0000] {dag.py:3954} INFO - Setting next_dagrun for example_trigger_target_dag to None, run_after=None
[2024-07-02T12:01:46.769+0000] {processor.py:183} INFO - Processing /home/airflow/.local/lib/python3.12/site-packages/airflow/example_dags/example_trigger_target_dag.py took 0.062 seconds
[2024-07-02T12:02:17.279+0000] {processor.py:161} INFO - Started process (PID=1794) to work on /home/airflow/.local/lib/python3.12/site-packages/airflow/example_dags/example_trigger_target_dag.py
[2024-07-02T12:02:17.280+0000] {processor.py:830} INFO - Processing file /home/airflow/.local/lib/python3.12/site-packages/airflow/example_dags/example_trigger_target_dag.py for tasks to queue
[2024-07-02T12:02:17.281+0000] {logging_mixin.py:188} INFO - [2024-07-02T12:02:17.281+0000] {dagbag.py:545} INFO - Filling up the DagBag from /home/airflow/.local/lib/python3.12/site-packages/airflow/example_dags/example_trigger_target_dag.py
[2024-07-02T12:02:17.287+0000] {processor.py:840} INFO - DAG(s) 'example_trigger_target_dag' retrieved from /home/airflow/.local/lib/python3.12/site-packages/airflow/example_dags/example_trigger_target_dag.py
[2024-07-02T12:02:17.307+0000] {logging_mixin.py:188} INFO - [2024-07-02T12:02:17.306+0000] {dag.py:3096} INFO - Sync 1 DAGs
[2024-07-02T12:02:17.317+0000] {logging_mixin.py:188} INFO - [2024-07-02T12:02:17.317+0000] {dag.py:3954} INFO - Setting next_dagrun for example_trigger_target_dag to None, run_after=None
[2024-07-02T12:02:17.337+0000] {processor.py:183} INFO - Processing /home/airflow/.local/lib/python3.12/site-packages/airflow/example_dags/example_trigger_target_dag.py took 0.067 seconds
[2024-07-02T12:02:47.569+0000] {processor.py:161} INFO - Started process (PID=1857) to work on /home/airflow/.local/lib/python3.12/site-packages/airflow/example_dags/example_trigger_target_dag.py
[2024-07-02T12:02:47.570+0000] {processor.py:830} INFO - Processing file /home/airflow/.local/lib/python3.12/site-packages/airflow/example_dags/example_trigger_target_dag.py for tasks to queue
[2024-07-02T12:02:47.572+0000] {logging_mixin.py:188} INFO - [2024-07-02T12:02:47.572+0000] {dagbag.py:545} INFO - Filling up the DagBag from /home/airflow/.local/lib/python3.12/site-packages/airflow/example_dags/example_trigger_target_dag.py
[2024-07-02T12:02:47.577+0000] {processor.py:840} INFO - DAG(s) 'example_trigger_target_dag' retrieved from /home/airflow/.local/lib/python3.12/site-packages/airflow/example_dags/example_trigger_target_dag.py
[2024-07-02T12:02:47.594+0000] {logging_mixin.py:188} INFO - [2024-07-02T12:02:47.594+0000] {dag.py:3096} INFO - Sync 1 DAGs
[2024-07-02T12:02:47.605+0000] {logging_mixin.py:188} INFO - [2024-07-02T12:02:47.605+0000] {dag.py:3954} INFO - Setting next_dagrun for example_trigger_target_dag to None, run_after=None
[2024-07-02T12:02:47.625+0000] {processor.py:183} INFO - Processing /home/airflow/.local/lib/python3.12/site-packages/airflow/example_dags/example_trigger_target_dag.py took 0.065 seconds
[2024-07-02T12:03:18.375+0000] {processor.py:161} INFO - Started process (PID=1920) to work on /home/airflow/.local/lib/python3.12/site-packages/airflow/example_dags/example_trigger_target_dag.py
[2024-07-02T12:03:18.376+0000] {processor.py:830} INFO - Processing file /home/airflow/.local/lib/python3.12/site-packages/airflow/example_dags/example_trigger_target_dag.py for tasks to queue
[2024-07-02T12:03:18.378+0000] {logging_mixin.py:188} INFO - [2024-07-02T12:03:18.377+0000] {dagbag.py:545} INFO - Filling up the DagBag from /home/airflow/.local/lib/python3.12/site-packages/airflow/example_dags/example_trigger_target_dag.py
[2024-07-02T12:03:18.384+0000] {processor.py:840} INFO - DAG(s) 'example_trigger_target_dag' retrieved from /home/airflow/.local/lib/python3.12/site-packages/airflow/example_dags/example_trigger_target_dag.py
[2024-07-02T12:03:18.402+0000] {logging_mixin.py:188} INFO - [2024-07-02T12:03:18.402+0000] {dag.py:3096} INFO - Sync 1 DAGs
[2024-07-02T12:03:18.414+0000] {logging_mixin.py:188} INFO - [2024-07-02T12:03:18.413+0000] {dag.py:3954} INFO - Setting next_dagrun for example_trigger_target_dag to None, run_after=None
[2024-07-02T12:03:18.431+0000] {processor.py:183} INFO - Processing /home/airflow/.local/lib/python3.12/site-packages/airflow/example_dags/example_trigger_target_dag.py took 0.064 seconds
[2024-07-02T12:03:49.294+0000] {processor.py:161} INFO - Started process (PID=1983) to work on /home/airflow/.local/lib/python3.12/site-packages/airflow/example_dags/example_trigger_target_dag.py
[2024-07-02T12:03:49.295+0000] {processor.py:830} INFO - Processing file /home/airflow/.local/lib/python3.12/site-packages/airflow/example_dags/example_trigger_target_dag.py for tasks to queue
[2024-07-02T12:03:49.297+0000] {logging_mixin.py:188} INFO - [2024-07-02T12:03:49.296+0000] {dagbag.py:545} INFO - Filling up the DagBag from /home/airflow/.local/lib/python3.12/site-packages/airflow/example_dags/example_trigger_target_dag.py
[2024-07-02T12:03:49.303+0000] {processor.py:840} INFO - DAG(s) 'example_trigger_target_dag' retrieved from /home/airflow/.local/lib/python3.12/site-packages/airflow/example_dags/example_trigger_target_dag.py
[2024-07-02T12:03:49.322+0000] {logging_mixin.py:188} INFO - [2024-07-02T12:03:49.322+0000] {dag.py:3096} INFO - Sync 1 DAGs
[2024-07-02T12:03:49.333+0000] {logging_mixin.py:188} INFO - [2024-07-02T12:03:49.332+0000] {dag.py:3954} INFO - Setting next_dagrun for example_trigger_target_dag to None, run_after=None
[2024-07-02T12:03:49.351+0000] {processor.py:183} INFO - Processing /home/airflow/.local/lib/python3.12/site-packages/airflow/example_dags/example_trigger_target_dag.py took 0.065 seconds
[2024-07-02T12:04:19.710+0000] {processor.py:161} INFO - Started process (PID=2046) to work on /home/airflow/.local/lib/python3.12/site-packages/airflow/example_dags/example_trigger_target_dag.py
[2024-07-02T12:04:19.711+0000] {processor.py:830} INFO - Processing file /home/airflow/.local/lib/python3.12/site-packages/airflow/example_dags/example_trigger_target_dag.py for tasks to queue
[2024-07-02T12:04:19.712+0000] {logging_mixin.py:188} INFO - [2024-07-02T12:04:19.712+0000] {dagbag.py:545} INFO - Filling up the DagBag from /home/airflow/.local/lib/python3.12/site-packages/airflow/example_dags/example_trigger_target_dag.py
[2024-07-02T12:04:19.718+0000] {processor.py:840} INFO - DAG(s) 'example_trigger_target_dag' retrieved from /home/airflow/.local/lib/python3.12/site-packages/airflow/example_dags/example_trigger_target_dag.py
[2024-07-02T12:04:19.740+0000] {logging_mixin.py:188} INFO - [2024-07-02T12:04:19.739+0000] {dag.py:3096} INFO - Sync 1 DAGs
[2024-07-02T12:04:19.751+0000] {logging_mixin.py:188} INFO - [2024-07-02T12:04:19.750+0000] {dag.py:3954} INFO - Setting next_dagrun for example_trigger_target_dag to None, run_after=None
[2024-07-02T12:04:19.771+0000] {processor.py:183} INFO - Processing /home/airflow/.local/lib/python3.12/site-packages/airflow/example_dags/example_trigger_target_dag.py took 0.071 seconds
[2024-07-02T12:04:50.480+0000] {processor.py:161} INFO - Started process (PID=2108) to work on /home/airflow/.local/lib/python3.12/site-packages/airflow/example_dags/example_trigger_target_dag.py
[2024-07-02T12:04:50.481+0000] {processor.py:830} INFO - Processing file /home/airflow/.local/lib/python3.12/site-packages/airflow/example_dags/example_trigger_target_dag.py for tasks to queue
[2024-07-02T12:04:50.481+0000] {logging_mixin.py:188} INFO - [2024-07-02T12:04:50.481+0000] {dagbag.py:545} INFO - Filling up the DagBag from /home/airflow/.local/lib/python3.12/site-packages/airflow/example_dags/example_trigger_target_dag.py
[2024-07-02T12:04:50.487+0000] {processor.py:840} INFO - DAG(s) 'example_trigger_target_dag' retrieved from /home/airflow/.local/lib/python3.12/site-packages/airflow/example_dags/example_trigger_target_dag.py
[2024-07-02T12:04:50.506+0000] {logging_mixin.py:188} INFO - [2024-07-02T12:04:50.506+0000] {dag.py:3096} INFO - Sync 1 DAGs
[2024-07-02T12:04:50.518+0000] {logging_mixin.py:188} INFO - [2024-07-02T12:04:50.518+0000] {dag.py:3954} INFO - Setting next_dagrun for example_trigger_target_dag to None, run_after=None
[2024-07-02T12:04:50.542+0000] {processor.py:183} INFO - Processing /home/airflow/.local/lib/python3.12/site-packages/airflow/example_dags/example_trigger_target_dag.py took 0.070 seconds
[2024-07-02T12:05:21.063+0000] {processor.py:161} INFO - Started process (PID=2171) to work on /home/airflow/.local/lib/python3.12/site-packages/airflow/example_dags/example_trigger_target_dag.py
[2024-07-02T12:05:21.064+0000] {processor.py:830} INFO - Processing file /home/airflow/.local/lib/python3.12/site-packages/airflow/example_dags/example_trigger_target_dag.py for tasks to queue
[2024-07-02T12:05:21.065+0000] {logging_mixin.py:188} INFO - [2024-07-02T12:05:21.065+0000] {dagbag.py:545} INFO - Filling up the DagBag from /home/airflow/.local/lib/python3.12/site-packages/airflow/example_dags/example_trigger_target_dag.py
[2024-07-02T12:05:21.070+0000] {processor.py:840} INFO - DAG(s) 'example_trigger_target_dag' retrieved from /home/airflow/.local/lib/python3.12/site-packages/airflow/example_dags/example_trigger_target_dag.py
[2024-07-02T12:05:21.087+0000] {logging_mixin.py:188} INFO - [2024-07-02T12:05:21.087+0000] {dag.py:3096} INFO - Sync 1 DAGs
[2024-07-02T12:05:21.098+0000] {logging_mixin.py:188} INFO - [2024-07-02T12:05:21.098+0000] {dag.py:3954} INFO - Setting next_dagrun for example_trigger_target_dag to None, run_after=None
[2024-07-02T12:05:21.119+0000] {processor.py:183} INFO - Processing /home/airflow/.local/lib/python3.12/site-packages/airflow/example_dags/example_trigger_target_dag.py took 0.066 seconds
[2024-07-02T12:07:44.499+0000] {processor.py:161} INFO - Started process (PID=79) to work on /home/airflow/.local/lib/python3.12/site-packages/airflow/example_dags/example_trigger_target_dag.py
[2024-07-02T12:07:44.502+0000] {processor.py:830} INFO - Processing file /home/airflow/.local/lib/python3.12/site-packages/airflow/example_dags/example_trigger_target_dag.py for tasks to queue
[2024-07-02T12:07:44.503+0000] {logging_mixin.py:188} INFO - [2024-07-02T12:07:44.503+0000] {dagbag.py:545} INFO - Filling up the DagBag from /home/airflow/.local/lib/python3.12/site-packages/airflow/example_dags/example_trigger_target_dag.py
[2024-07-02T12:07:44.509+0000] {processor.py:840} INFO - DAG(s) 'example_trigger_target_dag' retrieved from /home/airflow/.local/lib/python3.12/site-packages/airflow/example_dags/example_trigger_target_dag.py
[2024-07-02T12:07:44.521+0000] {logging_mixin.py:188} INFO - [2024-07-02T12:07:44.521+0000] {dag.py:3096} INFO - Sync 1 DAGs
[2024-07-02T12:07:44.535+0000] {logging_mixin.py:188} INFO - [2024-07-02T12:07:44.535+0000] {dag.py:3954} INFO - Setting next_dagrun for example_trigger_target_dag to None, run_after=None
[2024-07-02T12:07:44.558+0000] {processor.py:183} INFO - Processing /home/airflow/.local/lib/python3.12/site-packages/airflow/example_dags/example_trigger_target_dag.py took 0.065 seconds
[2024-07-02T12:08:16.296+0000] {processor.py:161} INFO - Started process (PID=142) to work on /home/airflow/.local/lib/python3.12/site-packages/airflow/example_dags/example_trigger_target_dag.py
[2024-07-02T12:08:16.297+0000] {processor.py:830} INFO - Processing file /home/airflow/.local/lib/python3.12/site-packages/airflow/example_dags/example_trigger_target_dag.py for tasks to queue
[2024-07-02T12:08:16.299+0000] {logging_mixin.py:188} INFO - [2024-07-02T12:08:16.298+0000] {dagbag.py:545} INFO - Filling up the DagBag from /home/airflow/.local/lib/python3.12/site-packages/airflow/example_dags/example_trigger_target_dag.py
[2024-07-02T12:08:16.304+0000] {processor.py:840} INFO - DAG(s) 'example_trigger_target_dag' retrieved from /home/airflow/.local/lib/python3.12/site-packages/airflow/example_dags/example_trigger_target_dag.py
[2024-07-02T12:08:16.384+0000] {logging_mixin.py:188} INFO - [2024-07-02T12:08:16.384+0000] {dag.py:3096} INFO - Sync 1 DAGs
[2024-07-02T12:08:16.393+0000] {logging_mixin.py:188} INFO - [2024-07-02T12:08:16.393+0000] {dag.py:3954} INFO - Setting next_dagrun for example_trigger_target_dag to None, run_after=None
[2024-07-02T12:08:16.413+0000] {processor.py:183} INFO - Processing /home/airflow/.local/lib/python3.12/site-packages/airflow/example_dags/example_trigger_target_dag.py took 0.122 seconds
[2024-07-02T12:08:46.601+0000] {processor.py:161} INFO - Started process (PID=205) to work on /home/airflow/.local/lib/python3.12/site-packages/airflow/example_dags/example_trigger_target_dag.py
[2024-07-02T12:08:46.602+0000] {processor.py:830} INFO - Processing file /home/airflow/.local/lib/python3.12/site-packages/airflow/example_dags/example_trigger_target_dag.py for tasks to queue
[2024-07-02T12:08:46.604+0000] {logging_mixin.py:188} INFO - [2024-07-02T12:08:46.604+0000] {dagbag.py:545} INFO - Filling up the DagBag from /home/airflow/.local/lib/python3.12/site-packages/airflow/example_dags/example_trigger_target_dag.py
[2024-07-02T12:08:46.609+0000] {processor.py:840} INFO - DAG(s) 'example_trigger_target_dag' retrieved from /home/airflow/.local/lib/python3.12/site-packages/airflow/example_dags/example_trigger_target_dag.py
[2024-07-02T12:08:46.623+0000] {logging_mixin.py:188} INFO - [2024-07-02T12:08:46.623+0000] {dag.py:3096} INFO - Sync 1 DAGs
[2024-07-02T12:08:46.633+0000] {logging_mixin.py:188} INFO - [2024-07-02T12:08:46.632+0000] {dag.py:3954} INFO - Setting next_dagrun for example_trigger_target_dag to None, run_after=None
[2024-07-02T12:08:46.649+0000] {processor.py:183} INFO - Processing /home/airflow/.local/lib/python3.12/site-packages/airflow/example_dags/example_trigger_target_dag.py took 0.053 seconds
[2024-07-02T12:09:17.477+0000] {processor.py:161} INFO - Started process (PID=268) to work on /home/airflow/.local/lib/python3.12/site-packages/airflow/example_dags/example_trigger_target_dag.py
[2024-07-02T12:09:17.479+0000] {processor.py:830} INFO - Processing file /home/airflow/.local/lib/python3.12/site-packages/airflow/example_dags/example_trigger_target_dag.py for tasks to queue
[2024-07-02T12:09:17.482+0000] {logging_mixin.py:188} INFO - [2024-07-02T12:09:17.482+0000] {dagbag.py:545} INFO - Filling up the DagBag from /home/airflow/.local/lib/python3.12/site-packages/airflow/example_dags/example_trigger_target_dag.py
[2024-07-02T12:09:17.488+0000] {processor.py:840} INFO - DAG(s) 'example_trigger_target_dag' retrieved from /home/airflow/.local/lib/python3.12/site-packages/airflow/example_dags/example_trigger_target_dag.py
[2024-07-02T12:09:17.499+0000] {logging_mixin.py:188} INFO - [2024-07-02T12:09:17.498+0000] {dag.py:3096} INFO - Sync 1 DAGs
[2024-07-02T12:09:17.511+0000] {logging_mixin.py:188} INFO - [2024-07-02T12:09:17.511+0000] {dag.py:3954} INFO - Setting next_dagrun for example_trigger_target_dag to None, run_after=None
[2024-07-02T12:09:17.534+0000] {processor.py:183} INFO - Processing /home/airflow/.local/lib/python3.12/site-packages/airflow/example_dags/example_trigger_target_dag.py took 0.063 seconds
[2024-07-02T12:09:49.878+0000] {processor.py:161} INFO - Started process (PID=331) to work on /home/airflow/.local/lib/python3.12/site-packages/airflow/example_dags/example_trigger_target_dag.py
[2024-07-02T12:09:49.879+0000] {processor.py:830} INFO - Processing file /home/airflow/.local/lib/python3.12/site-packages/airflow/example_dags/example_trigger_target_dag.py for tasks to queue
[2024-07-02T12:09:49.881+0000] {logging_mixin.py:188} INFO - [2024-07-02T12:09:49.881+0000] {dagbag.py:545} INFO - Filling up the DagBag from /home/airflow/.local/lib/python3.12/site-packages/airflow/example_dags/example_trigger_target_dag.py
[2024-07-02T12:09:49.886+0000] {processor.py:840} INFO - DAG(s) 'example_trigger_target_dag' retrieved from /home/airflow/.local/lib/python3.12/site-packages/airflow/example_dags/example_trigger_target_dag.py
[2024-07-02T12:09:49.970+0000] {logging_mixin.py:188} INFO - [2024-07-02T12:09:49.970+0000] {dag.py:3096} INFO - Sync 1 DAGs
[2024-07-02T12:09:49.979+0000] {logging_mixin.py:188} INFO - [2024-07-02T12:09:49.979+0000] {dag.py:3954} INFO - Setting next_dagrun for example_trigger_target_dag to None, run_after=None
[2024-07-02T12:09:50.002+0000] {processor.py:183} INFO - Processing /home/airflow/.local/lib/python3.12/site-packages/airflow/example_dags/example_trigger_target_dag.py took 0.130 seconds
[2024-07-02T12:10:20.473+0000] {processor.py:161} INFO - Started process (PID=394) to work on /home/airflow/.local/lib/python3.12/site-packages/airflow/example_dags/example_trigger_target_dag.py
[2024-07-02T12:10:20.475+0000] {processor.py:830} INFO - Processing file /home/airflow/.local/lib/python3.12/site-packages/airflow/example_dags/example_trigger_target_dag.py for tasks to queue
[2024-07-02T12:10:20.477+0000] {logging_mixin.py:188} INFO - [2024-07-02T12:10:20.476+0000] {dagbag.py:545} INFO - Filling up the DagBag from /home/airflow/.local/lib/python3.12/site-packages/airflow/example_dags/example_trigger_target_dag.py
[2024-07-02T12:10:20.482+0000] {processor.py:840} INFO - DAG(s) 'example_trigger_target_dag' retrieved from /home/airflow/.local/lib/python3.12/site-packages/airflow/example_dags/example_trigger_target_dag.py
[2024-07-02T12:10:20.501+0000] {logging_mixin.py:188} INFO - [2024-07-02T12:10:20.501+0000] {dag.py:3096} INFO - Sync 1 DAGs
[2024-07-02T12:10:20.513+0000] {logging_mixin.py:188} INFO - [2024-07-02T12:10:20.513+0000] {dag.py:3954} INFO - Setting next_dagrun for example_trigger_target_dag to None, run_after=None
[2024-07-02T12:10:20.533+0000] {processor.py:183} INFO - Processing /home/airflow/.local/lib/python3.12/site-packages/airflow/example_dags/example_trigger_target_dag.py took 0.066 seconds
[2024-07-02T12:10:51.046+0000] {processor.py:161} INFO - Started process (PID=457) to work on /home/airflow/.local/lib/python3.12/site-packages/airflow/example_dags/example_trigger_target_dag.py
[2024-07-02T12:10:51.047+0000] {processor.py:830} INFO - Processing file /home/airflow/.local/lib/python3.12/site-packages/airflow/example_dags/example_trigger_target_dag.py for tasks to queue
[2024-07-02T12:10:51.049+0000] {logging_mixin.py:188} INFO - [2024-07-02T12:10:51.048+0000] {dagbag.py:545} INFO - Filling up the DagBag from /home/airflow/.local/lib/python3.12/site-packages/airflow/example_dags/example_trigger_target_dag.py
[2024-07-02T12:10:51.054+0000] {processor.py:840} INFO - DAG(s) 'example_trigger_target_dag' retrieved from /home/airflow/.local/lib/python3.12/site-packages/airflow/example_dags/example_trigger_target_dag.py
[2024-07-02T12:10:51.072+0000] {logging_mixin.py:188} INFO - [2024-07-02T12:10:51.072+0000] {dag.py:3096} INFO - Sync 1 DAGs
[2024-07-02T12:10:51.084+0000] {logging_mixin.py:188} INFO - [2024-07-02T12:10:51.083+0000] {dag.py:3954} INFO - Setting next_dagrun for example_trigger_target_dag to None, run_after=None
[2024-07-02T12:10:51.102+0000] {processor.py:183} INFO - Processing /home/airflow/.local/lib/python3.12/site-packages/airflow/example_dags/example_trigger_target_dag.py took 0.063 seconds
[2024-07-02T12:11:21.713+0000] {processor.py:161} INFO - Started process (PID=521) to work on /home/airflow/.local/lib/python3.12/site-packages/airflow/example_dags/example_trigger_target_dag.py
[2024-07-02T12:11:21.715+0000] {processor.py:830} INFO - Processing file /home/airflow/.local/lib/python3.12/site-packages/airflow/example_dags/example_trigger_target_dag.py for tasks to queue
[2024-07-02T12:11:21.717+0000] {logging_mixin.py:188} INFO - [2024-07-02T12:11:21.716+0000] {dagbag.py:545} INFO - Filling up the DagBag from /home/airflow/.local/lib/python3.12/site-packages/airflow/example_dags/example_trigger_target_dag.py
[2024-07-02T12:11:21.723+0000] {processor.py:840} INFO - DAG(s) 'example_trigger_target_dag' retrieved from /home/airflow/.local/lib/python3.12/site-packages/airflow/example_dags/example_trigger_target_dag.py
[2024-07-02T12:11:21.743+0000] {logging_mixin.py:188} INFO - [2024-07-02T12:11:21.742+0000] {dag.py:3096} INFO - Sync 1 DAGs
[2024-07-02T12:11:21.758+0000] {logging_mixin.py:188} INFO - [2024-07-02T12:11:21.757+0000] {dag.py:3954} INFO - Setting next_dagrun for example_trigger_target_dag to None, run_after=None
[2024-07-02T12:11:21.782+0000] {processor.py:183} INFO - Processing /home/airflow/.local/lib/python3.12/site-packages/airflow/example_dags/example_trigger_target_dag.py took 0.075 seconds
[2024-07-02T12:11:51.978+0000] {processor.py:161} INFO - Started process (PID=584) to work on /home/airflow/.local/lib/python3.12/site-packages/airflow/example_dags/example_trigger_target_dag.py
[2024-07-02T12:11:51.980+0000] {processor.py:830} INFO - Processing file /home/airflow/.local/lib/python3.12/site-packages/airflow/example_dags/example_trigger_target_dag.py for tasks to queue
[2024-07-02T12:11:51.981+0000] {logging_mixin.py:188} INFO - [2024-07-02T12:11:51.981+0000] {dagbag.py:545} INFO - Filling up the DagBag from /home/airflow/.local/lib/python3.12/site-packages/airflow/example_dags/example_trigger_target_dag.py
[2024-07-02T12:11:51.987+0000] {processor.py:840} INFO - DAG(s) 'example_trigger_target_dag' retrieved from /home/airflow/.local/lib/python3.12/site-packages/airflow/example_dags/example_trigger_target_dag.py
[2024-07-02T12:11:52.011+0000] {logging_mixin.py:188} INFO - [2024-07-02T12:11:52.011+0000] {dag.py:3096} INFO - Sync 1 DAGs
[2024-07-02T12:11:52.025+0000] {logging_mixin.py:188} INFO - [2024-07-02T12:11:52.025+0000] {dag.py:3954} INFO - Setting next_dagrun for example_trigger_target_dag to None, run_after=None
[2024-07-02T12:11:52.050+0000] {processor.py:183} INFO - Processing /home/airflow/.local/lib/python3.12/site-packages/airflow/example_dags/example_trigger_target_dag.py took 0.078 seconds
[2024-07-02T12:12:22.886+0000] {processor.py:161} INFO - Started process (PID=647) to work on /home/airflow/.local/lib/python3.12/site-packages/airflow/example_dags/example_trigger_target_dag.py
[2024-07-02T12:12:22.887+0000] {processor.py:830} INFO - Processing file /home/airflow/.local/lib/python3.12/site-packages/airflow/example_dags/example_trigger_target_dag.py for tasks to queue
[2024-07-02T12:12:22.889+0000] {logging_mixin.py:188} INFO - [2024-07-02T12:12:22.889+0000] {dagbag.py:545} INFO - Filling up the DagBag from /home/airflow/.local/lib/python3.12/site-packages/airflow/example_dags/example_trigger_target_dag.py
[2024-07-02T12:12:22.894+0000] {processor.py:840} INFO - DAG(s) 'example_trigger_target_dag' retrieved from /home/airflow/.local/lib/python3.12/site-packages/airflow/example_dags/example_trigger_target_dag.py
[2024-07-02T12:12:22.911+0000] {logging_mixin.py:188} INFO - [2024-07-02T12:12:22.911+0000] {dag.py:3096} INFO - Sync 1 DAGs
[2024-07-02T12:12:22.921+0000] {logging_mixin.py:188} INFO - [2024-07-02T12:12:22.921+0000] {dag.py:3954} INFO - Setting next_dagrun for example_trigger_target_dag to None, run_after=None
[2024-07-02T12:12:22.944+0000] {processor.py:183} INFO - Processing /home/airflow/.local/lib/python3.12/site-packages/airflow/example_dags/example_trigger_target_dag.py took 0.063 seconds
[2024-07-02T12:12:54.402+0000] {processor.py:161} INFO - Started process (PID=710) to work on /home/airflow/.local/lib/python3.12/site-packages/airflow/example_dags/example_trigger_target_dag.py
[2024-07-02T12:12:54.403+0000] {processor.py:830} INFO - Processing file /home/airflow/.local/lib/python3.12/site-packages/airflow/example_dags/example_trigger_target_dag.py for tasks to queue
[2024-07-02T12:12:54.405+0000] {logging_mixin.py:188} INFO - [2024-07-02T12:12:54.405+0000] {dagbag.py:545} INFO - Filling up the DagBag from /home/airflow/.local/lib/python3.12/site-packages/airflow/example_dags/example_trigger_target_dag.py
[2024-07-02T12:12:54.411+0000] {processor.py:840} INFO - DAG(s) 'example_trigger_target_dag' retrieved from /home/airflow/.local/lib/python3.12/site-packages/airflow/example_dags/example_trigger_target_dag.py
[2024-07-02T12:12:54.430+0000] {logging_mixin.py:188} INFO - [2024-07-02T12:12:54.429+0000] {dag.py:3096} INFO - Sync 1 DAGs
[2024-07-02T12:12:54.441+0000] {logging_mixin.py:188} INFO - [2024-07-02T12:12:54.440+0000] {dag.py:3954} INFO - Setting next_dagrun for example_trigger_target_dag to None, run_after=None
[2024-07-02T12:12:54.460+0000] {processor.py:183} INFO - Processing /home/airflow/.local/lib/python3.12/site-packages/airflow/example_dags/example_trigger_target_dag.py took 0.063 seconds
[2024-07-02T12:13:25.868+0000] {processor.py:161} INFO - Started process (PID=773) to work on /home/airflow/.local/lib/python3.12/site-packages/airflow/example_dags/example_trigger_target_dag.py
[2024-07-02T12:13:25.869+0000] {processor.py:830} INFO - Processing file /home/airflow/.local/lib/python3.12/site-packages/airflow/example_dags/example_trigger_target_dag.py for tasks to queue
[2024-07-02T12:13:25.871+0000] {logging_mixin.py:188} INFO - [2024-07-02T12:13:25.871+0000] {dagbag.py:545} INFO - Filling up the DagBag from /home/airflow/.local/lib/python3.12/site-packages/airflow/example_dags/example_trigger_target_dag.py
[2024-07-02T12:13:25.878+0000] {processor.py:840} INFO - DAG(s) 'example_trigger_target_dag' retrieved from /home/airflow/.local/lib/python3.12/site-packages/airflow/example_dags/example_trigger_target_dag.py
[2024-07-02T12:13:25.897+0000] {logging_mixin.py:188} INFO - [2024-07-02T12:13:25.897+0000] {dag.py:3096} INFO - Sync 1 DAGs
[2024-07-02T12:13:25.909+0000] {logging_mixin.py:188} INFO - [2024-07-02T12:13:25.908+0000] {dag.py:3954} INFO - Setting next_dagrun for example_trigger_target_dag to None, run_after=None
[2024-07-02T12:13:25.931+0000] {processor.py:183} INFO - Processing /home/airflow/.local/lib/python3.12/site-packages/airflow/example_dags/example_trigger_target_dag.py took 0.070 seconds
[2024-07-02T12:13:56.187+0000] {processor.py:161} INFO - Started process (PID=836) to work on /home/airflow/.local/lib/python3.12/site-packages/airflow/example_dags/example_trigger_target_dag.py
[2024-07-02T12:13:56.188+0000] {processor.py:830} INFO - Processing file /home/airflow/.local/lib/python3.12/site-packages/airflow/example_dags/example_trigger_target_dag.py for tasks to queue
[2024-07-02T12:13:56.190+0000] {logging_mixin.py:188} INFO - [2024-07-02T12:13:56.190+0000] {dagbag.py:545} INFO - Filling up the DagBag from /home/airflow/.local/lib/python3.12/site-packages/airflow/example_dags/example_trigger_target_dag.py
[2024-07-02T12:13:56.195+0000] {processor.py:840} INFO - DAG(s) 'example_trigger_target_dag' retrieved from /home/airflow/.local/lib/python3.12/site-packages/airflow/example_dags/example_trigger_target_dag.py
[2024-07-02T12:13:56.214+0000] {logging_mixin.py:188} INFO - [2024-07-02T12:13:56.213+0000] {dag.py:3096} INFO - Sync 1 DAGs
[2024-07-02T12:13:56.225+0000] {logging_mixin.py:188} INFO - [2024-07-02T12:13:56.225+0000] {dag.py:3954} INFO - Setting next_dagrun for example_trigger_target_dag to None, run_after=None
[2024-07-02T12:13:56.248+0000] {processor.py:183} INFO - Processing /home/airflow/.local/lib/python3.12/site-packages/airflow/example_dags/example_trigger_target_dag.py took 0.068 seconds
[2024-07-02T12:14:26.905+0000] {processor.py:161} INFO - Started process (PID=899) to work on /home/airflow/.local/lib/python3.12/site-packages/airflow/example_dags/example_trigger_target_dag.py
[2024-07-02T12:14:26.906+0000] {processor.py:830} INFO - Processing file /home/airflow/.local/lib/python3.12/site-packages/airflow/example_dags/example_trigger_target_dag.py for tasks to queue
[2024-07-02T12:14:26.912+0000] {logging_mixin.py:188} INFO - [2024-07-02T12:14:26.911+0000] {dagbag.py:545} INFO - Filling up the DagBag from /home/airflow/.local/lib/python3.12/site-packages/airflow/example_dags/example_trigger_target_dag.py
[2024-07-02T12:14:26.918+0000] {processor.py:840} INFO - DAG(s) 'example_trigger_target_dag' retrieved from /home/airflow/.local/lib/python3.12/site-packages/airflow/example_dags/example_trigger_target_dag.py
[2024-07-02T12:14:26.934+0000] {logging_mixin.py:188} INFO - [2024-07-02T12:14:26.934+0000] {dag.py:3096} INFO - Sync 1 DAGs
[2024-07-02T12:14:26.949+0000] {logging_mixin.py:188} INFO - [2024-07-02T12:14:26.948+0000] {dag.py:3954} INFO - Setting next_dagrun for example_trigger_target_dag to None, run_after=None
[2024-07-02T12:14:26.977+0000] {processor.py:183} INFO - Processing /home/airflow/.local/lib/python3.12/site-packages/airflow/example_dags/example_trigger_target_dag.py took 0.084 seconds
[2024-07-02T12:14:59.193+0000] {processor.py:161} INFO - Started process (PID=968) to work on /home/airflow/.local/lib/python3.12/site-packages/airflow/example_dags/example_trigger_target_dag.py
[2024-07-02T12:14:59.194+0000] {processor.py:830} INFO - Processing file /home/airflow/.local/lib/python3.12/site-packages/airflow/example_dags/example_trigger_target_dag.py for tasks to queue
[2024-07-02T12:14:59.196+0000] {logging_mixin.py:188} INFO - [2024-07-02T12:14:59.196+0000] {dagbag.py:545} INFO - Filling up the DagBag from /home/airflow/.local/lib/python3.12/site-packages/airflow/example_dags/example_trigger_target_dag.py
[2024-07-02T12:14:59.201+0000] {processor.py:840} INFO - DAG(s) 'example_trigger_target_dag' retrieved from /home/airflow/.local/lib/python3.12/site-packages/airflow/example_dags/example_trigger_target_dag.py
[2024-07-02T12:14:59.282+0000] {logging_mixin.py:188} INFO - [2024-07-02T12:14:59.282+0000] {dag.py:3096} INFO - Sync 1 DAGs
[2024-07-02T12:14:59.292+0000] {logging_mixin.py:188} INFO - [2024-07-02T12:14:59.291+0000] {dag.py:3954} INFO - Setting next_dagrun for example_trigger_target_dag to None, run_after=None
[2024-07-02T12:14:59.312+0000] {processor.py:183} INFO - Processing /home/airflow/.local/lib/python3.12/site-packages/airflow/example_dags/example_trigger_target_dag.py took 0.125 seconds
[2024-07-02T12:15:29.365+0000] {processor.py:161} INFO - Started process (PID=1031) to work on /home/airflow/.local/lib/python3.12/site-packages/airflow/example_dags/example_trigger_target_dag.py
[2024-07-02T12:15:29.366+0000] {processor.py:830} INFO - Processing file /home/airflow/.local/lib/python3.12/site-packages/airflow/example_dags/example_trigger_target_dag.py for tasks to queue
[2024-07-02T12:15:29.368+0000] {logging_mixin.py:188} INFO - [2024-07-02T12:15:29.368+0000] {dagbag.py:545} INFO - Filling up the DagBag from /home/airflow/.local/lib/python3.12/site-packages/airflow/example_dags/example_trigger_target_dag.py
[2024-07-02T12:15:29.373+0000] {processor.py:840} INFO - DAG(s) 'example_trigger_target_dag' retrieved from /home/airflow/.local/lib/python3.12/site-packages/airflow/example_dags/example_trigger_target_dag.py
[2024-07-02T12:15:29.392+0000] {logging_mixin.py:188} INFO - [2024-07-02T12:15:29.392+0000] {dag.py:3096} INFO - Sync 1 DAGs
[2024-07-02T12:15:29.403+0000] {logging_mixin.py:188} INFO - [2024-07-02T12:15:29.402+0000] {dag.py:3954} INFO - Setting next_dagrun for example_trigger_target_dag to None, run_after=None
[2024-07-02T12:15:29.423+0000] {processor.py:183} INFO - Processing /home/airflow/.local/lib/python3.12/site-packages/airflow/example_dags/example_trigger_target_dag.py took 0.065 seconds
[2024-07-02T12:18:54.227+0000] {processor.py:161} INFO - Started process (PID=82) to work on /home/airflow/.local/lib/python3.12/site-packages/airflow/example_dags/example_trigger_target_dag.py
[2024-07-02T12:18:54.230+0000] {processor.py:830} INFO - Processing file /home/airflow/.local/lib/python3.12/site-packages/airflow/example_dags/example_trigger_target_dag.py for tasks to queue
[2024-07-02T12:18:54.232+0000] {logging_mixin.py:188} INFO - [2024-07-02T12:18:54.231+0000] {dagbag.py:545} INFO - Filling up the DagBag from /home/airflow/.local/lib/python3.12/site-packages/airflow/example_dags/example_trigger_target_dag.py
[2024-07-02T12:18:54.238+0000] {processor.py:840} INFO - DAG(s) 'example_trigger_target_dag' retrieved from /home/airflow/.local/lib/python3.12/site-packages/airflow/example_dags/example_trigger_target_dag.py
[2024-07-02T12:18:54.255+0000] {logging_mixin.py:188} INFO - [2024-07-02T12:18:54.254+0000] {dag.py:3096} INFO - Sync 1 DAGs
[2024-07-02T12:18:54.267+0000] {logging_mixin.py:188} INFO - [2024-07-02T12:18:54.267+0000] {dag.py:3954} INFO - Setting next_dagrun for example_trigger_target_dag to None, run_after=None
[2024-07-02T12:18:54.292+0000] {processor.py:183} INFO - Processing /home/airflow/.local/lib/python3.12/site-packages/airflow/example_dags/example_trigger_target_dag.py took 0.070 seconds
[2024-07-02T12:19:26.992+0000] {processor.py:161} INFO - Started process (PID=145) to work on /home/airflow/.local/lib/python3.12/site-packages/airflow/example_dags/example_trigger_target_dag.py
[2024-07-02T12:19:26.993+0000] {processor.py:830} INFO - Processing file /home/airflow/.local/lib/python3.12/site-packages/airflow/example_dags/example_trigger_target_dag.py for tasks to queue
[2024-07-02T12:19:26.995+0000] {logging_mixin.py:188} INFO - [2024-07-02T12:19:26.995+0000] {dagbag.py:545} INFO - Filling up the DagBag from /home/airflow/.local/lib/python3.12/site-packages/airflow/example_dags/example_trigger_target_dag.py
[2024-07-02T12:19:27.000+0000] {processor.py:840} INFO - DAG(s) 'example_trigger_target_dag' retrieved from /home/airflow/.local/lib/python3.12/site-packages/airflow/example_dags/example_trigger_target_dag.py
[2024-07-02T12:19:27.082+0000] {logging_mixin.py:188} INFO - [2024-07-02T12:19:27.082+0000] {dag.py:3096} INFO - Sync 1 DAGs
[2024-07-02T12:19:27.091+0000] {logging_mixin.py:188} INFO - [2024-07-02T12:19:27.091+0000] {dag.py:3954} INFO - Setting next_dagrun for example_trigger_target_dag to None, run_after=None
[2024-07-02T12:19:27.113+0000] {processor.py:183} INFO - Processing /home/airflow/.local/lib/python3.12/site-packages/airflow/example_dags/example_trigger_target_dag.py took 0.126 seconds
[2024-07-02T12:19:58.117+0000] {processor.py:161} INFO - Started process (PID=208) to work on /home/airflow/.local/lib/python3.12/site-packages/airflow/example_dags/example_trigger_target_dag.py
[2024-07-02T12:19:58.118+0000] {processor.py:830} INFO - Processing file /home/airflow/.local/lib/python3.12/site-packages/airflow/example_dags/example_trigger_target_dag.py for tasks to queue
[2024-07-02T12:19:58.120+0000] {logging_mixin.py:188} INFO - [2024-07-02T12:19:58.120+0000] {dagbag.py:545} INFO - Filling up the DagBag from /home/airflow/.local/lib/python3.12/site-packages/airflow/example_dags/example_trigger_target_dag.py
[2024-07-02T12:19:58.125+0000] {processor.py:840} INFO - DAG(s) 'example_trigger_target_dag' retrieved from /home/airflow/.local/lib/python3.12/site-packages/airflow/example_dags/example_trigger_target_dag.py
[2024-07-02T12:19:58.143+0000] {logging_mixin.py:188} INFO - [2024-07-02T12:19:58.142+0000] {dag.py:3096} INFO - Sync 1 DAGs
[2024-07-02T12:19:58.154+0000] {logging_mixin.py:188} INFO - [2024-07-02T12:19:58.153+0000] {dag.py:3954} INFO - Setting next_dagrun for example_trigger_target_dag to None, run_after=None
[2024-07-02T12:19:58.175+0000] {processor.py:183} INFO - Processing /home/airflow/.local/lib/python3.12/site-packages/airflow/example_dags/example_trigger_target_dag.py took 0.062 seconds
[2024-07-02T12:20:28.771+0000] {processor.py:161} INFO - Started process (PID=271) to work on /home/airflow/.local/lib/python3.12/site-packages/airflow/example_dags/example_trigger_target_dag.py
[2024-07-02T12:20:28.772+0000] {processor.py:830} INFO - Processing file /home/airflow/.local/lib/python3.12/site-packages/airflow/example_dags/example_trigger_target_dag.py for tasks to queue
[2024-07-02T12:20:28.774+0000] {logging_mixin.py:188} INFO - [2024-07-02T12:20:28.774+0000] {dagbag.py:545} INFO - Filling up the DagBag from /home/airflow/.local/lib/python3.12/site-packages/airflow/example_dags/example_trigger_target_dag.py
[2024-07-02T12:20:28.780+0000] {processor.py:840} INFO - DAG(s) 'example_trigger_target_dag' retrieved from /home/airflow/.local/lib/python3.12/site-packages/airflow/example_dags/example_trigger_target_dag.py
[2024-07-02T12:20:28.798+0000] {logging_mixin.py:188} INFO - [2024-07-02T12:20:28.798+0000] {dag.py:3096} INFO - Sync 1 DAGs
[2024-07-02T12:20:28.810+0000] {logging_mixin.py:188} INFO - [2024-07-02T12:20:28.810+0000] {dag.py:3954} INFO - Setting next_dagrun for example_trigger_target_dag to None, run_after=None
[2024-07-02T12:20:28.834+0000] {processor.py:183} INFO - Processing /home/airflow/.local/lib/python3.12/site-packages/airflow/example_dags/example_trigger_target_dag.py took 0.068 seconds
[2024-07-02T12:20:59.351+0000] {processor.py:161} INFO - Started process (PID=336) to work on /home/airflow/.local/lib/python3.12/site-packages/airflow/example_dags/example_trigger_target_dag.py
[2024-07-02T12:20:59.352+0000] {processor.py:830} INFO - Processing file /home/airflow/.local/lib/python3.12/site-packages/airflow/example_dags/example_trigger_target_dag.py for tasks to queue
[2024-07-02T12:20:59.354+0000] {logging_mixin.py:188} INFO - [2024-07-02T12:20:59.354+0000] {dagbag.py:545} INFO - Filling up the DagBag from /home/airflow/.local/lib/python3.12/site-packages/airflow/example_dags/example_trigger_target_dag.py
[2024-07-02T12:20:59.360+0000] {processor.py:840} INFO - DAG(s) 'example_trigger_target_dag' retrieved from /home/airflow/.local/lib/python3.12/site-packages/airflow/example_dags/example_trigger_target_dag.py
[2024-07-02T12:20:59.378+0000] {logging_mixin.py:188} INFO - [2024-07-02T12:20:59.378+0000] {dag.py:3096} INFO - Sync 1 DAGs
[2024-07-02T12:20:59.389+0000] {logging_mixin.py:188} INFO - [2024-07-02T12:20:59.389+0000] {dag.py:3954} INFO - Setting next_dagrun for example_trigger_target_dag to None, run_after=None
[2024-07-02T12:20:59.414+0000] {processor.py:183} INFO - Processing /home/airflow/.local/lib/python3.12/site-packages/airflow/example_dags/example_trigger_target_dag.py took 0.067 seconds
[2024-07-02T12:21:29.940+0000] {processor.py:161} INFO - Started process (PID=399) to work on /home/airflow/.local/lib/python3.12/site-packages/airflow/example_dags/example_trigger_target_dag.py
[2024-07-02T12:21:29.942+0000] {processor.py:830} INFO - Processing file /home/airflow/.local/lib/python3.12/site-packages/airflow/example_dags/example_trigger_target_dag.py for tasks to queue
[2024-07-02T12:21:29.943+0000] {logging_mixin.py:188} INFO - [2024-07-02T12:21:29.943+0000] {dagbag.py:545} INFO - Filling up the DagBag from /home/airflow/.local/lib/python3.12/site-packages/airflow/example_dags/example_trigger_target_dag.py
[2024-07-02T12:21:29.948+0000] {processor.py:840} INFO - DAG(s) 'example_trigger_target_dag' retrieved from /home/airflow/.local/lib/python3.12/site-packages/airflow/example_dags/example_trigger_target_dag.py
[2024-07-02T12:21:29.966+0000] {logging_mixin.py:188} INFO - [2024-07-02T12:21:29.966+0000] {dag.py:3096} INFO - Sync 1 DAGs
[2024-07-02T12:21:29.977+0000] {logging_mixin.py:188} INFO - [2024-07-02T12:21:29.976+0000] {dag.py:3954} INFO - Setting next_dagrun for example_trigger_target_dag to None, run_after=None
[2024-07-02T12:21:29.997+0000] {processor.py:183} INFO - Processing /home/airflow/.local/lib/python3.12/site-packages/airflow/example_dags/example_trigger_target_dag.py took 0.061 seconds
[2024-07-02T12:22:00.920+0000] {processor.py:161} INFO - Started process (PID=462) to work on /home/airflow/.local/lib/python3.12/site-packages/airflow/example_dags/example_trigger_target_dag.py
[2024-07-02T12:22:00.922+0000] {processor.py:830} INFO - Processing file /home/airflow/.local/lib/python3.12/site-packages/airflow/example_dags/example_trigger_target_dag.py for tasks to queue
[2024-07-02T12:22:00.924+0000] {logging_mixin.py:188} INFO - [2024-07-02T12:22:00.924+0000] {dagbag.py:545} INFO - Filling up the DagBag from /home/airflow/.local/lib/python3.12/site-packages/airflow/example_dags/example_trigger_target_dag.py
[2024-07-02T12:22:00.929+0000] {processor.py:840} INFO - DAG(s) 'example_trigger_target_dag' retrieved from /home/airflow/.local/lib/python3.12/site-packages/airflow/example_dags/example_trigger_target_dag.py
[2024-07-02T12:22:00.948+0000] {logging_mixin.py:188} INFO - [2024-07-02T12:22:00.948+0000] {dag.py:3096} INFO - Sync 1 DAGs
[2024-07-02T12:22:00.960+0000] {logging_mixin.py:188} INFO - [2024-07-02T12:22:00.959+0000] {dag.py:3954} INFO - Setting next_dagrun for example_trigger_target_dag to None, run_after=None
[2024-07-02T12:22:00.984+0000] {processor.py:183} INFO - Processing /home/airflow/.local/lib/python3.12/site-packages/airflow/example_dags/example_trigger_target_dag.py took 0.068 seconds
[2024-07-02T12:22:31.341+0000] {processor.py:161} INFO - Started process (PID=525) to work on /home/airflow/.local/lib/python3.12/site-packages/airflow/example_dags/example_trigger_target_dag.py
[2024-07-02T12:22:31.343+0000] {processor.py:830} INFO - Processing file /home/airflow/.local/lib/python3.12/site-packages/airflow/example_dags/example_trigger_target_dag.py for tasks to queue
[2024-07-02T12:22:31.345+0000] {logging_mixin.py:188} INFO - [2024-07-02T12:22:31.345+0000] {dagbag.py:545} INFO - Filling up the DagBag from /home/airflow/.local/lib/python3.12/site-packages/airflow/example_dags/example_trigger_target_dag.py
[2024-07-02T12:22:31.354+0000] {processor.py:840} INFO - DAG(s) 'example_trigger_target_dag' retrieved from /home/airflow/.local/lib/python3.12/site-packages/airflow/example_dags/example_trigger_target_dag.py
[2024-07-02T12:22:31.377+0000] {logging_mixin.py:188} INFO - [2024-07-02T12:22:31.376+0000] {dag.py:3096} INFO - Sync 1 DAGs
[2024-07-02T12:22:31.393+0000] {logging_mixin.py:188} INFO - [2024-07-02T12:22:31.392+0000] {dag.py:3954} INFO - Setting next_dagrun for example_trigger_target_dag to None, run_after=None
[2024-07-02T12:22:31.423+0000] {processor.py:183} INFO - Processing /home/airflow/.local/lib/python3.12/site-packages/airflow/example_dags/example_trigger_target_dag.py took 0.092 seconds
[2024-07-02T12:23:01.504+0000] {processor.py:161} INFO - Started process (PID=588) to work on /home/airflow/.local/lib/python3.12/site-packages/airflow/example_dags/example_trigger_target_dag.py
[2024-07-02T12:23:01.505+0000] {processor.py:830} INFO - Processing file /home/airflow/.local/lib/python3.12/site-packages/airflow/example_dags/example_trigger_target_dag.py for tasks to queue
[2024-07-02T12:23:01.507+0000] {logging_mixin.py:188} INFO - [2024-07-02T12:23:01.507+0000] {dagbag.py:545} INFO - Filling up the DagBag from /home/airflow/.local/lib/python3.12/site-packages/airflow/example_dags/example_trigger_target_dag.py
[2024-07-02T12:23:01.516+0000] {processor.py:840} INFO - DAG(s) 'example_trigger_target_dag' retrieved from /home/airflow/.local/lib/python3.12/site-packages/airflow/example_dags/example_trigger_target_dag.py
[2024-07-02T12:23:01.543+0000] {logging_mixin.py:188} INFO - [2024-07-02T12:23:01.543+0000] {dag.py:3096} INFO - Sync 1 DAGs
[2024-07-02T12:23:01.560+0000] {logging_mixin.py:188} INFO - [2024-07-02T12:23:01.560+0000] {dag.py:3954} INFO - Setting next_dagrun for example_trigger_target_dag to None, run_after=None
[2024-07-02T12:23:01.591+0000] {processor.py:183} INFO - Processing /home/airflow/.local/lib/python3.12/site-packages/airflow/example_dags/example_trigger_target_dag.py took 0.094 seconds
[2024-07-02T12:23:32.165+0000] {processor.py:161} INFO - Started process (PID=652) to work on /home/airflow/.local/lib/python3.12/site-packages/airflow/example_dags/example_trigger_target_dag.py
[2024-07-02T12:23:32.167+0000] {processor.py:830} INFO - Processing file /home/airflow/.local/lib/python3.12/site-packages/airflow/example_dags/example_trigger_target_dag.py for tasks to queue
[2024-07-02T12:23:32.169+0000] {logging_mixin.py:188} INFO - [2024-07-02T12:23:32.168+0000] {dagbag.py:545} INFO - Filling up the DagBag from /home/airflow/.local/lib/python3.12/site-packages/airflow/example_dags/example_trigger_target_dag.py
[2024-07-02T12:23:32.178+0000] {processor.py:840} INFO - DAG(s) 'example_trigger_target_dag' retrieved from /home/airflow/.local/lib/python3.12/site-packages/airflow/example_dags/example_trigger_target_dag.py
[2024-07-02T12:23:32.207+0000] {logging_mixin.py:188} INFO - [2024-07-02T12:23:32.207+0000] {dag.py:3096} INFO - Sync 1 DAGs
[2024-07-02T12:23:32.225+0000] {logging_mixin.py:188} INFO - [2024-07-02T12:23:32.225+0000] {dag.py:3954} INFO - Setting next_dagrun for example_trigger_target_dag to None, run_after=None
[2024-07-02T12:23:32.255+0000] {processor.py:183} INFO - Processing /home/airflow/.local/lib/python3.12/site-packages/airflow/example_dags/example_trigger_target_dag.py took 0.098 seconds
[2024-07-02T12:37:15.943+0000] {processor.py:161} INFO - Started process (PID=2013) to work on /home/airflow/.local/lib/python3.12/site-packages/airflow/example_dags/example_trigger_target_dag.py
[2024-07-02T12:37:15.944+0000] {processor.py:830} INFO - Processing file /home/airflow/.local/lib/python3.12/site-packages/airflow/example_dags/example_trigger_target_dag.py for tasks to queue
[2024-07-02T12:37:15.945+0000] {logging_mixin.py:188} INFO - [2024-07-02T12:37:15.945+0000] {dagbag.py:545} INFO - Filling up the DagBag from /home/airflow/.local/lib/python3.12/site-packages/airflow/example_dags/example_trigger_target_dag.py
[2024-07-02T12:37:15.950+0000] {processor.py:840} INFO - DAG(s) 'example_trigger_target_dag' retrieved from /home/airflow/.local/lib/python3.12/site-packages/airflow/example_dags/example_trigger_target_dag.py
[2024-07-02T12:37:15.969+0000] {logging_mixin.py:188} INFO - [2024-07-02T12:37:15.969+0000] {dag.py:3096} INFO - Sync 1 DAGs
[2024-07-02T12:37:15.980+0000] {logging_mixin.py:188} INFO - [2024-07-02T12:37:15.980+0000] {dag.py:3954} INFO - Setting next_dagrun for example_trigger_target_dag to None, run_after=None
[2024-07-02T12:37:15.999+0000] {processor.py:183} INFO - Processing /home/airflow/.local/lib/python3.12/site-packages/airflow/example_dags/example_trigger_target_dag.py took 0.062 seconds
[2024-07-02T12:37:46.412+0000] {processor.py:161} INFO - Started process (PID=2076) to work on /home/airflow/.local/lib/python3.12/site-packages/airflow/example_dags/example_trigger_target_dag.py
[2024-07-02T12:37:46.413+0000] {processor.py:830} INFO - Processing file /home/airflow/.local/lib/python3.12/site-packages/airflow/example_dags/example_trigger_target_dag.py for tasks to queue
[2024-07-02T12:37:46.414+0000] {logging_mixin.py:188} INFO - [2024-07-02T12:37:46.414+0000] {dagbag.py:545} INFO - Filling up the DagBag from /home/airflow/.local/lib/python3.12/site-packages/airflow/example_dags/example_trigger_target_dag.py
[2024-07-02T12:37:46.419+0000] {processor.py:840} INFO - DAG(s) 'example_trigger_target_dag' retrieved from /home/airflow/.local/lib/python3.12/site-packages/airflow/example_dags/example_trigger_target_dag.py
[2024-07-02T12:37:46.438+0000] {logging_mixin.py:188} INFO - [2024-07-02T12:37:46.438+0000] {dag.py:3096} INFO - Sync 1 DAGs
[2024-07-02T12:37:46.450+0000] {logging_mixin.py:188} INFO - [2024-07-02T12:37:46.449+0000] {dag.py:3954} INFO - Setting next_dagrun for example_trigger_target_dag to None, run_after=None
[2024-07-02T12:37:46.469+0000] {processor.py:183} INFO - Processing /home/airflow/.local/lib/python3.12/site-packages/airflow/example_dags/example_trigger_target_dag.py took 0.062 seconds
[2024-07-02T14:46:57.417+0000] {processor.py:161} INFO - Started process (PID=93) to work on /home/airflow/.local/lib/python3.12/site-packages/airflow/example_dags/example_trigger_target_dag.py
[2024-07-02T14:46:57.418+0000] {processor.py:830} INFO - Processing file /home/airflow/.local/lib/python3.12/site-packages/airflow/example_dags/example_trigger_target_dag.py for tasks to queue
[2024-07-02T14:46:57.420+0000] {logging_mixin.py:188} INFO - [2024-07-02T14:46:57.419+0000] {dagbag.py:545} INFO - Filling up the DagBag from /home/airflow/.local/lib/python3.12/site-packages/airflow/example_dags/example_trigger_target_dag.py
[2024-07-02T14:46:57.425+0000] {processor.py:840} INFO - DAG(s) 'example_trigger_target_dag' retrieved from /home/airflow/.local/lib/python3.12/site-packages/airflow/example_dags/example_trigger_target_dag.py
[2024-07-02T14:46:57.500+0000] {logging_mixin.py:188} INFO - [2024-07-02T14:46:57.500+0000] {dag.py:3096} INFO - Sync 1 DAGs
[2024-07-02T14:46:57.509+0000] {logging_mixin.py:188} INFO - [2024-07-02T14:46:57.508+0000] {dag.py:3954} INFO - Setting next_dagrun for example_trigger_target_dag to None, run_after=None
[2024-07-02T14:46:57.532+0000] {processor.py:183} INFO - Processing /home/airflow/.local/lib/python3.12/site-packages/airflow/example_dags/example_trigger_target_dag.py took 0.120 seconds
[2024-07-02T14:50:02.077+0000] {processor.py:161} INFO - Started process (PID=100) to work on /home/airflow/.local/lib/python3.12/site-packages/airflow/example_dags/example_trigger_target_dag.py
[2024-07-02T14:50:02.079+0000] {processor.py:830} INFO - Processing file /home/airflow/.local/lib/python3.12/site-packages/airflow/example_dags/example_trigger_target_dag.py for tasks to queue
[2024-07-02T14:50:02.081+0000] {logging_mixin.py:188} INFO - [2024-07-02T14:50:02.081+0000] {dagbag.py:545} INFO - Filling up the DagBag from /home/airflow/.local/lib/python3.12/site-packages/airflow/example_dags/example_trigger_target_dag.py
[2024-07-02T14:50:02.087+0000] {processor.py:840} INFO - DAG(s) 'example_trigger_target_dag' retrieved from /home/airflow/.local/lib/python3.12/site-packages/airflow/example_dags/example_trigger_target_dag.py
[2024-07-02T14:50:02.167+0000] {logging_mixin.py:188} INFO - [2024-07-02T14:50:02.167+0000] {dag.py:3096} INFO - Sync 1 DAGs
[2024-07-02T14:50:02.175+0000] {logging_mixin.py:188} INFO - [2024-07-02T14:50:02.175+0000] {dag.py:3954} INFO - Setting next_dagrun for example_trigger_target_dag to None, run_after=None
[2024-07-02T14:50:02.200+0000] {processor.py:183} INFO - Processing /home/airflow/.local/lib/python3.12/site-packages/airflow/example_dags/example_trigger_target_dag.py took 0.128 seconds
[2024-07-02T14:50:32.575+0000] {processor.py:161} INFO - Started process (PID=160) to work on /home/airflow/.local/lib/python3.12/site-packages/airflow/example_dags/example_trigger_target_dag.py
[2024-07-02T14:50:32.576+0000] {processor.py:830} INFO - Processing file /home/airflow/.local/lib/python3.12/site-packages/airflow/example_dags/example_trigger_target_dag.py for tasks to queue
[2024-07-02T14:50:32.578+0000] {logging_mixin.py:188} INFO - [2024-07-02T14:50:32.578+0000] {dagbag.py:545} INFO - Filling up the DagBag from /home/airflow/.local/lib/python3.12/site-packages/airflow/example_dags/example_trigger_target_dag.py
[2024-07-02T14:50:32.584+0000] {processor.py:840} INFO - DAG(s) 'example_trigger_target_dag' retrieved from /home/airflow/.local/lib/python3.12/site-packages/airflow/example_dags/example_trigger_target_dag.py
[2024-07-02T14:50:32.602+0000] {logging_mixin.py:188} INFO - [2024-07-02T14:50:32.602+0000] {dag.py:3096} INFO - Sync 1 DAGs
[2024-07-02T14:50:32.611+0000] {logging_mixin.py:188} INFO - [2024-07-02T14:50:32.611+0000] {dag.py:3954} INFO - Setting next_dagrun for example_trigger_target_dag to None, run_after=None
[2024-07-02T14:50:32.630+0000] {processor.py:183} INFO - Processing /home/airflow/.local/lib/python3.12/site-packages/airflow/example_dags/example_trigger_target_dag.py took 0.060 seconds
[2024-07-02T14:51:03.229+0000] {processor.py:161} INFO - Started process (PID=219) to work on /home/airflow/.local/lib/python3.12/site-packages/airflow/example_dags/example_trigger_target_dag.py
[2024-07-02T14:51:03.230+0000] {processor.py:830} INFO - Processing file /home/airflow/.local/lib/python3.12/site-packages/airflow/example_dags/example_trigger_target_dag.py for tasks to queue
[2024-07-02T14:51:03.232+0000] {logging_mixin.py:188} INFO - [2024-07-02T14:51:03.231+0000] {dagbag.py:545} INFO - Filling up the DagBag from /home/airflow/.local/lib/python3.12/site-packages/airflow/example_dags/example_trigger_target_dag.py
[2024-07-02T14:51:03.238+0000] {processor.py:840} INFO - DAG(s) 'example_trigger_target_dag' retrieved from /home/airflow/.local/lib/python3.12/site-packages/airflow/example_dags/example_trigger_target_dag.py
[2024-07-02T14:51:03.266+0000] {logging_mixin.py:188} INFO - [2024-07-02T14:51:03.265+0000] {dag.py:3096} INFO - Sync 1 DAGs
[2024-07-02T14:51:03.281+0000] {logging_mixin.py:188} INFO - [2024-07-02T14:51:03.280+0000] {dag.py:3954} INFO - Setting next_dagrun for example_trigger_target_dag to None, run_after=None
[2024-07-02T14:51:03.312+0000] {processor.py:183} INFO - Processing /home/airflow/.local/lib/python3.12/site-packages/airflow/example_dags/example_trigger_target_dag.py took 0.090 seconds
[2024-07-02T14:51:33.519+0000] {processor.py:161} INFO - Started process (PID=277) to work on /home/airflow/.local/lib/python3.12/site-packages/airflow/example_dags/example_trigger_target_dag.py
[2024-07-02T14:51:33.521+0000] {processor.py:830} INFO - Processing file /home/airflow/.local/lib/python3.12/site-packages/airflow/example_dags/example_trigger_target_dag.py for tasks to queue
[2024-07-02T14:51:33.522+0000] {logging_mixin.py:188} INFO - [2024-07-02T14:51:33.522+0000] {dagbag.py:545} INFO - Filling up the DagBag from /home/airflow/.local/lib/python3.12/site-packages/airflow/example_dags/example_trigger_target_dag.py
[2024-07-02T14:51:33.529+0000] {processor.py:840} INFO - DAG(s) 'example_trigger_target_dag' retrieved from /home/airflow/.local/lib/python3.12/site-packages/airflow/example_dags/example_trigger_target_dag.py
[2024-07-02T14:51:33.553+0000] {logging_mixin.py:188} INFO - [2024-07-02T14:51:33.552+0000] {dag.py:3096} INFO - Sync 1 DAGs
[2024-07-02T14:51:33.563+0000] {logging_mixin.py:188} INFO - [2024-07-02T14:51:33.563+0000] {dag.py:3954} INFO - Setting next_dagrun for example_trigger_target_dag to None, run_after=None
[2024-07-02T14:51:33.588+0000] {processor.py:183} INFO - Processing /home/airflow/.local/lib/python3.12/site-packages/airflow/example_dags/example_trigger_target_dag.py took 0.073 seconds
[2024-07-02T14:52:03.748+0000] {processor.py:161} INFO - Started process (PID=335) to work on /home/airflow/.local/lib/python3.12/site-packages/airflow/example_dags/example_trigger_target_dag.py
[2024-07-02T14:52:03.751+0000] {processor.py:830} INFO - Processing file /home/airflow/.local/lib/python3.12/site-packages/airflow/example_dags/example_trigger_target_dag.py for tasks to queue
[2024-07-02T14:52:03.753+0000] {logging_mixin.py:188} INFO - [2024-07-02T14:52:03.753+0000] {dagbag.py:545} INFO - Filling up the DagBag from /home/airflow/.local/lib/python3.12/site-packages/airflow/example_dags/example_trigger_target_dag.py
[2024-07-02T14:52:03.760+0000] {processor.py:840} INFO - DAG(s) 'example_trigger_target_dag' retrieved from /home/airflow/.local/lib/python3.12/site-packages/airflow/example_dags/example_trigger_target_dag.py
[2024-07-02T14:52:03.782+0000] {logging_mixin.py:188} INFO - [2024-07-02T14:52:03.782+0000] {dag.py:3096} INFO - Sync 1 DAGs
[2024-07-02T14:52:03.793+0000] {logging_mixin.py:188} INFO - [2024-07-02T14:52:03.793+0000] {dag.py:3954} INFO - Setting next_dagrun for example_trigger_target_dag to None, run_after=None
[2024-07-02T14:52:03.815+0000] {processor.py:183} INFO - Processing /home/airflow/.local/lib/python3.12/site-packages/airflow/example_dags/example_trigger_target_dag.py took 0.072 seconds
[2024-07-02T14:52:35.153+0000] {processor.py:161} INFO - Started process (PID=393) to work on /home/airflow/.local/lib/python3.12/site-packages/airflow/example_dags/example_trigger_target_dag.py
[2024-07-02T14:52:35.154+0000] {processor.py:830} INFO - Processing file /home/airflow/.local/lib/python3.12/site-packages/airflow/example_dags/example_trigger_target_dag.py for tasks to queue
[2024-07-02T14:52:35.155+0000] {logging_mixin.py:188} INFO - [2024-07-02T14:52:35.154+0000] {dagbag.py:545} INFO - Filling up the DagBag from /home/airflow/.local/lib/python3.12/site-packages/airflow/example_dags/example_trigger_target_dag.py
[2024-07-02T14:52:35.160+0000] {processor.py:840} INFO - DAG(s) 'example_trigger_target_dag' retrieved from /home/airflow/.local/lib/python3.12/site-packages/airflow/example_dags/example_trigger_target_dag.py
[2024-07-02T14:52:35.179+0000] {logging_mixin.py:188} INFO - [2024-07-02T14:52:35.179+0000] {dag.py:3096} INFO - Sync 1 DAGs
[2024-07-02T14:52:35.188+0000] {logging_mixin.py:188} INFO - [2024-07-02T14:52:35.188+0000] {dag.py:3954} INFO - Setting next_dagrun for example_trigger_target_dag to None, run_after=None
[2024-07-02T14:52:35.205+0000] {processor.py:183} INFO - Processing /home/airflow/.local/lib/python3.12/site-packages/airflow/example_dags/example_trigger_target_dag.py took 0.059 seconds
[2024-07-02T14:53:06.084+0000] {processor.py:161} INFO - Started process (PID=451) to work on /home/airflow/.local/lib/python3.12/site-packages/airflow/example_dags/example_trigger_target_dag.py
[2024-07-02T14:53:06.086+0000] {processor.py:830} INFO - Processing file /home/airflow/.local/lib/python3.12/site-packages/airflow/example_dags/example_trigger_target_dag.py for tasks to queue
[2024-07-02T14:53:06.087+0000] {logging_mixin.py:188} INFO - [2024-07-02T14:53:06.087+0000] {dagbag.py:545} INFO - Filling up the DagBag from /home/airflow/.local/lib/python3.12/site-packages/airflow/example_dags/example_trigger_target_dag.py
[2024-07-02T14:53:06.095+0000] {processor.py:840} INFO - DAG(s) 'example_trigger_target_dag' retrieved from /home/airflow/.local/lib/python3.12/site-packages/airflow/example_dags/example_trigger_target_dag.py
[2024-07-02T14:53:06.127+0000] {logging_mixin.py:188} INFO - [2024-07-02T14:53:06.127+0000] {dag.py:3096} INFO - Sync 1 DAGs
[2024-07-02T14:53:06.142+0000] {logging_mixin.py:188} INFO - [2024-07-02T14:53:06.141+0000] {dag.py:3954} INFO - Setting next_dagrun for example_trigger_target_dag to None, run_after=None
[2024-07-02T14:53:06.176+0000] {processor.py:183} INFO - Processing /home/airflow/.local/lib/python3.12/site-packages/airflow/example_dags/example_trigger_target_dag.py took 0.099 seconds
[2024-07-02T14:53:36.611+0000] {processor.py:161} INFO - Started process (PID=516) to work on /home/airflow/.local/lib/python3.12/site-packages/airflow/example_dags/example_trigger_target_dag.py
[2024-07-02T14:53:36.612+0000] {processor.py:830} INFO - Processing file /home/airflow/.local/lib/python3.12/site-packages/airflow/example_dags/example_trigger_target_dag.py for tasks to queue
[2024-07-02T14:53:36.614+0000] {logging_mixin.py:188} INFO - [2024-07-02T14:53:36.613+0000] {dagbag.py:545} INFO - Filling up the DagBag from /home/airflow/.local/lib/python3.12/site-packages/airflow/example_dags/example_trigger_target_dag.py
[2024-07-02T14:53:36.621+0000] {processor.py:840} INFO - DAG(s) 'example_trigger_target_dag' retrieved from /home/airflow/.local/lib/python3.12/site-packages/airflow/example_dags/example_trigger_target_dag.py
[2024-07-02T14:53:36.646+0000] {logging_mixin.py:188} INFO - [2024-07-02T14:53:36.646+0000] {dag.py:3096} INFO - Sync 1 DAGs
[2024-07-02T14:53:36.658+0000] {logging_mixin.py:188} INFO - [2024-07-02T14:53:36.658+0000] {dag.py:3954} INFO - Setting next_dagrun for example_trigger_target_dag to None, run_after=None
[2024-07-02T14:53:36.685+0000] {processor.py:183} INFO - Processing /home/airflow/.local/lib/python3.12/site-packages/airflow/example_dags/example_trigger_target_dag.py took 0.083 seconds
[2024-07-02T14:54:06.889+0000] {processor.py:161} INFO - Started process (PID=574) to work on /home/airflow/.local/lib/python3.12/site-packages/airflow/example_dags/example_trigger_target_dag.py
[2024-07-02T14:54:06.891+0000] {processor.py:830} INFO - Processing file /home/airflow/.local/lib/python3.12/site-packages/airflow/example_dags/example_trigger_target_dag.py for tasks to queue
[2024-07-02T14:54:06.892+0000] {logging_mixin.py:188} INFO - [2024-07-02T14:54:06.891+0000] {dagbag.py:545} INFO - Filling up the DagBag from /home/airflow/.local/lib/python3.12/site-packages/airflow/example_dags/example_trigger_target_dag.py
[2024-07-02T14:54:06.897+0000] {processor.py:840} INFO - DAG(s) 'example_trigger_target_dag' retrieved from /home/airflow/.local/lib/python3.12/site-packages/airflow/example_dags/example_trigger_target_dag.py
[2024-07-02T14:54:06.917+0000] {logging_mixin.py:188} INFO - [2024-07-02T14:54:06.917+0000] {dag.py:3096} INFO - Sync 1 DAGs
[2024-07-02T14:54:06.928+0000] {logging_mixin.py:188} INFO - [2024-07-02T14:54:06.928+0000] {dag.py:3954} INFO - Setting next_dagrun for example_trigger_target_dag to None, run_after=None
[2024-07-02T14:54:06.947+0000] {processor.py:183} INFO - Processing /home/airflow/.local/lib/python3.12/site-packages/airflow/example_dags/example_trigger_target_dag.py took 0.063 seconds
