[2024-07-02T11:48:24.277+0000] {processor.py:161} INFO - Started process (PID=80) to work on /home/airflow/.local/lib/python3.12/site-packages/airflow/example_dags/example_branch_operator.py
[2024-07-02T11:48:24.281+0000] {processor.py:830} INFO - Processing file /home/airflow/.local/lib/python3.12/site-packages/airflow/example_dags/example_branch_operator.py for tasks to queue
[2024-07-02T11:48:24.285+0000] {logging_mixin.py:188} INFO - [2024-07-02T11:48:24.284+0000] {dagbag.py:545} INFO - Filling up the DagBag from /home/airflow/.local/lib/python3.12/site-packages/airflow/example_dags/example_branch_operator.py
[2024-07-02T11:48:24.339+0000] {processor.py:840} INFO - DAG(s) 'example_branch_operator' retrieved from /home/airflow/.local/lib/python3.12/site-packages/airflow/example_dags/example_branch_operator.py
[2024-07-02T11:48:24.650+0000] {logging_mixin.py:188} INFO - [2024-07-02T11:48:24.650+0000] {dag.py:3096} INFO - Sync 1 DAGs
[2024-07-02T11:48:24.705+0000] {logging_mixin.py:188} INFO - [2024-07-02T11:48:24.705+0000] {dag.py:3954} INFO - Setting next_dagrun for example_branch_operator to 2024-07-01 00:00:00+00:00, run_after=2024-07-02 00:00:00+00:00
[2024-07-02T11:48:24.757+0000] {processor.py:183} INFO - Processing /home/airflow/.local/lib/python3.12/site-packages/airflow/example_dags/example_branch_operator.py took 0.500 seconds
[2024-07-02T11:48:55.762+0000] {processor.py:161} INFO - Started process (PID=143) to work on /home/airflow/.local/lib/python3.12/site-packages/airflow/example_dags/example_branch_operator.py
[2024-07-02T11:48:55.763+0000] {processor.py:830} INFO - Processing file /home/airflow/.local/lib/python3.12/site-packages/airflow/example_dags/example_branch_operator.py for tasks to queue
[2024-07-02T11:48:55.765+0000] {logging_mixin.py:188} INFO - [2024-07-02T11:48:55.765+0000] {dagbag.py:545} INFO - Filling up the DagBag from /home/airflow/.local/lib/python3.12/site-packages/airflow/example_dags/example_branch_operator.py
[2024-07-02T11:48:55.777+0000] {processor.py:840} INFO - DAG(s) 'example_branch_operator' retrieved from /home/airflow/.local/lib/python3.12/site-packages/airflow/example_dags/example_branch_operator.py
[2024-07-02T11:48:55.801+0000] {logging_mixin.py:188} INFO - [2024-07-02T11:48:55.801+0000] {dag.py:3096} INFO - Sync 1 DAGs
[2024-07-02T11:48:55.823+0000] {logging_mixin.py:188} INFO - [2024-07-02T11:48:55.822+0000] {dag.py:3954} INFO - Setting next_dagrun for example_branch_operator to 2024-07-01 00:00:00+00:00, run_after=2024-07-02 00:00:00+00:00
[2024-07-02T11:48:55.845+0000] {processor.py:183} INFO - Processing /home/airflow/.local/lib/python3.12/site-packages/airflow/example_dags/example_branch_operator.py took 0.089 seconds
[2024-07-02T11:49:26.260+0000] {processor.py:161} INFO - Started process (PID=206) to work on /home/airflow/.local/lib/python3.12/site-packages/airflow/example_dags/example_branch_operator.py
[2024-07-02T11:49:26.262+0000] {processor.py:830} INFO - Processing file /home/airflow/.local/lib/python3.12/site-packages/airflow/example_dags/example_branch_operator.py for tasks to queue
[2024-07-02T11:49:26.263+0000] {logging_mixin.py:188} INFO - [2024-07-02T11:49:26.262+0000] {dagbag.py:545} INFO - Filling up the DagBag from /home/airflow/.local/lib/python3.12/site-packages/airflow/example_dags/example_branch_operator.py
[2024-07-02T11:49:26.274+0000] {processor.py:840} INFO - DAG(s) 'example_branch_operator' retrieved from /home/airflow/.local/lib/python3.12/site-packages/airflow/example_dags/example_branch_operator.py
[2024-07-02T11:49:26.297+0000] {logging_mixin.py:188} INFO - [2024-07-02T11:49:26.297+0000] {dag.py:3096} INFO - Sync 1 DAGs
[2024-07-02T11:49:26.314+0000] {logging_mixin.py:188} INFO - [2024-07-02T11:49:26.314+0000] {dag.py:3954} INFO - Setting next_dagrun for example_branch_operator to 2024-07-01 00:00:00+00:00, run_after=2024-07-02 00:00:00+00:00
[2024-07-02T11:49:26.335+0000] {processor.py:183} INFO - Processing /home/airflow/.local/lib/python3.12/site-packages/airflow/example_dags/example_branch_operator.py took 0.080 seconds
[2024-07-02T11:49:56.512+0000] {processor.py:161} INFO - Started process (PID=269) to work on /home/airflow/.local/lib/python3.12/site-packages/airflow/example_dags/example_branch_operator.py
[2024-07-02T11:49:56.513+0000] {processor.py:830} INFO - Processing file /home/airflow/.local/lib/python3.12/site-packages/airflow/example_dags/example_branch_operator.py for tasks to queue
[2024-07-02T11:49:56.514+0000] {logging_mixin.py:188} INFO - [2024-07-02T11:49:56.514+0000] {dagbag.py:545} INFO - Filling up the DagBag from /home/airflow/.local/lib/python3.12/site-packages/airflow/example_dags/example_branch_operator.py
[2024-07-02T11:49:56.527+0000] {processor.py:840} INFO - DAG(s) 'example_branch_operator' retrieved from /home/airflow/.local/lib/python3.12/site-packages/airflow/example_dags/example_branch_operator.py
[2024-07-02T11:49:56.554+0000] {logging_mixin.py:188} INFO - [2024-07-02T11:49:56.554+0000] {dag.py:3096} INFO - Sync 1 DAGs
[2024-07-02T11:49:56.575+0000] {logging_mixin.py:188} INFO - [2024-07-02T11:49:56.575+0000] {dag.py:3954} INFO - Setting next_dagrun for example_branch_operator to 2024-07-01 00:00:00+00:00, run_after=2024-07-02 00:00:00+00:00
[2024-07-02T11:49:56.597+0000] {processor.py:183} INFO - Processing /home/airflow/.local/lib/python3.12/site-packages/airflow/example_dags/example_branch_operator.py took 0.092 seconds
[2024-07-02T11:50:27.032+0000] {processor.py:161} INFO - Started process (PID=332) to work on /home/airflow/.local/lib/python3.12/site-packages/airflow/example_dags/example_branch_operator.py
[2024-07-02T11:50:27.033+0000] {processor.py:830} INFO - Processing file /home/airflow/.local/lib/python3.12/site-packages/airflow/example_dags/example_branch_operator.py for tasks to queue
[2024-07-02T11:50:27.035+0000] {logging_mixin.py:188} INFO - [2024-07-02T11:50:27.034+0000] {dagbag.py:545} INFO - Filling up the DagBag from /home/airflow/.local/lib/python3.12/site-packages/airflow/example_dags/example_branch_operator.py
[2024-07-02T11:50:27.047+0000] {processor.py:840} INFO - DAG(s) 'example_branch_operator' retrieved from /home/airflow/.local/lib/python3.12/site-packages/airflow/example_dags/example_branch_operator.py
[2024-07-02T11:50:27.058+0000] {logging_mixin.py:188} INFO - [2024-07-02T11:50:27.058+0000] {dag.py:3096} INFO - Sync 1 DAGs
[2024-07-02T11:50:27.078+0000] {logging_mixin.py:188} INFO - [2024-07-02T11:50:27.078+0000] {dag.py:3954} INFO - Setting next_dagrun for example_branch_operator to 2024-07-01 00:00:00+00:00, run_after=2024-07-02 00:00:00+00:00
[2024-07-02T11:50:27.099+0000] {processor.py:183} INFO - Processing /home/airflow/.local/lib/python3.12/site-packages/airflow/example_dags/example_branch_operator.py took 0.072 seconds
[2024-07-02T11:50:57.750+0000] {processor.py:161} INFO - Started process (PID=395) to work on /home/airflow/.local/lib/python3.12/site-packages/airflow/example_dags/example_branch_operator.py
[2024-07-02T11:50:57.751+0000] {processor.py:830} INFO - Processing file /home/airflow/.local/lib/python3.12/site-packages/airflow/example_dags/example_branch_operator.py for tasks to queue
[2024-07-02T11:50:57.752+0000] {logging_mixin.py:188} INFO - [2024-07-02T11:50:57.752+0000] {dagbag.py:545} INFO - Filling up the DagBag from /home/airflow/.local/lib/python3.12/site-packages/airflow/example_dags/example_branch_operator.py
[2024-07-02T11:50:57.764+0000] {processor.py:840} INFO - DAG(s) 'example_branch_operator' retrieved from /home/airflow/.local/lib/python3.12/site-packages/airflow/example_dags/example_branch_operator.py
[2024-07-02T11:50:57.853+0000] {logging_mixin.py:188} INFO - [2024-07-02T11:50:57.853+0000] {dag.py:3096} INFO - Sync 1 DAGs
[2024-07-02T11:50:57.869+0000] {logging_mixin.py:188} INFO - [2024-07-02T11:50:57.868+0000] {dag.py:3954} INFO - Setting next_dagrun for example_branch_operator to 2024-07-01 00:00:00+00:00, run_after=2024-07-02 00:00:00+00:00
[2024-07-02T11:50:57.891+0000] {processor.py:183} INFO - Processing /home/airflow/.local/lib/python3.12/site-packages/airflow/example_dags/example_branch_operator.py took 0.147 seconds
[2024-07-02T11:51:28.378+0000] {processor.py:161} INFO - Started process (PID=458) to work on /home/airflow/.local/lib/python3.12/site-packages/airflow/example_dags/example_branch_operator.py
[2024-07-02T11:51:28.379+0000] {processor.py:830} INFO - Processing file /home/airflow/.local/lib/python3.12/site-packages/airflow/example_dags/example_branch_operator.py for tasks to queue
[2024-07-02T11:51:28.380+0000] {logging_mixin.py:188} INFO - [2024-07-02T11:51:28.380+0000] {dagbag.py:545} INFO - Filling up the DagBag from /home/airflow/.local/lib/python3.12/site-packages/airflow/example_dags/example_branch_operator.py
[2024-07-02T11:51:28.394+0000] {processor.py:840} INFO - DAG(s) 'example_branch_operator' retrieved from /home/airflow/.local/lib/python3.12/site-packages/airflow/example_dags/example_branch_operator.py
[2024-07-02T11:51:28.421+0000] {logging_mixin.py:188} INFO - [2024-07-02T11:51:28.420+0000] {dag.py:3096} INFO - Sync 1 DAGs
[2024-07-02T11:51:28.438+0000] {logging_mixin.py:188} INFO - [2024-07-02T11:51:28.438+0000] {dag.py:3954} INFO - Setting next_dagrun for example_branch_operator to 2024-07-01 00:00:00+00:00, run_after=2024-07-02 00:00:00+00:00
[2024-07-02T11:51:28.461+0000] {processor.py:183} INFO - Processing /home/airflow/.local/lib/python3.12/site-packages/airflow/example_dags/example_branch_operator.py took 0.088 seconds
[2024-07-02T11:51:59.401+0000] {processor.py:161} INFO - Started process (PID=521) to work on /home/airflow/.local/lib/python3.12/site-packages/airflow/example_dags/example_branch_operator.py
[2024-07-02T11:51:59.403+0000] {processor.py:830} INFO - Processing file /home/airflow/.local/lib/python3.12/site-packages/airflow/example_dags/example_branch_operator.py for tasks to queue
[2024-07-02T11:51:59.404+0000] {logging_mixin.py:188} INFO - [2024-07-02T11:51:59.403+0000] {dagbag.py:545} INFO - Filling up the DagBag from /home/airflow/.local/lib/python3.12/site-packages/airflow/example_dags/example_branch_operator.py
[2024-07-02T11:51:59.417+0000] {processor.py:840} INFO - DAG(s) 'example_branch_operator' retrieved from /home/airflow/.local/lib/python3.12/site-packages/airflow/example_dags/example_branch_operator.py
[2024-07-02T11:51:59.442+0000] {logging_mixin.py:188} INFO - [2024-07-02T11:51:59.441+0000] {dag.py:3096} INFO - Sync 1 DAGs
[2024-07-02T11:51:59.461+0000] {logging_mixin.py:188} INFO - [2024-07-02T11:51:59.460+0000] {dag.py:3954} INFO - Setting next_dagrun for example_branch_operator to 2024-07-01 00:00:00+00:00, run_after=2024-07-02 00:00:00+00:00
[2024-07-02T11:51:59.483+0000] {processor.py:183} INFO - Processing /home/airflow/.local/lib/python3.12/site-packages/airflow/example_dags/example_branch_operator.py took 0.087 seconds
[2024-07-02T11:52:29.917+0000] {processor.py:161} INFO - Started process (PID=584) to work on /home/airflow/.local/lib/python3.12/site-packages/airflow/example_dags/example_branch_operator.py
[2024-07-02T11:52:29.919+0000] {processor.py:830} INFO - Processing file /home/airflow/.local/lib/python3.12/site-packages/airflow/example_dags/example_branch_operator.py for tasks to queue
[2024-07-02T11:52:29.920+0000] {logging_mixin.py:188} INFO - [2024-07-02T11:52:29.920+0000] {dagbag.py:545} INFO - Filling up the DagBag from /home/airflow/.local/lib/python3.12/site-packages/airflow/example_dags/example_branch_operator.py
[2024-07-02T11:52:29.932+0000] {processor.py:840} INFO - DAG(s) 'example_branch_operator' retrieved from /home/airflow/.local/lib/python3.12/site-packages/airflow/example_dags/example_branch_operator.py
[2024-07-02T11:52:29.958+0000] {logging_mixin.py:188} INFO - [2024-07-02T11:52:29.958+0000] {dag.py:3096} INFO - Sync 1 DAGs
[2024-07-02T11:52:29.978+0000] {logging_mixin.py:188} INFO - [2024-07-02T11:52:29.977+0000] {dag.py:3954} INFO - Setting next_dagrun for example_branch_operator to 2024-07-01 00:00:00+00:00, run_after=2024-07-02 00:00:00+00:00
[2024-07-02T11:52:29.999+0000] {processor.py:183} INFO - Processing /home/airflow/.local/lib/python3.12/site-packages/airflow/example_dags/example_branch_operator.py took 0.087 seconds
[2024-07-02T11:53:00.569+0000] {processor.py:161} INFO - Started process (PID=648) to work on /home/airflow/.local/lib/python3.12/site-packages/airflow/example_dags/example_branch_operator.py
[2024-07-02T11:53:00.570+0000] {processor.py:830} INFO - Processing file /home/airflow/.local/lib/python3.12/site-packages/airflow/example_dags/example_branch_operator.py for tasks to queue
[2024-07-02T11:53:00.571+0000] {logging_mixin.py:188} INFO - [2024-07-02T11:53:00.571+0000] {dagbag.py:545} INFO - Filling up the DagBag from /home/airflow/.local/lib/python3.12/site-packages/airflow/example_dags/example_branch_operator.py
[2024-07-02T11:53:00.584+0000] {processor.py:840} INFO - DAG(s) 'example_branch_operator' retrieved from /home/airflow/.local/lib/python3.12/site-packages/airflow/example_dags/example_branch_operator.py
[2024-07-02T11:53:00.610+0000] {logging_mixin.py:188} INFO - [2024-07-02T11:53:00.610+0000] {dag.py:3096} INFO - Sync 1 DAGs
[2024-07-02T11:53:00.630+0000] {logging_mixin.py:188} INFO - [2024-07-02T11:53:00.630+0000] {dag.py:3954} INFO - Setting next_dagrun for example_branch_operator to 2024-07-01 00:00:00+00:00, run_after=2024-07-02 00:00:00+00:00
[2024-07-02T11:53:00.654+0000] {processor.py:183} INFO - Processing /home/airflow/.local/lib/python3.12/site-packages/airflow/example_dags/example_branch_operator.py took 0.091 seconds
[2024-07-02T11:53:31.366+0000] {processor.py:161} INFO - Started process (PID=717) to work on /home/airflow/.local/lib/python3.12/site-packages/airflow/example_dags/example_branch_operator.py
[2024-07-02T11:53:31.368+0000] {processor.py:830} INFO - Processing file /home/airflow/.local/lib/python3.12/site-packages/airflow/example_dags/example_branch_operator.py for tasks to queue
[2024-07-02T11:53:31.369+0000] {logging_mixin.py:188} INFO - [2024-07-02T11:53:31.368+0000] {dagbag.py:545} INFO - Filling up the DagBag from /home/airflow/.local/lib/python3.12/site-packages/airflow/example_dags/example_branch_operator.py
[2024-07-02T11:53:31.382+0000] {processor.py:840} INFO - DAG(s) 'example_branch_operator' retrieved from /home/airflow/.local/lib/python3.12/site-packages/airflow/example_dags/example_branch_operator.py
[2024-07-02T11:53:31.409+0000] {logging_mixin.py:188} INFO - [2024-07-02T11:53:31.409+0000] {dag.py:3096} INFO - Sync 1 DAGs
[2024-07-02T11:53:31.430+0000] {logging_mixin.py:188} INFO - [2024-07-02T11:53:31.430+0000] {dag.py:3954} INFO - Setting next_dagrun for example_branch_operator to 2024-07-01 00:00:00+00:00, run_after=2024-07-02 00:00:00+00:00
[2024-07-02T11:53:31.455+0000] {processor.py:183} INFO - Processing /home/airflow/.local/lib/python3.12/site-packages/airflow/example_dags/example_branch_operator.py took 0.094 seconds
[2024-07-02T11:54:01.901+0000] {processor.py:161} INFO - Started process (PID=780) to work on /home/airflow/.local/lib/python3.12/site-packages/airflow/example_dags/example_branch_operator.py
[2024-07-02T11:54:01.902+0000] {processor.py:830} INFO - Processing file /home/airflow/.local/lib/python3.12/site-packages/airflow/example_dags/example_branch_operator.py for tasks to queue
[2024-07-02T11:54:01.903+0000] {logging_mixin.py:188} INFO - [2024-07-02T11:54:01.903+0000] {dagbag.py:545} INFO - Filling up the DagBag from /home/airflow/.local/lib/python3.12/site-packages/airflow/example_dags/example_branch_operator.py
[2024-07-02T11:54:01.919+0000] {processor.py:840} INFO - DAG(s) 'example_branch_operator' retrieved from /home/airflow/.local/lib/python3.12/site-packages/airflow/example_dags/example_branch_operator.py
[2024-07-02T11:54:01.953+0000] {logging_mixin.py:188} INFO - [2024-07-02T11:54:01.952+0000] {dag.py:3096} INFO - Sync 1 DAGs
[2024-07-02T11:54:01.976+0000] {logging_mixin.py:188} INFO - [2024-07-02T11:54:01.976+0000] {dag.py:3954} INFO - Setting next_dagrun for example_branch_operator to 2024-07-01 00:00:00+00:00, run_after=2024-07-02 00:00:00+00:00
[2024-07-02T11:54:02.001+0000] {processor.py:183} INFO - Processing /home/airflow/.local/lib/python3.12/site-packages/airflow/example_dags/example_branch_operator.py took 0.107 seconds
[2024-07-02T11:54:32.629+0000] {processor.py:161} INFO - Started process (PID=843) to work on /home/airflow/.local/lib/python3.12/site-packages/airflow/example_dags/example_branch_operator.py
[2024-07-02T11:54:32.633+0000] {processor.py:830} INFO - Processing file /home/airflow/.local/lib/python3.12/site-packages/airflow/example_dags/example_branch_operator.py for tasks to queue
[2024-07-02T11:54:32.647+0000] {logging_mixin.py:188} INFO - [2024-07-02T11:54:32.647+0000] {dagbag.py:545} INFO - Filling up the DagBag from /home/airflow/.local/lib/python3.12/site-packages/airflow/example_dags/example_branch_operator.py
[2024-07-02T11:54:32.664+0000] {processor.py:840} INFO - DAG(s) 'example_branch_operator' retrieved from /home/airflow/.local/lib/python3.12/site-packages/airflow/example_dags/example_branch_operator.py
[2024-07-02T11:54:32.689+0000] {logging_mixin.py:188} INFO - [2024-07-02T11:54:32.689+0000] {dag.py:3096} INFO - Sync 1 DAGs
[2024-07-02T11:54:32.707+0000] {logging_mixin.py:188} INFO - [2024-07-02T11:54:32.707+0000] {dag.py:3954} INFO - Setting next_dagrun for example_branch_operator to 2024-07-01 00:00:00+00:00, run_after=2024-07-02 00:00:00+00:00
[2024-07-02T11:54:32.729+0000] {processor.py:183} INFO - Processing /home/airflow/.local/lib/python3.12/site-packages/airflow/example_dags/example_branch_operator.py took 0.108 seconds
[2024-07-02T11:55:03.997+0000] {processor.py:161} INFO - Started process (PID=906) to work on /home/airflow/.local/lib/python3.12/site-packages/airflow/example_dags/example_branch_operator.py
[2024-07-02T11:55:04.000+0000] {processor.py:830} INFO - Processing file /home/airflow/.local/lib/python3.12/site-packages/airflow/example_dags/example_branch_operator.py for tasks to queue
[2024-07-02T11:55:04.002+0000] {logging_mixin.py:188} INFO - [2024-07-02T11:55:04.001+0000] {dagbag.py:545} INFO - Filling up the DagBag from /home/airflow/.local/lib/python3.12/site-packages/airflow/example_dags/example_branch_operator.py
[2024-07-02T11:55:04.019+0000] {processor.py:840} INFO - DAG(s) 'example_branch_operator' retrieved from /home/airflow/.local/lib/python3.12/site-packages/airflow/example_dags/example_branch_operator.py
[2024-07-02T11:55:04.052+0000] {logging_mixin.py:188} INFO - [2024-07-02T11:55:04.052+0000] {dag.py:3096} INFO - Sync 1 DAGs
[2024-07-02T11:55:04.077+0000] {logging_mixin.py:188} INFO - [2024-07-02T11:55:04.077+0000] {dag.py:3954} INFO - Setting next_dagrun for example_branch_operator to 2024-07-01 00:00:00+00:00, run_after=2024-07-02 00:00:00+00:00
[2024-07-02T11:55:04.101+0000] {processor.py:183} INFO - Processing /home/airflow/.local/lib/python3.12/site-packages/airflow/example_dags/example_branch_operator.py took 0.116 seconds
[2024-07-02T11:55:34.708+0000] {processor.py:161} INFO - Started process (PID=969) to work on /home/airflow/.local/lib/python3.12/site-packages/airflow/example_dags/example_branch_operator.py
[2024-07-02T11:55:34.709+0000] {processor.py:830} INFO - Processing file /home/airflow/.local/lib/python3.12/site-packages/airflow/example_dags/example_branch_operator.py for tasks to queue
[2024-07-02T11:55:34.710+0000] {logging_mixin.py:188} INFO - [2024-07-02T11:55:34.710+0000] {dagbag.py:545} INFO - Filling up the DagBag from /home/airflow/.local/lib/python3.12/site-packages/airflow/example_dags/example_branch_operator.py
[2024-07-02T11:55:34.725+0000] {processor.py:840} INFO - DAG(s) 'example_branch_operator' retrieved from /home/airflow/.local/lib/python3.12/site-packages/airflow/example_dags/example_branch_operator.py
[2024-07-02T11:55:34.752+0000] {logging_mixin.py:188} INFO - [2024-07-02T11:55:34.752+0000] {dag.py:3096} INFO - Sync 1 DAGs
[2024-07-02T11:55:34.773+0000] {logging_mixin.py:188} INFO - [2024-07-02T11:55:34.772+0000] {dag.py:3954} INFO - Setting next_dagrun for example_branch_operator to 2024-07-01 00:00:00+00:00, run_after=2024-07-02 00:00:00+00:00
[2024-07-02T11:55:34.798+0000] {processor.py:183} INFO - Processing /home/airflow/.local/lib/python3.12/site-packages/airflow/example_dags/example_branch_operator.py took 0.097 seconds
[2024-07-02T11:56:05.699+0000] {processor.py:161} INFO - Started process (PID=1032) to work on /home/airflow/.local/lib/python3.12/site-packages/airflow/example_dags/example_branch_operator.py
[2024-07-02T11:56:05.701+0000] {processor.py:830} INFO - Processing file /home/airflow/.local/lib/python3.12/site-packages/airflow/example_dags/example_branch_operator.py for tasks to queue
[2024-07-02T11:56:05.702+0000] {logging_mixin.py:188} INFO - [2024-07-02T11:56:05.702+0000] {dagbag.py:545} INFO - Filling up the DagBag from /home/airflow/.local/lib/python3.12/site-packages/airflow/example_dags/example_branch_operator.py
[2024-07-02T11:56:05.718+0000] {processor.py:840} INFO - DAG(s) 'example_branch_operator' retrieved from /home/airflow/.local/lib/python3.12/site-packages/airflow/example_dags/example_branch_operator.py
[2024-07-02T11:56:05.746+0000] {logging_mixin.py:188} INFO - [2024-07-02T11:56:05.745+0000] {dag.py:3096} INFO - Sync 1 DAGs
[2024-07-02T11:56:05.765+0000] {logging_mixin.py:188} INFO - [2024-07-02T11:56:05.765+0000] {dag.py:3954} INFO - Setting next_dagrun for example_branch_operator to 2024-07-01 00:00:00+00:00, run_after=2024-07-02 00:00:00+00:00
[2024-07-02T11:56:05.787+0000] {processor.py:183} INFO - Processing /home/airflow/.local/lib/python3.12/site-packages/airflow/example_dags/example_branch_operator.py took 0.095 seconds
[2024-07-02T11:56:36.475+0000] {processor.py:161} INFO - Started process (PID=1094) to work on /home/airflow/.local/lib/python3.12/site-packages/airflow/example_dags/example_branch_operator.py
[2024-07-02T11:56:36.477+0000] {processor.py:830} INFO - Processing file /home/airflow/.local/lib/python3.12/site-packages/airflow/example_dags/example_branch_operator.py for tasks to queue
[2024-07-02T11:56:36.478+0000] {logging_mixin.py:188} INFO - [2024-07-02T11:56:36.478+0000] {dagbag.py:545} INFO - Filling up the DagBag from /home/airflow/.local/lib/python3.12/site-packages/airflow/example_dags/example_branch_operator.py
[2024-07-02T11:56:36.491+0000] {processor.py:840} INFO - DAG(s) 'example_branch_operator' retrieved from /home/airflow/.local/lib/python3.12/site-packages/airflow/example_dags/example_branch_operator.py
[2024-07-02T11:56:36.515+0000] {logging_mixin.py:188} INFO - [2024-07-02T11:56:36.515+0000] {dag.py:3096} INFO - Sync 1 DAGs
[2024-07-02T11:56:36.536+0000] {logging_mixin.py:188} INFO - [2024-07-02T11:56:36.536+0000] {dag.py:3954} INFO - Setting next_dagrun for example_branch_operator to 2024-07-01 00:00:00+00:00, run_after=2024-07-02 00:00:00+00:00
[2024-07-02T11:56:36.556+0000] {processor.py:183} INFO - Processing /home/airflow/.local/lib/python3.12/site-packages/airflow/example_dags/example_branch_operator.py took 0.087 seconds
[2024-07-02T11:57:07.445+0000] {processor.py:161} INFO - Started process (PID=1157) to work on /home/airflow/.local/lib/python3.12/site-packages/airflow/example_dags/example_branch_operator.py
[2024-07-02T11:57:07.446+0000] {processor.py:830} INFO - Processing file /home/airflow/.local/lib/python3.12/site-packages/airflow/example_dags/example_branch_operator.py for tasks to queue
[2024-07-02T11:57:07.447+0000] {logging_mixin.py:188} INFO - [2024-07-02T11:57:07.447+0000] {dagbag.py:545} INFO - Filling up the DagBag from /home/airflow/.local/lib/python3.12/site-packages/airflow/example_dags/example_branch_operator.py
[2024-07-02T11:57:07.460+0000] {processor.py:840} INFO - DAG(s) 'example_branch_operator' retrieved from /home/airflow/.local/lib/python3.12/site-packages/airflow/example_dags/example_branch_operator.py
[2024-07-02T11:57:07.484+0000] {logging_mixin.py:188} INFO - [2024-07-02T11:57:07.484+0000] {dag.py:3096} INFO - Sync 1 DAGs
[2024-07-02T11:57:07.502+0000] {logging_mixin.py:188} INFO - [2024-07-02T11:57:07.502+0000] {dag.py:3954} INFO - Setting next_dagrun for example_branch_operator to 2024-07-01 00:00:00+00:00, run_after=2024-07-02 00:00:00+00:00
[2024-07-02T11:57:07.523+0000] {processor.py:183} INFO - Processing /home/airflow/.local/lib/python3.12/site-packages/airflow/example_dags/example_branch_operator.py took 0.084 seconds
[2024-07-02T11:57:38.330+0000] {processor.py:161} INFO - Started process (PID=1220) to work on /home/airflow/.local/lib/python3.12/site-packages/airflow/example_dags/example_branch_operator.py
[2024-07-02T11:57:38.332+0000] {processor.py:830} INFO - Processing file /home/airflow/.local/lib/python3.12/site-packages/airflow/example_dags/example_branch_operator.py for tasks to queue
[2024-07-02T11:57:38.333+0000] {logging_mixin.py:188} INFO - [2024-07-02T11:57:38.332+0000] {dagbag.py:545} INFO - Filling up the DagBag from /home/airflow/.local/lib/python3.12/site-packages/airflow/example_dags/example_branch_operator.py
[2024-07-02T11:57:38.347+0000] {processor.py:840} INFO - DAG(s) 'example_branch_operator' retrieved from /home/airflow/.local/lib/python3.12/site-packages/airflow/example_dags/example_branch_operator.py
[2024-07-02T11:57:38.369+0000] {logging_mixin.py:188} INFO - [2024-07-02T11:57:38.369+0000] {dag.py:3096} INFO - Sync 1 DAGs
[2024-07-02T11:57:38.387+0000] {logging_mixin.py:188} INFO - [2024-07-02T11:57:38.387+0000] {dag.py:3954} INFO - Setting next_dagrun for example_branch_operator to 2024-07-01 00:00:00+00:00, run_after=2024-07-02 00:00:00+00:00
[2024-07-02T11:57:38.407+0000] {processor.py:183} INFO - Processing /home/airflow/.local/lib/python3.12/site-packages/airflow/example_dags/example_branch_operator.py took 0.082 seconds
[2024-07-02T11:58:09.039+0000] {processor.py:161} INFO - Started process (PID=1283) to work on /home/airflow/.local/lib/python3.12/site-packages/airflow/example_dags/example_branch_operator.py
[2024-07-02T11:58:09.040+0000] {processor.py:830} INFO - Processing file /home/airflow/.local/lib/python3.12/site-packages/airflow/example_dags/example_branch_operator.py for tasks to queue
[2024-07-02T11:58:09.041+0000] {logging_mixin.py:188} INFO - [2024-07-02T11:58:09.041+0000] {dagbag.py:545} INFO - Filling up the DagBag from /home/airflow/.local/lib/python3.12/site-packages/airflow/example_dags/example_branch_operator.py
[2024-07-02T11:58:09.054+0000] {processor.py:840} INFO - DAG(s) 'example_branch_operator' retrieved from /home/airflow/.local/lib/python3.12/site-packages/airflow/example_dags/example_branch_operator.py
[2024-07-02T11:58:09.080+0000] {logging_mixin.py:188} INFO - [2024-07-02T11:58:09.079+0000] {dag.py:3096} INFO - Sync 1 DAGs
[2024-07-02T11:58:09.099+0000] {logging_mixin.py:188} INFO - [2024-07-02T11:58:09.099+0000] {dag.py:3954} INFO - Setting next_dagrun for example_branch_operator to 2024-07-01 00:00:00+00:00, run_after=2024-07-02 00:00:00+00:00
[2024-07-02T11:58:09.118+0000] {processor.py:183} INFO - Processing /home/airflow/.local/lib/python3.12/site-packages/airflow/example_dags/example_branch_operator.py took 0.085 seconds
[2024-07-02T11:58:39.732+0000] {processor.py:161} INFO - Started process (PID=1346) to work on /home/airflow/.local/lib/python3.12/site-packages/airflow/example_dags/example_branch_operator.py
[2024-07-02T11:58:39.733+0000] {processor.py:830} INFO - Processing file /home/airflow/.local/lib/python3.12/site-packages/airflow/example_dags/example_branch_operator.py for tasks to queue
[2024-07-02T11:58:39.734+0000] {logging_mixin.py:188} INFO - [2024-07-02T11:58:39.734+0000] {dagbag.py:545} INFO - Filling up the DagBag from /home/airflow/.local/lib/python3.12/site-packages/airflow/example_dags/example_branch_operator.py
[2024-07-02T11:58:39.746+0000] {processor.py:840} INFO - DAG(s) 'example_branch_operator' retrieved from /home/airflow/.local/lib/python3.12/site-packages/airflow/example_dags/example_branch_operator.py
[2024-07-02T11:58:39.772+0000] {logging_mixin.py:188} INFO - [2024-07-02T11:58:39.772+0000] {dag.py:3096} INFO - Sync 1 DAGs
[2024-07-02T11:58:39.790+0000] {logging_mixin.py:188} INFO - [2024-07-02T11:58:39.790+0000] {dag.py:3954} INFO - Setting next_dagrun for example_branch_operator to 2024-07-01 00:00:00+00:00, run_after=2024-07-02 00:00:00+00:00
[2024-07-02T11:58:39.809+0000] {processor.py:183} INFO - Processing /home/airflow/.local/lib/python3.12/site-packages/airflow/example_dags/example_branch_operator.py took 0.083 seconds
[2024-07-02T11:59:10.471+0000] {processor.py:161} INFO - Started process (PID=1409) to work on /home/airflow/.local/lib/python3.12/site-packages/airflow/example_dags/example_branch_operator.py
[2024-07-02T11:59:10.473+0000] {processor.py:830} INFO - Processing file /home/airflow/.local/lib/python3.12/site-packages/airflow/example_dags/example_branch_operator.py for tasks to queue
[2024-07-02T11:59:10.474+0000] {logging_mixin.py:188} INFO - [2024-07-02T11:59:10.473+0000] {dagbag.py:545} INFO - Filling up the DagBag from /home/airflow/.local/lib/python3.12/site-packages/airflow/example_dags/example_branch_operator.py
[2024-07-02T11:59:10.486+0000] {processor.py:840} INFO - DAG(s) 'example_branch_operator' retrieved from /home/airflow/.local/lib/python3.12/site-packages/airflow/example_dags/example_branch_operator.py
[2024-07-02T11:59:10.508+0000] {logging_mixin.py:188} INFO - [2024-07-02T11:59:10.508+0000] {dag.py:3096} INFO - Sync 1 DAGs
[2024-07-02T11:59:10.526+0000] {logging_mixin.py:188} INFO - [2024-07-02T11:59:10.526+0000] {dag.py:3954} INFO - Setting next_dagrun for example_branch_operator to 2024-07-01 00:00:00+00:00, run_after=2024-07-02 00:00:00+00:00
[2024-07-02T11:59:10.549+0000] {processor.py:183} INFO - Processing /home/airflow/.local/lib/python3.12/site-packages/airflow/example_dags/example_branch_operator.py took 0.084 seconds
[2024-07-02T11:59:41.969+0000] {processor.py:161} INFO - Started process (PID=1472) to work on /home/airflow/.local/lib/python3.12/site-packages/airflow/example_dags/example_branch_operator.py
[2024-07-02T11:59:41.970+0000] {processor.py:830} INFO - Processing file /home/airflow/.local/lib/python3.12/site-packages/airflow/example_dags/example_branch_operator.py for tasks to queue
[2024-07-02T11:59:41.972+0000] {logging_mixin.py:188} INFO - [2024-07-02T11:59:41.971+0000] {dagbag.py:545} INFO - Filling up the DagBag from /home/airflow/.local/lib/python3.12/site-packages/airflow/example_dags/example_branch_operator.py
[2024-07-02T11:59:41.989+0000] {processor.py:840} INFO - DAG(s) 'example_branch_operator' retrieved from /home/airflow/.local/lib/python3.12/site-packages/airflow/example_dags/example_branch_operator.py
[2024-07-02T11:59:42.022+0000] {logging_mixin.py:188} INFO - [2024-07-02T11:59:42.022+0000] {dag.py:3096} INFO - Sync 1 DAGs
[2024-07-02T11:59:42.189+0000] {logging_mixin.py:188} INFO - [2024-07-02T11:59:42.189+0000] {dag.py:3954} INFO - Setting next_dagrun for example_branch_operator to 2024-07-01 00:00:00+00:00, run_after=2024-07-02 00:00:00+00:00
[2024-07-02T11:59:42.213+0000] {processor.py:183} INFO - Processing /home/airflow/.local/lib/python3.12/site-packages/airflow/example_dags/example_branch_operator.py took 0.251 seconds
[2024-07-02T12:00:12.547+0000] {processor.py:161} INFO - Started process (PID=1535) to work on /home/airflow/.local/lib/python3.12/site-packages/airflow/example_dags/example_branch_operator.py
[2024-07-02T12:00:12.548+0000] {processor.py:830} INFO - Processing file /home/airflow/.local/lib/python3.12/site-packages/airflow/example_dags/example_branch_operator.py for tasks to queue
[2024-07-02T12:00:12.549+0000] {logging_mixin.py:188} INFO - [2024-07-02T12:00:12.549+0000] {dagbag.py:545} INFO - Filling up the DagBag from /home/airflow/.local/lib/python3.12/site-packages/airflow/example_dags/example_branch_operator.py
[2024-07-02T12:00:12.562+0000] {processor.py:840} INFO - DAG(s) 'example_branch_operator' retrieved from /home/airflow/.local/lib/python3.12/site-packages/airflow/example_dags/example_branch_operator.py
[2024-07-02T12:00:12.586+0000] {logging_mixin.py:188} INFO - [2024-07-02T12:00:12.585+0000] {dag.py:3096} INFO - Sync 1 DAGs
[2024-07-02T12:00:12.705+0000] {logging_mixin.py:188} INFO - [2024-07-02T12:00:12.704+0000] {dag.py:3954} INFO - Setting next_dagrun for example_branch_operator to 2024-07-01 00:00:00+00:00, run_after=2024-07-02 00:00:00+00:00
[2024-07-02T12:00:12.723+0000] {processor.py:183} INFO - Processing /home/airflow/.local/lib/python3.12/site-packages/airflow/example_dags/example_branch_operator.py took 0.181 seconds
[2024-07-02T12:00:43.576+0000] {processor.py:161} INFO - Started process (PID=1598) to work on /home/airflow/.local/lib/python3.12/site-packages/airflow/example_dags/example_branch_operator.py
[2024-07-02T12:00:43.577+0000] {processor.py:830} INFO - Processing file /home/airflow/.local/lib/python3.12/site-packages/airflow/example_dags/example_branch_operator.py for tasks to queue
[2024-07-02T12:00:43.578+0000] {logging_mixin.py:188} INFO - [2024-07-02T12:00:43.578+0000] {dagbag.py:545} INFO - Filling up the DagBag from /home/airflow/.local/lib/python3.12/site-packages/airflow/example_dags/example_branch_operator.py
[2024-07-02T12:00:43.590+0000] {processor.py:840} INFO - DAG(s) 'example_branch_operator' retrieved from /home/airflow/.local/lib/python3.12/site-packages/airflow/example_dags/example_branch_operator.py
[2024-07-02T12:00:43.614+0000] {logging_mixin.py:188} INFO - [2024-07-02T12:00:43.614+0000] {dag.py:3096} INFO - Sync 1 DAGs
[2024-07-02T12:00:43.633+0000] {logging_mixin.py:188} INFO - [2024-07-02T12:00:43.632+0000] {dag.py:3954} INFO - Setting next_dagrun for example_branch_operator to 2024-07-01 00:00:00+00:00, run_after=2024-07-02 00:00:00+00:00
[2024-07-02T12:00:43.756+0000] {processor.py:183} INFO - Processing /home/airflow/.local/lib/python3.12/site-packages/airflow/example_dags/example_branch_operator.py took 0.186 seconds
[2024-07-02T12:01:14.181+0000] {processor.py:161} INFO - Started process (PID=1661) to work on /home/airflow/.local/lib/python3.12/site-packages/airflow/example_dags/example_branch_operator.py
[2024-07-02T12:01:14.182+0000] {processor.py:830} INFO - Processing file /home/airflow/.local/lib/python3.12/site-packages/airflow/example_dags/example_branch_operator.py for tasks to queue
[2024-07-02T12:01:14.184+0000] {logging_mixin.py:188} INFO - [2024-07-02T12:01:14.183+0000] {dagbag.py:545} INFO - Filling up the DagBag from /home/airflow/.local/lib/python3.12/site-packages/airflow/example_dags/example_branch_operator.py
[2024-07-02T12:01:14.196+0000] {processor.py:840} INFO - DAG(s) 'example_branch_operator' retrieved from /home/airflow/.local/lib/python3.12/site-packages/airflow/example_dags/example_branch_operator.py
[2024-07-02T12:01:14.220+0000] {logging_mixin.py:188} INFO - [2024-07-02T12:01:14.220+0000] {dag.py:3096} INFO - Sync 1 DAGs
[2024-07-02T12:01:14.239+0000] {logging_mixin.py:188} INFO - [2024-07-02T12:01:14.239+0000] {dag.py:3954} INFO - Setting next_dagrun for example_branch_operator to 2024-07-01 00:00:00+00:00, run_after=2024-07-02 00:00:00+00:00
[2024-07-02T12:01:14.360+0000] {processor.py:183} INFO - Processing /home/airflow/.local/lib/python3.12/site-packages/airflow/example_dags/example_branch_operator.py took 0.185 seconds
[2024-07-02T12:01:46.270+0000] {processor.py:161} INFO - Started process (PID=1725) to work on /home/airflow/.local/lib/python3.12/site-packages/airflow/example_dags/example_branch_operator.py
[2024-07-02T12:01:46.271+0000] {processor.py:830} INFO - Processing file /home/airflow/.local/lib/python3.12/site-packages/airflow/example_dags/example_branch_operator.py for tasks to queue
[2024-07-02T12:01:46.273+0000] {logging_mixin.py:188} INFO - [2024-07-02T12:01:46.272+0000] {dagbag.py:545} INFO - Filling up the DagBag from /home/airflow/.local/lib/python3.12/site-packages/airflow/example_dags/example_branch_operator.py
[2024-07-02T12:01:46.285+0000] {processor.py:840} INFO - DAG(s) 'example_branch_operator' retrieved from /home/airflow/.local/lib/python3.12/site-packages/airflow/example_dags/example_branch_operator.py
[2024-07-02T12:01:46.311+0000] {logging_mixin.py:188} INFO - [2024-07-02T12:01:46.311+0000] {dag.py:3096} INFO - Sync 1 DAGs
[2024-07-02T12:01:46.330+0000] {logging_mixin.py:188} INFO - [2024-07-02T12:01:46.330+0000] {dag.py:3954} INFO - Setting next_dagrun for example_branch_operator to 2024-07-01 00:00:00+00:00, run_after=2024-07-02 00:00:00+00:00
[2024-07-02T12:01:46.353+0000] {processor.py:183} INFO - Processing /home/airflow/.local/lib/python3.12/site-packages/airflow/example_dags/example_branch_operator.py took 0.089 seconds
[2024-07-02T12:02:16.912+0000] {processor.py:161} INFO - Started process (PID=1787) to work on /home/airflow/.local/lib/python3.12/site-packages/airflow/example_dags/example_branch_operator.py
[2024-07-02T12:02:16.913+0000] {processor.py:830} INFO - Processing file /home/airflow/.local/lib/python3.12/site-packages/airflow/example_dags/example_branch_operator.py for tasks to queue
[2024-07-02T12:02:16.914+0000] {logging_mixin.py:188} INFO - [2024-07-02T12:02:16.914+0000] {dagbag.py:545} INFO - Filling up the DagBag from /home/airflow/.local/lib/python3.12/site-packages/airflow/example_dags/example_branch_operator.py
[2024-07-02T12:02:16.927+0000] {processor.py:840} INFO - DAG(s) 'example_branch_operator' retrieved from /home/airflow/.local/lib/python3.12/site-packages/airflow/example_dags/example_branch_operator.py
[2024-07-02T12:02:16.955+0000] {logging_mixin.py:188} INFO - [2024-07-02T12:02:16.954+0000] {dag.py:3096} INFO - Sync 1 DAGs
[2024-07-02T12:02:16.975+0000] {logging_mixin.py:188} INFO - [2024-07-02T12:02:16.974+0000] {dag.py:3954} INFO - Setting next_dagrun for example_branch_operator to 2024-07-01 00:00:00+00:00, run_after=2024-07-02 00:00:00+00:00
[2024-07-02T12:02:16.997+0000] {processor.py:183} INFO - Processing /home/airflow/.local/lib/python3.12/site-packages/airflow/example_dags/example_branch_operator.py took 0.094 seconds
[2024-07-02T12:02:47.186+0000] {processor.py:161} INFO - Started process (PID=1850) to work on /home/airflow/.local/lib/python3.12/site-packages/airflow/example_dags/example_branch_operator.py
[2024-07-02T12:02:47.187+0000] {processor.py:830} INFO - Processing file /home/airflow/.local/lib/python3.12/site-packages/airflow/example_dags/example_branch_operator.py for tasks to queue
[2024-07-02T12:02:47.189+0000] {logging_mixin.py:188} INFO - [2024-07-02T12:02:47.188+0000] {dagbag.py:545} INFO - Filling up the DagBag from /home/airflow/.local/lib/python3.12/site-packages/airflow/example_dags/example_branch_operator.py
[2024-07-02T12:02:47.201+0000] {processor.py:840} INFO - DAG(s) 'example_branch_operator' retrieved from /home/airflow/.local/lib/python3.12/site-packages/airflow/example_dags/example_branch_operator.py
[2024-07-02T12:02:47.226+0000] {logging_mixin.py:188} INFO - [2024-07-02T12:02:47.226+0000] {dag.py:3096} INFO - Sync 1 DAGs
[2024-07-02T12:02:47.245+0000] {logging_mixin.py:188} INFO - [2024-07-02T12:02:47.244+0000] {dag.py:3954} INFO - Setting next_dagrun for example_branch_operator to 2024-07-01 00:00:00+00:00, run_after=2024-07-02 00:00:00+00:00
[2024-07-02T12:02:47.263+0000] {processor.py:183} INFO - Processing /home/airflow/.local/lib/python3.12/site-packages/airflow/example_dags/example_branch_operator.py took 0.085 seconds
[2024-07-02T12:03:17.758+0000] {processor.py:161} INFO - Started process (PID=1913) to work on /home/airflow/.local/lib/python3.12/site-packages/airflow/example_dags/example_branch_operator.py
[2024-07-02T12:03:17.759+0000] {processor.py:830} INFO - Processing file /home/airflow/.local/lib/python3.12/site-packages/airflow/example_dags/example_branch_operator.py for tasks to queue
[2024-07-02T12:03:17.760+0000] {logging_mixin.py:188} INFO - [2024-07-02T12:03:17.760+0000] {dagbag.py:545} INFO - Filling up the DagBag from /home/airflow/.local/lib/python3.12/site-packages/airflow/example_dags/example_branch_operator.py
[2024-07-02T12:03:17.773+0000] {processor.py:840} INFO - DAG(s) 'example_branch_operator' retrieved from /home/airflow/.local/lib/python3.12/site-packages/airflow/example_dags/example_branch_operator.py
[2024-07-02T12:03:17.798+0000] {logging_mixin.py:188} INFO - [2024-07-02T12:03:17.798+0000] {dag.py:3096} INFO - Sync 1 DAGs
[2024-07-02T12:03:17.823+0000] {logging_mixin.py:188} INFO - [2024-07-02T12:03:17.822+0000] {dag.py:3954} INFO - Setting next_dagrun for example_branch_operator to 2024-07-01 00:00:00+00:00, run_after=2024-07-02 00:00:00+00:00
[2024-07-02T12:03:17.848+0000] {processor.py:183} INFO - Processing /home/airflow/.local/lib/python3.12/site-packages/airflow/example_dags/example_branch_operator.py took 0.097 seconds
[2024-07-02T12:03:48.880+0000] {processor.py:161} INFO - Started process (PID=1976) to work on /home/airflow/.local/lib/python3.12/site-packages/airflow/example_dags/example_branch_operator.py
[2024-07-02T12:03:48.881+0000] {processor.py:830} INFO - Processing file /home/airflow/.local/lib/python3.12/site-packages/airflow/example_dags/example_branch_operator.py for tasks to queue
[2024-07-02T12:03:48.882+0000] {logging_mixin.py:188} INFO - [2024-07-02T12:03:48.882+0000] {dagbag.py:545} INFO - Filling up the DagBag from /home/airflow/.local/lib/python3.12/site-packages/airflow/example_dags/example_branch_operator.py
[2024-07-02T12:03:48.898+0000] {processor.py:840} INFO - DAG(s) 'example_branch_operator' retrieved from /home/airflow/.local/lib/python3.12/site-packages/airflow/example_dags/example_branch_operator.py
[2024-07-02T12:03:48.934+0000] {logging_mixin.py:188} INFO - [2024-07-02T12:03:48.933+0000] {dag.py:3096} INFO - Sync 1 DAGs
[2024-07-02T12:03:48.957+0000] {logging_mixin.py:188} INFO - [2024-07-02T12:03:48.956+0000] {dag.py:3954} INFO - Setting next_dagrun for example_branch_operator to 2024-07-01 00:00:00+00:00, run_after=2024-07-02 00:00:00+00:00
[2024-07-02T12:03:48.994+0000] {processor.py:183} INFO - Processing /home/airflow/.local/lib/python3.12/site-packages/airflow/example_dags/example_branch_operator.py took 0.123 seconds
[2024-07-02T12:04:19.301+0000] {processor.py:161} INFO - Started process (PID=2039) to work on /home/airflow/.local/lib/python3.12/site-packages/airflow/example_dags/example_branch_operator.py
[2024-07-02T12:04:19.303+0000] {processor.py:830} INFO - Processing file /home/airflow/.local/lib/python3.12/site-packages/airflow/example_dags/example_branch_operator.py for tasks to queue
[2024-07-02T12:04:19.304+0000] {logging_mixin.py:188} INFO - [2024-07-02T12:04:19.304+0000] {dagbag.py:545} INFO - Filling up the DagBag from /home/airflow/.local/lib/python3.12/site-packages/airflow/example_dags/example_branch_operator.py
[2024-07-02T12:04:19.318+0000] {processor.py:840} INFO - DAG(s) 'example_branch_operator' retrieved from /home/airflow/.local/lib/python3.12/site-packages/airflow/example_dags/example_branch_operator.py
[2024-07-02T12:04:19.345+0000] {logging_mixin.py:188} INFO - [2024-07-02T12:04:19.344+0000] {dag.py:3096} INFO - Sync 1 DAGs
[2024-07-02T12:04:19.365+0000] {logging_mixin.py:188} INFO - [2024-07-02T12:04:19.365+0000] {dag.py:3954} INFO - Setting next_dagrun for example_branch_operator to 2024-07-01 00:00:00+00:00, run_after=2024-07-02 00:00:00+00:00
[2024-07-02T12:04:19.387+0000] {processor.py:183} INFO - Processing /home/airflow/.local/lib/python3.12/site-packages/airflow/example_dags/example_branch_operator.py took 0.094 seconds
[2024-07-02T12:04:50.025+0000] {processor.py:161} INFO - Started process (PID=2101) to work on /home/airflow/.local/lib/python3.12/site-packages/airflow/example_dags/example_branch_operator.py
[2024-07-02T12:04:50.026+0000] {processor.py:830} INFO - Processing file /home/airflow/.local/lib/python3.12/site-packages/airflow/example_dags/example_branch_operator.py for tasks to queue
[2024-07-02T12:04:50.027+0000] {logging_mixin.py:188} INFO - [2024-07-02T12:04:50.026+0000] {dagbag.py:545} INFO - Filling up the DagBag from /home/airflow/.local/lib/python3.12/site-packages/airflow/example_dags/example_branch_operator.py
[2024-07-02T12:04:50.040+0000] {processor.py:840} INFO - DAG(s) 'example_branch_operator' retrieved from /home/airflow/.local/lib/python3.12/site-packages/airflow/example_dags/example_branch_operator.py
[2024-07-02T12:04:50.064+0000] {logging_mixin.py:188} INFO - [2024-07-02T12:04:50.064+0000] {dag.py:3096} INFO - Sync 1 DAGs
[2024-07-02T12:04:50.085+0000] {logging_mixin.py:188} INFO - [2024-07-02T12:04:50.085+0000] {dag.py:3954} INFO - Setting next_dagrun for example_branch_operator to 2024-07-01 00:00:00+00:00, run_after=2024-07-02 00:00:00+00:00
[2024-07-02T12:04:50.105+0000] {processor.py:183} INFO - Processing /home/airflow/.local/lib/python3.12/site-packages/airflow/example_dags/example_branch_operator.py took 0.088 seconds
[2024-07-02T12:05:20.661+0000] {processor.py:161} INFO - Started process (PID=2164) to work on /home/airflow/.local/lib/python3.12/site-packages/airflow/example_dags/example_branch_operator.py
[2024-07-02T12:05:20.662+0000] {processor.py:830} INFO - Processing file /home/airflow/.local/lib/python3.12/site-packages/airflow/example_dags/example_branch_operator.py for tasks to queue
[2024-07-02T12:05:20.663+0000] {logging_mixin.py:188} INFO - [2024-07-02T12:05:20.663+0000] {dagbag.py:545} INFO - Filling up the DagBag from /home/airflow/.local/lib/python3.12/site-packages/airflow/example_dags/example_branch_operator.py
[2024-07-02T12:05:20.675+0000] {processor.py:840} INFO - DAG(s) 'example_branch_operator' retrieved from /home/airflow/.local/lib/python3.12/site-packages/airflow/example_dags/example_branch_operator.py
[2024-07-02T12:05:20.699+0000] {logging_mixin.py:188} INFO - [2024-07-02T12:05:20.699+0000] {dag.py:3096} INFO - Sync 1 DAGs
[2024-07-02T12:05:20.718+0000] {logging_mixin.py:188} INFO - [2024-07-02T12:05:20.718+0000] {dag.py:3954} INFO - Setting next_dagrun for example_branch_operator to 2024-07-01 00:00:00+00:00, run_after=2024-07-02 00:00:00+00:00
[2024-07-02T12:05:20.737+0000] {processor.py:183} INFO - Processing /home/airflow/.local/lib/python3.12/site-packages/airflow/example_dags/example_branch_operator.py took 0.085 seconds
[2024-07-02T12:07:44.132+0000] {processor.py:161} INFO - Started process (PID=72) to work on /home/airflow/.local/lib/python3.12/site-packages/airflow/example_dags/example_branch_operator.py
[2024-07-02T12:07:44.134+0000] {processor.py:830} INFO - Processing file /home/airflow/.local/lib/python3.12/site-packages/airflow/example_dags/example_branch_operator.py for tasks to queue
[2024-07-02T12:07:44.136+0000] {logging_mixin.py:188} INFO - [2024-07-02T12:07:44.136+0000] {dagbag.py:545} INFO - Filling up the DagBag from /home/airflow/.local/lib/python3.12/site-packages/airflow/example_dags/example_branch_operator.py
[2024-07-02T12:07:44.149+0000] {processor.py:840} INFO - DAG(s) 'example_branch_operator' retrieved from /home/airflow/.local/lib/python3.12/site-packages/airflow/example_dags/example_branch_operator.py
[2024-07-02T12:07:44.162+0000] {logging_mixin.py:188} INFO - [2024-07-02T12:07:44.161+0000] {dag.py:3096} INFO - Sync 1 DAGs
[2024-07-02T12:07:44.184+0000] {logging_mixin.py:188} INFO - [2024-07-02T12:07:44.183+0000] {dag.py:3954} INFO - Setting next_dagrun for example_branch_operator to 2024-07-01 00:00:00+00:00, run_after=2024-07-02 00:00:00+00:00
[2024-07-02T12:07:44.209+0000] {processor.py:183} INFO - Processing /home/airflow/.local/lib/python3.12/site-packages/airflow/example_dags/example_branch_operator.py took 0.082 seconds
[2024-07-02T12:08:15.681+0000] {processor.py:161} INFO - Started process (PID=135) to work on /home/airflow/.local/lib/python3.12/site-packages/airflow/example_dags/example_branch_operator.py
[2024-07-02T12:08:15.682+0000] {processor.py:830} INFO - Processing file /home/airflow/.local/lib/python3.12/site-packages/airflow/example_dags/example_branch_operator.py for tasks to queue
[2024-07-02T12:08:15.684+0000] {logging_mixin.py:188} INFO - [2024-07-02T12:08:15.684+0000] {dagbag.py:545} INFO - Filling up the DagBag from /home/airflow/.local/lib/python3.12/site-packages/airflow/example_dags/example_branch_operator.py
[2024-07-02T12:08:15.697+0000] {processor.py:840} INFO - DAG(s) 'example_branch_operator' retrieved from /home/airflow/.local/lib/python3.12/site-packages/airflow/example_dags/example_branch_operator.py
[2024-07-02T12:08:15.788+0000] {logging_mixin.py:188} INFO - [2024-07-02T12:08:15.788+0000] {dag.py:3096} INFO - Sync 1 DAGs
[2024-07-02T12:08:15.805+0000] {logging_mixin.py:188} INFO - [2024-07-02T12:08:15.805+0000] {dag.py:3954} INFO - Setting next_dagrun for example_branch_operator to 2024-07-01 00:00:00+00:00, run_after=2024-07-02 00:00:00+00:00
[2024-07-02T12:08:15.822+0000] {processor.py:183} INFO - Processing /home/airflow/.local/lib/python3.12/site-packages/airflow/example_dags/example_branch_operator.py took 0.147 seconds
[2024-07-02T12:08:46.117+0000] {processor.py:161} INFO - Started process (PID=198) to work on /home/airflow/.local/lib/python3.12/site-packages/airflow/example_dags/example_branch_operator.py
[2024-07-02T12:08:46.118+0000] {processor.py:830} INFO - Processing file /home/airflow/.local/lib/python3.12/site-packages/airflow/example_dags/example_branch_operator.py for tasks to queue
[2024-07-02T12:08:46.120+0000] {logging_mixin.py:188} INFO - [2024-07-02T12:08:46.119+0000] {dagbag.py:545} INFO - Filling up the DagBag from /home/airflow/.local/lib/python3.12/site-packages/airflow/example_dags/example_branch_operator.py
[2024-07-02T12:08:46.132+0000] {processor.py:840} INFO - DAG(s) 'example_branch_operator' retrieved from /home/airflow/.local/lib/python3.12/site-packages/airflow/example_dags/example_branch_operator.py
[2024-07-02T12:08:46.154+0000] {logging_mixin.py:188} INFO - [2024-07-02T12:08:46.154+0000] {dag.py:3096} INFO - Sync 1 DAGs
[2024-07-02T12:08:46.170+0000] {logging_mixin.py:188} INFO - [2024-07-02T12:08:46.170+0000] {dag.py:3954} INFO - Setting next_dagrun for example_branch_operator to 2024-07-01 00:00:00+00:00, run_after=2024-07-02 00:00:00+00:00
[2024-07-02T12:08:46.188+0000] {processor.py:183} INFO - Processing /home/airflow/.local/lib/python3.12/site-packages/airflow/example_dags/example_branch_operator.py took 0.076 seconds
[2024-07-02T12:09:17.068+0000] {processor.py:161} INFO - Started process (PID=261) to work on /home/airflow/.local/lib/python3.12/site-packages/airflow/example_dags/example_branch_operator.py
[2024-07-02T12:09:17.069+0000] {processor.py:830} INFO - Processing file /home/airflow/.local/lib/python3.12/site-packages/airflow/example_dags/example_branch_operator.py for tasks to queue
[2024-07-02T12:09:17.071+0000] {logging_mixin.py:188} INFO - [2024-07-02T12:09:17.071+0000] {dagbag.py:545} INFO - Filling up the DagBag from /home/airflow/.local/lib/python3.12/site-packages/airflow/example_dags/example_branch_operator.py
[2024-07-02T12:09:17.085+0000] {processor.py:840} INFO - DAG(s) 'example_branch_operator' retrieved from /home/airflow/.local/lib/python3.12/site-packages/airflow/example_dags/example_branch_operator.py
[2024-07-02T12:09:17.096+0000] {logging_mixin.py:188} INFO - [2024-07-02T12:09:17.096+0000] {dag.py:3096} INFO - Sync 1 DAGs
[2024-07-02T12:09:17.115+0000] {logging_mixin.py:188} INFO - [2024-07-02T12:09:17.115+0000] {dag.py:3954} INFO - Setting next_dagrun for example_branch_operator to 2024-07-01 00:00:00+00:00, run_after=2024-07-02 00:00:00+00:00
[2024-07-02T12:09:17.134+0000] {processor.py:183} INFO - Processing /home/airflow/.local/lib/python3.12/site-packages/airflow/example_dags/example_branch_operator.py took 0.072 seconds
[2024-07-02T12:09:49.191+0000] {processor.py:161} INFO - Started process (PID=324) to work on /home/airflow/.local/lib/python3.12/site-packages/airflow/example_dags/example_branch_operator.py
[2024-07-02T12:09:49.192+0000] {processor.py:830} INFO - Processing file /home/airflow/.local/lib/python3.12/site-packages/airflow/example_dags/example_branch_operator.py for tasks to queue
[2024-07-02T12:09:49.194+0000] {logging_mixin.py:188} INFO - [2024-07-02T12:09:49.194+0000] {dagbag.py:545} INFO - Filling up the DagBag from /home/airflow/.local/lib/python3.12/site-packages/airflow/example_dags/example_branch_operator.py
[2024-07-02T12:09:49.208+0000] {processor.py:840} INFO - DAG(s) 'example_branch_operator' retrieved from /home/airflow/.local/lib/python3.12/site-packages/airflow/example_dags/example_branch_operator.py
[2024-07-02T12:09:49.301+0000] {logging_mixin.py:188} INFO - [2024-07-02T12:09:49.301+0000] {dag.py:3096} INFO - Sync 1 DAGs
[2024-07-02T12:09:49.320+0000] {logging_mixin.py:188} INFO - [2024-07-02T12:09:49.320+0000] {dag.py:3954} INFO - Setting next_dagrun for example_branch_operator to 2024-07-01 00:00:00+00:00, run_after=2024-07-02 00:00:00+00:00
[2024-07-02T12:09:49.346+0000] {processor.py:183} INFO - Processing /home/airflow/.local/lib/python3.12/site-packages/airflow/example_dags/example_branch_operator.py took 0.161 seconds
[2024-07-02T12:10:20.097+0000] {processor.py:161} INFO - Started process (PID=387) to work on /home/airflow/.local/lib/python3.12/site-packages/airflow/example_dags/example_branch_operator.py
[2024-07-02T12:10:20.098+0000] {processor.py:830} INFO - Processing file /home/airflow/.local/lib/python3.12/site-packages/airflow/example_dags/example_branch_operator.py for tasks to queue
[2024-07-02T12:10:20.100+0000] {logging_mixin.py:188} INFO - [2024-07-02T12:10:20.100+0000] {dagbag.py:545} INFO - Filling up the DagBag from /home/airflow/.local/lib/python3.12/site-packages/airflow/example_dags/example_branch_operator.py
[2024-07-02T12:10:20.114+0000] {processor.py:840} INFO - DAG(s) 'example_branch_operator' retrieved from /home/airflow/.local/lib/python3.12/site-packages/airflow/example_dags/example_branch_operator.py
[2024-07-02T12:10:20.143+0000] {logging_mixin.py:188} INFO - [2024-07-02T12:10:20.143+0000] {dag.py:3096} INFO - Sync 1 DAGs
[2024-07-02T12:10:20.164+0000] {logging_mixin.py:188} INFO - [2024-07-02T12:10:20.164+0000] {dag.py:3954} INFO - Setting next_dagrun for example_branch_operator to 2024-07-01 00:00:00+00:00, run_after=2024-07-02 00:00:00+00:00
[2024-07-02T12:10:20.185+0000] {processor.py:183} INFO - Processing /home/airflow/.local/lib/python3.12/site-packages/airflow/example_dags/example_branch_operator.py took 0.094 seconds
[2024-07-02T12:10:50.674+0000] {processor.py:161} INFO - Started process (PID=450) to work on /home/airflow/.local/lib/python3.12/site-packages/airflow/example_dags/example_branch_operator.py
[2024-07-02T12:10:50.676+0000] {processor.py:830} INFO - Processing file /home/airflow/.local/lib/python3.12/site-packages/airflow/example_dags/example_branch_operator.py for tasks to queue
[2024-07-02T12:10:50.678+0000] {logging_mixin.py:188} INFO - [2024-07-02T12:10:50.677+0000] {dagbag.py:545} INFO - Filling up the DagBag from /home/airflow/.local/lib/python3.12/site-packages/airflow/example_dags/example_branch_operator.py
[2024-07-02T12:10:50.694+0000] {processor.py:840} INFO - DAG(s) 'example_branch_operator' retrieved from /home/airflow/.local/lib/python3.12/site-packages/airflow/example_dags/example_branch_operator.py
[2024-07-02T12:10:50.720+0000] {logging_mixin.py:188} INFO - [2024-07-02T12:10:50.720+0000] {dag.py:3096} INFO - Sync 1 DAGs
[2024-07-02T12:10:50.740+0000] {logging_mixin.py:188} INFO - [2024-07-02T12:10:50.740+0000] {dag.py:3954} INFO - Setting next_dagrun for example_branch_operator to 2024-07-01 00:00:00+00:00, run_after=2024-07-02 00:00:00+00:00
[2024-07-02T12:10:50.758+0000] {processor.py:183} INFO - Processing /home/airflow/.local/lib/python3.12/site-packages/airflow/example_dags/example_branch_operator.py took 0.090 seconds
[2024-07-02T12:11:21.307+0000] {processor.py:161} INFO - Started process (PID=514) to work on /home/airflow/.local/lib/python3.12/site-packages/airflow/example_dags/example_branch_operator.py
[2024-07-02T12:11:21.308+0000] {processor.py:830} INFO - Processing file /home/airflow/.local/lib/python3.12/site-packages/airflow/example_dags/example_branch_operator.py for tasks to queue
[2024-07-02T12:11:21.310+0000] {logging_mixin.py:188} INFO - [2024-07-02T12:11:21.310+0000] {dagbag.py:545} INFO - Filling up the DagBag from /home/airflow/.local/lib/python3.12/site-packages/airflow/example_dags/example_branch_operator.py
[2024-07-02T12:11:21.323+0000] {processor.py:840} INFO - DAG(s) 'example_branch_operator' retrieved from /home/airflow/.local/lib/python3.12/site-packages/airflow/example_dags/example_branch_operator.py
[2024-07-02T12:11:21.348+0000] {logging_mixin.py:188} INFO - [2024-07-02T12:11:21.347+0000] {dag.py:3096} INFO - Sync 1 DAGs
[2024-07-02T12:11:21.366+0000] {logging_mixin.py:188} INFO - [2024-07-02T12:11:21.365+0000] {dag.py:3954} INFO - Setting next_dagrun for example_branch_operator to 2024-07-01 00:00:00+00:00, run_after=2024-07-02 00:00:00+00:00
[2024-07-02T12:11:21.382+0000] {processor.py:183} INFO - Processing /home/airflow/.local/lib/python3.12/site-packages/airflow/example_dags/example_branch_operator.py took 0.081 seconds
[2024-07-02T12:11:51.650+0000] {processor.py:161} INFO - Started process (PID=577) to work on /home/airflow/.local/lib/python3.12/site-packages/airflow/example_dags/example_branch_operator.py
[2024-07-02T12:11:51.651+0000] {processor.py:830} INFO - Processing file /home/airflow/.local/lib/python3.12/site-packages/airflow/example_dags/example_branch_operator.py for tasks to queue
[2024-07-02T12:11:51.653+0000] {logging_mixin.py:188} INFO - [2024-07-02T12:11:51.652+0000] {dagbag.py:545} INFO - Filling up the DagBag from /home/airflow/.local/lib/python3.12/site-packages/airflow/example_dags/example_branch_operator.py
[2024-07-02T12:11:51.667+0000] {processor.py:840} INFO - DAG(s) 'example_branch_operator' retrieved from /home/airflow/.local/lib/python3.12/site-packages/airflow/example_dags/example_branch_operator.py
[2024-07-02T12:11:51.691+0000] {logging_mixin.py:188} INFO - [2024-07-02T12:11:51.690+0000] {dag.py:3096} INFO - Sync 1 DAGs
[2024-07-02T12:11:51.710+0000] {logging_mixin.py:188} INFO - [2024-07-02T12:11:51.710+0000] {dag.py:3954} INFO - Setting next_dagrun for example_branch_operator to 2024-07-01 00:00:00+00:00, run_after=2024-07-02 00:00:00+00:00
[2024-07-02T12:11:51.731+0000] {processor.py:183} INFO - Processing /home/airflow/.local/lib/python3.12/site-packages/airflow/example_dags/example_branch_operator.py took 0.087 seconds
[2024-07-02T12:12:22.422+0000] {processor.py:161} INFO - Started process (PID=640) to work on /home/airflow/.local/lib/python3.12/site-packages/airflow/example_dags/example_branch_operator.py
[2024-07-02T12:12:22.423+0000] {processor.py:830} INFO - Processing file /home/airflow/.local/lib/python3.12/site-packages/airflow/example_dags/example_branch_operator.py for tasks to queue
[2024-07-02T12:12:22.425+0000] {logging_mixin.py:188} INFO - [2024-07-02T12:12:22.425+0000] {dagbag.py:545} INFO - Filling up the DagBag from /home/airflow/.local/lib/python3.12/site-packages/airflow/example_dags/example_branch_operator.py
[2024-07-02T12:12:22.439+0000] {processor.py:840} INFO - DAG(s) 'example_branch_operator' retrieved from /home/airflow/.local/lib/python3.12/site-packages/airflow/example_dags/example_branch_operator.py
[2024-07-02T12:12:22.469+0000] {logging_mixin.py:188} INFO - [2024-07-02T12:12:22.468+0000] {dag.py:3096} INFO - Sync 1 DAGs
[2024-07-02T12:12:22.491+0000] {logging_mixin.py:188} INFO - [2024-07-02T12:12:22.490+0000] {dag.py:3954} INFO - Setting next_dagrun for example_branch_operator to 2024-07-01 00:00:00+00:00, run_after=2024-07-02 00:00:00+00:00
[2024-07-02T12:12:22.516+0000] {processor.py:183} INFO - Processing /home/airflow/.local/lib/python3.12/site-packages/airflow/example_dags/example_branch_operator.py took 0.101 seconds
[2024-07-02T12:12:54.075+0000] {processor.py:161} INFO - Started process (PID=703) to work on /home/airflow/.local/lib/python3.12/site-packages/airflow/example_dags/example_branch_operator.py
[2024-07-02T12:12:54.076+0000] {processor.py:830} INFO - Processing file /home/airflow/.local/lib/python3.12/site-packages/airflow/example_dags/example_branch_operator.py for tasks to queue
[2024-07-02T12:12:54.078+0000] {logging_mixin.py:188} INFO - [2024-07-02T12:12:54.078+0000] {dagbag.py:545} INFO - Filling up the DagBag from /home/airflow/.local/lib/python3.12/site-packages/airflow/example_dags/example_branch_operator.py
[2024-07-02T12:12:54.091+0000] {processor.py:840} INFO - DAG(s) 'example_branch_operator' retrieved from /home/airflow/.local/lib/python3.12/site-packages/airflow/example_dags/example_branch_operator.py
[2024-07-02T12:12:54.116+0000] {logging_mixin.py:188} INFO - [2024-07-02T12:12:54.116+0000] {dag.py:3096} INFO - Sync 1 DAGs
[2024-07-02T12:12:54.135+0000] {logging_mixin.py:188} INFO - [2024-07-02T12:12:54.134+0000] {dag.py:3954} INFO - Setting next_dagrun for example_branch_operator to 2024-07-01 00:00:00+00:00, run_after=2024-07-02 00:00:00+00:00
[2024-07-02T12:12:54.160+0000] {processor.py:183} INFO - Processing /home/airflow/.local/lib/python3.12/site-packages/airflow/example_dags/example_branch_operator.py took 0.090 seconds
[2024-07-02T12:13:25.430+0000] {processor.py:161} INFO - Started process (PID=766) to work on /home/airflow/.local/lib/python3.12/site-packages/airflow/example_dags/example_branch_operator.py
[2024-07-02T12:13:25.431+0000] {processor.py:830} INFO - Processing file /home/airflow/.local/lib/python3.12/site-packages/airflow/example_dags/example_branch_operator.py for tasks to queue
[2024-07-02T12:13:25.433+0000] {logging_mixin.py:188} INFO - [2024-07-02T12:13:25.432+0000] {dagbag.py:545} INFO - Filling up the DagBag from /home/airflow/.local/lib/python3.12/site-packages/airflow/example_dags/example_branch_operator.py
[2024-07-02T12:13:25.448+0000] {processor.py:840} INFO - DAG(s) 'example_branch_operator' retrieved from /home/airflow/.local/lib/python3.12/site-packages/airflow/example_dags/example_branch_operator.py
[2024-07-02T12:13:25.480+0000] {logging_mixin.py:188} INFO - [2024-07-02T12:13:25.479+0000] {dag.py:3096} INFO - Sync 1 DAGs
[2024-07-02T12:13:25.503+0000] {logging_mixin.py:188} INFO - [2024-07-02T12:13:25.503+0000] {dag.py:3954} INFO - Setting next_dagrun for example_branch_operator to 2024-07-01 00:00:00+00:00, run_after=2024-07-02 00:00:00+00:00
[2024-07-02T12:13:25.530+0000] {processor.py:183} INFO - Processing /home/airflow/.local/lib/python3.12/site-packages/airflow/example_dags/example_branch_operator.py took 0.108 seconds
[2024-07-02T12:13:55.741+0000] {processor.py:161} INFO - Started process (PID=829) to work on /home/airflow/.local/lib/python3.12/site-packages/airflow/example_dags/example_branch_operator.py
[2024-07-02T12:13:55.743+0000] {processor.py:830} INFO - Processing file /home/airflow/.local/lib/python3.12/site-packages/airflow/example_dags/example_branch_operator.py for tasks to queue
[2024-07-02T12:13:55.745+0000] {logging_mixin.py:188} INFO - [2024-07-02T12:13:55.744+0000] {dagbag.py:545} INFO - Filling up the DagBag from /home/airflow/.local/lib/python3.12/site-packages/airflow/example_dags/example_branch_operator.py
[2024-07-02T12:13:55.758+0000] {processor.py:840} INFO - DAG(s) 'example_branch_operator' retrieved from /home/airflow/.local/lib/python3.12/site-packages/airflow/example_dags/example_branch_operator.py
[2024-07-02T12:13:55.784+0000] {logging_mixin.py:188} INFO - [2024-07-02T12:13:55.783+0000] {dag.py:3096} INFO - Sync 1 DAGs
[2024-07-02T12:13:55.803+0000] {logging_mixin.py:188} INFO - [2024-07-02T12:13:55.803+0000] {dag.py:3954} INFO - Setting next_dagrun for example_branch_operator to 2024-07-01 00:00:00+00:00, run_after=2024-07-02 00:00:00+00:00
[2024-07-02T12:13:55.826+0000] {processor.py:183} INFO - Processing /home/airflow/.local/lib/python3.12/site-packages/airflow/example_dags/example_branch_operator.py took 0.091 seconds
[2024-07-02T12:14:26.573+0000] {processor.py:161} INFO - Started process (PID=892) to work on /home/airflow/.local/lib/python3.12/site-packages/airflow/example_dags/example_branch_operator.py
[2024-07-02T12:14:26.575+0000] {processor.py:830} INFO - Processing file /home/airflow/.local/lib/python3.12/site-packages/airflow/example_dags/example_branch_operator.py for tasks to queue
[2024-07-02T12:14:26.577+0000] {logging_mixin.py:188} INFO - [2024-07-02T12:14:26.577+0000] {dagbag.py:545} INFO - Filling up the DagBag from /home/airflow/.local/lib/python3.12/site-packages/airflow/example_dags/example_branch_operator.py
[2024-07-02T12:14:26.591+0000] {processor.py:840} INFO - DAG(s) 'example_branch_operator' retrieved from /home/airflow/.local/lib/python3.12/site-packages/airflow/example_dags/example_branch_operator.py
[2024-07-02T12:14:26.603+0000] {logging_mixin.py:188} INFO - [2024-07-02T12:14:26.602+0000] {dag.py:3096} INFO - Sync 1 DAGs
[2024-07-02T12:14:26.623+0000] {logging_mixin.py:188} INFO - [2024-07-02T12:14:26.623+0000] {dag.py:3954} INFO - Setting next_dagrun for example_branch_operator to 2024-07-01 00:00:00+00:00, run_after=2024-07-02 00:00:00+00:00
[2024-07-02T12:14:26.647+0000] {processor.py:183} INFO - Processing /home/airflow/.local/lib/python3.12/site-packages/airflow/example_dags/example_branch_operator.py took 0.079 seconds
[2024-07-02T12:14:58.613+0000] {processor.py:161} INFO - Started process (PID=955) to work on /home/airflow/.local/lib/python3.12/site-packages/airflow/example_dags/example_branch_operator.py
[2024-07-02T12:14:58.614+0000] {processor.py:830} INFO - Processing file /home/airflow/.local/lib/python3.12/site-packages/airflow/example_dags/example_branch_operator.py for tasks to queue
[2024-07-02T12:14:58.617+0000] {logging_mixin.py:188} INFO - [2024-07-02T12:14:58.616+0000] {dagbag.py:545} INFO - Filling up the DagBag from /home/airflow/.local/lib/python3.12/site-packages/airflow/example_dags/example_branch_operator.py
[2024-07-02T12:14:58.629+0000] {processor.py:840} INFO - DAG(s) 'example_branch_operator' retrieved from /home/airflow/.local/lib/python3.12/site-packages/airflow/example_dags/example_branch_operator.py
[2024-07-02T12:14:58.717+0000] {logging_mixin.py:188} INFO - [2024-07-02T12:14:58.717+0000] {dag.py:3096} INFO - Sync 1 DAGs
[2024-07-02T12:14:58.734+0000] {logging_mixin.py:188} INFO - [2024-07-02T12:14:58.734+0000] {dag.py:3954} INFO - Setting next_dagrun for example_branch_operator to 2024-07-01 00:00:00+00:00, run_after=2024-07-02 00:00:00+00:00
[2024-07-02T12:14:58.755+0000] {processor.py:183} INFO - Processing /home/airflow/.local/lib/python3.12/site-packages/airflow/example_dags/example_branch_operator.py took 0.148 seconds
[2024-07-02T12:15:29.018+0000] {processor.py:161} INFO - Started process (PID=1024) to work on /home/airflow/.local/lib/python3.12/site-packages/airflow/example_dags/example_branch_operator.py
[2024-07-02T12:15:29.019+0000] {processor.py:830} INFO - Processing file /home/airflow/.local/lib/python3.12/site-packages/airflow/example_dags/example_branch_operator.py for tasks to queue
[2024-07-02T12:15:29.021+0000] {logging_mixin.py:188} INFO - [2024-07-02T12:15:29.021+0000] {dagbag.py:545} INFO - Filling up the DagBag from /home/airflow/.local/lib/python3.12/site-packages/airflow/example_dags/example_branch_operator.py
[2024-07-02T12:15:29.034+0000] {processor.py:840} INFO - DAG(s) 'example_branch_operator' retrieved from /home/airflow/.local/lib/python3.12/site-packages/airflow/example_dags/example_branch_operator.py
[2024-07-02T12:15:29.061+0000] {logging_mixin.py:188} INFO - [2024-07-02T12:15:29.061+0000] {dag.py:3096} INFO - Sync 1 DAGs
[2024-07-02T12:15:29.080+0000] {logging_mixin.py:188} INFO - [2024-07-02T12:15:29.080+0000] {dag.py:3954} INFO - Setting next_dagrun for example_branch_operator to 2024-07-01 00:00:00+00:00, run_after=2024-07-02 00:00:00+00:00
[2024-07-02T12:15:29.102+0000] {processor.py:183} INFO - Processing /home/airflow/.local/lib/python3.12/site-packages/airflow/example_dags/example_branch_operator.py took 0.089 seconds
[2024-07-02T12:18:53.620+0000] {processor.py:161} INFO - Started process (PID=75) to work on /home/airflow/.local/lib/python3.12/site-packages/airflow/example_dags/example_branch_operator.py
[2024-07-02T12:18:53.622+0000] {processor.py:830} INFO - Processing file /home/airflow/.local/lib/python3.12/site-packages/airflow/example_dags/example_branch_operator.py for tasks to queue
[2024-07-02T12:18:53.624+0000] {logging_mixin.py:188} INFO - [2024-07-02T12:18:53.623+0000] {dagbag.py:545} INFO - Filling up the DagBag from /home/airflow/.local/lib/python3.12/site-packages/airflow/example_dags/example_branch_operator.py
[2024-07-02T12:18:53.640+0000] {processor.py:840} INFO - DAG(s) 'example_branch_operator' retrieved from /home/airflow/.local/lib/python3.12/site-packages/airflow/example_dags/example_branch_operator.py
[2024-07-02T12:18:53.654+0000] {logging_mixin.py:188} INFO - [2024-07-02T12:18:53.654+0000] {dag.py:3096} INFO - Sync 1 DAGs
[2024-07-02T12:18:53.677+0000] {logging_mixin.py:188} INFO - [2024-07-02T12:18:53.677+0000] {dag.py:3954} INFO - Setting next_dagrun for example_branch_operator to 2024-07-01 00:00:00+00:00, run_after=2024-07-02 00:00:00+00:00
[2024-07-02T12:18:53.703+0000] {processor.py:183} INFO - Processing /home/airflow/.local/lib/python3.12/site-packages/airflow/example_dags/example_branch_operator.py took 0.089 seconds
[2024-07-02T12:19:26.347+0000] {processor.py:161} INFO - Started process (PID=138) to work on /home/airflow/.local/lib/python3.12/site-packages/airflow/example_dags/example_branch_operator.py
[2024-07-02T12:19:26.349+0000] {processor.py:830} INFO - Processing file /home/airflow/.local/lib/python3.12/site-packages/airflow/example_dags/example_branch_operator.py for tasks to queue
[2024-07-02T12:19:26.351+0000] {logging_mixin.py:188} INFO - [2024-07-02T12:19:26.351+0000] {dagbag.py:545} INFO - Filling up the DagBag from /home/airflow/.local/lib/python3.12/site-packages/airflow/example_dags/example_branch_operator.py
[2024-07-02T12:19:26.365+0000] {processor.py:840} INFO - DAG(s) 'example_branch_operator' retrieved from /home/airflow/.local/lib/python3.12/site-packages/airflow/example_dags/example_branch_operator.py
[2024-07-02T12:19:26.474+0000] {logging_mixin.py:188} INFO - [2024-07-02T12:19:26.473+0000] {dag.py:3096} INFO - Sync 1 DAGs
[2024-07-02T12:19:26.503+0000] {logging_mixin.py:188} INFO - [2024-07-02T12:19:26.503+0000] {dag.py:3954} INFO - Setting next_dagrun for example_branch_operator to 2024-07-01 00:00:00+00:00, run_after=2024-07-02 00:00:00+00:00
[2024-07-02T12:19:26.528+0000] {processor.py:183} INFO - Processing /home/airflow/.local/lib/python3.12/site-packages/airflow/example_dags/example_branch_operator.py took 0.185 seconds
[2024-07-02T12:19:56.758+0000] {processor.py:161} INFO - Started process (PID=201) to work on /home/airflow/.local/lib/python3.12/site-packages/airflow/example_dags/example_branch_operator.py
[2024-07-02T12:19:56.759+0000] {processor.py:830} INFO - Processing file /home/airflow/.local/lib/python3.12/site-packages/airflow/example_dags/example_branch_operator.py for tasks to queue
[2024-07-02T12:19:56.761+0000] {logging_mixin.py:188} INFO - [2024-07-02T12:19:56.761+0000] {dagbag.py:545} INFO - Filling up the DagBag from /home/airflow/.local/lib/python3.12/site-packages/airflow/example_dags/example_branch_operator.py
[2024-07-02T12:19:56.773+0000] {processor.py:840} INFO - DAG(s) 'example_branch_operator' retrieved from /home/airflow/.local/lib/python3.12/site-packages/airflow/example_dags/example_branch_operator.py
[2024-07-02T12:19:56.801+0000] {logging_mixin.py:188} INFO - [2024-07-02T12:19:56.800+0000] {dag.py:3096} INFO - Sync 1 DAGs
[2024-07-02T12:19:56.819+0000] {logging_mixin.py:188} INFO - [2024-07-02T12:19:56.819+0000] {dag.py:3954} INFO - Setting next_dagrun for example_branch_operator to 2024-07-01 00:00:00+00:00, run_after=2024-07-02 00:00:00+00:00
[2024-07-02T12:19:56.840+0000] {processor.py:183} INFO - Processing /home/airflow/.local/lib/python3.12/site-packages/airflow/example_dags/example_branch_operator.py took 0.087 seconds
[2024-07-02T12:20:27.424+0000] {processor.py:161} INFO - Started process (PID=264) to work on /home/airflow/.local/lib/python3.12/site-packages/airflow/example_dags/example_branch_operator.py
[2024-07-02T12:20:27.426+0000] {processor.py:830} INFO - Processing file /home/airflow/.local/lib/python3.12/site-packages/airflow/example_dags/example_branch_operator.py for tasks to queue
[2024-07-02T12:20:27.428+0000] {logging_mixin.py:188} INFO - [2024-07-02T12:20:27.427+0000] {dagbag.py:545} INFO - Filling up the DagBag from /home/airflow/.local/lib/python3.12/site-packages/airflow/example_dags/example_branch_operator.py
[2024-07-02T12:20:27.441+0000] {processor.py:840} INFO - DAG(s) 'example_branch_operator' retrieved from /home/airflow/.local/lib/python3.12/site-packages/airflow/example_dags/example_branch_operator.py
[2024-07-02T12:20:27.468+0000] {logging_mixin.py:188} INFO - [2024-07-02T12:20:27.468+0000] {dag.py:3096} INFO - Sync 1 DAGs
[2024-07-02T12:20:27.490+0000] {logging_mixin.py:188} INFO - [2024-07-02T12:20:27.490+0000] {dag.py:3954} INFO - Setting next_dagrun for example_branch_operator to 2024-07-01 00:00:00+00:00, run_after=2024-07-02 00:00:00+00:00
[2024-07-02T12:20:27.509+0000] {processor.py:183} INFO - Processing /home/airflow/.local/lib/python3.12/site-packages/airflow/example_dags/example_branch_operator.py took 0.089 seconds
[2024-07-02T12:20:57.997+0000] {processor.py:161} INFO - Started process (PID=329) to work on /home/airflow/.local/lib/python3.12/site-packages/airflow/example_dags/example_branch_operator.py
[2024-07-02T12:20:57.998+0000] {processor.py:830} INFO - Processing file /home/airflow/.local/lib/python3.12/site-packages/airflow/example_dags/example_branch_operator.py for tasks to queue
[2024-07-02T12:20:58.000+0000] {logging_mixin.py:188} INFO - [2024-07-02T12:20:58.000+0000] {dagbag.py:545} INFO - Filling up the DagBag from /home/airflow/.local/lib/python3.12/site-packages/airflow/example_dags/example_branch_operator.py
[2024-07-02T12:20:58.014+0000] {processor.py:840} INFO - DAG(s) 'example_branch_operator' retrieved from /home/airflow/.local/lib/python3.12/site-packages/airflow/example_dags/example_branch_operator.py
[2024-07-02T12:20:58.039+0000] {logging_mixin.py:188} INFO - [2024-07-02T12:20:58.039+0000] {dag.py:3096} INFO - Sync 1 DAGs
[2024-07-02T12:20:58.059+0000] {logging_mixin.py:188} INFO - [2024-07-02T12:20:58.059+0000] {dag.py:3954} INFO - Setting next_dagrun for example_branch_operator to 2024-07-01 00:00:00+00:00, run_after=2024-07-02 00:00:00+00:00
[2024-07-02T12:20:58.082+0000] {processor.py:183} INFO - Processing /home/airflow/.local/lib/python3.12/site-packages/airflow/example_dags/example_branch_operator.py took 0.089 seconds
[2024-07-02T12:21:28.579+0000] {processor.py:161} INFO - Started process (PID=392) to work on /home/airflow/.local/lib/python3.12/site-packages/airflow/example_dags/example_branch_operator.py
[2024-07-02T12:21:28.580+0000] {processor.py:830} INFO - Processing file /home/airflow/.local/lib/python3.12/site-packages/airflow/example_dags/example_branch_operator.py for tasks to queue
[2024-07-02T12:21:28.583+0000] {logging_mixin.py:188} INFO - [2024-07-02T12:21:28.582+0000] {dagbag.py:545} INFO - Filling up the DagBag from /home/airflow/.local/lib/python3.12/site-packages/airflow/example_dags/example_branch_operator.py
[2024-07-02T12:21:28.598+0000] {processor.py:840} INFO - DAG(s) 'example_branch_operator' retrieved from /home/airflow/.local/lib/python3.12/site-packages/airflow/example_dags/example_branch_operator.py
[2024-07-02T12:21:28.626+0000] {logging_mixin.py:188} INFO - [2024-07-02T12:21:28.626+0000] {dag.py:3096} INFO - Sync 1 DAGs
[2024-07-02T12:21:28.649+0000] {logging_mixin.py:188} INFO - [2024-07-02T12:21:28.648+0000] {dag.py:3954} INFO - Setting next_dagrun for example_branch_operator to 2024-07-01 00:00:00+00:00, run_after=2024-07-02 00:00:00+00:00
[2024-07-02T12:21:28.670+0000] {processor.py:183} INFO - Processing /home/airflow/.local/lib/python3.12/site-packages/airflow/example_dags/example_branch_operator.py took 0.097 seconds
[2024-07-02T12:21:59.547+0000] {processor.py:161} INFO - Started process (PID=455) to work on /home/airflow/.local/lib/python3.12/site-packages/airflow/example_dags/example_branch_operator.py
[2024-07-02T12:21:59.548+0000] {processor.py:830} INFO - Processing file /home/airflow/.local/lib/python3.12/site-packages/airflow/example_dags/example_branch_operator.py for tasks to queue
[2024-07-02T12:21:59.550+0000] {logging_mixin.py:188} INFO - [2024-07-02T12:21:59.550+0000] {dagbag.py:545} INFO - Filling up the DagBag from /home/airflow/.local/lib/python3.12/site-packages/airflow/example_dags/example_branch_operator.py
[2024-07-02T12:21:59.564+0000] {processor.py:840} INFO - DAG(s) 'example_branch_operator' retrieved from /home/airflow/.local/lib/python3.12/site-packages/airflow/example_dags/example_branch_operator.py
[2024-07-02T12:21:59.591+0000] {logging_mixin.py:188} INFO - [2024-07-02T12:21:59.590+0000] {dag.py:3096} INFO - Sync 1 DAGs
[2024-07-02T12:21:59.611+0000] {logging_mixin.py:188} INFO - [2024-07-02T12:21:59.611+0000] {dag.py:3954} INFO - Setting next_dagrun for example_branch_operator to 2024-07-01 00:00:00+00:00, run_after=2024-07-02 00:00:00+00:00
[2024-07-02T12:21:59.631+0000] {processor.py:183} INFO - Processing /home/airflow/.local/lib/python3.12/site-packages/airflow/example_dags/example_branch_operator.py took 0.090 seconds
[2024-07-02T12:22:29.925+0000] {processor.py:161} INFO - Started process (PID=518) to work on /home/airflow/.local/lib/python3.12/site-packages/airflow/example_dags/example_branch_operator.py
[2024-07-02T12:22:29.927+0000] {processor.py:830} INFO - Processing file /home/airflow/.local/lib/python3.12/site-packages/airflow/example_dags/example_branch_operator.py for tasks to queue
[2024-07-02T12:22:29.929+0000] {logging_mixin.py:188} INFO - [2024-07-02T12:22:29.929+0000] {dagbag.py:545} INFO - Filling up the DagBag from /home/airflow/.local/lib/python3.12/site-packages/airflow/example_dags/example_branch_operator.py
[2024-07-02T12:22:29.946+0000] {processor.py:840} INFO - DAG(s) 'example_branch_operator' retrieved from /home/airflow/.local/lib/python3.12/site-packages/airflow/example_dags/example_branch_operator.py
[2024-07-02T12:22:29.976+0000] {logging_mixin.py:188} INFO - [2024-07-02T12:22:29.976+0000] {dag.py:3096} INFO - Sync 1 DAGs
[2024-07-02T12:22:30.002+0000] {logging_mixin.py:188} INFO - [2024-07-02T12:22:30.001+0000] {dag.py:3954} INFO - Setting next_dagrun for example_branch_operator to 2024-07-01 00:00:00+00:00, run_after=2024-07-02 00:00:00+00:00
[2024-07-02T12:22:30.031+0000] {processor.py:183} INFO - Processing /home/airflow/.local/lib/python3.12/site-packages/airflow/example_dags/example_branch_operator.py took 0.112 seconds
[2024-07-02T12:23:00.919+0000] {processor.py:161} INFO - Started process (PID=581) to work on /home/airflow/.local/lib/python3.12/site-packages/airflow/example_dags/example_branch_operator.py
[2024-07-02T12:23:00.921+0000] {processor.py:830} INFO - Processing file /home/airflow/.local/lib/python3.12/site-packages/airflow/example_dags/example_branch_operator.py for tasks to queue
[2024-07-02T12:23:00.923+0000] {logging_mixin.py:188} INFO - [2024-07-02T12:23:00.923+0000] {dagbag.py:545} INFO - Filling up the DagBag from /home/airflow/.local/lib/python3.12/site-packages/airflow/example_dags/example_branch_operator.py
[2024-07-02T12:23:00.938+0000] {processor.py:840} INFO - DAG(s) 'example_branch_operator' retrieved from /home/airflow/.local/lib/python3.12/site-packages/airflow/example_dags/example_branch_operator.py
[2024-07-02T12:23:00.978+0000] {logging_mixin.py:188} INFO - [2024-07-02T12:23:00.978+0000] {dag.py:3096} INFO - Sync 1 DAGs
[2024-07-02T12:23:01.009+0000] {logging_mixin.py:188} INFO - [2024-07-02T12:23:01.009+0000] {dag.py:3954} INFO - Setting next_dagrun for example_branch_operator to 2024-07-01 00:00:00+00:00, run_after=2024-07-02 00:00:00+00:00
[2024-07-02T12:23:01.037+0000] {processor.py:183} INFO - Processing /home/airflow/.local/lib/python3.12/site-packages/airflow/example_dags/example_branch_operator.py took 0.125 seconds
[2024-07-02T12:23:31.690+0000] {processor.py:161} INFO - Started process (PID=645) to work on /home/airflow/.local/lib/python3.12/site-packages/airflow/example_dags/example_branch_operator.py
[2024-07-02T12:23:31.691+0000] {processor.py:830} INFO - Processing file /home/airflow/.local/lib/python3.12/site-packages/airflow/example_dags/example_branch_operator.py for tasks to queue
[2024-07-02T12:23:31.694+0000] {logging_mixin.py:188} INFO - [2024-07-02T12:23:31.693+0000] {dagbag.py:545} INFO - Filling up the DagBag from /home/airflow/.local/lib/python3.12/site-packages/airflow/example_dags/example_branch_operator.py
[2024-07-02T12:23:31.711+0000] {processor.py:840} INFO - DAG(s) 'example_branch_operator' retrieved from /home/airflow/.local/lib/python3.12/site-packages/airflow/example_dags/example_branch_operator.py
[2024-07-02T12:23:31.747+0000] {logging_mixin.py:188} INFO - [2024-07-02T12:23:31.746+0000] {dag.py:3096} INFO - Sync 1 DAGs
[2024-07-02T12:23:31.775+0000] {logging_mixin.py:188} INFO - [2024-07-02T12:23:31.774+0000] {dag.py:3954} INFO - Setting next_dagrun for example_branch_operator to 2024-07-01 00:00:00+00:00, run_after=2024-07-02 00:00:00+00:00
[2024-07-02T12:23:31.804+0000] {processor.py:183} INFO - Processing /home/airflow/.local/lib/python3.12/site-packages/airflow/example_dags/example_branch_operator.py took 0.121 seconds
[2024-07-02T12:37:15.504+0000] {processor.py:161} INFO - Started process (PID=2006) to work on /home/airflow/.local/lib/python3.12/site-packages/airflow/example_dags/example_branch_operator.py
[2024-07-02T12:37:15.505+0000] {processor.py:830} INFO - Processing file /home/airflow/.local/lib/python3.12/site-packages/airflow/example_dags/example_branch_operator.py for tasks to queue
[2024-07-02T12:37:15.507+0000] {logging_mixin.py:188} INFO - [2024-07-02T12:37:15.506+0000] {dagbag.py:545} INFO - Filling up the DagBag from /home/airflow/.local/lib/python3.12/site-packages/airflow/example_dags/example_branch_operator.py
[2024-07-02T12:37:15.520+0000] {processor.py:840} INFO - DAG(s) 'example_branch_operator' retrieved from /home/airflow/.local/lib/python3.12/site-packages/airflow/example_dags/example_branch_operator.py
[2024-07-02T12:37:15.547+0000] {logging_mixin.py:188} INFO - [2024-07-02T12:37:15.546+0000] {dag.py:3096} INFO - Sync 1 DAGs
[2024-07-02T12:37:15.564+0000] {logging_mixin.py:188} INFO - [2024-07-02T12:37:15.564+0000] {dag.py:3954} INFO - Setting next_dagrun for example_branch_operator to 2024-07-01 00:00:00+00:00, run_after=2024-07-02 00:00:00+00:00
[2024-07-02T12:37:15.583+0000] {processor.py:183} INFO - Processing /home/airflow/.local/lib/python3.12/site-packages/airflow/example_dags/example_branch_operator.py took 0.084 seconds
[2024-07-02T12:37:45.984+0000] {processor.py:161} INFO - Started process (PID=2069) to work on /home/airflow/.local/lib/python3.12/site-packages/airflow/example_dags/example_branch_operator.py
[2024-07-02T12:37:45.985+0000] {processor.py:830} INFO - Processing file /home/airflow/.local/lib/python3.12/site-packages/airflow/example_dags/example_branch_operator.py for tasks to queue
[2024-07-02T12:37:45.986+0000] {logging_mixin.py:188} INFO - [2024-07-02T12:37:45.986+0000] {dagbag.py:545} INFO - Filling up the DagBag from /home/airflow/.local/lib/python3.12/site-packages/airflow/example_dags/example_branch_operator.py
[2024-07-02T12:37:46.000+0000] {processor.py:840} INFO - DAG(s) 'example_branch_operator' retrieved from /home/airflow/.local/lib/python3.12/site-packages/airflow/example_dags/example_branch_operator.py
[2024-07-02T12:37:46.031+0000] {logging_mixin.py:188} INFO - [2024-07-02T12:37:46.030+0000] {dag.py:3096} INFO - Sync 1 DAGs
[2024-07-02T12:37:46.051+0000] {logging_mixin.py:188} INFO - [2024-07-02T12:37:46.051+0000] {dag.py:3954} INFO - Setting next_dagrun for example_branch_operator to 2024-07-01 00:00:00+00:00, run_after=2024-07-02 00:00:00+00:00
[2024-07-02T12:37:46.076+0000] {processor.py:183} INFO - Processing /home/airflow/.local/lib/python3.12/site-packages/airflow/example_dags/example_branch_operator.py took 0.098 seconds
[2024-07-02T14:46:56.638+0000] {processor.py:161} INFO - Started process (PID=86) to work on /home/airflow/.local/lib/python3.12/site-packages/airflow/example_dags/example_branch_operator.py
[2024-07-02T14:46:56.639+0000] {processor.py:830} INFO - Processing file /home/airflow/.local/lib/python3.12/site-packages/airflow/example_dags/example_branch_operator.py for tasks to queue
[2024-07-02T14:46:56.641+0000] {logging_mixin.py:188} INFO - [2024-07-02T14:46:56.641+0000] {dagbag.py:545} INFO - Filling up the DagBag from /home/airflow/.local/lib/python3.12/site-packages/airflow/example_dags/example_branch_operator.py
[2024-07-02T14:46:56.654+0000] {processor.py:840} INFO - DAG(s) 'example_branch_operator' retrieved from /home/airflow/.local/lib/python3.12/site-packages/airflow/example_dags/example_branch_operator.py
[2024-07-02T14:46:56.728+0000] {logging_mixin.py:188} INFO - [2024-07-02T14:46:56.728+0000] {dag.py:3096} INFO - Sync 1 DAGs
[2024-07-02T14:46:56.743+0000] {logging_mixin.py:188} INFO - [2024-07-02T14:46:56.743+0000] {dag.py:3954} INFO - Setting next_dagrun for example_branch_operator to 2024-07-01 00:00:00+00:00, run_after=2024-07-02 00:00:00+00:00
[2024-07-02T14:46:56.760+0000] {processor.py:183} INFO - Processing /home/airflow/.local/lib/python3.12/site-packages/airflow/example_dags/example_branch_operator.py took 0.126 seconds
[2024-07-02T14:50:01.296+0000] {processor.py:161} INFO - Started process (PID=93) to work on /home/airflow/.local/lib/python3.12/site-packages/airflow/example_dags/example_branch_operator.py
[2024-07-02T14:50:01.299+0000] {processor.py:830} INFO - Processing file /home/airflow/.local/lib/python3.12/site-packages/airflow/example_dags/example_branch_operator.py for tasks to queue
[2024-07-02T14:50:01.301+0000] {logging_mixin.py:188} INFO - [2024-07-02T14:50:01.301+0000] {dagbag.py:545} INFO - Filling up the DagBag from /home/airflow/.local/lib/python3.12/site-packages/airflow/example_dags/example_branch_operator.py
[2024-07-02T14:50:01.313+0000] {processor.py:840} INFO - DAG(s) 'example_branch_operator' retrieved from /home/airflow/.local/lib/python3.12/site-packages/airflow/example_dags/example_branch_operator.py
[2024-07-02T14:50:01.393+0000] {logging_mixin.py:188} INFO - [2024-07-02T14:50:01.393+0000] {dag.py:3096} INFO - Sync 1 DAGs
[2024-07-02T14:50:01.406+0000] {logging_mixin.py:188} INFO - [2024-07-02T14:50:01.406+0000] {dag.py:3954} INFO - Setting next_dagrun for example_branch_operator to 2024-07-01 00:00:00+00:00, run_after=2024-07-02 00:00:00+00:00
[2024-07-02T14:50:01.425+0000] {processor.py:183} INFO - Processing /home/airflow/.local/lib/python3.12/site-packages/airflow/example_dags/example_branch_operator.py took 0.133 seconds
[2024-07-02T14:50:32.186+0000] {processor.py:161} INFO - Started process (PID=153) to work on /home/airflow/.local/lib/python3.12/site-packages/airflow/example_dags/example_branch_operator.py
[2024-07-02T14:50:32.187+0000] {processor.py:830} INFO - Processing file /home/airflow/.local/lib/python3.12/site-packages/airflow/example_dags/example_branch_operator.py for tasks to queue
[2024-07-02T14:50:32.189+0000] {logging_mixin.py:188} INFO - [2024-07-02T14:50:32.189+0000] {dagbag.py:545} INFO - Filling up the DagBag from /home/airflow/.local/lib/python3.12/site-packages/airflow/example_dags/example_branch_operator.py
[2024-07-02T14:50:32.205+0000] {processor.py:840} INFO - DAG(s) 'example_branch_operator' retrieved from /home/airflow/.local/lib/python3.12/site-packages/airflow/example_dags/example_branch_operator.py
[2024-07-02T14:50:32.234+0000] {logging_mixin.py:188} INFO - [2024-07-02T14:50:32.234+0000] {dag.py:3096} INFO - Sync 1 DAGs
[2024-07-02T14:50:32.255+0000] {logging_mixin.py:188} INFO - [2024-07-02T14:50:32.255+0000] {dag.py:3954} INFO - Setting next_dagrun for example_branch_operator to 2024-07-01 00:00:00+00:00, run_after=2024-07-02 00:00:00+00:00
[2024-07-02T14:50:32.279+0000] {processor.py:183} INFO - Processing /home/airflow/.local/lib/python3.12/site-packages/airflow/example_dags/example_branch_operator.py took 0.098 seconds
[2024-07-02T14:51:02.754+0000] {processor.py:161} INFO - Started process (PID=212) to work on /home/airflow/.local/lib/python3.12/site-packages/airflow/example_dags/example_branch_operator.py
[2024-07-02T14:51:02.756+0000] {processor.py:830} INFO - Processing file /home/airflow/.local/lib/python3.12/site-packages/airflow/example_dags/example_branch_operator.py for tasks to queue
[2024-07-02T14:51:02.757+0000] {logging_mixin.py:188} INFO - [2024-07-02T14:51:02.757+0000] {dagbag.py:545} INFO - Filling up the DagBag from /home/airflow/.local/lib/python3.12/site-packages/airflow/example_dags/example_branch_operator.py
[2024-07-02T14:51:02.771+0000] {processor.py:840} INFO - DAG(s) 'example_branch_operator' retrieved from /home/airflow/.local/lib/python3.12/site-packages/airflow/example_dags/example_branch_operator.py
[2024-07-02T14:51:02.801+0000] {logging_mixin.py:188} INFO - [2024-07-02T14:51:02.801+0000] {dag.py:3096} INFO - Sync 1 DAGs
[2024-07-02T14:51:02.834+0000] {logging_mixin.py:188} INFO - [2024-07-02T14:51:02.833+0000] {dag.py:3954} INFO - Setting next_dagrun for example_branch_operator to 2024-07-01 00:00:00+00:00, run_after=2024-07-02 00:00:00+00:00
[2024-07-02T14:51:02.865+0000] {processor.py:183} INFO - Processing /home/airflow/.local/lib/python3.12/site-packages/airflow/example_dags/example_branch_operator.py took 0.117 seconds
[2024-07-02T14:51:33.117+0000] {processor.py:161} INFO - Started process (PID=270) to work on /home/airflow/.local/lib/python3.12/site-packages/airflow/example_dags/example_branch_operator.py
[2024-07-02T14:51:33.119+0000] {processor.py:830} INFO - Processing file /home/airflow/.local/lib/python3.12/site-packages/airflow/example_dags/example_branch_operator.py for tasks to queue
[2024-07-02T14:51:33.120+0000] {logging_mixin.py:188} INFO - [2024-07-02T14:51:33.120+0000] {dagbag.py:545} INFO - Filling up the DagBag from /home/airflow/.local/lib/python3.12/site-packages/airflow/example_dags/example_branch_operator.py
[2024-07-02T14:51:33.136+0000] {processor.py:840} INFO - DAG(s) 'example_branch_operator' retrieved from /home/airflow/.local/lib/python3.12/site-packages/airflow/example_dags/example_branch_operator.py
[2024-07-02T14:51:33.164+0000] {logging_mixin.py:188} INFO - [2024-07-02T14:51:33.164+0000] {dag.py:3096} INFO - Sync 1 DAGs
[2024-07-02T14:51:33.185+0000] {logging_mixin.py:188} INFO - [2024-07-02T14:51:33.184+0000] {dag.py:3954} INFO - Setting next_dagrun for example_branch_operator to 2024-07-01 00:00:00+00:00, run_after=2024-07-02 00:00:00+00:00
[2024-07-02T14:51:33.206+0000] {processor.py:183} INFO - Processing /home/airflow/.local/lib/python3.12/site-packages/airflow/example_dags/example_branch_operator.py took 0.096 seconds
[2024-07-02T14:52:03.320+0000] {processor.py:161} INFO - Started process (PID=328) to work on /home/airflow/.local/lib/python3.12/site-packages/airflow/example_dags/example_branch_operator.py
[2024-07-02T14:52:03.323+0000] {processor.py:830} INFO - Processing file /home/airflow/.local/lib/python3.12/site-packages/airflow/example_dags/example_branch_operator.py for tasks to queue
[2024-07-02T14:52:03.325+0000] {logging_mixin.py:188} INFO - [2024-07-02T14:52:03.324+0000] {dagbag.py:545} INFO - Filling up the DagBag from /home/airflow/.local/lib/python3.12/site-packages/airflow/example_dags/example_branch_operator.py
[2024-07-02T14:52:03.344+0000] {processor.py:840} INFO - DAG(s) 'example_branch_operator' retrieved from /home/airflow/.local/lib/python3.12/site-packages/airflow/example_dags/example_branch_operator.py
[2024-07-02T14:52:03.375+0000] {logging_mixin.py:188} INFO - [2024-07-02T14:52:03.374+0000] {dag.py:3096} INFO - Sync 1 DAGs
[2024-07-02T14:52:03.397+0000] {logging_mixin.py:188} INFO - [2024-07-02T14:52:03.397+0000] {dag.py:3954} INFO - Setting next_dagrun for example_branch_operator to 2024-07-01 00:00:00+00:00, run_after=2024-07-02 00:00:00+00:00
[2024-07-02T14:52:03.423+0000] {processor.py:183} INFO - Processing /home/airflow/.local/lib/python3.12/site-packages/airflow/example_dags/example_branch_operator.py took 0.108 seconds
[2024-07-02T14:52:33.953+0000] {processor.py:161} INFO - Started process (PID=386) to work on /home/airflow/.local/lib/python3.12/site-packages/airflow/example_dags/example_branch_operator.py
[2024-07-02T14:52:33.955+0000] {processor.py:830} INFO - Processing file /home/airflow/.local/lib/python3.12/site-packages/airflow/example_dags/example_branch_operator.py for tasks to queue
[2024-07-02T14:52:33.956+0000] {logging_mixin.py:188} INFO - [2024-07-02T14:52:33.955+0000] {dagbag.py:545} INFO - Filling up the DagBag from /home/airflow/.local/lib/python3.12/site-packages/airflow/example_dags/example_branch_operator.py
[2024-07-02T14:52:33.969+0000] {processor.py:840} INFO - DAG(s) 'example_branch_operator' retrieved from /home/airflow/.local/lib/python3.12/site-packages/airflow/example_dags/example_branch_operator.py
[2024-07-02T14:52:33.996+0000] {logging_mixin.py:188} INFO - [2024-07-02T14:52:33.995+0000] {dag.py:3096} INFO - Sync 1 DAGs
[2024-07-02T14:52:34.014+0000] {logging_mixin.py:188} INFO - [2024-07-02T14:52:34.014+0000] {dag.py:3954} INFO - Setting next_dagrun for example_branch_operator to 2024-07-01 00:00:00+00:00, run_after=2024-07-02 00:00:00+00:00
[2024-07-02T14:52:34.036+0000] {processor.py:183} INFO - Processing /home/airflow/.local/lib/python3.12/site-packages/airflow/example_dags/example_branch_operator.py took 0.087 seconds
[2024-07-02T14:53:04.407+0000] {processor.py:161} INFO - Started process (PID=444) to work on /home/airflow/.local/lib/python3.12/site-packages/airflow/example_dags/example_branch_operator.py
[2024-07-02T14:53:04.409+0000] {processor.py:830} INFO - Processing file /home/airflow/.local/lib/python3.12/site-packages/airflow/example_dags/example_branch_operator.py for tasks to queue
[2024-07-02T14:53:04.411+0000] {logging_mixin.py:188} INFO - [2024-07-02T14:53:04.410+0000] {dagbag.py:545} INFO - Filling up the DagBag from /home/airflow/.local/lib/python3.12/site-packages/airflow/example_dags/example_branch_operator.py
[2024-07-02T14:53:04.428+0000] {processor.py:840} INFO - DAG(s) 'example_branch_operator' retrieved from /home/airflow/.local/lib/python3.12/site-packages/airflow/example_dags/example_branch_operator.py
[2024-07-02T14:53:04.460+0000] {logging_mixin.py:188} INFO - [2024-07-02T14:53:04.460+0000] {dag.py:3096} INFO - Sync 1 DAGs
[2024-07-02T14:53:04.484+0000] {logging_mixin.py:188} INFO - [2024-07-02T14:53:04.484+0000] {dag.py:3954} INFO - Setting next_dagrun for example_branch_operator to 2024-07-01 00:00:00+00:00, run_after=2024-07-02 00:00:00+00:00
[2024-07-02T14:53:04.512+0000] {processor.py:183} INFO - Processing /home/airflow/.local/lib/python3.12/site-packages/airflow/example_dags/example_branch_operator.py took 0.110 seconds
[2024-07-02T14:53:35.146+0000] {processor.py:161} INFO - Started process (PID=502) to work on /home/airflow/.local/lib/python3.12/site-packages/airflow/example_dags/example_branch_operator.py
[2024-07-02T14:53:35.147+0000] {processor.py:830} INFO - Processing file /home/airflow/.local/lib/python3.12/site-packages/airflow/example_dags/example_branch_operator.py for tasks to queue
[2024-07-02T14:53:35.149+0000] {logging_mixin.py:188} INFO - [2024-07-02T14:53:35.148+0000] {dagbag.py:545} INFO - Filling up the DagBag from /home/airflow/.local/lib/python3.12/site-packages/airflow/example_dags/example_branch_operator.py
[2024-07-02T14:53:35.164+0000] {processor.py:840} INFO - DAG(s) 'example_branch_operator' retrieved from /home/airflow/.local/lib/python3.12/site-packages/airflow/example_dags/example_branch_operator.py
[2024-07-02T14:53:35.194+0000] {logging_mixin.py:188} INFO - [2024-07-02T14:53:35.194+0000] {dag.py:3096} INFO - Sync 1 DAGs
[2024-07-02T14:53:35.215+0000] {logging_mixin.py:188} INFO - [2024-07-02T14:53:35.214+0000] {dag.py:3954} INFO - Setting next_dagrun for example_branch_operator to 2024-07-01 00:00:00+00:00, run_after=2024-07-02 00:00:00+00:00
[2024-07-02T14:53:35.234+0000] {processor.py:183} INFO - Processing /home/airflow/.local/lib/python3.12/site-packages/airflow/example_dags/example_branch_operator.py took 0.095 seconds
[2024-07-02T14:54:05.406+0000] {processor.py:161} INFO - Started process (PID=561) to work on /home/airflow/.local/lib/python3.12/site-packages/airflow/example_dags/example_branch_operator.py
[2024-07-02T14:54:05.407+0000] {processor.py:830} INFO - Processing file /home/airflow/.local/lib/python3.12/site-packages/airflow/example_dags/example_branch_operator.py for tasks to queue
[2024-07-02T14:54:05.409+0000] {logging_mixin.py:188} INFO - [2024-07-02T14:54:05.408+0000] {dagbag.py:545} INFO - Filling up the DagBag from /home/airflow/.local/lib/python3.12/site-packages/airflow/example_dags/example_branch_operator.py
[2024-07-02T14:54:05.421+0000] {processor.py:840} INFO - DAG(s) 'example_branch_operator' retrieved from /home/airflow/.local/lib/python3.12/site-packages/airflow/example_dags/example_branch_operator.py
[2024-07-02T14:54:05.458+0000] {logging_mixin.py:188} INFO - [2024-07-02T14:54:05.458+0000] {dag.py:3096} INFO - Sync 1 DAGs
[2024-07-02T14:54:05.480+0000] {logging_mixin.py:188} INFO - [2024-07-02T14:54:05.480+0000] {dag.py:3954} INFO - Setting next_dagrun for example_branch_operator to 2024-07-01 00:00:00+00:00, run_after=2024-07-02 00:00:00+00:00
[2024-07-02T14:54:05.507+0000] {processor.py:183} INFO - Processing /home/airflow/.local/lib/python3.12/site-packages/airflow/example_dags/example_branch_operator.py took 0.107 seconds
