[2024-07-02T11:48:26.316+0000] {processor.py:161} INFO - Started process (PID=86) to work on /home/airflow/.local/lib/python3.12/site-packages/airflow/example_dags/example_latest_only.py
[2024-07-02T11:48:26.318+0000] {processor.py:830} INFO - Processing file /home/airflow/.local/lib/python3.12/site-packages/airflow/example_dags/example_latest_only.py for tasks to queue
[2024-07-02T11:48:26.326+0000] {logging_mixin.py:188} INFO - [2024-07-02T11:48:26.325+0000] {dagbag.py:545} INFO - Filling up the DagBag from /home/airflow/.local/lib/python3.12/site-packages/airflow/example_dags/example_latest_only.py
[2024-07-02T11:48:26.340+0000] {processor.py:840} INFO - DAG(s) 'latest_only' retrieved from /home/airflow/.local/lib/python3.12/site-packages/airflow/example_dags/example_latest_only.py
[2024-07-02T11:48:26.407+0000] {logging_mixin.py:188} INFO - [2024-07-02T11:48:26.406+0000] {dag.py:3096} INFO - Sync 1 DAGs
[2024-07-02T11:48:26.463+0000] {logging_mixin.py:188} INFO - [2024-07-02T11:48:26.462+0000] {dag.py:3954} INFO - Setting next_dagrun for latest_only to 2024-07-02 04:00:00+00:00, run_after=2024-07-02 08:00:00+00:00
[2024-07-02T11:48:26.511+0000] {processor.py:183} INFO - Processing /home/airflow/.local/lib/python3.12/site-packages/airflow/example_dags/example_latest_only.py took 0.207 seconds
[2024-07-02T11:48:57.079+0000] {processor.py:161} INFO - Started process (PID=149) to work on /home/airflow/.local/lib/python3.12/site-packages/airflow/example_dags/example_latest_only.py
[2024-07-02T11:48:57.081+0000] {processor.py:830} INFO - Processing file /home/airflow/.local/lib/python3.12/site-packages/airflow/example_dags/example_latest_only.py for tasks to queue
[2024-07-02T11:48:57.082+0000] {logging_mixin.py:188} INFO - [2024-07-02T11:48:57.082+0000] {dagbag.py:545} INFO - Filling up the DagBag from /home/airflow/.local/lib/python3.12/site-packages/airflow/example_dags/example_latest_only.py
[2024-07-02T11:48:57.087+0000] {processor.py:840} INFO - DAG(s) 'latest_only' retrieved from /home/airflow/.local/lib/python3.12/site-packages/airflow/example_dags/example_latest_only.py
[2024-07-02T11:48:57.103+0000] {logging_mixin.py:188} INFO - [2024-07-02T11:48:57.103+0000] {dag.py:3096} INFO - Sync 1 DAGs
[2024-07-02T11:48:57.122+0000] {logging_mixin.py:188} INFO - [2024-07-02T11:48:57.121+0000] {dag.py:3954} INFO - Setting next_dagrun for latest_only to 2024-07-02 04:00:00+00:00, run_after=2024-07-02 08:00:00+00:00
[2024-07-02T11:48:57.141+0000] {processor.py:183} INFO - Processing /home/airflow/.local/lib/python3.12/site-packages/airflow/example_dags/example_latest_only.py took 0.067 seconds
[2024-07-02T11:49:27.484+0000] {processor.py:161} INFO - Started process (PID=212) to work on /home/airflow/.local/lib/python3.12/site-packages/airflow/example_dags/example_latest_only.py
[2024-07-02T11:49:27.485+0000] {processor.py:830} INFO - Processing file /home/airflow/.local/lib/python3.12/site-packages/airflow/example_dags/example_latest_only.py for tasks to queue
[2024-07-02T11:49:27.486+0000] {logging_mixin.py:188} INFO - [2024-07-02T11:49:27.486+0000] {dagbag.py:545} INFO - Filling up the DagBag from /home/airflow/.local/lib/python3.12/site-packages/airflow/example_dags/example_latest_only.py
[2024-07-02T11:49:27.491+0000] {processor.py:840} INFO - DAG(s) 'latest_only' retrieved from /home/airflow/.local/lib/python3.12/site-packages/airflow/example_dags/example_latest_only.py
[2024-07-02T11:49:27.507+0000] {logging_mixin.py:188} INFO - [2024-07-02T11:49:27.507+0000] {dag.py:3096} INFO - Sync 1 DAGs
[2024-07-02T11:49:27.523+0000] {logging_mixin.py:188} INFO - [2024-07-02T11:49:27.523+0000] {dag.py:3954} INFO - Setting next_dagrun for latest_only to 2024-07-02 04:00:00+00:00, run_after=2024-07-02 08:00:00+00:00
[2024-07-02T11:49:27.543+0000] {processor.py:183} INFO - Processing /home/airflow/.local/lib/python3.12/site-packages/airflow/example_dags/example_latest_only.py took 0.064 seconds
[2024-07-02T11:49:57.834+0000] {processor.py:161} INFO - Started process (PID=275) to work on /home/airflow/.local/lib/python3.12/site-packages/airflow/example_dags/example_latest_only.py
[2024-07-02T11:49:57.835+0000] {processor.py:830} INFO - Processing file /home/airflow/.local/lib/python3.12/site-packages/airflow/example_dags/example_latest_only.py for tasks to queue
[2024-07-02T11:49:57.836+0000] {logging_mixin.py:188} INFO - [2024-07-02T11:49:57.836+0000] {dagbag.py:545} INFO - Filling up the DagBag from /home/airflow/.local/lib/python3.12/site-packages/airflow/example_dags/example_latest_only.py
[2024-07-02T11:49:57.841+0000] {processor.py:840} INFO - DAG(s) 'latest_only' retrieved from /home/airflow/.local/lib/python3.12/site-packages/airflow/example_dags/example_latest_only.py
[2024-07-02T11:49:57.860+0000] {logging_mixin.py:188} INFO - [2024-07-02T11:49:57.859+0000] {dag.py:3096} INFO - Sync 1 DAGs
[2024-07-02T11:49:57.880+0000] {logging_mixin.py:188} INFO - [2024-07-02T11:49:57.880+0000] {dag.py:3954} INFO - Setting next_dagrun for latest_only to 2024-07-02 04:00:00+00:00, run_after=2024-07-02 08:00:00+00:00
[2024-07-02T11:49:57.899+0000] {processor.py:183} INFO - Processing /home/airflow/.local/lib/python3.12/site-packages/airflow/example_dags/example_latest_only.py took 0.072 seconds
[2024-07-02T11:50:28.329+0000] {processor.py:161} INFO - Started process (PID=338) to work on /home/airflow/.local/lib/python3.12/site-packages/airflow/example_dags/example_latest_only.py
[2024-07-02T11:50:28.330+0000] {processor.py:830} INFO - Processing file /home/airflow/.local/lib/python3.12/site-packages/airflow/example_dags/example_latest_only.py for tasks to queue
[2024-07-02T11:50:28.331+0000] {logging_mixin.py:188} INFO - [2024-07-02T11:50:28.331+0000] {dagbag.py:545} INFO - Filling up the DagBag from /home/airflow/.local/lib/python3.12/site-packages/airflow/example_dags/example_latest_only.py
[2024-07-02T11:50:28.336+0000] {processor.py:840} INFO - DAG(s) 'latest_only' retrieved from /home/airflow/.local/lib/python3.12/site-packages/airflow/example_dags/example_latest_only.py
[2024-07-02T11:50:28.350+0000] {logging_mixin.py:188} INFO - [2024-07-02T11:50:28.350+0000] {dag.py:3096} INFO - Sync 1 DAGs
[2024-07-02T11:50:28.372+0000] {logging_mixin.py:188} INFO - [2024-07-02T11:50:28.372+0000] {dag.py:3954} INFO - Setting next_dagrun for latest_only to 2024-07-02 04:00:00+00:00, run_after=2024-07-02 08:00:00+00:00
[2024-07-02T11:50:28.395+0000] {processor.py:183} INFO - Processing /home/airflow/.local/lib/python3.12/site-packages/airflow/example_dags/example_latest_only.py took 0.072 seconds
[2024-07-02T11:50:59.268+0000] {processor.py:161} INFO - Started process (PID=401) to work on /home/airflow/.local/lib/python3.12/site-packages/airflow/example_dags/example_latest_only.py
[2024-07-02T11:50:59.269+0000] {processor.py:830} INFO - Processing file /home/airflow/.local/lib/python3.12/site-packages/airflow/example_dags/example_latest_only.py for tasks to queue
[2024-07-02T11:50:59.270+0000] {logging_mixin.py:188} INFO - [2024-07-02T11:50:59.270+0000] {dagbag.py:545} INFO - Filling up the DagBag from /home/airflow/.local/lib/python3.12/site-packages/airflow/example_dags/example_latest_only.py
[2024-07-02T11:50:59.275+0000] {processor.py:840} INFO - DAG(s) 'latest_only' retrieved from /home/airflow/.local/lib/python3.12/site-packages/airflow/example_dags/example_latest_only.py
[2024-07-02T11:50:59.351+0000] {logging_mixin.py:188} INFO - [2024-07-02T11:50:59.351+0000] {dag.py:3096} INFO - Sync 1 DAGs
[2024-07-02T11:50:59.365+0000] {logging_mixin.py:188} INFO - [2024-07-02T11:50:59.365+0000] {dag.py:3954} INFO - Setting next_dagrun for latest_only to 2024-07-02 04:00:00+00:00, run_after=2024-07-02 08:00:00+00:00
[2024-07-02T11:50:59.385+0000] {processor.py:183} INFO - Processing /home/airflow/.local/lib/python3.12/site-packages/airflow/example_dags/example_latest_only.py took 0.122 seconds
[2024-07-02T11:51:29.625+0000] {processor.py:161} INFO - Started process (PID=464) to work on /home/airflow/.local/lib/python3.12/site-packages/airflow/example_dags/example_latest_only.py
[2024-07-02T11:51:29.627+0000] {processor.py:830} INFO - Processing file /home/airflow/.local/lib/python3.12/site-packages/airflow/example_dags/example_latest_only.py for tasks to queue
[2024-07-02T11:51:29.628+0000] {logging_mixin.py:188} INFO - [2024-07-02T11:51:29.628+0000] {dagbag.py:545} INFO - Filling up the DagBag from /home/airflow/.local/lib/python3.12/site-packages/airflow/example_dags/example_latest_only.py
[2024-07-02T11:51:29.632+0000] {processor.py:840} INFO - DAG(s) 'latest_only' retrieved from /home/airflow/.local/lib/python3.12/site-packages/airflow/example_dags/example_latest_only.py
[2024-07-02T11:51:29.649+0000] {logging_mixin.py:188} INFO - [2024-07-02T11:51:29.648+0000] {dag.py:3096} INFO - Sync 1 DAGs
[2024-07-02T11:51:29.666+0000] {logging_mixin.py:188} INFO - [2024-07-02T11:51:29.666+0000] {dag.py:3954} INFO - Setting next_dagrun for latest_only to 2024-07-02 04:00:00+00:00, run_after=2024-07-02 08:00:00+00:00
[2024-07-02T11:51:29.691+0000] {processor.py:183} INFO - Processing /home/airflow/.local/lib/python3.12/site-packages/airflow/example_dags/example_latest_only.py took 0.071 seconds
[2024-07-02T11:52:00.717+0000] {processor.py:161} INFO - Started process (PID=527) to work on /home/airflow/.local/lib/python3.12/site-packages/airflow/example_dags/example_latest_only.py
[2024-07-02T11:52:00.718+0000] {processor.py:830} INFO - Processing file /home/airflow/.local/lib/python3.12/site-packages/airflow/example_dags/example_latest_only.py for tasks to queue
[2024-07-02T11:52:00.719+0000] {logging_mixin.py:188} INFO - [2024-07-02T11:52:00.719+0000] {dagbag.py:545} INFO - Filling up the DagBag from /home/airflow/.local/lib/python3.12/site-packages/airflow/example_dags/example_latest_only.py
[2024-07-02T11:52:00.724+0000] {processor.py:840} INFO - DAG(s) 'latest_only' retrieved from /home/airflow/.local/lib/python3.12/site-packages/airflow/example_dags/example_latest_only.py
[2024-07-02T11:52:00.741+0000] {logging_mixin.py:188} INFO - [2024-07-02T11:52:00.741+0000] {dag.py:3096} INFO - Sync 1 DAGs
[2024-07-02T11:52:00.759+0000] {logging_mixin.py:188} INFO - [2024-07-02T11:52:00.759+0000] {dag.py:3954} INFO - Setting next_dagrun for latest_only to 2024-07-02 04:00:00+00:00, run_after=2024-07-02 08:00:00+00:00
[2024-07-02T11:52:00.776+0000] {processor.py:183} INFO - Processing /home/airflow/.local/lib/python3.12/site-packages/airflow/example_dags/example_latest_only.py took 0.065 seconds
[2024-07-02T11:52:31.238+0000] {processor.py:161} INFO - Started process (PID=597) to work on /home/airflow/.local/lib/python3.12/site-packages/airflow/example_dags/example_latest_only.py
[2024-07-02T11:52:31.239+0000] {processor.py:830} INFO - Processing file /home/airflow/.local/lib/python3.12/site-packages/airflow/example_dags/example_latest_only.py for tasks to queue
[2024-07-02T11:52:31.241+0000] {logging_mixin.py:188} INFO - [2024-07-02T11:52:31.240+0000] {dagbag.py:545} INFO - Filling up the DagBag from /home/airflow/.local/lib/python3.12/site-packages/airflow/example_dags/example_latest_only.py
[2024-07-02T11:52:31.247+0000] {processor.py:840} INFO - DAG(s) 'latest_only' retrieved from /home/airflow/.local/lib/python3.12/site-packages/airflow/example_dags/example_latest_only.py
[2024-07-02T11:52:31.264+0000] {logging_mixin.py:188} INFO - [2024-07-02T11:52:31.264+0000] {dag.py:3096} INFO - Sync 1 DAGs
[2024-07-02T11:52:31.284+0000] {logging_mixin.py:188} INFO - [2024-07-02T11:52:31.284+0000] {dag.py:3954} INFO - Setting next_dagrun for latest_only to 2024-07-02 04:00:00+00:00, run_after=2024-07-02 08:00:00+00:00
[2024-07-02T11:52:31.306+0000] {processor.py:183} INFO - Processing /home/airflow/.local/lib/python3.12/site-packages/airflow/example_dags/example_latest_only.py took 0.075 seconds
[2024-07-02T11:53:01.904+0000] {processor.py:161} INFO - Started process (PID=660) to work on /home/airflow/.local/lib/python3.12/site-packages/airflow/example_dags/example_latest_only.py
[2024-07-02T11:53:01.905+0000] {processor.py:830} INFO - Processing file /home/airflow/.local/lib/python3.12/site-packages/airflow/example_dags/example_latest_only.py for tasks to queue
[2024-07-02T11:53:01.907+0000] {logging_mixin.py:188} INFO - [2024-07-02T11:53:01.906+0000] {dagbag.py:545} INFO - Filling up the DagBag from /home/airflow/.local/lib/python3.12/site-packages/airflow/example_dags/example_latest_only.py
[2024-07-02T11:53:01.912+0000] {processor.py:840} INFO - DAG(s) 'latest_only' retrieved from /home/airflow/.local/lib/python3.12/site-packages/airflow/example_dags/example_latest_only.py
[2024-07-02T11:53:01.933+0000] {logging_mixin.py:188} INFO - [2024-07-02T11:53:01.933+0000] {dag.py:3096} INFO - Sync 1 DAGs
[2024-07-02T11:53:01.953+0000] {logging_mixin.py:188} INFO - [2024-07-02T11:53:01.953+0000] {dag.py:3954} INFO - Setting next_dagrun for latest_only to 2024-07-02 04:00:00+00:00, run_after=2024-07-02 08:00:00+00:00
[2024-07-02T11:53:01.975+0000] {processor.py:183} INFO - Processing /home/airflow/.local/lib/python3.12/site-packages/airflow/example_dags/example_latest_only.py took 0.077 seconds
[2024-07-02T11:53:32.699+0000] {processor.py:161} INFO - Started process (PID=723) to work on /home/airflow/.local/lib/python3.12/site-packages/airflow/example_dags/example_latest_only.py
[2024-07-02T11:53:32.700+0000] {processor.py:830} INFO - Processing file /home/airflow/.local/lib/python3.12/site-packages/airflow/example_dags/example_latest_only.py for tasks to queue
[2024-07-02T11:53:32.701+0000] {logging_mixin.py:188} INFO - [2024-07-02T11:53:32.701+0000] {dagbag.py:545} INFO - Filling up the DagBag from /home/airflow/.local/lib/python3.12/site-packages/airflow/example_dags/example_latest_only.py
[2024-07-02T11:53:32.705+0000] {processor.py:840} INFO - DAG(s) 'latest_only' retrieved from /home/airflow/.local/lib/python3.12/site-packages/airflow/example_dags/example_latest_only.py
[2024-07-02T11:53:32.721+0000] {logging_mixin.py:188} INFO - [2024-07-02T11:53:32.721+0000] {dag.py:3096} INFO - Sync 1 DAGs
[2024-07-02T11:53:32.738+0000] {logging_mixin.py:188} INFO - [2024-07-02T11:53:32.738+0000] {dag.py:3954} INFO - Setting next_dagrun for latest_only to 2024-07-02 04:00:00+00:00, run_after=2024-07-02 08:00:00+00:00
[2024-07-02T11:53:32.758+0000] {processor.py:183} INFO - Processing /home/airflow/.local/lib/python3.12/site-packages/airflow/example_dags/example_latest_only.py took 0.064 seconds
[2024-07-02T11:54:03.270+0000] {processor.py:161} INFO - Started process (PID=786) to work on /home/airflow/.local/lib/python3.12/site-packages/airflow/example_dags/example_latest_only.py
[2024-07-02T11:54:03.272+0000] {processor.py:830} INFO - Processing file /home/airflow/.local/lib/python3.12/site-packages/airflow/example_dags/example_latest_only.py for tasks to queue
[2024-07-02T11:54:03.273+0000] {logging_mixin.py:188} INFO - [2024-07-02T11:54:03.273+0000] {dagbag.py:545} INFO - Filling up the DagBag from /home/airflow/.local/lib/python3.12/site-packages/airflow/example_dags/example_latest_only.py
[2024-07-02T11:54:03.278+0000] {processor.py:840} INFO - DAG(s) 'latest_only' retrieved from /home/airflow/.local/lib/python3.12/site-packages/airflow/example_dags/example_latest_only.py
[2024-07-02T11:54:03.296+0000] {logging_mixin.py:188} INFO - [2024-07-02T11:54:03.295+0000] {dag.py:3096} INFO - Sync 1 DAGs
[2024-07-02T11:54:03.313+0000] {logging_mixin.py:188} INFO - [2024-07-02T11:54:03.313+0000] {dag.py:3954} INFO - Setting next_dagrun for latest_only to 2024-07-02 04:00:00+00:00, run_after=2024-07-02 08:00:00+00:00
[2024-07-02T11:54:03.329+0000] {processor.py:183} INFO - Processing /home/airflow/.local/lib/python3.12/site-packages/airflow/example_dags/example_latest_only.py took 0.064 seconds
[2024-07-02T11:54:33.981+0000] {processor.py:161} INFO - Started process (PID=849) to work on /home/airflow/.local/lib/python3.12/site-packages/airflow/example_dags/example_latest_only.py
[2024-07-02T11:54:33.983+0000] {processor.py:830} INFO - Processing file /home/airflow/.local/lib/python3.12/site-packages/airflow/example_dags/example_latest_only.py for tasks to queue
[2024-07-02T11:54:33.984+0000] {logging_mixin.py:188} INFO - [2024-07-02T11:54:33.983+0000] {dagbag.py:545} INFO - Filling up the DagBag from /home/airflow/.local/lib/python3.12/site-packages/airflow/example_dags/example_latest_only.py
[2024-07-02T11:54:33.989+0000] {processor.py:840} INFO - DAG(s) 'latest_only' retrieved from /home/airflow/.local/lib/python3.12/site-packages/airflow/example_dags/example_latest_only.py
[2024-07-02T11:54:34.006+0000] {logging_mixin.py:188} INFO - [2024-07-02T11:54:34.005+0000] {dag.py:3096} INFO - Sync 1 DAGs
[2024-07-02T11:54:34.028+0000] {logging_mixin.py:188} INFO - [2024-07-02T11:54:34.028+0000] {dag.py:3954} INFO - Setting next_dagrun for latest_only to 2024-07-02 04:00:00+00:00, run_after=2024-07-02 08:00:00+00:00
[2024-07-02T11:54:34.054+0000] {processor.py:183} INFO - Processing /home/airflow/.local/lib/python3.12/site-packages/airflow/example_dags/example_latest_only.py took 0.079 seconds
[2024-07-02T11:55:04.463+0000] {processor.py:161} INFO - Started process (PID=912) to work on /home/airflow/.local/lib/python3.12/site-packages/airflow/example_dags/example_latest_only.py
[2024-07-02T11:55:04.464+0000] {processor.py:830} INFO - Processing file /home/airflow/.local/lib/python3.12/site-packages/airflow/example_dags/example_latest_only.py for tasks to queue
[2024-07-02T11:55:04.465+0000] {logging_mixin.py:188} INFO - [2024-07-02T11:55:04.465+0000] {dagbag.py:545} INFO - Filling up the DagBag from /home/airflow/.local/lib/python3.12/site-packages/airflow/example_dags/example_latest_only.py
[2024-07-02T11:55:04.469+0000] {processor.py:840} INFO - DAG(s) 'latest_only' retrieved from /home/airflow/.local/lib/python3.12/site-packages/airflow/example_dags/example_latest_only.py
[2024-07-02T11:55:04.487+0000] {logging_mixin.py:188} INFO - [2024-07-02T11:55:04.487+0000] {dag.py:3096} INFO - Sync 1 DAGs
[2024-07-02T11:55:04.506+0000] {logging_mixin.py:188} INFO - [2024-07-02T11:55:04.506+0000] {dag.py:3954} INFO - Setting next_dagrun for latest_only to 2024-07-02 04:00:00+00:00, run_after=2024-07-02 08:00:00+00:00
[2024-07-02T11:55:04.525+0000] {processor.py:183} INFO - Processing /home/airflow/.local/lib/python3.12/site-packages/airflow/example_dags/example_latest_only.py took 0.068 seconds
[2024-07-02T11:55:35.081+0000] {processor.py:161} INFO - Started process (PID=975) to work on /home/airflow/.local/lib/python3.12/site-packages/airflow/example_dags/example_latest_only.py
[2024-07-02T11:55:35.082+0000] {processor.py:830} INFO - Processing file /home/airflow/.local/lib/python3.12/site-packages/airflow/example_dags/example_latest_only.py for tasks to queue
[2024-07-02T11:55:35.083+0000] {logging_mixin.py:188} INFO - [2024-07-02T11:55:35.083+0000] {dagbag.py:545} INFO - Filling up the DagBag from /home/airflow/.local/lib/python3.12/site-packages/airflow/example_dags/example_latest_only.py
[2024-07-02T11:55:35.089+0000] {processor.py:840} INFO - DAG(s) 'latest_only' retrieved from /home/airflow/.local/lib/python3.12/site-packages/airflow/example_dags/example_latest_only.py
[2024-07-02T11:55:35.109+0000] {logging_mixin.py:188} INFO - [2024-07-02T11:55:35.109+0000] {dag.py:3096} INFO - Sync 1 DAGs
[2024-07-02T11:55:35.131+0000] {logging_mixin.py:188} INFO - [2024-07-02T11:55:35.130+0000] {dag.py:3954} INFO - Setting next_dagrun for latest_only to 2024-07-02 04:00:00+00:00, run_after=2024-07-02 08:00:00+00:00
[2024-07-02T11:55:35.154+0000] {processor.py:183} INFO - Processing /home/airflow/.local/lib/python3.12/site-packages/airflow/example_dags/example_latest_only.py took 0.079 seconds
[2024-07-02T11:56:06.173+0000] {processor.py:161} INFO - Started process (PID=1038) to work on /home/airflow/.local/lib/python3.12/site-packages/airflow/example_dags/example_latest_only.py
[2024-07-02T11:56:06.174+0000] {processor.py:830} INFO - Processing file /home/airflow/.local/lib/python3.12/site-packages/airflow/example_dags/example_latest_only.py for tasks to queue
[2024-07-02T11:56:06.175+0000] {logging_mixin.py:188} INFO - [2024-07-02T11:56:06.175+0000] {dagbag.py:545} INFO - Filling up the DagBag from /home/airflow/.local/lib/python3.12/site-packages/airflow/example_dags/example_latest_only.py
[2024-07-02T11:56:06.180+0000] {processor.py:840} INFO - DAG(s) 'latest_only' retrieved from /home/airflow/.local/lib/python3.12/site-packages/airflow/example_dags/example_latest_only.py
[2024-07-02T11:56:06.201+0000] {logging_mixin.py:188} INFO - [2024-07-02T11:56:06.201+0000] {dag.py:3096} INFO - Sync 1 DAGs
[2024-07-02T11:56:06.221+0000] {logging_mixin.py:188} INFO - [2024-07-02T11:56:06.221+0000] {dag.py:3954} INFO - Setting next_dagrun for latest_only to 2024-07-02 04:00:00+00:00, run_after=2024-07-02 08:00:00+00:00
[2024-07-02T11:56:06.244+0000] {processor.py:183} INFO - Processing /home/airflow/.local/lib/python3.12/site-packages/airflow/example_dags/example_latest_only.py took 0.077 seconds
[2024-07-02T11:56:36.807+0000] {processor.py:161} INFO - Started process (PID=1100) to work on /home/airflow/.local/lib/python3.12/site-packages/airflow/example_dags/example_latest_only.py
[2024-07-02T11:56:36.808+0000] {processor.py:830} INFO - Processing file /home/airflow/.local/lib/python3.12/site-packages/airflow/example_dags/example_latest_only.py for tasks to queue
[2024-07-02T11:56:36.810+0000] {logging_mixin.py:188} INFO - [2024-07-02T11:56:36.809+0000] {dagbag.py:545} INFO - Filling up the DagBag from /home/airflow/.local/lib/python3.12/site-packages/airflow/example_dags/example_latest_only.py
[2024-07-02T11:56:36.814+0000] {processor.py:840} INFO - DAG(s) 'latest_only' retrieved from /home/airflow/.local/lib/python3.12/site-packages/airflow/example_dags/example_latest_only.py
[2024-07-02T11:56:36.835+0000] {logging_mixin.py:188} INFO - [2024-07-02T11:56:36.834+0000] {dag.py:3096} INFO - Sync 1 DAGs
[2024-07-02T11:56:36.853+0000] {logging_mixin.py:188} INFO - [2024-07-02T11:56:36.853+0000] {dag.py:3954} INFO - Setting next_dagrun for latest_only to 2024-07-02 04:00:00+00:00, run_after=2024-07-02 08:00:00+00:00
[2024-07-02T11:56:36.875+0000] {processor.py:183} INFO - Processing /home/airflow/.local/lib/python3.12/site-packages/airflow/example_dags/example_latest_only.py took 0.075 seconds
[2024-07-02T11:57:07.797+0000] {processor.py:161} INFO - Started process (PID=1163) to work on /home/airflow/.local/lib/python3.12/site-packages/airflow/example_dags/example_latest_only.py
[2024-07-02T11:57:07.799+0000] {processor.py:830} INFO - Processing file /home/airflow/.local/lib/python3.12/site-packages/airflow/example_dags/example_latest_only.py for tasks to queue
[2024-07-02T11:57:07.800+0000] {logging_mixin.py:188} INFO - [2024-07-02T11:57:07.800+0000] {dagbag.py:545} INFO - Filling up the DagBag from /home/airflow/.local/lib/python3.12/site-packages/airflow/example_dags/example_latest_only.py
[2024-07-02T11:57:07.805+0000] {processor.py:840} INFO - DAG(s) 'latest_only' retrieved from /home/airflow/.local/lib/python3.12/site-packages/airflow/example_dags/example_latest_only.py
[2024-07-02T11:57:07.825+0000] {logging_mixin.py:188} INFO - [2024-07-02T11:57:07.825+0000] {dag.py:3096} INFO - Sync 1 DAGs
[2024-07-02T11:57:07.846+0000] {logging_mixin.py:188} INFO - [2024-07-02T11:57:07.845+0000] {dag.py:3954} INFO - Setting next_dagrun for latest_only to 2024-07-02 04:00:00+00:00, run_after=2024-07-02 08:00:00+00:00
[2024-07-02T11:57:07.868+0000] {processor.py:183} INFO - Processing /home/airflow/.local/lib/python3.12/site-packages/airflow/example_dags/example_latest_only.py took 0.077 seconds
[2024-07-02T11:57:38.644+0000] {processor.py:161} INFO - Started process (PID=1226) to work on /home/airflow/.local/lib/python3.12/site-packages/airflow/example_dags/example_latest_only.py
[2024-07-02T11:57:38.645+0000] {processor.py:830} INFO - Processing file /home/airflow/.local/lib/python3.12/site-packages/airflow/example_dags/example_latest_only.py for tasks to queue
[2024-07-02T11:57:38.646+0000] {logging_mixin.py:188} INFO - [2024-07-02T11:57:38.645+0000] {dagbag.py:545} INFO - Filling up the DagBag from /home/airflow/.local/lib/python3.12/site-packages/airflow/example_dags/example_latest_only.py
[2024-07-02T11:57:38.650+0000] {processor.py:840} INFO - DAG(s) 'latest_only' retrieved from /home/airflow/.local/lib/python3.12/site-packages/airflow/example_dags/example_latest_only.py
[2024-07-02T11:57:38.667+0000] {logging_mixin.py:188} INFO - [2024-07-02T11:57:38.667+0000] {dag.py:3096} INFO - Sync 1 DAGs
[2024-07-02T11:57:38.685+0000] {logging_mixin.py:188} INFO - [2024-07-02T11:57:38.685+0000] {dag.py:3954} INFO - Setting next_dagrun for latest_only to 2024-07-02 04:00:00+00:00, run_after=2024-07-02 08:00:00+00:00
[2024-07-02T11:57:38.705+0000] {processor.py:183} INFO - Processing /home/airflow/.local/lib/python3.12/site-packages/airflow/example_dags/example_latest_only.py took 0.067 seconds
[2024-07-02T11:58:09.352+0000] {processor.py:161} INFO - Started process (PID=1289) to work on /home/airflow/.local/lib/python3.12/site-packages/airflow/example_dags/example_latest_only.py
[2024-07-02T11:58:09.353+0000] {processor.py:830} INFO - Processing file /home/airflow/.local/lib/python3.12/site-packages/airflow/example_dags/example_latest_only.py for tasks to queue
[2024-07-02T11:58:09.354+0000] {logging_mixin.py:188} INFO - [2024-07-02T11:58:09.354+0000] {dagbag.py:545} INFO - Filling up the DagBag from /home/airflow/.local/lib/python3.12/site-packages/airflow/example_dags/example_latest_only.py
[2024-07-02T11:58:09.359+0000] {processor.py:840} INFO - DAG(s) 'latest_only' retrieved from /home/airflow/.local/lib/python3.12/site-packages/airflow/example_dags/example_latest_only.py
[2024-07-02T11:58:09.376+0000] {logging_mixin.py:188} INFO - [2024-07-02T11:58:09.376+0000] {dag.py:3096} INFO - Sync 1 DAGs
[2024-07-02T11:58:09.394+0000] {logging_mixin.py:188} INFO - [2024-07-02T11:58:09.394+0000] {dag.py:3954} INFO - Setting next_dagrun for latest_only to 2024-07-02 04:00:00+00:00, run_after=2024-07-02 08:00:00+00:00
[2024-07-02T11:58:09.415+0000] {processor.py:183} INFO - Processing /home/airflow/.local/lib/python3.12/site-packages/airflow/example_dags/example_latest_only.py took 0.069 seconds
[2024-07-02T11:58:40.053+0000] {processor.py:161} INFO - Started process (PID=1352) to work on /home/airflow/.local/lib/python3.12/site-packages/airflow/example_dags/example_latest_only.py
[2024-07-02T11:58:40.054+0000] {processor.py:830} INFO - Processing file /home/airflow/.local/lib/python3.12/site-packages/airflow/example_dags/example_latest_only.py for tasks to queue
[2024-07-02T11:58:40.055+0000] {logging_mixin.py:188} INFO - [2024-07-02T11:58:40.055+0000] {dagbag.py:545} INFO - Filling up the DagBag from /home/airflow/.local/lib/python3.12/site-packages/airflow/example_dags/example_latest_only.py
[2024-07-02T11:58:40.060+0000] {processor.py:840} INFO - DAG(s) 'latest_only' retrieved from /home/airflow/.local/lib/python3.12/site-packages/airflow/example_dags/example_latest_only.py
[2024-07-02T11:58:40.078+0000] {logging_mixin.py:188} INFO - [2024-07-02T11:58:40.078+0000] {dag.py:3096} INFO - Sync 1 DAGs
[2024-07-02T11:58:40.096+0000] {logging_mixin.py:188} INFO - [2024-07-02T11:58:40.096+0000] {dag.py:3954} INFO - Setting next_dagrun for latest_only to 2024-07-02 04:00:00+00:00, run_after=2024-07-02 08:00:00+00:00
[2024-07-02T11:58:40.116+0000] {processor.py:183} INFO - Processing /home/airflow/.local/lib/python3.12/site-packages/airflow/example_dags/example_latest_only.py took 0.069 seconds
[2024-07-02T11:59:10.792+0000] {processor.py:161} INFO - Started process (PID=1415) to work on /home/airflow/.local/lib/python3.12/site-packages/airflow/example_dags/example_latest_only.py
[2024-07-02T11:59:10.793+0000] {processor.py:830} INFO - Processing file /home/airflow/.local/lib/python3.12/site-packages/airflow/example_dags/example_latest_only.py for tasks to queue
[2024-07-02T11:59:10.794+0000] {logging_mixin.py:188} INFO - [2024-07-02T11:59:10.794+0000] {dagbag.py:545} INFO - Filling up the DagBag from /home/airflow/.local/lib/python3.12/site-packages/airflow/example_dags/example_latest_only.py
[2024-07-02T11:59:10.799+0000] {processor.py:840} INFO - DAG(s) 'latest_only' retrieved from /home/airflow/.local/lib/python3.12/site-packages/airflow/example_dags/example_latest_only.py
[2024-07-02T11:59:10.819+0000] {logging_mixin.py:188} INFO - [2024-07-02T11:59:10.819+0000] {dag.py:3096} INFO - Sync 1 DAGs
[2024-07-02T11:59:10.838+0000] {logging_mixin.py:188} INFO - [2024-07-02T11:59:10.838+0000] {dag.py:3954} INFO - Setting next_dagrun for latest_only to 2024-07-02 04:00:00+00:00, run_after=2024-07-02 08:00:00+00:00
[2024-07-02T11:59:10.859+0000] {processor.py:183} INFO - Processing /home/airflow/.local/lib/python3.12/site-packages/airflow/example_dags/example_latest_only.py took 0.074 seconds
[2024-07-02T11:59:42.786+0000] {processor.py:161} INFO - Started process (PID=1478) to work on /home/airflow/.local/lib/python3.12/site-packages/airflow/example_dags/example_latest_only.py
[2024-07-02T11:59:42.787+0000] {processor.py:830} INFO - Processing file /home/airflow/.local/lib/python3.12/site-packages/airflow/example_dags/example_latest_only.py for tasks to queue
[2024-07-02T11:59:42.788+0000] {logging_mixin.py:188} INFO - [2024-07-02T11:59:42.788+0000] {dagbag.py:545} INFO - Filling up the DagBag from /home/airflow/.local/lib/python3.12/site-packages/airflow/example_dags/example_latest_only.py
[2024-07-02T11:59:42.795+0000] {processor.py:840} INFO - DAG(s) 'latest_only' retrieved from /home/airflow/.local/lib/python3.12/site-packages/airflow/example_dags/example_latest_only.py
[2024-07-02T11:59:42.818+0000] {logging_mixin.py:188} INFO - [2024-07-02T11:59:42.817+0000] {dag.py:3096} INFO - Sync 1 DAGs
[2024-07-02T11:59:42.965+0000] {logging_mixin.py:188} INFO - [2024-07-02T11:59:42.965+0000] {dag.py:3954} INFO - Setting next_dagrun for latest_only to 2024-07-02 04:00:00+00:00, run_after=2024-07-02 08:00:00+00:00
[2024-07-02T11:59:42.983+0000] {processor.py:183} INFO - Processing /home/airflow/.local/lib/python3.12/site-packages/airflow/example_dags/example_latest_only.py took 0.205 seconds
[2024-07-02T12:00:13.346+0000] {processor.py:161} INFO - Started process (PID=1541) to work on /home/airflow/.local/lib/python3.12/site-packages/airflow/example_dags/example_latest_only.py
[2024-07-02T12:00:13.347+0000] {processor.py:830} INFO - Processing file /home/airflow/.local/lib/python3.12/site-packages/airflow/example_dags/example_latest_only.py for tasks to queue
[2024-07-02T12:00:13.348+0000] {logging_mixin.py:188} INFO - [2024-07-02T12:00:13.348+0000] {dagbag.py:545} INFO - Filling up the DagBag from /home/airflow/.local/lib/python3.12/site-packages/airflow/example_dags/example_latest_only.py
[2024-07-02T12:00:13.353+0000] {processor.py:840} INFO - DAG(s) 'latest_only' retrieved from /home/airflow/.local/lib/python3.12/site-packages/airflow/example_dags/example_latest_only.py
[2024-07-02T12:00:13.375+0000] {logging_mixin.py:188} INFO - [2024-07-02T12:00:13.374+0000] {dag.py:3096} INFO - Sync 1 DAGs
[2024-07-02T12:00:13.395+0000] {logging_mixin.py:188} INFO - [2024-07-02T12:00:13.394+0000] {dag.py:3954} INFO - Setting next_dagrun for latest_only to 2024-07-02 08:00:00+00:00, run_after=2024-07-02 12:00:00+00:00
[2024-07-02T12:00:13.524+0000] {processor.py:183} INFO - Processing /home/airflow/.local/lib/python3.12/site-packages/airflow/example_dags/example_latest_only.py took 0.185 seconds
[2024-07-02T12:00:44.213+0000] {processor.py:161} INFO - Started process (PID=1604) to work on /home/airflow/.local/lib/python3.12/site-packages/airflow/example_dags/example_latest_only.py
[2024-07-02T12:00:44.214+0000] {processor.py:830} INFO - Processing file /home/airflow/.local/lib/python3.12/site-packages/airflow/example_dags/example_latest_only.py for tasks to queue
[2024-07-02T12:00:44.215+0000] {logging_mixin.py:188} INFO - [2024-07-02T12:00:44.214+0000] {dagbag.py:545} INFO - Filling up the DagBag from /home/airflow/.local/lib/python3.12/site-packages/airflow/example_dags/example_latest_only.py
[2024-07-02T12:00:44.220+0000] {processor.py:840} INFO - DAG(s) 'latest_only' retrieved from /home/airflow/.local/lib/python3.12/site-packages/airflow/example_dags/example_latest_only.py
[2024-07-02T12:00:44.237+0000] {logging_mixin.py:188} INFO - [2024-07-02T12:00:44.237+0000] {dag.py:3096} INFO - Sync 1 DAGs
[2024-07-02T12:00:44.255+0000] {logging_mixin.py:188} INFO - [2024-07-02T12:00:44.255+0000] {dag.py:3954} INFO - Setting next_dagrun for latest_only to 2024-07-02 08:00:00+00:00, run_after=2024-07-02 12:00:00+00:00
[2024-07-02T12:00:44.385+0000] {processor.py:183} INFO - Processing /home/airflow/.local/lib/python3.12/site-packages/airflow/example_dags/example_latest_only.py took 0.179 seconds
[2024-07-02T12:01:14.545+0000] {processor.py:161} INFO - Started process (PID=1667) to work on /home/airflow/.local/lib/python3.12/site-packages/airflow/example_dags/example_latest_only.py
[2024-07-02T12:01:14.546+0000] {processor.py:830} INFO - Processing file /home/airflow/.local/lib/python3.12/site-packages/airflow/example_dags/example_latest_only.py for tasks to queue
[2024-07-02T12:01:14.548+0000] {logging_mixin.py:188} INFO - [2024-07-02T12:01:14.547+0000] {dagbag.py:545} INFO - Filling up the DagBag from /home/airflow/.local/lib/python3.12/site-packages/airflow/example_dags/example_latest_only.py
[2024-07-02T12:01:14.552+0000] {processor.py:840} INFO - DAG(s) 'latest_only' retrieved from /home/airflow/.local/lib/python3.12/site-packages/airflow/example_dags/example_latest_only.py
[2024-07-02T12:01:14.570+0000] {logging_mixin.py:188} INFO - [2024-07-02T12:01:14.570+0000] {dag.py:3096} INFO - Sync 1 DAGs
[2024-07-02T12:01:14.588+0000] {logging_mixin.py:188} INFO - [2024-07-02T12:01:14.588+0000] {dag.py:3954} INFO - Setting next_dagrun for latest_only to 2024-07-02 08:00:00+00:00, run_after=2024-07-02 12:00:00+00:00
[2024-07-02T12:01:14.608+0000] {processor.py:183} INFO - Processing /home/airflow/.local/lib/python3.12/site-packages/airflow/example_dags/example_latest_only.py took 0.069 seconds
[2024-07-02T12:01:46.609+0000] {processor.py:161} INFO - Started process (PID=1730) to work on /home/airflow/.local/lib/python3.12/site-packages/airflow/example_dags/example_latest_only.py
[2024-07-02T12:01:46.610+0000] {processor.py:830} INFO - Processing file /home/airflow/.local/lib/python3.12/site-packages/airflow/example_dags/example_latest_only.py for tasks to queue
[2024-07-02T12:01:46.611+0000] {logging_mixin.py:188} INFO - [2024-07-02T12:01:46.611+0000] {dagbag.py:545} INFO - Filling up the DagBag from /home/airflow/.local/lib/python3.12/site-packages/airflow/example_dags/example_latest_only.py
[2024-07-02T12:01:46.616+0000] {processor.py:840} INFO - DAG(s) 'latest_only' retrieved from /home/airflow/.local/lib/python3.12/site-packages/airflow/example_dags/example_latest_only.py
[2024-07-02T12:01:46.634+0000] {logging_mixin.py:188} INFO - [2024-07-02T12:01:46.634+0000] {dag.py:3096} INFO - Sync 1 DAGs
[2024-07-02T12:01:46.653+0000] {logging_mixin.py:188} INFO - [2024-07-02T12:01:46.653+0000] {dag.py:3954} INFO - Setting next_dagrun for latest_only to 2024-07-02 08:00:00+00:00, run_after=2024-07-02 12:00:00+00:00
[2024-07-02T12:01:46.675+0000] {processor.py:183} INFO - Processing /home/airflow/.local/lib/python3.12/site-packages/airflow/example_dags/example_latest_only.py took 0.073 seconds
[2024-07-02T12:02:17.252+0000] {processor.py:161} INFO - Started process (PID=1793) to work on /home/airflow/.local/lib/python3.12/site-packages/airflow/example_dags/example_latest_only.py
[2024-07-02T12:02:17.253+0000] {processor.py:830} INFO - Processing file /home/airflow/.local/lib/python3.12/site-packages/airflow/example_dags/example_latest_only.py for tasks to queue
[2024-07-02T12:02:17.254+0000] {logging_mixin.py:188} INFO - [2024-07-02T12:02:17.254+0000] {dagbag.py:545} INFO - Filling up the DagBag from /home/airflow/.local/lib/python3.12/site-packages/airflow/example_dags/example_latest_only.py
[2024-07-02T12:02:17.259+0000] {processor.py:840} INFO - DAG(s) 'latest_only' retrieved from /home/airflow/.local/lib/python3.12/site-packages/airflow/example_dags/example_latest_only.py
[2024-07-02T12:02:17.278+0000] {logging_mixin.py:188} INFO - [2024-07-02T12:02:17.278+0000] {dag.py:3096} INFO - Sync 1 DAGs
[2024-07-02T12:02:17.297+0000] {logging_mixin.py:188} INFO - [2024-07-02T12:02:17.297+0000] {dag.py:3954} INFO - Setting next_dagrun for latest_only to 2024-07-02 08:00:00+00:00, run_after=2024-07-02 12:00:00+00:00
[2024-07-02T12:02:17.318+0000] {processor.py:183} INFO - Processing /home/airflow/.local/lib/python3.12/site-packages/airflow/example_dags/example_latest_only.py took 0.075 seconds
[2024-07-02T12:02:47.514+0000] {processor.py:161} INFO - Started process (PID=1856) to work on /home/airflow/.local/lib/python3.12/site-packages/airflow/example_dags/example_latest_only.py
[2024-07-02T12:02:47.515+0000] {processor.py:830} INFO - Processing file /home/airflow/.local/lib/python3.12/site-packages/airflow/example_dags/example_latest_only.py for tasks to queue
[2024-07-02T12:02:47.516+0000] {logging_mixin.py:188} INFO - [2024-07-02T12:02:47.516+0000] {dagbag.py:545} INFO - Filling up the DagBag from /home/airflow/.local/lib/python3.12/site-packages/airflow/example_dags/example_latest_only.py
[2024-07-02T12:02:47.520+0000] {processor.py:840} INFO - DAG(s) 'latest_only' retrieved from /home/airflow/.local/lib/python3.12/site-packages/airflow/example_dags/example_latest_only.py
[2024-07-02T12:02:47.539+0000] {logging_mixin.py:188} INFO - [2024-07-02T12:02:47.539+0000] {dag.py:3096} INFO - Sync 1 DAGs
[2024-07-02T12:02:47.557+0000] {logging_mixin.py:188} INFO - [2024-07-02T12:02:47.557+0000] {dag.py:3954} INFO - Setting next_dagrun for latest_only to 2024-07-02 08:00:00+00:00, run_after=2024-07-02 12:00:00+00:00
[2024-07-02T12:02:47.576+0000] {processor.py:183} INFO - Processing /home/airflow/.local/lib/python3.12/site-packages/airflow/example_dags/example_latest_only.py took 0.070 seconds
[2024-07-02T12:03:18.272+0000] {processor.py:161} INFO - Started process (PID=1919) to work on /home/airflow/.local/lib/python3.12/site-packages/airflow/example_dags/example_latest_only.py
[2024-07-02T12:03:18.273+0000] {processor.py:830} INFO - Processing file /home/airflow/.local/lib/python3.12/site-packages/airflow/example_dags/example_latest_only.py for tasks to queue
[2024-07-02T12:03:18.274+0000] {logging_mixin.py:188} INFO - [2024-07-02T12:03:18.274+0000] {dagbag.py:545} INFO - Filling up the DagBag from /home/airflow/.local/lib/python3.12/site-packages/airflow/example_dags/example_latest_only.py
[2024-07-02T12:03:18.279+0000] {processor.py:840} INFO - DAG(s) 'latest_only' retrieved from /home/airflow/.local/lib/python3.12/site-packages/airflow/example_dags/example_latest_only.py
[2024-07-02T12:03:18.298+0000] {logging_mixin.py:188} INFO - [2024-07-02T12:03:18.298+0000] {dag.py:3096} INFO - Sync 1 DAGs
[2024-07-02T12:03:18.317+0000] {logging_mixin.py:188} INFO - [2024-07-02T12:03:18.317+0000] {dag.py:3954} INFO - Setting next_dagrun for latest_only to 2024-07-02 08:00:00+00:00, run_after=2024-07-02 12:00:00+00:00
[2024-07-02T12:03:18.339+0000] {processor.py:183} INFO - Processing /home/airflow/.local/lib/python3.12/site-packages/airflow/example_dags/example_latest_only.py took 0.074 seconds
[2024-07-02T12:03:49.277+0000] {processor.py:161} INFO - Started process (PID=1982) to work on /home/airflow/.local/lib/python3.12/site-packages/airflow/example_dags/example_latest_only.py
[2024-07-02T12:03:49.279+0000] {processor.py:830} INFO - Processing file /home/airflow/.local/lib/python3.12/site-packages/airflow/example_dags/example_latest_only.py for tasks to queue
[2024-07-02T12:03:49.280+0000] {logging_mixin.py:188} INFO - [2024-07-02T12:03:49.279+0000] {dagbag.py:545} INFO - Filling up the DagBag from /home/airflow/.local/lib/python3.12/site-packages/airflow/example_dags/example_latest_only.py
[2024-07-02T12:03:49.286+0000] {processor.py:840} INFO - DAG(s) 'latest_only' retrieved from /home/airflow/.local/lib/python3.12/site-packages/airflow/example_dags/example_latest_only.py
[2024-07-02T12:03:49.305+0000] {logging_mixin.py:188} INFO - [2024-07-02T12:03:49.305+0000] {dag.py:3096} INFO - Sync 1 DAGs
[2024-07-02T12:03:49.325+0000] {logging_mixin.py:188} INFO - [2024-07-02T12:03:49.325+0000] {dag.py:3954} INFO - Setting next_dagrun for latest_only to 2024-07-02 08:00:00+00:00, run_after=2024-07-02 12:00:00+00:00
[2024-07-02T12:03:49.343+0000] {processor.py:183} INFO - Processing /home/airflow/.local/lib/python3.12/site-packages/airflow/example_dags/example_latest_only.py took 0.076 seconds
[2024-07-02T12:04:19.644+0000] {processor.py:161} INFO - Started process (PID=2045) to work on /home/airflow/.local/lib/python3.12/site-packages/airflow/example_dags/example_latest_only.py
[2024-07-02T12:04:19.646+0000] {processor.py:830} INFO - Processing file /home/airflow/.local/lib/python3.12/site-packages/airflow/example_dags/example_latest_only.py for tasks to queue
[2024-07-02T12:04:19.647+0000] {logging_mixin.py:188} INFO - [2024-07-02T12:04:19.647+0000] {dagbag.py:545} INFO - Filling up the DagBag from /home/airflow/.local/lib/python3.12/site-packages/airflow/example_dags/example_latest_only.py
[2024-07-02T12:04:19.652+0000] {processor.py:840} INFO - DAG(s) 'latest_only' retrieved from /home/airflow/.local/lib/python3.12/site-packages/airflow/example_dags/example_latest_only.py
[2024-07-02T12:04:19.673+0000] {logging_mixin.py:188} INFO - [2024-07-02T12:04:19.673+0000] {dag.py:3096} INFO - Sync 1 DAGs
[2024-07-02T12:04:19.697+0000] {logging_mixin.py:188} INFO - [2024-07-02T12:04:19.696+0000] {dag.py:3954} INFO - Setting next_dagrun for latest_only to 2024-07-02 08:00:00+00:00, run_after=2024-07-02 12:00:00+00:00
[2024-07-02T12:04:19.719+0000] {processor.py:183} INFO - Processing /home/airflow/.local/lib/python3.12/site-packages/airflow/example_dags/example_latest_only.py took 0.085 seconds
[2024-07-02T12:04:50.480+0000] {processor.py:161} INFO - Started process (PID=2107) to work on /home/airflow/.local/lib/python3.12/site-packages/airflow/example_dags/example_latest_only.py
[2024-07-02T12:04:50.481+0000] {processor.py:830} INFO - Processing file /home/airflow/.local/lib/python3.12/site-packages/airflow/example_dags/example_latest_only.py for tasks to queue
[2024-07-02T12:04:50.482+0000] {logging_mixin.py:188} INFO - [2024-07-02T12:04:50.482+0000] {dagbag.py:545} INFO - Filling up the DagBag from /home/airflow/.local/lib/python3.12/site-packages/airflow/example_dags/example_latest_only.py
[2024-07-02T12:04:50.487+0000] {processor.py:840} INFO - DAG(s) 'latest_only' retrieved from /home/airflow/.local/lib/python3.12/site-packages/airflow/example_dags/example_latest_only.py
[2024-07-02T12:04:50.506+0000] {logging_mixin.py:188} INFO - [2024-07-02T12:04:50.506+0000] {dag.py:3096} INFO - Sync 1 DAGs
[2024-07-02T12:04:50.526+0000] {logging_mixin.py:188} INFO - [2024-07-02T12:04:50.526+0000] {dag.py:3954} INFO - Setting next_dagrun for latest_only to 2024-07-02 08:00:00+00:00, run_after=2024-07-02 12:00:00+00:00
[2024-07-02T12:04:50.544+0000] {processor.py:183} INFO - Processing /home/airflow/.local/lib/python3.12/site-packages/airflow/example_dags/example_latest_only.py took 0.073 seconds
[2024-07-02T12:05:20.984+0000] {processor.py:161} INFO - Started process (PID=2170) to work on /home/airflow/.local/lib/python3.12/site-packages/airflow/example_dags/example_latest_only.py
[2024-07-02T12:05:20.985+0000] {processor.py:830} INFO - Processing file /home/airflow/.local/lib/python3.12/site-packages/airflow/example_dags/example_latest_only.py for tasks to queue
[2024-07-02T12:05:20.986+0000] {logging_mixin.py:188} INFO - [2024-07-02T12:05:20.986+0000] {dagbag.py:545} INFO - Filling up the DagBag from /home/airflow/.local/lib/python3.12/site-packages/airflow/example_dags/example_latest_only.py
[2024-07-02T12:05:20.990+0000] {processor.py:840} INFO - DAG(s) 'latest_only' retrieved from /home/airflow/.local/lib/python3.12/site-packages/airflow/example_dags/example_latest_only.py
[2024-07-02T12:05:21.008+0000] {logging_mixin.py:188} INFO - [2024-07-02T12:05:21.008+0000] {dag.py:3096} INFO - Sync 1 DAGs
[2024-07-02T12:05:21.026+0000] {logging_mixin.py:188} INFO - [2024-07-02T12:05:21.026+0000] {dag.py:3954} INFO - Setting next_dagrun for latest_only to 2024-07-02 08:00:00+00:00, run_after=2024-07-02 12:00:00+00:00
[2024-07-02T12:05:21.046+0000] {processor.py:183} INFO - Processing /home/airflow/.local/lib/python3.12/site-packages/airflow/example_dags/example_latest_only.py took 0.072 seconds
[2024-07-02T12:07:44.451+0000] {processor.py:161} INFO - Started process (PID=78) to work on /home/airflow/.local/lib/python3.12/site-packages/airflow/example_dags/example_latest_only.py
[2024-07-02T12:07:44.454+0000] {processor.py:830} INFO - Processing file /home/airflow/.local/lib/python3.12/site-packages/airflow/example_dags/example_latest_only.py for tasks to queue
[2024-07-02T12:07:44.456+0000] {logging_mixin.py:188} INFO - [2024-07-02T12:07:44.455+0000] {dagbag.py:545} INFO - Filling up the DagBag from /home/airflow/.local/lib/python3.12/site-packages/airflow/example_dags/example_latest_only.py
[2024-07-02T12:07:44.460+0000] {processor.py:840} INFO - DAG(s) 'latest_only' retrieved from /home/airflow/.local/lib/python3.12/site-packages/airflow/example_dags/example_latest_only.py
[2024-07-02T12:07:44.470+0000] {logging_mixin.py:188} INFO - [2024-07-02T12:07:44.470+0000] {dag.py:3096} INFO - Sync 1 DAGs
[2024-07-02T12:07:44.490+0000] {logging_mixin.py:188} INFO - [2024-07-02T12:07:44.490+0000] {dag.py:3954} INFO - Setting next_dagrun for latest_only to 2024-07-02 08:00:00+00:00, run_after=2024-07-02 12:00:00+00:00
[2024-07-02T12:07:44.511+0000] {processor.py:183} INFO - Processing /home/airflow/.local/lib/python3.12/site-packages/airflow/example_dags/example_latest_only.py took 0.065 seconds
[2024-07-02T12:08:16.295+0000] {processor.py:161} INFO - Started process (PID=141) to work on /home/airflow/.local/lib/python3.12/site-packages/airflow/example_dags/example_latest_only.py
[2024-07-02T12:08:16.296+0000] {processor.py:830} INFO - Processing file /home/airflow/.local/lib/python3.12/site-packages/airflow/example_dags/example_latest_only.py for tasks to queue
[2024-07-02T12:08:16.298+0000] {logging_mixin.py:188} INFO - [2024-07-02T12:08:16.297+0000] {dagbag.py:545} INFO - Filling up the DagBag from /home/airflow/.local/lib/python3.12/site-packages/airflow/example_dags/example_latest_only.py
[2024-07-02T12:08:16.302+0000] {processor.py:840} INFO - DAG(s) 'latest_only' retrieved from /home/airflow/.local/lib/python3.12/site-packages/airflow/example_dags/example_latest_only.py
[2024-07-02T12:08:16.384+0000] {logging_mixin.py:188} INFO - [2024-07-02T12:08:16.384+0000] {dag.py:3096} INFO - Sync 1 DAGs
[2024-07-02T12:08:16.400+0000] {logging_mixin.py:188} INFO - [2024-07-02T12:08:16.400+0000] {dag.py:3954} INFO - Setting next_dagrun for latest_only to 2024-07-02 08:00:00+00:00, run_after=2024-07-02 12:00:00+00:00
[2024-07-02T12:08:16.418+0000] {processor.py:183} INFO - Processing /home/airflow/.local/lib/python3.12/site-packages/airflow/example_dags/example_latest_only.py took 0.128 seconds
[2024-07-02T12:08:46.511+0000] {processor.py:161} INFO - Started process (PID=204) to work on /home/airflow/.local/lib/python3.12/site-packages/airflow/example_dags/example_latest_only.py
[2024-07-02T12:08:46.512+0000] {processor.py:830} INFO - Processing file /home/airflow/.local/lib/python3.12/site-packages/airflow/example_dags/example_latest_only.py for tasks to queue
[2024-07-02T12:08:46.514+0000] {logging_mixin.py:188} INFO - [2024-07-02T12:08:46.514+0000] {dagbag.py:545} INFO - Filling up the DagBag from /home/airflow/.local/lib/python3.12/site-packages/airflow/example_dags/example_latest_only.py
[2024-07-02T12:08:46.518+0000] {processor.py:840} INFO - DAG(s) 'latest_only' retrieved from /home/airflow/.local/lib/python3.12/site-packages/airflow/example_dags/example_latest_only.py
[2024-07-02T12:08:46.533+0000] {logging_mixin.py:188} INFO - [2024-07-02T12:08:46.533+0000] {dag.py:3096} INFO - Sync 1 DAGs
[2024-07-02T12:08:46.549+0000] {logging_mixin.py:188} INFO - [2024-07-02T12:08:46.549+0000] {dag.py:3954} INFO - Setting next_dagrun for latest_only to 2024-07-02 08:00:00+00:00, run_after=2024-07-02 12:00:00+00:00
[2024-07-02T12:08:46.567+0000] {processor.py:183} INFO - Processing /home/airflow/.local/lib/python3.12/site-packages/airflow/example_dags/example_latest_only.py took 0.060 seconds
[2024-07-02T12:09:17.388+0000] {processor.py:161} INFO - Started process (PID=267) to work on /home/airflow/.local/lib/python3.12/site-packages/airflow/example_dags/example_latest_only.py
[2024-07-02T12:09:17.390+0000] {processor.py:830} INFO - Processing file /home/airflow/.local/lib/python3.12/site-packages/airflow/example_dags/example_latest_only.py for tasks to queue
[2024-07-02T12:09:17.393+0000] {logging_mixin.py:188} INFO - [2024-07-02T12:09:17.393+0000] {dagbag.py:545} INFO - Filling up the DagBag from /home/airflow/.local/lib/python3.12/site-packages/airflow/example_dags/example_latest_only.py
[2024-07-02T12:09:17.400+0000] {processor.py:840} INFO - DAG(s) 'latest_only' retrieved from /home/airflow/.local/lib/python3.12/site-packages/airflow/example_dags/example_latest_only.py
[2024-07-02T12:09:17.414+0000] {logging_mixin.py:188} INFO - [2024-07-02T12:09:17.413+0000] {dag.py:3096} INFO - Sync 1 DAGs
[2024-07-02T12:09:17.435+0000] {logging_mixin.py:188} INFO - [2024-07-02T12:09:17.435+0000] {dag.py:3954} INFO - Setting next_dagrun for latest_only to 2024-07-02 08:00:00+00:00, run_after=2024-07-02 12:00:00+00:00
[2024-07-02T12:09:17.456+0000] {processor.py:183} INFO - Processing /home/airflow/.local/lib/python3.12/site-packages/airflow/example_dags/example_latest_only.py took 0.078 seconds
[2024-07-02T12:09:49.878+0000] {processor.py:161} INFO - Started process (PID=330) to work on /home/airflow/.local/lib/python3.12/site-packages/airflow/example_dags/example_latest_only.py
[2024-07-02T12:09:49.879+0000] {processor.py:830} INFO - Processing file /home/airflow/.local/lib/python3.12/site-packages/airflow/example_dags/example_latest_only.py for tasks to queue
[2024-07-02T12:09:49.881+0000] {logging_mixin.py:188} INFO - [2024-07-02T12:09:49.881+0000] {dagbag.py:545} INFO - Filling up the DagBag from /home/airflow/.local/lib/python3.12/site-packages/airflow/example_dags/example_latest_only.py
[2024-07-02T12:09:49.885+0000] {processor.py:840} INFO - DAG(s) 'latest_only' retrieved from /home/airflow/.local/lib/python3.12/site-packages/airflow/example_dags/example_latest_only.py
[2024-07-02T12:09:49.973+0000] {logging_mixin.py:188} INFO - [2024-07-02T12:09:49.973+0000] {dag.py:3096} INFO - Sync 1 DAGs
[2024-07-02T12:09:49.991+0000] {logging_mixin.py:188} INFO - [2024-07-02T12:09:49.991+0000] {dag.py:3954} INFO - Setting next_dagrun for latest_only to 2024-07-02 08:00:00+00:00, run_after=2024-07-02 12:00:00+00:00
[2024-07-02T12:09:50.014+0000] {processor.py:183} INFO - Processing /home/airflow/.local/lib/python3.12/site-packages/airflow/example_dags/example_latest_only.py took 0.141 seconds
[2024-07-02T12:10:20.438+0000] {processor.py:161} INFO - Started process (PID=393) to work on /home/airflow/.local/lib/python3.12/site-packages/airflow/example_dags/example_latest_only.py
[2024-07-02T12:10:20.440+0000] {processor.py:830} INFO - Processing file /home/airflow/.local/lib/python3.12/site-packages/airflow/example_dags/example_latest_only.py for tasks to queue
[2024-07-02T12:10:20.442+0000] {logging_mixin.py:188} INFO - [2024-07-02T12:10:20.442+0000] {dagbag.py:545} INFO - Filling up the DagBag from /home/airflow/.local/lib/python3.12/site-packages/airflow/example_dags/example_latest_only.py
[2024-07-02T12:10:20.447+0000] {processor.py:840} INFO - DAG(s) 'latest_only' retrieved from /home/airflow/.local/lib/python3.12/site-packages/airflow/example_dags/example_latest_only.py
[2024-07-02T12:10:20.467+0000] {logging_mixin.py:188} INFO - [2024-07-02T12:10:20.467+0000] {dag.py:3096} INFO - Sync 1 DAGs
[2024-07-02T12:10:20.486+0000] {logging_mixin.py:188} INFO - [2024-07-02T12:10:20.486+0000] {dag.py:3954} INFO - Setting next_dagrun for latest_only to 2024-07-02 08:00:00+00:00, run_after=2024-07-02 12:00:00+00:00
[2024-07-02T12:10:20.507+0000] {processor.py:183} INFO - Processing /home/airflow/.local/lib/python3.12/site-packages/airflow/example_dags/example_latest_only.py took 0.074 seconds
[2024-07-02T12:10:51.009+0000] {processor.py:161} INFO - Started process (PID=456) to work on /home/airflow/.local/lib/python3.12/site-packages/airflow/example_dags/example_latest_only.py
[2024-07-02T12:10:51.010+0000] {processor.py:830} INFO - Processing file /home/airflow/.local/lib/python3.12/site-packages/airflow/example_dags/example_latest_only.py for tasks to queue
[2024-07-02T12:10:51.012+0000] {logging_mixin.py:188} INFO - [2024-07-02T12:10:51.012+0000] {dagbag.py:545} INFO - Filling up the DagBag from /home/airflow/.local/lib/python3.12/site-packages/airflow/example_dags/example_latest_only.py
[2024-07-02T12:10:51.017+0000] {processor.py:840} INFO - DAG(s) 'latest_only' retrieved from /home/airflow/.local/lib/python3.12/site-packages/airflow/example_dags/example_latest_only.py
[2024-07-02T12:10:51.034+0000] {logging_mixin.py:188} INFO - [2024-07-02T12:10:51.034+0000] {dag.py:3096} INFO - Sync 1 DAGs
[2024-07-02T12:10:51.054+0000] {logging_mixin.py:188} INFO - [2024-07-02T12:10:51.054+0000] {dag.py:3954} INFO - Setting next_dagrun for latest_only to 2024-07-02 08:00:00+00:00, run_after=2024-07-02 12:00:00+00:00
[2024-07-02T12:10:51.075+0000] {processor.py:183} INFO - Processing /home/airflow/.local/lib/python3.12/site-packages/airflow/example_dags/example_latest_only.py took 0.072 seconds
[2024-07-02T12:11:21.713+0000] {processor.py:161} INFO - Started process (PID=520) to work on /home/airflow/.local/lib/python3.12/site-packages/airflow/example_dags/example_latest_only.py
[2024-07-02T12:11:21.715+0000] {processor.py:830} INFO - Processing file /home/airflow/.local/lib/python3.12/site-packages/airflow/example_dags/example_latest_only.py for tasks to queue
[2024-07-02T12:11:21.717+0000] {logging_mixin.py:188} INFO - [2024-07-02T12:11:21.716+0000] {dagbag.py:545} INFO - Filling up the DagBag from /home/airflow/.local/lib/python3.12/site-packages/airflow/example_dags/example_latest_only.py
[2024-07-02T12:11:21.722+0000] {processor.py:840} INFO - DAG(s) 'latest_only' retrieved from /home/airflow/.local/lib/python3.12/site-packages/airflow/example_dags/example_latest_only.py
[2024-07-02T12:11:21.743+0000] {logging_mixin.py:188} INFO - [2024-07-02T12:11:21.742+0000] {dag.py:3096} INFO - Sync 1 DAGs
[2024-07-02T12:11:21.767+0000] {logging_mixin.py:188} INFO - [2024-07-02T12:11:21.767+0000] {dag.py:3954} INFO - Setting next_dagrun for latest_only to 2024-07-02 08:00:00+00:00, run_after=2024-07-02 12:00:00+00:00
[2024-07-02T12:11:21.790+0000] {processor.py:183} INFO - Processing /home/airflow/.local/lib/python3.12/site-packages/airflow/example_dags/example_latest_only.py took 0.083 seconds
[2024-07-02T12:11:51.959+0000] {processor.py:161} INFO - Started process (PID=583) to work on /home/airflow/.local/lib/python3.12/site-packages/airflow/example_dags/example_latest_only.py
[2024-07-02T12:11:51.960+0000] {processor.py:830} INFO - Processing file /home/airflow/.local/lib/python3.12/site-packages/airflow/example_dags/example_latest_only.py for tasks to queue
[2024-07-02T12:11:51.962+0000] {logging_mixin.py:188} INFO - [2024-07-02T12:11:51.962+0000] {dagbag.py:545} INFO - Filling up the DagBag from /home/airflow/.local/lib/python3.12/site-packages/airflow/example_dags/example_latest_only.py
[2024-07-02T12:11:51.967+0000] {processor.py:840} INFO - DAG(s) 'latest_only' retrieved from /home/airflow/.local/lib/python3.12/site-packages/airflow/example_dags/example_latest_only.py
[2024-07-02T12:11:51.985+0000] {logging_mixin.py:188} INFO - [2024-07-02T12:11:51.985+0000] {dag.py:3096} INFO - Sync 1 DAGs
[2024-07-02T12:11:52.009+0000] {logging_mixin.py:188} INFO - [2024-07-02T12:11:52.008+0000] {dag.py:3954} INFO - Setting next_dagrun for latest_only to 2024-07-02 08:00:00+00:00, run_after=2024-07-02 12:00:00+00:00
[2024-07-02T12:11:52.035+0000] {processor.py:183} INFO - Processing /home/airflow/.local/lib/python3.12/site-packages/airflow/example_dags/example_latest_only.py took 0.082 seconds
[2024-07-02T12:12:22.884+0000] {processor.py:161} INFO - Started process (PID=646) to work on /home/airflow/.local/lib/python3.12/site-packages/airflow/example_dags/example_latest_only.py
[2024-07-02T12:12:22.885+0000] {processor.py:830} INFO - Processing file /home/airflow/.local/lib/python3.12/site-packages/airflow/example_dags/example_latest_only.py for tasks to queue
[2024-07-02T12:12:22.888+0000] {logging_mixin.py:188} INFO - [2024-07-02T12:12:22.887+0000] {dagbag.py:545} INFO - Filling up the DagBag from /home/airflow/.local/lib/python3.12/site-packages/airflow/example_dags/example_latest_only.py
[2024-07-02T12:12:22.892+0000] {processor.py:840} INFO - DAG(s) 'latest_only' retrieved from /home/airflow/.local/lib/python3.12/site-packages/airflow/example_dags/example_latest_only.py
[2024-07-02T12:12:22.910+0000] {logging_mixin.py:188} INFO - [2024-07-02T12:12:22.910+0000] {dag.py:3096} INFO - Sync 1 DAGs
[2024-07-02T12:12:22.928+0000] {logging_mixin.py:188} INFO - [2024-07-02T12:12:22.928+0000] {dag.py:3954} INFO - Setting next_dagrun for latest_only to 2024-07-02 08:00:00+00:00, run_after=2024-07-02 12:00:00+00:00
[2024-07-02T12:12:22.948+0000] {processor.py:183} INFO - Processing /home/airflow/.local/lib/python3.12/site-packages/airflow/example_dags/example_latest_only.py took 0.070 seconds
[2024-07-02T12:12:54.383+0000] {processor.py:161} INFO - Started process (PID=709) to work on /home/airflow/.local/lib/python3.12/site-packages/airflow/example_dags/example_latest_only.py
[2024-07-02T12:12:54.384+0000] {processor.py:830} INFO - Processing file /home/airflow/.local/lib/python3.12/site-packages/airflow/example_dags/example_latest_only.py for tasks to queue
[2024-07-02T12:12:54.386+0000] {logging_mixin.py:188} INFO - [2024-07-02T12:12:54.386+0000] {dagbag.py:545} INFO - Filling up the DagBag from /home/airflow/.local/lib/python3.12/site-packages/airflow/example_dags/example_latest_only.py
[2024-07-02T12:12:54.390+0000] {processor.py:840} INFO - DAG(s) 'latest_only' retrieved from /home/airflow/.local/lib/python3.12/site-packages/airflow/example_dags/example_latest_only.py
[2024-07-02T12:12:54.408+0000] {logging_mixin.py:188} INFO - [2024-07-02T12:12:54.408+0000] {dag.py:3096} INFO - Sync 1 DAGs
[2024-07-02T12:12:54.427+0000] {logging_mixin.py:188} INFO - [2024-07-02T12:12:54.427+0000] {dag.py:3954} INFO - Setting next_dagrun for latest_only to 2024-07-02 08:00:00+00:00, run_after=2024-07-02 12:00:00+00:00
[2024-07-02T12:12:54.451+0000] {processor.py:183} INFO - Processing /home/airflow/.local/lib/python3.12/site-packages/airflow/example_dags/example_latest_only.py took 0.074 seconds
[2024-07-02T12:13:25.791+0000] {processor.py:161} INFO - Started process (PID=772) to work on /home/airflow/.local/lib/python3.12/site-packages/airflow/example_dags/example_latest_only.py
[2024-07-02T12:13:25.792+0000] {processor.py:830} INFO - Processing file /home/airflow/.local/lib/python3.12/site-packages/airflow/example_dags/example_latest_only.py for tasks to queue
[2024-07-02T12:13:25.794+0000] {logging_mixin.py:188} INFO - [2024-07-02T12:13:25.794+0000] {dagbag.py:545} INFO - Filling up the DagBag from /home/airflow/.local/lib/python3.12/site-packages/airflow/example_dags/example_latest_only.py
[2024-07-02T12:13:25.799+0000] {processor.py:840} INFO - DAG(s) 'latest_only' retrieved from /home/airflow/.local/lib/python3.12/site-packages/airflow/example_dags/example_latest_only.py
[2024-07-02T12:13:25.820+0000] {logging_mixin.py:188} INFO - [2024-07-02T12:13:25.820+0000] {dag.py:3096} INFO - Sync 1 DAGs
[2024-07-02T12:13:25.841+0000] {logging_mixin.py:188} INFO - [2024-07-02T12:13:25.841+0000] {dag.py:3954} INFO - Setting next_dagrun for latest_only to 2024-07-02 08:00:00+00:00, run_after=2024-07-02 12:00:00+00:00
[2024-07-02T12:13:25.864+0000] {processor.py:183} INFO - Processing /home/airflow/.local/lib/python3.12/site-packages/airflow/example_dags/example_latest_only.py took 0.079 seconds
[2024-07-02T12:13:56.187+0000] {processor.py:161} INFO - Started process (PID=835) to work on /home/airflow/.local/lib/python3.12/site-packages/airflow/example_dags/example_latest_only.py
[2024-07-02T12:13:56.189+0000] {processor.py:830} INFO - Processing file /home/airflow/.local/lib/python3.12/site-packages/airflow/example_dags/example_latest_only.py for tasks to queue
[2024-07-02T12:13:56.191+0000] {logging_mixin.py:188} INFO - [2024-07-02T12:13:56.190+0000] {dagbag.py:545} INFO - Filling up the DagBag from /home/airflow/.local/lib/python3.12/site-packages/airflow/example_dags/example_latest_only.py
[2024-07-02T12:13:56.196+0000] {processor.py:840} INFO - DAG(s) 'latest_only' retrieved from /home/airflow/.local/lib/python3.12/site-packages/airflow/example_dags/example_latest_only.py
[2024-07-02T12:13:56.215+0000] {logging_mixin.py:188} INFO - [2024-07-02T12:13:56.215+0000] {dag.py:3096} INFO - Sync 1 DAGs
[2024-07-02T12:13:56.237+0000] {logging_mixin.py:188} INFO - [2024-07-02T12:13:56.237+0000] {dag.py:3954} INFO - Setting next_dagrun for latest_only to 2024-07-02 08:00:00+00:00, run_after=2024-07-02 12:00:00+00:00
[2024-07-02T12:13:56.257+0000] {processor.py:183} INFO - Processing /home/airflow/.local/lib/python3.12/site-packages/airflow/example_dags/example_latest_only.py took 0.077 seconds
[2024-07-02T12:14:26.880+0000] {processor.py:161} INFO - Started process (PID=898) to work on /home/airflow/.local/lib/python3.12/site-packages/airflow/example_dags/example_latest_only.py
[2024-07-02T12:14:26.882+0000] {processor.py:830} INFO - Processing file /home/airflow/.local/lib/python3.12/site-packages/airflow/example_dags/example_latest_only.py for tasks to queue
[2024-07-02T12:14:26.885+0000] {logging_mixin.py:188} INFO - [2024-07-02T12:14:26.884+0000] {dagbag.py:545} INFO - Filling up the DagBag from /home/airflow/.local/lib/python3.12/site-packages/airflow/example_dags/example_latest_only.py
[2024-07-02T12:14:26.891+0000] {processor.py:840} INFO - DAG(s) 'latest_only' retrieved from /home/airflow/.local/lib/python3.12/site-packages/airflow/example_dags/example_latest_only.py
[2024-07-02T12:14:26.904+0000] {logging_mixin.py:188} INFO - [2024-07-02T12:14:26.904+0000] {dag.py:3096} INFO - Sync 1 DAGs
[2024-07-02T12:14:26.932+0000] {logging_mixin.py:188} INFO - [2024-07-02T12:14:26.932+0000] {dag.py:3954} INFO - Setting next_dagrun for latest_only to 2024-07-02 08:00:00+00:00, run_after=2024-07-02 12:00:00+00:00
[2024-07-02T12:14:26.957+0000] {processor.py:183} INFO - Processing /home/airflow/.local/lib/python3.12/site-packages/airflow/example_dags/example_latest_only.py took 0.087 seconds
[2024-07-02T12:14:59.130+0000] {processor.py:161} INFO - Started process (PID=967) to work on /home/airflow/.local/lib/python3.12/site-packages/airflow/example_dags/example_latest_only.py
[2024-07-02T12:14:59.131+0000] {processor.py:830} INFO - Processing file /home/airflow/.local/lib/python3.12/site-packages/airflow/example_dags/example_latest_only.py for tasks to queue
[2024-07-02T12:14:59.133+0000] {logging_mixin.py:188} INFO - [2024-07-02T12:14:59.133+0000] {dagbag.py:545} INFO - Filling up the DagBag from /home/airflow/.local/lib/python3.12/site-packages/airflow/example_dags/example_latest_only.py
[2024-07-02T12:14:59.137+0000] {processor.py:840} INFO - DAG(s) 'latest_only' retrieved from /home/airflow/.local/lib/python3.12/site-packages/airflow/example_dags/example_latest_only.py
[2024-07-02T12:14:59.218+0000] {logging_mixin.py:188} INFO - [2024-07-02T12:14:59.217+0000] {dag.py:3096} INFO - Sync 1 DAGs
[2024-07-02T12:14:59.235+0000] {logging_mixin.py:188} INFO - [2024-07-02T12:14:59.235+0000] {dag.py:3954} INFO - Setting next_dagrun for latest_only to 2024-07-02 08:00:00+00:00, run_after=2024-07-02 12:00:00+00:00
[2024-07-02T12:14:59.256+0000] {processor.py:183} INFO - Processing /home/airflow/.local/lib/python3.12/site-packages/airflow/example_dags/example_latest_only.py took 0.132 seconds
[2024-07-02T12:15:29.349+0000] {processor.py:161} INFO - Started process (PID=1030) to work on /home/airflow/.local/lib/python3.12/site-packages/airflow/example_dags/example_latest_only.py
[2024-07-02T12:15:29.350+0000] {processor.py:830} INFO - Processing file /home/airflow/.local/lib/python3.12/site-packages/airflow/example_dags/example_latest_only.py for tasks to queue
[2024-07-02T12:15:29.352+0000] {logging_mixin.py:188} INFO - [2024-07-02T12:15:29.352+0000] {dagbag.py:545} INFO - Filling up the DagBag from /home/airflow/.local/lib/python3.12/site-packages/airflow/example_dags/example_latest_only.py
[2024-07-02T12:15:29.356+0000] {processor.py:840} INFO - DAG(s) 'latest_only' retrieved from /home/airflow/.local/lib/python3.12/site-packages/airflow/example_dags/example_latest_only.py
[2024-07-02T12:15:29.375+0000] {logging_mixin.py:188} INFO - [2024-07-02T12:15:29.375+0000] {dag.py:3096} INFO - Sync 1 DAGs
[2024-07-02T12:15:29.393+0000] {logging_mixin.py:188} INFO - [2024-07-02T12:15:29.393+0000] {dag.py:3954} INFO - Setting next_dagrun for latest_only to 2024-07-02 08:00:00+00:00, run_after=2024-07-02 12:00:00+00:00
[2024-07-02T12:15:29.416+0000] {processor.py:183} INFO - Processing /home/airflow/.local/lib/python3.12/site-packages/airflow/example_dags/example_latest_only.py took 0.072 seconds
[2024-07-02T12:18:54.110+0000] {processor.py:161} INFO - Started process (PID=81) to work on /home/airflow/.local/lib/python3.12/site-packages/airflow/example_dags/example_latest_only.py
[2024-07-02T12:18:54.112+0000] {processor.py:830} INFO - Processing file /home/airflow/.local/lib/python3.12/site-packages/airflow/example_dags/example_latest_only.py for tasks to queue
[2024-07-02T12:18:54.114+0000] {logging_mixin.py:188} INFO - [2024-07-02T12:18:54.114+0000] {dagbag.py:545} INFO - Filling up the DagBag from /home/airflow/.local/lib/python3.12/site-packages/airflow/example_dags/example_latest_only.py
[2024-07-02T12:18:54.120+0000] {processor.py:840} INFO - DAG(s) 'latest_only' retrieved from /home/airflow/.local/lib/python3.12/site-packages/airflow/example_dags/example_latest_only.py
[2024-07-02T12:18:54.135+0000] {logging_mixin.py:188} INFO - [2024-07-02T12:18:54.134+0000] {dag.py:3096} INFO - Sync 1 DAGs
[2024-07-02T12:18:54.160+0000] {logging_mixin.py:188} INFO - [2024-07-02T12:18:54.160+0000] {dag.py:3954} INFO - Setting next_dagrun for latest_only to 2024-07-02 08:00:00+00:00, run_after=2024-07-02 12:00:00+00:00
[2024-07-02T12:18:54.189+0000] {processor.py:183} INFO - Processing /home/airflow/.local/lib/python3.12/site-packages/airflow/example_dags/example_latest_only.py took 0.084 seconds
[2024-07-02T12:19:26.974+0000] {processor.py:161} INFO - Started process (PID=144) to work on /home/airflow/.local/lib/python3.12/site-packages/airflow/example_dags/example_latest_only.py
[2024-07-02T12:19:26.976+0000] {processor.py:830} INFO - Processing file /home/airflow/.local/lib/python3.12/site-packages/airflow/example_dags/example_latest_only.py for tasks to queue
[2024-07-02T12:19:26.978+0000] {logging_mixin.py:188} INFO - [2024-07-02T12:19:26.978+0000] {dagbag.py:545} INFO - Filling up the DagBag from /home/airflow/.local/lib/python3.12/site-packages/airflow/example_dags/example_latest_only.py
[2024-07-02T12:19:26.982+0000] {processor.py:840} INFO - DAG(s) 'latest_only' retrieved from /home/airflow/.local/lib/python3.12/site-packages/airflow/example_dags/example_latest_only.py
[2024-07-02T12:19:27.062+0000] {logging_mixin.py:188} INFO - [2024-07-02T12:19:27.062+0000] {dag.py:3096} INFO - Sync 1 DAGs
[2024-07-02T12:19:27.079+0000] {logging_mixin.py:188} INFO - [2024-07-02T12:19:27.079+0000] {dag.py:3954} INFO - Setting next_dagrun for latest_only to 2024-07-02 08:00:00+00:00, run_after=2024-07-02 12:00:00+00:00
[2024-07-02T12:19:27.102+0000] {processor.py:183} INFO - Processing /home/airflow/.local/lib/python3.12/site-packages/airflow/example_dags/example_latest_only.py took 0.133 seconds
[2024-07-02T12:19:58.117+0000] {processor.py:161} INFO - Started process (PID=207) to work on /home/airflow/.local/lib/python3.12/site-packages/airflow/example_dags/example_latest_only.py
[2024-07-02T12:19:58.118+0000] {processor.py:830} INFO - Processing file /home/airflow/.local/lib/python3.12/site-packages/airflow/example_dags/example_latest_only.py for tasks to queue
[2024-07-02T12:19:58.120+0000] {logging_mixin.py:188} INFO - [2024-07-02T12:19:58.119+0000] {dagbag.py:545} INFO - Filling up the DagBag from /home/airflow/.local/lib/python3.12/site-packages/airflow/example_dags/example_latest_only.py
[2024-07-02T12:19:58.124+0000] {processor.py:840} INFO - DAG(s) 'latest_only' retrieved from /home/airflow/.local/lib/python3.12/site-packages/airflow/example_dags/example_latest_only.py
[2024-07-02T12:19:58.143+0000] {logging_mixin.py:188} INFO - [2024-07-02T12:19:58.143+0000] {dag.py:3096} INFO - Sync 1 DAGs
[2024-07-02T12:19:58.161+0000] {logging_mixin.py:188} INFO - [2024-07-02T12:19:58.161+0000] {dag.py:3954} INFO - Setting next_dagrun for latest_only to 2024-07-02 08:00:00+00:00, run_after=2024-07-02 12:00:00+00:00
[2024-07-02T12:19:58.182+0000] {processor.py:183} INFO - Processing /home/airflow/.local/lib/python3.12/site-packages/airflow/example_dags/example_latest_only.py took 0.070 seconds
[2024-07-02T12:20:28.771+0000] {processor.py:161} INFO - Started process (PID=270) to work on /home/airflow/.local/lib/python3.12/site-packages/airflow/example_dags/example_latest_only.py
[2024-07-02T12:20:28.772+0000] {processor.py:830} INFO - Processing file /home/airflow/.local/lib/python3.12/site-packages/airflow/example_dags/example_latest_only.py for tasks to queue
[2024-07-02T12:20:28.774+0000] {logging_mixin.py:188} INFO - [2024-07-02T12:20:28.774+0000] {dagbag.py:545} INFO - Filling up the DagBag from /home/airflow/.local/lib/python3.12/site-packages/airflow/example_dags/example_latest_only.py
[2024-07-02T12:20:28.779+0000] {processor.py:840} INFO - DAG(s) 'latest_only' retrieved from /home/airflow/.local/lib/python3.12/site-packages/airflow/example_dags/example_latest_only.py
[2024-07-02T12:20:28.798+0000] {logging_mixin.py:188} INFO - [2024-07-02T12:20:28.798+0000] {dag.py:3096} INFO - Sync 1 DAGs
[2024-07-02T12:20:28.818+0000] {logging_mixin.py:188} INFO - [2024-07-02T12:20:28.818+0000] {dag.py:3954} INFO - Setting next_dagrun for latest_only to 2024-07-02 08:00:00+00:00, run_after=2024-07-02 12:00:00+00:00
[2024-07-02T12:20:28.840+0000] {processor.py:183} INFO - Processing /home/airflow/.local/lib/python3.12/site-packages/airflow/example_dags/example_latest_only.py took 0.074 seconds
[2024-07-02T12:20:59.351+0000] {processor.py:161} INFO - Started process (PID=335) to work on /home/airflow/.local/lib/python3.12/site-packages/airflow/example_dags/example_latest_only.py
[2024-07-02T12:20:59.352+0000] {processor.py:830} INFO - Processing file /home/airflow/.local/lib/python3.12/site-packages/airflow/example_dags/example_latest_only.py for tasks to queue
[2024-07-02T12:20:59.354+0000] {logging_mixin.py:188} INFO - [2024-07-02T12:20:59.354+0000] {dagbag.py:545} INFO - Filling up the DagBag from /home/airflow/.local/lib/python3.12/site-packages/airflow/example_dags/example_latest_only.py
[2024-07-02T12:20:59.358+0000] {processor.py:840} INFO - DAG(s) 'latest_only' retrieved from /home/airflow/.local/lib/python3.12/site-packages/airflow/example_dags/example_latest_only.py
[2024-07-02T12:20:59.377+0000] {logging_mixin.py:188} INFO - [2024-07-02T12:20:59.377+0000] {dag.py:3096} INFO - Sync 1 DAGs
[2024-07-02T12:20:59.397+0000] {logging_mixin.py:188} INFO - [2024-07-02T12:20:59.396+0000] {dag.py:3954} INFO - Setting next_dagrun for latest_only to 2024-07-02 08:00:00+00:00, run_after=2024-07-02 12:00:00+00:00
[2024-07-02T12:20:59.418+0000] {processor.py:183} INFO - Processing /home/airflow/.local/lib/python3.12/site-packages/airflow/example_dags/example_latest_only.py took 0.072 seconds
[2024-07-02T12:21:29.940+0000] {processor.py:161} INFO - Started process (PID=398) to work on /home/airflow/.local/lib/python3.12/site-packages/airflow/example_dags/example_latest_only.py
[2024-07-02T12:21:29.942+0000] {processor.py:830} INFO - Processing file /home/airflow/.local/lib/python3.12/site-packages/airflow/example_dags/example_latest_only.py for tasks to queue
[2024-07-02T12:21:29.944+0000] {logging_mixin.py:188} INFO - [2024-07-02T12:21:29.943+0000] {dagbag.py:545} INFO - Filling up the DagBag from /home/airflow/.local/lib/python3.12/site-packages/airflow/example_dags/example_latest_only.py
[2024-07-02T12:21:29.949+0000] {processor.py:840} INFO - DAG(s) 'latest_only' retrieved from /home/airflow/.local/lib/python3.12/site-packages/airflow/example_dags/example_latest_only.py
[2024-07-02T12:21:29.967+0000] {logging_mixin.py:188} INFO - [2024-07-02T12:21:29.967+0000] {dag.py:3096} INFO - Sync 1 DAGs
[2024-07-02T12:21:29.983+0000] {logging_mixin.py:188} INFO - [2024-07-02T12:21:29.983+0000] {dag.py:3954} INFO - Setting next_dagrun for latest_only to 2024-07-02 08:00:00+00:00, run_after=2024-07-02 12:00:00+00:00
[2024-07-02T12:21:30.003+0000] {processor.py:183} INFO - Processing /home/airflow/.local/lib/python3.12/site-packages/airflow/example_dags/example_latest_only.py took 0.068 seconds
[2024-07-02T12:22:00.920+0000] {processor.py:161} INFO - Started process (PID=461) to work on /home/airflow/.local/lib/python3.12/site-packages/airflow/example_dags/example_latest_only.py
[2024-07-02T12:22:00.922+0000] {processor.py:830} INFO - Processing file /home/airflow/.local/lib/python3.12/site-packages/airflow/example_dags/example_latest_only.py for tasks to queue
[2024-07-02T12:22:00.924+0000] {logging_mixin.py:188} INFO - [2024-07-02T12:22:00.923+0000] {dagbag.py:545} INFO - Filling up the DagBag from /home/airflow/.local/lib/python3.12/site-packages/airflow/example_dags/example_latest_only.py
[2024-07-02T12:22:00.928+0000] {processor.py:840} INFO - DAG(s) 'latest_only' retrieved from /home/airflow/.local/lib/python3.12/site-packages/airflow/example_dags/example_latest_only.py
[2024-07-02T12:22:00.948+0000] {logging_mixin.py:188} INFO - [2024-07-02T12:22:00.948+0000] {dag.py:3096} INFO - Sync 1 DAGs
[2024-07-02T12:22:00.968+0000] {logging_mixin.py:188} INFO - [2024-07-02T12:22:00.968+0000] {dag.py:3954} INFO - Setting next_dagrun for latest_only to 2024-07-02 08:00:00+00:00, run_after=2024-07-02 12:00:00+00:00
[2024-07-02T12:22:00.990+0000] {processor.py:183} INFO - Processing /home/airflow/.local/lib/python3.12/site-packages/airflow/example_dags/example_latest_only.py took 0.075 seconds
[2024-07-02T12:22:31.339+0000] {processor.py:161} INFO - Started process (PID=524) to work on /home/airflow/.local/lib/python3.12/site-packages/airflow/example_dags/example_latest_only.py
[2024-07-02T12:22:31.340+0000] {processor.py:830} INFO - Processing file /home/airflow/.local/lib/python3.12/site-packages/airflow/example_dags/example_latest_only.py for tasks to queue
[2024-07-02T12:22:31.344+0000] {logging_mixin.py:188} INFO - [2024-07-02T12:22:31.343+0000] {dagbag.py:545} INFO - Filling up the DagBag from /home/airflow/.local/lib/python3.12/site-packages/airflow/example_dags/example_latest_only.py
[2024-07-02T12:22:31.351+0000] {processor.py:840} INFO - DAG(s) 'latest_only' retrieved from /home/airflow/.local/lib/python3.12/site-packages/airflow/example_dags/example_latest_only.py
[2024-07-02T12:22:31.374+0000] {logging_mixin.py:188} INFO - [2024-07-02T12:22:31.373+0000] {dag.py:3096} INFO - Sync 1 DAGs
[2024-07-02T12:22:31.401+0000] {logging_mixin.py:188} INFO - [2024-07-02T12:22:31.401+0000] {dag.py:3954} INFO - Setting next_dagrun for latest_only to 2024-07-02 08:00:00+00:00, run_after=2024-07-02 12:00:00+00:00
[2024-07-02T12:22:31.431+0000] {processor.py:183} INFO - Processing /home/airflow/.local/lib/python3.12/site-packages/airflow/example_dags/example_latest_only.py took 0.099 seconds
[2024-07-02T12:23:01.503+0000] {processor.py:161} INFO - Started process (PID=587) to work on /home/airflow/.local/lib/python3.12/site-packages/airflow/example_dags/example_latest_only.py
[2024-07-02T12:23:01.504+0000] {processor.py:830} INFO - Processing file /home/airflow/.local/lib/python3.12/site-packages/airflow/example_dags/example_latest_only.py for tasks to queue
[2024-07-02T12:23:01.507+0000] {logging_mixin.py:188} INFO - [2024-07-02T12:23:01.506+0000] {dagbag.py:545} INFO - Filling up the DagBag from /home/airflow/.local/lib/python3.12/site-packages/airflow/example_dags/example_latest_only.py
[2024-07-02T12:23:01.512+0000] {processor.py:840} INFO - DAG(s) 'latest_only' retrieved from /home/airflow/.local/lib/python3.12/site-packages/airflow/example_dags/example_latest_only.py
[2024-07-02T12:23:01.543+0000] {logging_mixin.py:188} INFO - [2024-07-02T12:23:01.542+0000] {dag.py:3096} INFO - Sync 1 DAGs
[2024-07-02T12:23:01.575+0000] {logging_mixin.py:188} INFO - [2024-07-02T12:23:01.574+0000] {dag.py:3954} INFO - Setting next_dagrun for latest_only to 2024-07-02 08:00:00+00:00, run_after=2024-07-02 12:00:00+00:00
[2024-07-02T12:23:01.605+0000] {processor.py:183} INFO - Processing /home/airflow/.local/lib/python3.12/site-packages/airflow/example_dags/example_latest_only.py took 0.109 seconds
[2024-07-02T12:23:32.122+0000] {processor.py:161} INFO - Started process (PID=651) to work on /home/airflow/.local/lib/python3.12/site-packages/airflow/example_dags/example_latest_only.py
[2024-07-02T12:23:32.124+0000] {processor.py:830} INFO - Processing file /home/airflow/.local/lib/python3.12/site-packages/airflow/example_dags/example_latest_only.py for tasks to queue
[2024-07-02T12:23:32.126+0000] {logging_mixin.py:188} INFO - [2024-07-02T12:23:32.126+0000] {dagbag.py:545} INFO - Filling up the DagBag from /home/airflow/.local/lib/python3.12/site-packages/airflow/example_dags/example_latest_only.py
[2024-07-02T12:23:32.133+0000] {processor.py:840} INFO - DAG(s) 'latest_only' retrieved from /home/airflow/.local/lib/python3.12/site-packages/airflow/example_dags/example_latest_only.py
[2024-07-02T12:23:32.159+0000] {logging_mixin.py:188} INFO - [2024-07-02T12:23:32.159+0000] {dag.py:3096} INFO - Sync 1 DAGs
[2024-07-02T12:23:32.188+0000] {logging_mixin.py:188} INFO - [2024-07-02T12:23:32.188+0000] {dag.py:3954} INFO - Setting next_dagrun for latest_only to 2024-07-02 08:00:00+00:00, run_after=2024-07-02 12:00:00+00:00
[2024-07-02T12:23:32.218+0000] {processor.py:183} INFO - Processing /home/airflow/.local/lib/python3.12/site-packages/airflow/example_dags/example_latest_only.py took 0.103 seconds
[2024-07-02T12:37:15.943+0000] {processor.py:161} INFO - Started process (PID=2012) to work on /home/airflow/.local/lib/python3.12/site-packages/airflow/example_dags/example_latest_only.py
[2024-07-02T12:37:15.944+0000] {processor.py:830} INFO - Processing file /home/airflow/.local/lib/python3.12/site-packages/airflow/example_dags/example_latest_only.py for tasks to queue
[2024-07-02T12:37:15.945+0000] {logging_mixin.py:188} INFO - [2024-07-02T12:37:15.945+0000] {dagbag.py:545} INFO - Filling up the DagBag from /home/airflow/.local/lib/python3.12/site-packages/airflow/example_dags/example_latest_only.py
[2024-07-02T12:37:15.950+0000] {processor.py:840} INFO - DAG(s) 'latest_only' retrieved from /home/airflow/.local/lib/python3.12/site-packages/airflow/example_dags/example_latest_only.py
[2024-07-02T12:37:15.969+0000] {logging_mixin.py:188} INFO - [2024-07-02T12:37:15.969+0000] {dag.py:3096} INFO - Sync 1 DAGs
[2024-07-02T12:37:15.986+0000] {logging_mixin.py:188} INFO - [2024-07-02T12:37:15.986+0000] {dag.py:3954} INFO - Setting next_dagrun for latest_only to 2024-07-02 08:00:00+00:00, run_after=2024-07-02 12:00:00+00:00
[2024-07-02T12:37:16.005+0000] {processor.py:183} INFO - Processing /home/airflow/.local/lib/python3.12/site-packages/airflow/example_dags/example_latest_only.py took 0.067 seconds
[2024-07-02T12:37:46.367+0000] {processor.py:161} INFO - Started process (PID=2075) to work on /home/airflow/.local/lib/python3.12/site-packages/airflow/example_dags/example_latest_only.py
[2024-07-02T12:37:46.368+0000] {processor.py:830} INFO - Processing file /home/airflow/.local/lib/python3.12/site-packages/airflow/example_dags/example_latest_only.py for tasks to queue
[2024-07-02T12:37:46.369+0000] {logging_mixin.py:188} INFO - [2024-07-02T12:37:46.368+0000] {dagbag.py:545} INFO - Filling up the DagBag from /home/airflow/.local/lib/python3.12/site-packages/airflow/example_dags/example_latest_only.py
[2024-07-02T12:37:46.374+0000] {processor.py:840} INFO - DAG(s) 'latest_only' retrieved from /home/airflow/.local/lib/python3.12/site-packages/airflow/example_dags/example_latest_only.py
[2024-07-02T12:37:46.394+0000] {logging_mixin.py:188} INFO - [2024-07-02T12:37:46.394+0000] {dag.py:3096} INFO - Sync 1 DAGs
[2024-07-02T12:37:46.412+0000] {logging_mixin.py:188} INFO - [2024-07-02T12:37:46.412+0000] {dag.py:3954} INFO - Setting next_dagrun for latest_only to 2024-07-02 08:00:00+00:00, run_after=2024-07-02 12:00:00+00:00
[2024-07-02T12:37:46.431+0000] {processor.py:183} INFO - Processing /home/airflow/.local/lib/python3.12/site-packages/airflow/example_dags/example_latest_only.py took 0.070 seconds
[2024-07-02T14:46:57.416+0000] {processor.py:161} INFO - Started process (PID=92) to work on /home/airflow/.local/lib/python3.12/site-packages/airflow/example_dags/example_latest_only.py
[2024-07-02T14:46:57.418+0000] {processor.py:830} INFO - Processing file /home/airflow/.local/lib/python3.12/site-packages/airflow/example_dags/example_latest_only.py for tasks to queue
[2024-07-02T14:46:57.420+0000] {logging_mixin.py:188} INFO - [2024-07-02T14:46:57.419+0000] {dagbag.py:545} INFO - Filling up the DagBag from /home/airflow/.local/lib/python3.12/site-packages/airflow/example_dags/example_latest_only.py
[2024-07-02T14:46:57.424+0000] {processor.py:840} INFO - DAG(s) 'latest_only' retrieved from /home/airflow/.local/lib/python3.12/site-packages/airflow/example_dags/example_latest_only.py
[2024-07-02T14:46:57.499+0000] {logging_mixin.py:188} INFO - [2024-07-02T14:46:57.499+0000] {dag.py:3096} INFO - Sync 1 DAGs
[2024-07-02T14:46:57.515+0000] {logging_mixin.py:188} INFO - [2024-07-02T14:46:57.515+0000] {dag.py:3954} INFO - Setting next_dagrun for latest_only to 2024-07-02 08:00:00+00:00, run_after=2024-07-02 12:00:00+00:00
[2024-07-02T14:46:57.533+0000] {processor.py:183} INFO - Processing /home/airflow/.local/lib/python3.12/site-packages/airflow/example_dags/example_latest_only.py took 0.121 seconds
[2024-07-02T14:50:02.077+0000] {processor.py:161} INFO - Started process (PID=99) to work on /home/airflow/.local/lib/python3.12/site-packages/airflow/example_dags/example_latest_only.py
[2024-07-02T14:50:02.079+0000] {processor.py:830} INFO - Processing file /home/airflow/.local/lib/python3.12/site-packages/airflow/example_dags/example_latest_only.py for tasks to queue
[2024-07-02T14:50:02.082+0000] {logging_mixin.py:188} INFO - [2024-07-02T14:50:02.081+0000] {dagbag.py:545} INFO - Filling up the DagBag from /home/airflow/.local/lib/python3.12/site-packages/airflow/example_dags/example_latest_only.py
[2024-07-02T14:50:02.087+0000] {processor.py:840} INFO - DAG(s) 'latest_only' retrieved from /home/airflow/.local/lib/python3.12/site-packages/airflow/example_dags/example_latest_only.py
[2024-07-02T14:50:02.167+0000] {logging_mixin.py:188} INFO - [2024-07-02T14:50:02.167+0000] {dag.py:3096} INFO - Sync 1 DAGs
[2024-07-02T14:50:02.184+0000] {logging_mixin.py:188} INFO - [2024-07-02T14:50:02.184+0000] {dag.py:3954} INFO - Setting next_dagrun for latest_only to 2024-07-02 08:00:00+00:00, run_after=2024-07-02 12:00:00+00:00
[2024-07-02T14:50:02.205+0000] {processor.py:183} INFO - Processing /home/airflow/.local/lib/python3.12/site-packages/airflow/example_dags/example_latest_only.py took 0.133 seconds
[2024-07-02T14:50:32.527+0000] {processor.py:161} INFO - Started process (PID=159) to work on /home/airflow/.local/lib/python3.12/site-packages/airflow/example_dags/example_latest_only.py
[2024-07-02T14:50:32.528+0000] {processor.py:830} INFO - Processing file /home/airflow/.local/lib/python3.12/site-packages/airflow/example_dags/example_latest_only.py for tasks to queue
[2024-07-02T14:50:32.530+0000] {logging_mixin.py:188} INFO - [2024-07-02T14:50:32.530+0000] {dagbag.py:545} INFO - Filling up the DagBag from /home/airflow/.local/lib/python3.12/site-packages/airflow/example_dags/example_latest_only.py
[2024-07-02T14:50:32.535+0000] {processor.py:840} INFO - DAG(s) 'latest_only' retrieved from /home/airflow/.local/lib/python3.12/site-packages/airflow/example_dags/example_latest_only.py
[2024-07-02T14:50:32.553+0000] {logging_mixin.py:188} INFO - [2024-07-02T14:50:32.552+0000] {dag.py:3096} INFO - Sync 1 DAGs
[2024-07-02T14:50:32.569+0000] {logging_mixin.py:188} INFO - [2024-07-02T14:50:32.569+0000] {dag.py:3954} INFO - Setting next_dagrun for latest_only to 2024-07-02 08:00:00+00:00, run_after=2024-07-02 12:00:00+00:00
[2024-07-02T14:50:32.587+0000] {processor.py:183} INFO - Processing /home/airflow/.local/lib/python3.12/site-packages/airflow/example_dags/example_latest_only.py took 0.064 seconds
[2024-07-02T14:51:03.159+0000] {processor.py:161} INFO - Started process (PID=218) to work on /home/airflow/.local/lib/python3.12/site-packages/airflow/example_dags/example_latest_only.py
[2024-07-02T14:51:03.160+0000] {processor.py:830} INFO - Processing file /home/airflow/.local/lib/python3.12/site-packages/airflow/example_dags/example_latest_only.py for tasks to queue
[2024-07-02T14:51:03.161+0000] {logging_mixin.py:188} INFO - [2024-07-02T14:51:03.161+0000] {dagbag.py:545} INFO - Filling up the DagBag from /home/airflow/.local/lib/python3.12/site-packages/airflow/example_dags/example_latest_only.py
[2024-07-02T14:51:03.168+0000] {processor.py:840} INFO - DAG(s) 'latest_only' retrieved from /home/airflow/.local/lib/python3.12/site-packages/airflow/example_dags/example_latest_only.py
[2024-07-02T14:51:03.196+0000] {logging_mixin.py:188} INFO - [2024-07-02T14:51:03.196+0000] {dag.py:3096} INFO - Sync 1 DAGs
[2024-07-02T14:51:03.220+0000] {logging_mixin.py:188} INFO - [2024-07-02T14:51:03.219+0000] {dag.py:3954} INFO - Setting next_dagrun for latest_only to 2024-07-02 08:00:00+00:00, run_after=2024-07-02 12:00:00+00:00
[2024-07-02T14:51:03.245+0000] {processor.py:183} INFO - Processing /home/airflow/.local/lib/python3.12/site-packages/airflow/example_dags/example_latest_only.py took 0.093 seconds
[2024-07-02T14:51:33.460+0000] {processor.py:161} INFO - Started process (PID=276) to work on /home/airflow/.local/lib/python3.12/site-packages/airflow/example_dags/example_latest_only.py
[2024-07-02T14:51:33.462+0000] {processor.py:830} INFO - Processing file /home/airflow/.local/lib/python3.12/site-packages/airflow/example_dags/example_latest_only.py for tasks to queue
[2024-07-02T14:51:33.464+0000] {logging_mixin.py:188} INFO - [2024-07-02T14:51:33.463+0000] {dagbag.py:545} INFO - Filling up the DagBag from /home/airflow/.local/lib/python3.12/site-packages/airflow/example_dags/example_latest_only.py
[2024-07-02T14:51:33.469+0000] {processor.py:840} INFO - DAG(s) 'latest_only' retrieved from /home/airflow/.local/lib/python3.12/site-packages/airflow/example_dags/example_latest_only.py
[2024-07-02T14:51:33.490+0000] {logging_mixin.py:188} INFO - [2024-07-02T14:51:33.490+0000] {dag.py:3096} INFO - Sync 1 DAGs
[2024-07-02T14:51:33.508+0000] {logging_mixin.py:188} INFO - [2024-07-02T14:51:33.508+0000] {dag.py:3954} INFO - Setting next_dagrun for latest_only to 2024-07-02 08:00:00+00:00, run_after=2024-07-02 12:00:00+00:00
[2024-07-02T14:51:33.531+0000] {processor.py:183} INFO - Processing /home/airflow/.local/lib/python3.12/site-packages/airflow/example_dags/example_latest_only.py took 0.075 seconds
[2024-07-02T14:52:03.691+0000] {processor.py:161} INFO - Started process (PID=334) to work on /home/airflow/.local/lib/python3.12/site-packages/airflow/example_dags/example_latest_only.py
[2024-07-02T14:52:03.694+0000] {processor.py:830} INFO - Processing file /home/airflow/.local/lib/python3.12/site-packages/airflow/example_dags/example_latest_only.py for tasks to queue
[2024-07-02T14:52:03.696+0000] {logging_mixin.py:188} INFO - [2024-07-02T14:52:03.695+0000] {dagbag.py:545} INFO - Filling up the DagBag from /home/airflow/.local/lib/python3.12/site-packages/airflow/example_dags/example_latest_only.py
[2024-07-02T14:52:03.701+0000] {processor.py:840} INFO - DAG(s) 'latest_only' retrieved from /home/airflow/.local/lib/python3.12/site-packages/airflow/example_dags/example_latest_only.py
[2024-07-02T14:52:03.724+0000] {logging_mixin.py:188} INFO - [2024-07-02T14:52:03.723+0000] {dag.py:3096} INFO - Sync 1 DAGs
[2024-07-02T14:52:03.744+0000] {logging_mixin.py:188} INFO - [2024-07-02T14:52:03.744+0000] {dag.py:3954} INFO - Setting next_dagrun for latest_only to 2024-07-02 08:00:00+00:00, run_after=2024-07-02 12:00:00+00:00
[2024-07-02T14:52:03.765+0000] {processor.py:183} INFO - Processing /home/airflow/.local/lib/python3.12/site-packages/airflow/example_dags/example_latest_only.py took 0.079 seconds
[2024-07-02T14:52:35.033+0000] {processor.py:161} INFO - Started process (PID=392) to work on /home/airflow/.local/lib/python3.12/site-packages/airflow/example_dags/example_latest_only.py
[2024-07-02T14:52:35.034+0000] {processor.py:830} INFO - Processing file /home/airflow/.local/lib/python3.12/site-packages/airflow/example_dags/example_latest_only.py for tasks to queue
[2024-07-02T14:52:35.035+0000] {logging_mixin.py:188} INFO - [2024-07-02T14:52:35.035+0000] {dagbag.py:545} INFO - Filling up the DagBag from /home/airflow/.local/lib/python3.12/site-packages/airflow/example_dags/example_latest_only.py
[2024-07-02T14:52:35.042+0000] {processor.py:840} INFO - DAG(s) 'latest_only' retrieved from /home/airflow/.local/lib/python3.12/site-packages/airflow/example_dags/example_latest_only.py
[2024-07-02T14:52:35.069+0000] {logging_mixin.py:188} INFO - [2024-07-02T14:52:35.068+0000] {dag.py:3096} INFO - Sync 1 DAGs
[2024-07-02T14:52:35.092+0000] {logging_mixin.py:188} INFO - [2024-07-02T14:52:35.092+0000] {dag.py:3954} INFO - Setting next_dagrun for latest_only to 2024-07-02 08:00:00+00:00, run_after=2024-07-02 12:00:00+00:00
[2024-07-02T14:52:35.116+0000] {processor.py:183} INFO - Processing /home/airflow/.local/lib/python3.12/site-packages/airflow/example_dags/example_latest_only.py took 0.089 seconds
[2024-07-02T14:53:05.938+0000] {processor.py:161} INFO - Started process (PID=450) to work on /home/airflow/.local/lib/python3.12/site-packages/airflow/example_dags/example_latest_only.py
[2024-07-02T14:53:05.941+0000] {processor.py:830} INFO - Processing file /home/airflow/.local/lib/python3.12/site-packages/airflow/example_dags/example_latest_only.py for tasks to queue
[2024-07-02T14:53:05.943+0000] {logging_mixin.py:188} INFO - [2024-07-02T14:53:05.942+0000] {dagbag.py:545} INFO - Filling up the DagBag from /home/airflow/.local/lib/python3.12/site-packages/airflow/example_dags/example_latest_only.py
[2024-07-02T14:53:05.950+0000] {processor.py:840} INFO - DAG(s) 'latest_only' retrieved from /home/airflow/.local/lib/python3.12/site-packages/airflow/example_dags/example_latest_only.py
[2024-07-02T14:53:05.979+0000] {logging_mixin.py:188} INFO - [2024-07-02T14:53:05.979+0000] {dag.py:3096} INFO - Sync 1 DAGs
[2024-07-02T14:53:06.010+0000] {logging_mixin.py:188} INFO - [2024-07-02T14:53:06.009+0000] {dag.py:3954} INFO - Setting next_dagrun for latest_only to 2024-07-02 08:00:00+00:00, run_after=2024-07-02 12:00:00+00:00
[2024-07-02T14:53:06.037+0000] {processor.py:183} INFO - Processing /home/airflow/.local/lib/python3.12/site-packages/airflow/example_dags/example_latest_only.py took 0.107 seconds
[2024-07-02T14:53:36.509+0000] {processor.py:161} INFO - Started process (PID=515) to work on /home/airflow/.local/lib/python3.12/site-packages/airflow/example_dags/example_latest_only.py
[2024-07-02T14:53:36.510+0000] {processor.py:830} INFO - Processing file /home/airflow/.local/lib/python3.12/site-packages/airflow/example_dags/example_latest_only.py for tasks to queue
[2024-07-02T14:53:36.512+0000] {logging_mixin.py:188} INFO - [2024-07-02T14:53:36.511+0000] {dagbag.py:545} INFO - Filling up the DagBag from /home/airflow/.local/lib/python3.12/site-packages/airflow/example_dags/example_latest_only.py
[2024-07-02T14:53:36.517+0000] {processor.py:840} INFO - DAG(s) 'latest_only' retrieved from /home/airflow/.local/lib/python3.12/site-packages/airflow/example_dags/example_latest_only.py
[2024-07-02T14:53:36.536+0000] {logging_mixin.py:188} INFO - [2024-07-02T14:53:36.536+0000] {dag.py:3096} INFO - Sync 1 DAGs
[2024-07-02T14:53:36.551+0000] {logging_mixin.py:188} INFO - [2024-07-02T14:53:36.551+0000] {dag.py:3954} INFO - Setting next_dagrun for latest_only to 2024-07-02 08:00:00+00:00, run_after=2024-07-02 12:00:00+00:00
[2024-07-02T14:53:36.567+0000] {processor.py:183} INFO - Processing /home/airflow/.local/lib/python3.12/site-packages/airflow/example_dags/example_latest_only.py took 0.063 seconds
[2024-07-02T14:54:06.785+0000] {processor.py:161} INFO - Started process (PID=573) to work on /home/airflow/.local/lib/python3.12/site-packages/airflow/example_dags/example_latest_only.py
[2024-07-02T14:54:06.786+0000] {processor.py:830} INFO - Processing file /home/airflow/.local/lib/python3.12/site-packages/airflow/example_dags/example_latest_only.py for tasks to queue
[2024-07-02T14:54:06.787+0000] {logging_mixin.py:188} INFO - [2024-07-02T14:54:06.787+0000] {dagbag.py:545} INFO - Filling up the DagBag from /home/airflow/.local/lib/python3.12/site-packages/airflow/example_dags/example_latest_only.py
[2024-07-02T14:54:06.793+0000] {processor.py:840} INFO - DAG(s) 'latest_only' retrieved from /home/airflow/.local/lib/python3.12/site-packages/airflow/example_dags/example_latest_only.py
[2024-07-02T14:54:06.811+0000] {logging_mixin.py:188} INFO - [2024-07-02T14:54:06.811+0000] {dag.py:3096} INFO - Sync 1 DAGs
[2024-07-02T14:54:06.827+0000] {logging_mixin.py:188} INFO - [2024-07-02T14:54:06.827+0000] {dag.py:3954} INFO - Setting next_dagrun for latest_only to 2024-07-02 08:00:00+00:00, run_after=2024-07-02 12:00:00+00:00
[2024-07-02T14:54:06.850+0000] {processor.py:183} INFO - Processing /home/airflow/.local/lib/python3.12/site-packages/airflow/example_dags/example_latest_only.py took 0.070 seconds
