[2024-07-02T11:48:20.382+0000] {processor.py:161} INFO - Started process (PID=56) to work on /home/airflow/.local/lib/python3.12/site-packages/airflow/example_dags/example_display_name.py
[2024-07-02T11:48:20.384+0000] {processor.py:830} INFO - Processing file /home/airflow/.local/lib/python3.12/site-packages/airflow/example_dags/example_display_name.py for tasks to queue
[2024-07-02T11:48:20.389+0000] {logging_mixin.py:188} INFO - [2024-07-02T11:48:20.388+0000] {dagbag.py:545} INFO - Filling up the DagBag from /home/airflow/.local/lib/python3.12/site-packages/airflow/example_dags/example_display_name.py
[2024-07-02T11:48:20.402+0000] {processor.py:840} INFO - DAG(s) 'example_display_name' retrieved from /home/airflow/.local/lib/python3.12/site-packages/airflow/example_dags/example_display_name.py
[2024-07-02T11:48:20.445+0000] {logging_mixin.py:188} INFO - [2024-07-02T11:48:20.445+0000] {dag.py:3096} INFO - Sync 1 DAGs
[2024-07-02T11:48:20.462+0000] {logging_mixin.py:188} INFO - [2024-07-02T11:48:20.462+0000] {dag.py:3954} INFO - Setting next_dagrun for example_display_name to None, run_after=None
[2024-07-02T11:48:20.490+0000] {processor.py:183} INFO - Processing /home/airflow/.local/lib/python3.12/site-packages/airflow/example_dags/example_display_name.py took 0.116 seconds
[2024-07-02T11:48:51.403+0000] {processor.py:161} INFO - Started process (PID=119) to work on /home/airflow/.local/lib/python3.12/site-packages/airflow/example_dags/example_display_name.py
[2024-07-02T11:48:51.404+0000] {processor.py:830} INFO - Processing file /home/airflow/.local/lib/python3.12/site-packages/airflow/example_dags/example_display_name.py for tasks to queue
[2024-07-02T11:48:51.407+0000] {logging_mixin.py:188} INFO - [2024-07-02T11:48:51.406+0000] {dagbag.py:545} INFO - Filling up the DagBag from /home/airflow/.local/lib/python3.12/site-packages/airflow/example_dags/example_display_name.py
[2024-07-02T11:48:51.411+0000] {processor.py:840} INFO - DAG(s) 'example_display_name' retrieved from /home/airflow/.local/lib/python3.12/site-packages/airflow/example_dags/example_display_name.py
[2024-07-02T11:48:51.432+0000] {logging_mixin.py:188} INFO - [2024-07-02T11:48:51.432+0000] {dag.py:3096} INFO - Sync 1 DAGs
[2024-07-02T11:48:51.443+0000] {logging_mixin.py:188} INFO - [2024-07-02T11:48:51.443+0000] {dag.py:3954} INFO - Setting next_dagrun for example_display_name to None, run_after=None
[2024-07-02T11:48:51.464+0000] {processor.py:183} INFO - Processing /home/airflow/.local/lib/python3.12/site-packages/airflow/example_dags/example_display_name.py took 0.066 seconds
[2024-07-02T11:49:21.884+0000] {processor.py:161} INFO - Started process (PID=182) to work on /home/airflow/.local/lib/python3.12/site-packages/airflow/example_dags/example_display_name.py
[2024-07-02T11:49:21.885+0000] {processor.py:830} INFO - Processing file /home/airflow/.local/lib/python3.12/site-packages/airflow/example_dags/example_display_name.py for tasks to queue
[2024-07-02T11:49:21.886+0000] {logging_mixin.py:188} INFO - [2024-07-02T11:49:21.886+0000] {dagbag.py:545} INFO - Filling up the DagBag from /home/airflow/.local/lib/python3.12/site-packages/airflow/example_dags/example_display_name.py
[2024-07-02T11:49:21.892+0000] {processor.py:840} INFO - DAG(s) 'example_display_name' retrieved from /home/airflow/.local/lib/python3.12/site-packages/airflow/example_dags/example_display_name.py
[2024-07-02T11:49:21.917+0000] {logging_mixin.py:188} INFO - [2024-07-02T11:49:21.917+0000] {dag.py:3096} INFO - Sync 1 DAGs
[2024-07-02T11:49:21.932+0000] {logging_mixin.py:188} INFO - [2024-07-02T11:49:21.932+0000] {dag.py:3954} INFO - Setting next_dagrun for example_display_name to None, run_after=None
[2024-07-02T11:49:21.960+0000] {processor.py:183} INFO - Processing /home/airflow/.local/lib/python3.12/site-packages/airflow/example_dags/example_display_name.py took 0.083 seconds
[2024-07-02T11:49:52.344+0000] {processor.py:161} INFO - Started process (PID=245) to work on /home/airflow/.local/lib/python3.12/site-packages/airflow/example_dags/example_display_name.py
[2024-07-02T11:49:52.346+0000] {processor.py:830} INFO - Processing file /home/airflow/.local/lib/python3.12/site-packages/airflow/example_dags/example_display_name.py for tasks to queue
[2024-07-02T11:49:52.347+0000] {logging_mixin.py:188} INFO - [2024-07-02T11:49:52.347+0000] {dagbag.py:545} INFO - Filling up the DagBag from /home/airflow/.local/lib/python3.12/site-packages/airflow/example_dags/example_display_name.py
[2024-07-02T11:49:52.352+0000] {processor.py:840} INFO - DAG(s) 'example_display_name' retrieved from /home/airflow/.local/lib/python3.12/site-packages/airflow/example_dags/example_display_name.py
[2024-07-02T11:49:52.370+0000] {logging_mixin.py:188} INFO - [2024-07-02T11:49:52.370+0000] {dag.py:3096} INFO - Sync 1 DAGs
[2024-07-02T11:49:52.381+0000] {logging_mixin.py:188} INFO - [2024-07-02T11:49:52.380+0000] {dag.py:3954} INFO - Setting next_dagrun for example_display_name to None, run_after=None
[2024-07-02T11:49:52.404+0000] {processor.py:183} INFO - Processing /home/airflow/.local/lib/python3.12/site-packages/airflow/example_dags/example_display_name.py took 0.065 seconds
[2024-07-02T11:50:22.860+0000] {processor.py:161} INFO - Started process (PID=308) to work on /home/airflow/.local/lib/python3.12/site-packages/airflow/example_dags/example_display_name.py
[2024-07-02T11:50:22.861+0000] {processor.py:830} INFO - Processing file /home/airflow/.local/lib/python3.12/site-packages/airflow/example_dags/example_display_name.py for tasks to queue
[2024-07-02T11:50:22.862+0000] {logging_mixin.py:188} INFO - [2024-07-02T11:50:22.862+0000] {dagbag.py:545} INFO - Filling up the DagBag from /home/airflow/.local/lib/python3.12/site-packages/airflow/example_dags/example_display_name.py
[2024-07-02T11:50:22.867+0000] {processor.py:840} INFO - DAG(s) 'example_display_name' retrieved from /home/airflow/.local/lib/python3.12/site-packages/airflow/example_dags/example_display_name.py
[2024-07-02T11:50:22.878+0000] {logging_mixin.py:188} INFO - [2024-07-02T11:50:22.878+0000] {dag.py:3096} INFO - Sync 1 DAGs
[2024-07-02T11:50:22.890+0000] {logging_mixin.py:188} INFO - [2024-07-02T11:50:22.890+0000] {dag.py:3954} INFO - Setting next_dagrun for example_display_name to None, run_after=None
[2024-07-02T11:50:22.913+0000] {processor.py:183} INFO - Processing /home/airflow/.local/lib/python3.12/site-packages/airflow/example_dags/example_display_name.py took 0.059 seconds
[2024-07-02T11:50:54.508+0000] {processor.py:161} INFO - Started process (PID=371) to work on /home/airflow/.local/lib/python3.12/site-packages/airflow/example_dags/example_display_name.py
[2024-07-02T11:50:54.509+0000] {processor.py:830} INFO - Processing file /home/airflow/.local/lib/python3.12/site-packages/airflow/example_dags/example_display_name.py for tasks to queue
[2024-07-02T11:50:54.510+0000] {logging_mixin.py:188} INFO - [2024-07-02T11:50:54.510+0000] {dagbag.py:545} INFO - Filling up the DagBag from /home/airflow/.local/lib/python3.12/site-packages/airflow/example_dags/example_display_name.py
[2024-07-02T11:50:54.515+0000] {processor.py:840} INFO - DAG(s) 'example_display_name' retrieved from /home/airflow/.local/lib/python3.12/site-packages/airflow/example_dags/example_display_name.py
[2024-07-02T11:50:54.595+0000] {logging_mixin.py:188} INFO - [2024-07-02T11:50:54.595+0000] {dag.py:3096} INFO - Sync 1 DAGs
[2024-07-02T11:50:54.605+0000] {logging_mixin.py:188} INFO - [2024-07-02T11:50:54.605+0000] {dag.py:3954} INFO - Setting next_dagrun for example_display_name to None, run_after=None
[2024-07-02T11:50:54.629+0000] {processor.py:183} INFO - Processing /home/airflow/.local/lib/python3.12/site-packages/airflow/example_dags/example_display_name.py took 0.126 seconds
[2024-07-02T11:51:25.689+0000] {processor.py:161} INFO - Started process (PID=434) to work on /home/airflow/.local/lib/python3.12/site-packages/airflow/example_dags/example_display_name.py
[2024-07-02T11:51:25.690+0000] {processor.py:830} INFO - Processing file /home/airflow/.local/lib/python3.12/site-packages/airflow/example_dags/example_display_name.py for tasks to queue
[2024-07-02T11:51:25.692+0000] {logging_mixin.py:188} INFO - [2024-07-02T11:51:25.691+0000] {dagbag.py:545} INFO - Filling up the DagBag from /home/airflow/.local/lib/python3.12/site-packages/airflow/example_dags/example_display_name.py
[2024-07-02T11:51:25.698+0000] {processor.py:840} INFO - DAG(s) 'example_display_name' retrieved from /home/airflow/.local/lib/python3.12/site-packages/airflow/example_dags/example_display_name.py
[2024-07-02T11:51:25.730+0000] {logging_mixin.py:188} INFO - [2024-07-02T11:51:25.730+0000] {dag.py:3096} INFO - Sync 1 DAGs
[2024-07-02T11:51:25.746+0000] {logging_mixin.py:188} INFO - [2024-07-02T11:51:25.746+0000] {dag.py:3954} INFO - Setting next_dagrun for example_display_name to None, run_after=None
[2024-07-02T11:51:25.773+0000] {processor.py:183} INFO - Processing /home/airflow/.local/lib/python3.12/site-packages/airflow/example_dags/example_display_name.py took 0.091 seconds
[2024-07-02T11:51:56.882+0000] {processor.py:161} INFO - Started process (PID=496) to work on /home/airflow/.local/lib/python3.12/site-packages/airflow/example_dags/example_display_name.py
[2024-07-02T11:51:56.883+0000] {processor.py:830} INFO - Processing file /home/airflow/.local/lib/python3.12/site-packages/airflow/example_dags/example_display_name.py for tasks to queue
[2024-07-02T11:51:56.884+0000] {logging_mixin.py:188} INFO - [2024-07-02T11:51:56.884+0000] {dagbag.py:545} INFO - Filling up the DagBag from /home/airflow/.local/lib/python3.12/site-packages/airflow/example_dags/example_display_name.py
[2024-07-02T11:51:56.889+0000] {processor.py:840} INFO - DAG(s) 'example_display_name' retrieved from /home/airflow/.local/lib/python3.12/site-packages/airflow/example_dags/example_display_name.py
[2024-07-02T11:51:56.905+0000] {logging_mixin.py:188} INFO - [2024-07-02T11:51:56.904+0000] {dag.py:3096} INFO - Sync 1 DAGs
[2024-07-02T11:51:56.914+0000] {logging_mixin.py:188} INFO - [2024-07-02T11:51:56.914+0000] {dag.py:3954} INFO - Setting next_dagrun for example_display_name to None, run_after=None
[2024-07-02T11:51:56.933+0000] {processor.py:183} INFO - Processing /home/airflow/.local/lib/python3.12/site-packages/airflow/example_dags/example_display_name.py took 0.056 seconds
[2024-07-02T11:52:27.391+0000] {processor.py:161} INFO - Started process (PID=559) to work on /home/airflow/.local/lib/python3.12/site-packages/airflow/example_dags/example_display_name.py
[2024-07-02T11:52:27.392+0000] {processor.py:830} INFO - Processing file /home/airflow/.local/lib/python3.12/site-packages/airflow/example_dags/example_display_name.py for tasks to queue
[2024-07-02T11:52:27.393+0000] {logging_mixin.py:188} INFO - [2024-07-02T11:52:27.393+0000] {dagbag.py:545} INFO - Filling up the DagBag from /home/airflow/.local/lib/python3.12/site-packages/airflow/example_dags/example_display_name.py
[2024-07-02T11:52:27.399+0000] {processor.py:840} INFO - DAG(s) 'example_display_name' retrieved from /home/airflow/.local/lib/python3.12/site-packages/airflow/example_dags/example_display_name.py
[2024-07-02T11:52:27.419+0000] {logging_mixin.py:188} INFO - [2024-07-02T11:52:27.419+0000] {dag.py:3096} INFO - Sync 1 DAGs
[2024-07-02T11:52:27.431+0000] {logging_mixin.py:188} INFO - [2024-07-02T11:52:27.431+0000] {dag.py:3954} INFO - Setting next_dagrun for example_display_name to None, run_after=None
[2024-07-02T11:52:27.453+0000] {processor.py:183} INFO - Processing /home/airflow/.local/lib/python3.12/site-packages/airflow/example_dags/example_display_name.py took 0.067 seconds
[2024-07-02T11:52:58.076+0000] {processor.py:161} INFO - Started process (PID=623) to work on /home/airflow/.local/lib/python3.12/site-packages/airflow/example_dags/example_display_name.py
[2024-07-02T11:52:58.077+0000] {processor.py:830} INFO - Processing file /home/airflow/.local/lib/python3.12/site-packages/airflow/example_dags/example_display_name.py for tasks to queue
[2024-07-02T11:52:58.078+0000] {logging_mixin.py:188} INFO - [2024-07-02T11:52:58.078+0000] {dagbag.py:545} INFO - Filling up the DagBag from /home/airflow/.local/lib/python3.12/site-packages/airflow/example_dags/example_display_name.py
[2024-07-02T11:52:58.083+0000] {processor.py:840} INFO - DAG(s) 'example_display_name' retrieved from /home/airflow/.local/lib/python3.12/site-packages/airflow/example_dags/example_display_name.py
[2024-07-02T11:52:58.101+0000] {logging_mixin.py:188} INFO - [2024-07-02T11:52:58.101+0000] {dag.py:3096} INFO - Sync 1 DAGs
[2024-07-02T11:52:58.112+0000] {logging_mixin.py:188} INFO - [2024-07-02T11:52:58.112+0000] {dag.py:3954} INFO - Setting next_dagrun for example_display_name to None, run_after=None
[2024-07-02T11:52:58.133+0000] {processor.py:183} INFO - Processing /home/airflow/.local/lib/python3.12/site-packages/airflow/example_dags/example_display_name.py took 0.062 seconds
[2024-07-02T11:53:28.917+0000] {processor.py:161} INFO - Started process (PID=687) to work on /home/airflow/.local/lib/python3.12/site-packages/airflow/example_dags/example_display_name.py
[2024-07-02T11:53:28.918+0000] {processor.py:830} INFO - Processing file /home/airflow/.local/lib/python3.12/site-packages/airflow/example_dags/example_display_name.py for tasks to queue
[2024-07-02T11:53:28.919+0000] {logging_mixin.py:188} INFO - [2024-07-02T11:53:28.919+0000] {dagbag.py:545} INFO - Filling up the DagBag from /home/airflow/.local/lib/python3.12/site-packages/airflow/example_dags/example_display_name.py
[2024-07-02T11:53:28.924+0000] {processor.py:840} INFO - DAG(s) 'example_display_name' retrieved from /home/airflow/.local/lib/python3.12/site-packages/airflow/example_dags/example_display_name.py
[2024-07-02T11:53:28.941+0000] {logging_mixin.py:188} INFO - [2024-07-02T11:53:28.940+0000] {dag.py:3096} INFO - Sync 1 DAGs
[2024-07-02T11:53:28.951+0000] {logging_mixin.py:188} INFO - [2024-07-02T11:53:28.951+0000] {dag.py:3954} INFO - Setting next_dagrun for example_display_name to None, run_after=None
[2024-07-02T11:53:28.974+0000] {processor.py:183} INFO - Processing /home/airflow/.local/lib/python3.12/site-packages/airflow/example_dags/example_display_name.py took 0.062 seconds
[2024-07-02T11:53:59.637+0000] {processor.py:161} INFO - Started process (PID=750) to work on /home/airflow/.local/lib/python3.12/site-packages/airflow/example_dags/example_display_name.py
[2024-07-02T11:53:59.638+0000] {processor.py:830} INFO - Processing file /home/airflow/.local/lib/python3.12/site-packages/airflow/example_dags/example_display_name.py for tasks to queue
[2024-07-02T11:53:59.639+0000] {logging_mixin.py:188} INFO - [2024-07-02T11:53:59.639+0000] {dagbag.py:545} INFO - Filling up the DagBag from /home/airflow/.local/lib/python3.12/site-packages/airflow/example_dags/example_display_name.py
[2024-07-02T11:53:59.643+0000] {processor.py:840} INFO - DAG(s) 'example_display_name' retrieved from /home/airflow/.local/lib/python3.12/site-packages/airflow/example_dags/example_display_name.py
[2024-07-02T11:53:59.662+0000] {logging_mixin.py:188} INFO - [2024-07-02T11:53:59.662+0000] {dag.py:3096} INFO - Sync 1 DAGs
[2024-07-02T11:53:59.672+0000] {logging_mixin.py:188} INFO - [2024-07-02T11:53:59.672+0000] {dag.py:3954} INFO - Setting next_dagrun for example_display_name to None, run_after=None
[2024-07-02T11:53:59.693+0000] {processor.py:183} INFO - Processing /home/airflow/.local/lib/python3.12/site-packages/airflow/example_dags/example_display_name.py took 0.061 seconds
[2024-07-02T11:54:31.034+0000] {processor.py:161} INFO - Started process (PID=813) to work on /home/airflow/.local/lib/python3.12/site-packages/airflow/example_dags/example_display_name.py
[2024-07-02T11:54:31.036+0000] {processor.py:830} INFO - Processing file /home/airflow/.local/lib/python3.12/site-packages/airflow/example_dags/example_display_name.py for tasks to queue
[2024-07-02T11:54:31.037+0000] {logging_mixin.py:188} INFO - [2024-07-02T11:54:31.037+0000] {dagbag.py:545} INFO - Filling up the DagBag from /home/airflow/.local/lib/python3.12/site-packages/airflow/example_dags/example_display_name.py
[2024-07-02T11:54:31.042+0000] {processor.py:840} INFO - DAG(s) 'example_display_name' retrieved from /home/airflow/.local/lib/python3.12/site-packages/airflow/example_dags/example_display_name.py
[2024-07-02T11:54:31.060+0000] {logging_mixin.py:188} INFO - [2024-07-02T11:54:31.060+0000] {dag.py:3096} INFO - Sync 1 DAGs
[2024-07-02T11:54:31.072+0000] {logging_mixin.py:188} INFO - [2024-07-02T11:54:31.072+0000] {dag.py:3954} INFO - Setting next_dagrun for example_display_name to None, run_after=None
[2024-07-02T11:54:31.096+0000] {processor.py:183} INFO - Processing /home/airflow/.local/lib/python3.12/site-packages/airflow/example_dags/example_display_name.py took 0.068 seconds
[2024-07-02T11:55:02.473+0000] {processor.py:161} INFO - Started process (PID=882) to work on /home/airflow/.local/lib/python3.12/site-packages/airflow/example_dags/example_display_name.py
[2024-07-02T11:55:02.474+0000] {processor.py:830} INFO - Processing file /home/airflow/.local/lib/python3.12/site-packages/airflow/example_dags/example_display_name.py for tasks to queue
[2024-07-02T11:55:02.475+0000] {logging_mixin.py:188} INFO - [2024-07-02T11:55:02.474+0000] {dagbag.py:545} INFO - Filling up the DagBag from /home/airflow/.local/lib/python3.12/site-packages/airflow/example_dags/example_display_name.py
[2024-07-02T11:55:02.480+0000] {processor.py:840} INFO - DAG(s) 'example_display_name' retrieved from /home/airflow/.local/lib/python3.12/site-packages/airflow/example_dags/example_display_name.py
[2024-07-02T11:55:02.502+0000] {logging_mixin.py:188} INFO - [2024-07-02T11:55:02.501+0000] {dag.py:3096} INFO - Sync 1 DAGs
[2024-07-02T11:55:02.515+0000] {logging_mixin.py:188} INFO - [2024-07-02T11:55:02.515+0000] {dag.py:3954} INFO - Setting next_dagrun for example_display_name to None, run_after=None
[2024-07-02T11:55:02.541+0000] {processor.py:183} INFO - Processing /home/airflow/.local/lib/python3.12/site-packages/airflow/example_dags/example_display_name.py took 0.077 seconds
[2024-07-02T11:55:33.271+0000] {processor.py:161} INFO - Started process (PID=945) to work on /home/airflow/.local/lib/python3.12/site-packages/airflow/example_dags/example_display_name.py
[2024-07-02T11:55:33.272+0000] {processor.py:830} INFO - Processing file /home/airflow/.local/lib/python3.12/site-packages/airflow/example_dags/example_display_name.py for tasks to queue
[2024-07-02T11:55:33.274+0000] {logging_mixin.py:188} INFO - [2024-07-02T11:55:33.273+0000] {dagbag.py:545} INFO - Filling up the DagBag from /home/airflow/.local/lib/python3.12/site-packages/airflow/example_dags/example_display_name.py
[2024-07-02T11:55:33.280+0000] {processor.py:840} INFO - DAG(s) 'example_display_name' retrieved from /home/airflow/.local/lib/python3.12/site-packages/airflow/example_dags/example_display_name.py
[2024-07-02T11:55:33.306+0000] {logging_mixin.py:188} INFO - [2024-07-02T11:55:33.305+0000] {dag.py:3096} INFO - Sync 1 DAGs
[2024-07-02T11:55:33.319+0000] {logging_mixin.py:188} INFO - [2024-07-02T11:55:33.319+0000] {dag.py:3954} INFO - Setting next_dagrun for example_display_name to None, run_after=None
[2024-07-02T11:55:33.346+0000] {processor.py:183} INFO - Processing /home/airflow/.local/lib/python3.12/site-packages/airflow/example_dags/example_display_name.py took 0.082 seconds
[2024-07-02T11:56:04.143+0000] {processor.py:161} INFO - Started process (PID=1008) to work on /home/airflow/.local/lib/python3.12/site-packages/airflow/example_dags/example_display_name.py
[2024-07-02T11:56:04.144+0000] {processor.py:830} INFO - Processing file /home/airflow/.local/lib/python3.12/site-packages/airflow/example_dags/example_display_name.py for tasks to queue
[2024-07-02T11:56:04.145+0000] {logging_mixin.py:188} INFO - [2024-07-02T11:56:04.145+0000] {dagbag.py:545} INFO - Filling up the DagBag from /home/airflow/.local/lib/python3.12/site-packages/airflow/example_dags/example_display_name.py
[2024-07-02T11:56:04.151+0000] {processor.py:840} INFO - DAG(s) 'example_display_name' retrieved from /home/airflow/.local/lib/python3.12/site-packages/airflow/example_dags/example_display_name.py
[2024-07-02T11:56:04.175+0000] {logging_mixin.py:188} INFO - [2024-07-02T11:56:04.175+0000] {dag.py:3096} INFO - Sync 1 DAGs
[2024-07-02T11:56:04.193+0000] {logging_mixin.py:188} INFO - [2024-07-02T11:56:04.192+0000] {dag.py:3954} INFO - Setting next_dagrun for example_display_name to None, run_after=None
[2024-07-02T11:56:04.224+0000] {processor.py:183} INFO - Processing /home/airflow/.local/lib/python3.12/site-packages/airflow/example_dags/example_display_name.py took 0.088 seconds
[2024-07-02T11:56:35.124+0000] {processor.py:161} INFO - Started process (PID=1070) to work on /home/airflow/.local/lib/python3.12/site-packages/airflow/example_dags/example_display_name.py
[2024-07-02T11:56:35.125+0000] {processor.py:830} INFO - Processing file /home/airflow/.local/lib/python3.12/site-packages/airflow/example_dags/example_display_name.py for tasks to queue
[2024-07-02T11:56:35.126+0000] {logging_mixin.py:188} INFO - [2024-07-02T11:56:35.126+0000] {dagbag.py:545} INFO - Filling up the DagBag from /home/airflow/.local/lib/python3.12/site-packages/airflow/example_dags/example_display_name.py
[2024-07-02T11:56:35.131+0000] {processor.py:840} INFO - DAG(s) 'example_display_name' retrieved from /home/airflow/.local/lib/python3.12/site-packages/airflow/example_dags/example_display_name.py
[2024-07-02T11:56:35.151+0000] {logging_mixin.py:188} INFO - [2024-07-02T11:56:35.150+0000] {dag.py:3096} INFO - Sync 1 DAGs
[2024-07-02T11:56:35.163+0000] {logging_mixin.py:188} INFO - [2024-07-02T11:56:35.162+0000] {dag.py:3954} INFO - Setting next_dagrun for example_display_name to None, run_after=None
[2024-07-02T11:56:35.188+0000] {processor.py:183} INFO - Processing /home/airflow/.local/lib/python3.12/site-packages/airflow/example_dags/example_display_name.py took 0.070 seconds
[2024-07-02T11:57:05.720+0000] {processor.py:161} INFO - Started process (PID=1132) to work on /home/airflow/.local/lib/python3.12/site-packages/airflow/example_dags/example_display_name.py
[2024-07-02T11:57:05.721+0000] {processor.py:830} INFO - Processing file /home/airflow/.local/lib/python3.12/site-packages/airflow/example_dags/example_display_name.py for tasks to queue
[2024-07-02T11:57:05.722+0000] {logging_mixin.py:188} INFO - [2024-07-02T11:57:05.722+0000] {dagbag.py:545} INFO - Filling up the DagBag from /home/airflow/.local/lib/python3.12/site-packages/airflow/example_dags/example_display_name.py
[2024-07-02T11:57:05.728+0000] {processor.py:840} INFO - DAG(s) 'example_display_name' retrieved from /home/airflow/.local/lib/python3.12/site-packages/airflow/example_dags/example_display_name.py
[2024-07-02T11:57:05.748+0000] {logging_mixin.py:188} INFO - [2024-07-02T11:57:05.748+0000] {dag.py:3096} INFO - Sync 1 DAGs
[2024-07-02T11:57:05.761+0000] {logging_mixin.py:188} INFO - [2024-07-02T11:57:05.761+0000] {dag.py:3954} INFO - Setting next_dagrun for example_display_name to None, run_after=None
[2024-07-02T11:57:05.783+0000] {processor.py:183} INFO - Processing /home/airflow/.local/lib/python3.12/site-packages/airflow/example_dags/example_display_name.py took 0.069 seconds
[2024-07-02T11:57:36.806+0000] {processor.py:161} INFO - Started process (PID=1195) to work on /home/airflow/.local/lib/python3.12/site-packages/airflow/example_dags/example_display_name.py
[2024-07-02T11:57:36.808+0000] {processor.py:830} INFO - Processing file /home/airflow/.local/lib/python3.12/site-packages/airflow/example_dags/example_display_name.py for tasks to queue
[2024-07-02T11:57:36.808+0000] {logging_mixin.py:188} INFO - [2024-07-02T11:57:36.808+0000] {dagbag.py:545} INFO - Filling up the DagBag from /home/airflow/.local/lib/python3.12/site-packages/airflow/example_dags/example_display_name.py
[2024-07-02T11:57:36.813+0000] {processor.py:840} INFO - DAG(s) 'example_display_name' retrieved from /home/airflow/.local/lib/python3.12/site-packages/airflow/example_dags/example_display_name.py
[2024-07-02T11:57:36.831+0000] {logging_mixin.py:188} INFO - [2024-07-02T11:57:36.831+0000] {dag.py:3096} INFO - Sync 1 DAGs
[2024-07-02T11:57:36.842+0000] {logging_mixin.py:188} INFO - [2024-07-02T11:57:36.841+0000] {dag.py:3954} INFO - Setting next_dagrun for example_display_name to None, run_after=None
[2024-07-02T11:57:36.865+0000] {processor.py:183} INFO - Processing /home/airflow/.local/lib/python3.12/site-packages/airflow/example_dags/example_display_name.py took 0.063 seconds
[2024-07-02T11:58:07.582+0000] {processor.py:161} INFO - Started process (PID=1258) to work on /home/airflow/.local/lib/python3.12/site-packages/airflow/example_dags/example_display_name.py
[2024-07-02T11:58:07.583+0000] {processor.py:830} INFO - Processing file /home/airflow/.local/lib/python3.12/site-packages/airflow/example_dags/example_display_name.py for tasks to queue
[2024-07-02T11:58:07.584+0000] {logging_mixin.py:188} INFO - [2024-07-02T11:58:07.584+0000] {dagbag.py:545} INFO - Filling up the DagBag from /home/airflow/.local/lib/python3.12/site-packages/airflow/example_dags/example_display_name.py
[2024-07-02T11:58:07.589+0000] {processor.py:840} INFO - DAG(s) 'example_display_name' retrieved from /home/airflow/.local/lib/python3.12/site-packages/airflow/example_dags/example_display_name.py
[2024-07-02T11:58:07.605+0000] {logging_mixin.py:188} INFO - [2024-07-02T11:58:07.605+0000] {dag.py:3096} INFO - Sync 1 DAGs
[2024-07-02T11:58:07.615+0000] {logging_mixin.py:188} INFO - [2024-07-02T11:58:07.615+0000] {dag.py:3954} INFO - Setting next_dagrun for example_display_name to None, run_after=None
[2024-07-02T11:58:07.632+0000] {processor.py:183} INFO - Processing /home/airflow/.local/lib/python3.12/site-packages/airflow/example_dags/example_display_name.py took 0.055 seconds
[2024-07-02T11:58:38.283+0000] {processor.py:161} INFO - Started process (PID=1321) to work on /home/airflow/.local/lib/python3.12/site-packages/airflow/example_dags/example_display_name.py
[2024-07-02T11:58:38.285+0000] {processor.py:830} INFO - Processing file /home/airflow/.local/lib/python3.12/site-packages/airflow/example_dags/example_display_name.py for tasks to queue
[2024-07-02T11:58:38.286+0000] {logging_mixin.py:188} INFO - [2024-07-02T11:58:38.286+0000] {dagbag.py:545} INFO - Filling up the DagBag from /home/airflow/.local/lib/python3.12/site-packages/airflow/example_dags/example_display_name.py
[2024-07-02T11:58:38.291+0000] {processor.py:840} INFO - DAG(s) 'example_display_name' retrieved from /home/airflow/.local/lib/python3.12/site-packages/airflow/example_dags/example_display_name.py
[2024-07-02T11:58:38.313+0000] {logging_mixin.py:188} INFO - [2024-07-02T11:58:38.312+0000] {dag.py:3096} INFO - Sync 1 DAGs
[2024-07-02T11:58:38.326+0000] {logging_mixin.py:188} INFO - [2024-07-02T11:58:38.326+0000] {dag.py:3954} INFO - Setting next_dagrun for example_display_name to None, run_after=None
[2024-07-02T11:58:38.349+0000] {processor.py:183} INFO - Processing /home/airflow/.local/lib/python3.12/site-packages/airflow/example_dags/example_display_name.py took 0.073 seconds
[2024-07-02T11:59:08.871+0000] {processor.py:161} INFO - Started process (PID=1384) to work on /home/airflow/.local/lib/python3.12/site-packages/airflow/example_dags/example_display_name.py
[2024-07-02T11:59:08.872+0000] {processor.py:830} INFO - Processing file /home/airflow/.local/lib/python3.12/site-packages/airflow/example_dags/example_display_name.py for tasks to queue
[2024-07-02T11:59:08.873+0000] {logging_mixin.py:188} INFO - [2024-07-02T11:59:08.873+0000] {dagbag.py:545} INFO - Filling up the DagBag from /home/airflow/.local/lib/python3.12/site-packages/airflow/example_dags/example_display_name.py
[2024-07-02T11:59:08.878+0000] {processor.py:840} INFO - DAG(s) 'example_display_name' retrieved from /home/airflow/.local/lib/python3.12/site-packages/airflow/example_dags/example_display_name.py
[2024-07-02T11:59:08.896+0000] {logging_mixin.py:188} INFO - [2024-07-02T11:59:08.896+0000] {dag.py:3096} INFO - Sync 1 DAGs
[2024-07-02T11:59:08.906+0000] {logging_mixin.py:188} INFO - [2024-07-02T11:59:08.906+0000] {dag.py:3954} INFO - Setting next_dagrun for example_display_name to None, run_after=None
[2024-07-02T11:59:08.926+0000] {processor.py:183} INFO - Processing /home/airflow/.local/lib/python3.12/site-packages/airflow/example_dags/example_display_name.py took 0.061 seconds
[2024-07-02T11:59:40.114+0000] {processor.py:161} INFO - Started process (PID=1447) to work on /home/airflow/.local/lib/python3.12/site-packages/airflow/example_dags/example_display_name.py
[2024-07-02T11:59:40.115+0000] {processor.py:830} INFO - Processing file /home/airflow/.local/lib/python3.12/site-packages/airflow/example_dags/example_display_name.py for tasks to queue
[2024-07-02T11:59:40.116+0000] {logging_mixin.py:188} INFO - [2024-07-02T11:59:40.116+0000] {dagbag.py:545} INFO - Filling up the DagBag from /home/airflow/.local/lib/python3.12/site-packages/airflow/example_dags/example_display_name.py
[2024-07-02T11:59:40.121+0000] {processor.py:840} INFO - DAG(s) 'example_display_name' retrieved from /home/airflow/.local/lib/python3.12/site-packages/airflow/example_dags/example_display_name.py
[2024-07-02T11:59:40.142+0000] {logging_mixin.py:188} INFO - [2024-07-02T11:59:40.141+0000] {dag.py:3096} INFO - Sync 1 DAGs
[2024-07-02T11:59:40.152+0000] {logging_mixin.py:188} INFO - [2024-07-02T11:59:40.152+0000] {dag.py:3954} INFO - Setting next_dagrun for example_display_name to None, run_after=None
[2024-07-02T11:59:40.174+0000] {processor.py:183} INFO - Processing /home/airflow/.local/lib/python3.12/site-packages/airflow/example_dags/example_display_name.py took 0.066 seconds
[2024-07-02T12:00:10.776+0000] {processor.py:161} INFO - Started process (PID=1510) to work on /home/airflow/.local/lib/python3.12/site-packages/airflow/example_dags/example_display_name.py
[2024-07-02T12:00:10.777+0000] {processor.py:830} INFO - Processing file /home/airflow/.local/lib/python3.12/site-packages/airflow/example_dags/example_display_name.py for tasks to queue
[2024-07-02T12:00:10.778+0000] {logging_mixin.py:188} INFO - [2024-07-02T12:00:10.778+0000] {dagbag.py:545} INFO - Filling up the DagBag from /home/airflow/.local/lib/python3.12/site-packages/airflow/example_dags/example_display_name.py
[2024-07-02T12:00:10.783+0000] {processor.py:840} INFO - DAG(s) 'example_display_name' retrieved from /home/airflow/.local/lib/python3.12/site-packages/airflow/example_dags/example_display_name.py
[2024-07-02T12:00:10.799+0000] {logging_mixin.py:188} INFO - [2024-07-02T12:00:10.799+0000] {dag.py:3096} INFO - Sync 1 DAGs
[2024-07-02T12:00:10.810+0000] {logging_mixin.py:188} INFO - [2024-07-02T12:00:10.809+0000] {dag.py:3954} INFO - Setting next_dagrun for example_display_name to None, run_after=None
[2024-07-02T12:00:10.828+0000] {processor.py:183} INFO - Processing /home/airflow/.local/lib/python3.12/site-packages/airflow/example_dags/example_display_name.py took 0.059 seconds
[2024-07-02T12:00:41.998+0000] {processor.py:161} INFO - Started process (PID=1573) to work on /home/airflow/.local/lib/python3.12/site-packages/airflow/example_dags/example_display_name.py
[2024-07-02T12:00:41.999+0000] {processor.py:830} INFO - Processing file /home/airflow/.local/lib/python3.12/site-packages/airflow/example_dags/example_display_name.py for tasks to queue
[2024-07-02T12:00:42.000+0000] {logging_mixin.py:188} INFO - [2024-07-02T12:00:42.000+0000] {dagbag.py:545} INFO - Filling up the DagBag from /home/airflow/.local/lib/python3.12/site-packages/airflow/example_dags/example_display_name.py
[2024-07-02T12:00:42.007+0000] {processor.py:840} INFO - DAG(s) 'example_display_name' retrieved from /home/airflow/.local/lib/python3.12/site-packages/airflow/example_dags/example_display_name.py
[2024-07-02T12:00:42.028+0000] {logging_mixin.py:188} INFO - [2024-07-02T12:00:42.028+0000] {dag.py:3096} INFO - Sync 1 DAGs
[2024-07-02T12:00:42.041+0000] {logging_mixin.py:188} INFO - [2024-07-02T12:00:42.040+0000] {dag.py:3954} INFO - Setting next_dagrun for example_display_name to None, run_after=None
[2024-07-02T12:00:42.063+0000] {processor.py:183} INFO - Processing /home/airflow/.local/lib/python3.12/site-packages/airflow/example_dags/example_display_name.py took 0.072 seconds
[2024-07-02T12:01:12.633+0000] {processor.py:161} INFO - Started process (PID=1636) to work on /home/airflow/.local/lib/python3.12/site-packages/airflow/example_dags/example_display_name.py
[2024-07-02T12:01:12.634+0000] {processor.py:830} INFO - Processing file /home/airflow/.local/lib/python3.12/site-packages/airflow/example_dags/example_display_name.py for tasks to queue
[2024-07-02T12:01:12.635+0000] {logging_mixin.py:188} INFO - [2024-07-02T12:01:12.635+0000] {dagbag.py:545} INFO - Filling up the DagBag from /home/airflow/.local/lib/python3.12/site-packages/airflow/example_dags/example_display_name.py
[2024-07-02T12:01:12.640+0000] {processor.py:840} INFO - DAG(s) 'example_display_name' retrieved from /home/airflow/.local/lib/python3.12/site-packages/airflow/example_dags/example_display_name.py
[2024-07-02T12:01:12.660+0000] {logging_mixin.py:188} INFO - [2024-07-02T12:01:12.660+0000] {dag.py:3096} INFO - Sync 1 DAGs
[2024-07-02T12:01:12.672+0000] {logging_mixin.py:188} INFO - [2024-07-02T12:01:12.672+0000] {dag.py:3954} INFO - Setting next_dagrun for example_display_name to None, run_after=None
[2024-07-02T12:01:12.692+0000] {processor.py:183} INFO - Processing /home/airflow/.local/lib/python3.12/site-packages/airflow/example_dags/example_display_name.py took 0.066 seconds
[2024-07-02T12:01:44.180+0000] {processor.py:161} INFO - Started process (PID=1699) to work on /home/airflow/.local/lib/python3.12/site-packages/airflow/example_dags/example_display_name.py
[2024-07-02T12:01:44.182+0000] {processor.py:830} INFO - Processing file /home/airflow/.local/lib/python3.12/site-packages/airflow/example_dags/example_display_name.py for tasks to queue
[2024-07-02T12:01:44.183+0000] {logging_mixin.py:188} INFO - [2024-07-02T12:01:44.183+0000] {dagbag.py:545} INFO - Filling up the DagBag from /home/airflow/.local/lib/python3.12/site-packages/airflow/example_dags/example_display_name.py
[2024-07-02T12:01:44.188+0000] {processor.py:840} INFO - DAG(s) 'example_display_name' retrieved from /home/airflow/.local/lib/python3.12/site-packages/airflow/example_dags/example_display_name.py
[2024-07-02T12:01:44.316+0000] {logging_mixin.py:188} INFO - [2024-07-02T12:01:44.315+0000] {dag.py:3096} INFO - Sync 1 DAGs
[2024-07-02T12:01:44.325+0000] {logging_mixin.py:188} INFO - [2024-07-02T12:01:44.325+0000] {dag.py:3954} INFO - Setting next_dagrun for example_display_name to None, run_after=None
[2024-07-02T12:01:44.342+0000] {processor.py:183} INFO - Processing /home/airflow/.local/lib/python3.12/site-packages/airflow/example_dags/example_display_name.py took 0.171 seconds
[2024-07-02T12:02:14.378+0000] {processor.py:161} INFO - Started process (PID=1762) to work on /home/airflow/.local/lib/python3.12/site-packages/airflow/example_dags/example_display_name.py
[2024-07-02T12:02:14.380+0000] {processor.py:830} INFO - Processing file /home/airflow/.local/lib/python3.12/site-packages/airflow/example_dags/example_display_name.py for tasks to queue
[2024-07-02T12:02:14.381+0000] {logging_mixin.py:188} INFO - [2024-07-02T12:02:14.381+0000] {dagbag.py:545} INFO - Filling up the DagBag from /home/airflow/.local/lib/python3.12/site-packages/airflow/example_dags/example_display_name.py
[2024-07-02T12:02:14.390+0000] {processor.py:840} INFO - DAG(s) 'example_display_name' retrieved from /home/airflow/.local/lib/python3.12/site-packages/airflow/example_dags/example_display_name.py
[2024-07-02T12:02:14.408+0000] {logging_mixin.py:188} INFO - [2024-07-02T12:02:14.408+0000] {dag.py:3096} INFO - Sync 1 DAGs
[2024-07-02T12:02:14.421+0000] {logging_mixin.py:188} INFO - [2024-07-02T12:02:14.420+0000] {dag.py:3954} INFO - Setting next_dagrun for example_display_name to None, run_after=None
[2024-07-02T12:02:14.441+0000] {processor.py:183} INFO - Processing /home/airflow/.local/lib/python3.12/site-packages/airflow/example_dags/example_display_name.py took 0.070 seconds
[2024-07-02T12:02:44.831+0000] {processor.py:161} INFO - Started process (PID=1825) to work on /home/airflow/.local/lib/python3.12/site-packages/airflow/example_dags/example_display_name.py
[2024-07-02T12:02:44.832+0000] {processor.py:830} INFO - Processing file /home/airflow/.local/lib/python3.12/site-packages/airflow/example_dags/example_display_name.py for tasks to queue
[2024-07-02T12:02:44.833+0000] {logging_mixin.py:188} INFO - [2024-07-02T12:02:44.833+0000] {dagbag.py:545} INFO - Filling up the DagBag from /home/airflow/.local/lib/python3.12/site-packages/airflow/example_dags/example_display_name.py
[2024-07-02T12:02:44.838+0000] {processor.py:840} INFO - DAG(s) 'example_display_name' retrieved from /home/airflow/.local/lib/python3.12/site-packages/airflow/example_dags/example_display_name.py
[2024-07-02T12:02:44.858+0000] {logging_mixin.py:188} INFO - [2024-07-02T12:02:44.858+0000] {dag.py:3096} INFO - Sync 1 DAGs
[2024-07-02T12:02:44.869+0000] {logging_mixin.py:188} INFO - [2024-07-02T12:02:44.869+0000] {dag.py:3954} INFO - Setting next_dagrun for example_display_name to None, run_after=None
[2024-07-02T12:02:44.887+0000] {processor.py:183} INFO - Processing /home/airflow/.local/lib/python3.12/site-packages/airflow/example_dags/example_display_name.py took 0.064 seconds
[2024-07-02T12:03:15.360+0000] {processor.py:161} INFO - Started process (PID=1888) to work on /home/airflow/.local/lib/python3.12/site-packages/airflow/example_dags/example_display_name.py
[2024-07-02T12:03:15.362+0000] {processor.py:830} INFO - Processing file /home/airflow/.local/lib/python3.12/site-packages/airflow/example_dags/example_display_name.py for tasks to queue
[2024-07-02T12:03:15.363+0000] {logging_mixin.py:188} INFO - [2024-07-02T12:03:15.363+0000] {dagbag.py:545} INFO - Filling up the DagBag from /home/airflow/.local/lib/python3.12/site-packages/airflow/example_dags/example_display_name.py
[2024-07-02T12:03:15.369+0000] {processor.py:840} INFO - DAG(s) 'example_display_name' retrieved from /home/airflow/.local/lib/python3.12/site-packages/airflow/example_dags/example_display_name.py
[2024-07-02T12:03:15.393+0000] {logging_mixin.py:188} INFO - [2024-07-02T12:03:15.392+0000] {dag.py:3096} INFO - Sync 1 DAGs
[2024-07-02T12:03:15.405+0000] {logging_mixin.py:188} INFO - [2024-07-02T12:03:15.405+0000] {dag.py:3954} INFO - Setting next_dagrun for example_display_name to None, run_after=None
[2024-07-02T12:03:15.429+0000] {processor.py:183} INFO - Processing /home/airflow/.local/lib/python3.12/site-packages/airflow/example_dags/example_display_name.py took 0.078 seconds
[2024-07-02T12:03:46.391+0000] {processor.py:161} INFO - Started process (PID=1951) to work on /home/airflow/.local/lib/python3.12/site-packages/airflow/example_dags/example_display_name.py
[2024-07-02T12:03:46.392+0000] {processor.py:830} INFO - Processing file /home/airflow/.local/lib/python3.12/site-packages/airflow/example_dags/example_display_name.py for tasks to queue
[2024-07-02T12:03:46.393+0000] {logging_mixin.py:188} INFO - [2024-07-02T12:03:46.393+0000] {dagbag.py:545} INFO - Filling up the DagBag from /home/airflow/.local/lib/python3.12/site-packages/airflow/example_dags/example_display_name.py
[2024-07-02T12:03:46.398+0000] {processor.py:840} INFO - DAG(s) 'example_display_name' retrieved from /home/airflow/.local/lib/python3.12/site-packages/airflow/example_dags/example_display_name.py
[2024-07-02T12:03:46.415+0000] {logging_mixin.py:188} INFO - [2024-07-02T12:03:46.415+0000] {dag.py:3096} INFO - Sync 1 DAGs
[2024-07-02T12:03:46.426+0000] {logging_mixin.py:188} INFO - [2024-07-02T12:03:46.426+0000] {dag.py:3954} INFO - Setting next_dagrun for example_display_name to None, run_after=None
[2024-07-02T12:03:46.446+0000] {processor.py:183} INFO - Processing /home/airflow/.local/lib/python3.12/site-packages/airflow/example_dags/example_display_name.py took 0.064 seconds
[2024-07-02T12:04:16.880+0000] {processor.py:161} INFO - Started process (PID=2014) to work on /home/airflow/.local/lib/python3.12/site-packages/airflow/example_dags/example_display_name.py
[2024-07-02T12:04:16.881+0000] {processor.py:830} INFO - Processing file /home/airflow/.local/lib/python3.12/site-packages/airflow/example_dags/example_display_name.py for tasks to queue
[2024-07-02T12:04:16.882+0000] {logging_mixin.py:188} INFO - [2024-07-02T12:04:16.882+0000] {dagbag.py:545} INFO - Filling up the DagBag from /home/airflow/.local/lib/python3.12/site-packages/airflow/example_dags/example_display_name.py
[2024-07-02T12:04:16.888+0000] {processor.py:840} INFO - DAG(s) 'example_display_name' retrieved from /home/airflow/.local/lib/python3.12/site-packages/airflow/example_dags/example_display_name.py
[2024-07-02T12:04:16.908+0000] {logging_mixin.py:188} INFO - [2024-07-02T12:04:16.908+0000] {dag.py:3096} INFO - Sync 1 DAGs
[2024-07-02T12:04:16.919+0000] {logging_mixin.py:188} INFO - [2024-07-02T12:04:16.919+0000] {dag.py:3954} INFO - Setting next_dagrun for example_display_name to None, run_after=None
[2024-07-02T12:04:16.941+0000] {processor.py:183} INFO - Processing /home/airflow/.local/lib/python3.12/site-packages/airflow/example_dags/example_display_name.py took 0.070 seconds
[2024-07-02T12:04:47.340+0000] {processor.py:161} INFO - Started process (PID=2076) to work on /home/airflow/.local/lib/python3.12/site-packages/airflow/example_dags/example_display_name.py
[2024-07-02T12:04:47.341+0000] {processor.py:830} INFO - Processing file /home/airflow/.local/lib/python3.12/site-packages/airflow/example_dags/example_display_name.py for tasks to queue
[2024-07-02T12:04:47.343+0000] {logging_mixin.py:188} INFO - [2024-07-02T12:04:47.342+0000] {dagbag.py:545} INFO - Filling up the DagBag from /home/airflow/.local/lib/python3.12/site-packages/airflow/example_dags/example_display_name.py
[2024-07-02T12:04:47.348+0000] {processor.py:840} INFO - DAG(s) 'example_display_name' retrieved from /home/airflow/.local/lib/python3.12/site-packages/airflow/example_dags/example_display_name.py
[2024-07-02T12:04:47.366+0000] {logging_mixin.py:188} INFO - [2024-07-02T12:04:47.366+0000] {dag.py:3096} INFO - Sync 1 DAGs
[2024-07-02T12:04:47.377+0000] {logging_mixin.py:188} INFO - [2024-07-02T12:04:47.377+0000] {dag.py:3954} INFO - Setting next_dagrun for example_display_name to None, run_after=None
[2024-07-02T12:04:47.397+0000] {processor.py:183} INFO - Processing /home/airflow/.local/lib/python3.12/site-packages/airflow/example_dags/example_display_name.py took 0.066 seconds
[2024-07-02T12:05:18.235+0000] {processor.py:161} INFO - Started process (PID=2139) to work on /home/airflow/.local/lib/python3.12/site-packages/airflow/example_dags/example_display_name.py
[2024-07-02T12:05:18.236+0000] {processor.py:830} INFO - Processing file /home/airflow/.local/lib/python3.12/site-packages/airflow/example_dags/example_display_name.py for tasks to queue
[2024-07-02T12:05:18.238+0000] {logging_mixin.py:188} INFO - [2024-07-02T12:05:18.237+0000] {dagbag.py:545} INFO - Filling up the DagBag from /home/airflow/.local/lib/python3.12/site-packages/airflow/example_dags/example_display_name.py
[2024-07-02T12:05:18.243+0000] {processor.py:840} INFO - DAG(s) 'example_display_name' retrieved from /home/airflow/.local/lib/python3.12/site-packages/airflow/example_dags/example_display_name.py
[2024-07-02T12:05:18.260+0000] {logging_mixin.py:188} INFO - [2024-07-02T12:05:18.259+0000] {dag.py:3096} INFO - Sync 1 DAGs
[2024-07-02T12:05:18.270+0000] {logging_mixin.py:188} INFO - [2024-07-02T12:05:18.270+0000] {dag.py:3954} INFO - Setting next_dagrun for example_display_name to None, run_after=None
[2024-07-02T12:05:18.293+0000] {processor.py:183} INFO - Processing /home/airflow/.local/lib/python3.12/site-packages/airflow/example_dags/example_display_name.py took 0.066 seconds
[2024-07-02T12:07:42.916+0000] {processor.py:161} INFO - Started process (PID=48) to work on /home/airflow/.local/lib/python3.12/site-packages/airflow/example_dags/example_display_name.py
[2024-07-02T12:07:42.918+0000] {processor.py:830} INFO - Processing file /home/airflow/.local/lib/python3.12/site-packages/airflow/example_dags/example_display_name.py for tasks to queue
[2024-07-02T12:07:42.921+0000] {logging_mixin.py:188} INFO - [2024-07-02T12:07:42.921+0000] {dagbag.py:545} INFO - Filling up the DagBag from /home/airflow/.local/lib/python3.12/site-packages/airflow/example_dags/example_display_name.py
[2024-07-02T12:07:42.928+0000] {processor.py:840} INFO - DAG(s) 'example_display_name' retrieved from /home/airflow/.local/lib/python3.12/site-packages/airflow/example_dags/example_display_name.py
[2024-07-02T12:07:42.939+0000] {logging_mixin.py:188} INFO - [2024-07-02T12:07:42.939+0000] {dag.py:3096} INFO - Sync 1 DAGs
[2024-07-02T12:07:42.952+0000] {logging_mixin.py:188} INFO - [2024-07-02T12:07:42.952+0000] {dag.py:3954} INFO - Setting next_dagrun for example_display_name to None, run_after=None
[2024-07-02T12:07:42.978+0000] {processor.py:183} INFO - Processing /home/airflow/.local/lib/python3.12/site-packages/airflow/example_dags/example_display_name.py took 0.069 seconds
[2024-07-02T12:08:13.736+0000] {processor.py:161} INFO - Started process (PID=111) to work on /home/airflow/.local/lib/python3.12/site-packages/airflow/example_dags/example_display_name.py
[2024-07-02T12:08:13.737+0000] {processor.py:830} INFO - Processing file /home/airflow/.local/lib/python3.12/site-packages/airflow/example_dags/example_display_name.py for tasks to queue
[2024-07-02T12:08:13.739+0000] {logging_mixin.py:188} INFO - [2024-07-02T12:08:13.739+0000] {dagbag.py:545} INFO - Filling up the DagBag from /home/airflow/.local/lib/python3.12/site-packages/airflow/example_dags/example_display_name.py
[2024-07-02T12:08:13.744+0000] {processor.py:840} INFO - DAG(s) 'example_display_name' retrieved from /home/airflow/.local/lib/python3.12/site-packages/airflow/example_dags/example_display_name.py
[2024-07-02T12:08:13.826+0000] {logging_mixin.py:188} INFO - [2024-07-02T12:08:13.826+0000] {dag.py:3096} INFO - Sync 1 DAGs
[2024-07-02T12:08:13.835+0000] {logging_mixin.py:188} INFO - [2024-07-02T12:08:13.835+0000] {dag.py:3954} INFO - Setting next_dagrun for example_display_name to None, run_after=None
[2024-07-02T12:08:13.858+0000] {processor.py:183} INFO - Processing /home/airflow/.local/lib/python3.12/site-packages/airflow/example_dags/example_display_name.py took 0.128 seconds
[2024-07-02T12:08:44.692+0000] {processor.py:161} INFO - Started process (PID=174) to work on /home/airflow/.local/lib/python3.12/site-packages/airflow/example_dags/example_display_name.py
[2024-07-02T12:08:44.693+0000] {processor.py:830} INFO - Processing file /home/airflow/.local/lib/python3.12/site-packages/airflow/example_dags/example_display_name.py for tasks to queue
[2024-07-02T12:08:44.695+0000] {logging_mixin.py:188} INFO - [2024-07-02T12:08:44.695+0000] {dagbag.py:545} INFO - Filling up the DagBag from /home/airflow/.local/lib/python3.12/site-packages/airflow/example_dags/example_display_name.py
[2024-07-02T12:08:44.702+0000] {processor.py:840} INFO - DAG(s) 'example_display_name' retrieved from /home/airflow/.local/lib/python3.12/site-packages/airflow/example_dags/example_display_name.py
[2024-07-02T12:08:44.720+0000] {logging_mixin.py:188} INFO - [2024-07-02T12:08:44.720+0000] {dag.py:3096} INFO - Sync 1 DAGs
[2024-07-02T12:08:44.731+0000] {logging_mixin.py:188} INFO - [2024-07-02T12:08:44.731+0000] {dag.py:3954} INFO - Setting next_dagrun for example_display_name to None, run_after=None
[2024-07-02T12:08:44.754+0000] {processor.py:183} INFO - Processing /home/airflow/.local/lib/python3.12/site-packages/airflow/example_dags/example_display_name.py took 0.067 seconds
[2024-07-02T12:09:15.542+0000] {processor.py:161} INFO - Started process (PID=237) to work on /home/airflow/.local/lib/python3.12/site-packages/airflow/example_dags/example_display_name.py
[2024-07-02T12:09:15.543+0000] {processor.py:830} INFO - Processing file /home/airflow/.local/lib/python3.12/site-packages/airflow/example_dags/example_display_name.py for tasks to queue
[2024-07-02T12:09:15.545+0000] {logging_mixin.py:188} INFO - [2024-07-02T12:09:15.544+0000] {dagbag.py:545} INFO - Filling up the DagBag from /home/airflow/.local/lib/python3.12/site-packages/airflow/example_dags/example_display_name.py
[2024-07-02T12:09:15.550+0000] {processor.py:840} INFO - DAG(s) 'example_display_name' retrieved from /home/airflow/.local/lib/python3.12/site-packages/airflow/example_dags/example_display_name.py
[2024-07-02T12:09:15.560+0000] {logging_mixin.py:188} INFO - [2024-07-02T12:09:15.560+0000] {dag.py:3096} INFO - Sync 1 DAGs
[2024-07-02T12:09:15.574+0000] {logging_mixin.py:188} INFO - [2024-07-02T12:09:15.574+0000] {dag.py:3954} INFO - Setting next_dagrun for example_display_name to None, run_after=None
[2024-07-02T12:09:15.604+0000] {processor.py:183} INFO - Processing /home/airflow/.local/lib/python3.12/site-packages/airflow/example_dags/example_display_name.py took 0.068 seconds
[2024-07-02T12:09:47.056+0000] {processor.py:161} INFO - Started process (PID=300) to work on /home/airflow/.local/lib/python3.12/site-packages/airflow/example_dags/example_display_name.py
[2024-07-02T12:09:47.057+0000] {processor.py:830} INFO - Processing file /home/airflow/.local/lib/python3.12/site-packages/airflow/example_dags/example_display_name.py for tasks to queue
[2024-07-02T12:09:47.059+0000] {logging_mixin.py:188} INFO - [2024-07-02T12:09:47.059+0000] {dagbag.py:545} INFO - Filling up the DagBag from /home/airflow/.local/lib/python3.12/site-packages/airflow/example_dags/example_display_name.py
[2024-07-02T12:09:47.065+0000] {processor.py:840} INFO - DAG(s) 'example_display_name' retrieved from /home/airflow/.local/lib/python3.12/site-packages/airflow/example_dags/example_display_name.py
[2024-07-02T12:09:47.152+0000] {logging_mixin.py:188} INFO - [2024-07-02T12:09:47.152+0000] {dag.py:3096} INFO - Sync 1 DAGs
[2024-07-02T12:09:47.164+0000] {logging_mixin.py:188} INFO - [2024-07-02T12:09:47.164+0000] {dag.py:3954} INFO - Setting next_dagrun for example_display_name to None, run_after=None
[2024-07-02T12:09:47.188+0000] {processor.py:183} INFO - Processing /home/airflow/.local/lib/python3.12/site-packages/airflow/example_dags/example_display_name.py took 0.139 seconds
[2024-07-02T12:10:17.265+0000] {processor.py:161} INFO - Started process (PID=363) to work on /home/airflow/.local/lib/python3.12/site-packages/airflow/example_dags/example_display_name.py
[2024-07-02T12:10:17.266+0000] {processor.py:830} INFO - Processing file /home/airflow/.local/lib/python3.12/site-packages/airflow/example_dags/example_display_name.py for tasks to queue
[2024-07-02T12:10:17.268+0000] {logging_mixin.py:188} INFO - [2024-07-02T12:10:17.268+0000] {dagbag.py:545} INFO - Filling up the DagBag from /home/airflow/.local/lib/python3.12/site-packages/airflow/example_dags/example_display_name.py
[2024-07-02T12:10:17.274+0000] {processor.py:840} INFO - DAG(s) 'example_display_name' retrieved from /home/airflow/.local/lib/python3.12/site-packages/airflow/example_dags/example_display_name.py
[2024-07-02T12:10:17.296+0000] {logging_mixin.py:188} INFO - [2024-07-02T12:10:17.295+0000] {dag.py:3096} INFO - Sync 1 DAGs
[2024-07-02T12:10:17.308+0000] {logging_mixin.py:188} INFO - [2024-07-02T12:10:17.308+0000] {dag.py:3954} INFO - Setting next_dagrun for example_display_name to None, run_after=None
[2024-07-02T12:10:17.333+0000] {processor.py:183} INFO - Processing /home/airflow/.local/lib/python3.12/site-packages/airflow/example_dags/example_display_name.py took 0.074 seconds
[2024-07-02T12:10:48.311+0000] {processor.py:161} INFO - Started process (PID=426) to work on /home/airflow/.local/lib/python3.12/site-packages/airflow/example_dags/example_display_name.py
[2024-07-02T12:10:48.312+0000] {processor.py:830} INFO - Processing file /home/airflow/.local/lib/python3.12/site-packages/airflow/example_dags/example_display_name.py for tasks to queue
[2024-07-02T12:10:48.314+0000] {logging_mixin.py:188} INFO - [2024-07-02T12:10:48.314+0000] {dagbag.py:545} INFO - Filling up the DagBag from /home/airflow/.local/lib/python3.12/site-packages/airflow/example_dags/example_display_name.py
[2024-07-02T12:10:48.319+0000] {processor.py:840} INFO - DAG(s) 'example_display_name' retrieved from /home/airflow/.local/lib/python3.12/site-packages/airflow/example_dags/example_display_name.py
[2024-07-02T12:10:48.337+0000] {logging_mixin.py:188} INFO - [2024-07-02T12:10:48.337+0000] {dag.py:3096} INFO - Sync 1 DAGs
[2024-07-02T12:10:48.348+0000] {logging_mixin.py:188} INFO - [2024-07-02T12:10:48.348+0000] {dag.py:3954} INFO - Setting next_dagrun for example_display_name to None, run_after=None
[2024-07-02T12:10:48.367+0000] {processor.py:183} INFO - Processing /home/airflow/.local/lib/python3.12/site-packages/airflow/example_dags/example_display_name.py took 0.062 seconds
[2024-07-02T12:11:19.116+0000] {processor.py:161} INFO - Started process (PID=490) to work on /home/airflow/.local/lib/python3.12/site-packages/airflow/example_dags/example_display_name.py
[2024-07-02T12:11:19.117+0000] {processor.py:830} INFO - Processing file /home/airflow/.local/lib/python3.12/site-packages/airflow/example_dags/example_display_name.py for tasks to queue
[2024-07-02T12:11:19.120+0000] {logging_mixin.py:188} INFO - [2024-07-02T12:11:19.119+0000] {dagbag.py:545} INFO - Filling up the DagBag from /home/airflow/.local/lib/python3.12/site-packages/airflow/example_dags/example_display_name.py
[2024-07-02T12:11:19.127+0000] {processor.py:840} INFO - DAG(s) 'example_display_name' retrieved from /home/airflow/.local/lib/python3.12/site-packages/airflow/example_dags/example_display_name.py
[2024-07-02T12:11:19.149+0000] {logging_mixin.py:188} INFO - [2024-07-02T12:11:19.148+0000] {dag.py:3096} INFO - Sync 1 DAGs
[2024-07-02T12:11:19.161+0000] {logging_mixin.py:188} INFO - [2024-07-02T12:11:19.161+0000] {dag.py:3954} INFO - Setting next_dagrun for example_display_name to None, run_after=None
[2024-07-02T12:11:19.185+0000] {processor.py:183} INFO - Processing /home/airflow/.local/lib/python3.12/site-packages/airflow/example_dags/example_display_name.py took 0.077 seconds
[2024-07-02T12:11:49.949+0000] {processor.py:161} INFO - Started process (PID=553) to work on /home/airflow/.local/lib/python3.12/site-packages/airflow/example_dags/example_display_name.py
[2024-07-02T12:11:49.952+0000] {processor.py:830} INFO - Processing file /home/airflow/.local/lib/python3.12/site-packages/airflow/example_dags/example_display_name.py for tasks to queue
[2024-07-02T12:11:49.954+0000] {logging_mixin.py:188} INFO - [2024-07-02T12:11:49.954+0000] {dagbag.py:545} INFO - Filling up the DagBag from /home/airflow/.local/lib/python3.12/site-packages/airflow/example_dags/example_display_name.py
[2024-07-02T12:11:49.961+0000] {processor.py:840} INFO - DAG(s) 'example_display_name' retrieved from /home/airflow/.local/lib/python3.12/site-packages/airflow/example_dags/example_display_name.py
[2024-07-02T12:11:49.983+0000] {logging_mixin.py:188} INFO - [2024-07-02T12:11:49.982+0000] {dag.py:3096} INFO - Sync 1 DAGs
[2024-07-02T12:11:49.997+0000] {logging_mixin.py:188} INFO - [2024-07-02T12:11:49.997+0000] {dag.py:3954} INFO - Setting next_dagrun for example_display_name to None, run_after=None
[2024-07-02T12:11:50.024+0000] {processor.py:183} INFO - Processing /home/airflow/.local/lib/python3.12/site-packages/airflow/example_dags/example_display_name.py took 0.084 seconds
[2024-07-02T12:12:20.946+0000] {processor.py:161} INFO - Started process (PID=616) to work on /home/airflow/.local/lib/python3.12/site-packages/airflow/example_dags/example_display_name.py
[2024-07-02T12:12:20.947+0000] {processor.py:830} INFO - Processing file /home/airflow/.local/lib/python3.12/site-packages/airflow/example_dags/example_display_name.py for tasks to queue
[2024-07-02T12:12:20.949+0000] {logging_mixin.py:188} INFO - [2024-07-02T12:12:20.949+0000] {dagbag.py:545} INFO - Filling up the DagBag from /home/airflow/.local/lib/python3.12/site-packages/airflow/example_dags/example_display_name.py
[2024-07-02T12:12:20.955+0000] {processor.py:840} INFO - DAG(s) 'example_display_name' retrieved from /home/airflow/.local/lib/python3.12/site-packages/airflow/example_dags/example_display_name.py
[2024-07-02T12:12:20.976+0000] {logging_mixin.py:188} INFO - [2024-07-02T12:12:20.975+0000] {dag.py:3096} INFO - Sync 1 DAGs
[2024-07-02T12:12:20.987+0000] {logging_mixin.py:188} INFO - [2024-07-02T12:12:20.987+0000] {dag.py:3954} INFO - Setting next_dagrun for example_display_name to None, run_after=None
[2024-07-02T12:12:21.011+0000] {processor.py:183} INFO - Processing /home/airflow/.local/lib/python3.12/site-packages/airflow/example_dags/example_display_name.py took 0.071 seconds
[2024-07-02T12:12:52.385+0000] {processor.py:161} INFO - Started process (PID=679) to work on /home/airflow/.local/lib/python3.12/site-packages/airflow/example_dags/example_display_name.py
[2024-07-02T12:12:52.386+0000] {processor.py:830} INFO - Processing file /home/airflow/.local/lib/python3.12/site-packages/airflow/example_dags/example_display_name.py for tasks to queue
[2024-07-02T12:12:52.389+0000] {logging_mixin.py:188} INFO - [2024-07-02T12:12:52.388+0000] {dagbag.py:545} INFO - Filling up the DagBag from /home/airflow/.local/lib/python3.12/site-packages/airflow/example_dags/example_display_name.py
[2024-07-02T12:12:52.395+0000] {processor.py:840} INFO - DAG(s) 'example_display_name' retrieved from /home/airflow/.local/lib/python3.12/site-packages/airflow/example_dags/example_display_name.py
[2024-07-02T12:12:52.416+0000] {logging_mixin.py:188} INFO - [2024-07-02T12:12:52.416+0000] {dag.py:3096} INFO - Sync 1 DAGs
[2024-07-02T12:12:52.429+0000] {logging_mixin.py:188} INFO - [2024-07-02T12:12:52.429+0000] {dag.py:3954} INFO - Setting next_dagrun for example_display_name to None, run_after=None
[2024-07-02T12:12:52.456+0000] {processor.py:183} INFO - Processing /home/airflow/.local/lib/python3.12/site-packages/airflow/example_dags/example_display_name.py took 0.078 seconds
[2024-07-02T12:13:23.793+0000] {processor.py:161} INFO - Started process (PID=742) to work on /home/airflow/.local/lib/python3.12/site-packages/airflow/example_dags/example_display_name.py
[2024-07-02T12:13:23.794+0000] {processor.py:830} INFO - Processing file /home/airflow/.local/lib/python3.12/site-packages/airflow/example_dags/example_display_name.py for tasks to queue
[2024-07-02T12:13:23.796+0000] {logging_mixin.py:188} INFO - [2024-07-02T12:13:23.796+0000] {dagbag.py:545} INFO - Filling up the DagBag from /home/airflow/.local/lib/python3.12/site-packages/airflow/example_dags/example_display_name.py
[2024-07-02T12:13:23.802+0000] {processor.py:840} INFO - DAG(s) 'example_display_name' retrieved from /home/airflow/.local/lib/python3.12/site-packages/airflow/example_dags/example_display_name.py
[2024-07-02T12:13:23.822+0000] {logging_mixin.py:188} INFO - [2024-07-02T12:13:23.822+0000] {dag.py:3096} INFO - Sync 1 DAGs
[2024-07-02T12:13:23.836+0000] {logging_mixin.py:188} INFO - [2024-07-02T12:13:23.835+0000] {dag.py:3954} INFO - Setting next_dagrun for example_display_name to None, run_after=None
[2024-07-02T12:13:23.859+0000] {processor.py:183} INFO - Processing /home/airflow/.local/lib/python3.12/site-packages/airflow/example_dags/example_display_name.py took 0.072 seconds
[2024-07-02T12:13:54.118+0000] {processor.py:161} INFO - Started process (PID=805) to work on /home/airflow/.local/lib/python3.12/site-packages/airflow/example_dags/example_display_name.py
[2024-07-02T12:13:54.119+0000] {processor.py:830} INFO - Processing file /home/airflow/.local/lib/python3.12/site-packages/airflow/example_dags/example_display_name.py for tasks to queue
[2024-07-02T12:13:54.121+0000] {logging_mixin.py:188} INFO - [2024-07-02T12:13:54.121+0000] {dagbag.py:545} INFO - Filling up the DagBag from /home/airflow/.local/lib/python3.12/site-packages/airflow/example_dags/example_display_name.py
[2024-07-02T12:13:54.126+0000] {processor.py:840} INFO - DAG(s) 'example_display_name' retrieved from /home/airflow/.local/lib/python3.12/site-packages/airflow/example_dags/example_display_name.py
[2024-07-02T12:13:54.146+0000] {logging_mixin.py:188} INFO - [2024-07-02T12:13:54.145+0000] {dag.py:3096} INFO - Sync 1 DAGs
[2024-07-02T12:13:54.158+0000] {logging_mixin.py:188} INFO - [2024-07-02T12:13:54.158+0000] {dag.py:3954} INFO - Setting next_dagrun for example_display_name to None, run_after=None
[2024-07-02T12:13:54.181+0000] {processor.py:183} INFO - Processing /home/airflow/.local/lib/python3.12/site-packages/airflow/example_dags/example_display_name.py took 0.068 seconds
[2024-07-02T12:14:25.336+0000] {processor.py:161} INFO - Started process (PID=868) to work on /home/airflow/.local/lib/python3.12/site-packages/airflow/example_dags/example_display_name.py
[2024-07-02T12:14:25.338+0000] {processor.py:830} INFO - Processing file /home/airflow/.local/lib/python3.12/site-packages/airflow/example_dags/example_display_name.py for tasks to queue
[2024-07-02T12:14:25.340+0000] {logging_mixin.py:188} INFO - [2024-07-02T12:14:25.340+0000] {dagbag.py:545} INFO - Filling up the DagBag from /home/airflow/.local/lib/python3.12/site-packages/airflow/example_dags/example_display_name.py
[2024-07-02T12:14:25.346+0000] {processor.py:840} INFO - DAG(s) 'example_display_name' retrieved from /home/airflow/.local/lib/python3.12/site-packages/airflow/example_dags/example_display_name.py
[2024-07-02T12:14:25.360+0000] {logging_mixin.py:188} INFO - [2024-07-02T12:14:25.359+0000] {dag.py:3096} INFO - Sync 1 DAGs
[2024-07-02T12:14:25.374+0000] {logging_mixin.py:188} INFO - [2024-07-02T12:14:25.373+0000] {dag.py:3954} INFO - Setting next_dagrun for example_display_name to None, run_after=None
[2024-07-02T12:14:25.397+0000] {processor.py:183} INFO - Processing /home/airflow/.local/lib/python3.12/site-packages/airflow/example_dags/example_display_name.py took 0.069 seconds
[2024-07-02T12:14:56.218+0000] {processor.py:161} INFO - Started process (PID=931) to work on /home/airflow/.local/lib/python3.12/site-packages/airflow/example_dags/example_display_name.py
[2024-07-02T12:14:56.219+0000] {processor.py:830} INFO - Processing file /home/airflow/.local/lib/python3.12/site-packages/airflow/example_dags/example_display_name.py for tasks to queue
[2024-07-02T12:14:56.221+0000] {logging_mixin.py:188} INFO - [2024-07-02T12:14:56.220+0000] {dagbag.py:545} INFO - Filling up the DagBag from /home/airflow/.local/lib/python3.12/site-packages/airflow/example_dags/example_display_name.py
[2024-07-02T12:14:56.226+0000] {processor.py:840} INFO - DAG(s) 'example_display_name' retrieved from /home/airflow/.local/lib/python3.12/site-packages/airflow/example_dags/example_display_name.py
[2024-07-02T12:14:56.309+0000] {logging_mixin.py:188} INFO - [2024-07-02T12:14:56.309+0000] {dag.py:3096} INFO - Sync 1 DAGs
[2024-07-02T12:14:56.317+0000] {logging_mixin.py:188} INFO - [2024-07-02T12:14:56.317+0000] {dag.py:3954} INFO - Setting next_dagrun for example_display_name to None, run_after=None
[2024-07-02T12:14:56.339+0000] {processor.py:183} INFO - Processing /home/airflow/.local/lib/python3.12/site-packages/airflow/example_dags/example_display_name.py took 0.127 seconds
[2024-07-02T12:15:26.417+0000] {processor.py:161} INFO - Started process (PID=994) to work on /home/airflow/.local/lib/python3.12/site-packages/airflow/example_dags/example_display_name.py
[2024-07-02T12:15:26.418+0000] {processor.py:830} INFO - Processing file /home/airflow/.local/lib/python3.12/site-packages/airflow/example_dags/example_display_name.py for tasks to queue
[2024-07-02T12:15:26.420+0000] {logging_mixin.py:188} INFO - [2024-07-02T12:15:26.420+0000] {dagbag.py:545} INFO - Filling up the DagBag from /home/airflow/.local/lib/python3.12/site-packages/airflow/example_dags/example_display_name.py
[2024-07-02T12:15:26.425+0000] {processor.py:840} INFO - DAG(s) 'example_display_name' retrieved from /home/airflow/.local/lib/python3.12/site-packages/airflow/example_dags/example_display_name.py
[2024-07-02T12:15:26.442+0000] {logging_mixin.py:188} INFO - [2024-07-02T12:15:26.442+0000] {dag.py:3096} INFO - Sync 1 DAGs
[2024-07-02T12:15:26.452+0000] {logging_mixin.py:188} INFO - [2024-07-02T12:15:26.452+0000] {dag.py:3954} INFO - Setting next_dagrun for example_display_name to None, run_after=None
[2024-07-02T12:15:26.472+0000] {processor.py:183} INFO - Processing /home/airflow/.local/lib/python3.12/site-packages/airflow/example_dags/example_display_name.py took 0.061 seconds
[2024-07-02T12:18:52.051+0000] {processor.py:161} INFO - Started process (PID=51) to work on /home/airflow/.local/lib/python3.12/site-packages/airflow/example_dags/example_display_name.py
[2024-07-02T12:18:52.054+0000] {processor.py:830} INFO - Processing file /home/airflow/.local/lib/python3.12/site-packages/airflow/example_dags/example_display_name.py for tasks to queue
[2024-07-02T12:18:52.058+0000] {logging_mixin.py:188} INFO - [2024-07-02T12:18:52.057+0000] {dagbag.py:545} INFO - Filling up the DagBag from /home/airflow/.local/lib/python3.12/site-packages/airflow/example_dags/example_display_name.py
[2024-07-02T12:18:52.073+0000] {processor.py:840} INFO - DAG(s) 'example_display_name' retrieved from /home/airflow/.local/lib/python3.12/site-packages/airflow/example_dags/example_display_name.py
[2024-07-02T12:18:52.091+0000] {logging_mixin.py:188} INFO - [2024-07-02T12:18:52.091+0000] {dag.py:3096} INFO - Sync 1 DAGs
[2024-07-02T12:18:52.112+0000] {logging_mixin.py:188} INFO - [2024-07-02T12:18:52.111+0000] {dag.py:3954} INFO - Setting next_dagrun for example_display_name to None, run_after=None
[2024-07-02T12:18:52.139+0000] {processor.py:183} INFO - Processing /home/airflow/.local/lib/python3.12/site-packages/airflow/example_dags/example_display_name.py took 0.096 seconds
[2024-07-02T12:19:23.834+0000] {processor.py:161} INFO - Started process (PID=114) to work on /home/airflow/.local/lib/python3.12/site-packages/airflow/example_dags/example_display_name.py
[2024-07-02T12:19:23.836+0000] {processor.py:830} INFO - Processing file /home/airflow/.local/lib/python3.12/site-packages/airflow/example_dags/example_display_name.py for tasks to queue
[2024-07-02T12:19:23.838+0000] {logging_mixin.py:188} INFO - [2024-07-02T12:19:23.838+0000] {dagbag.py:545} INFO - Filling up the DagBag from /home/airflow/.local/lib/python3.12/site-packages/airflow/example_dags/example_display_name.py
[2024-07-02T12:19:23.845+0000] {processor.py:840} INFO - DAG(s) 'example_display_name' retrieved from /home/airflow/.local/lib/python3.12/site-packages/airflow/example_dags/example_display_name.py
[2024-07-02T12:19:23.956+0000] {logging_mixin.py:188} INFO - [2024-07-02T12:19:23.955+0000] {dag.py:3096} INFO - Sync 1 DAGs
[2024-07-02T12:19:23.968+0000] {logging_mixin.py:188} INFO - [2024-07-02T12:19:23.968+0000] {dag.py:3954} INFO - Setting next_dagrun for example_display_name to None, run_after=None
[2024-07-02T12:19:23.999+0000] {processor.py:183} INFO - Processing /home/airflow/.local/lib/python3.12/site-packages/airflow/example_dags/example_display_name.py took 0.171 seconds
[2024-07-02T12:19:54.357+0000] {processor.py:161} INFO - Started process (PID=177) to work on /home/airflow/.local/lib/python3.12/site-packages/airflow/example_dags/example_display_name.py
[2024-07-02T12:19:54.358+0000] {processor.py:830} INFO - Processing file /home/airflow/.local/lib/python3.12/site-packages/airflow/example_dags/example_display_name.py for tasks to queue
[2024-07-02T12:19:54.360+0000] {logging_mixin.py:188} INFO - [2024-07-02T12:19:54.360+0000] {dagbag.py:545} INFO - Filling up the DagBag from /home/airflow/.local/lib/python3.12/site-packages/airflow/example_dags/example_display_name.py
[2024-07-02T12:19:54.366+0000] {processor.py:840} INFO - DAG(s) 'example_display_name' retrieved from /home/airflow/.local/lib/python3.12/site-packages/airflow/example_dags/example_display_name.py
[2024-07-02T12:19:54.386+0000] {logging_mixin.py:188} INFO - [2024-07-02T12:19:54.385+0000] {dag.py:3096} INFO - Sync 1 DAGs
[2024-07-02T12:19:54.397+0000] {logging_mixin.py:188} INFO - [2024-07-02T12:19:54.397+0000] {dag.py:3954} INFO - Setting next_dagrun for example_display_name to None, run_after=None
[2024-07-02T12:19:54.423+0000] {processor.py:183} INFO - Processing /home/airflow/.local/lib/python3.12/site-packages/airflow/example_dags/example_display_name.py took 0.070 seconds
[2024-07-02T12:20:25.160+0000] {processor.py:161} INFO - Started process (PID=240) to work on /home/airflow/.local/lib/python3.12/site-packages/airflow/example_dags/example_display_name.py
[2024-07-02T12:20:25.161+0000] {processor.py:830} INFO - Processing file /home/airflow/.local/lib/python3.12/site-packages/airflow/example_dags/example_display_name.py for tasks to queue
[2024-07-02T12:20:25.163+0000] {logging_mixin.py:188} INFO - [2024-07-02T12:20:25.163+0000] {dagbag.py:545} INFO - Filling up the DagBag from /home/airflow/.local/lib/python3.12/site-packages/airflow/example_dags/example_display_name.py
[2024-07-02T12:20:25.169+0000] {processor.py:840} INFO - DAG(s) 'example_display_name' retrieved from /home/airflow/.local/lib/python3.12/site-packages/airflow/example_dags/example_display_name.py
[2024-07-02T12:20:25.188+0000] {logging_mixin.py:188} INFO - [2024-07-02T12:20:25.187+0000] {dag.py:3096} INFO - Sync 1 DAGs
[2024-07-02T12:20:25.200+0000] {logging_mixin.py:188} INFO - [2024-07-02T12:20:25.199+0000] {dag.py:3954} INFO - Setting next_dagrun for example_display_name to None, run_after=None
[2024-07-02T12:20:25.222+0000] {processor.py:183} INFO - Processing /home/airflow/.local/lib/python3.12/site-packages/airflow/example_dags/example_display_name.py took 0.068 seconds
[2024-07-02T12:20:55.467+0000] {processor.py:161} INFO - Started process (PID=305) to work on /home/airflow/.local/lib/python3.12/site-packages/airflow/example_dags/example_display_name.py
[2024-07-02T12:20:55.469+0000] {processor.py:830} INFO - Processing file /home/airflow/.local/lib/python3.12/site-packages/airflow/example_dags/example_display_name.py for tasks to queue
[2024-07-02T12:20:55.470+0000] {logging_mixin.py:188} INFO - [2024-07-02T12:20:55.470+0000] {dagbag.py:545} INFO - Filling up the DagBag from /home/airflow/.local/lib/python3.12/site-packages/airflow/example_dags/example_display_name.py
[2024-07-02T12:20:55.476+0000] {processor.py:840} INFO - DAG(s) 'example_display_name' retrieved from /home/airflow/.local/lib/python3.12/site-packages/airflow/example_dags/example_display_name.py
[2024-07-02T12:20:55.495+0000] {logging_mixin.py:188} INFO - [2024-07-02T12:20:55.495+0000] {dag.py:3096} INFO - Sync 1 DAGs
[2024-07-02T12:20:55.507+0000] {logging_mixin.py:188} INFO - [2024-07-02T12:20:55.506+0000] {dag.py:3954} INFO - Setting next_dagrun for example_display_name to None, run_after=None
[2024-07-02T12:20:55.528+0000] {processor.py:183} INFO - Processing /home/airflow/.local/lib/python3.12/site-packages/airflow/example_dags/example_display_name.py took 0.065 seconds
[2024-07-02T12:21:26.217+0000] {processor.py:161} INFO - Started process (PID=367) to work on /home/airflow/.local/lib/python3.12/site-packages/airflow/example_dags/example_display_name.py
[2024-07-02T12:21:26.218+0000] {processor.py:830} INFO - Processing file /home/airflow/.local/lib/python3.12/site-packages/airflow/example_dags/example_display_name.py for tasks to queue
[2024-07-02T12:21:26.219+0000] {logging_mixin.py:188} INFO - [2024-07-02T12:21:26.219+0000] {dagbag.py:545} INFO - Filling up the DagBag from /home/airflow/.local/lib/python3.12/site-packages/airflow/example_dags/example_display_name.py
[2024-07-02T12:21:26.224+0000] {processor.py:840} INFO - DAG(s) 'example_display_name' retrieved from /home/airflow/.local/lib/python3.12/site-packages/airflow/example_dags/example_display_name.py
[2024-07-02T12:21:26.242+0000] {logging_mixin.py:188} INFO - [2024-07-02T12:21:26.242+0000] {dag.py:3096} INFO - Sync 1 DAGs
[2024-07-02T12:21:26.253+0000] {logging_mixin.py:188} INFO - [2024-07-02T12:21:26.253+0000] {dag.py:3954} INFO - Setting next_dagrun for example_display_name to None, run_after=None
[2024-07-02T12:21:26.272+0000] {processor.py:183} INFO - Processing /home/airflow/.local/lib/python3.12/site-packages/airflow/example_dags/example_display_name.py took 0.059 seconds
[2024-07-02T12:21:57.270+0000] {processor.py:161} INFO - Started process (PID=431) to work on /home/airflow/.local/lib/python3.12/site-packages/airflow/example_dags/example_display_name.py
[2024-07-02T12:21:57.272+0000] {processor.py:830} INFO - Processing file /home/airflow/.local/lib/python3.12/site-packages/airflow/example_dags/example_display_name.py for tasks to queue
[2024-07-02T12:21:57.274+0000] {logging_mixin.py:188} INFO - [2024-07-02T12:21:57.273+0000] {dagbag.py:545} INFO - Filling up the DagBag from /home/airflow/.local/lib/python3.12/site-packages/airflow/example_dags/example_display_name.py
[2024-07-02T12:21:57.279+0000] {processor.py:840} INFO - DAG(s) 'example_display_name' retrieved from /home/airflow/.local/lib/python3.12/site-packages/airflow/example_dags/example_display_name.py
[2024-07-02T12:21:57.298+0000] {logging_mixin.py:188} INFO - [2024-07-02T12:21:57.298+0000] {dag.py:3096} INFO - Sync 1 DAGs
[2024-07-02T12:21:57.311+0000] {logging_mixin.py:188} INFO - [2024-07-02T12:21:57.310+0000] {dag.py:3954} INFO - Setting next_dagrun for example_display_name to None, run_after=None
[2024-07-02T12:21:57.333+0000] {processor.py:183} INFO - Processing /home/airflow/.local/lib/python3.12/site-packages/airflow/example_dags/example_display_name.py took 0.067 seconds
[2024-07-02T12:22:28.312+0000] {processor.py:161} INFO - Started process (PID=494) to work on /home/airflow/.local/lib/python3.12/site-packages/airflow/example_dags/example_display_name.py
[2024-07-02T12:22:28.313+0000] {processor.py:830} INFO - Processing file /home/airflow/.local/lib/python3.12/site-packages/airflow/example_dags/example_display_name.py for tasks to queue
[2024-07-02T12:22:28.316+0000] {logging_mixin.py:188} INFO - [2024-07-02T12:22:28.315+0000] {dagbag.py:545} INFO - Filling up the DagBag from /home/airflow/.local/lib/python3.12/site-packages/airflow/example_dags/example_display_name.py
[2024-07-02T12:22:28.323+0000] {processor.py:840} INFO - DAG(s) 'example_display_name' retrieved from /home/airflow/.local/lib/python3.12/site-packages/airflow/example_dags/example_display_name.py
[2024-07-02T12:22:28.346+0000] {logging_mixin.py:188} INFO - [2024-07-02T12:22:28.345+0000] {dag.py:3096} INFO - Sync 1 DAGs
[2024-07-02T12:22:28.361+0000] {logging_mixin.py:188} INFO - [2024-07-02T12:22:28.361+0000] {dag.py:3954} INFO - Setting next_dagrun for example_display_name to None, run_after=None
[2024-07-02T12:22:28.390+0000] {processor.py:183} INFO - Processing /home/airflow/.local/lib/python3.12/site-packages/airflow/example_dags/example_display_name.py took 0.087 seconds
[2024-07-02T12:22:58.889+0000] {processor.py:161} INFO - Started process (PID=557) to work on /home/airflow/.local/lib/python3.12/site-packages/airflow/example_dags/example_display_name.py
[2024-07-02T12:22:58.891+0000] {processor.py:830} INFO - Processing file /home/airflow/.local/lib/python3.12/site-packages/airflow/example_dags/example_display_name.py for tasks to queue
[2024-07-02T12:22:58.893+0000] {logging_mixin.py:188} INFO - [2024-07-02T12:22:58.893+0000] {dagbag.py:545} INFO - Filling up the DagBag from /home/airflow/.local/lib/python3.12/site-packages/airflow/example_dags/example_display_name.py
[2024-07-02T12:22:58.901+0000] {processor.py:840} INFO - DAG(s) 'example_display_name' retrieved from /home/airflow/.local/lib/python3.12/site-packages/airflow/example_dags/example_display_name.py
[2024-07-02T12:22:58.929+0000] {logging_mixin.py:188} INFO - [2024-07-02T12:22:58.928+0000] {dag.py:3096} INFO - Sync 1 DAGs
[2024-07-02T12:22:58.946+0000] {logging_mixin.py:188} INFO - [2024-07-02T12:22:58.945+0000] {dag.py:3954} INFO - Setting next_dagrun for example_display_name to None, run_after=None
[2024-07-02T12:22:58.974+0000] {processor.py:183} INFO - Processing /home/airflow/.local/lib/python3.12/site-packages/airflow/example_dags/example_display_name.py took 0.091 seconds
[2024-07-02T12:23:29.555+0000] {processor.py:161} INFO - Started process (PID=620) to work on /home/airflow/.local/lib/python3.12/site-packages/airflow/example_dags/example_display_name.py
[2024-07-02T12:23:29.556+0000] {processor.py:830} INFO - Processing file /home/airflow/.local/lib/python3.12/site-packages/airflow/example_dags/example_display_name.py for tasks to queue
[2024-07-02T12:23:29.561+0000] {logging_mixin.py:188} INFO - [2024-07-02T12:23:29.561+0000] {dagbag.py:545} INFO - Filling up the DagBag from /home/airflow/.local/lib/python3.12/site-packages/airflow/example_dags/example_display_name.py
[2024-07-02T12:23:29.568+0000] {processor.py:840} INFO - DAG(s) 'example_display_name' retrieved from /home/airflow/.local/lib/python3.12/site-packages/airflow/example_dags/example_display_name.py
[2024-07-02T12:23:29.594+0000] {logging_mixin.py:188} INFO - [2024-07-02T12:23:29.594+0000] {dag.py:3096} INFO - Sync 1 DAGs
[2024-07-02T12:23:29.613+0000] {logging_mixin.py:188} INFO - [2024-07-02T12:23:29.613+0000] {dag.py:3954} INFO - Setting next_dagrun for example_display_name to None, run_after=None
[2024-07-02T12:23:29.647+0000] {processor.py:183} INFO - Processing /home/airflow/.local/lib/python3.12/site-packages/airflow/example_dags/example_display_name.py took 0.099 seconds
[2024-07-02T12:37:13.969+0000] {processor.py:161} INFO - Started process (PID=1982) to work on /home/airflow/.local/lib/python3.12/site-packages/airflow/example_dags/example_display_name.py
[2024-07-02T12:37:13.970+0000] {processor.py:830} INFO - Processing file /home/airflow/.local/lib/python3.12/site-packages/airflow/example_dags/example_display_name.py for tasks to queue
[2024-07-02T12:37:13.971+0000] {logging_mixin.py:188} INFO - [2024-07-02T12:37:13.971+0000] {dagbag.py:545} INFO - Filling up the DagBag from /home/airflow/.local/lib/python3.12/site-packages/airflow/example_dags/example_display_name.py
[2024-07-02T12:37:13.975+0000] {processor.py:840} INFO - DAG(s) 'example_display_name' retrieved from /home/airflow/.local/lib/python3.12/site-packages/airflow/example_dags/example_display_name.py
[2024-07-02T12:37:13.995+0000] {logging_mixin.py:188} INFO - [2024-07-02T12:37:13.995+0000] {dag.py:3096} INFO - Sync 1 DAGs
[2024-07-02T12:37:14.005+0000] {logging_mixin.py:188} INFO - [2024-07-02T12:37:14.005+0000] {dag.py:3954} INFO - Setting next_dagrun for example_display_name to None, run_after=None
[2024-07-02T12:37:14.024+0000] {processor.py:183} INFO - Processing /home/airflow/.local/lib/python3.12/site-packages/airflow/example_dags/example_display_name.py took 0.060 seconds
[2024-07-02T12:37:44.733+0000] {processor.py:161} INFO - Started process (PID=2045) to work on /home/airflow/.local/lib/python3.12/site-packages/airflow/example_dags/example_display_name.py
[2024-07-02T12:37:44.735+0000] {processor.py:830} INFO - Processing file /home/airflow/.local/lib/python3.12/site-packages/airflow/example_dags/example_display_name.py for tasks to queue
[2024-07-02T12:37:44.736+0000] {logging_mixin.py:188} INFO - [2024-07-02T12:37:44.735+0000] {dagbag.py:545} INFO - Filling up the DagBag from /home/airflow/.local/lib/python3.12/site-packages/airflow/example_dags/example_display_name.py
[2024-07-02T12:37:44.741+0000] {processor.py:840} INFO - DAG(s) 'example_display_name' retrieved from /home/airflow/.local/lib/python3.12/site-packages/airflow/example_dags/example_display_name.py
[2024-07-02T12:37:44.759+0000] {logging_mixin.py:188} INFO - [2024-07-02T12:37:44.759+0000] {dag.py:3096} INFO - Sync 1 DAGs
[2024-07-02T12:37:44.769+0000] {logging_mixin.py:188} INFO - [2024-07-02T12:37:44.769+0000] {dag.py:3954} INFO - Setting next_dagrun for example_display_name to None, run_after=None
[2024-07-02T12:37:44.788+0000] {processor.py:183} INFO - Processing /home/airflow/.local/lib/python3.12/site-packages/airflow/example_dags/example_display_name.py took 0.059 seconds
[2024-07-02T14:46:54.003+0000] {processor.py:161} INFO - Started process (PID=62) to work on /home/airflow/.local/lib/python3.12/site-packages/airflow/example_dags/example_display_name.py
[2024-07-02T14:46:54.005+0000] {processor.py:830} INFO - Processing file /home/airflow/.local/lib/python3.12/site-packages/airflow/example_dags/example_display_name.py for tasks to queue
[2024-07-02T14:46:54.007+0000] {logging_mixin.py:188} INFO - [2024-07-02T14:46:54.007+0000] {dagbag.py:545} INFO - Filling up the DagBag from /home/airflow/.local/lib/python3.12/site-packages/airflow/example_dags/example_display_name.py
[2024-07-02T14:46:54.016+0000] {processor.py:840} INFO - DAG(s) 'example_display_name' retrieved from /home/airflow/.local/lib/python3.12/site-packages/airflow/example_dags/example_display_name.py
[2024-07-02T14:46:54.134+0000] {logging_mixin.py:188} INFO - [2024-07-02T14:46:54.134+0000] {dag.py:3096} INFO - Sync 1 DAGs
[2024-07-02T14:46:54.147+0000] {logging_mixin.py:188} INFO - [2024-07-02T14:46:54.146+0000] {dag.py:3954} INFO - Setting next_dagrun for example_display_name to None, run_after=None
[2024-07-02T14:46:54.172+0000] {processor.py:183} INFO - Processing /home/airflow/.local/lib/python3.12/site-packages/airflow/example_dags/example_display_name.py took 0.174 seconds
[2024-07-02T14:49:59.015+0000] {processor.py:161} INFO - Started process (PID=69) to work on /home/airflow/.local/lib/python3.12/site-packages/airflow/example_dags/example_display_name.py
[2024-07-02T14:49:59.017+0000] {processor.py:830} INFO - Processing file /home/airflow/.local/lib/python3.12/site-packages/airflow/example_dags/example_display_name.py for tasks to queue
[2024-07-02T14:49:59.019+0000] {logging_mixin.py:188} INFO - [2024-07-02T14:49:59.019+0000] {dagbag.py:545} INFO - Filling up the DagBag from /home/airflow/.local/lib/python3.12/site-packages/airflow/example_dags/example_display_name.py
[2024-07-02T14:49:59.026+0000] {processor.py:840} INFO - DAG(s) 'example_display_name' retrieved from /home/airflow/.local/lib/python3.12/site-packages/airflow/example_dags/example_display_name.py
[2024-07-02T14:49:59.113+0000] {logging_mixin.py:188} INFO - [2024-07-02T14:49:59.112+0000] {dag.py:3096} INFO - Sync 1 DAGs
[2024-07-02T14:49:59.121+0000] {logging_mixin.py:188} INFO - [2024-07-02T14:49:59.121+0000] {dag.py:3954} INFO - Setting next_dagrun for example_display_name to None, run_after=None
[2024-07-02T14:49:59.140+0000] {processor.py:183} INFO - Processing /home/airflow/.local/lib/python3.12/site-packages/airflow/example_dags/example_display_name.py took 0.130 seconds
[2024-07-02T14:50:29.844+0000] {processor.py:161} INFO - Started process (PID=129) to work on /home/airflow/.local/lib/python3.12/site-packages/airflow/example_dags/example_display_name.py
[2024-07-02T14:50:29.845+0000] {processor.py:830} INFO - Processing file /home/airflow/.local/lib/python3.12/site-packages/airflow/example_dags/example_display_name.py for tasks to queue
[2024-07-02T14:50:29.847+0000] {logging_mixin.py:188} INFO - [2024-07-02T14:50:29.847+0000] {dagbag.py:545} INFO - Filling up the DagBag from /home/airflow/.local/lib/python3.12/site-packages/airflow/example_dags/example_display_name.py
[2024-07-02T14:50:29.852+0000] {processor.py:840} INFO - DAG(s) 'example_display_name' retrieved from /home/airflow/.local/lib/python3.12/site-packages/airflow/example_dags/example_display_name.py
[2024-07-02T14:50:29.867+0000] {logging_mixin.py:188} INFO - [2024-07-02T14:50:29.866+0000] {dag.py:3096} INFO - Sync 1 DAGs
[2024-07-02T14:50:29.877+0000] {logging_mixin.py:188} INFO - [2024-07-02T14:50:29.877+0000] {dag.py:3954} INFO - Setting next_dagrun for example_display_name to None, run_after=None
[2024-07-02T14:50:29.895+0000] {processor.py:183} INFO - Processing /home/airflow/.local/lib/python3.12/site-packages/airflow/example_dags/example_display_name.py took 0.056 seconds
[2024-07-02T14:51:00.388+0000] {processor.py:161} INFO - Started process (PID=188) to work on /home/airflow/.local/lib/python3.12/site-packages/airflow/example_dags/example_display_name.py
[2024-07-02T14:51:00.389+0000] {processor.py:830} INFO - Processing file /home/airflow/.local/lib/python3.12/site-packages/airflow/example_dags/example_display_name.py for tasks to queue
[2024-07-02T14:51:00.391+0000] {logging_mixin.py:188} INFO - [2024-07-02T14:51:00.390+0000] {dagbag.py:545} INFO - Filling up the DagBag from /home/airflow/.local/lib/python3.12/site-packages/airflow/example_dags/example_display_name.py
[2024-07-02T14:51:00.396+0000] {processor.py:840} INFO - DAG(s) 'example_display_name' retrieved from /home/airflow/.local/lib/python3.12/site-packages/airflow/example_dags/example_display_name.py
[2024-07-02T14:51:00.419+0000] {logging_mixin.py:188} INFO - [2024-07-02T14:51:00.419+0000] {dag.py:3096} INFO - Sync 1 DAGs
[2024-07-02T14:51:00.434+0000] {logging_mixin.py:188} INFO - [2024-07-02T14:51:00.433+0000] {dag.py:3954} INFO - Setting next_dagrun for example_display_name to None, run_after=None
[2024-07-02T14:51:00.460+0000] {processor.py:183} INFO - Processing /home/airflow/.local/lib/python3.12/site-packages/airflow/example_dags/example_display_name.py took 0.077 seconds
[2024-07-02T14:51:30.660+0000] {processor.py:161} INFO - Started process (PID=246) to work on /home/airflow/.local/lib/python3.12/site-packages/airflow/example_dags/example_display_name.py
[2024-07-02T14:51:30.662+0000] {processor.py:830} INFO - Processing file /home/airflow/.local/lib/python3.12/site-packages/airflow/example_dags/example_display_name.py for tasks to queue
[2024-07-02T14:51:30.663+0000] {logging_mixin.py:188} INFO - [2024-07-02T14:51:30.662+0000] {dagbag.py:545} INFO - Filling up the DagBag from /home/airflow/.local/lib/python3.12/site-packages/airflow/example_dags/example_display_name.py
[2024-07-02T14:51:30.668+0000] {processor.py:840} INFO - DAG(s) 'example_display_name' retrieved from /home/airflow/.local/lib/python3.12/site-packages/airflow/example_dags/example_display_name.py
[2024-07-02T14:51:30.688+0000] {logging_mixin.py:188} INFO - [2024-07-02T14:51:30.687+0000] {dag.py:3096} INFO - Sync 1 DAGs
[2024-07-02T14:51:30.698+0000] {logging_mixin.py:188} INFO - [2024-07-02T14:51:30.698+0000] {dag.py:3954} INFO - Setting next_dagrun for example_display_name to None, run_after=None
[2024-07-02T14:51:30.718+0000] {processor.py:183} INFO - Processing /home/airflow/.local/lib/python3.12/site-packages/airflow/example_dags/example_display_name.py took 0.062 seconds
[2024-07-02T14:52:00.755+0000] {processor.py:161} INFO - Started process (PID=304) to work on /home/airflow/.local/lib/python3.12/site-packages/airflow/example_dags/example_display_name.py
[2024-07-02T14:52:00.757+0000] {processor.py:830} INFO - Processing file /home/airflow/.local/lib/python3.12/site-packages/airflow/example_dags/example_display_name.py for tasks to queue
[2024-07-02T14:52:00.758+0000] {logging_mixin.py:188} INFO - [2024-07-02T14:52:00.758+0000] {dagbag.py:545} INFO - Filling up the DagBag from /home/airflow/.local/lib/python3.12/site-packages/airflow/example_dags/example_display_name.py
[2024-07-02T14:52:00.763+0000] {processor.py:840} INFO - DAG(s) 'example_display_name' retrieved from /home/airflow/.local/lib/python3.12/site-packages/airflow/example_dags/example_display_name.py
[2024-07-02T14:52:00.788+0000] {logging_mixin.py:188} INFO - [2024-07-02T14:52:00.788+0000] {dag.py:3096} INFO - Sync 1 DAGs
[2024-07-02T14:52:00.806+0000] {logging_mixin.py:188} INFO - [2024-07-02T14:52:00.806+0000] {dag.py:3954} INFO - Setting next_dagrun for example_display_name to None, run_after=None
[2024-07-02T14:52:00.831+0000] {processor.py:183} INFO - Processing /home/airflow/.local/lib/python3.12/site-packages/airflow/example_dags/example_display_name.py took 0.081 seconds
[2024-07-02T14:52:31.257+0000] {processor.py:161} INFO - Started process (PID=361) to work on /home/airflow/.local/lib/python3.12/site-packages/airflow/example_dags/example_display_name.py
[2024-07-02T14:52:31.258+0000] {processor.py:830} INFO - Processing file /home/airflow/.local/lib/python3.12/site-packages/airflow/example_dags/example_display_name.py for tasks to queue
[2024-07-02T14:52:31.260+0000] {logging_mixin.py:188} INFO - [2024-07-02T14:52:31.260+0000] {dagbag.py:545} INFO - Filling up the DagBag from /home/airflow/.local/lib/python3.12/site-packages/airflow/example_dags/example_display_name.py
[2024-07-02T14:52:31.266+0000] {processor.py:840} INFO - DAG(s) 'example_display_name' retrieved from /home/airflow/.local/lib/python3.12/site-packages/airflow/example_dags/example_display_name.py
[2024-07-02T14:52:31.287+0000] {logging_mixin.py:188} INFO - [2024-07-02T14:52:31.286+0000] {dag.py:3096} INFO - Sync 1 DAGs
[2024-07-02T14:52:31.299+0000] {logging_mixin.py:188} INFO - [2024-07-02T14:52:31.299+0000] {dag.py:3954} INFO - Setting next_dagrun for example_display_name to None, run_after=None
[2024-07-02T14:52:31.319+0000] {processor.py:183} INFO - Processing /home/airflow/.local/lib/python3.12/site-packages/airflow/example_dags/example_display_name.py took 0.067 seconds
[2024-07-02T14:53:01.481+0000] {processor.py:161} INFO - Started process (PID=419) to work on /home/airflow/.local/lib/python3.12/site-packages/airflow/example_dags/example_display_name.py
[2024-07-02T14:53:01.482+0000] {processor.py:830} INFO - Processing file /home/airflow/.local/lib/python3.12/site-packages/airflow/example_dags/example_display_name.py for tasks to queue
[2024-07-02T14:53:01.484+0000] {logging_mixin.py:188} INFO - [2024-07-02T14:53:01.483+0000] {dagbag.py:545} INFO - Filling up the DagBag from /home/airflow/.local/lib/python3.12/site-packages/airflow/example_dags/example_display_name.py
[2024-07-02T14:53:01.489+0000] {processor.py:840} INFO - DAG(s) 'example_display_name' retrieved from /home/airflow/.local/lib/python3.12/site-packages/airflow/example_dags/example_display_name.py
[2024-07-02T14:53:01.520+0000] {logging_mixin.py:188} INFO - [2024-07-02T14:53:01.520+0000] {dag.py:3096} INFO - Sync 1 DAGs
[2024-07-02T14:53:01.549+0000] {logging_mixin.py:188} INFO - [2024-07-02T14:53:01.548+0000] {dag.py:3954} INFO - Setting next_dagrun for example_display_name to None, run_after=None
[2024-07-02T14:53:01.597+0000] {processor.py:183} INFO - Processing /home/airflow/.local/lib/python3.12/site-packages/airflow/example_dags/example_display_name.py took 0.124 seconds
[2024-07-02T14:53:32.400+0000] {processor.py:161} INFO - Started process (PID=477) to work on /home/airflow/.local/lib/python3.12/site-packages/airflow/example_dags/example_display_name.py
[2024-07-02T14:53:32.401+0000] {processor.py:830} INFO - Processing file /home/airflow/.local/lib/python3.12/site-packages/airflow/example_dags/example_display_name.py for tasks to queue
[2024-07-02T14:53:32.402+0000] {logging_mixin.py:188} INFO - [2024-07-02T14:53:32.402+0000] {dagbag.py:545} INFO - Filling up the DagBag from /home/airflow/.local/lib/python3.12/site-packages/airflow/example_dags/example_display_name.py
[2024-07-02T14:53:32.407+0000] {processor.py:840} INFO - DAG(s) 'example_display_name' retrieved from /home/airflow/.local/lib/python3.12/site-packages/airflow/example_dags/example_display_name.py
[2024-07-02T14:53:32.430+0000] {logging_mixin.py:188} INFO - [2024-07-02T14:53:32.430+0000] {dag.py:3096} INFO - Sync 1 DAGs
[2024-07-02T14:53:32.442+0000] {logging_mixin.py:188} INFO - [2024-07-02T14:53:32.442+0000] {dag.py:3954} INFO - Setting next_dagrun for example_display_name to None, run_after=None
[2024-07-02T14:53:32.466+0000] {processor.py:183} INFO - Processing /home/airflow/.local/lib/python3.12/site-packages/airflow/example_dags/example_display_name.py took 0.072 seconds
[2024-07-02T14:54:02.836+0000] {processor.py:161} INFO - Started process (PID=536) to work on /home/airflow/.local/lib/python3.12/site-packages/airflow/example_dags/example_display_name.py
[2024-07-02T14:54:02.838+0000] {processor.py:830} INFO - Processing file /home/airflow/.local/lib/python3.12/site-packages/airflow/example_dags/example_display_name.py for tasks to queue
[2024-07-02T14:54:02.839+0000] {logging_mixin.py:188} INFO - [2024-07-02T14:54:02.838+0000] {dagbag.py:545} INFO - Filling up the DagBag from /home/airflow/.local/lib/python3.12/site-packages/airflow/example_dags/example_display_name.py
[2024-07-02T14:54:02.843+0000] {processor.py:840} INFO - DAG(s) 'example_display_name' retrieved from /home/airflow/.local/lib/python3.12/site-packages/airflow/example_dags/example_display_name.py
[2024-07-02T14:54:02.863+0000] {logging_mixin.py:188} INFO - [2024-07-02T14:54:02.862+0000] {dag.py:3096} INFO - Sync 1 DAGs
[2024-07-02T14:54:02.872+0000] {logging_mixin.py:188} INFO - [2024-07-02T14:54:02.872+0000] {dag.py:3954} INFO - Setting next_dagrun for example_display_name to None, run_after=None
[2024-07-02T14:54:02.891+0000] {processor.py:183} INFO - Processing /home/airflow/.local/lib/python3.12/site-packages/airflow/example_dags/example_display_name.py took 0.059 seconds
