[2024-07-02T11:48:21.676+0000] {processor.py:161} INFO - Started process (PID=65) to work on /home/airflow/.local/lib/python3.12/site-packages/airflow/example_dags/example_skip_dag.py
[2024-07-02T11:48:21.678+0000] {processor.py:830} INFO - Processing file /home/airflow/.local/lib/python3.12/site-packages/airflow/example_dags/example_skip_dag.py for tasks to queue
[2024-07-02T11:48:21.681+0000] {logging_mixin.py:188} INFO - [2024-07-02T11:48:21.680+0000] {dagbag.py:545} INFO - Filling up the DagBag from /home/airflow/.local/lib/python3.12/site-packages/airflow/example_dags/example_skip_dag.py
[2024-07-02T11:48:21.690+0000] {processor.py:840} INFO - DAG(s) 'example_skip_dag' retrieved from /home/airflow/.local/lib/python3.12/site-packages/airflow/example_dags/example_skip_dag.py
[2024-07-02T11:48:21.723+0000] {logging_mixin.py:188} INFO - [2024-07-02T11:48:21.722+0000] {dag.py:3096} INFO - Sync 1 DAGs
[2024-07-02T11:48:21.757+0000] {logging_mixin.py:188} INFO - [2024-07-02T11:48:21.757+0000] {dag.py:3954} INFO - Setting next_dagrun for example_skip_dag to 2024-07-01 00:00:00+00:00, run_after=2024-07-02 00:00:00+00:00
[2024-07-02T11:48:21.793+0000] {processor.py:183} INFO - Processing /home/airflow/.local/lib/python3.12/site-packages/airflow/example_dags/example_skip_dag.py took 0.125 seconds
[2024-07-02T11:48:52.082+0000] {processor.py:161} INFO - Started process (PID=129) to work on /home/airflow/.local/lib/python3.12/site-packages/airflow/example_dags/example_skip_dag.py
[2024-07-02T11:48:52.084+0000] {processor.py:830} INFO - Processing file /home/airflow/.local/lib/python3.12/site-packages/airflow/example_dags/example_skip_dag.py for tasks to queue
[2024-07-02T11:48:52.085+0000] {logging_mixin.py:188} INFO - [2024-07-02T11:48:52.085+0000] {dagbag.py:545} INFO - Filling up the DagBag from /home/airflow/.local/lib/python3.12/site-packages/airflow/example_dags/example_skip_dag.py
[2024-07-02T11:48:52.091+0000] {processor.py:840} INFO - DAG(s) 'example_skip_dag' retrieved from /home/airflow/.local/lib/python3.12/site-packages/airflow/example_dags/example_skip_dag.py
[2024-07-02T11:48:52.109+0000] {logging_mixin.py:188} INFO - [2024-07-02T11:48:52.109+0000] {dag.py:3096} INFO - Sync 1 DAGs
[2024-07-02T11:48:52.128+0000] {logging_mixin.py:188} INFO - [2024-07-02T11:48:52.127+0000] {dag.py:3954} INFO - Setting next_dagrun for example_skip_dag to 2024-07-01 00:00:00+00:00, run_after=2024-07-02 00:00:00+00:00
[2024-07-02T11:48:52.150+0000] {processor.py:183} INFO - Processing /home/airflow/.local/lib/python3.12/site-packages/airflow/example_dags/example_skip_dag.py took 0.074 seconds
[2024-07-02T11:49:22.490+0000] {processor.py:161} INFO - Started process (PID=191) to work on /home/airflow/.local/lib/python3.12/site-packages/airflow/example_dags/example_skip_dag.py
[2024-07-02T11:49:22.491+0000] {processor.py:830} INFO - Processing file /home/airflow/.local/lib/python3.12/site-packages/airflow/example_dags/example_skip_dag.py for tasks to queue
[2024-07-02T11:49:22.493+0000] {logging_mixin.py:188} INFO - [2024-07-02T11:49:22.493+0000] {dagbag.py:545} INFO - Filling up the DagBag from /home/airflow/.local/lib/python3.12/site-packages/airflow/example_dags/example_skip_dag.py
[2024-07-02T11:49:22.500+0000] {processor.py:840} INFO - DAG(s) 'example_skip_dag' retrieved from /home/airflow/.local/lib/python3.12/site-packages/airflow/example_dags/example_skip_dag.py
[2024-07-02T11:49:22.523+0000] {logging_mixin.py:188} INFO - [2024-07-02T11:49:22.522+0000] {dag.py:3096} INFO - Sync 1 DAGs
[2024-07-02T11:49:22.547+0000] {logging_mixin.py:188} INFO - [2024-07-02T11:49:22.546+0000] {dag.py:3954} INFO - Setting next_dagrun for example_skip_dag to 2024-07-01 00:00:00+00:00, run_after=2024-07-02 00:00:00+00:00
[2024-07-02T11:49:22.568+0000] {processor.py:183} INFO - Processing /home/airflow/.local/lib/python3.12/site-packages/airflow/example_dags/example_skip_dag.py took 0.085 seconds
[2024-07-02T11:49:52.832+0000] {processor.py:161} INFO - Started process (PID=254) to work on /home/airflow/.local/lib/python3.12/site-packages/airflow/example_dags/example_skip_dag.py
[2024-07-02T11:49:52.833+0000] {processor.py:830} INFO - Processing file /home/airflow/.local/lib/python3.12/site-packages/airflow/example_dags/example_skip_dag.py for tasks to queue
[2024-07-02T11:49:52.836+0000] {logging_mixin.py:188} INFO - [2024-07-02T11:49:52.834+0000] {dagbag.py:545} INFO - Filling up the DagBag from /home/airflow/.local/lib/python3.12/site-packages/airflow/example_dags/example_skip_dag.py
[2024-07-02T11:49:52.844+0000] {processor.py:840} INFO - DAG(s) 'example_skip_dag' retrieved from /home/airflow/.local/lib/python3.12/site-packages/airflow/example_dags/example_skip_dag.py
[2024-07-02T11:49:52.869+0000] {logging_mixin.py:188} INFO - [2024-07-02T11:49:52.868+0000] {dag.py:3096} INFO - Sync 1 DAGs
[2024-07-02T11:49:52.888+0000] {logging_mixin.py:188} INFO - [2024-07-02T11:49:52.887+0000] {dag.py:3954} INFO - Setting next_dagrun for example_skip_dag to 2024-07-01 00:00:00+00:00, run_after=2024-07-02 00:00:00+00:00
[2024-07-02T11:49:52.914+0000] {processor.py:183} INFO - Processing /home/airflow/.local/lib/python3.12/site-packages/airflow/example_dags/example_skip_dag.py took 0.090 seconds
[2024-07-02T11:50:23.295+0000] {processor.py:161} INFO - Started process (PID=317) to work on /home/airflow/.local/lib/python3.12/site-packages/airflow/example_dags/example_skip_dag.py
[2024-07-02T11:50:23.296+0000] {processor.py:830} INFO - Processing file /home/airflow/.local/lib/python3.12/site-packages/airflow/example_dags/example_skip_dag.py for tasks to queue
[2024-07-02T11:50:23.297+0000] {logging_mixin.py:188} INFO - [2024-07-02T11:50:23.297+0000] {dagbag.py:545} INFO - Filling up the DagBag from /home/airflow/.local/lib/python3.12/site-packages/airflow/example_dags/example_skip_dag.py
[2024-07-02T11:50:23.304+0000] {processor.py:840} INFO - DAG(s) 'example_skip_dag' retrieved from /home/airflow/.local/lib/python3.12/site-packages/airflow/example_dags/example_skip_dag.py
[2024-07-02T11:50:23.315+0000] {logging_mixin.py:188} INFO - [2024-07-02T11:50:23.315+0000] {dag.py:3096} INFO - Sync 1 DAGs
[2024-07-02T11:50:23.335+0000] {logging_mixin.py:188} INFO - [2024-07-02T11:50:23.335+0000] {dag.py:3954} INFO - Setting next_dagrun for example_skip_dag to 2024-07-01 00:00:00+00:00, run_after=2024-07-02 00:00:00+00:00
[2024-07-02T11:50:23.357+0000] {processor.py:183} INFO - Processing /home/airflow/.local/lib/python3.12/site-packages/airflow/example_dags/example_skip_dag.py took 0.068 seconds
[2024-07-02T11:50:55.205+0000] {processor.py:161} INFO - Started process (PID=380) to work on /home/airflow/.local/lib/python3.12/site-packages/airflow/example_dags/example_skip_dag.py
[2024-07-02T11:50:55.206+0000] {processor.py:830} INFO - Processing file /home/airflow/.local/lib/python3.12/site-packages/airflow/example_dags/example_skip_dag.py for tasks to queue
[2024-07-02T11:50:55.207+0000] {logging_mixin.py:188} INFO - [2024-07-02T11:50:55.207+0000] {dagbag.py:545} INFO - Filling up the DagBag from /home/airflow/.local/lib/python3.12/site-packages/airflow/example_dags/example_skip_dag.py
[2024-07-02T11:50:55.213+0000] {processor.py:840} INFO - DAG(s) 'example_skip_dag' retrieved from /home/airflow/.local/lib/python3.12/site-packages/airflow/example_dags/example_skip_dag.py
[2024-07-02T11:50:55.291+0000] {logging_mixin.py:188} INFO - [2024-07-02T11:50:55.291+0000] {dag.py:3096} INFO - Sync 1 DAGs
[2024-07-02T11:50:55.307+0000] {logging_mixin.py:188} INFO - [2024-07-02T11:50:55.307+0000] {dag.py:3954} INFO - Setting next_dagrun for example_skip_dag to 2024-07-01 00:00:00+00:00, run_after=2024-07-02 00:00:00+00:00
[2024-07-02T11:50:55.327+0000] {processor.py:183} INFO - Processing /home/airflow/.local/lib/python3.12/site-packages/airflow/example_dags/example_skip_dag.py took 0.128 seconds
[2024-07-02T11:51:26.440+0000] {processor.py:161} INFO - Started process (PID=443) to work on /home/airflow/.local/lib/python3.12/site-packages/airflow/example_dags/example_skip_dag.py
[2024-07-02T11:51:26.441+0000] {processor.py:830} INFO - Processing file /home/airflow/.local/lib/python3.12/site-packages/airflow/example_dags/example_skip_dag.py for tasks to queue
[2024-07-02T11:51:26.443+0000] {logging_mixin.py:188} INFO - [2024-07-02T11:51:26.442+0000] {dagbag.py:545} INFO - Filling up the DagBag from /home/airflow/.local/lib/python3.12/site-packages/airflow/example_dags/example_skip_dag.py
[2024-07-02T11:51:26.453+0000] {processor.py:840} INFO - DAG(s) 'example_skip_dag' retrieved from /home/airflow/.local/lib/python3.12/site-packages/airflow/example_dags/example_skip_dag.py
[2024-07-02T11:51:26.485+0000] {logging_mixin.py:188} INFO - [2024-07-02T11:51:26.485+0000] {dag.py:3096} INFO - Sync 1 DAGs
[2024-07-02T11:51:26.513+0000] {logging_mixin.py:188} INFO - [2024-07-02T11:51:26.513+0000] {dag.py:3954} INFO - Setting next_dagrun for example_skip_dag to 2024-07-01 00:00:00+00:00, run_after=2024-07-02 00:00:00+00:00
[2024-07-02T11:51:26.541+0000] {processor.py:183} INFO - Processing /home/airflow/.local/lib/python3.12/site-packages/airflow/example_dags/example_skip_dag.py took 0.111 seconds
[2024-07-02T11:51:57.487+0000] {processor.py:161} INFO - Started process (PID=506) to work on /home/airflow/.local/lib/python3.12/site-packages/airflow/example_dags/example_skip_dag.py
[2024-07-02T11:51:57.488+0000] {processor.py:830} INFO - Processing file /home/airflow/.local/lib/python3.12/site-packages/airflow/example_dags/example_skip_dag.py for tasks to queue
[2024-07-02T11:51:57.490+0000] {logging_mixin.py:188} INFO - [2024-07-02T11:51:57.489+0000] {dagbag.py:545} INFO - Filling up the DagBag from /home/airflow/.local/lib/python3.12/site-packages/airflow/example_dags/example_skip_dag.py
[2024-07-02T11:51:57.496+0000] {processor.py:840} INFO - DAG(s) 'example_skip_dag' retrieved from /home/airflow/.local/lib/python3.12/site-packages/airflow/example_dags/example_skip_dag.py
[2024-07-02T11:51:57.516+0000] {logging_mixin.py:188} INFO - [2024-07-02T11:51:57.516+0000] {dag.py:3096} INFO - Sync 1 DAGs
[2024-07-02T11:51:57.534+0000] {logging_mixin.py:188} INFO - [2024-07-02T11:51:57.534+0000] {dag.py:3954} INFO - Setting next_dagrun for example_skip_dag to 2024-07-01 00:00:00+00:00, run_after=2024-07-02 00:00:00+00:00
[2024-07-02T11:51:57.555+0000] {processor.py:183} INFO - Processing /home/airflow/.local/lib/python3.12/site-packages/airflow/example_dags/example_skip_dag.py took 0.074 seconds
[2024-07-02T11:52:27.972+0000] {processor.py:161} INFO - Started process (PID=569) to work on /home/airflow/.local/lib/python3.12/site-packages/airflow/example_dags/example_skip_dag.py
[2024-07-02T11:52:27.972+0000] {processor.py:830} INFO - Processing file /home/airflow/.local/lib/python3.12/site-packages/airflow/example_dags/example_skip_dag.py for tasks to queue
[2024-07-02T11:52:27.973+0000] {logging_mixin.py:188} INFO - [2024-07-02T11:52:27.973+0000] {dagbag.py:545} INFO - Filling up the DagBag from /home/airflow/.local/lib/python3.12/site-packages/airflow/example_dags/example_skip_dag.py
[2024-07-02T11:52:27.979+0000] {processor.py:840} INFO - DAG(s) 'example_skip_dag' retrieved from /home/airflow/.local/lib/python3.12/site-packages/airflow/example_dags/example_skip_dag.py
[2024-07-02T11:52:27.998+0000] {logging_mixin.py:188} INFO - [2024-07-02T11:52:27.998+0000] {dag.py:3096} INFO - Sync 1 DAGs
[2024-07-02T11:52:28.015+0000] {logging_mixin.py:188} INFO - [2024-07-02T11:52:28.015+0000] {dag.py:3954} INFO - Setting next_dagrun for example_skip_dag to 2024-07-01 00:00:00+00:00, run_after=2024-07-02 00:00:00+00:00
[2024-07-02T11:52:28.036+0000] {processor.py:183} INFO - Processing /home/airflow/.local/lib/python3.12/site-packages/airflow/example_dags/example_skip_dag.py took 0.070 seconds
[2024-07-02T11:52:58.636+0000] {processor.py:161} INFO - Started process (PID=633) to work on /home/airflow/.local/lib/python3.12/site-packages/airflow/example_dags/example_skip_dag.py
[2024-07-02T11:52:58.637+0000] {processor.py:830} INFO - Processing file /home/airflow/.local/lib/python3.12/site-packages/airflow/example_dags/example_skip_dag.py for tasks to queue
[2024-07-02T11:52:58.638+0000] {logging_mixin.py:188} INFO - [2024-07-02T11:52:58.638+0000] {dagbag.py:545} INFO - Filling up the DagBag from /home/airflow/.local/lib/python3.12/site-packages/airflow/example_dags/example_skip_dag.py
[2024-07-02T11:52:58.644+0000] {processor.py:840} INFO - DAG(s) 'example_skip_dag' retrieved from /home/airflow/.local/lib/python3.12/site-packages/airflow/example_dags/example_skip_dag.py
[2024-07-02T11:52:58.662+0000] {logging_mixin.py:188} INFO - [2024-07-02T11:52:58.662+0000] {dag.py:3096} INFO - Sync 1 DAGs
[2024-07-02T11:52:58.682+0000] {logging_mixin.py:188} INFO - [2024-07-02T11:52:58.681+0000] {dag.py:3954} INFO - Setting next_dagrun for example_skip_dag to 2024-07-01 00:00:00+00:00, run_after=2024-07-02 00:00:00+00:00
[2024-07-02T11:52:58.702+0000] {processor.py:183} INFO - Processing /home/airflow/.local/lib/python3.12/site-packages/airflow/example_dags/example_skip_dag.py took 0.071 seconds
[2024-07-02T11:53:29.477+0000] {processor.py:161} INFO - Started process (PID=696) to work on /home/airflow/.local/lib/python3.12/site-packages/airflow/example_dags/example_skip_dag.py
[2024-07-02T11:53:29.478+0000] {processor.py:830} INFO - Processing file /home/airflow/.local/lib/python3.12/site-packages/airflow/example_dags/example_skip_dag.py for tasks to queue
[2024-07-02T11:53:29.479+0000] {logging_mixin.py:188} INFO - [2024-07-02T11:53:29.479+0000] {dagbag.py:545} INFO - Filling up the DagBag from /home/airflow/.local/lib/python3.12/site-packages/airflow/example_dags/example_skip_dag.py
[2024-07-02T11:53:29.485+0000] {processor.py:840} INFO - DAG(s) 'example_skip_dag' retrieved from /home/airflow/.local/lib/python3.12/site-packages/airflow/example_dags/example_skip_dag.py
[2024-07-02T11:53:29.502+0000] {logging_mixin.py:188} INFO - [2024-07-02T11:53:29.502+0000] {dag.py:3096} INFO - Sync 1 DAGs
[2024-07-02T11:53:29.520+0000] {logging_mixin.py:188} INFO - [2024-07-02T11:53:29.520+0000] {dag.py:3954} INFO - Setting next_dagrun for example_skip_dag to 2024-07-01 00:00:00+00:00, run_after=2024-07-02 00:00:00+00:00
[2024-07-02T11:53:29.545+0000] {processor.py:183} INFO - Processing /home/airflow/.local/lib/python3.12/site-packages/airflow/example_dags/example_skip_dag.py took 0.073 seconds
[2024-07-02T11:54:00.140+0000] {processor.py:161} INFO - Started process (PID=759) to work on /home/airflow/.local/lib/python3.12/site-packages/airflow/example_dags/example_skip_dag.py
[2024-07-02T11:54:00.141+0000] {processor.py:830} INFO - Processing file /home/airflow/.local/lib/python3.12/site-packages/airflow/example_dags/example_skip_dag.py for tasks to queue
[2024-07-02T11:54:00.142+0000] {logging_mixin.py:188} INFO - [2024-07-02T11:54:00.142+0000] {dagbag.py:545} INFO - Filling up the DagBag from /home/airflow/.local/lib/python3.12/site-packages/airflow/example_dags/example_skip_dag.py
[2024-07-02T11:54:00.148+0000] {processor.py:840} INFO - DAG(s) 'example_skip_dag' retrieved from /home/airflow/.local/lib/python3.12/site-packages/airflow/example_dags/example_skip_dag.py
[2024-07-02T11:54:00.167+0000] {logging_mixin.py:188} INFO - [2024-07-02T11:54:00.167+0000] {dag.py:3096} INFO - Sync 1 DAGs
[2024-07-02T11:54:00.186+0000] {logging_mixin.py:188} INFO - [2024-07-02T11:54:00.186+0000] {dag.py:3954} INFO - Setting next_dagrun for example_skip_dag to 2024-07-01 00:00:00+00:00, run_after=2024-07-02 00:00:00+00:00
[2024-07-02T11:54:00.206+0000] {processor.py:183} INFO - Processing /home/airflow/.local/lib/python3.12/site-packages/airflow/example_dags/example_skip_dag.py took 0.071 seconds
[2024-07-02T11:54:31.533+0000] {processor.py:161} INFO - Started process (PID=828) to work on /home/airflow/.local/lib/python3.12/site-packages/airflow/example_dags/example_skip_dag.py
[2024-07-02T11:54:31.534+0000] {processor.py:830} INFO - Processing file /home/airflow/.local/lib/python3.12/site-packages/airflow/example_dags/example_skip_dag.py for tasks to queue
[2024-07-02T11:54:31.535+0000] {logging_mixin.py:188} INFO - [2024-07-02T11:54:31.535+0000] {dagbag.py:545} INFO - Filling up the DagBag from /home/airflow/.local/lib/python3.12/site-packages/airflow/example_dags/example_skip_dag.py
[2024-07-02T11:54:31.542+0000] {processor.py:840} INFO - DAG(s) 'example_skip_dag' retrieved from /home/airflow/.local/lib/python3.12/site-packages/airflow/example_dags/example_skip_dag.py
[2024-07-02T11:54:31.562+0000] {logging_mixin.py:188} INFO - [2024-07-02T11:54:31.561+0000] {dag.py:3096} INFO - Sync 1 DAGs
[2024-07-02T11:54:31.581+0000] {logging_mixin.py:188} INFO - [2024-07-02T11:54:31.580+0000] {dag.py:3954} INFO - Setting next_dagrun for example_skip_dag to 2024-07-01 00:00:00+00:00, run_after=2024-07-02 00:00:00+00:00
[2024-07-02T11:54:31.604+0000] {processor.py:183} INFO - Processing /home/airflow/.local/lib/python3.12/site-packages/airflow/example_dags/example_skip_dag.py took 0.076 seconds
[2024-07-02T11:55:03.086+0000] {processor.py:161} INFO - Started process (PID=891) to work on /home/airflow/.local/lib/python3.12/site-packages/airflow/example_dags/example_skip_dag.py
[2024-07-02T11:55:03.087+0000] {processor.py:830} INFO - Processing file /home/airflow/.local/lib/python3.12/site-packages/airflow/example_dags/example_skip_dag.py for tasks to queue
[2024-07-02T11:55:03.089+0000] {logging_mixin.py:188} INFO - [2024-07-02T11:55:03.088+0000] {dagbag.py:545} INFO - Filling up the DagBag from /home/airflow/.local/lib/python3.12/site-packages/airflow/example_dags/example_skip_dag.py
[2024-07-02T11:55:03.096+0000] {processor.py:840} INFO - DAG(s) 'example_skip_dag' retrieved from /home/airflow/.local/lib/python3.12/site-packages/airflow/example_dags/example_skip_dag.py
[2024-07-02T11:55:03.117+0000] {logging_mixin.py:188} INFO - [2024-07-02T11:55:03.117+0000] {dag.py:3096} INFO - Sync 1 DAGs
[2024-07-02T11:55:03.138+0000] {logging_mixin.py:188} INFO - [2024-07-02T11:55:03.138+0000] {dag.py:3954} INFO - Setting next_dagrun for example_skip_dag to 2024-07-01 00:00:00+00:00, run_after=2024-07-02 00:00:00+00:00
[2024-07-02T11:55:03.164+0000] {processor.py:183} INFO - Processing /home/airflow/.local/lib/python3.12/site-packages/airflow/example_dags/example_skip_dag.py took 0.086 seconds
[2024-07-02T11:55:33.832+0000] {processor.py:161} INFO - Started process (PID=954) to work on /home/airflow/.local/lib/python3.12/site-packages/airflow/example_dags/example_skip_dag.py
[2024-07-02T11:55:33.833+0000] {processor.py:830} INFO - Processing file /home/airflow/.local/lib/python3.12/site-packages/airflow/example_dags/example_skip_dag.py for tasks to queue
[2024-07-02T11:55:33.835+0000] {logging_mixin.py:188} INFO - [2024-07-02T11:55:33.834+0000] {dagbag.py:545} INFO - Filling up the DagBag from /home/airflow/.local/lib/python3.12/site-packages/airflow/example_dags/example_skip_dag.py
[2024-07-02T11:55:33.841+0000] {processor.py:840} INFO - DAG(s) 'example_skip_dag' retrieved from /home/airflow/.local/lib/python3.12/site-packages/airflow/example_dags/example_skip_dag.py
[2024-07-02T11:55:33.864+0000] {logging_mixin.py:188} INFO - [2024-07-02T11:55:33.863+0000] {dag.py:3096} INFO - Sync 1 DAGs
[2024-07-02T11:55:33.886+0000] {logging_mixin.py:188} INFO - [2024-07-02T11:55:33.886+0000] {dag.py:3954} INFO - Setting next_dagrun for example_skip_dag to 2024-07-01 00:00:00+00:00, run_after=2024-07-02 00:00:00+00:00
[2024-07-02T11:55:33.909+0000] {processor.py:183} INFO - Processing /home/airflow/.local/lib/python3.12/site-packages/airflow/example_dags/example_skip_dag.py took 0.084 seconds
[2024-07-02T11:56:04.789+0000] {processor.py:161} INFO - Started process (PID=1017) to work on /home/airflow/.local/lib/python3.12/site-packages/airflow/example_dags/example_skip_dag.py
[2024-07-02T11:56:04.790+0000] {processor.py:830} INFO - Processing file /home/airflow/.local/lib/python3.12/site-packages/airflow/example_dags/example_skip_dag.py for tasks to queue
[2024-07-02T11:56:04.791+0000] {logging_mixin.py:188} INFO - [2024-07-02T11:56:04.791+0000] {dagbag.py:545} INFO - Filling up the DagBag from /home/airflow/.local/lib/python3.12/site-packages/airflow/example_dags/example_skip_dag.py
[2024-07-02T11:56:04.798+0000] {processor.py:840} INFO - DAG(s) 'example_skip_dag' retrieved from /home/airflow/.local/lib/python3.12/site-packages/airflow/example_dags/example_skip_dag.py
[2024-07-02T11:56:04.818+0000] {logging_mixin.py:188} INFO - [2024-07-02T11:56:04.818+0000] {dag.py:3096} INFO - Sync 1 DAGs
[2024-07-02T11:56:04.838+0000] {logging_mixin.py:188} INFO - [2024-07-02T11:56:04.838+0000] {dag.py:3954} INFO - Setting next_dagrun for example_skip_dag to 2024-07-01 00:00:00+00:00, run_after=2024-07-02 00:00:00+00:00
[2024-07-02T11:56:04.862+0000] {processor.py:183} INFO - Processing /home/airflow/.local/lib/python3.12/site-packages/airflow/example_dags/example_skip_dag.py took 0.079 seconds
[2024-07-02T11:56:35.684+0000] {processor.py:161} INFO - Started process (PID=1079) to work on /home/airflow/.local/lib/python3.12/site-packages/airflow/example_dags/example_skip_dag.py
[2024-07-02T11:56:35.685+0000] {processor.py:830} INFO - Processing file /home/airflow/.local/lib/python3.12/site-packages/airflow/example_dags/example_skip_dag.py for tasks to queue
[2024-07-02T11:56:35.686+0000] {logging_mixin.py:188} INFO - [2024-07-02T11:56:35.686+0000] {dagbag.py:545} INFO - Filling up the DagBag from /home/airflow/.local/lib/python3.12/site-packages/airflow/example_dags/example_skip_dag.py
[2024-07-02T11:56:35.692+0000] {processor.py:840} INFO - DAG(s) 'example_skip_dag' retrieved from /home/airflow/.local/lib/python3.12/site-packages/airflow/example_dags/example_skip_dag.py
[2024-07-02T11:56:35.713+0000] {logging_mixin.py:188} INFO - [2024-07-02T11:56:35.712+0000] {dag.py:3096} INFO - Sync 1 DAGs
[2024-07-02T11:56:35.733+0000] {logging_mixin.py:188} INFO - [2024-07-02T11:56:35.733+0000] {dag.py:3954} INFO - Setting next_dagrun for example_skip_dag to 2024-07-01 00:00:00+00:00, run_after=2024-07-02 00:00:00+00:00
[2024-07-02T11:56:35.755+0000] {processor.py:183} INFO - Processing /home/airflow/.local/lib/python3.12/site-packages/airflow/example_dags/example_skip_dag.py took 0.077 seconds
[2024-07-02T11:57:06.500+0000] {processor.py:161} INFO - Started process (PID=1142) to work on /home/airflow/.local/lib/python3.12/site-packages/airflow/example_dags/example_skip_dag.py
[2024-07-02T11:57:06.501+0000] {processor.py:830} INFO - Processing file /home/airflow/.local/lib/python3.12/site-packages/airflow/example_dags/example_skip_dag.py for tasks to queue
[2024-07-02T11:57:06.502+0000] {logging_mixin.py:188} INFO - [2024-07-02T11:57:06.502+0000] {dagbag.py:545} INFO - Filling up the DagBag from /home/airflow/.local/lib/python3.12/site-packages/airflow/example_dags/example_skip_dag.py
[2024-07-02T11:57:06.508+0000] {processor.py:840} INFO - DAG(s) 'example_skip_dag' retrieved from /home/airflow/.local/lib/python3.12/site-packages/airflow/example_dags/example_skip_dag.py
[2024-07-02T11:57:06.528+0000] {logging_mixin.py:188} INFO - [2024-07-02T11:57:06.528+0000] {dag.py:3096} INFO - Sync 1 DAGs
[2024-07-02T11:57:06.548+0000] {logging_mixin.py:188} INFO - [2024-07-02T11:57:06.548+0000] {dag.py:3954} INFO - Setting next_dagrun for example_skip_dag to 2024-07-01 00:00:00+00:00, run_after=2024-07-02 00:00:00+00:00
[2024-07-02T11:57:06.572+0000] {processor.py:183} INFO - Processing /home/airflow/.local/lib/python3.12/site-packages/airflow/example_dags/example_skip_dag.py took 0.078 seconds
[2024-07-02T11:57:37.495+0000] {processor.py:161} INFO - Started process (PID=1205) to work on /home/airflow/.local/lib/python3.12/site-packages/airflow/example_dags/example_skip_dag.py
[2024-07-02T11:57:37.497+0000] {processor.py:830} INFO - Processing file /home/airflow/.local/lib/python3.12/site-packages/airflow/example_dags/example_skip_dag.py for tasks to queue
[2024-07-02T11:57:37.498+0000] {logging_mixin.py:188} INFO - [2024-07-02T11:57:37.497+0000] {dagbag.py:545} INFO - Filling up the DagBag from /home/airflow/.local/lib/python3.12/site-packages/airflow/example_dags/example_skip_dag.py
[2024-07-02T11:57:37.504+0000] {processor.py:840} INFO - DAG(s) 'example_skip_dag' retrieved from /home/airflow/.local/lib/python3.12/site-packages/airflow/example_dags/example_skip_dag.py
[2024-07-02T11:57:37.521+0000] {logging_mixin.py:188} INFO - [2024-07-02T11:57:37.521+0000] {dag.py:3096} INFO - Sync 1 DAGs
[2024-07-02T11:57:37.540+0000] {logging_mixin.py:188} INFO - [2024-07-02T11:57:37.540+0000] {dag.py:3954} INFO - Setting next_dagrun for example_skip_dag to 2024-07-01 00:00:00+00:00, run_after=2024-07-02 00:00:00+00:00
[2024-07-02T11:57:37.562+0000] {processor.py:183} INFO - Processing /home/airflow/.local/lib/python3.12/site-packages/airflow/example_dags/example_skip_dag.py took 0.073 seconds
[2024-07-02T11:58:08.277+0000] {processor.py:161} INFO - Started process (PID=1268) to work on /home/airflow/.local/lib/python3.12/site-packages/airflow/example_dags/example_skip_dag.py
[2024-07-02T11:58:08.278+0000] {processor.py:830} INFO - Processing file /home/airflow/.local/lib/python3.12/site-packages/airflow/example_dags/example_skip_dag.py for tasks to queue
[2024-07-02T11:58:08.279+0000] {logging_mixin.py:188} INFO - [2024-07-02T11:58:08.279+0000] {dagbag.py:545} INFO - Filling up the DagBag from /home/airflow/.local/lib/python3.12/site-packages/airflow/example_dags/example_skip_dag.py
[2024-07-02T11:58:08.285+0000] {processor.py:840} INFO - DAG(s) 'example_skip_dag' retrieved from /home/airflow/.local/lib/python3.12/site-packages/airflow/example_dags/example_skip_dag.py
[2024-07-02T11:58:08.303+0000] {logging_mixin.py:188} INFO - [2024-07-02T11:58:08.303+0000] {dag.py:3096} INFO - Sync 1 DAGs
[2024-07-02T11:58:08.322+0000] {logging_mixin.py:188} INFO - [2024-07-02T11:58:08.322+0000] {dag.py:3954} INFO - Setting next_dagrun for example_skip_dag to 2024-07-01 00:00:00+00:00, run_after=2024-07-02 00:00:00+00:00
[2024-07-02T11:58:08.341+0000] {processor.py:183} INFO - Processing /home/airflow/.local/lib/python3.12/site-packages/airflow/example_dags/example_skip_dag.py took 0.070 seconds
[2024-07-02T11:58:38.979+0000] {processor.py:161} INFO - Started process (PID=1331) to work on /home/airflow/.local/lib/python3.12/site-packages/airflow/example_dags/example_skip_dag.py
[2024-07-02T11:58:38.980+0000] {processor.py:830} INFO - Processing file /home/airflow/.local/lib/python3.12/site-packages/airflow/example_dags/example_skip_dag.py for tasks to queue
[2024-07-02T11:58:38.981+0000] {logging_mixin.py:188} INFO - [2024-07-02T11:58:38.981+0000] {dagbag.py:545} INFO - Filling up the DagBag from /home/airflow/.local/lib/python3.12/site-packages/airflow/example_dags/example_skip_dag.py
[2024-07-02T11:58:38.987+0000] {processor.py:840} INFO - DAG(s) 'example_skip_dag' retrieved from /home/airflow/.local/lib/python3.12/site-packages/airflow/example_dags/example_skip_dag.py
[2024-07-02T11:58:39.005+0000] {logging_mixin.py:188} INFO - [2024-07-02T11:58:39.005+0000] {dag.py:3096} INFO - Sync 1 DAGs
[2024-07-02T11:58:39.025+0000] {logging_mixin.py:188} INFO - [2024-07-02T11:58:39.024+0000] {dag.py:3954} INFO - Setting next_dagrun for example_skip_dag to 2024-07-01 00:00:00+00:00, run_after=2024-07-02 00:00:00+00:00
[2024-07-02T11:58:39.044+0000] {processor.py:183} INFO - Processing /home/airflow/.local/lib/python3.12/site-packages/airflow/example_dags/example_skip_dag.py took 0.071 seconds
[2024-07-02T11:59:09.471+0000] {processor.py:161} INFO - Started process (PID=1394) to work on /home/airflow/.local/lib/python3.12/site-packages/airflow/example_dags/example_skip_dag.py
[2024-07-02T11:59:09.472+0000] {processor.py:830} INFO - Processing file /home/airflow/.local/lib/python3.12/site-packages/airflow/example_dags/example_skip_dag.py for tasks to queue
[2024-07-02T11:59:09.473+0000] {logging_mixin.py:188} INFO - [2024-07-02T11:59:09.473+0000] {dagbag.py:545} INFO - Filling up the DagBag from /home/airflow/.local/lib/python3.12/site-packages/airflow/example_dags/example_skip_dag.py
[2024-07-02T11:59:09.479+0000] {processor.py:840} INFO - DAG(s) 'example_skip_dag' retrieved from /home/airflow/.local/lib/python3.12/site-packages/airflow/example_dags/example_skip_dag.py
[2024-07-02T11:59:09.497+0000] {logging_mixin.py:188} INFO - [2024-07-02T11:59:09.497+0000] {dag.py:3096} INFO - Sync 1 DAGs
[2024-07-02T11:59:09.515+0000] {logging_mixin.py:188} INFO - [2024-07-02T11:59:09.514+0000] {dag.py:3954} INFO - Setting next_dagrun for example_skip_dag to 2024-07-01 00:00:00+00:00, run_after=2024-07-02 00:00:00+00:00
[2024-07-02T11:59:09.539+0000] {processor.py:183} INFO - Processing /home/airflow/.local/lib/python3.12/site-packages/airflow/example_dags/example_skip_dag.py took 0.075 seconds
[2024-07-02T11:59:40.723+0000] {processor.py:161} INFO - Started process (PID=1457) to work on /home/airflow/.local/lib/python3.12/site-packages/airflow/example_dags/example_skip_dag.py
[2024-07-02T11:59:40.724+0000] {processor.py:830} INFO - Processing file /home/airflow/.local/lib/python3.12/site-packages/airflow/example_dags/example_skip_dag.py for tasks to queue
[2024-07-02T11:59:40.725+0000] {logging_mixin.py:188} INFO - [2024-07-02T11:59:40.725+0000] {dagbag.py:545} INFO - Filling up the DagBag from /home/airflow/.local/lib/python3.12/site-packages/airflow/example_dags/example_skip_dag.py
[2024-07-02T11:59:40.731+0000] {processor.py:840} INFO - DAG(s) 'example_skip_dag' retrieved from /home/airflow/.local/lib/python3.12/site-packages/airflow/example_dags/example_skip_dag.py
[2024-07-02T11:59:40.749+0000] {logging_mixin.py:188} INFO - [2024-07-02T11:59:40.749+0000] {dag.py:3096} INFO - Sync 1 DAGs
[2024-07-02T11:59:40.768+0000] {logging_mixin.py:188} INFO - [2024-07-02T11:59:40.768+0000] {dag.py:3954} INFO - Setting next_dagrun for example_skip_dag to 2024-07-01 00:00:00+00:00, run_after=2024-07-02 00:00:00+00:00
[2024-07-02T11:59:40.786+0000] {processor.py:183} INFO - Processing /home/airflow/.local/lib/python3.12/site-packages/airflow/example_dags/example_skip_dag.py took 0.069 seconds
[2024-07-02T12:00:11.346+0000] {processor.py:161} INFO - Started process (PID=1520) to work on /home/airflow/.local/lib/python3.12/site-packages/airflow/example_dags/example_skip_dag.py
[2024-07-02T12:00:11.348+0000] {processor.py:830} INFO - Processing file /home/airflow/.local/lib/python3.12/site-packages/airflow/example_dags/example_skip_dag.py for tasks to queue
[2024-07-02T12:00:11.349+0000] {logging_mixin.py:188} INFO - [2024-07-02T12:00:11.348+0000] {dagbag.py:545} INFO - Filling up the DagBag from /home/airflow/.local/lib/python3.12/site-packages/airflow/example_dags/example_skip_dag.py
[2024-07-02T12:00:11.355+0000] {processor.py:840} INFO - DAG(s) 'example_skip_dag' retrieved from /home/airflow/.local/lib/python3.12/site-packages/airflow/example_dags/example_skip_dag.py
[2024-07-02T12:00:11.374+0000] {logging_mixin.py:188} INFO - [2024-07-02T12:00:11.374+0000] {dag.py:3096} INFO - Sync 1 DAGs
[2024-07-02T12:00:11.391+0000] {logging_mixin.py:188} INFO - [2024-07-02T12:00:11.391+0000] {dag.py:3954} INFO - Setting next_dagrun for example_skip_dag to 2024-07-01 00:00:00+00:00, run_after=2024-07-02 00:00:00+00:00
[2024-07-02T12:00:11.409+0000] {processor.py:183} INFO - Processing /home/airflow/.local/lib/python3.12/site-packages/airflow/example_dags/example_skip_dag.py took 0.067 seconds
[2024-07-02T12:00:42.656+0000] {processor.py:161} INFO - Started process (PID=1583) to work on /home/airflow/.local/lib/python3.12/site-packages/airflow/example_dags/example_skip_dag.py
[2024-07-02T12:00:42.657+0000] {processor.py:830} INFO - Processing file /home/airflow/.local/lib/python3.12/site-packages/airflow/example_dags/example_skip_dag.py for tasks to queue
[2024-07-02T12:00:42.659+0000] {logging_mixin.py:188} INFO - [2024-07-02T12:00:42.658+0000] {dagbag.py:545} INFO - Filling up the DagBag from /home/airflow/.local/lib/python3.12/site-packages/airflow/example_dags/example_skip_dag.py
[2024-07-02T12:00:42.664+0000] {processor.py:840} INFO - DAG(s) 'example_skip_dag' retrieved from /home/airflow/.local/lib/python3.12/site-packages/airflow/example_dags/example_skip_dag.py
[2024-07-02T12:00:42.685+0000] {logging_mixin.py:188} INFO - [2024-07-02T12:00:42.685+0000] {dag.py:3096} INFO - Sync 1 DAGs
[2024-07-02T12:00:42.706+0000] {logging_mixin.py:188} INFO - [2024-07-02T12:00:42.706+0000] {dag.py:3954} INFO - Setting next_dagrun for example_skip_dag to 2024-07-01 00:00:00+00:00, run_after=2024-07-02 00:00:00+00:00
[2024-07-02T12:00:42.734+0000] {processor.py:183} INFO - Processing /home/airflow/.local/lib/python3.12/site-packages/airflow/example_dags/example_skip_dag.py took 0.083 seconds
[2024-07-02T12:01:13.271+0000] {processor.py:161} INFO - Started process (PID=1646) to work on /home/airflow/.local/lib/python3.12/site-packages/airflow/example_dags/example_skip_dag.py
[2024-07-02T12:01:13.272+0000] {processor.py:830} INFO - Processing file /home/airflow/.local/lib/python3.12/site-packages/airflow/example_dags/example_skip_dag.py for tasks to queue
[2024-07-02T12:01:13.273+0000] {logging_mixin.py:188} INFO - [2024-07-02T12:01:13.273+0000] {dagbag.py:545} INFO - Filling up the DagBag from /home/airflow/.local/lib/python3.12/site-packages/airflow/example_dags/example_skip_dag.py
[2024-07-02T12:01:13.279+0000] {processor.py:840} INFO - DAG(s) 'example_skip_dag' retrieved from /home/airflow/.local/lib/python3.12/site-packages/airflow/example_dags/example_skip_dag.py
[2024-07-02T12:01:13.300+0000] {logging_mixin.py:188} INFO - [2024-07-02T12:01:13.299+0000] {dag.py:3096} INFO - Sync 1 DAGs
[2024-07-02T12:01:13.319+0000] {logging_mixin.py:188} INFO - [2024-07-02T12:01:13.319+0000] {dag.py:3954} INFO - Setting next_dagrun for example_skip_dag to 2024-07-01 00:00:00+00:00, run_after=2024-07-02 00:00:00+00:00
[2024-07-02T12:01:13.339+0000] {processor.py:183} INFO - Processing /home/airflow/.local/lib/python3.12/site-packages/airflow/example_dags/example_skip_dag.py took 0.074 seconds
[2024-07-02T12:01:45.319+0000] {processor.py:161} INFO - Started process (PID=1709) to work on /home/airflow/.local/lib/python3.12/site-packages/airflow/example_dags/example_skip_dag.py
[2024-07-02T12:01:45.320+0000] {processor.py:830} INFO - Processing file /home/airflow/.local/lib/python3.12/site-packages/airflow/example_dags/example_skip_dag.py for tasks to queue
[2024-07-02T12:01:45.321+0000] {logging_mixin.py:188} INFO - [2024-07-02T12:01:45.321+0000] {dagbag.py:545} INFO - Filling up the DagBag from /home/airflow/.local/lib/python3.12/site-packages/airflow/example_dags/example_skip_dag.py
[2024-07-02T12:01:45.328+0000] {processor.py:840} INFO - DAG(s) 'example_skip_dag' retrieved from /home/airflow/.local/lib/python3.12/site-packages/airflow/example_dags/example_skip_dag.py
[2024-07-02T12:01:45.346+0000] {logging_mixin.py:188} INFO - [2024-07-02T12:01:45.346+0000] {dag.py:3096} INFO - Sync 1 DAGs
[2024-07-02T12:01:45.365+0000] {logging_mixin.py:188} INFO - [2024-07-02T12:01:45.365+0000] {dag.py:3954} INFO - Setting next_dagrun for example_skip_dag to 2024-07-01 00:00:00+00:00, run_after=2024-07-02 00:00:00+00:00
[2024-07-02T12:01:45.386+0000] {processor.py:183} INFO - Processing /home/airflow/.local/lib/python3.12/site-packages/airflow/example_dags/example_skip_dag.py took 0.075 seconds
[2024-07-02T12:02:16.116+0000] {processor.py:161} INFO - Started process (PID=1772) to work on /home/airflow/.local/lib/python3.12/site-packages/airflow/example_dags/example_skip_dag.py
[2024-07-02T12:02:16.117+0000] {processor.py:830} INFO - Processing file /home/airflow/.local/lib/python3.12/site-packages/airflow/example_dags/example_skip_dag.py for tasks to queue
[2024-07-02T12:02:16.118+0000] {logging_mixin.py:188} INFO - [2024-07-02T12:02:16.118+0000] {dagbag.py:545} INFO - Filling up the DagBag from /home/airflow/.local/lib/python3.12/site-packages/airflow/example_dags/example_skip_dag.py
[2024-07-02T12:02:16.124+0000] {processor.py:840} INFO - DAG(s) 'example_skip_dag' retrieved from /home/airflow/.local/lib/python3.12/site-packages/airflow/example_dags/example_skip_dag.py
[2024-07-02T12:02:16.142+0000] {logging_mixin.py:188} INFO - [2024-07-02T12:02:16.142+0000] {dag.py:3096} INFO - Sync 1 DAGs
[2024-07-02T12:02:16.160+0000] {logging_mixin.py:188} INFO - [2024-07-02T12:02:16.160+0000] {dag.py:3954} INFO - Setting next_dagrun for example_skip_dag to 2024-07-01 00:00:00+00:00, run_after=2024-07-02 00:00:00+00:00
[2024-07-02T12:02:16.181+0000] {processor.py:183} INFO - Processing /home/airflow/.local/lib/python3.12/site-packages/airflow/example_dags/example_skip_dag.py took 0.073 seconds
[2024-07-02T12:02:46.410+0000] {processor.py:161} INFO - Started process (PID=1835) to work on /home/airflow/.local/lib/python3.12/site-packages/airflow/example_dags/example_skip_dag.py
[2024-07-02T12:02:46.411+0000] {processor.py:830} INFO - Processing file /home/airflow/.local/lib/python3.12/site-packages/airflow/example_dags/example_skip_dag.py for tasks to queue
[2024-07-02T12:02:46.412+0000] {logging_mixin.py:188} INFO - [2024-07-02T12:02:46.412+0000] {dagbag.py:545} INFO - Filling up the DagBag from /home/airflow/.local/lib/python3.12/site-packages/airflow/example_dags/example_skip_dag.py
[2024-07-02T12:02:46.418+0000] {processor.py:840} INFO - DAG(s) 'example_skip_dag' retrieved from /home/airflow/.local/lib/python3.12/site-packages/airflow/example_dags/example_skip_dag.py
[2024-07-02T12:02:46.436+0000] {logging_mixin.py:188} INFO - [2024-07-02T12:02:46.436+0000] {dag.py:3096} INFO - Sync 1 DAGs
[2024-07-02T12:02:46.453+0000] {logging_mixin.py:188} INFO - [2024-07-02T12:02:46.453+0000] {dag.py:3954} INFO - Setting next_dagrun for example_skip_dag to 2024-07-01 00:00:00+00:00, run_after=2024-07-02 00:00:00+00:00
[2024-07-02T12:02:46.471+0000] {processor.py:183} INFO - Processing /home/airflow/.local/lib/python3.12/site-packages/airflow/example_dags/example_skip_dag.py took 0.070 seconds
[2024-07-02T12:03:16.986+0000] {processor.py:161} INFO - Started process (PID=1898) to work on /home/airflow/.local/lib/python3.12/site-packages/airflow/example_dags/example_skip_dag.py
[2024-07-02T12:03:16.987+0000] {processor.py:830} INFO - Processing file /home/airflow/.local/lib/python3.12/site-packages/airflow/example_dags/example_skip_dag.py for tasks to queue
[2024-07-02T12:03:16.988+0000] {logging_mixin.py:188} INFO - [2024-07-02T12:03:16.988+0000] {dagbag.py:545} INFO - Filling up the DagBag from /home/airflow/.local/lib/python3.12/site-packages/airflow/example_dags/example_skip_dag.py
[2024-07-02T12:03:16.995+0000] {processor.py:840} INFO - DAG(s) 'example_skip_dag' retrieved from /home/airflow/.local/lib/python3.12/site-packages/airflow/example_dags/example_skip_dag.py
[2024-07-02T12:03:17.014+0000] {logging_mixin.py:188} INFO - [2024-07-02T12:03:17.014+0000] {dag.py:3096} INFO - Sync 1 DAGs
[2024-07-02T12:03:17.035+0000] {logging_mixin.py:188} INFO - [2024-07-02T12:03:17.034+0000] {dag.py:3954} INFO - Setting next_dagrun for example_skip_dag to 2024-07-01 00:00:00+00:00, run_after=2024-07-02 00:00:00+00:00
[2024-07-02T12:03:17.056+0000] {processor.py:183} INFO - Processing /home/airflow/.local/lib/python3.12/site-packages/airflow/example_dags/example_skip_dag.py took 0.078 seconds
[2024-07-02T12:03:48.011+0000] {processor.py:161} INFO - Started process (PID=1961) to work on /home/airflow/.local/lib/python3.12/site-packages/airflow/example_dags/example_skip_dag.py
[2024-07-02T12:03:48.012+0000] {processor.py:830} INFO - Processing file /home/airflow/.local/lib/python3.12/site-packages/airflow/example_dags/example_skip_dag.py for tasks to queue
[2024-07-02T12:03:48.013+0000] {logging_mixin.py:188} INFO - [2024-07-02T12:03:48.013+0000] {dagbag.py:545} INFO - Filling up the DagBag from /home/airflow/.local/lib/python3.12/site-packages/airflow/example_dags/example_skip_dag.py
[2024-07-02T12:03:48.020+0000] {processor.py:840} INFO - DAG(s) 'example_skip_dag' retrieved from /home/airflow/.local/lib/python3.12/site-packages/airflow/example_dags/example_skip_dag.py
[2024-07-02T12:03:48.040+0000] {logging_mixin.py:188} INFO - [2024-07-02T12:03:48.040+0000] {dag.py:3096} INFO - Sync 1 DAGs
[2024-07-02T12:03:48.060+0000] {logging_mixin.py:188} INFO - [2024-07-02T12:03:48.060+0000] {dag.py:3954} INFO - Setting next_dagrun for example_skip_dag to 2024-07-01 00:00:00+00:00, run_after=2024-07-02 00:00:00+00:00
[2024-07-02T12:03:48.080+0000] {processor.py:183} INFO - Processing /home/airflow/.local/lib/python3.12/site-packages/airflow/example_dags/example_skip_dag.py took 0.079 seconds
[2024-07-02T12:04:18.513+0000] {processor.py:161} INFO - Started process (PID=2024) to work on /home/airflow/.local/lib/python3.12/site-packages/airflow/example_dags/example_skip_dag.py
[2024-07-02T12:04:18.514+0000] {processor.py:830} INFO - Processing file /home/airflow/.local/lib/python3.12/site-packages/airflow/example_dags/example_skip_dag.py for tasks to queue
[2024-07-02T12:04:18.515+0000] {logging_mixin.py:188} INFO - [2024-07-02T12:04:18.515+0000] {dagbag.py:545} INFO - Filling up the DagBag from /home/airflow/.local/lib/python3.12/site-packages/airflow/example_dags/example_skip_dag.py
[2024-07-02T12:04:18.522+0000] {processor.py:840} INFO - DAG(s) 'example_skip_dag' retrieved from /home/airflow/.local/lib/python3.12/site-packages/airflow/example_dags/example_skip_dag.py
[2024-07-02T12:04:18.542+0000] {logging_mixin.py:188} INFO - [2024-07-02T12:04:18.542+0000] {dag.py:3096} INFO - Sync 1 DAGs
[2024-07-02T12:04:18.562+0000] {logging_mixin.py:188} INFO - [2024-07-02T12:04:18.561+0000] {dag.py:3954} INFO - Setting next_dagrun for example_skip_dag to 2024-07-01 00:00:00+00:00, run_after=2024-07-02 00:00:00+00:00
[2024-07-02T12:04:18.582+0000] {processor.py:183} INFO - Processing /home/airflow/.local/lib/python3.12/site-packages/airflow/example_dags/example_skip_dag.py took 0.078 seconds
[2024-07-02T12:04:48.984+0000] {processor.py:161} INFO - Started process (PID=2086) to work on /home/airflow/.local/lib/python3.12/site-packages/airflow/example_dags/example_skip_dag.py
[2024-07-02T12:04:48.985+0000] {processor.py:830} INFO - Processing file /home/airflow/.local/lib/python3.12/site-packages/airflow/example_dags/example_skip_dag.py for tasks to queue
[2024-07-02T12:04:48.986+0000] {logging_mixin.py:188} INFO - [2024-07-02T12:04:48.986+0000] {dagbag.py:545} INFO - Filling up the DagBag from /home/airflow/.local/lib/python3.12/site-packages/airflow/example_dags/example_skip_dag.py
[2024-07-02T12:04:48.992+0000] {processor.py:840} INFO - DAG(s) 'example_skip_dag' retrieved from /home/airflow/.local/lib/python3.12/site-packages/airflow/example_dags/example_skip_dag.py
[2024-07-02T12:04:49.012+0000] {logging_mixin.py:188} INFO - [2024-07-02T12:04:49.012+0000] {dag.py:3096} INFO - Sync 1 DAGs
[2024-07-02T12:04:49.033+0000] {logging_mixin.py:188} INFO - [2024-07-02T12:04:49.033+0000] {dag.py:3954} INFO - Setting next_dagrun for example_skip_dag to 2024-07-01 00:00:00+00:00, run_after=2024-07-02 00:00:00+00:00
[2024-07-02T12:04:49.057+0000] {processor.py:183} INFO - Processing /home/airflow/.local/lib/python3.12/site-packages/airflow/example_dags/example_skip_dag.py took 0.082 seconds
[2024-07-02T12:05:19.803+0000] {processor.py:161} INFO - Started process (PID=2149) to work on /home/airflow/.local/lib/python3.12/site-packages/airflow/example_dags/example_skip_dag.py
[2024-07-02T12:05:19.805+0000] {processor.py:830} INFO - Processing file /home/airflow/.local/lib/python3.12/site-packages/airflow/example_dags/example_skip_dag.py for tasks to queue
[2024-07-02T12:05:19.806+0000] {logging_mixin.py:188} INFO - [2024-07-02T12:05:19.805+0000] {dagbag.py:545} INFO - Filling up the DagBag from /home/airflow/.local/lib/python3.12/site-packages/airflow/example_dags/example_skip_dag.py
[2024-07-02T12:05:19.812+0000] {processor.py:840} INFO - DAG(s) 'example_skip_dag' retrieved from /home/airflow/.local/lib/python3.12/site-packages/airflow/example_dags/example_skip_dag.py
[2024-07-02T12:05:19.834+0000] {logging_mixin.py:188} INFO - [2024-07-02T12:05:19.833+0000] {dag.py:3096} INFO - Sync 1 DAGs
[2024-07-02T12:05:19.856+0000] {logging_mixin.py:188} INFO - [2024-07-02T12:05:19.856+0000] {dag.py:3954} INFO - Setting next_dagrun for example_skip_dag to 2024-07-01 00:00:00+00:00, run_after=2024-07-02 00:00:00+00:00
[2024-07-02T12:05:19.875+0000] {processor.py:183} INFO - Processing /home/airflow/.local/lib/python3.12/site-packages/airflow/example_dags/example_skip_dag.py took 0.081 seconds
[2024-07-02T12:07:43.387+0000] {processor.py:161} INFO - Started process (PID=57) to work on /home/airflow/.local/lib/python3.12/site-packages/airflow/example_dags/example_skip_dag.py
[2024-07-02T12:07:43.390+0000] {processor.py:830} INFO - Processing file /home/airflow/.local/lib/python3.12/site-packages/airflow/example_dags/example_skip_dag.py for tasks to queue
[2024-07-02T12:07:43.393+0000] {logging_mixin.py:188} INFO - [2024-07-02T12:07:43.392+0000] {dagbag.py:545} INFO - Filling up the DagBag from /home/airflow/.local/lib/python3.12/site-packages/airflow/example_dags/example_skip_dag.py
[2024-07-02T12:07:43.398+0000] {processor.py:840} INFO - DAG(s) 'example_skip_dag' retrieved from /home/airflow/.local/lib/python3.12/site-packages/airflow/example_dags/example_skip_dag.py
[2024-07-02T12:07:43.412+0000] {logging_mixin.py:188} INFO - [2024-07-02T12:07:43.412+0000] {dag.py:3096} INFO - Sync 1 DAGs
[2024-07-02T12:07:43.436+0000] {logging_mixin.py:188} INFO - [2024-07-02T12:07:43.435+0000] {dag.py:3954} INFO - Setting next_dagrun for example_skip_dag to 2024-07-01 00:00:00+00:00, run_after=2024-07-02 00:00:00+00:00
[2024-07-02T12:07:43.461+0000] {processor.py:183} INFO - Processing /home/airflow/.local/lib/python3.12/site-packages/airflow/example_dags/example_skip_dag.py took 0.080 seconds
[2024-07-02T12:08:14.436+0000] {processor.py:161} INFO - Started process (PID=120) to work on /home/airflow/.local/lib/python3.12/site-packages/airflow/example_dags/example_skip_dag.py
[2024-07-02T12:08:14.438+0000] {processor.py:830} INFO - Processing file /home/airflow/.local/lib/python3.12/site-packages/airflow/example_dags/example_skip_dag.py for tasks to queue
[2024-07-02T12:08:14.440+0000] {logging_mixin.py:188} INFO - [2024-07-02T12:08:14.440+0000] {dagbag.py:545} INFO - Filling up the DagBag from /home/airflow/.local/lib/python3.12/site-packages/airflow/example_dags/example_skip_dag.py
[2024-07-02T12:08:14.445+0000] {processor.py:840} INFO - DAG(s) 'example_skip_dag' retrieved from /home/airflow/.local/lib/python3.12/site-packages/airflow/example_dags/example_skip_dag.py
[2024-07-02T12:08:14.524+0000] {logging_mixin.py:188} INFO - [2024-07-02T12:08:14.523+0000] {dag.py:3096} INFO - Sync 1 DAGs
[2024-07-02T12:08:14.542+0000] {logging_mixin.py:188} INFO - [2024-07-02T12:08:14.541+0000] {dag.py:3954} INFO - Setting next_dagrun for example_skip_dag to 2024-07-01 00:00:00+00:00, run_after=2024-07-02 00:00:00+00:00
[2024-07-02T12:08:14.559+0000] {processor.py:183} INFO - Processing /home/airflow/.local/lib/python3.12/site-packages/airflow/example_dags/example_skip_dag.py took 0.129 seconds
[2024-07-02T12:08:45.196+0000] {processor.py:161} INFO - Started process (PID=183) to work on /home/airflow/.local/lib/python3.12/site-packages/airflow/example_dags/example_skip_dag.py
[2024-07-02T12:08:45.197+0000] {processor.py:830} INFO - Processing file /home/airflow/.local/lib/python3.12/site-packages/airflow/example_dags/example_skip_dag.py for tasks to queue
[2024-07-02T12:08:45.199+0000] {logging_mixin.py:188} INFO - [2024-07-02T12:08:45.199+0000] {dagbag.py:545} INFO - Filling up the DagBag from /home/airflow/.local/lib/python3.12/site-packages/airflow/example_dags/example_skip_dag.py
[2024-07-02T12:08:45.205+0000] {processor.py:840} INFO - DAG(s) 'example_skip_dag' retrieved from /home/airflow/.local/lib/python3.12/site-packages/airflow/example_dags/example_skip_dag.py
[2024-07-02T12:08:45.227+0000] {logging_mixin.py:188} INFO - [2024-07-02T12:08:45.227+0000] {dag.py:3096} INFO - Sync 1 DAGs
[2024-07-02T12:08:45.245+0000] {logging_mixin.py:188} INFO - [2024-07-02T12:08:45.245+0000] {dag.py:3954} INFO - Setting next_dagrun for example_skip_dag to 2024-07-01 00:00:00+00:00, run_after=2024-07-02 00:00:00+00:00
[2024-07-02T12:08:45.266+0000] {processor.py:183} INFO - Processing /home/airflow/.local/lib/python3.12/site-packages/airflow/example_dags/example_skip_dag.py took 0.076 seconds
[2024-07-02T12:09:15.991+0000] {processor.py:161} INFO - Started process (PID=246) to work on /home/airflow/.local/lib/python3.12/site-packages/airflow/example_dags/example_skip_dag.py
[2024-07-02T12:09:15.993+0000] {processor.py:830} INFO - Processing file /home/airflow/.local/lib/python3.12/site-packages/airflow/example_dags/example_skip_dag.py for tasks to queue
[2024-07-02T12:09:15.995+0000] {logging_mixin.py:188} INFO - [2024-07-02T12:09:15.995+0000] {dagbag.py:545} INFO - Filling up the DagBag from /home/airflow/.local/lib/python3.12/site-packages/airflow/example_dags/example_skip_dag.py
[2024-07-02T12:09:16.001+0000] {processor.py:840} INFO - DAG(s) 'example_skip_dag' retrieved from /home/airflow/.local/lib/python3.12/site-packages/airflow/example_dags/example_skip_dag.py
[2024-07-02T12:09:16.015+0000] {logging_mixin.py:188} INFO - [2024-07-02T12:09:16.015+0000] {dag.py:3096} INFO - Sync 1 DAGs
[2024-07-02T12:09:16.036+0000] {logging_mixin.py:188} INFO - [2024-07-02T12:09:16.036+0000] {dag.py:3954} INFO - Setting next_dagrun for example_skip_dag to 2024-07-01 00:00:00+00:00, run_after=2024-07-02 00:00:00+00:00
[2024-07-02T12:09:16.061+0000] {processor.py:183} INFO - Processing /home/airflow/.local/lib/python3.12/site-packages/airflow/example_dags/example_skip_dag.py took 0.076 seconds
[2024-07-02T12:09:47.865+0000] {processor.py:161} INFO - Started process (PID=309) to work on /home/airflow/.local/lib/python3.12/site-packages/airflow/example_dags/example_skip_dag.py
[2024-07-02T12:09:47.866+0000] {processor.py:830} INFO - Processing file /home/airflow/.local/lib/python3.12/site-packages/airflow/example_dags/example_skip_dag.py for tasks to queue
[2024-07-02T12:09:47.869+0000] {logging_mixin.py:188} INFO - [2024-07-02T12:09:47.868+0000] {dagbag.py:545} INFO - Filling up the DagBag from /home/airflow/.local/lib/python3.12/site-packages/airflow/example_dags/example_skip_dag.py
[2024-07-02T12:09:47.874+0000] {processor.py:840} INFO - DAG(s) 'example_skip_dag' retrieved from /home/airflow/.local/lib/python3.12/site-packages/airflow/example_dags/example_skip_dag.py
[2024-07-02T12:09:47.978+0000] {logging_mixin.py:188} INFO - [2024-07-02T12:09:47.978+0000] {dag.py:3096} INFO - Sync 1 DAGs
[2024-07-02T12:09:47.995+0000] {logging_mixin.py:188} INFO - [2024-07-02T12:09:47.995+0000] {dag.py:3954} INFO - Setting next_dagrun for example_skip_dag to 2024-07-01 00:00:00+00:00, run_after=2024-07-02 00:00:00+00:00
[2024-07-02T12:09:48.016+0000] {processor.py:183} INFO - Processing /home/airflow/.local/lib/python3.12/site-packages/airflow/example_dags/example_skip_dag.py took 0.157 seconds
[2024-07-02T12:10:18.127+0000] {processor.py:161} INFO - Started process (PID=372) to work on /home/airflow/.local/lib/python3.12/site-packages/airflow/example_dags/example_skip_dag.py
[2024-07-02T12:10:18.128+0000] {processor.py:830} INFO - Processing file /home/airflow/.local/lib/python3.12/site-packages/airflow/example_dags/example_skip_dag.py for tasks to queue
[2024-07-02T12:10:18.130+0000] {logging_mixin.py:188} INFO - [2024-07-02T12:10:18.130+0000] {dagbag.py:545} INFO - Filling up the DagBag from /home/airflow/.local/lib/python3.12/site-packages/airflow/example_dags/example_skip_dag.py
[2024-07-02T12:10:18.136+0000] {processor.py:840} INFO - DAG(s) 'example_skip_dag' retrieved from /home/airflow/.local/lib/python3.12/site-packages/airflow/example_dags/example_skip_dag.py
[2024-07-02T12:10:18.156+0000] {logging_mixin.py:188} INFO - [2024-07-02T12:10:18.156+0000] {dag.py:3096} INFO - Sync 1 DAGs
[2024-07-02T12:10:18.179+0000] {logging_mixin.py:188} INFO - [2024-07-02T12:10:18.179+0000] {dag.py:3954} INFO - Setting next_dagrun for example_skip_dag to 2024-07-01 00:00:00+00:00, run_after=2024-07-02 00:00:00+00:00
[2024-07-02T12:10:18.204+0000] {processor.py:183} INFO - Processing /home/airflow/.local/lib/python3.12/site-packages/airflow/example_dags/example_skip_dag.py took 0.084 seconds
[2024-07-02T12:10:48.928+0000] {processor.py:161} INFO - Started process (PID=435) to work on /home/airflow/.local/lib/python3.12/site-packages/airflow/example_dags/example_skip_dag.py
[2024-07-02T12:10:48.929+0000] {processor.py:830} INFO - Processing file /home/airflow/.local/lib/python3.12/site-packages/airflow/example_dags/example_skip_dag.py for tasks to queue
[2024-07-02T12:10:48.931+0000] {logging_mixin.py:188} INFO - [2024-07-02T12:10:48.931+0000] {dagbag.py:545} INFO - Filling up the DagBag from /home/airflow/.local/lib/python3.12/site-packages/airflow/example_dags/example_skip_dag.py
[2024-07-02T12:10:48.936+0000] {processor.py:840} INFO - DAG(s) 'example_skip_dag' retrieved from /home/airflow/.local/lib/python3.12/site-packages/airflow/example_dags/example_skip_dag.py
[2024-07-02T12:10:48.956+0000] {logging_mixin.py:188} INFO - [2024-07-02T12:10:48.955+0000] {dag.py:3096} INFO - Sync 1 DAGs
[2024-07-02T12:10:48.974+0000] {logging_mixin.py:188} INFO - [2024-07-02T12:10:48.974+0000] {dag.py:3954} INFO - Setting next_dagrun for example_skip_dag to 2024-07-01 00:00:00+00:00, run_after=2024-07-02 00:00:00+00:00
[2024-07-02T12:10:48.994+0000] {processor.py:183} INFO - Processing /home/airflow/.local/lib/python3.12/site-packages/airflow/example_dags/example_skip_dag.py took 0.071 seconds
[2024-07-02T12:11:19.556+0000] {processor.py:161} INFO - Started process (PID=499) to work on /home/airflow/.local/lib/python3.12/site-packages/airflow/example_dags/example_skip_dag.py
[2024-07-02T12:11:19.557+0000] {processor.py:830} INFO - Processing file /home/airflow/.local/lib/python3.12/site-packages/airflow/example_dags/example_skip_dag.py for tasks to queue
[2024-07-02T12:11:19.559+0000] {logging_mixin.py:188} INFO - [2024-07-02T12:11:19.559+0000] {dagbag.py:545} INFO - Filling up the DagBag from /home/airflow/.local/lib/python3.12/site-packages/airflow/example_dags/example_skip_dag.py
[2024-07-02T12:11:19.566+0000] {processor.py:840} INFO - DAG(s) 'example_skip_dag' retrieved from /home/airflow/.local/lib/python3.12/site-packages/airflow/example_dags/example_skip_dag.py
[2024-07-02T12:11:19.584+0000] {logging_mixin.py:188} INFO - [2024-07-02T12:11:19.584+0000] {dag.py:3096} INFO - Sync 1 DAGs
[2024-07-02T12:11:19.603+0000] {logging_mixin.py:188} INFO - [2024-07-02T12:11:19.603+0000] {dag.py:3954} INFO - Setting next_dagrun for example_skip_dag to 2024-07-01 00:00:00+00:00, run_after=2024-07-02 00:00:00+00:00
[2024-07-02T12:11:19.620+0000] {processor.py:183} INFO - Processing /home/airflow/.local/lib/python3.12/site-packages/airflow/example_dags/example_skip_dag.py took 0.072 seconds
[2024-07-02T12:11:50.608+0000] {processor.py:161} INFO - Started process (PID=562) to work on /home/airflow/.local/lib/python3.12/site-packages/airflow/example_dags/example_skip_dag.py
[2024-07-02T12:11:50.609+0000] {processor.py:830} INFO - Processing file /home/airflow/.local/lib/python3.12/site-packages/airflow/example_dags/example_skip_dag.py for tasks to queue
[2024-07-02T12:11:50.611+0000] {logging_mixin.py:188} INFO - [2024-07-02T12:11:50.611+0000] {dagbag.py:545} INFO - Filling up the DagBag from /home/airflow/.local/lib/python3.12/site-packages/airflow/example_dags/example_skip_dag.py
[2024-07-02T12:11:50.619+0000] {processor.py:840} INFO - DAG(s) 'example_skip_dag' retrieved from /home/airflow/.local/lib/python3.12/site-packages/airflow/example_dags/example_skip_dag.py
[2024-07-02T12:11:50.642+0000] {logging_mixin.py:188} INFO - [2024-07-02T12:11:50.642+0000] {dag.py:3096} INFO - Sync 1 DAGs
[2024-07-02T12:11:50.665+0000] {logging_mixin.py:188} INFO - [2024-07-02T12:11:50.665+0000] {dag.py:3954} INFO - Setting next_dagrun for example_skip_dag to 2024-07-01 00:00:00+00:00, run_after=2024-07-02 00:00:00+00:00
[2024-07-02T12:11:50.687+0000] {processor.py:183} INFO - Processing /home/airflow/.local/lib/python3.12/site-packages/airflow/example_dags/example_skip_dag.py took 0.086 seconds
[2024-07-02T12:12:21.576+0000] {processor.py:161} INFO - Started process (PID=625) to work on /home/airflow/.local/lib/python3.12/site-packages/airflow/example_dags/example_skip_dag.py
[2024-07-02T12:12:21.577+0000] {processor.py:830} INFO - Processing file /home/airflow/.local/lib/python3.12/site-packages/airflow/example_dags/example_skip_dag.py for tasks to queue
[2024-07-02T12:12:21.579+0000] {logging_mixin.py:188} INFO - [2024-07-02T12:12:21.579+0000] {dagbag.py:545} INFO - Filling up the DagBag from /home/airflow/.local/lib/python3.12/site-packages/airflow/example_dags/example_skip_dag.py
[2024-07-02T12:12:21.586+0000] {processor.py:840} INFO - DAG(s) 'example_skip_dag' retrieved from /home/airflow/.local/lib/python3.12/site-packages/airflow/example_dags/example_skip_dag.py
[2024-07-02T12:12:21.606+0000] {logging_mixin.py:188} INFO - [2024-07-02T12:12:21.606+0000] {dag.py:3096} INFO - Sync 1 DAGs
[2024-07-02T12:12:21.627+0000] {logging_mixin.py:188} INFO - [2024-07-02T12:12:21.626+0000] {dag.py:3954} INFO - Setting next_dagrun for example_skip_dag to 2024-07-01 00:00:00+00:00, run_after=2024-07-02 00:00:00+00:00
[2024-07-02T12:12:21.649+0000] {processor.py:183} INFO - Processing /home/airflow/.local/lib/python3.12/site-packages/airflow/example_dags/example_skip_dag.py took 0.078 seconds
[2024-07-02T12:12:53.077+0000] {processor.py:161} INFO - Started process (PID=688) to work on /home/airflow/.local/lib/python3.12/site-packages/airflow/example_dags/example_skip_dag.py
[2024-07-02T12:12:53.079+0000] {processor.py:830} INFO - Processing file /home/airflow/.local/lib/python3.12/site-packages/airflow/example_dags/example_skip_dag.py for tasks to queue
[2024-07-02T12:12:53.081+0000] {logging_mixin.py:188} INFO - [2024-07-02T12:12:53.080+0000] {dagbag.py:545} INFO - Filling up the DagBag from /home/airflow/.local/lib/python3.12/site-packages/airflow/example_dags/example_skip_dag.py
[2024-07-02T12:12:53.089+0000] {processor.py:840} INFO - DAG(s) 'example_skip_dag' retrieved from /home/airflow/.local/lib/python3.12/site-packages/airflow/example_dags/example_skip_dag.py
[2024-07-02T12:12:53.116+0000] {logging_mixin.py:188} INFO - [2024-07-02T12:12:53.116+0000] {dag.py:3096} INFO - Sync 1 DAGs
[2024-07-02T12:12:53.142+0000] {logging_mixin.py:188} INFO - [2024-07-02T12:12:53.141+0000] {dag.py:3954} INFO - Setting next_dagrun for example_skip_dag to 2024-07-01 00:00:00+00:00, run_after=2024-07-02 00:00:00+00:00
[2024-07-02T12:12:53.167+0000] {processor.py:183} INFO - Processing /home/airflow/.local/lib/python3.12/site-packages/airflow/example_dags/example_skip_dag.py took 0.096 seconds
[2024-07-02T12:13:24.364+0000] {processor.py:161} INFO - Started process (PID=751) to work on /home/airflow/.local/lib/python3.12/site-packages/airflow/example_dags/example_skip_dag.py
[2024-07-02T12:13:24.365+0000] {processor.py:830} INFO - Processing file /home/airflow/.local/lib/python3.12/site-packages/airflow/example_dags/example_skip_dag.py for tasks to queue
[2024-07-02T12:13:24.367+0000] {logging_mixin.py:188} INFO - [2024-07-02T12:13:24.367+0000] {dagbag.py:545} INFO - Filling up the DagBag from /home/airflow/.local/lib/python3.12/site-packages/airflow/example_dags/example_skip_dag.py
[2024-07-02T12:13:24.373+0000] {processor.py:840} INFO - DAG(s) 'example_skip_dag' retrieved from /home/airflow/.local/lib/python3.12/site-packages/airflow/example_dags/example_skip_dag.py
[2024-07-02T12:13:24.395+0000] {logging_mixin.py:188} INFO - [2024-07-02T12:13:24.394+0000] {dag.py:3096} INFO - Sync 1 DAGs
[2024-07-02T12:13:24.415+0000] {logging_mixin.py:188} INFO - [2024-07-02T12:13:24.415+0000] {dag.py:3954} INFO - Setting next_dagrun for example_skip_dag to 2024-07-01 00:00:00+00:00, run_after=2024-07-02 00:00:00+00:00
[2024-07-02T12:13:24.438+0000] {processor.py:183} INFO - Processing /home/airflow/.local/lib/python3.12/site-packages/airflow/example_dags/example_skip_dag.py took 0.081 seconds
[2024-07-02T12:13:54.540+0000] {processor.py:161} INFO - Started process (PID=814) to work on /home/airflow/.local/lib/python3.12/site-packages/airflow/example_dags/example_skip_dag.py
[2024-07-02T12:13:54.541+0000] {processor.py:830} INFO - Processing file /home/airflow/.local/lib/python3.12/site-packages/airflow/example_dags/example_skip_dag.py for tasks to queue
[2024-07-02T12:13:54.543+0000] {logging_mixin.py:188} INFO - [2024-07-02T12:13:54.542+0000] {dagbag.py:545} INFO - Filling up the DagBag from /home/airflow/.local/lib/python3.12/site-packages/airflow/example_dags/example_skip_dag.py
[2024-07-02T12:13:54.548+0000] {processor.py:840} INFO - DAG(s) 'example_skip_dag' retrieved from /home/airflow/.local/lib/python3.12/site-packages/airflow/example_dags/example_skip_dag.py
[2024-07-02T12:13:54.567+0000] {logging_mixin.py:188} INFO - [2024-07-02T12:13:54.567+0000] {dag.py:3096} INFO - Sync 1 DAGs
[2024-07-02T12:13:54.584+0000] {logging_mixin.py:188} INFO - [2024-07-02T12:13:54.584+0000] {dag.py:3954} INFO - Setting next_dagrun for example_skip_dag to 2024-07-01 00:00:00+00:00, run_after=2024-07-02 00:00:00+00:00
[2024-07-02T12:13:54.604+0000] {processor.py:183} INFO - Processing /home/airflow/.local/lib/python3.12/site-packages/airflow/example_dags/example_skip_dag.py took 0.071 seconds
[2024-07-02T12:14:25.786+0000] {processor.py:161} INFO - Started process (PID=877) to work on /home/airflow/.local/lib/python3.12/site-packages/airflow/example_dags/example_skip_dag.py
[2024-07-02T12:14:25.789+0000] {processor.py:830} INFO - Processing file /home/airflow/.local/lib/python3.12/site-packages/airflow/example_dags/example_skip_dag.py for tasks to queue
[2024-07-02T12:14:25.791+0000] {logging_mixin.py:188} INFO - [2024-07-02T12:14:25.791+0000] {dagbag.py:545} INFO - Filling up the DagBag from /home/airflow/.local/lib/python3.12/site-packages/airflow/example_dags/example_skip_dag.py
[2024-07-02T12:14:25.797+0000] {processor.py:840} INFO - DAG(s) 'example_skip_dag' retrieved from /home/airflow/.local/lib/python3.12/site-packages/airflow/example_dags/example_skip_dag.py
[2024-07-02T12:14:25.813+0000] {logging_mixin.py:188} INFO - [2024-07-02T12:14:25.813+0000] {dag.py:3096} INFO - Sync 1 DAGs
[2024-07-02T12:14:25.846+0000] {logging_mixin.py:188} INFO - [2024-07-02T12:14:25.846+0000] {dag.py:3954} INFO - Setting next_dagrun for example_skip_dag to 2024-07-01 00:00:00+00:00, run_after=2024-07-02 00:00:00+00:00
[2024-07-02T12:14:25.871+0000] {processor.py:183} INFO - Processing /home/airflow/.local/lib/python3.12/site-packages/airflow/example_dags/example_skip_dag.py took 0.091 seconds
[2024-07-02T12:14:56.989+0000] {processor.py:161} INFO - Started process (PID=940) to work on /home/airflow/.local/lib/python3.12/site-packages/airflow/example_dags/example_skip_dag.py
[2024-07-02T12:14:56.990+0000] {processor.py:830} INFO - Processing file /home/airflow/.local/lib/python3.12/site-packages/airflow/example_dags/example_skip_dag.py for tasks to queue
[2024-07-02T12:14:56.992+0000] {logging_mixin.py:188} INFO - [2024-07-02T12:14:56.992+0000] {dagbag.py:545} INFO - Filling up the DagBag from /home/airflow/.local/lib/python3.12/site-packages/airflow/example_dags/example_skip_dag.py
[2024-07-02T12:14:56.998+0000] {processor.py:840} INFO - DAG(s) 'example_skip_dag' retrieved from /home/airflow/.local/lib/python3.12/site-packages/airflow/example_dags/example_skip_dag.py
[2024-07-02T12:14:57.095+0000] {logging_mixin.py:188} INFO - [2024-07-02T12:14:57.094+0000] {dag.py:3096} INFO - Sync 1 DAGs
[2024-07-02T12:14:57.115+0000] {logging_mixin.py:188} INFO - [2024-07-02T12:14:57.115+0000] {dag.py:3954} INFO - Setting next_dagrun for example_skip_dag to 2024-07-01 00:00:00+00:00, run_after=2024-07-02 00:00:00+00:00
[2024-07-02T12:14:57.141+0000] {processor.py:183} INFO - Processing /home/airflow/.local/lib/python3.12/site-packages/airflow/example_dags/example_skip_dag.py took 0.158 seconds
[2024-07-02T12:15:27.314+0000] {processor.py:161} INFO - Started process (PID=1003) to work on /home/airflow/.local/lib/python3.12/site-packages/airflow/example_dags/example_skip_dag.py
[2024-07-02T12:15:27.315+0000] {processor.py:830} INFO - Processing file /home/airflow/.local/lib/python3.12/site-packages/airflow/example_dags/example_skip_dag.py for tasks to queue
[2024-07-02T12:15:27.318+0000] {logging_mixin.py:188} INFO - [2024-07-02T12:15:27.317+0000] {dagbag.py:545} INFO - Filling up the DagBag from /home/airflow/.local/lib/python3.12/site-packages/airflow/example_dags/example_skip_dag.py
[2024-07-02T12:15:27.325+0000] {processor.py:840} INFO - DAG(s) 'example_skip_dag' retrieved from /home/airflow/.local/lib/python3.12/site-packages/airflow/example_dags/example_skip_dag.py
[2024-07-02T12:15:27.346+0000] {logging_mixin.py:188} INFO - [2024-07-02T12:15:27.345+0000] {dag.py:3096} INFO - Sync 1 DAGs
[2024-07-02T12:15:27.369+0000] {logging_mixin.py:188} INFO - [2024-07-02T12:15:27.368+0000] {dag.py:3954} INFO - Setting next_dagrun for example_skip_dag to 2024-07-01 00:00:00+00:00, run_after=2024-07-02 00:00:00+00:00
[2024-07-02T12:15:27.392+0000] {processor.py:183} INFO - Processing /home/airflow/.local/lib/python3.12/site-packages/airflow/example_dags/example_skip_dag.py took 0.085 seconds
[2024-07-02T12:18:52.785+0000] {processor.py:161} INFO - Started process (PID=60) to work on /home/airflow/.local/lib/python3.12/site-packages/airflow/example_dags/example_skip_dag.py
[2024-07-02T12:18:52.787+0000] {processor.py:830} INFO - Processing file /home/airflow/.local/lib/python3.12/site-packages/airflow/example_dags/example_skip_dag.py for tasks to queue
[2024-07-02T12:18:52.789+0000] {logging_mixin.py:188} INFO - [2024-07-02T12:18:52.789+0000] {dagbag.py:545} INFO - Filling up the DagBag from /home/airflow/.local/lib/python3.12/site-packages/airflow/example_dags/example_skip_dag.py
[2024-07-02T12:18:52.796+0000] {processor.py:840} INFO - DAG(s) 'example_skip_dag' retrieved from /home/airflow/.local/lib/python3.12/site-packages/airflow/example_dags/example_skip_dag.py
[2024-07-02T12:18:52.809+0000] {logging_mixin.py:188} INFO - [2024-07-02T12:18:52.808+0000] {dag.py:3096} INFO - Sync 1 DAGs
[2024-07-02T12:18:52.831+0000] {logging_mixin.py:188} INFO - [2024-07-02T12:18:52.831+0000] {dag.py:3954} INFO - Setting next_dagrun for example_skip_dag to 2024-07-01 00:00:00+00:00, run_after=2024-07-02 00:00:00+00:00
[2024-07-02T12:18:52.856+0000] {processor.py:183} INFO - Processing /home/airflow/.local/lib/python3.12/site-packages/airflow/example_dags/example_skip_dag.py took 0.075 seconds
[2024-07-02T12:19:24.742+0000] {processor.py:161} INFO - Started process (PID=123) to work on /home/airflow/.local/lib/python3.12/site-packages/airflow/example_dags/example_skip_dag.py
[2024-07-02T12:19:24.743+0000] {processor.py:830} INFO - Processing file /home/airflow/.local/lib/python3.12/site-packages/airflow/example_dags/example_skip_dag.py for tasks to queue
[2024-07-02T12:19:24.746+0000] {logging_mixin.py:188} INFO - [2024-07-02T12:19:24.745+0000] {dagbag.py:545} INFO - Filling up the DagBag from /home/airflow/.local/lib/python3.12/site-packages/airflow/example_dags/example_skip_dag.py
[2024-07-02T12:19:24.753+0000] {processor.py:840} INFO - DAG(s) 'example_skip_dag' retrieved from /home/airflow/.local/lib/python3.12/site-packages/airflow/example_dags/example_skip_dag.py
[2024-07-02T12:19:24.854+0000] {logging_mixin.py:188} INFO - [2024-07-02T12:19:24.854+0000] {dag.py:3096} INFO - Sync 1 DAGs
[2024-07-02T12:19:24.875+0000] {logging_mixin.py:188} INFO - [2024-07-02T12:19:24.875+0000] {dag.py:3954} INFO - Setting next_dagrun for example_skip_dag to 2024-07-01 00:00:00+00:00, run_after=2024-07-02 00:00:00+00:00
[2024-07-02T12:19:24.901+0000] {processor.py:183} INFO - Processing /home/airflow/.local/lib/python3.12/site-packages/airflow/example_dags/example_skip_dag.py took 0.166 seconds
[2024-07-02T12:19:55.041+0000] {processor.py:161} INFO - Started process (PID=186) to work on /home/airflow/.local/lib/python3.12/site-packages/airflow/example_dags/example_skip_dag.py
[2024-07-02T12:19:55.042+0000] {processor.py:830} INFO - Processing file /home/airflow/.local/lib/python3.12/site-packages/airflow/example_dags/example_skip_dag.py for tasks to queue
[2024-07-02T12:19:55.044+0000] {logging_mixin.py:188} INFO - [2024-07-02T12:19:55.043+0000] {dagbag.py:545} INFO - Filling up the DagBag from /home/airflow/.local/lib/python3.12/site-packages/airflow/example_dags/example_skip_dag.py
[2024-07-02T12:19:55.049+0000] {processor.py:840} INFO - DAG(s) 'example_skip_dag' retrieved from /home/airflow/.local/lib/python3.12/site-packages/airflow/example_dags/example_skip_dag.py
[2024-07-02T12:19:55.067+0000] {logging_mixin.py:188} INFO - [2024-07-02T12:19:55.067+0000] {dag.py:3096} INFO - Sync 1 DAGs
[2024-07-02T12:19:55.082+0000] {logging_mixin.py:188} INFO - [2024-07-02T12:19:55.082+0000] {dag.py:3954} INFO - Setting next_dagrun for example_skip_dag to 2024-07-01 00:00:00+00:00, run_after=2024-07-02 00:00:00+00:00
[2024-07-02T12:19:55.103+0000] {processor.py:183} INFO - Processing /home/airflow/.local/lib/python3.12/site-packages/airflow/example_dags/example_skip_dag.py took 0.067 seconds
[2024-07-02T12:20:25.603+0000] {processor.py:161} INFO - Started process (PID=249) to work on /home/airflow/.local/lib/python3.12/site-packages/airflow/example_dags/example_skip_dag.py
[2024-07-02T12:20:25.604+0000] {processor.py:830} INFO - Processing file /home/airflow/.local/lib/python3.12/site-packages/airflow/example_dags/example_skip_dag.py for tasks to queue
[2024-07-02T12:20:25.606+0000] {logging_mixin.py:188} INFO - [2024-07-02T12:20:25.606+0000] {dagbag.py:545} INFO - Filling up the DagBag from /home/airflow/.local/lib/python3.12/site-packages/airflow/example_dags/example_skip_dag.py
[2024-07-02T12:20:25.612+0000] {processor.py:840} INFO - DAG(s) 'example_skip_dag' retrieved from /home/airflow/.local/lib/python3.12/site-packages/airflow/example_dags/example_skip_dag.py
[2024-07-02T12:20:25.632+0000] {logging_mixin.py:188} INFO - [2024-07-02T12:20:25.632+0000] {dag.py:3096} INFO - Sync 1 DAGs
[2024-07-02T12:20:25.650+0000] {logging_mixin.py:188} INFO - [2024-07-02T12:20:25.650+0000] {dag.py:3954} INFO - Setting next_dagrun for example_skip_dag to 2024-07-01 00:00:00+00:00, run_after=2024-07-02 00:00:00+00:00
[2024-07-02T12:20:25.669+0000] {processor.py:183} INFO - Processing /home/airflow/.local/lib/python3.12/site-packages/airflow/example_dags/example_skip_dag.py took 0.071 seconds
[2024-07-02T12:20:56.107+0000] {processor.py:161} INFO - Started process (PID=314) to work on /home/airflow/.local/lib/python3.12/site-packages/airflow/example_dags/example_skip_dag.py
[2024-07-02T12:20:56.109+0000] {processor.py:830} INFO - Processing file /home/airflow/.local/lib/python3.12/site-packages/airflow/example_dags/example_skip_dag.py for tasks to queue
[2024-07-02T12:20:56.112+0000] {logging_mixin.py:188} INFO - [2024-07-02T12:20:56.111+0000] {dagbag.py:545} INFO - Filling up the DagBag from /home/airflow/.local/lib/python3.12/site-packages/airflow/example_dags/example_skip_dag.py
[2024-07-02T12:20:56.121+0000] {processor.py:840} INFO - DAG(s) 'example_skip_dag' retrieved from /home/airflow/.local/lib/python3.12/site-packages/airflow/example_dags/example_skip_dag.py
[2024-07-02T12:20:56.164+0000] {logging_mixin.py:188} INFO - [2024-07-02T12:20:56.164+0000] {dag.py:3096} INFO - Sync 1 DAGs
[2024-07-02T12:20:56.197+0000] {logging_mixin.py:188} INFO - [2024-07-02T12:20:56.197+0000] {dag.py:3954} INFO - Setting next_dagrun for example_skip_dag to 2024-07-01 00:00:00+00:00, run_after=2024-07-02 00:00:00+00:00
[2024-07-02T12:20:56.237+0000] {processor.py:183} INFO - Processing /home/airflow/.local/lib/python3.12/site-packages/airflow/example_dags/example_skip_dag.py took 0.137 seconds
[2024-07-02T12:21:26.771+0000] {processor.py:161} INFO - Started process (PID=377) to work on /home/airflow/.local/lib/python3.12/site-packages/airflow/example_dags/example_skip_dag.py
[2024-07-02T12:21:26.772+0000] {processor.py:830} INFO - Processing file /home/airflow/.local/lib/python3.12/site-packages/airflow/example_dags/example_skip_dag.py for tasks to queue
[2024-07-02T12:21:26.774+0000] {logging_mixin.py:188} INFO - [2024-07-02T12:21:26.774+0000] {dagbag.py:545} INFO - Filling up the DagBag from /home/airflow/.local/lib/python3.12/site-packages/airflow/example_dags/example_skip_dag.py
[2024-07-02T12:21:26.779+0000] {processor.py:840} INFO - DAG(s) 'example_skip_dag' retrieved from /home/airflow/.local/lib/python3.12/site-packages/airflow/example_dags/example_skip_dag.py
[2024-07-02T12:21:26.798+0000] {logging_mixin.py:188} INFO - [2024-07-02T12:21:26.798+0000] {dag.py:3096} INFO - Sync 1 DAGs
[2024-07-02T12:21:26.815+0000] {logging_mixin.py:188} INFO - [2024-07-02T12:21:26.815+0000] {dag.py:3954} INFO - Setting next_dagrun for example_skip_dag to 2024-07-01 00:00:00+00:00, run_after=2024-07-02 00:00:00+00:00
[2024-07-02T12:21:26.833+0000] {processor.py:183} INFO - Processing /home/airflow/.local/lib/python3.12/site-packages/airflow/example_dags/example_skip_dag.py took 0.067 seconds
[2024-07-02T12:21:57.749+0000] {processor.py:161} INFO - Started process (PID=440) to work on /home/airflow/.local/lib/python3.12/site-packages/airflow/example_dags/example_skip_dag.py
[2024-07-02T12:21:57.751+0000] {processor.py:830} INFO - Processing file /home/airflow/.local/lib/python3.12/site-packages/airflow/example_dags/example_skip_dag.py for tasks to queue
[2024-07-02T12:21:57.753+0000] {logging_mixin.py:188} INFO - [2024-07-02T12:21:57.753+0000] {dagbag.py:545} INFO - Filling up the DagBag from /home/airflow/.local/lib/python3.12/site-packages/airflow/example_dags/example_skip_dag.py
[2024-07-02T12:21:57.759+0000] {processor.py:840} INFO - DAG(s) 'example_skip_dag' retrieved from /home/airflow/.local/lib/python3.12/site-packages/airflow/example_dags/example_skip_dag.py
[2024-07-02T12:21:57.780+0000] {logging_mixin.py:188} INFO - [2024-07-02T12:21:57.780+0000] {dag.py:3096} INFO - Sync 1 DAGs
[2024-07-02T12:21:57.800+0000] {logging_mixin.py:188} INFO - [2024-07-02T12:21:57.800+0000] {dag.py:3954} INFO - Setting next_dagrun for example_skip_dag to 2024-07-01 00:00:00+00:00, run_after=2024-07-02 00:00:00+00:00
[2024-07-02T12:21:57.822+0000] {processor.py:183} INFO - Processing /home/airflow/.local/lib/python3.12/site-packages/airflow/example_dags/example_skip_dag.py took 0.077 seconds
[2024-07-02T12:22:28.937+0000] {processor.py:161} INFO - Started process (PID=503) to work on /home/airflow/.local/lib/python3.12/site-packages/airflow/example_dags/example_skip_dag.py
[2024-07-02T12:22:28.938+0000] {processor.py:830} INFO - Processing file /home/airflow/.local/lib/python3.12/site-packages/airflow/example_dags/example_skip_dag.py for tasks to queue
[2024-07-02T12:22:28.941+0000] {logging_mixin.py:188} INFO - [2024-07-02T12:22:28.940+0000] {dagbag.py:545} INFO - Filling up the DagBag from /home/airflow/.local/lib/python3.12/site-packages/airflow/example_dags/example_skip_dag.py
[2024-07-02T12:22:28.948+0000] {processor.py:840} INFO - DAG(s) 'example_skip_dag' retrieved from /home/airflow/.local/lib/python3.12/site-packages/airflow/example_dags/example_skip_dag.py
[2024-07-02T12:22:28.973+0000] {logging_mixin.py:188} INFO - [2024-07-02T12:22:28.973+0000] {dag.py:3096} INFO - Sync 1 DAGs
[2024-07-02T12:22:28.998+0000] {logging_mixin.py:188} INFO - [2024-07-02T12:22:28.998+0000] {dag.py:3954} INFO - Setting next_dagrun for example_skip_dag to 2024-07-01 00:00:00+00:00, run_after=2024-07-02 00:00:00+00:00
[2024-07-02T12:22:29.023+0000] {processor.py:183} INFO - Processing /home/airflow/.local/lib/python3.12/site-packages/airflow/example_dags/example_skip_dag.py took 0.092 seconds
[2024-07-02T12:22:59.584+0000] {processor.py:161} INFO - Started process (PID=566) to work on /home/airflow/.local/lib/python3.12/site-packages/airflow/example_dags/example_skip_dag.py
[2024-07-02T12:22:59.586+0000] {processor.py:830} INFO - Processing file /home/airflow/.local/lib/python3.12/site-packages/airflow/example_dags/example_skip_dag.py for tasks to queue
[2024-07-02T12:22:59.589+0000] {logging_mixin.py:188} INFO - [2024-07-02T12:22:59.588+0000] {dagbag.py:545} INFO - Filling up the DagBag from /home/airflow/.local/lib/python3.12/site-packages/airflow/example_dags/example_skip_dag.py
[2024-07-02T12:22:59.596+0000] {processor.py:840} INFO - DAG(s) 'example_skip_dag' retrieved from /home/airflow/.local/lib/python3.12/site-packages/airflow/example_dags/example_skip_dag.py
[2024-07-02T12:22:59.623+0000] {logging_mixin.py:188} INFO - [2024-07-02T12:22:59.623+0000] {dag.py:3096} INFO - Sync 1 DAGs
[2024-07-02T12:22:59.647+0000] {logging_mixin.py:188} INFO - [2024-07-02T12:22:59.647+0000] {dag.py:3954} INFO - Setting next_dagrun for example_skip_dag to 2024-07-01 00:00:00+00:00, run_after=2024-07-02 00:00:00+00:00
[2024-07-02T12:22:59.677+0000] {processor.py:183} INFO - Processing /home/airflow/.local/lib/python3.12/site-packages/airflow/example_dags/example_skip_dag.py took 0.100 seconds
[2024-07-02T12:23:30.626+0000] {processor.py:161} INFO - Started process (PID=630) to work on /home/airflow/.local/lib/python3.12/site-packages/airflow/example_dags/example_skip_dag.py
[2024-07-02T12:23:30.628+0000] {processor.py:830} INFO - Processing file /home/airflow/.local/lib/python3.12/site-packages/airflow/example_dags/example_skip_dag.py for tasks to queue
[2024-07-02T12:23:30.631+0000] {logging_mixin.py:188} INFO - [2024-07-02T12:23:30.631+0000] {dagbag.py:545} INFO - Filling up the DagBag from /home/airflow/.local/lib/python3.12/site-packages/airflow/example_dags/example_skip_dag.py
[2024-07-02T12:23:30.639+0000] {processor.py:840} INFO - DAG(s) 'example_skip_dag' retrieved from /home/airflow/.local/lib/python3.12/site-packages/airflow/example_dags/example_skip_dag.py
[2024-07-02T12:23:30.668+0000] {logging_mixin.py:188} INFO - [2024-07-02T12:23:30.667+0000] {dag.py:3096} INFO - Sync 1 DAGs
[2024-07-02T12:23:30.699+0000] {logging_mixin.py:188} INFO - [2024-07-02T12:23:30.699+0000] {dag.py:3954} INFO - Setting next_dagrun for example_skip_dag to 2024-07-01 00:00:00+00:00, run_after=2024-07-02 00:00:00+00:00
[2024-07-02T12:23:30.730+0000] {processor.py:183} INFO - Processing /home/airflow/.local/lib/python3.12/site-packages/airflow/example_dags/example_skip_dag.py took 0.111 seconds
[2024-07-02T12:37:14.590+0000] {processor.py:161} INFO - Started process (PID=1991) to work on /home/airflow/.local/lib/python3.12/site-packages/airflow/example_dags/example_skip_dag.py
[2024-07-02T12:37:14.592+0000] {processor.py:830} INFO - Processing file /home/airflow/.local/lib/python3.12/site-packages/airflow/example_dags/example_skip_dag.py for tasks to queue
[2024-07-02T12:37:14.593+0000] {logging_mixin.py:188} INFO - [2024-07-02T12:37:14.593+0000] {dagbag.py:545} INFO - Filling up the DagBag from /home/airflow/.local/lib/python3.12/site-packages/airflow/example_dags/example_skip_dag.py
[2024-07-02T12:37:14.597+0000] {processor.py:840} INFO - DAG(s) 'example_skip_dag' retrieved from /home/airflow/.local/lib/python3.12/site-packages/airflow/example_dags/example_skip_dag.py
[2024-07-02T12:37:14.618+0000] {logging_mixin.py:188} INFO - [2024-07-02T12:37:14.617+0000] {dag.py:3096} INFO - Sync 1 DAGs
[2024-07-02T12:37:14.634+0000] {logging_mixin.py:188} INFO - [2024-07-02T12:37:14.634+0000] {dag.py:3954} INFO - Setting next_dagrun for example_skip_dag to 2024-07-01 00:00:00+00:00, run_after=2024-07-02 00:00:00+00:00
[2024-07-02T12:37:14.655+0000] {processor.py:183} INFO - Processing /home/airflow/.local/lib/python3.12/site-packages/airflow/example_dags/example_skip_dag.py took 0.070 seconds
[2024-07-02T12:37:45.231+0000] {processor.py:161} INFO - Started process (PID=2054) to work on /home/airflow/.local/lib/python3.12/site-packages/airflow/example_dags/example_skip_dag.py
[2024-07-02T12:37:45.233+0000] {processor.py:830} INFO - Processing file /home/airflow/.local/lib/python3.12/site-packages/airflow/example_dags/example_skip_dag.py for tasks to queue
[2024-07-02T12:37:45.234+0000] {logging_mixin.py:188} INFO - [2024-07-02T12:37:45.233+0000] {dagbag.py:545} INFO - Filling up the DagBag from /home/airflow/.local/lib/python3.12/site-packages/airflow/example_dags/example_skip_dag.py
[2024-07-02T12:37:45.239+0000] {processor.py:840} INFO - DAG(s) 'example_skip_dag' retrieved from /home/airflow/.local/lib/python3.12/site-packages/airflow/example_dags/example_skip_dag.py
[2024-07-02T12:37:45.260+0000] {logging_mixin.py:188} INFO - [2024-07-02T12:37:45.260+0000] {dag.py:3096} INFO - Sync 1 DAGs
[2024-07-02T12:37:45.278+0000] {logging_mixin.py:188} INFO - [2024-07-02T12:37:45.278+0000] {dag.py:3954} INFO - Setting next_dagrun for example_skip_dag to 2024-07-01 00:00:00+00:00, run_after=2024-07-02 00:00:00+00:00
[2024-07-02T12:37:45.296+0000] {processor.py:183} INFO - Processing /home/airflow/.local/lib/python3.12/site-packages/airflow/example_dags/example_skip_dag.py took 0.070 seconds
[2024-07-02T14:46:55.145+0000] {processor.py:161} INFO - Started process (PID=71) to work on /home/airflow/.local/lib/python3.12/site-packages/airflow/example_dags/example_skip_dag.py
[2024-07-02T14:46:55.147+0000] {processor.py:830} INFO - Processing file /home/airflow/.local/lib/python3.12/site-packages/airflow/example_dags/example_skip_dag.py for tasks to queue
[2024-07-02T14:46:55.149+0000] {logging_mixin.py:188} INFO - [2024-07-02T14:46:55.149+0000] {dagbag.py:545} INFO - Filling up the DagBag from /home/airflow/.local/lib/python3.12/site-packages/airflow/example_dags/example_skip_dag.py
[2024-07-02T14:46:55.154+0000] {processor.py:840} INFO - DAG(s) 'example_skip_dag' retrieved from /home/airflow/.local/lib/python3.12/site-packages/airflow/example_dags/example_skip_dag.py
[2024-07-02T14:46:55.232+0000] {logging_mixin.py:188} INFO - [2024-07-02T14:46:55.232+0000] {dag.py:3096} INFO - Sync 1 DAGs
[2024-07-02T14:46:55.247+0000] {logging_mixin.py:188} INFO - [2024-07-02T14:46:55.247+0000] {dag.py:3954} INFO - Setting next_dagrun for example_skip_dag to 2024-07-01 00:00:00+00:00, run_after=2024-07-02 00:00:00+00:00
[2024-07-02T14:46:55.268+0000] {processor.py:183} INFO - Processing /home/airflow/.local/lib/python3.12/site-packages/airflow/example_dags/example_skip_dag.py took 0.127 seconds
[2024-07-02T14:50:00.010+0000] {processor.py:161} INFO - Started process (PID=78) to work on /home/airflow/.local/lib/python3.12/site-packages/airflow/example_dags/example_skip_dag.py
[2024-07-02T14:50:00.012+0000] {processor.py:830} INFO - Processing file /home/airflow/.local/lib/python3.12/site-packages/airflow/example_dags/example_skip_dag.py for tasks to queue
[2024-07-02T14:50:00.016+0000] {logging_mixin.py:188} INFO - [2024-07-02T14:50:00.015+0000] {dagbag.py:545} INFO - Filling up the DagBag from /home/airflow/.local/lib/python3.12/site-packages/airflow/example_dags/example_skip_dag.py
[2024-07-02T14:50:00.022+0000] {processor.py:840} INFO - DAG(s) 'example_skip_dag' retrieved from /home/airflow/.local/lib/python3.12/site-packages/airflow/example_dags/example_skip_dag.py
[2024-07-02T14:50:00.099+0000] {logging_mixin.py:188} INFO - [2024-07-02T14:50:00.099+0000] {dag.py:3096} INFO - Sync 1 DAGs
[2024-07-02T14:50:00.116+0000] {logging_mixin.py:188} INFO - [2024-07-02T14:50:00.115+0000] {dag.py:3954} INFO - Setting next_dagrun for example_skip_dag to 2024-07-01 00:00:00+00:00, run_after=2024-07-02 00:00:00+00:00
[2024-07-02T14:50:00.138+0000] {processor.py:183} INFO - Processing /home/airflow/.local/lib/python3.12/site-packages/airflow/example_dags/example_skip_dag.py took 0.133 seconds
[2024-07-02T14:50:30.263+0000] {processor.py:161} INFO - Started process (PID=138) to work on /home/airflow/.local/lib/python3.12/site-packages/airflow/example_dags/example_skip_dag.py
[2024-07-02T14:50:30.264+0000] {processor.py:830} INFO - Processing file /home/airflow/.local/lib/python3.12/site-packages/airflow/example_dags/example_skip_dag.py for tasks to queue
[2024-07-02T14:50:30.266+0000] {logging_mixin.py:188} INFO - [2024-07-02T14:50:30.266+0000] {dagbag.py:545} INFO - Filling up the DagBag from /home/airflow/.local/lib/python3.12/site-packages/airflow/example_dags/example_skip_dag.py
[2024-07-02T14:50:30.271+0000] {processor.py:840} INFO - DAG(s) 'example_skip_dag' retrieved from /home/airflow/.local/lib/python3.12/site-packages/airflow/example_dags/example_skip_dag.py
[2024-07-02T14:50:30.289+0000] {logging_mixin.py:188} INFO - [2024-07-02T14:50:30.289+0000] {dag.py:3096} INFO - Sync 1 DAGs
[2024-07-02T14:50:30.305+0000] {logging_mixin.py:188} INFO - [2024-07-02T14:50:30.305+0000] {dag.py:3954} INFO - Setting next_dagrun for example_skip_dag to 2024-07-01 00:00:00+00:00, run_after=2024-07-02 00:00:00+00:00
[2024-07-02T14:50:30.322+0000] {processor.py:183} INFO - Processing /home/airflow/.local/lib/python3.12/site-packages/airflow/example_dags/example_skip_dag.py took 0.064 seconds
[2024-07-02T14:51:00.858+0000] {processor.py:161} INFO - Started process (PID=197) to work on /home/airflow/.local/lib/python3.12/site-packages/airflow/example_dags/example_skip_dag.py
[2024-07-02T14:51:00.859+0000] {processor.py:830} INFO - Processing file /home/airflow/.local/lib/python3.12/site-packages/airflow/example_dags/example_skip_dag.py for tasks to queue
[2024-07-02T14:51:00.861+0000] {logging_mixin.py:188} INFO - [2024-07-02T14:51:00.860+0000] {dagbag.py:545} INFO - Filling up the DagBag from /home/airflow/.local/lib/python3.12/site-packages/airflow/example_dags/example_skip_dag.py
[2024-07-02T14:51:00.867+0000] {processor.py:840} INFO - DAG(s) 'example_skip_dag' retrieved from /home/airflow/.local/lib/python3.12/site-packages/airflow/example_dags/example_skip_dag.py
[2024-07-02T14:51:00.893+0000] {logging_mixin.py:188} INFO - [2024-07-02T14:51:00.893+0000] {dag.py:3096} INFO - Sync 1 DAGs
[2024-07-02T14:51:00.913+0000] {logging_mixin.py:188} INFO - [2024-07-02T14:51:00.913+0000] {dag.py:3954} INFO - Setting next_dagrun for example_skip_dag to 2024-07-01 00:00:00+00:00, run_after=2024-07-02 00:00:00+00:00
[2024-07-02T14:51:00.936+0000] {processor.py:183} INFO - Processing /home/airflow/.local/lib/python3.12/site-packages/airflow/example_dags/example_skip_dag.py took 0.084 seconds
[2024-07-02T14:51:31.339+0000] {processor.py:161} INFO - Started process (PID=255) to work on /home/airflow/.local/lib/python3.12/site-packages/airflow/example_dags/example_skip_dag.py
[2024-07-02T14:51:31.340+0000] {processor.py:830} INFO - Processing file /home/airflow/.local/lib/python3.12/site-packages/airflow/example_dags/example_skip_dag.py for tasks to queue
[2024-07-02T14:51:31.341+0000] {logging_mixin.py:188} INFO - [2024-07-02T14:51:31.341+0000] {dagbag.py:545} INFO - Filling up the DagBag from /home/airflow/.local/lib/python3.12/site-packages/airflow/example_dags/example_skip_dag.py
[2024-07-02T14:51:31.347+0000] {processor.py:840} INFO - DAG(s) 'example_skip_dag' retrieved from /home/airflow/.local/lib/python3.12/site-packages/airflow/example_dags/example_skip_dag.py
[2024-07-02T14:51:31.365+0000] {logging_mixin.py:188} INFO - [2024-07-02T14:51:31.365+0000] {dag.py:3096} INFO - Sync 1 DAGs
[2024-07-02T14:51:31.385+0000] {logging_mixin.py:188} INFO - [2024-07-02T14:51:31.385+0000] {dag.py:3954} INFO - Setting next_dagrun for example_skip_dag to 2024-07-01 00:00:00+00:00, run_after=2024-07-02 00:00:00+00:00
[2024-07-02T14:51:31.406+0000] {processor.py:183} INFO - Processing /home/airflow/.local/lib/python3.12/site-packages/airflow/example_dags/example_skip_dag.py took 0.073 seconds
[2024-07-02T14:52:01.503+0000] {processor.py:161} INFO - Started process (PID=313) to work on /home/airflow/.local/lib/python3.12/site-packages/airflow/example_dags/example_skip_dag.py
[2024-07-02T14:52:01.504+0000] {processor.py:830} INFO - Processing file /home/airflow/.local/lib/python3.12/site-packages/airflow/example_dags/example_skip_dag.py for tasks to queue
[2024-07-02T14:52:01.506+0000] {logging_mixin.py:188} INFO - [2024-07-02T14:52:01.505+0000] {dagbag.py:545} INFO - Filling up the DagBag from /home/airflow/.local/lib/python3.12/site-packages/airflow/example_dags/example_skip_dag.py
[2024-07-02T14:52:01.512+0000] {processor.py:840} INFO - DAG(s) 'example_skip_dag' retrieved from /home/airflow/.local/lib/python3.12/site-packages/airflow/example_dags/example_skip_dag.py
[2024-07-02T14:52:01.530+0000] {logging_mixin.py:188} INFO - [2024-07-02T14:52:01.530+0000] {dag.py:3096} INFO - Sync 1 DAGs
[2024-07-02T14:52:01.546+0000] {logging_mixin.py:188} INFO - [2024-07-02T14:52:01.546+0000] {dag.py:3954} INFO - Setting next_dagrun for example_skip_dag to 2024-07-01 00:00:00+00:00, run_after=2024-07-02 00:00:00+00:00
[2024-07-02T14:52:01.566+0000] {processor.py:183} INFO - Processing /home/airflow/.local/lib/python3.12/site-packages/airflow/example_dags/example_skip_dag.py took 0.068 seconds
[2024-07-02T14:52:32.189+0000] {processor.py:161} INFO - Started process (PID=371) to work on /home/airflow/.local/lib/python3.12/site-packages/airflow/example_dags/example_skip_dag.py
[2024-07-02T14:52:32.191+0000] {processor.py:830} INFO - Processing file /home/airflow/.local/lib/python3.12/site-packages/airflow/example_dags/example_skip_dag.py for tasks to queue
[2024-07-02T14:52:32.192+0000] {logging_mixin.py:188} INFO - [2024-07-02T14:52:32.192+0000] {dagbag.py:545} INFO - Filling up the DagBag from /home/airflow/.local/lib/python3.12/site-packages/airflow/example_dags/example_skip_dag.py
[2024-07-02T14:52:32.199+0000] {processor.py:840} INFO - DAG(s) 'example_skip_dag' retrieved from /home/airflow/.local/lib/python3.12/site-packages/airflow/example_dags/example_skip_dag.py
[2024-07-02T14:52:32.218+0000] {logging_mixin.py:188} INFO - [2024-07-02T14:52:32.218+0000] {dag.py:3096} INFO - Sync 1 DAGs
[2024-07-02T14:52:32.235+0000] {logging_mixin.py:188} INFO - [2024-07-02T14:52:32.235+0000] {dag.py:3954} INFO - Setting next_dagrun for example_skip_dag to 2024-07-01 00:00:00+00:00, run_after=2024-07-02 00:00:00+00:00
[2024-07-02T14:52:32.260+0000] {processor.py:183} INFO - Processing /home/airflow/.local/lib/python3.12/site-packages/airflow/example_dags/example_skip_dag.py took 0.075 seconds
[2024-07-02T14:53:02.434+0000] {processor.py:161} INFO - Started process (PID=429) to work on /home/airflow/.local/lib/python3.12/site-packages/airflow/example_dags/example_skip_dag.py
[2024-07-02T14:53:02.435+0000] {processor.py:830} INFO - Processing file /home/airflow/.local/lib/python3.12/site-packages/airflow/example_dags/example_skip_dag.py for tasks to queue
[2024-07-02T14:53:02.437+0000] {logging_mixin.py:188} INFO - [2024-07-02T14:53:02.436+0000] {dagbag.py:545} INFO - Filling up the DagBag from /home/airflow/.local/lib/python3.12/site-packages/airflow/example_dags/example_skip_dag.py
[2024-07-02T14:53:02.443+0000] {processor.py:840} INFO - DAG(s) 'example_skip_dag' retrieved from /home/airflow/.local/lib/python3.12/site-packages/airflow/example_dags/example_skip_dag.py
[2024-07-02T14:53:02.463+0000] {logging_mixin.py:188} INFO - [2024-07-02T14:53:02.463+0000] {dag.py:3096} INFO - Sync 1 DAGs
[2024-07-02T14:53:02.483+0000] {logging_mixin.py:188} INFO - [2024-07-02T14:53:02.482+0000] {dag.py:3954} INFO - Setting next_dagrun for example_skip_dag to 2024-07-01 00:00:00+00:00, run_after=2024-07-02 00:00:00+00:00
[2024-07-02T14:53:02.509+0000] {processor.py:183} INFO - Processing /home/airflow/.local/lib/python3.12/site-packages/airflow/example_dags/example_skip_dag.py took 0.081 seconds
[2024-07-02T14:53:33.006+0000] {processor.py:161} INFO - Started process (PID=487) to work on /home/airflow/.local/lib/python3.12/site-packages/airflow/example_dags/example_skip_dag.py
[2024-07-02T14:53:33.007+0000] {processor.py:830} INFO - Processing file /home/airflow/.local/lib/python3.12/site-packages/airflow/example_dags/example_skip_dag.py for tasks to queue
[2024-07-02T14:53:33.009+0000] {logging_mixin.py:188} INFO - [2024-07-02T14:53:33.008+0000] {dagbag.py:545} INFO - Filling up the DagBag from /home/airflow/.local/lib/python3.12/site-packages/airflow/example_dags/example_skip_dag.py
[2024-07-02T14:53:33.018+0000] {processor.py:840} INFO - DAG(s) 'example_skip_dag' retrieved from /home/airflow/.local/lib/python3.12/site-packages/airflow/example_dags/example_skip_dag.py
[2024-07-02T14:53:33.040+0000] {logging_mixin.py:188} INFO - [2024-07-02T14:53:33.039+0000] {dag.py:3096} INFO - Sync 1 DAGs
[2024-07-02T14:53:33.057+0000] {logging_mixin.py:188} INFO - [2024-07-02T14:53:33.057+0000] {dag.py:3954} INFO - Setting next_dagrun for example_skip_dag to 2024-07-01 00:00:00+00:00, run_after=2024-07-02 00:00:00+00:00
[2024-07-02T14:53:33.079+0000] {processor.py:183} INFO - Processing /home/airflow/.local/lib/python3.12/site-packages/airflow/example_dags/example_skip_dag.py took 0.079 seconds
[2024-07-02T14:54:03.542+0000] {processor.py:161} INFO - Started process (PID=546) to work on /home/airflow/.local/lib/python3.12/site-packages/airflow/example_dags/example_skip_dag.py
[2024-07-02T14:54:03.543+0000] {processor.py:830} INFO - Processing file /home/airflow/.local/lib/python3.12/site-packages/airflow/example_dags/example_skip_dag.py for tasks to queue
[2024-07-02T14:54:03.544+0000] {logging_mixin.py:188} INFO - [2024-07-02T14:54:03.544+0000] {dagbag.py:545} INFO - Filling up the DagBag from /home/airflow/.local/lib/python3.12/site-packages/airflow/example_dags/example_skip_dag.py
[2024-07-02T14:54:03.552+0000] {processor.py:840} INFO - DAG(s) 'example_skip_dag' retrieved from /home/airflow/.local/lib/python3.12/site-packages/airflow/example_dags/example_skip_dag.py
[2024-07-02T14:54:03.571+0000] {logging_mixin.py:188} INFO - [2024-07-02T14:54:03.571+0000] {dag.py:3096} INFO - Sync 1 DAGs
[2024-07-02T14:54:03.589+0000] {logging_mixin.py:188} INFO - [2024-07-02T14:54:03.589+0000] {dag.py:3954} INFO - Setting next_dagrun for example_skip_dag to 2024-07-01 00:00:00+00:00, run_after=2024-07-02 00:00:00+00:00
[2024-07-02T14:54:03.612+0000] {processor.py:183} INFO - Processing /home/airflow/.local/lib/python3.12/site-packages/airflow/example_dags/example_skip_dag.py took 0.075 seconds
