[2024-07-02T11:48:22.758+0000] {processor.py:161} INFO - Started process (PID=74) to work on /home/airflow/.local/lib/python3.12/site-packages/airflow/example_dags/tutorial.py
[2024-07-02T11:48:22.787+0000] {processor.py:830} INFO - Processing file /home/airflow/.local/lib/python3.12/site-packages/airflow/example_dags/tutorial.py for tasks to queue
[2024-07-02T11:48:22.799+0000] {logging_mixin.py:188} INFO - [2024-07-02T11:48:22.798+0000] {dagbag.py:545} INFO - Filling up the DagBag from /home/airflow/.local/lib/python3.12/site-packages/airflow/example_dags/tutorial.py
[2024-07-02T11:48:22.841+0000] {processor.py:840} INFO - DAG(s) 'tutorial' retrieved from /home/airflow/.local/lib/python3.12/site-packages/airflow/example_dags/tutorial.py
[2024-07-02T11:48:22.914+0000] {logging_mixin.py:188} INFO - [2024-07-02T11:48:22.914+0000] {dag.py:3096} INFO - Sync 1 DAGs
[2024-07-02T11:48:23.004+0000] {logging_mixin.py:188} INFO - [2024-07-02T11:48:23.003+0000] {dag.py:3954} INFO - Setting next_dagrun for tutorial to 2024-07-01 00:00:00+00:00, run_after=2024-07-02 00:00:00+00:00
[2024-07-02T11:48:23.078+0000] {processor.py:183} INFO - Processing /home/airflow/.local/lib/python3.12/site-packages/airflow/example_dags/tutorial.py took 0.334 seconds
[2024-07-02T11:48:53.413+0000] {processor.py:161} INFO - Started process (PID=136) to work on /home/airflow/.local/lib/python3.12/site-packages/airflow/example_dags/tutorial.py
[2024-07-02T11:48:53.414+0000] {processor.py:830} INFO - Processing file /home/airflow/.local/lib/python3.12/site-packages/airflow/example_dags/tutorial.py for tasks to queue
[2024-07-02T11:48:53.417+0000] {logging_mixin.py:188} INFO - [2024-07-02T11:48:53.416+0000] {dagbag.py:545} INFO - Filling up the DagBag from /home/airflow/.local/lib/python3.12/site-packages/airflow/example_dags/tutorial.py
[2024-07-02T11:48:53.423+0000] {processor.py:840} INFO - DAG(s) 'tutorial' retrieved from /home/airflow/.local/lib/python3.12/site-packages/airflow/example_dags/tutorial.py
[2024-07-02T11:48:53.440+0000] {logging_mixin.py:188} INFO - [2024-07-02T11:48:53.440+0000] {dag.py:3096} INFO - Sync 1 DAGs
[2024-07-02T11:48:53.459+0000] {logging_mixin.py:188} INFO - [2024-07-02T11:48:53.459+0000] {dag.py:3954} INFO - Setting next_dagrun for tutorial to 2024-07-01 00:00:00+00:00, run_after=2024-07-02 00:00:00+00:00
[2024-07-02T11:48:53.480+0000] {processor.py:183} INFO - Processing /home/airflow/.local/lib/python3.12/site-packages/airflow/example_dags/tutorial.py took 0.072 seconds
[2024-07-02T11:49:23.918+0000] {processor.py:161} INFO - Started process (PID=200) to work on /home/airflow/.local/lib/python3.12/site-packages/airflow/example_dags/tutorial.py
[2024-07-02T11:49:23.919+0000] {processor.py:830} INFO - Processing file /home/airflow/.local/lib/python3.12/site-packages/airflow/example_dags/tutorial.py for tasks to queue
[2024-07-02T11:49:23.920+0000] {logging_mixin.py:188} INFO - [2024-07-02T11:49:23.920+0000] {dagbag.py:545} INFO - Filling up the DagBag from /home/airflow/.local/lib/python3.12/site-packages/airflow/example_dags/tutorial.py
[2024-07-02T11:49:23.926+0000] {processor.py:840} INFO - DAG(s) 'tutorial' retrieved from /home/airflow/.local/lib/python3.12/site-packages/airflow/example_dags/tutorial.py
[2024-07-02T11:49:23.943+0000] {logging_mixin.py:188} INFO - [2024-07-02T11:49:23.943+0000] {dag.py:3096} INFO - Sync 1 DAGs
[2024-07-02T11:49:23.962+0000] {logging_mixin.py:188} INFO - [2024-07-02T11:49:23.962+0000] {dag.py:3954} INFO - Setting next_dagrun for tutorial to 2024-07-01 00:00:00+00:00, run_after=2024-07-02 00:00:00+00:00
[2024-07-02T11:49:23.983+0000] {processor.py:183} INFO - Processing /home/airflow/.local/lib/python3.12/site-packages/airflow/example_dags/tutorial.py took 0.070 seconds
[2024-07-02T11:49:54.280+0000] {processor.py:161} INFO - Started process (PID=263) to work on /home/airflow/.local/lib/python3.12/site-packages/airflow/example_dags/tutorial.py
[2024-07-02T11:49:54.281+0000] {processor.py:830} INFO - Processing file /home/airflow/.local/lib/python3.12/site-packages/airflow/example_dags/tutorial.py for tasks to queue
[2024-07-02T11:49:54.283+0000] {logging_mixin.py:188} INFO - [2024-07-02T11:49:54.282+0000] {dagbag.py:545} INFO - Filling up the DagBag from /home/airflow/.local/lib/python3.12/site-packages/airflow/example_dags/tutorial.py
[2024-07-02T11:49:54.289+0000] {processor.py:840} INFO - DAG(s) 'tutorial' retrieved from /home/airflow/.local/lib/python3.12/site-packages/airflow/example_dags/tutorial.py
[2024-07-02T11:49:54.308+0000] {logging_mixin.py:188} INFO - [2024-07-02T11:49:54.307+0000] {dag.py:3096} INFO - Sync 1 DAGs
[2024-07-02T11:49:54.327+0000] {logging_mixin.py:188} INFO - [2024-07-02T11:49:54.327+0000] {dag.py:3954} INFO - Setting next_dagrun for tutorial to 2024-07-01 00:00:00+00:00, run_after=2024-07-02 00:00:00+00:00
[2024-07-02T11:49:54.350+0000] {processor.py:183} INFO - Processing /home/airflow/.local/lib/python3.12/site-packages/airflow/example_dags/tutorial.py took 0.076 seconds
[2024-07-02T11:50:24.728+0000] {processor.py:161} INFO - Started process (PID=326) to work on /home/airflow/.local/lib/python3.12/site-packages/airflow/example_dags/tutorial.py
[2024-07-02T11:50:24.729+0000] {processor.py:830} INFO - Processing file /home/airflow/.local/lib/python3.12/site-packages/airflow/example_dags/tutorial.py for tasks to queue
[2024-07-02T11:50:24.730+0000] {logging_mixin.py:188} INFO - [2024-07-02T11:50:24.730+0000] {dagbag.py:545} INFO - Filling up the DagBag from /home/airflow/.local/lib/python3.12/site-packages/airflow/example_dags/tutorial.py
[2024-07-02T11:50:24.737+0000] {processor.py:840} INFO - DAG(s) 'tutorial' retrieved from /home/airflow/.local/lib/python3.12/site-packages/airflow/example_dags/tutorial.py
[2024-07-02T11:50:24.750+0000] {logging_mixin.py:188} INFO - [2024-07-02T11:50:24.750+0000] {dag.py:3096} INFO - Sync 1 DAGs
[2024-07-02T11:50:24.771+0000] {logging_mixin.py:188} INFO - [2024-07-02T11:50:24.771+0000] {dag.py:3954} INFO - Setting next_dagrun for tutorial to 2024-07-01 00:00:00+00:00, run_after=2024-07-02 00:00:00+00:00
[2024-07-02T11:50:24.794+0000] {processor.py:183} INFO - Processing /home/airflow/.local/lib/python3.12/site-packages/airflow/example_dags/tutorial.py took 0.073 seconds
[2024-07-02T11:50:56.161+0000] {processor.py:161} INFO - Started process (PID=389) to work on /home/airflow/.local/lib/python3.12/site-packages/airflow/example_dags/tutorial.py
[2024-07-02T11:50:56.162+0000] {processor.py:830} INFO - Processing file /home/airflow/.local/lib/python3.12/site-packages/airflow/example_dags/tutorial.py for tasks to queue
[2024-07-02T11:50:56.163+0000] {logging_mixin.py:188} INFO - [2024-07-02T11:50:56.163+0000] {dagbag.py:545} INFO - Filling up the DagBag from /home/airflow/.local/lib/python3.12/site-packages/airflow/example_dags/tutorial.py
[2024-07-02T11:50:56.169+0000] {processor.py:840} INFO - DAG(s) 'tutorial' retrieved from /home/airflow/.local/lib/python3.12/site-packages/airflow/example_dags/tutorial.py
[2024-07-02T11:50:56.283+0000] {logging_mixin.py:188} INFO - [2024-07-02T11:50:56.283+0000] {dag.py:3096} INFO - Sync 1 DAGs
[2024-07-02T11:50:56.302+0000] {logging_mixin.py:188} INFO - [2024-07-02T11:50:56.302+0000] {dag.py:3954} INFO - Setting next_dagrun for tutorial to 2024-07-01 00:00:00+00:00, run_after=2024-07-02 00:00:00+00:00
[2024-07-02T11:50:56.328+0000] {processor.py:183} INFO - Processing /home/airflow/.local/lib/python3.12/site-packages/airflow/example_dags/tutorial.py took 0.173 seconds
[2024-07-02T11:51:27.088+0000] {processor.py:161} INFO - Started process (PID=452) to work on /home/airflow/.local/lib/python3.12/site-packages/airflow/example_dags/tutorial.py
[2024-07-02T11:51:27.089+0000] {processor.py:830} INFO - Processing file /home/airflow/.local/lib/python3.12/site-packages/airflow/example_dags/tutorial.py for tasks to queue
[2024-07-02T11:51:27.089+0000] {logging_mixin.py:188} INFO - [2024-07-02T11:51:27.089+0000] {dagbag.py:545} INFO - Filling up the DagBag from /home/airflow/.local/lib/python3.12/site-packages/airflow/example_dags/tutorial.py
[2024-07-02T11:51:27.095+0000] {processor.py:840} INFO - DAG(s) 'tutorial' retrieved from /home/airflow/.local/lib/python3.12/site-packages/airflow/example_dags/tutorial.py
[2024-07-02T11:51:27.111+0000] {logging_mixin.py:188} INFO - [2024-07-02T11:51:27.110+0000] {dag.py:3096} INFO - Sync 1 DAGs
[2024-07-02T11:51:27.127+0000] {logging_mixin.py:188} INFO - [2024-07-02T11:51:27.127+0000] {dag.py:3954} INFO - Setting next_dagrun for tutorial to 2024-07-01 00:00:00+00:00, run_after=2024-07-02 00:00:00+00:00
[2024-07-02T11:51:27.146+0000] {processor.py:183} INFO - Processing /home/airflow/.local/lib/python3.12/site-packages/airflow/example_dags/tutorial.py took 0.063 seconds
[2024-07-02T11:51:58.077+0000] {processor.py:161} INFO - Started process (PID=515) to work on /home/airflow/.local/lib/python3.12/site-packages/airflow/example_dags/tutorial.py
[2024-07-02T11:51:58.078+0000] {processor.py:830} INFO - Processing file /home/airflow/.local/lib/python3.12/site-packages/airflow/example_dags/tutorial.py for tasks to queue
[2024-07-02T11:51:58.079+0000] {logging_mixin.py:188} INFO - [2024-07-02T11:51:58.079+0000] {dagbag.py:545} INFO - Filling up the DagBag from /home/airflow/.local/lib/python3.12/site-packages/airflow/example_dags/tutorial.py
[2024-07-02T11:51:58.084+0000] {processor.py:840} INFO - DAG(s) 'tutorial' retrieved from /home/airflow/.local/lib/python3.12/site-packages/airflow/example_dags/tutorial.py
[2024-07-02T11:51:58.104+0000] {logging_mixin.py:188} INFO - [2024-07-02T11:51:58.103+0000] {dag.py:3096} INFO - Sync 1 DAGs
[2024-07-02T11:51:58.121+0000] {logging_mixin.py:188} INFO - [2024-07-02T11:51:58.121+0000] {dag.py:3954} INFO - Setting next_dagrun for tutorial to 2024-07-01 00:00:00+00:00, run_after=2024-07-02 00:00:00+00:00
[2024-07-02T11:51:58.142+0000] {processor.py:183} INFO - Processing /home/airflow/.local/lib/python3.12/site-packages/airflow/example_dags/tutorial.py took 0.070 seconds
[2024-07-02T11:52:28.594+0000] {processor.py:161} INFO - Started process (PID=578) to work on /home/airflow/.local/lib/python3.12/site-packages/airflow/example_dags/tutorial.py
[2024-07-02T11:52:28.595+0000] {processor.py:830} INFO - Processing file /home/airflow/.local/lib/python3.12/site-packages/airflow/example_dags/tutorial.py for tasks to queue
[2024-07-02T11:52:28.596+0000] {logging_mixin.py:188} INFO - [2024-07-02T11:52:28.596+0000] {dagbag.py:545} INFO - Filling up the DagBag from /home/airflow/.local/lib/python3.12/site-packages/airflow/example_dags/tutorial.py
[2024-07-02T11:52:28.601+0000] {processor.py:840} INFO - DAG(s) 'tutorial' retrieved from /home/airflow/.local/lib/python3.12/site-packages/airflow/example_dags/tutorial.py
[2024-07-02T11:52:28.620+0000] {logging_mixin.py:188} INFO - [2024-07-02T11:52:28.620+0000] {dag.py:3096} INFO - Sync 1 DAGs
[2024-07-02T11:52:28.638+0000] {logging_mixin.py:188} INFO - [2024-07-02T11:52:28.638+0000] {dag.py:3954} INFO - Setting next_dagrun for tutorial to 2024-07-01 00:00:00+00:00, run_after=2024-07-02 00:00:00+00:00
[2024-07-02T11:52:28.659+0000] {processor.py:183} INFO - Processing /home/airflow/.local/lib/python3.12/site-packages/airflow/example_dags/tutorial.py took 0.071 seconds
[2024-07-02T11:52:59.157+0000] {processor.py:161} INFO - Started process (PID=642) to work on /home/airflow/.local/lib/python3.12/site-packages/airflow/example_dags/tutorial.py
[2024-07-02T11:52:59.158+0000] {processor.py:830} INFO - Processing file /home/airflow/.local/lib/python3.12/site-packages/airflow/example_dags/tutorial.py for tasks to queue
[2024-07-02T11:52:59.160+0000] {logging_mixin.py:188} INFO - [2024-07-02T11:52:59.159+0000] {dagbag.py:545} INFO - Filling up the DagBag from /home/airflow/.local/lib/python3.12/site-packages/airflow/example_dags/tutorial.py
[2024-07-02T11:52:59.165+0000] {processor.py:840} INFO - DAG(s) 'tutorial' retrieved from /home/airflow/.local/lib/python3.12/site-packages/airflow/example_dags/tutorial.py
[2024-07-02T11:52:59.183+0000] {logging_mixin.py:188} INFO - [2024-07-02T11:52:59.183+0000] {dag.py:3096} INFO - Sync 1 DAGs
[2024-07-02T11:52:59.204+0000] {logging_mixin.py:188} INFO - [2024-07-02T11:52:59.204+0000] {dag.py:3954} INFO - Setting next_dagrun for tutorial to 2024-07-01 00:00:00+00:00, run_after=2024-07-02 00:00:00+00:00
[2024-07-02T11:52:59.222+0000] {processor.py:183} INFO - Processing /home/airflow/.local/lib/python3.12/site-packages/airflow/example_dags/tutorial.py took 0.071 seconds
[2024-07-02T11:53:29.967+0000] {processor.py:161} INFO - Started process (PID=705) to work on /home/airflow/.local/lib/python3.12/site-packages/airflow/example_dags/tutorial.py
[2024-07-02T11:53:29.968+0000] {processor.py:830} INFO - Processing file /home/airflow/.local/lib/python3.12/site-packages/airflow/example_dags/tutorial.py for tasks to queue
[2024-07-02T11:53:29.969+0000] {logging_mixin.py:188} INFO - [2024-07-02T11:53:29.969+0000] {dagbag.py:545} INFO - Filling up the DagBag from /home/airflow/.local/lib/python3.12/site-packages/airflow/example_dags/tutorial.py
[2024-07-02T11:53:29.975+0000] {processor.py:840} INFO - DAG(s) 'tutorial' retrieved from /home/airflow/.local/lib/python3.12/site-packages/airflow/example_dags/tutorial.py
[2024-07-02T11:53:29.992+0000] {logging_mixin.py:188} INFO - [2024-07-02T11:53:29.992+0000] {dag.py:3096} INFO - Sync 1 DAGs
[2024-07-02T11:53:30.009+0000] {logging_mixin.py:188} INFO - [2024-07-02T11:53:30.008+0000] {dag.py:3954} INFO - Setting next_dagrun for tutorial to 2024-07-01 00:00:00+00:00, run_after=2024-07-02 00:00:00+00:00
[2024-07-02T11:53:30.030+0000] {processor.py:183} INFO - Processing /home/airflow/.local/lib/python3.12/site-packages/airflow/example_dags/tutorial.py took 0.068 seconds
[2024-07-02T11:54:00.592+0000] {processor.py:161} INFO - Started process (PID=768) to work on /home/airflow/.local/lib/python3.12/site-packages/airflow/example_dags/tutorial.py
[2024-07-02T11:54:00.594+0000] {processor.py:830} INFO - Processing file /home/airflow/.local/lib/python3.12/site-packages/airflow/example_dags/tutorial.py for tasks to queue
[2024-07-02T11:54:00.595+0000] {logging_mixin.py:188} INFO - [2024-07-02T11:54:00.595+0000] {dagbag.py:545} INFO - Filling up the DagBag from /home/airflow/.local/lib/python3.12/site-packages/airflow/example_dags/tutorial.py
[2024-07-02T11:54:00.600+0000] {processor.py:840} INFO - DAG(s) 'tutorial' retrieved from /home/airflow/.local/lib/python3.12/site-packages/airflow/example_dags/tutorial.py
[2024-07-02T11:54:00.617+0000] {logging_mixin.py:188} INFO - [2024-07-02T11:54:00.617+0000] {dag.py:3096} INFO - Sync 1 DAGs
[2024-07-02T11:54:00.635+0000] {logging_mixin.py:188} INFO - [2024-07-02T11:54:00.635+0000] {dag.py:3954} INFO - Setting next_dagrun for tutorial to 2024-07-01 00:00:00+00:00, run_after=2024-07-02 00:00:00+00:00
[2024-07-02T11:54:00.654+0000] {processor.py:183} INFO - Processing /home/airflow/.local/lib/python3.12/site-packages/airflow/example_dags/tutorial.py took 0.068 seconds
[2024-07-02T11:54:32.221+0000] {processor.py:161} INFO - Started process (PID=837) to work on /home/airflow/.local/lib/python3.12/site-packages/airflow/example_dags/tutorial.py
[2024-07-02T11:54:32.223+0000] {processor.py:830} INFO - Processing file /home/airflow/.local/lib/python3.12/site-packages/airflow/example_dags/tutorial.py for tasks to queue
[2024-07-02T11:54:32.224+0000] {logging_mixin.py:188} INFO - [2024-07-02T11:54:32.224+0000] {dagbag.py:545} INFO - Filling up the DagBag from /home/airflow/.local/lib/python3.12/site-packages/airflow/example_dags/tutorial.py
[2024-07-02T11:54:32.231+0000] {processor.py:840} INFO - DAG(s) 'tutorial' retrieved from /home/airflow/.local/lib/python3.12/site-packages/airflow/example_dags/tutorial.py
[2024-07-02T11:54:32.254+0000] {logging_mixin.py:188} INFO - [2024-07-02T11:54:32.253+0000] {dag.py:3096} INFO - Sync 1 DAGs
[2024-07-02T11:54:32.282+0000] {logging_mixin.py:188} INFO - [2024-07-02T11:54:32.281+0000] {dag.py:3954} INFO - Setting next_dagrun for tutorial to 2024-07-01 00:00:00+00:00, run_after=2024-07-02 00:00:00+00:00
[2024-07-02T11:54:32.305+0000] {processor.py:183} INFO - Processing /home/airflow/.local/lib/python3.12/site-packages/airflow/example_dags/tutorial.py took 0.089 seconds
[2024-07-02T11:55:03.612+0000] {processor.py:161} INFO - Started process (PID=900) to work on /home/airflow/.local/lib/python3.12/site-packages/airflow/example_dags/tutorial.py
[2024-07-02T11:55:03.613+0000] {processor.py:830} INFO - Processing file /home/airflow/.local/lib/python3.12/site-packages/airflow/example_dags/tutorial.py for tasks to queue
[2024-07-02T11:55:03.614+0000] {logging_mixin.py:188} INFO - [2024-07-02T11:55:03.614+0000] {dagbag.py:545} INFO - Filling up the DagBag from /home/airflow/.local/lib/python3.12/site-packages/airflow/example_dags/tutorial.py
[2024-07-02T11:55:03.621+0000] {processor.py:840} INFO - DAG(s) 'tutorial' retrieved from /home/airflow/.local/lib/python3.12/site-packages/airflow/example_dags/tutorial.py
[2024-07-02T11:55:03.645+0000] {logging_mixin.py:188} INFO - [2024-07-02T11:55:03.644+0000] {dag.py:3096} INFO - Sync 1 DAGs
[2024-07-02T11:55:03.673+0000] {logging_mixin.py:188} INFO - [2024-07-02T11:55:03.673+0000] {dag.py:3954} INFO - Setting next_dagrun for tutorial to 2024-07-01 00:00:00+00:00, run_after=2024-07-02 00:00:00+00:00
[2024-07-02T11:55:03.699+0000] {processor.py:183} INFO - Processing /home/airflow/.local/lib/python3.12/site-packages/airflow/example_dags/tutorial.py took 0.094 seconds
[2024-07-02T11:55:34.373+0000] {processor.py:161} INFO - Started process (PID=963) to work on /home/airflow/.local/lib/python3.12/site-packages/airflow/example_dags/tutorial.py
[2024-07-02T11:55:34.374+0000] {processor.py:830} INFO - Processing file /home/airflow/.local/lib/python3.12/site-packages/airflow/example_dags/tutorial.py for tasks to queue
[2024-07-02T11:55:34.375+0000] {logging_mixin.py:188} INFO - [2024-07-02T11:55:34.375+0000] {dagbag.py:545} INFO - Filling up the DagBag from /home/airflow/.local/lib/python3.12/site-packages/airflow/example_dags/tutorial.py
[2024-07-02T11:55:34.382+0000] {processor.py:840} INFO - DAG(s) 'tutorial' retrieved from /home/airflow/.local/lib/python3.12/site-packages/airflow/example_dags/tutorial.py
[2024-07-02T11:55:34.403+0000] {logging_mixin.py:188} INFO - [2024-07-02T11:55:34.402+0000] {dag.py:3096} INFO - Sync 1 DAGs
[2024-07-02T11:55:34.423+0000] {logging_mixin.py:188} INFO - [2024-07-02T11:55:34.423+0000] {dag.py:3954} INFO - Setting next_dagrun for tutorial to 2024-07-01 00:00:00+00:00, run_after=2024-07-02 00:00:00+00:00
[2024-07-02T11:55:34.448+0000] {processor.py:183} INFO - Processing /home/airflow/.local/lib/python3.12/site-packages/airflow/example_dags/tutorial.py took 0.082 seconds
[2024-07-02T11:56:05.327+0000] {processor.py:161} INFO - Started process (PID=1026) to work on /home/airflow/.local/lib/python3.12/site-packages/airflow/example_dags/tutorial.py
[2024-07-02T11:56:05.328+0000] {processor.py:830} INFO - Processing file /home/airflow/.local/lib/python3.12/site-packages/airflow/example_dags/tutorial.py for tasks to queue
[2024-07-02T11:56:05.330+0000] {logging_mixin.py:188} INFO - [2024-07-02T11:56:05.329+0000] {dagbag.py:545} INFO - Filling up the DagBag from /home/airflow/.local/lib/python3.12/site-packages/airflow/example_dags/tutorial.py
[2024-07-02T11:56:05.337+0000] {processor.py:840} INFO - DAG(s) 'tutorial' retrieved from /home/airflow/.local/lib/python3.12/site-packages/airflow/example_dags/tutorial.py
[2024-07-02T11:56:05.359+0000] {logging_mixin.py:188} INFO - [2024-07-02T11:56:05.358+0000] {dag.py:3096} INFO - Sync 1 DAGs
[2024-07-02T11:56:05.380+0000] {logging_mixin.py:188} INFO - [2024-07-02T11:56:05.380+0000] {dag.py:3954} INFO - Setting next_dagrun for tutorial to 2024-07-01 00:00:00+00:00, run_after=2024-07-02 00:00:00+00:00
[2024-07-02T11:56:05.404+0000] {processor.py:183} INFO - Processing /home/airflow/.local/lib/python3.12/site-packages/airflow/example_dags/tutorial.py took 0.084 seconds
[2024-07-02T11:56:36.158+0000] {processor.py:161} INFO - Started process (PID=1088) to work on /home/airflow/.local/lib/python3.12/site-packages/airflow/example_dags/tutorial.py
[2024-07-02T11:56:36.159+0000] {processor.py:830} INFO - Processing file /home/airflow/.local/lib/python3.12/site-packages/airflow/example_dags/tutorial.py for tasks to queue
[2024-07-02T11:56:36.160+0000] {logging_mixin.py:188} INFO - [2024-07-02T11:56:36.160+0000] {dagbag.py:545} INFO - Filling up the DagBag from /home/airflow/.local/lib/python3.12/site-packages/airflow/example_dags/tutorial.py
[2024-07-02T11:56:36.166+0000] {processor.py:840} INFO - DAG(s) 'tutorial' retrieved from /home/airflow/.local/lib/python3.12/site-packages/airflow/example_dags/tutorial.py
[2024-07-02T11:56:36.186+0000] {logging_mixin.py:188} INFO - [2024-07-02T11:56:36.185+0000] {dag.py:3096} INFO - Sync 1 DAGs
[2024-07-02T11:56:36.205+0000] {logging_mixin.py:188} INFO - [2024-07-02T11:56:36.205+0000] {dag.py:3954} INFO - Setting next_dagrun for tutorial to 2024-07-01 00:00:00+00:00, run_after=2024-07-02 00:00:00+00:00
[2024-07-02T11:56:36.232+0000] {processor.py:183} INFO - Processing /home/airflow/.local/lib/python3.12/site-packages/airflow/example_dags/tutorial.py took 0.080 seconds
[2024-07-02T11:57:07.127+0000] {processor.py:161} INFO - Started process (PID=1151) to work on /home/airflow/.local/lib/python3.12/site-packages/airflow/example_dags/tutorial.py
[2024-07-02T11:57:07.128+0000] {processor.py:830} INFO - Processing file /home/airflow/.local/lib/python3.12/site-packages/airflow/example_dags/tutorial.py for tasks to queue
[2024-07-02T11:57:07.129+0000] {logging_mixin.py:188} INFO - [2024-07-02T11:57:07.129+0000] {dagbag.py:545} INFO - Filling up the DagBag from /home/airflow/.local/lib/python3.12/site-packages/airflow/example_dags/tutorial.py
[2024-07-02T11:57:07.135+0000] {processor.py:840} INFO - DAG(s) 'tutorial' retrieved from /home/airflow/.local/lib/python3.12/site-packages/airflow/example_dags/tutorial.py
[2024-07-02T11:57:07.155+0000] {logging_mixin.py:188} INFO - [2024-07-02T11:57:07.154+0000] {dag.py:3096} INFO - Sync 1 DAGs
[2024-07-02T11:57:07.177+0000] {logging_mixin.py:188} INFO - [2024-07-02T11:57:07.176+0000] {dag.py:3954} INFO - Setting next_dagrun for tutorial to 2024-07-01 00:00:00+00:00, run_after=2024-07-02 00:00:00+00:00
[2024-07-02T11:57:07.200+0000] {processor.py:183} INFO - Processing /home/airflow/.local/lib/python3.12/site-packages/airflow/example_dags/tutorial.py took 0.080 seconds
[2024-07-02T11:57:37.997+0000] {processor.py:161} INFO - Started process (PID=1214) to work on /home/airflow/.local/lib/python3.12/site-packages/airflow/example_dags/tutorial.py
[2024-07-02T11:57:37.998+0000] {processor.py:830} INFO - Processing file /home/airflow/.local/lib/python3.12/site-packages/airflow/example_dags/tutorial.py for tasks to queue
[2024-07-02T11:57:37.999+0000] {logging_mixin.py:188} INFO - [2024-07-02T11:57:37.999+0000] {dagbag.py:545} INFO - Filling up the DagBag from /home/airflow/.local/lib/python3.12/site-packages/airflow/example_dags/tutorial.py
[2024-07-02T11:57:38.005+0000] {processor.py:840} INFO - DAG(s) 'tutorial' retrieved from /home/airflow/.local/lib/python3.12/site-packages/airflow/example_dags/tutorial.py
[2024-07-02T11:57:38.022+0000] {logging_mixin.py:188} INFO - [2024-07-02T11:57:38.021+0000] {dag.py:3096} INFO - Sync 1 DAGs
[2024-07-02T11:57:38.039+0000] {logging_mixin.py:188} INFO - [2024-07-02T11:57:38.039+0000] {dag.py:3954} INFO - Setting next_dagrun for tutorial to 2024-07-01 00:00:00+00:00, run_after=2024-07-02 00:00:00+00:00
[2024-07-02T11:57:38.059+0000] {processor.py:183} INFO - Processing /home/airflow/.local/lib/python3.12/site-packages/airflow/example_dags/tutorial.py took 0.069 seconds
[2024-07-02T11:58:08.730+0000] {processor.py:161} INFO - Started process (PID=1277) to work on /home/airflow/.local/lib/python3.12/site-packages/airflow/example_dags/tutorial.py
[2024-07-02T11:58:08.731+0000] {processor.py:830} INFO - Processing file /home/airflow/.local/lib/python3.12/site-packages/airflow/example_dags/tutorial.py for tasks to queue
[2024-07-02T11:58:08.732+0000] {logging_mixin.py:188} INFO - [2024-07-02T11:58:08.732+0000] {dagbag.py:545} INFO - Filling up the DagBag from /home/airflow/.local/lib/python3.12/site-packages/airflow/example_dags/tutorial.py
[2024-07-02T11:58:08.737+0000] {processor.py:840} INFO - DAG(s) 'tutorial' retrieved from /home/airflow/.local/lib/python3.12/site-packages/airflow/example_dags/tutorial.py
[2024-07-02T11:58:08.757+0000] {logging_mixin.py:188} INFO - [2024-07-02T11:58:08.756+0000] {dag.py:3096} INFO - Sync 1 DAGs
[2024-07-02T11:58:08.775+0000] {logging_mixin.py:188} INFO - [2024-07-02T11:58:08.775+0000] {dag.py:3954} INFO - Setting next_dagrun for tutorial to 2024-07-01 00:00:00+00:00, run_after=2024-07-02 00:00:00+00:00
[2024-07-02T11:58:08.795+0000] {processor.py:183} INFO - Processing /home/airflow/.local/lib/python3.12/site-packages/airflow/example_dags/tutorial.py took 0.072 seconds
[2024-07-02T11:58:39.440+0000] {processor.py:161} INFO - Started process (PID=1340) to work on /home/airflow/.local/lib/python3.12/site-packages/airflow/example_dags/tutorial.py
[2024-07-02T11:58:39.441+0000] {processor.py:830} INFO - Processing file /home/airflow/.local/lib/python3.12/site-packages/airflow/example_dags/tutorial.py for tasks to queue
[2024-07-02T11:58:39.443+0000] {logging_mixin.py:188} INFO - [2024-07-02T11:58:39.442+0000] {dagbag.py:545} INFO - Filling up the DagBag from /home/airflow/.local/lib/python3.12/site-packages/airflow/example_dags/tutorial.py
[2024-07-02T11:58:39.448+0000] {processor.py:840} INFO - DAG(s) 'tutorial' retrieved from /home/airflow/.local/lib/python3.12/site-packages/airflow/example_dags/tutorial.py
[2024-07-02T11:58:39.466+0000] {logging_mixin.py:188} INFO - [2024-07-02T11:58:39.466+0000] {dag.py:3096} INFO - Sync 1 DAGs
[2024-07-02T11:58:39.487+0000] {logging_mixin.py:188} INFO - [2024-07-02T11:58:39.487+0000] {dag.py:3954} INFO - Setting next_dagrun for tutorial to 2024-07-01 00:00:00+00:00, run_after=2024-07-02 00:00:00+00:00
[2024-07-02T11:58:39.507+0000] {processor.py:183} INFO - Processing /home/airflow/.local/lib/python3.12/site-packages/airflow/example_dags/tutorial.py took 0.072 seconds
[2024-07-02T11:59:10.160+0000] {processor.py:161} INFO - Started process (PID=1403) to work on /home/airflow/.local/lib/python3.12/site-packages/airflow/example_dags/tutorial.py
[2024-07-02T11:59:10.161+0000] {processor.py:830} INFO - Processing file /home/airflow/.local/lib/python3.12/site-packages/airflow/example_dags/tutorial.py for tasks to queue
[2024-07-02T11:59:10.163+0000] {logging_mixin.py:188} INFO - [2024-07-02T11:59:10.162+0000] {dagbag.py:545} INFO - Filling up the DagBag from /home/airflow/.local/lib/python3.12/site-packages/airflow/example_dags/tutorial.py
[2024-07-02T11:59:10.169+0000] {processor.py:840} INFO - DAG(s) 'tutorial' retrieved from /home/airflow/.local/lib/python3.12/site-packages/airflow/example_dags/tutorial.py
[2024-07-02T11:59:10.191+0000] {logging_mixin.py:188} INFO - [2024-07-02T11:59:10.191+0000] {dag.py:3096} INFO - Sync 1 DAGs
[2024-07-02T11:59:10.215+0000] {logging_mixin.py:188} INFO - [2024-07-02T11:59:10.214+0000] {dag.py:3954} INFO - Setting next_dagrun for tutorial to 2024-07-01 00:00:00+00:00, run_after=2024-07-02 00:00:00+00:00
[2024-07-02T11:59:10.235+0000] {processor.py:183} INFO - Processing /home/airflow/.local/lib/python3.12/site-packages/airflow/example_dags/tutorial.py took 0.081 seconds
[2024-07-02T11:59:41.261+0000] {processor.py:161} INFO - Started process (PID=1466) to work on /home/airflow/.local/lib/python3.12/site-packages/airflow/example_dags/tutorial.py
[2024-07-02T11:59:41.262+0000] {processor.py:830} INFO - Processing file /home/airflow/.local/lib/python3.12/site-packages/airflow/example_dags/tutorial.py for tasks to queue
[2024-07-02T11:59:41.263+0000] {logging_mixin.py:188} INFO - [2024-07-02T11:59:41.263+0000] {dagbag.py:545} INFO - Filling up the DagBag from /home/airflow/.local/lib/python3.12/site-packages/airflow/example_dags/tutorial.py
[2024-07-02T11:59:41.269+0000] {processor.py:840} INFO - DAG(s) 'tutorial' retrieved from /home/airflow/.local/lib/python3.12/site-packages/airflow/example_dags/tutorial.py
[2024-07-02T11:59:41.288+0000] {logging_mixin.py:188} INFO - [2024-07-02T11:59:41.288+0000] {dag.py:3096} INFO - Sync 1 DAGs
[2024-07-02T11:59:41.308+0000] {logging_mixin.py:188} INFO - [2024-07-02T11:59:41.308+0000] {dag.py:3954} INFO - Setting next_dagrun for tutorial to 2024-07-01 00:00:00+00:00, run_after=2024-07-02 00:00:00+00:00
[2024-07-02T11:59:41.444+0000] {processor.py:183} INFO - Processing /home/airflow/.local/lib/python3.12/site-packages/airflow/example_dags/tutorial.py took 0.189 seconds
[2024-07-02T12:00:11.950+0000] {processor.py:161} INFO - Started process (PID=1529) to work on /home/airflow/.local/lib/python3.12/site-packages/airflow/example_dags/tutorial.py
[2024-07-02T12:00:11.951+0000] {processor.py:830} INFO - Processing file /home/airflow/.local/lib/python3.12/site-packages/airflow/example_dags/tutorial.py for tasks to queue
[2024-07-02T12:00:11.953+0000] {logging_mixin.py:188} INFO - [2024-07-02T12:00:11.952+0000] {dagbag.py:545} INFO - Filling up the DagBag from /home/airflow/.local/lib/python3.12/site-packages/airflow/example_dags/tutorial.py
[2024-07-02T12:00:11.958+0000] {processor.py:840} INFO - DAG(s) 'tutorial' retrieved from /home/airflow/.local/lib/python3.12/site-packages/airflow/example_dags/tutorial.py
[2024-07-02T12:00:11.976+0000] {logging_mixin.py:188} INFO - [2024-07-02T12:00:11.976+0000] {dag.py:3096} INFO - Sync 1 DAGs
[2024-07-02T12:00:11.996+0000] {logging_mixin.py:188} INFO - [2024-07-02T12:00:11.996+0000] {dag.py:3954} INFO - Setting next_dagrun for tutorial to 2024-07-01 00:00:00+00:00, run_after=2024-07-02 00:00:00+00:00
[2024-07-02T12:00:12.126+0000] {processor.py:183} INFO - Processing /home/airflow/.local/lib/python3.12/site-packages/airflow/example_dags/tutorial.py took 0.182 seconds
[2024-07-02T12:00:43.270+0000] {processor.py:161} INFO - Started process (PID=1592) to work on /home/airflow/.local/lib/python3.12/site-packages/airflow/example_dags/tutorial.py
[2024-07-02T12:00:43.271+0000] {processor.py:830} INFO - Processing file /home/airflow/.local/lib/python3.12/site-packages/airflow/example_dags/tutorial.py for tasks to queue
[2024-07-02T12:00:43.273+0000] {logging_mixin.py:188} INFO - [2024-07-02T12:00:43.272+0000] {dagbag.py:545} INFO - Filling up the DagBag from /home/airflow/.local/lib/python3.12/site-packages/airflow/example_dags/tutorial.py
[2024-07-02T12:00:43.278+0000] {processor.py:840} INFO - DAG(s) 'tutorial' retrieved from /home/airflow/.local/lib/python3.12/site-packages/airflow/example_dags/tutorial.py
[2024-07-02T12:00:43.298+0000] {logging_mixin.py:188} INFO - [2024-07-02T12:00:43.298+0000] {dag.py:3096} INFO - Sync 1 DAGs
[2024-07-02T12:00:43.317+0000] {logging_mixin.py:188} INFO - [2024-07-02T12:00:43.317+0000] {dag.py:3954} INFO - Setting next_dagrun for tutorial to 2024-07-01 00:00:00+00:00, run_after=2024-07-02 00:00:00+00:00
[2024-07-02T12:00:43.338+0000] {processor.py:183} INFO - Processing /home/airflow/.local/lib/python3.12/site-packages/airflow/example_dags/tutorial.py took 0.074 seconds
[2024-07-02T12:01:13.863+0000] {processor.py:161} INFO - Started process (PID=1655) to work on /home/airflow/.local/lib/python3.12/site-packages/airflow/example_dags/tutorial.py
[2024-07-02T12:01:13.864+0000] {processor.py:830} INFO - Processing file /home/airflow/.local/lib/python3.12/site-packages/airflow/example_dags/tutorial.py for tasks to queue
[2024-07-02T12:01:13.865+0000] {logging_mixin.py:188} INFO - [2024-07-02T12:01:13.865+0000] {dagbag.py:545} INFO - Filling up the DagBag from /home/airflow/.local/lib/python3.12/site-packages/airflow/example_dags/tutorial.py
[2024-07-02T12:01:13.872+0000] {processor.py:840} INFO - DAG(s) 'tutorial' retrieved from /home/airflow/.local/lib/python3.12/site-packages/airflow/example_dags/tutorial.py
[2024-07-02T12:01:13.891+0000] {logging_mixin.py:188} INFO - [2024-07-02T12:01:13.891+0000] {dag.py:3096} INFO - Sync 1 DAGs
[2024-07-02T12:01:13.910+0000] {logging_mixin.py:188} INFO - [2024-07-02T12:01:13.910+0000] {dag.py:3954} INFO - Setting next_dagrun for tutorial to 2024-07-01 00:00:00+00:00, run_after=2024-07-02 00:00:00+00:00
[2024-07-02T12:01:13.931+0000] {processor.py:183} INFO - Processing /home/airflow/.local/lib/python3.12/site-packages/airflow/example_dags/tutorial.py took 0.074 seconds
[2024-07-02T12:01:45.743+0000] {processor.py:161} INFO - Started process (PID=1718) to work on /home/airflow/.local/lib/python3.12/site-packages/airflow/example_dags/tutorial.py
[2024-07-02T12:01:45.744+0000] {processor.py:830} INFO - Processing file /home/airflow/.local/lib/python3.12/site-packages/airflow/example_dags/tutorial.py for tasks to queue
[2024-07-02T12:01:45.745+0000] {logging_mixin.py:188} INFO - [2024-07-02T12:01:45.745+0000] {dagbag.py:545} INFO - Filling up the DagBag from /home/airflow/.local/lib/python3.12/site-packages/airflow/example_dags/tutorial.py
[2024-07-02T12:01:45.751+0000] {processor.py:840} INFO - DAG(s) 'tutorial' retrieved from /home/airflow/.local/lib/python3.12/site-packages/airflow/example_dags/tutorial.py
[2024-07-02T12:01:45.769+0000] {logging_mixin.py:188} INFO - [2024-07-02T12:01:45.769+0000] {dag.py:3096} INFO - Sync 1 DAGs
[2024-07-02T12:01:45.787+0000] {logging_mixin.py:188} INFO - [2024-07-02T12:01:45.787+0000] {dag.py:3954} INFO - Setting next_dagrun for tutorial to 2024-07-01 00:00:00+00:00, run_after=2024-07-02 00:00:00+00:00
[2024-07-02T12:01:45.808+0000] {processor.py:183} INFO - Processing /home/airflow/.local/lib/python3.12/site-packages/airflow/example_dags/tutorial.py took 0.072 seconds
[2024-07-02T12:02:16.597+0000] {processor.py:161} INFO - Started process (PID=1781) to work on /home/airflow/.local/lib/python3.12/site-packages/airflow/example_dags/tutorial.py
[2024-07-02T12:02:16.598+0000] {processor.py:830} INFO - Processing file /home/airflow/.local/lib/python3.12/site-packages/airflow/example_dags/tutorial.py for tasks to queue
[2024-07-02T12:02:16.600+0000] {logging_mixin.py:188} INFO - [2024-07-02T12:02:16.599+0000] {dagbag.py:545} INFO - Filling up the DagBag from /home/airflow/.local/lib/python3.12/site-packages/airflow/example_dags/tutorial.py
[2024-07-02T12:02:16.606+0000] {processor.py:840} INFO - DAG(s) 'tutorial' retrieved from /home/airflow/.local/lib/python3.12/site-packages/airflow/example_dags/tutorial.py
[2024-07-02T12:02:16.625+0000] {logging_mixin.py:188} INFO - [2024-07-02T12:02:16.624+0000] {dag.py:3096} INFO - Sync 1 DAGs
[2024-07-02T12:02:16.644+0000] {logging_mixin.py:188} INFO - [2024-07-02T12:02:16.644+0000] {dag.py:3954} INFO - Setting next_dagrun for tutorial to 2024-07-01 00:00:00+00:00, run_after=2024-07-02 00:00:00+00:00
[2024-07-02T12:02:16.663+0000] {processor.py:183} INFO - Processing /home/airflow/.local/lib/python3.12/site-packages/airflow/example_dags/tutorial.py took 0.076 seconds
[2024-07-02T12:02:46.871+0000] {processor.py:161} INFO - Started process (PID=1844) to work on /home/airflow/.local/lib/python3.12/site-packages/airflow/example_dags/tutorial.py
[2024-07-02T12:02:46.872+0000] {processor.py:830} INFO - Processing file /home/airflow/.local/lib/python3.12/site-packages/airflow/example_dags/tutorial.py for tasks to queue
[2024-07-02T12:02:46.873+0000] {logging_mixin.py:188} INFO - [2024-07-02T12:02:46.873+0000] {dagbag.py:545} INFO - Filling up the DagBag from /home/airflow/.local/lib/python3.12/site-packages/airflow/example_dags/tutorial.py
[2024-07-02T12:02:46.878+0000] {processor.py:840} INFO - DAG(s) 'tutorial' retrieved from /home/airflow/.local/lib/python3.12/site-packages/airflow/example_dags/tutorial.py
[2024-07-02T12:02:46.896+0000] {logging_mixin.py:188} INFO - [2024-07-02T12:02:46.895+0000] {dag.py:3096} INFO - Sync 1 DAGs
[2024-07-02T12:02:46.914+0000] {logging_mixin.py:188} INFO - [2024-07-02T12:02:46.914+0000] {dag.py:3954} INFO - Setting next_dagrun for tutorial to 2024-07-01 00:00:00+00:00, run_after=2024-07-02 00:00:00+00:00
[2024-07-02T12:02:46.933+0000] {processor.py:183} INFO - Processing /home/airflow/.local/lib/python3.12/site-packages/airflow/example_dags/tutorial.py took 0.071 seconds
[2024-07-02T12:03:17.476+0000] {processor.py:161} INFO - Started process (PID=1907) to work on /home/airflow/.local/lib/python3.12/site-packages/airflow/example_dags/tutorial.py
[2024-07-02T12:03:17.477+0000] {processor.py:830} INFO - Processing file /home/airflow/.local/lib/python3.12/site-packages/airflow/example_dags/tutorial.py for tasks to queue
[2024-07-02T12:03:17.478+0000] {logging_mixin.py:188} INFO - [2024-07-02T12:03:17.478+0000] {dagbag.py:545} INFO - Filling up the DagBag from /home/airflow/.local/lib/python3.12/site-packages/airflow/example_dags/tutorial.py
[2024-07-02T12:03:17.484+0000] {processor.py:840} INFO - DAG(s) 'tutorial' retrieved from /home/airflow/.local/lib/python3.12/site-packages/airflow/example_dags/tutorial.py
[2024-07-02T12:03:17.501+0000] {logging_mixin.py:188} INFO - [2024-07-02T12:03:17.501+0000] {dag.py:3096} INFO - Sync 1 DAGs
[2024-07-02T12:03:17.518+0000] {logging_mixin.py:188} INFO - [2024-07-02T12:03:17.518+0000] {dag.py:3954} INFO - Setting next_dagrun for tutorial to 2024-07-01 00:00:00+00:00, run_after=2024-07-02 00:00:00+00:00
[2024-07-02T12:03:17.537+0000] {processor.py:183} INFO - Processing /home/airflow/.local/lib/python3.12/site-packages/airflow/example_dags/tutorial.py took 0.070 seconds
[2024-07-02T12:03:48.533+0000] {processor.py:161} INFO - Started process (PID=1970) to work on /home/airflow/.local/lib/python3.12/site-packages/airflow/example_dags/tutorial.py
[2024-07-02T12:03:48.535+0000] {processor.py:830} INFO - Processing file /home/airflow/.local/lib/python3.12/site-packages/airflow/example_dags/tutorial.py for tasks to queue
[2024-07-02T12:03:48.536+0000] {logging_mixin.py:188} INFO - [2024-07-02T12:03:48.535+0000] {dagbag.py:545} INFO - Filling up the DagBag from /home/airflow/.local/lib/python3.12/site-packages/airflow/example_dags/tutorial.py
[2024-07-02T12:03:48.541+0000] {processor.py:840} INFO - DAG(s) 'tutorial' retrieved from /home/airflow/.local/lib/python3.12/site-packages/airflow/example_dags/tutorial.py
[2024-07-02T12:03:48.562+0000] {logging_mixin.py:188} INFO - [2024-07-02T12:03:48.562+0000] {dag.py:3096} INFO - Sync 1 DAGs
[2024-07-02T12:03:48.584+0000] {logging_mixin.py:188} INFO - [2024-07-02T12:03:48.583+0000] {dag.py:3954} INFO - Setting next_dagrun for tutorial to 2024-07-01 00:00:00+00:00, run_after=2024-07-02 00:00:00+00:00
[2024-07-02T12:03:48.604+0000] {processor.py:183} INFO - Processing /home/airflow/.local/lib/python3.12/site-packages/airflow/example_dags/tutorial.py took 0.079 seconds
[2024-07-02T12:04:18.988+0000] {processor.py:161} INFO - Started process (PID=2033) to work on /home/airflow/.local/lib/python3.12/site-packages/airflow/example_dags/tutorial.py
[2024-07-02T12:04:18.989+0000] {processor.py:830} INFO - Processing file /home/airflow/.local/lib/python3.12/site-packages/airflow/example_dags/tutorial.py for tasks to queue
[2024-07-02T12:04:18.990+0000] {logging_mixin.py:188} INFO - [2024-07-02T12:04:18.990+0000] {dagbag.py:545} INFO - Filling up the DagBag from /home/airflow/.local/lib/python3.12/site-packages/airflow/example_dags/tutorial.py
[2024-07-02T12:04:18.996+0000] {processor.py:840} INFO - DAG(s) 'tutorial' retrieved from /home/airflow/.local/lib/python3.12/site-packages/airflow/example_dags/tutorial.py
[2024-07-02T12:04:19.015+0000] {logging_mixin.py:188} INFO - [2024-07-02T12:04:19.015+0000] {dag.py:3096} INFO - Sync 1 DAGs
[2024-07-02T12:04:19.032+0000] {logging_mixin.py:188} INFO - [2024-07-02T12:04:19.032+0000] {dag.py:3954} INFO - Setting next_dagrun for tutorial to 2024-07-01 00:00:00+00:00, run_after=2024-07-02 00:00:00+00:00
[2024-07-02T12:04:19.053+0000] {processor.py:183} INFO - Processing /home/airflow/.local/lib/python3.12/site-packages/airflow/example_dags/tutorial.py took 0.072 seconds
[2024-07-02T12:04:49.653+0000] {processor.py:161} INFO - Started process (PID=2095) to work on /home/airflow/.local/lib/python3.12/site-packages/airflow/example_dags/tutorial.py
[2024-07-02T12:04:49.654+0000] {processor.py:830} INFO - Processing file /home/airflow/.local/lib/python3.12/site-packages/airflow/example_dags/tutorial.py for tasks to queue
[2024-07-02T12:04:49.655+0000] {logging_mixin.py:188} INFO - [2024-07-02T12:04:49.655+0000] {dagbag.py:545} INFO - Filling up the DagBag from /home/airflow/.local/lib/python3.12/site-packages/airflow/example_dags/tutorial.py
[2024-07-02T12:04:49.662+0000] {processor.py:840} INFO - DAG(s) 'tutorial' retrieved from /home/airflow/.local/lib/python3.12/site-packages/airflow/example_dags/tutorial.py
[2024-07-02T12:04:49.689+0000] {logging_mixin.py:188} INFO - [2024-07-02T12:04:49.688+0000] {dag.py:3096} INFO - Sync 1 DAGs
[2024-07-02T12:04:49.720+0000] {logging_mixin.py:188} INFO - [2024-07-02T12:04:49.720+0000] {dag.py:3954} INFO - Setting next_dagrun for tutorial to 2024-07-01 00:00:00+00:00, run_after=2024-07-02 00:00:00+00:00
[2024-07-02T12:04:49.747+0000] {processor.py:183} INFO - Processing /home/airflow/.local/lib/python3.12/site-packages/airflow/example_dags/tutorial.py took 0.104 seconds
[2024-07-02T12:05:20.261+0000] {processor.py:161} INFO - Started process (PID=2158) to work on /home/airflow/.local/lib/python3.12/site-packages/airflow/example_dags/tutorial.py
[2024-07-02T12:05:20.262+0000] {processor.py:830} INFO - Processing file /home/airflow/.local/lib/python3.12/site-packages/airflow/example_dags/tutorial.py for tasks to queue
[2024-07-02T12:05:20.263+0000] {logging_mixin.py:188} INFO - [2024-07-02T12:05:20.263+0000] {dagbag.py:545} INFO - Filling up the DagBag from /home/airflow/.local/lib/python3.12/site-packages/airflow/example_dags/tutorial.py
[2024-07-02T12:05:20.269+0000] {processor.py:840} INFO - DAG(s) 'tutorial' retrieved from /home/airflow/.local/lib/python3.12/site-packages/airflow/example_dags/tutorial.py
[2024-07-02T12:05:20.287+0000] {logging_mixin.py:188} INFO - [2024-07-02T12:05:20.287+0000] {dag.py:3096} INFO - Sync 1 DAGs
[2024-07-02T12:05:20.307+0000] {logging_mixin.py:188} INFO - [2024-07-02T12:05:20.307+0000] {dag.py:3954} INFO - Setting next_dagrun for tutorial to 2024-07-01 00:00:00+00:00, run_after=2024-07-02 00:00:00+00:00
[2024-07-02T12:05:20.328+0000] {processor.py:183} INFO - Processing /home/airflow/.local/lib/python3.12/site-packages/airflow/example_dags/tutorial.py took 0.076 seconds
[2024-07-02T12:07:43.852+0000] {processor.py:161} INFO - Started process (PID=66) to work on /home/airflow/.local/lib/python3.12/site-packages/airflow/example_dags/tutorial.py
[2024-07-02T12:07:43.855+0000] {processor.py:830} INFO - Processing file /home/airflow/.local/lib/python3.12/site-packages/airflow/example_dags/tutorial.py for tasks to queue
[2024-07-02T12:07:43.857+0000] {logging_mixin.py:188} INFO - [2024-07-02T12:07:43.856+0000] {dagbag.py:545} INFO - Filling up the DagBag from /home/airflow/.local/lib/python3.12/site-packages/airflow/example_dags/tutorial.py
[2024-07-02T12:07:43.861+0000] {processor.py:840} INFO - DAG(s) 'tutorial' retrieved from /home/airflow/.local/lib/python3.12/site-packages/airflow/example_dags/tutorial.py
[2024-07-02T12:07:43.871+0000] {logging_mixin.py:188} INFO - [2024-07-02T12:07:43.871+0000] {dag.py:3096} INFO - Sync 1 DAGs
[2024-07-02T12:07:43.890+0000] {logging_mixin.py:188} INFO - [2024-07-02T12:07:43.889+0000] {dag.py:3954} INFO - Setting next_dagrun for tutorial to 2024-07-01 00:00:00+00:00, run_after=2024-07-02 00:00:00+00:00
[2024-07-02T12:07:43.913+0000] {processor.py:183} INFO - Processing /home/airflow/.local/lib/python3.12/site-packages/airflow/example_dags/tutorial.py took 0.066 seconds
[2024-07-02T12:08:15.192+0000] {processor.py:161} INFO - Started process (PID=129) to work on /home/airflow/.local/lib/python3.12/site-packages/airflow/example_dags/tutorial.py
[2024-07-02T12:08:15.193+0000] {processor.py:830} INFO - Processing file /home/airflow/.local/lib/python3.12/site-packages/airflow/example_dags/tutorial.py for tasks to queue
[2024-07-02T12:08:15.195+0000] {logging_mixin.py:188} INFO - [2024-07-02T12:08:15.195+0000] {dagbag.py:545} INFO - Filling up the DagBag from /home/airflow/.local/lib/python3.12/site-packages/airflow/example_dags/tutorial.py
[2024-07-02T12:08:15.201+0000] {processor.py:840} INFO - DAG(s) 'tutorial' retrieved from /home/airflow/.local/lib/python3.12/site-packages/airflow/example_dags/tutorial.py
[2024-07-02T12:08:15.287+0000] {logging_mixin.py:188} INFO - [2024-07-02T12:08:15.287+0000] {dag.py:3096} INFO - Sync 1 DAGs
[2024-07-02T12:08:15.305+0000] {logging_mixin.py:188} INFO - [2024-07-02T12:08:15.305+0000] {dag.py:3954} INFO - Setting next_dagrun for tutorial to 2024-07-01 00:00:00+00:00, run_after=2024-07-02 00:00:00+00:00
[2024-07-02T12:08:15.330+0000] {processor.py:183} INFO - Processing /home/airflow/.local/lib/python3.12/site-packages/airflow/example_dags/tutorial.py took 0.144 seconds
[2024-07-02T12:08:45.819+0000] {processor.py:161} INFO - Started process (PID=192) to work on /home/airflow/.local/lib/python3.12/site-packages/airflow/example_dags/tutorial.py
[2024-07-02T12:08:45.820+0000] {processor.py:830} INFO - Processing file /home/airflow/.local/lib/python3.12/site-packages/airflow/example_dags/tutorial.py for tasks to queue
[2024-07-02T12:08:45.822+0000] {logging_mixin.py:188} INFO - [2024-07-02T12:08:45.822+0000] {dagbag.py:545} INFO - Filling up the DagBag from /home/airflow/.local/lib/python3.12/site-packages/airflow/example_dags/tutorial.py
[2024-07-02T12:08:45.827+0000] {processor.py:840} INFO - DAG(s) 'tutorial' retrieved from /home/airflow/.local/lib/python3.12/site-packages/airflow/example_dags/tutorial.py
[2024-07-02T12:08:45.845+0000] {logging_mixin.py:188} INFO - [2024-07-02T12:08:45.845+0000] {dag.py:3096} INFO - Sync 1 DAGs
[2024-07-02T12:08:45.862+0000] {logging_mixin.py:188} INFO - [2024-07-02T12:08:45.862+0000] {dag.py:3954} INFO - Setting next_dagrun for tutorial to 2024-07-01 00:00:00+00:00, run_after=2024-07-02 00:00:00+00:00
[2024-07-02T12:08:45.883+0000] {processor.py:183} INFO - Processing /home/airflow/.local/lib/python3.12/site-packages/airflow/example_dags/tutorial.py took 0.069 seconds
[2024-07-02T12:09:16.688+0000] {processor.py:161} INFO - Started process (PID=255) to work on /home/airflow/.local/lib/python3.12/site-packages/airflow/example_dags/tutorial.py
[2024-07-02T12:09:16.690+0000] {processor.py:830} INFO - Processing file /home/airflow/.local/lib/python3.12/site-packages/airflow/example_dags/tutorial.py for tasks to queue
[2024-07-02T12:09:16.691+0000] {logging_mixin.py:188} INFO - [2024-07-02T12:09:16.691+0000] {dagbag.py:545} INFO - Filling up the DagBag from /home/airflow/.local/lib/python3.12/site-packages/airflow/example_dags/tutorial.py
[2024-07-02T12:09:16.697+0000] {processor.py:840} INFO - DAG(s) 'tutorial' retrieved from /home/airflow/.local/lib/python3.12/site-packages/airflow/example_dags/tutorial.py
[2024-07-02T12:09:16.710+0000] {logging_mixin.py:188} INFO - [2024-07-02T12:09:16.710+0000] {dag.py:3096} INFO - Sync 1 DAGs
[2024-07-02T12:09:16.732+0000] {logging_mixin.py:188} INFO - [2024-07-02T12:09:16.732+0000] {dag.py:3954} INFO - Setting next_dagrun for tutorial to 2024-07-01 00:00:00+00:00, run_after=2024-07-02 00:00:00+00:00
[2024-07-02T12:09:16.758+0000] {processor.py:183} INFO - Processing /home/airflow/.local/lib/python3.12/site-packages/airflow/example_dags/tutorial.py took 0.075 seconds
[2024-07-02T12:09:48.685+0000] {processor.py:161} INFO - Started process (PID=318) to work on /home/airflow/.local/lib/python3.12/site-packages/airflow/example_dags/tutorial.py
[2024-07-02T12:09:48.687+0000] {processor.py:830} INFO - Processing file /home/airflow/.local/lib/python3.12/site-packages/airflow/example_dags/tutorial.py for tasks to queue
[2024-07-02T12:09:48.689+0000] {logging_mixin.py:188} INFO - [2024-07-02T12:09:48.688+0000] {dagbag.py:545} INFO - Filling up the DagBag from /home/airflow/.local/lib/python3.12/site-packages/airflow/example_dags/tutorial.py
[2024-07-02T12:09:48.694+0000] {processor.py:840} INFO - DAG(s) 'tutorial' retrieved from /home/airflow/.local/lib/python3.12/site-packages/airflow/example_dags/tutorial.py
[2024-07-02T12:09:48.779+0000] {logging_mixin.py:188} INFO - [2024-07-02T12:09:48.779+0000] {dag.py:3096} INFO - Sync 1 DAGs
[2024-07-02T12:09:48.796+0000] {logging_mixin.py:188} INFO - [2024-07-02T12:09:48.796+0000] {dag.py:3954} INFO - Setting next_dagrun for tutorial to 2024-07-01 00:00:00+00:00, run_after=2024-07-02 00:00:00+00:00
[2024-07-02T12:09:48.819+0000] {processor.py:183} INFO - Processing /home/airflow/.local/lib/python3.12/site-packages/airflow/example_dags/tutorial.py took 0.140 seconds
[2024-07-02T12:10:19.718+0000] {processor.py:161} INFO - Started process (PID=381) to work on /home/airflow/.local/lib/python3.12/site-packages/airflow/example_dags/tutorial.py
[2024-07-02T12:10:19.720+0000] {processor.py:830} INFO - Processing file /home/airflow/.local/lib/python3.12/site-packages/airflow/example_dags/tutorial.py for tasks to queue
[2024-07-02T12:10:19.722+0000] {logging_mixin.py:188} INFO - [2024-07-02T12:10:19.721+0000] {dagbag.py:545} INFO - Filling up the DagBag from /home/airflow/.local/lib/python3.12/site-packages/airflow/example_dags/tutorial.py
[2024-07-02T12:10:19.728+0000] {processor.py:840} INFO - DAG(s) 'tutorial' retrieved from /home/airflow/.local/lib/python3.12/site-packages/airflow/example_dags/tutorial.py
[2024-07-02T12:10:19.751+0000] {logging_mixin.py:188} INFO - [2024-07-02T12:10:19.751+0000] {dag.py:3096} INFO - Sync 1 DAGs
[2024-07-02T12:10:19.773+0000] {logging_mixin.py:188} INFO - [2024-07-02T12:10:19.773+0000] {dag.py:3954} INFO - Setting next_dagrun for tutorial to 2024-07-01 00:00:00+00:00, run_after=2024-07-02 00:00:00+00:00
[2024-07-02T12:10:19.800+0000] {processor.py:183} INFO - Processing /home/airflow/.local/lib/python3.12/site-packages/airflow/example_dags/tutorial.py took 0.088 seconds
[2024-07-02T12:10:50.366+0000] {processor.py:161} INFO - Started process (PID=444) to work on /home/airflow/.local/lib/python3.12/site-packages/airflow/example_dags/tutorial.py
[2024-07-02T12:10:50.367+0000] {processor.py:830} INFO - Processing file /home/airflow/.local/lib/python3.12/site-packages/airflow/example_dags/tutorial.py for tasks to queue
[2024-07-02T12:10:50.369+0000] {logging_mixin.py:188} INFO - [2024-07-02T12:10:50.369+0000] {dagbag.py:545} INFO - Filling up the DagBag from /home/airflow/.local/lib/python3.12/site-packages/airflow/example_dags/tutorial.py
[2024-07-02T12:10:50.374+0000] {processor.py:840} INFO - DAG(s) 'tutorial' retrieved from /home/airflow/.local/lib/python3.12/site-packages/airflow/example_dags/tutorial.py
[2024-07-02T12:10:50.392+0000] {logging_mixin.py:188} INFO - [2024-07-02T12:10:50.392+0000] {dag.py:3096} INFO - Sync 1 DAGs
[2024-07-02T12:10:50.411+0000] {logging_mixin.py:188} INFO - [2024-07-02T12:10:50.411+0000] {dag.py:3954} INFO - Setting next_dagrun for tutorial to 2024-07-01 00:00:00+00:00, run_after=2024-07-02 00:00:00+00:00
[2024-07-02T12:10:50.434+0000] {processor.py:183} INFO - Processing /home/airflow/.local/lib/python3.12/site-packages/airflow/example_dags/tutorial.py took 0.074 seconds
[2024-07-02T12:11:21.015+0000] {processor.py:161} INFO - Started process (PID=508) to work on /home/airflow/.local/lib/python3.12/site-packages/airflow/example_dags/tutorial.py
[2024-07-02T12:11:21.017+0000] {processor.py:830} INFO - Processing file /home/airflow/.local/lib/python3.12/site-packages/airflow/example_dags/tutorial.py for tasks to queue
[2024-07-02T12:11:21.019+0000] {logging_mixin.py:188} INFO - [2024-07-02T12:11:21.018+0000] {dagbag.py:545} INFO - Filling up the DagBag from /home/airflow/.local/lib/python3.12/site-packages/airflow/example_dags/tutorial.py
[2024-07-02T12:11:21.024+0000] {processor.py:840} INFO - DAG(s) 'tutorial' retrieved from /home/airflow/.local/lib/python3.12/site-packages/airflow/example_dags/tutorial.py
[2024-07-02T12:11:21.044+0000] {logging_mixin.py:188} INFO - [2024-07-02T12:11:21.044+0000] {dag.py:3096} INFO - Sync 1 DAGs
[2024-07-02T12:11:21.064+0000] {logging_mixin.py:188} INFO - [2024-07-02T12:11:21.064+0000] {dag.py:3954} INFO - Setting next_dagrun for tutorial to 2024-07-01 00:00:00+00:00, run_after=2024-07-02 00:00:00+00:00
[2024-07-02T12:11:21.086+0000] {processor.py:183} INFO - Processing /home/airflow/.local/lib/python3.12/site-packages/airflow/example_dags/tutorial.py took 0.078 seconds
[2024-07-02T12:11:51.256+0000] {processor.py:161} INFO - Started process (PID=571) to work on /home/airflow/.local/lib/python3.12/site-packages/airflow/example_dags/tutorial.py
[2024-07-02T12:11:51.257+0000] {processor.py:830} INFO - Processing file /home/airflow/.local/lib/python3.12/site-packages/airflow/example_dags/tutorial.py for tasks to queue
[2024-07-02T12:11:51.259+0000] {logging_mixin.py:188} INFO - [2024-07-02T12:11:51.259+0000] {dagbag.py:545} INFO - Filling up the DagBag from /home/airflow/.local/lib/python3.12/site-packages/airflow/example_dags/tutorial.py
[2024-07-02T12:11:51.266+0000] {processor.py:840} INFO - DAG(s) 'tutorial' retrieved from /home/airflow/.local/lib/python3.12/site-packages/airflow/example_dags/tutorial.py
[2024-07-02T12:11:51.281+0000] {logging_mixin.py:188} INFO - [2024-07-02T12:11:51.281+0000] {dag.py:3096} INFO - Sync 1 DAGs
[2024-07-02T12:11:51.298+0000] {logging_mixin.py:188} INFO - [2024-07-02T12:11:51.298+0000] {dag.py:3954} INFO - Setting next_dagrun for tutorial to 2024-07-01 00:00:00+00:00, run_after=2024-07-02 00:00:00+00:00
[2024-07-02T12:11:51.316+0000] {processor.py:183} INFO - Processing /home/airflow/.local/lib/python3.12/site-packages/airflow/example_dags/tutorial.py took 0.065 seconds
[2024-07-02T12:12:22.098+0000] {processor.py:161} INFO - Started process (PID=634) to work on /home/airflow/.local/lib/python3.12/site-packages/airflow/example_dags/tutorial.py
[2024-07-02T12:12:22.099+0000] {processor.py:830} INFO - Processing file /home/airflow/.local/lib/python3.12/site-packages/airflow/example_dags/tutorial.py for tasks to queue
[2024-07-02T12:12:22.101+0000] {logging_mixin.py:188} INFO - [2024-07-02T12:12:22.101+0000] {dagbag.py:545} INFO - Filling up the DagBag from /home/airflow/.local/lib/python3.12/site-packages/airflow/example_dags/tutorial.py
[2024-07-02T12:12:22.107+0000] {processor.py:840} INFO - DAG(s) 'tutorial' retrieved from /home/airflow/.local/lib/python3.12/site-packages/airflow/example_dags/tutorial.py
[2024-07-02T12:12:22.126+0000] {logging_mixin.py:188} INFO - [2024-07-02T12:12:22.126+0000] {dag.py:3096} INFO - Sync 1 DAGs
[2024-07-02T12:12:22.144+0000] {logging_mixin.py:188} INFO - [2024-07-02T12:12:22.144+0000] {dag.py:3954} INFO - Setting next_dagrun for tutorial to 2024-07-01 00:00:00+00:00, run_after=2024-07-02 00:00:00+00:00
[2024-07-02T12:12:22.165+0000] {processor.py:183} INFO - Processing /home/airflow/.local/lib/python3.12/site-packages/airflow/example_dags/tutorial.py took 0.073 seconds
[2024-07-02T12:12:53.658+0000] {processor.py:161} INFO - Started process (PID=697) to work on /home/airflow/.local/lib/python3.12/site-packages/airflow/example_dags/tutorial.py
[2024-07-02T12:12:53.659+0000] {processor.py:830} INFO - Processing file /home/airflow/.local/lib/python3.12/site-packages/airflow/example_dags/tutorial.py for tasks to queue
[2024-07-02T12:12:53.661+0000] {logging_mixin.py:188} INFO - [2024-07-02T12:12:53.661+0000] {dagbag.py:545} INFO - Filling up the DagBag from /home/airflow/.local/lib/python3.12/site-packages/airflow/example_dags/tutorial.py
[2024-07-02T12:12:53.666+0000] {processor.py:840} INFO - DAG(s) 'tutorial' retrieved from /home/airflow/.local/lib/python3.12/site-packages/airflow/example_dags/tutorial.py
[2024-07-02T12:12:53.687+0000] {logging_mixin.py:188} INFO - [2024-07-02T12:12:53.686+0000] {dag.py:3096} INFO - Sync 1 DAGs
[2024-07-02T12:12:53.707+0000] {logging_mixin.py:188} INFO - [2024-07-02T12:12:53.707+0000] {dag.py:3954} INFO - Setting next_dagrun for tutorial to 2024-07-01 00:00:00+00:00, run_after=2024-07-02 00:00:00+00:00
[2024-07-02T12:12:53.728+0000] {processor.py:183} INFO - Processing /home/airflow/.local/lib/python3.12/site-packages/airflow/example_dags/tutorial.py took 0.076 seconds
[2024-07-02T12:13:24.957+0000] {processor.py:161} INFO - Started process (PID=760) to work on /home/airflow/.local/lib/python3.12/site-packages/airflow/example_dags/tutorial.py
[2024-07-02T12:13:24.958+0000] {processor.py:830} INFO - Processing file /home/airflow/.local/lib/python3.12/site-packages/airflow/example_dags/tutorial.py for tasks to queue
[2024-07-02T12:13:24.960+0000] {logging_mixin.py:188} INFO - [2024-07-02T12:13:24.960+0000] {dagbag.py:545} INFO - Filling up the DagBag from /home/airflow/.local/lib/python3.12/site-packages/airflow/example_dags/tutorial.py
[2024-07-02T12:13:24.966+0000] {processor.py:840} INFO - DAG(s) 'tutorial' retrieved from /home/airflow/.local/lib/python3.12/site-packages/airflow/example_dags/tutorial.py
[2024-07-02T12:13:24.988+0000] {logging_mixin.py:188} INFO - [2024-07-02T12:13:24.987+0000] {dag.py:3096} INFO - Sync 1 DAGs
[2024-07-02T12:13:25.008+0000] {logging_mixin.py:188} INFO - [2024-07-02T12:13:25.008+0000] {dag.py:3954} INFO - Setting next_dagrun for tutorial to 2024-07-01 00:00:00+00:00, run_after=2024-07-02 00:00:00+00:00
[2024-07-02T12:13:25.029+0000] {processor.py:183} INFO - Processing /home/airflow/.local/lib/python3.12/site-packages/airflow/example_dags/tutorial.py took 0.077 seconds
[2024-07-02T12:13:55.186+0000] {processor.py:161} INFO - Started process (PID=823) to work on /home/airflow/.local/lib/python3.12/site-packages/airflow/example_dags/tutorial.py
[2024-07-02T12:13:55.188+0000] {processor.py:830} INFO - Processing file /home/airflow/.local/lib/python3.12/site-packages/airflow/example_dags/tutorial.py for tasks to queue
[2024-07-02T12:13:55.190+0000] {logging_mixin.py:188} INFO - [2024-07-02T12:13:55.190+0000] {dagbag.py:545} INFO - Filling up the DagBag from /home/airflow/.local/lib/python3.12/site-packages/airflow/example_dags/tutorial.py
[2024-07-02T12:13:55.195+0000] {processor.py:840} INFO - DAG(s) 'tutorial' retrieved from /home/airflow/.local/lib/python3.12/site-packages/airflow/example_dags/tutorial.py
[2024-07-02T12:13:55.215+0000] {logging_mixin.py:188} INFO - [2024-07-02T12:13:55.214+0000] {dag.py:3096} INFO - Sync 1 DAGs
[2024-07-02T12:13:55.234+0000] {logging_mixin.py:188} INFO - [2024-07-02T12:13:55.234+0000] {dag.py:3954} INFO - Setting next_dagrun for tutorial to 2024-07-01 00:00:00+00:00, run_after=2024-07-02 00:00:00+00:00
[2024-07-02T12:13:55.254+0000] {processor.py:183} INFO - Processing /home/airflow/.local/lib/python3.12/site-packages/airflow/example_dags/tutorial.py took 0.074 seconds
[2024-07-02T12:14:26.296+0000] {processor.py:161} INFO - Started process (PID=886) to work on /home/airflow/.local/lib/python3.12/site-packages/airflow/example_dags/tutorial.py
[2024-07-02T12:14:26.297+0000] {processor.py:830} INFO - Processing file /home/airflow/.local/lib/python3.12/site-packages/airflow/example_dags/tutorial.py for tasks to queue
[2024-07-02T12:14:26.299+0000] {logging_mixin.py:188} INFO - [2024-07-02T12:14:26.299+0000] {dagbag.py:545} INFO - Filling up the DagBag from /home/airflow/.local/lib/python3.12/site-packages/airflow/example_dags/tutorial.py
[2024-07-02T12:14:26.304+0000] {processor.py:840} INFO - DAG(s) 'tutorial' retrieved from /home/airflow/.local/lib/python3.12/site-packages/airflow/example_dags/tutorial.py
[2024-07-02T12:14:26.317+0000] {logging_mixin.py:188} INFO - [2024-07-02T12:14:26.316+0000] {dag.py:3096} INFO - Sync 1 DAGs
[2024-07-02T12:14:26.335+0000] {logging_mixin.py:188} INFO - [2024-07-02T12:14:26.335+0000] {dag.py:3954} INFO - Setting next_dagrun for tutorial to 2024-07-01 00:00:00+00:00, run_after=2024-07-02 00:00:00+00:00
[2024-07-02T12:14:26.353+0000] {processor.py:183} INFO - Processing /home/airflow/.local/lib/python3.12/site-packages/airflow/example_dags/tutorial.py took 0.064 seconds
[2024-07-02T12:14:58.013+0000] {processor.py:161} INFO - Started process (PID=949) to work on /home/airflow/.local/lib/python3.12/site-packages/airflow/example_dags/tutorial.py
[2024-07-02T12:14:58.014+0000] {processor.py:830} INFO - Processing file /home/airflow/.local/lib/python3.12/site-packages/airflow/example_dags/tutorial.py for tasks to queue
[2024-07-02T12:14:58.016+0000] {logging_mixin.py:188} INFO - [2024-07-02T12:14:58.016+0000] {dagbag.py:545} INFO - Filling up the DagBag from /home/airflow/.local/lib/python3.12/site-packages/airflow/example_dags/tutorial.py
[2024-07-02T12:14:58.021+0000] {processor.py:840} INFO - DAG(s) 'tutorial' retrieved from /home/airflow/.local/lib/python3.12/site-packages/airflow/example_dags/tutorial.py
[2024-07-02T12:14:58.105+0000] {logging_mixin.py:188} INFO - [2024-07-02T12:14:58.104+0000] {dag.py:3096} INFO - Sync 1 DAGs
[2024-07-02T12:14:58.122+0000] {logging_mixin.py:188} INFO - [2024-07-02T12:14:58.122+0000] {dag.py:3954} INFO - Setting next_dagrun for tutorial to 2024-07-01 00:00:00+00:00, run_after=2024-07-02 00:00:00+00:00
[2024-07-02T12:14:58.245+0000] {processor.py:183} INFO - Processing /home/airflow/.local/lib/python3.12/site-packages/airflow/example_dags/tutorial.py took 0.238 seconds
[2024-07-02T12:15:28.719+0000] {processor.py:161} INFO - Started process (PID=1012) to work on /home/airflow/.local/lib/python3.12/site-packages/airflow/example_dags/tutorial.py
[2024-07-02T12:15:28.721+0000] {processor.py:830} INFO - Processing file /home/airflow/.local/lib/python3.12/site-packages/airflow/example_dags/tutorial.py for tasks to queue
[2024-07-02T12:15:28.723+0000] {logging_mixin.py:188} INFO - [2024-07-02T12:15:28.722+0000] {dagbag.py:545} INFO - Filling up the DagBag from /home/airflow/.local/lib/python3.12/site-packages/airflow/example_dags/tutorial.py
[2024-07-02T12:15:28.729+0000] {processor.py:840} INFO - DAG(s) 'tutorial' retrieved from /home/airflow/.local/lib/python3.12/site-packages/airflow/example_dags/tutorial.py
[2024-07-02T12:15:28.748+0000] {logging_mixin.py:188} INFO - [2024-07-02T12:15:28.747+0000] {dag.py:3096} INFO - Sync 1 DAGs
[2024-07-02T12:15:28.765+0000] {logging_mixin.py:188} INFO - [2024-07-02T12:15:28.765+0000] {dag.py:3954} INFO - Setting next_dagrun for tutorial to 2024-07-01 00:00:00+00:00, run_after=2024-07-02 00:00:00+00:00
[2024-07-02T12:15:28.786+0000] {processor.py:183} INFO - Processing /home/airflow/.local/lib/python3.12/site-packages/airflow/example_dags/tutorial.py took 0.073 seconds
[2024-07-02T12:18:53.306+0000] {processor.py:161} INFO - Started process (PID=69) to work on /home/airflow/.local/lib/python3.12/site-packages/airflow/example_dags/tutorial.py
[2024-07-02T12:18:53.308+0000] {processor.py:830} INFO - Processing file /home/airflow/.local/lib/python3.12/site-packages/airflow/example_dags/tutorial.py for tasks to queue
[2024-07-02T12:18:53.310+0000] {logging_mixin.py:188} INFO - [2024-07-02T12:18:53.310+0000] {dagbag.py:545} INFO - Filling up the DagBag from /home/airflow/.local/lib/python3.12/site-packages/airflow/example_dags/tutorial.py
[2024-07-02T12:18:53.315+0000] {processor.py:840} INFO - DAG(s) 'tutorial' retrieved from /home/airflow/.local/lib/python3.12/site-packages/airflow/example_dags/tutorial.py
[2024-07-02T12:18:53.329+0000] {logging_mixin.py:188} INFO - [2024-07-02T12:18:53.329+0000] {dag.py:3096} INFO - Sync 1 DAGs
[2024-07-02T12:18:53.350+0000] {logging_mixin.py:188} INFO - [2024-07-02T12:18:53.350+0000] {dag.py:3954} INFO - Setting next_dagrun for tutorial to 2024-07-01 00:00:00+00:00, run_after=2024-07-02 00:00:00+00:00
[2024-07-02T12:18:53.373+0000] {processor.py:183} INFO - Processing /home/airflow/.local/lib/python3.12/site-packages/airflow/example_dags/tutorial.py took 0.073 seconds
[2024-07-02T12:19:25.654+0000] {processor.py:161} INFO - Started process (PID=132) to work on /home/airflow/.local/lib/python3.12/site-packages/airflow/example_dags/tutorial.py
[2024-07-02T12:19:25.656+0000] {processor.py:830} INFO - Processing file /home/airflow/.local/lib/python3.12/site-packages/airflow/example_dags/tutorial.py for tasks to queue
[2024-07-02T12:19:25.658+0000] {logging_mixin.py:188} INFO - [2024-07-02T12:19:25.658+0000] {dagbag.py:545} INFO - Filling up the DagBag from /home/airflow/.local/lib/python3.12/site-packages/airflow/example_dags/tutorial.py
[2024-07-02T12:19:25.666+0000] {processor.py:840} INFO - DAG(s) 'tutorial' retrieved from /home/airflow/.local/lib/python3.12/site-packages/airflow/example_dags/tutorial.py
[2024-07-02T12:19:25.811+0000] {logging_mixin.py:188} INFO - [2024-07-02T12:19:25.811+0000] {dag.py:3096} INFO - Sync 1 DAGs
[2024-07-02T12:19:25.840+0000] {logging_mixin.py:188} INFO - [2024-07-02T12:19:25.839+0000] {dag.py:3954} INFO - Setting next_dagrun for tutorial to 2024-07-01 00:00:00+00:00, run_after=2024-07-02 00:00:00+00:00
[2024-07-02T12:19:25.873+0000] {processor.py:183} INFO - Processing /home/airflow/.local/lib/python3.12/site-packages/airflow/example_dags/tutorial.py took 0.225 seconds
[2024-07-02T12:19:56.467+0000] {processor.py:161} INFO - Started process (PID=195) to work on /home/airflow/.local/lib/python3.12/site-packages/airflow/example_dags/tutorial.py
[2024-07-02T12:19:56.469+0000] {processor.py:830} INFO - Processing file /home/airflow/.local/lib/python3.12/site-packages/airflow/example_dags/tutorial.py for tasks to queue
[2024-07-02T12:19:56.471+0000] {logging_mixin.py:188} INFO - [2024-07-02T12:19:56.471+0000] {dagbag.py:545} INFO - Filling up the DagBag from /home/airflow/.local/lib/python3.12/site-packages/airflow/example_dags/tutorial.py
[2024-07-02T12:19:56.477+0000] {processor.py:840} INFO - DAG(s) 'tutorial' retrieved from /home/airflow/.local/lib/python3.12/site-packages/airflow/example_dags/tutorial.py
[2024-07-02T12:19:56.497+0000] {logging_mixin.py:188} INFO - [2024-07-02T12:19:56.496+0000] {dag.py:3096} INFO - Sync 1 DAGs
[2024-07-02T12:19:56.516+0000] {logging_mixin.py:188} INFO - [2024-07-02T12:19:56.515+0000] {dag.py:3954} INFO - Setting next_dagrun for tutorial to 2024-07-01 00:00:00+00:00, run_after=2024-07-02 00:00:00+00:00
[2024-07-02T12:19:56.534+0000] {processor.py:183} INFO - Processing /home/airflow/.local/lib/python3.12/site-packages/airflow/example_dags/tutorial.py took 0.072 seconds
[2024-07-02T12:20:27.106+0000] {processor.py:161} INFO - Started process (PID=258) to work on /home/airflow/.local/lib/python3.12/site-packages/airflow/example_dags/tutorial.py
[2024-07-02T12:20:27.107+0000] {processor.py:830} INFO - Processing file /home/airflow/.local/lib/python3.12/site-packages/airflow/example_dags/tutorial.py for tasks to queue
[2024-07-02T12:20:27.109+0000] {logging_mixin.py:188} INFO - [2024-07-02T12:20:27.109+0000] {dagbag.py:545} INFO - Filling up the DagBag from /home/airflow/.local/lib/python3.12/site-packages/airflow/example_dags/tutorial.py
[2024-07-02T12:20:27.114+0000] {processor.py:840} INFO - DAG(s) 'tutorial' retrieved from /home/airflow/.local/lib/python3.12/site-packages/airflow/example_dags/tutorial.py
[2024-07-02T12:20:27.134+0000] {logging_mixin.py:188} INFO - [2024-07-02T12:20:27.134+0000] {dag.py:3096} INFO - Sync 1 DAGs
[2024-07-02T12:20:27.155+0000] {logging_mixin.py:188} INFO - [2024-07-02T12:20:27.154+0000] {dag.py:3954} INFO - Setting next_dagrun for tutorial to 2024-07-01 00:00:00+00:00, run_after=2024-07-02 00:00:00+00:00
[2024-07-02T12:20:27.178+0000] {processor.py:183} INFO - Processing /home/airflow/.local/lib/python3.12/site-packages/airflow/example_dags/tutorial.py took 0.077 seconds
[2024-07-02T12:20:57.671+0000] {processor.py:161} INFO - Started process (PID=323) to work on /home/airflow/.local/lib/python3.12/site-packages/airflow/example_dags/tutorial.py
[2024-07-02T12:20:57.672+0000] {processor.py:830} INFO - Processing file /home/airflow/.local/lib/python3.12/site-packages/airflow/example_dags/tutorial.py for tasks to queue
[2024-07-02T12:20:57.674+0000] {logging_mixin.py:188} INFO - [2024-07-02T12:20:57.674+0000] {dagbag.py:545} INFO - Filling up the DagBag from /home/airflow/.local/lib/python3.12/site-packages/airflow/example_dags/tutorial.py
[2024-07-02T12:20:57.680+0000] {processor.py:840} INFO - DAG(s) 'tutorial' retrieved from /home/airflow/.local/lib/python3.12/site-packages/airflow/example_dags/tutorial.py
[2024-07-02T12:20:57.702+0000] {logging_mixin.py:188} INFO - [2024-07-02T12:20:57.702+0000] {dag.py:3096} INFO - Sync 1 DAGs
[2024-07-02T12:20:57.725+0000] {logging_mixin.py:188} INFO - [2024-07-02T12:20:57.725+0000] {dag.py:3954} INFO - Setting next_dagrun for tutorial to 2024-07-01 00:00:00+00:00, run_after=2024-07-02 00:00:00+00:00
[2024-07-02T12:20:57.747+0000] {processor.py:183} INFO - Processing /home/airflow/.local/lib/python3.12/site-packages/airflow/example_dags/tutorial.py took 0.082 seconds
[2024-07-02T12:21:28.262+0000] {processor.py:161} INFO - Started process (PID=386) to work on /home/airflow/.local/lib/python3.12/site-packages/airflow/example_dags/tutorial.py
[2024-07-02T12:21:28.263+0000] {processor.py:830} INFO - Processing file /home/airflow/.local/lib/python3.12/site-packages/airflow/example_dags/tutorial.py for tasks to queue
[2024-07-02T12:21:28.265+0000] {logging_mixin.py:188} INFO - [2024-07-02T12:21:28.265+0000] {dagbag.py:545} INFO - Filling up the DagBag from /home/airflow/.local/lib/python3.12/site-packages/airflow/example_dags/tutorial.py
[2024-07-02T12:21:28.272+0000] {processor.py:840} INFO - DAG(s) 'tutorial' retrieved from /home/airflow/.local/lib/python3.12/site-packages/airflow/example_dags/tutorial.py
[2024-07-02T12:21:28.292+0000] {logging_mixin.py:188} INFO - [2024-07-02T12:21:28.292+0000] {dag.py:3096} INFO - Sync 1 DAGs
[2024-07-02T12:21:28.313+0000] {logging_mixin.py:188} INFO - [2024-07-02T12:21:28.313+0000] {dag.py:3954} INFO - Setting next_dagrun for tutorial to 2024-07-01 00:00:00+00:00, run_after=2024-07-02 00:00:00+00:00
[2024-07-02T12:21:28.335+0000] {processor.py:183} INFO - Processing /home/airflow/.local/lib/python3.12/site-packages/airflow/example_dags/tutorial.py took 0.078 seconds
[2024-07-02T12:21:59.234+0000] {processor.py:161} INFO - Started process (PID=449) to work on /home/airflow/.local/lib/python3.12/site-packages/airflow/example_dags/tutorial.py
[2024-07-02T12:21:59.235+0000] {processor.py:830} INFO - Processing file /home/airflow/.local/lib/python3.12/site-packages/airflow/example_dags/tutorial.py for tasks to queue
[2024-07-02T12:21:59.237+0000] {logging_mixin.py:188} INFO - [2024-07-02T12:21:59.237+0000] {dagbag.py:545} INFO - Filling up the DagBag from /home/airflow/.local/lib/python3.12/site-packages/airflow/example_dags/tutorial.py
[2024-07-02T12:21:59.242+0000] {processor.py:840} INFO - DAG(s) 'tutorial' retrieved from /home/airflow/.local/lib/python3.12/site-packages/airflow/example_dags/tutorial.py
[2024-07-02T12:21:59.262+0000] {logging_mixin.py:188} INFO - [2024-07-02T12:21:59.262+0000] {dag.py:3096} INFO - Sync 1 DAGs
[2024-07-02T12:21:59.280+0000] {logging_mixin.py:188} INFO - [2024-07-02T12:21:59.280+0000] {dag.py:3954} INFO - Setting next_dagrun for tutorial to 2024-07-01 00:00:00+00:00, run_after=2024-07-02 00:00:00+00:00
[2024-07-02T12:21:59.303+0000] {processor.py:183} INFO - Processing /home/airflow/.local/lib/python3.12/site-packages/airflow/example_dags/tutorial.py took 0.074 seconds
[2024-07-02T12:22:29.565+0000] {processor.py:161} INFO - Started process (PID=512) to work on /home/airflow/.local/lib/python3.12/site-packages/airflow/example_dags/tutorial.py
[2024-07-02T12:22:29.566+0000] {processor.py:830} INFO - Processing file /home/airflow/.local/lib/python3.12/site-packages/airflow/example_dags/tutorial.py for tasks to queue
[2024-07-02T12:22:29.569+0000] {logging_mixin.py:188} INFO - [2024-07-02T12:22:29.569+0000] {dagbag.py:545} INFO - Filling up the DagBag from /home/airflow/.local/lib/python3.12/site-packages/airflow/example_dags/tutorial.py
[2024-07-02T12:22:29.577+0000] {processor.py:840} INFO - DAG(s) 'tutorial' retrieved from /home/airflow/.local/lib/python3.12/site-packages/airflow/example_dags/tutorial.py
[2024-07-02T12:22:29.602+0000] {logging_mixin.py:188} INFO - [2024-07-02T12:22:29.602+0000] {dag.py:3096} INFO - Sync 1 DAGs
[2024-07-02T12:22:29.628+0000] {logging_mixin.py:188} INFO - [2024-07-02T12:22:29.628+0000] {dag.py:3954} INFO - Setting next_dagrun for tutorial to 2024-07-01 00:00:00+00:00, run_after=2024-07-02 00:00:00+00:00
[2024-07-02T12:22:29.652+0000] {processor.py:183} INFO - Processing /home/airflow/.local/lib/python3.12/site-packages/airflow/example_dags/tutorial.py took 0.095 seconds
[2024-07-02T12:23:00.306+0000] {processor.py:161} INFO - Started process (PID=575) to work on /home/airflow/.local/lib/python3.12/site-packages/airflow/example_dags/tutorial.py
[2024-07-02T12:23:00.308+0000] {processor.py:830} INFO - Processing file /home/airflow/.local/lib/python3.12/site-packages/airflow/example_dags/tutorial.py for tasks to queue
[2024-07-02T12:23:00.310+0000] {logging_mixin.py:188} INFO - [2024-07-02T12:23:00.310+0000] {dagbag.py:545} INFO - Filling up the DagBag from /home/airflow/.local/lib/python3.12/site-packages/airflow/example_dags/tutorial.py
[2024-07-02T12:23:00.318+0000] {processor.py:840} INFO - DAG(s) 'tutorial' retrieved from /home/airflow/.local/lib/python3.12/site-packages/airflow/example_dags/tutorial.py
[2024-07-02T12:23:00.346+0000] {logging_mixin.py:188} INFO - [2024-07-02T12:23:00.345+0000] {dag.py:3096} INFO - Sync 1 DAGs
[2024-07-02T12:23:00.375+0000] {logging_mixin.py:188} INFO - [2024-07-02T12:23:00.375+0000] {dag.py:3954} INFO - Setting next_dagrun for tutorial to 2024-07-01 00:00:00+00:00, run_after=2024-07-02 00:00:00+00:00
[2024-07-02T12:23:00.405+0000] {processor.py:183} INFO - Processing /home/airflow/.local/lib/python3.12/site-packages/airflow/example_dags/tutorial.py took 0.107 seconds
[2024-07-02T12:23:31.274+0000] {processor.py:161} INFO - Started process (PID=639) to work on /home/airflow/.local/lib/python3.12/site-packages/airflow/example_dags/tutorial.py
[2024-07-02T12:23:31.276+0000] {processor.py:830} INFO - Processing file /home/airflow/.local/lib/python3.12/site-packages/airflow/example_dags/tutorial.py for tasks to queue
[2024-07-02T12:23:31.279+0000] {logging_mixin.py:188} INFO - [2024-07-02T12:23:31.278+0000] {dagbag.py:545} INFO - Filling up the DagBag from /home/airflow/.local/lib/python3.12/site-packages/airflow/example_dags/tutorial.py
[2024-07-02T12:23:31.286+0000] {processor.py:840} INFO - DAG(s) 'tutorial' retrieved from /home/airflow/.local/lib/python3.12/site-packages/airflow/example_dags/tutorial.py
[2024-07-02T12:23:31.313+0000] {logging_mixin.py:188} INFO - [2024-07-02T12:23:31.313+0000] {dag.py:3096} INFO - Sync 1 DAGs
[2024-07-02T12:23:31.343+0000] {logging_mixin.py:188} INFO - [2024-07-02T12:23:31.343+0000] {dag.py:3954} INFO - Setting next_dagrun for tutorial to 2024-07-01 00:00:00+00:00, run_after=2024-07-02 00:00:00+00:00
[2024-07-02T12:23:31.374+0000] {processor.py:183} INFO - Processing /home/airflow/.local/lib/python3.12/site-packages/airflow/example_dags/tutorial.py took 0.106 seconds
[2024-07-02T12:37:15.201+0000] {processor.py:161} INFO - Started process (PID=2000) to work on /home/airflow/.local/lib/python3.12/site-packages/airflow/example_dags/tutorial.py
[2024-07-02T12:37:15.202+0000] {processor.py:830} INFO - Processing file /home/airflow/.local/lib/python3.12/site-packages/airflow/example_dags/tutorial.py for tasks to queue
[2024-07-02T12:37:15.203+0000] {logging_mixin.py:188} INFO - [2024-07-02T12:37:15.203+0000] {dagbag.py:545} INFO - Filling up the DagBag from /home/airflow/.local/lib/python3.12/site-packages/airflow/example_dags/tutorial.py
[2024-07-02T12:37:15.209+0000] {processor.py:840} INFO - DAG(s) 'tutorial' retrieved from /home/airflow/.local/lib/python3.12/site-packages/airflow/example_dags/tutorial.py
[2024-07-02T12:37:15.227+0000] {logging_mixin.py:188} INFO - [2024-07-02T12:37:15.227+0000] {dag.py:3096} INFO - Sync 1 DAGs
[2024-07-02T12:37:15.244+0000] {logging_mixin.py:188} INFO - [2024-07-02T12:37:15.244+0000] {dag.py:3954} INFO - Setting next_dagrun for tutorial to 2024-07-01 00:00:00+00:00, run_after=2024-07-02 00:00:00+00:00
[2024-07-02T12:37:15.264+0000] {processor.py:183} INFO - Processing /home/airflow/.local/lib/python3.12/site-packages/airflow/example_dags/tutorial.py took 0.068 seconds
[2024-07-02T12:37:45.658+0000] {processor.py:161} INFO - Started process (PID=2063) to work on /home/airflow/.local/lib/python3.12/site-packages/airflow/example_dags/tutorial.py
[2024-07-02T12:37:45.659+0000] {processor.py:830} INFO - Processing file /home/airflow/.local/lib/python3.12/site-packages/airflow/example_dags/tutorial.py for tasks to queue
[2024-07-02T12:37:45.661+0000] {logging_mixin.py:188} INFO - [2024-07-02T12:37:45.660+0000] {dagbag.py:545} INFO - Filling up the DagBag from /home/airflow/.local/lib/python3.12/site-packages/airflow/example_dags/tutorial.py
[2024-07-02T12:37:45.666+0000] {processor.py:840} INFO - DAG(s) 'tutorial' retrieved from /home/airflow/.local/lib/python3.12/site-packages/airflow/example_dags/tutorial.py
[2024-07-02T12:37:45.685+0000] {logging_mixin.py:188} INFO - [2024-07-02T12:37:45.684+0000] {dag.py:3096} INFO - Sync 1 DAGs
[2024-07-02T12:37:45.700+0000] {logging_mixin.py:188} INFO - [2024-07-02T12:37:45.700+0000] {dag.py:3954} INFO - Setting next_dagrun for tutorial to 2024-07-01 00:00:00+00:00, run_after=2024-07-02 00:00:00+00:00
[2024-07-02T12:37:45.717+0000] {processor.py:183} INFO - Processing /home/airflow/.local/lib/python3.12/site-packages/airflow/example_dags/tutorial.py took 0.063 seconds
[2024-07-02T14:46:56.016+0000] {processor.py:161} INFO - Started process (PID=80) to work on /home/airflow/.local/lib/python3.12/site-packages/airflow/example_dags/tutorial.py
[2024-07-02T14:46:56.017+0000] {processor.py:830} INFO - Processing file /home/airflow/.local/lib/python3.12/site-packages/airflow/example_dags/tutorial.py for tasks to queue
[2024-07-02T14:46:56.019+0000] {logging_mixin.py:188} INFO - [2024-07-02T14:46:56.019+0000] {dagbag.py:545} INFO - Filling up the DagBag from /home/airflow/.local/lib/python3.12/site-packages/airflow/example_dags/tutorial.py
[2024-07-02T14:46:56.025+0000] {processor.py:840} INFO - DAG(s) 'tutorial' retrieved from /home/airflow/.local/lib/python3.12/site-packages/airflow/example_dags/tutorial.py
[2024-07-02T14:46:56.107+0000] {logging_mixin.py:188} INFO - [2024-07-02T14:46:56.107+0000] {dag.py:3096} INFO - Sync 1 DAGs
[2024-07-02T14:46:56.123+0000] {logging_mixin.py:188} INFO - [2024-07-02T14:46:56.123+0000] {dag.py:3954} INFO - Setting next_dagrun for tutorial to 2024-07-01 00:00:00+00:00, run_after=2024-07-02 00:00:00+00:00
[2024-07-02T14:46:56.144+0000] {processor.py:183} INFO - Processing /home/airflow/.local/lib/python3.12/site-packages/airflow/example_dags/tutorial.py took 0.133 seconds
[2024-07-02T14:50:00.681+0000] {processor.py:161} INFO - Started process (PID=87) to work on /home/airflow/.local/lib/python3.12/site-packages/airflow/example_dags/tutorial.py
[2024-07-02T14:50:00.683+0000] {processor.py:830} INFO - Processing file /home/airflow/.local/lib/python3.12/site-packages/airflow/example_dags/tutorial.py for tasks to queue
[2024-07-02T14:50:00.686+0000] {logging_mixin.py:188} INFO - [2024-07-02T14:50:00.685+0000] {dagbag.py:545} INFO - Filling up the DagBag from /home/airflow/.local/lib/python3.12/site-packages/airflow/example_dags/tutorial.py
[2024-07-02T14:50:00.691+0000] {processor.py:840} INFO - DAG(s) 'tutorial' retrieved from /home/airflow/.local/lib/python3.12/site-packages/airflow/example_dags/tutorial.py
[2024-07-02T14:50:00.764+0000] {logging_mixin.py:188} INFO - [2024-07-02T14:50:00.764+0000] {dag.py:3096} INFO - Sync 1 DAGs
[2024-07-02T14:50:00.778+0000] {logging_mixin.py:188} INFO - [2024-07-02T14:50:00.778+0000] {dag.py:3954} INFO - Setting next_dagrun for tutorial to 2024-07-01 00:00:00+00:00, run_after=2024-07-02 00:00:00+00:00
[2024-07-02T14:50:00.797+0000] {processor.py:183} INFO - Processing /home/airflow/.local/lib/python3.12/site-packages/airflow/example_dags/tutorial.py took 0.121 seconds
[2024-07-02T14:50:31.826+0000] {processor.py:161} INFO - Started process (PID=147) to work on /home/airflow/.local/lib/python3.12/site-packages/airflow/example_dags/tutorial.py
[2024-07-02T14:50:31.827+0000] {processor.py:830} INFO - Processing file /home/airflow/.local/lib/python3.12/site-packages/airflow/example_dags/tutorial.py for tasks to queue
[2024-07-02T14:50:31.830+0000] {logging_mixin.py:188} INFO - [2024-07-02T14:50:31.829+0000] {dagbag.py:545} INFO - Filling up the DagBag from /home/airflow/.local/lib/python3.12/site-packages/airflow/example_dags/tutorial.py
[2024-07-02T14:50:31.835+0000] {processor.py:840} INFO - DAG(s) 'tutorial' retrieved from /home/airflow/.local/lib/python3.12/site-packages/airflow/example_dags/tutorial.py
[2024-07-02T14:50:31.855+0000] {logging_mixin.py:188} INFO - [2024-07-02T14:50:31.854+0000] {dag.py:3096} INFO - Sync 1 DAGs
[2024-07-02T14:50:31.875+0000] {logging_mixin.py:188} INFO - [2024-07-02T14:50:31.874+0000] {dag.py:3954} INFO - Setting next_dagrun for tutorial to 2024-07-01 00:00:00+00:00, run_after=2024-07-02 00:00:00+00:00
[2024-07-02T14:50:31.897+0000] {processor.py:183} INFO - Processing /home/airflow/.local/lib/python3.12/site-packages/airflow/example_dags/tutorial.py took 0.076 seconds
[2024-07-02T14:51:02.348+0000] {processor.py:161} INFO - Started process (PID=206) to work on /home/airflow/.local/lib/python3.12/site-packages/airflow/example_dags/tutorial.py
[2024-07-02T14:51:02.349+0000] {processor.py:830} INFO - Processing file /home/airflow/.local/lib/python3.12/site-packages/airflow/example_dags/tutorial.py for tasks to queue
[2024-07-02T14:51:02.350+0000] {logging_mixin.py:188} INFO - [2024-07-02T14:51:02.350+0000] {dagbag.py:545} INFO - Filling up the DagBag from /home/airflow/.local/lib/python3.12/site-packages/airflow/example_dags/tutorial.py
[2024-07-02T14:51:02.357+0000] {processor.py:840} INFO - DAG(s) 'tutorial' retrieved from /home/airflow/.local/lib/python3.12/site-packages/airflow/example_dags/tutorial.py
[2024-07-02T14:51:02.377+0000] {logging_mixin.py:188} INFO - [2024-07-02T14:51:02.377+0000] {dag.py:3096} INFO - Sync 1 DAGs
[2024-07-02T14:51:02.396+0000] {logging_mixin.py:188} INFO - [2024-07-02T14:51:02.395+0000] {dag.py:3954} INFO - Setting next_dagrun for tutorial to 2024-07-01 00:00:00+00:00, run_after=2024-07-02 00:00:00+00:00
[2024-07-02T14:51:02.415+0000] {processor.py:183} INFO - Processing /home/airflow/.local/lib/python3.12/site-packages/airflow/example_dags/tutorial.py took 0.072 seconds
[2024-07-02T14:51:32.765+0000] {processor.py:161} INFO - Started process (PID=264) to work on /home/airflow/.local/lib/python3.12/site-packages/airflow/example_dags/tutorial.py
[2024-07-02T14:51:32.766+0000] {processor.py:830} INFO - Processing file /home/airflow/.local/lib/python3.12/site-packages/airflow/example_dags/tutorial.py for tasks to queue
[2024-07-02T14:51:32.768+0000] {logging_mixin.py:188} INFO - [2024-07-02T14:51:32.767+0000] {dagbag.py:545} INFO - Filling up the DagBag from /home/airflow/.local/lib/python3.12/site-packages/airflow/example_dags/tutorial.py
[2024-07-02T14:51:32.774+0000] {processor.py:840} INFO - DAG(s) 'tutorial' retrieved from /home/airflow/.local/lib/python3.12/site-packages/airflow/example_dags/tutorial.py
[2024-07-02T14:51:32.796+0000] {logging_mixin.py:188} INFO - [2024-07-02T14:51:32.795+0000] {dag.py:3096} INFO - Sync 1 DAGs
[2024-07-02T14:51:32.816+0000] {logging_mixin.py:188} INFO - [2024-07-02T14:51:32.816+0000] {dag.py:3954} INFO - Setting next_dagrun for tutorial to 2024-07-01 00:00:00+00:00, run_after=2024-07-02 00:00:00+00:00
[2024-07-02T14:51:32.838+0000] {processor.py:183} INFO - Processing /home/airflow/.local/lib/python3.12/site-packages/airflow/example_dags/tutorial.py took 0.078 seconds
[2024-07-02T14:52:02.921+0000] {processor.py:161} INFO - Started process (PID=322) to work on /home/airflow/.local/lib/python3.12/site-packages/airflow/example_dags/tutorial.py
[2024-07-02T14:52:02.922+0000] {processor.py:830} INFO - Processing file /home/airflow/.local/lib/python3.12/site-packages/airflow/example_dags/tutorial.py for tasks to queue
[2024-07-02T14:52:02.923+0000] {logging_mixin.py:188} INFO - [2024-07-02T14:52:02.923+0000] {dagbag.py:545} INFO - Filling up the DagBag from /home/airflow/.local/lib/python3.12/site-packages/airflow/example_dags/tutorial.py
[2024-07-02T14:52:02.930+0000] {processor.py:840} INFO - DAG(s) 'tutorial' retrieved from /home/airflow/.local/lib/python3.12/site-packages/airflow/example_dags/tutorial.py
[2024-07-02T14:52:02.954+0000] {logging_mixin.py:188} INFO - [2024-07-02T14:52:02.954+0000] {dag.py:3096} INFO - Sync 1 DAGs
[2024-07-02T14:52:02.973+0000] {logging_mixin.py:188} INFO - [2024-07-02T14:52:02.972+0000] {dag.py:3954} INFO - Setting next_dagrun for tutorial to 2024-07-01 00:00:00+00:00, run_after=2024-07-02 00:00:00+00:00
[2024-07-02T14:52:03.004+0000] {processor.py:183} INFO - Processing /home/airflow/.local/lib/python3.12/site-packages/airflow/example_dags/tutorial.py took 0.090 seconds
[2024-07-02T14:52:33.619+0000] {processor.py:161} INFO - Started process (PID=380) to work on /home/airflow/.local/lib/python3.12/site-packages/airflow/example_dags/tutorial.py
[2024-07-02T14:52:33.620+0000] {processor.py:830} INFO - Processing file /home/airflow/.local/lib/python3.12/site-packages/airflow/example_dags/tutorial.py for tasks to queue
[2024-07-02T14:52:33.622+0000] {logging_mixin.py:188} INFO - [2024-07-02T14:52:33.621+0000] {dagbag.py:545} INFO - Filling up the DagBag from /home/airflow/.local/lib/python3.12/site-packages/airflow/example_dags/tutorial.py
[2024-07-02T14:52:33.628+0000] {processor.py:840} INFO - DAG(s) 'tutorial' retrieved from /home/airflow/.local/lib/python3.12/site-packages/airflow/example_dags/tutorial.py
[2024-07-02T14:52:33.648+0000] {logging_mixin.py:188} INFO - [2024-07-02T14:52:33.648+0000] {dag.py:3096} INFO - Sync 1 DAGs
[2024-07-02T14:52:33.667+0000] {logging_mixin.py:188} INFO - [2024-07-02T14:52:33.667+0000] {dag.py:3954} INFO - Setting next_dagrun for tutorial to 2024-07-01 00:00:00+00:00, run_after=2024-07-02 00:00:00+00:00
[2024-07-02T14:52:33.689+0000] {processor.py:183} INFO - Processing /home/airflow/.local/lib/python3.12/site-packages/airflow/example_dags/tutorial.py took 0.076 seconds
[2024-07-02T14:53:04.041+0000] {processor.py:161} INFO - Started process (PID=438) to work on /home/airflow/.local/lib/python3.12/site-packages/airflow/example_dags/tutorial.py
[2024-07-02T14:53:04.043+0000] {processor.py:830} INFO - Processing file /home/airflow/.local/lib/python3.12/site-packages/airflow/example_dags/tutorial.py for tasks to queue
[2024-07-02T14:53:04.044+0000] {logging_mixin.py:188} INFO - [2024-07-02T14:53:04.044+0000] {dagbag.py:545} INFO - Filling up the DagBag from /home/airflow/.local/lib/python3.12/site-packages/airflow/example_dags/tutorial.py
[2024-07-02T14:53:04.050+0000] {processor.py:840} INFO - DAG(s) 'tutorial' retrieved from /home/airflow/.local/lib/python3.12/site-packages/airflow/example_dags/tutorial.py
[2024-07-02T14:53:04.073+0000] {logging_mixin.py:188} INFO - [2024-07-02T14:53:04.072+0000] {dag.py:3096} INFO - Sync 1 DAGs
[2024-07-02T14:53:04.092+0000] {logging_mixin.py:188} INFO - [2024-07-02T14:53:04.092+0000] {dag.py:3954} INFO - Setting next_dagrun for tutorial to 2024-07-01 00:00:00+00:00, run_after=2024-07-02 00:00:00+00:00
[2024-07-02T14:53:04.117+0000] {processor.py:183} INFO - Processing /home/airflow/.local/lib/python3.12/site-packages/airflow/example_dags/tutorial.py took 0.080 seconds
[2024-07-02T14:53:34.678+0000] {processor.py:161} INFO - Started process (PID=496) to work on /home/airflow/.local/lib/python3.12/site-packages/airflow/example_dags/tutorial.py
[2024-07-02T14:53:34.680+0000] {processor.py:830} INFO - Processing file /home/airflow/.local/lib/python3.12/site-packages/airflow/example_dags/tutorial.py for tasks to queue
[2024-07-02T14:53:34.682+0000] {logging_mixin.py:188} INFO - [2024-07-02T14:53:34.681+0000] {dagbag.py:545} INFO - Filling up the DagBag from /home/airflow/.local/lib/python3.12/site-packages/airflow/example_dags/tutorial.py
[2024-07-02T14:53:34.691+0000] {processor.py:840} INFO - DAG(s) 'tutorial' retrieved from /home/airflow/.local/lib/python3.12/site-packages/airflow/example_dags/tutorial.py
[2024-07-02T14:53:34.724+0000] {logging_mixin.py:188} INFO - [2024-07-02T14:53:34.724+0000] {dag.py:3096} INFO - Sync 1 DAGs
[2024-07-02T14:53:34.756+0000] {logging_mixin.py:188} INFO - [2024-07-02T14:53:34.756+0000] {dag.py:3954} INFO - Setting next_dagrun for tutorial to 2024-07-01 00:00:00+00:00, run_after=2024-07-02 00:00:00+00:00
[2024-07-02T14:53:34.788+0000] {processor.py:183} INFO - Processing /home/airflow/.local/lib/python3.12/site-packages/airflow/example_dags/tutorial.py took 0.118 seconds
[2024-07-02T14:54:04.989+0000] {processor.py:161} INFO - Started process (PID=555) to work on /home/airflow/.local/lib/python3.12/site-packages/airflow/example_dags/tutorial.py
[2024-07-02T14:54:04.991+0000] {processor.py:830} INFO - Processing file /home/airflow/.local/lib/python3.12/site-packages/airflow/example_dags/tutorial.py for tasks to queue
[2024-07-02T14:54:04.992+0000] {logging_mixin.py:188} INFO - [2024-07-02T14:54:04.991+0000] {dagbag.py:545} INFO - Filling up the DagBag from /home/airflow/.local/lib/python3.12/site-packages/airflow/example_dags/tutorial.py
[2024-07-02T14:54:04.999+0000] {processor.py:840} INFO - DAG(s) 'tutorial' retrieved from /home/airflow/.local/lib/python3.12/site-packages/airflow/example_dags/tutorial.py
[2024-07-02T14:54:05.025+0000] {logging_mixin.py:188} INFO - [2024-07-02T14:54:05.024+0000] {dag.py:3096} INFO - Sync 1 DAGs
[2024-07-02T14:54:05.051+0000] {logging_mixin.py:188} INFO - [2024-07-02T14:54:05.050+0000] {dag.py:3954} INFO - Setting next_dagrun for tutorial to 2024-07-01 00:00:00+00:00, run_after=2024-07-02 00:00:00+00:00
[2024-07-02T14:54:05.074+0000] {processor.py:183} INFO - Processing /home/airflow/.local/lib/python3.12/site-packages/airflow/example_dags/tutorial.py took 0.090 seconds
