[2024-07-02T11:48:17.760+0000] {processor.py:161} INFO - Started process (PID=38) to work on /opt/airflow/dags/Biancoll.py
[2024-07-02T11:48:17.763+0000] {processor.py:830} INFO - Processing file /opt/airflow/dags/Biancoll.py for tasks to queue
[2024-07-02T11:48:17.766+0000] {logging_mixin.py:188} INFO - [2024-07-02T11:48:17.766+0000] {dagbag.py:545} INFO - Filling up the DagBag from /opt/airflow/dags/Biancoll.py
[2024-07-02T11:48:18.422+0000] {processor.py:840} INFO - DAG(s) 'Biancoll' retrieved from /opt/airflow/dags/Biancoll.py
[2024-07-02T11:48:18.930+0000] {logging_mixin.py:188} INFO - [2024-07-02T11:48:18.928+0000] {dag.py:3096} INFO - Sync 1 DAGs
[2024-07-02T11:48:18.975+0000] {logging_mixin.py:188} INFO - [2024-07-02T11:48:18.975+0000] {dag.py:3954} INFO - Setting next_dagrun for Biancoll to 2024-07-02 00:00:00+00:00, run_after=2024-07-03 00:00:00+00:00
[2024-07-02T11:48:19.030+0000] {processor.py:183} INFO - Processing /opt/airflow/dags/Biancoll.py took 1.282 seconds
[2024-07-02T11:48:49.381+0000] {processor.py:161} INFO - Started process (PID=106) to work on /opt/airflow/dags/Biancoll.py
[2024-07-02T11:48:49.382+0000] {processor.py:830} INFO - Processing file /opt/airflow/dags/Biancoll.py for tasks to queue
[2024-07-02T11:48:49.385+0000] {logging_mixin.py:188} INFO - [2024-07-02T11:48:49.384+0000] {dagbag.py:545} INFO - Filling up the DagBag from /opt/airflow/dags/Biancoll.py
[2024-07-02T11:48:49.793+0000] {processor.py:840} INFO - DAG(s) 'Biancoll' retrieved from /opt/airflow/dags/Biancoll.py
[2024-07-02T11:48:49.808+0000] {logging_mixin.py:188} INFO - [2024-07-02T11:48:49.808+0000] {dag.py:3096} INFO - Sync 1 DAGs
[2024-07-02T11:48:49.825+0000] {logging_mixin.py:188} INFO - [2024-07-02T11:48:49.825+0000] {dag.py:3954} INFO - Setting next_dagrun for Biancoll to 2024-07-02 00:00:00+00:00, run_after=2024-07-03 00:00:00+00:00
[2024-07-02T11:48:49.845+0000] {processor.py:183} INFO - Processing /opt/airflow/dags/Biancoll.py took 0.469 seconds
[2024-07-02T11:49:19.977+0000] {processor.py:161} INFO - Started process (PID=169) to work on /opt/airflow/dags/Biancoll.py
[2024-07-02T11:49:19.978+0000] {processor.py:830} INFO - Processing file /opt/airflow/dags/Biancoll.py for tasks to queue
[2024-07-02T11:49:19.979+0000] {logging_mixin.py:188} INFO - [2024-07-02T11:49:19.979+0000] {dagbag.py:545} INFO - Filling up the DagBag from /opt/airflow/dags/Biancoll.py
[2024-07-02T11:49:20.374+0000] {processor.py:840} INFO - DAG(s) 'Biancoll' retrieved from /opt/airflow/dags/Biancoll.py
[2024-07-02T11:49:20.388+0000] {logging_mixin.py:188} INFO - [2024-07-02T11:49:20.388+0000] {dag.py:3096} INFO - Sync 1 DAGs
[2024-07-02T11:49:20.404+0000] {logging_mixin.py:188} INFO - [2024-07-02T11:49:20.404+0000] {dag.py:3954} INFO - Setting next_dagrun for Biancoll to 2024-07-02 00:00:00+00:00, run_after=2024-07-03 00:00:00+00:00
[2024-07-02T11:49:20.422+0000] {processor.py:183} INFO - Processing /opt/airflow/dags/Biancoll.py took 0.450 seconds
[2024-07-02T11:49:51.317+0000] {processor.py:161} INFO - Started process (PID=232) to work on /opt/airflow/dags/Biancoll.py
[2024-07-02T11:49:51.318+0000] {processor.py:830} INFO - Processing file /opt/airflow/dags/Biancoll.py for tasks to queue
[2024-07-02T11:49:51.319+0000] {logging_mixin.py:188} INFO - [2024-07-02T11:49:51.319+0000] {dagbag.py:545} INFO - Filling up the DagBag from /opt/airflow/dags/Biancoll.py
[2024-07-02T11:49:51.688+0000] {processor.py:840} INFO - DAG(s) 'Biancoll' retrieved from /opt/airflow/dags/Biancoll.py
[2024-07-02T11:49:51.705+0000] {logging_mixin.py:188} INFO - [2024-07-02T11:49:51.705+0000] {dag.py:3096} INFO - Sync 1 DAGs
[2024-07-02T11:49:51.732+0000] {logging_mixin.py:188} INFO - [2024-07-02T11:49:51.731+0000] {dag.py:3954} INFO - Setting next_dagrun for Biancoll to 2024-07-02 00:00:00+00:00, run_after=2024-07-03 00:00:00+00:00
[2024-07-02T11:49:51.757+0000] {processor.py:183} INFO - Processing /opt/airflow/dags/Biancoll.py took 0.446 seconds
[2024-07-02T11:50:21.889+0000] {processor.py:161} INFO - Started process (PID=295) to work on /opt/airflow/dags/Biancoll.py
[2024-07-02T11:50:21.891+0000] {processor.py:830} INFO - Processing file /opt/airflow/dags/Biancoll.py for tasks to queue
[2024-07-02T11:50:21.892+0000] {logging_mixin.py:188} INFO - [2024-07-02T11:50:21.891+0000] {dagbag.py:545} INFO - Filling up the DagBag from /opt/airflow/dags/Biancoll.py
[2024-07-02T11:50:22.331+0000] {processor.py:840} INFO - DAG(s) 'Biancoll' retrieved from /opt/airflow/dags/Biancoll.py
[2024-07-02T11:50:22.407+0000] {logging_mixin.py:188} INFO - [2024-07-02T11:50:22.406+0000] {dag.py:3096} INFO - Sync 1 DAGs
[2024-07-02T11:50:22.425+0000] {logging_mixin.py:188} INFO - [2024-07-02T11:50:22.424+0000] {dag.py:3954} INFO - Setting next_dagrun for Biancoll to 2024-07-02 00:00:00+00:00, run_after=2024-07-03 00:00:00+00:00
[2024-07-02T11:50:22.447+0000] {processor.py:183} INFO - Processing /opt/airflow/dags/Biancoll.py took 0.566 seconds
[2024-07-02T11:50:53.200+0000] {processor.py:161} INFO - Started process (PID=358) to work on /opt/airflow/dags/Biancoll.py
[2024-07-02T11:50:53.201+0000] {processor.py:830} INFO - Processing file /opt/airflow/dags/Biancoll.py for tasks to queue
[2024-07-02T11:50:53.202+0000] {logging_mixin.py:188} INFO - [2024-07-02T11:50:53.202+0000] {dagbag.py:545} INFO - Filling up the DagBag from /opt/airflow/dags/Biancoll.py
[2024-07-02T11:50:53.579+0000] {processor.py:840} INFO - DAG(s) 'Biancoll' retrieved from /opt/airflow/dags/Biancoll.py
[2024-07-02T11:50:53.593+0000] {logging_mixin.py:188} INFO - [2024-07-02T11:50:53.593+0000] {dag.py:3096} INFO - Sync 1 DAGs
[2024-07-02T11:50:53.617+0000] {logging_mixin.py:188} INFO - [2024-07-02T11:50:53.617+0000] {dag.py:3954} INFO - Setting next_dagrun for Biancoll to 2024-07-02 00:00:00+00:00, run_after=2024-07-03 00:00:00+00:00
[2024-07-02T11:50:53.638+0000] {processor.py:183} INFO - Processing /opt/airflow/dags/Biancoll.py took 0.444 seconds
[2024-07-02T11:51:24.466+0000] {processor.py:161} INFO - Started process (PID=421) to work on /opt/airflow/dags/Biancoll.py
[2024-07-02T11:51:24.467+0000] {processor.py:830} INFO - Processing file /opt/airflow/dags/Biancoll.py for tasks to queue
[2024-07-02T11:51:24.469+0000] {logging_mixin.py:188} INFO - [2024-07-02T11:51:24.468+0000] {dagbag.py:545} INFO - Filling up the DagBag from /opt/airflow/dags/Biancoll.py
[2024-07-02T11:51:24.958+0000] {processor.py:840} INFO - DAG(s) 'Biancoll' retrieved from /opt/airflow/dags/Biancoll.py
[2024-07-02T11:51:24.979+0000] {logging_mixin.py:188} INFO - [2024-07-02T11:51:24.979+0000] {dag.py:3096} INFO - Sync 1 DAGs
[2024-07-02T11:51:25.003+0000] {logging_mixin.py:188} INFO - [2024-07-02T11:51:25.002+0000] {dag.py:3954} INFO - Setting next_dagrun for Biancoll to 2024-07-02 00:00:00+00:00, run_after=2024-07-03 00:00:00+00:00
[2024-07-02T11:51:25.027+0000] {processor.py:183} INFO - Processing /opt/airflow/dags/Biancoll.py took 0.567 seconds
[2024-07-02T11:51:55.888+0000] {processor.py:161} INFO - Started process (PID=484) to work on /opt/airflow/dags/Biancoll.py
[2024-07-02T11:51:55.889+0000] {processor.py:830} INFO - Processing file /opt/airflow/dags/Biancoll.py for tasks to queue
[2024-07-02T11:51:55.890+0000] {logging_mixin.py:188} INFO - [2024-07-02T11:51:55.890+0000] {dagbag.py:545} INFO - Filling up the DagBag from /opt/airflow/dags/Biancoll.py
[2024-07-02T11:51:56.330+0000] {processor.py:840} INFO - DAG(s) 'Biancoll' retrieved from /opt/airflow/dags/Biancoll.py
[2024-07-02T11:51:56.347+0000] {logging_mixin.py:188} INFO - [2024-07-02T11:51:56.347+0000] {dag.py:3096} INFO - Sync 1 DAGs
[2024-07-02T11:51:56.364+0000] {logging_mixin.py:188} INFO - [2024-07-02T11:51:56.364+0000] {dag.py:3954} INFO - Setting next_dagrun for Biancoll to 2024-07-02 00:00:00+00:00, run_after=2024-07-03 00:00:00+00:00
[2024-07-02T11:51:56.386+0000] {processor.py:183} INFO - Processing /opt/airflow/dags/Biancoll.py took 0.503 seconds
[2024-07-02T11:52:26.544+0000] {processor.py:161} INFO - Started process (PID=547) to work on /opt/airflow/dags/Biancoll.py
[2024-07-02T11:52:26.545+0000] {processor.py:830} INFO - Processing file /opt/airflow/dags/Biancoll.py for tasks to queue
[2024-07-02T11:52:26.546+0000] {logging_mixin.py:188} INFO - [2024-07-02T11:52:26.546+0000] {dagbag.py:545} INFO - Filling up the DagBag from /opt/airflow/dags/Biancoll.py
[2024-07-02T11:52:26.918+0000] {processor.py:840} INFO - DAG(s) 'Biancoll' retrieved from /opt/airflow/dags/Biancoll.py
[2024-07-02T11:52:26.931+0000] {logging_mixin.py:188} INFO - [2024-07-02T11:52:26.931+0000] {dag.py:3096} INFO - Sync 1 DAGs
[2024-07-02T11:52:26.946+0000] {logging_mixin.py:188} INFO - [2024-07-02T11:52:26.946+0000] {dag.py:3954} INFO - Setting next_dagrun for Biancoll to 2024-07-02 00:00:00+00:00, run_after=2024-07-03 00:00:00+00:00
[2024-07-02T11:52:26.965+0000] {processor.py:183} INFO - Processing /opt/airflow/dags/Biancoll.py took 0.426 seconds
[2024-07-02T11:52:57.082+0000] {processor.py:161} INFO - Started process (PID=611) to work on /opt/airflow/dags/Biancoll.py
[2024-07-02T11:52:57.082+0000] {processor.py:830} INFO - Processing file /opt/airflow/dags/Biancoll.py for tasks to queue
[2024-07-02T11:52:57.083+0000] {logging_mixin.py:188} INFO - [2024-07-02T11:52:57.083+0000] {dagbag.py:545} INFO - Filling up the DagBag from /opt/airflow/dags/Biancoll.py
[2024-07-02T11:52:57.495+0000] {processor.py:840} INFO - DAG(s) 'Biancoll' retrieved from /opt/airflow/dags/Biancoll.py
[2024-07-02T11:52:57.510+0000] {logging_mixin.py:188} INFO - [2024-07-02T11:52:57.509+0000] {dag.py:3096} INFO - Sync 1 DAGs
[2024-07-02T11:52:57.526+0000] {logging_mixin.py:188} INFO - [2024-07-02T11:52:57.526+0000] {dag.py:3954} INFO - Setting next_dagrun for Biancoll to 2024-07-02 00:00:00+00:00, run_after=2024-07-03 00:00:00+00:00
[2024-07-02T11:52:57.546+0000] {processor.py:183} INFO - Processing /opt/airflow/dags/Biancoll.py took 0.469 seconds
[2024-07-02T11:53:27.920+0000] {processor.py:161} INFO - Started process (PID=674) to work on /opt/airflow/dags/Biancoll.py
[2024-07-02T11:53:27.921+0000] {processor.py:830} INFO - Processing file /opt/airflow/dags/Biancoll.py for tasks to queue
[2024-07-02T11:53:27.922+0000] {logging_mixin.py:188} INFO - [2024-07-02T11:53:27.921+0000] {dagbag.py:545} INFO - Filling up the DagBag from /opt/airflow/dags/Biancoll.py
[2024-07-02T11:53:28.299+0000] {processor.py:840} INFO - DAG(s) 'Biancoll' retrieved from /opt/airflow/dags/Biancoll.py
[2024-07-02T11:53:28.314+0000] {logging_mixin.py:188} INFO - [2024-07-02T11:53:28.314+0000] {dag.py:3096} INFO - Sync 1 DAGs
[2024-07-02T11:53:28.333+0000] {logging_mixin.py:188} INFO - [2024-07-02T11:53:28.333+0000] {dag.py:3954} INFO - Setting next_dagrun for Biancoll to 2024-07-02 00:00:00+00:00, run_after=2024-07-03 00:00:00+00:00
[2024-07-02T11:53:28.353+0000] {processor.py:183} INFO - Processing /opt/airflow/dags/Biancoll.py took 0.439 seconds
[2024-07-02T11:53:58.641+0000] {processor.py:161} INFO - Started process (PID=737) to work on /opt/airflow/dags/Biancoll.py
[2024-07-02T11:53:58.642+0000] {processor.py:830} INFO - Processing file /opt/airflow/dags/Biancoll.py for tasks to queue
[2024-07-02T11:53:58.643+0000] {logging_mixin.py:188} INFO - [2024-07-02T11:53:58.642+0000] {dagbag.py:545} INFO - Filling up the DagBag from /opt/airflow/dags/Biancoll.py
[2024-07-02T11:53:59.064+0000] {processor.py:840} INFO - DAG(s) 'Biancoll' retrieved from /opt/airflow/dags/Biancoll.py
[2024-07-02T11:53:59.077+0000] {logging_mixin.py:188} INFO - [2024-07-02T11:53:59.077+0000] {dag.py:3096} INFO - Sync 1 DAGs
[2024-07-02T11:53:59.093+0000] {logging_mixin.py:188} INFO - [2024-07-02T11:53:59.093+0000] {dag.py:3954} INFO - Setting next_dagrun for Biancoll to 2024-07-02 00:00:00+00:00, run_after=2024-07-03 00:00:00+00:00
[2024-07-02T11:53:59.110+0000] {processor.py:183} INFO - Processing /opt/airflow/dags/Biancoll.py took 0.476 seconds
[2024-07-02T11:54:30.046+0000] {processor.py:161} INFO - Started process (PID=800) to work on /opt/airflow/dags/Biancoll.py
[2024-07-02T11:54:30.047+0000] {processor.py:830} INFO - Processing file /opt/airflow/dags/Biancoll.py for tasks to queue
[2024-07-02T11:54:30.049+0000] {logging_mixin.py:188} INFO - [2024-07-02T11:54:30.048+0000] {dagbag.py:545} INFO - Filling up the DagBag from /opt/airflow/dags/Biancoll.py
[2024-07-02T11:54:30.487+0000] {processor.py:840} INFO - DAG(s) 'Biancoll' retrieved from /opt/airflow/dags/Biancoll.py
[2024-07-02T11:54:30.504+0000] {logging_mixin.py:188} INFO - [2024-07-02T11:54:30.503+0000] {dag.py:3096} INFO - Sync 1 DAGs
[2024-07-02T11:54:30.522+0000] {logging_mixin.py:188} INFO - [2024-07-02T11:54:30.522+0000] {dag.py:3954} INFO - Setting next_dagrun for Biancoll to 2024-07-02 00:00:00+00:00, run_after=2024-07-03 00:00:00+00:00
[2024-07-02T11:54:30.540+0000] {processor.py:183} INFO - Processing /opt/airflow/dags/Biancoll.py took 0.498 seconds
[2024-07-02T11:55:01.265+0000] {processor.py:161} INFO - Started process (PID=863) to work on /opt/airflow/dags/Biancoll.py
[2024-07-02T11:55:01.266+0000] {processor.py:830} INFO - Processing file /opt/airflow/dags/Biancoll.py for tasks to queue
[2024-07-02T11:55:01.267+0000] {logging_mixin.py:188} INFO - [2024-07-02T11:55:01.267+0000] {dagbag.py:545} INFO - Filling up the DagBag from /opt/airflow/dags/Biancoll.py
[2024-07-02T11:55:01.731+0000] {processor.py:840} INFO - DAG(s) 'Biancoll' retrieved from /opt/airflow/dags/Biancoll.py
[2024-07-02T11:55:01.751+0000] {logging_mixin.py:188} INFO - [2024-07-02T11:55:01.750+0000] {dag.py:3096} INFO - Sync 1 DAGs
[2024-07-02T11:55:01.776+0000] {logging_mixin.py:188} INFO - [2024-07-02T11:55:01.776+0000] {dag.py:3954} INFO - Setting next_dagrun for Biancoll to 2024-07-02 00:00:00+00:00, run_after=2024-07-03 00:00:00+00:00
[2024-07-02T11:55:01.804+0000] {processor.py:183} INFO - Processing /opt/airflow/dags/Biancoll.py took 0.543 seconds
[2024-07-02T11:55:32.383+0000] {processor.py:161} INFO - Started process (PID=934) to work on /opt/airflow/dags/Biancoll.py
[2024-07-02T11:55:32.384+0000] {processor.py:830} INFO - Processing file /opt/airflow/dags/Biancoll.py for tasks to queue
[2024-07-02T11:55:32.386+0000] {logging_mixin.py:188} INFO - [2024-07-02T11:55:32.386+0000] {dagbag.py:545} INFO - Filling up the DagBag from /opt/airflow/dags/Biancoll.py
[2024-07-02T11:55:32.830+0000] {processor.py:840} INFO - DAG(s) 'Biancoll' retrieved from /opt/airflow/dags/Biancoll.py
[2024-07-02T11:55:32.847+0000] {logging_mixin.py:188} INFO - [2024-07-02T11:55:32.846+0000] {dag.py:3096} INFO - Sync 1 DAGs
[2024-07-02T11:55:32.868+0000] {logging_mixin.py:188} INFO - [2024-07-02T11:55:32.868+0000] {dag.py:3954} INFO - Setting next_dagrun for Biancoll to 2024-07-02 00:00:00+00:00, run_after=2024-07-03 00:00:00+00:00
[2024-07-02T11:55:32.892+0000] {processor.py:183} INFO - Processing /opt/airflow/dags/Biancoll.py took 0.517 seconds
[2024-07-02T11:56:03.019+0000] {processor.py:161} INFO - Started process (PID=995) to work on /opt/airflow/dags/Biancoll.py
[2024-07-02T11:56:03.021+0000] {processor.py:830} INFO - Processing file /opt/airflow/dags/Biancoll.py for tasks to queue
[2024-07-02T11:56:03.022+0000] {logging_mixin.py:188} INFO - [2024-07-02T11:56:03.021+0000] {dagbag.py:545} INFO - Filling up the DagBag from /opt/airflow/dags/Biancoll.py
[2024-07-02T11:56:03.475+0000] {processor.py:840} INFO - DAG(s) 'Biancoll' retrieved from /opt/airflow/dags/Biancoll.py
[2024-07-02T11:56:03.491+0000] {logging_mixin.py:188} INFO - [2024-07-02T11:56:03.490+0000] {dag.py:3096} INFO - Sync 1 DAGs
[2024-07-02T11:56:03.511+0000] {logging_mixin.py:188} INFO - [2024-07-02T11:56:03.511+0000] {dag.py:3954} INFO - Setting next_dagrun for Biancoll to 2024-07-02 00:00:00+00:00, run_after=2024-07-03 00:00:00+00:00
[2024-07-02T11:56:03.536+0000] {processor.py:183} INFO - Processing /opt/airflow/dags/Biancoll.py took 0.523 seconds
[2024-07-02T11:56:34.186+0000] {processor.py:161} INFO - Started process (PID=1057) to work on /opt/airflow/dags/Biancoll.py
[2024-07-02T11:56:34.187+0000] {processor.py:830} INFO - Processing file /opt/airflow/dags/Biancoll.py for tasks to queue
[2024-07-02T11:56:34.188+0000] {logging_mixin.py:188} INFO - [2024-07-02T11:56:34.188+0000] {dagbag.py:545} INFO - Filling up the DagBag from /opt/airflow/dags/Biancoll.py
[2024-07-02T11:56:34.597+0000] {processor.py:840} INFO - DAG(s) 'Biancoll' retrieved from /opt/airflow/dags/Biancoll.py
[2024-07-02T11:56:34.612+0000] {logging_mixin.py:188} INFO - [2024-07-02T11:56:34.612+0000] {dag.py:3096} INFO - Sync 1 DAGs
[2024-07-02T11:56:34.632+0000] {logging_mixin.py:188} INFO - [2024-07-02T11:56:34.631+0000] {dag.py:3954} INFO - Setting next_dagrun for Biancoll to 2024-07-02 00:00:00+00:00, run_after=2024-07-03 00:00:00+00:00
[2024-07-02T11:56:34.656+0000] {processor.py:183} INFO - Processing /opt/airflow/dags/Biancoll.py took 0.475 seconds
[2024-07-02T11:57:04.719+0000] {processor.py:161} INFO - Started process (PID=1120) to work on /opt/airflow/dags/Biancoll.py
[2024-07-02T11:57:04.721+0000] {processor.py:830} INFO - Processing file /opt/airflow/dags/Biancoll.py for tasks to queue
[2024-07-02T11:57:04.722+0000] {logging_mixin.py:188} INFO - [2024-07-02T11:57:04.722+0000] {dagbag.py:545} INFO - Filling up the DagBag from /opt/airflow/dags/Biancoll.py
[2024-07-02T11:57:05.177+0000] {processor.py:840} INFO - DAG(s) 'Biancoll' retrieved from /opt/airflow/dags/Biancoll.py
[2024-07-02T11:57:05.194+0000] {logging_mixin.py:188} INFO - [2024-07-02T11:57:05.194+0000] {dag.py:3096} INFO - Sync 1 DAGs
[2024-07-02T11:57:05.214+0000] {logging_mixin.py:188} INFO - [2024-07-02T11:57:05.214+0000] {dag.py:3954} INFO - Setting next_dagrun for Biancoll to 2024-07-02 00:00:00+00:00, run_after=2024-07-03 00:00:00+00:00
[2024-07-02T11:57:05.249+0000] {processor.py:183} INFO - Processing /opt/airflow/dags/Biancoll.py took 0.537 seconds
[2024-07-02T11:57:35.885+0000] {processor.py:161} INFO - Started process (PID=1183) to work on /opt/airflow/dags/Biancoll.py
[2024-07-02T11:57:35.886+0000] {processor.py:830} INFO - Processing file /opt/airflow/dags/Biancoll.py for tasks to queue
[2024-07-02T11:57:35.887+0000] {logging_mixin.py:188} INFO - [2024-07-02T11:57:35.887+0000] {dagbag.py:545} INFO - Filling up the DagBag from /opt/airflow/dags/Biancoll.py
[2024-07-02T11:57:36.276+0000] {processor.py:840} INFO - DAG(s) 'Biancoll' retrieved from /opt/airflow/dags/Biancoll.py
[2024-07-02T11:57:36.290+0000] {logging_mixin.py:188} INFO - [2024-07-02T11:57:36.290+0000] {dag.py:3096} INFO - Sync 1 DAGs
[2024-07-02T11:57:36.306+0000] {logging_mixin.py:188} INFO - [2024-07-02T11:57:36.305+0000] {dag.py:3954} INFO - Setting next_dagrun for Biancoll to 2024-07-02 00:00:00+00:00, run_after=2024-07-03 00:00:00+00:00
[2024-07-02T11:57:36.328+0000] {processor.py:183} INFO - Processing /opt/airflow/dags/Biancoll.py took 0.449 seconds
[2024-07-02T11:58:06.613+0000] {processor.py:161} INFO - Started process (PID=1246) to work on /opt/airflow/dags/Biancoll.py
[2024-07-02T11:58:06.615+0000] {processor.py:830} INFO - Processing file /opt/airflow/dags/Biancoll.py for tasks to queue
[2024-07-02T11:58:06.616+0000] {logging_mixin.py:188} INFO - [2024-07-02T11:58:06.616+0000] {dagbag.py:545} INFO - Filling up the DagBag from /opt/airflow/dags/Biancoll.py
[2024-07-02T11:58:07.029+0000] {processor.py:840} INFO - DAG(s) 'Biancoll' retrieved from /opt/airflow/dags/Biancoll.py
[2024-07-02T11:58:07.042+0000] {logging_mixin.py:188} INFO - [2024-07-02T11:58:07.042+0000] {dag.py:3096} INFO - Sync 1 DAGs
[2024-07-02T11:58:07.058+0000] {logging_mixin.py:188} INFO - [2024-07-02T11:58:07.058+0000] {dag.py:3954} INFO - Setting next_dagrun for Biancoll to 2024-07-02 00:00:00+00:00, run_after=2024-07-03 00:00:00+00:00
[2024-07-02T11:58:07.078+0000] {processor.py:183} INFO - Processing /opt/airflow/dags/Biancoll.py took 0.470 seconds
[2024-07-02T11:58:37.250+0000] {processor.py:161} INFO - Started process (PID=1309) to work on /opt/airflow/dags/Biancoll.py
[2024-07-02T11:58:37.252+0000] {processor.py:830} INFO - Processing file /opt/airflow/dags/Biancoll.py for tasks to queue
[2024-07-02T11:58:37.253+0000] {logging_mixin.py:188} INFO - [2024-07-02T11:58:37.252+0000] {dagbag.py:545} INFO - Filling up the DagBag from /opt/airflow/dags/Biancoll.py
[2024-07-02T11:58:37.649+0000] {processor.py:840} INFO - DAG(s) 'Biancoll' retrieved from /opt/airflow/dags/Biancoll.py
[2024-07-02T11:58:37.671+0000] {logging_mixin.py:188} INFO - [2024-07-02T11:58:37.670+0000] {dag.py:3096} INFO - Sync 1 DAGs
[2024-07-02T11:58:37.693+0000] {logging_mixin.py:188} INFO - [2024-07-02T11:58:37.693+0000] {dag.py:3954} INFO - Setting next_dagrun for Biancoll to 2024-07-02 00:00:00+00:00, run_after=2024-07-03 00:00:00+00:00
[2024-07-02T11:58:37.718+0000] {processor.py:183} INFO - Processing /opt/airflow/dags/Biancoll.py took 0.473 seconds
[2024-07-02T11:59:07.900+0000] {processor.py:161} INFO - Started process (PID=1372) to work on /opt/airflow/dags/Biancoll.py
[2024-07-02T11:59:07.902+0000] {processor.py:830} INFO - Processing file /opt/airflow/dags/Biancoll.py for tasks to queue
[2024-07-02T11:59:07.903+0000] {logging_mixin.py:188} INFO - [2024-07-02T11:59:07.902+0000] {dagbag.py:545} INFO - Filling up the DagBag from /opt/airflow/dags/Biancoll.py
[2024-07-02T11:59:08.265+0000] {processor.py:840} INFO - DAG(s) 'Biancoll' retrieved from /opt/airflow/dags/Biancoll.py
[2024-07-02T11:59:08.279+0000] {logging_mixin.py:188} INFO - [2024-07-02T11:59:08.278+0000] {dag.py:3096} INFO - Sync 1 DAGs
[2024-07-02T11:59:08.293+0000] {logging_mixin.py:188} INFO - [2024-07-02T11:59:08.293+0000] {dag.py:3954} INFO - Setting next_dagrun for Biancoll to 2024-07-02 00:00:00+00:00, run_after=2024-07-03 00:00:00+00:00
[2024-07-02T11:59:08.313+0000] {processor.py:183} INFO - Processing /opt/airflow/dags/Biancoll.py took 0.418 seconds
[2024-07-02T11:59:39.123+0000] {processor.py:161} INFO - Started process (PID=1435) to work on /opt/airflow/dags/Biancoll.py
[2024-07-02T11:59:39.124+0000] {processor.py:830} INFO - Processing file /opt/airflow/dags/Biancoll.py for tasks to queue
[2024-07-02T11:59:39.125+0000] {logging_mixin.py:188} INFO - [2024-07-02T11:59:39.125+0000] {dagbag.py:545} INFO - Filling up the DagBag from /opt/airflow/dags/Biancoll.py
[2024-07-02T11:59:39.505+0000] {processor.py:840} INFO - DAG(s) 'Biancoll' retrieved from /opt/airflow/dags/Biancoll.py
[2024-07-02T11:59:39.519+0000] {logging_mixin.py:188} INFO - [2024-07-02T11:59:39.518+0000] {dag.py:3096} INFO - Sync 1 DAGs
[2024-07-02T11:59:39.534+0000] {logging_mixin.py:188} INFO - [2024-07-02T11:59:39.534+0000] {dag.py:3954} INFO - Setting next_dagrun for Biancoll to 2024-07-02 00:00:00+00:00, run_after=2024-07-03 00:00:00+00:00
[2024-07-02T11:59:39.554+0000] {processor.py:183} INFO - Processing /opt/airflow/dags/Biancoll.py took 0.436 seconds
[2024-07-02T12:00:09.840+0000] {processor.py:161} INFO - Started process (PID=1498) to work on /opt/airflow/dags/Biancoll.py
[2024-07-02T12:00:09.841+0000] {processor.py:830} INFO - Processing file /opt/airflow/dags/Biancoll.py for tasks to queue
[2024-07-02T12:00:09.842+0000] {logging_mixin.py:188} INFO - [2024-07-02T12:00:09.842+0000] {dagbag.py:545} INFO - Filling up the DagBag from /opt/airflow/dags/Biancoll.py
[2024-07-02T12:00:10.219+0000] {processor.py:840} INFO - DAG(s) 'Biancoll' retrieved from /opt/airflow/dags/Biancoll.py
[2024-07-02T12:00:10.232+0000] {logging_mixin.py:188} INFO - [2024-07-02T12:00:10.231+0000] {dag.py:3096} INFO - Sync 1 DAGs
[2024-07-02T12:00:10.246+0000] {logging_mixin.py:188} INFO - [2024-07-02T12:00:10.246+0000] {dag.py:3954} INFO - Setting next_dagrun for Biancoll to 2024-07-02 00:00:00+00:00, run_after=2024-07-03 00:00:00+00:00
[2024-07-02T12:00:10.266+0000] {processor.py:183} INFO - Processing /opt/airflow/dags/Biancoll.py took 0.432 seconds
[2024-07-02T12:00:41.079+0000] {processor.py:161} INFO - Started process (PID=1561) to work on /opt/airflow/dags/Biancoll.py
[2024-07-02T12:00:41.081+0000] {processor.py:830} INFO - Processing file /opt/airflow/dags/Biancoll.py for tasks to queue
[2024-07-02T12:00:41.082+0000] {logging_mixin.py:188} INFO - [2024-07-02T12:00:41.081+0000] {dagbag.py:545} INFO - Filling up the DagBag from /opt/airflow/dags/Biancoll.py
[2024-07-02T12:00:41.488+0000] {processor.py:840} INFO - DAG(s) 'Biancoll' retrieved from /opt/airflow/dags/Biancoll.py
[2024-07-02T12:00:41.506+0000] {logging_mixin.py:188} INFO - [2024-07-02T12:00:41.505+0000] {dag.py:3096} INFO - Sync 1 DAGs
[2024-07-02T12:00:41.524+0000] {logging_mixin.py:188} INFO - [2024-07-02T12:00:41.524+0000] {dag.py:3954} INFO - Setting next_dagrun for Biancoll to 2024-07-02 00:00:00+00:00, run_after=2024-07-03 00:00:00+00:00
[2024-07-02T12:00:41.551+0000] {processor.py:183} INFO - Processing /opt/airflow/dags/Biancoll.py took 0.476 seconds
[2024-07-02T12:01:11.660+0000] {processor.py:161} INFO - Started process (PID=1624) to work on /opt/airflow/dags/Biancoll.py
[2024-07-02T12:01:11.661+0000] {processor.py:830} INFO - Processing file /opt/airflow/dags/Biancoll.py for tasks to queue
[2024-07-02T12:01:11.662+0000] {logging_mixin.py:188} INFO - [2024-07-02T12:01:11.661+0000] {dagbag.py:545} INFO - Filling up the DagBag from /opt/airflow/dags/Biancoll.py
[2024-07-02T12:01:12.060+0000] {processor.py:840} INFO - DAG(s) 'Biancoll' retrieved from /opt/airflow/dags/Biancoll.py
[2024-07-02T12:01:12.075+0000] {logging_mixin.py:188} INFO - [2024-07-02T12:01:12.075+0000] {dag.py:3096} INFO - Sync 1 DAGs
[2024-07-02T12:01:12.094+0000] {logging_mixin.py:188} INFO - [2024-07-02T12:01:12.094+0000] {dag.py:3954} INFO - Setting next_dagrun for Biancoll to 2024-07-02 00:00:00+00:00, run_after=2024-07-03 00:00:00+00:00
[2024-07-02T12:01:12.115+0000] {processor.py:183} INFO - Processing /opt/airflow/dags/Biancoll.py took 0.461 seconds
[2024-07-02T12:01:42.858+0000] {processor.py:161} INFO - Started process (PID=1687) to work on /opt/airflow/dags/Biancoll.py
[2024-07-02T12:01:42.859+0000] {processor.py:830} INFO - Processing file /opt/airflow/dags/Biancoll.py for tasks to queue
[2024-07-02T12:01:42.860+0000] {logging_mixin.py:188} INFO - [2024-07-02T12:01:42.860+0000] {dagbag.py:545} INFO - Filling up the DagBag from /opt/airflow/dags/Biancoll.py
[2024-07-02T12:01:43.230+0000] {processor.py:840} INFO - DAG(s) 'Biancoll' retrieved from /opt/airflow/dags/Biancoll.py
[2024-07-02T12:01:43.244+0000] {logging_mixin.py:188} INFO - [2024-07-02T12:01:43.244+0000] {dag.py:3096} INFO - Sync 1 DAGs
[2024-07-02T12:01:43.259+0000] {logging_mixin.py:188} INFO - [2024-07-02T12:01:43.259+0000] {dag.py:3954} INFO - Setting next_dagrun for Biancoll to 2024-07-02 00:00:00+00:00, run_after=2024-07-03 00:00:00+00:00
[2024-07-02T12:01:43.277+0000] {processor.py:183} INFO - Processing /opt/airflow/dags/Biancoll.py took 0.427 seconds
[2024-07-02T12:02:13.596+0000] {processor.py:161} INFO - Started process (PID=1750) to work on /opt/airflow/dags/Biancoll.py
[2024-07-02T12:02:13.597+0000] {processor.py:830} INFO - Processing file /opt/airflow/dags/Biancoll.py for tasks to queue
[2024-07-02T12:02:13.598+0000] {logging_mixin.py:188} INFO - [2024-07-02T12:02:13.598+0000] {dagbag.py:545} INFO - Filling up the DagBag from /opt/airflow/dags/Biancoll.py
[2024-07-02T12:02:13.878+0000] {processor.py:840} INFO - DAG(s) 'Biancoll' retrieved from /opt/airflow/dags/Biancoll.py
[2024-07-02T12:02:13.894+0000] {logging_mixin.py:188} INFO - [2024-07-02T12:02:13.893+0000] {dag.py:3096} INFO - Sync 1 DAGs
[2024-07-02T12:02:13.912+0000] {logging_mixin.py:188} INFO - [2024-07-02T12:02:13.911+0000] {dag.py:3954} INFO - Setting next_dagrun for Biancoll to 2024-07-02 00:00:00+00:00, run_after=2024-07-03 00:00:00+00:00
[2024-07-02T12:02:13.931+0000] {processor.py:183} INFO - Processing /opt/airflow/dags/Biancoll.py took 0.344 seconds
[2024-07-02T12:02:44.087+0000] {processor.py:161} INFO - Started process (PID=1813) to work on /opt/airflow/dags/Biancoll.py
[2024-07-02T12:02:44.088+0000] {processor.py:830} INFO - Processing file /opt/airflow/dags/Biancoll.py for tasks to queue
[2024-07-02T12:02:44.089+0000] {logging_mixin.py:188} INFO - [2024-07-02T12:02:44.089+0000] {dagbag.py:545} INFO - Filling up the DagBag from /opt/airflow/dags/Biancoll.py
[2024-07-02T12:02:44.341+0000] {processor.py:840} INFO - DAG(s) 'Biancoll' retrieved from /opt/airflow/dags/Biancoll.py
[2024-07-02T12:02:44.356+0000] {logging_mixin.py:188} INFO - [2024-07-02T12:02:44.356+0000] {dag.py:3096} INFO - Sync 1 DAGs
[2024-07-02T12:02:44.373+0000] {logging_mixin.py:188} INFO - [2024-07-02T12:02:44.373+0000] {dag.py:3954} INFO - Setting next_dagrun for Biancoll to 2024-07-02 00:00:00+00:00, run_after=2024-07-03 00:00:00+00:00
[2024-07-02T12:02:44.393+0000] {processor.py:183} INFO - Processing /opt/airflow/dags/Biancoll.py took 0.313 seconds
[2024-07-02T12:03:14.538+0000] {processor.py:161} INFO - Started process (PID=1876) to work on /opt/airflow/dags/Biancoll.py
[2024-07-02T12:03:14.539+0000] {processor.py:830} INFO - Processing file /opt/airflow/dags/Biancoll.py for tasks to queue
[2024-07-02T12:03:14.540+0000] {logging_mixin.py:188} INFO - [2024-07-02T12:03:14.540+0000] {dagbag.py:545} INFO - Filling up the DagBag from /opt/airflow/dags/Biancoll.py
[2024-07-02T12:03:14.823+0000] {processor.py:840} INFO - DAG(s) 'Biancoll' retrieved from /opt/airflow/dags/Biancoll.py
[2024-07-02T12:03:14.839+0000] {logging_mixin.py:188} INFO - [2024-07-02T12:03:14.839+0000] {dag.py:3096} INFO - Sync 1 DAGs
[2024-07-02T12:03:14.858+0000] {logging_mixin.py:188} INFO - [2024-07-02T12:03:14.857+0000] {dag.py:3954} INFO - Setting next_dagrun for Biancoll to 2024-07-02 00:00:00+00:00, run_after=2024-07-03 00:00:00+00:00
[2024-07-02T12:03:14.875+0000] {processor.py:183} INFO - Processing /opt/airflow/dags/Biancoll.py took 0.345 seconds
[2024-07-02T12:03:45.625+0000] {processor.py:161} INFO - Started process (PID=1939) to work on /opt/airflow/dags/Biancoll.py
[2024-07-02T12:03:45.626+0000] {processor.py:830} INFO - Processing file /opt/airflow/dags/Biancoll.py for tasks to queue
[2024-07-02T12:03:45.627+0000] {logging_mixin.py:188} INFO - [2024-07-02T12:03:45.627+0000] {dagbag.py:545} INFO - Filling up the DagBag from /opt/airflow/dags/Biancoll.py
[2024-07-02T12:03:45.893+0000] {processor.py:840} INFO - DAG(s) 'Biancoll' retrieved from /opt/airflow/dags/Biancoll.py
[2024-07-02T12:03:45.909+0000] {logging_mixin.py:188} INFO - [2024-07-02T12:03:45.908+0000] {dag.py:3096} INFO - Sync 1 DAGs
[2024-07-02T12:03:45.928+0000] {logging_mixin.py:188} INFO - [2024-07-02T12:03:45.928+0000] {dag.py:3954} INFO - Setting next_dagrun for Biancoll to 2024-07-02 00:00:00+00:00, run_after=2024-07-03 00:00:00+00:00
[2024-07-02T12:03:45.946+0000] {processor.py:183} INFO - Processing /opt/airflow/dags/Biancoll.py took 0.330 seconds
[2024-07-02T12:04:16.132+0000] {processor.py:161} INFO - Started process (PID=2002) to work on /opt/airflow/dags/Biancoll.py
[2024-07-02T12:04:16.133+0000] {processor.py:830} INFO - Processing file /opt/airflow/dags/Biancoll.py for tasks to queue
[2024-07-02T12:04:16.134+0000] {logging_mixin.py:188} INFO - [2024-07-02T12:04:16.134+0000] {dagbag.py:545} INFO - Filling up the DagBag from /opt/airflow/dags/Biancoll.py
[2024-07-02T12:04:16.397+0000] {processor.py:840} INFO - DAG(s) 'Biancoll' retrieved from /opt/airflow/dags/Biancoll.py
[2024-07-02T12:04:16.412+0000] {logging_mixin.py:188} INFO - [2024-07-02T12:04:16.412+0000] {dag.py:3096} INFO - Sync 1 DAGs
[2024-07-02T12:04:16.431+0000] {logging_mixin.py:188} INFO - [2024-07-02T12:04:16.431+0000] {dag.py:3954} INFO - Setting next_dagrun for Biancoll to 2024-07-02 00:00:00+00:00, run_after=2024-07-03 00:00:00+00:00
[2024-07-02T12:04:16.451+0000] {processor.py:183} INFO - Processing /opt/airflow/dags/Biancoll.py took 0.326 seconds
[2024-07-02T12:04:46.621+0000] {processor.py:161} INFO - Started process (PID=2066) to work on /opt/airflow/dags/Biancoll.py
[2024-07-02T12:04:46.622+0000] {processor.py:830} INFO - Processing file /opt/airflow/dags/Biancoll.py for tasks to queue
[2024-07-02T12:04:46.623+0000] {logging_mixin.py:188} INFO - [2024-07-02T12:04:46.623+0000] {dagbag.py:545} INFO - Filling up the DagBag from /opt/airflow/dags/Biancoll.py
[2024-07-02T12:04:46.903+0000] {processor.py:840} INFO - DAG(s) 'Biancoll' retrieved from /opt/airflow/dags/Biancoll.py
[2024-07-02T12:04:46.919+0000] {logging_mixin.py:188} INFO - [2024-07-02T12:04:46.918+0000] {dag.py:3096} INFO - Sync 1 DAGs
[2024-07-02T12:04:46.939+0000] {logging_mixin.py:188} INFO - [2024-07-02T12:04:46.938+0000] {dag.py:3954} INFO - Setting next_dagrun for Biancoll to 2024-07-02 00:00:00+00:00, run_after=2024-07-03 00:00:00+00:00
[2024-07-02T12:04:46.959+0000] {processor.py:183} INFO - Processing /opt/airflow/dags/Biancoll.py took 0.347 seconds
[2024-07-02T12:05:17.400+0000] {processor.py:161} INFO - Started process (PID=2127) to work on /opt/airflow/dags/Biancoll.py
[2024-07-02T12:05:17.401+0000] {processor.py:830} INFO - Processing file /opt/airflow/dags/Biancoll.py for tasks to queue
[2024-07-02T12:05:17.402+0000] {logging_mixin.py:188} INFO - [2024-07-02T12:05:17.402+0000] {dagbag.py:545} INFO - Filling up the DagBag from /opt/airflow/dags/Biancoll.py
[2024-07-02T12:05:17.664+0000] {processor.py:840} INFO - DAG(s) 'Biancoll' retrieved from /opt/airflow/dags/Biancoll.py
[2024-07-02T12:05:17.681+0000] {logging_mixin.py:188} INFO - [2024-07-02T12:05:17.681+0000] {dag.py:3096} INFO - Sync 1 DAGs
[2024-07-02T12:05:17.701+0000] {logging_mixin.py:188} INFO - [2024-07-02T12:05:17.701+0000] {dag.py:3954} INFO - Setting next_dagrun for Biancoll to 2024-07-02 00:00:00+00:00, run_after=2024-07-03 00:00:00+00:00
[2024-07-02T12:05:17.721+0000] {processor.py:183} INFO - Processing /opt/airflow/dags/Biancoll.py took 0.328 seconds
[2024-07-02T12:07:41.329+0000] {processor.py:161} INFO - Started process (PID=34) to work on /opt/airflow/dags/Biancoll.py
[2024-07-02T12:07:41.331+0000] {processor.py:830} INFO - Processing file /opt/airflow/dags/Biancoll.py for tasks to queue
[2024-07-02T12:07:41.338+0000] {logging_mixin.py:188} INFO - [2024-07-02T12:07:41.337+0000] {dagbag.py:545} INFO - Filling up the DagBag from /opt/airflow/dags/Biancoll.py
[2024-07-02T12:07:41.807+0000] {processor.py:840} INFO - DAG(s) 'Biancoll' retrieved from /opt/airflow/dags/Biancoll.py
[2024-07-02T12:07:42.097+0000] {logging_mixin.py:188} INFO - [2024-07-02T12:07:42.097+0000] {dag.py:3096} INFO - Sync 1 DAGs
[2024-07-02T12:07:42.122+0000] {logging_mixin.py:188} INFO - [2024-07-02T12:07:42.122+0000] {dag.py:3954} INFO - Setting next_dagrun for Biancoll to 2024-07-02 00:00:00+00:00, run_after=2024-07-03 00:00:00+00:00
[2024-07-02T12:07:42.149+0000] {processor.py:183} INFO - Processing /opt/airflow/dags/Biancoll.py took 0.831 seconds
[2024-07-02T12:08:12.326+0000] {processor.py:161} INFO - Started process (PID=97) to work on /opt/airflow/dags/Biancoll.py
[2024-07-02T12:08:12.327+0000] {processor.py:830} INFO - Processing file /opt/airflow/dags/Biancoll.py for tasks to queue
[2024-07-02T12:08:12.330+0000] {logging_mixin.py:188} INFO - [2024-07-02T12:08:12.329+0000] {dagbag.py:545} INFO - Filling up the DagBag from /opt/airflow/dags/Biancoll.py
[2024-07-02T12:08:12.769+0000] {processor.py:840} INFO - DAG(s) 'Biancoll' retrieved from /opt/airflow/dags/Biancoll.py
[2024-07-02T12:08:12.792+0000] {logging_mixin.py:188} INFO - [2024-07-02T12:08:12.792+0000] {dag.py:3096} INFO - Sync 1 DAGs
[2024-07-02T12:08:12.811+0000] {logging_mixin.py:188} INFO - [2024-07-02T12:08:12.811+0000] {dag.py:3954} INFO - Setting next_dagrun for Biancoll to 2024-07-02 00:00:00+00:00, run_after=2024-07-03 00:00:00+00:00
[2024-07-02T12:08:12.834+0000] {processor.py:183} INFO - Processing /opt/airflow/dags/Biancoll.py took 0.514 seconds
[2024-07-02T12:08:43.752+0000] {processor.py:161} INFO - Started process (PID=162) to work on /opt/airflow/dags/Biancoll.py
[2024-07-02T12:08:43.753+0000] {processor.py:830} INFO - Processing file /opt/airflow/dags/Biancoll.py for tasks to queue
[2024-07-02T12:08:43.754+0000] {logging_mixin.py:188} INFO - [2024-07-02T12:08:43.754+0000] {dagbag.py:545} INFO - Filling up the DagBag from /opt/airflow/dags/Biancoll.py
[2024-07-02T12:08:44.218+0000] {processor.py:840} INFO - DAG(s) 'Biancoll' retrieved from /opt/airflow/dags/Biancoll.py
[2024-07-02T12:08:44.234+0000] {logging_mixin.py:188} INFO - [2024-07-02T12:08:44.234+0000] {dag.py:3096} INFO - Sync 1 DAGs
[2024-07-02T12:08:44.250+0000] {logging_mixin.py:188} INFO - [2024-07-02T12:08:44.250+0000] {dag.py:3954} INFO - Setting next_dagrun for Biancoll to 2024-07-02 00:00:00+00:00, run_after=2024-07-03 00:00:00+00:00
[2024-07-02T12:08:44.268+0000] {processor.py:183} INFO - Processing /opt/airflow/dags/Biancoll.py took 0.521 seconds
[2024-07-02T12:09:14.570+0000] {processor.py:161} INFO - Started process (PID=225) to work on /opt/airflow/dags/Biancoll.py
[2024-07-02T12:09:14.571+0000] {processor.py:830} INFO - Processing file /opt/airflow/dags/Biancoll.py for tasks to queue
[2024-07-02T12:09:14.573+0000] {logging_mixin.py:188} INFO - [2024-07-02T12:09:14.573+0000] {dagbag.py:545} INFO - Filling up the DagBag from /opt/airflow/dags/Biancoll.py
[2024-07-02T12:09:14.989+0000] {processor.py:840} INFO - DAG(s) 'Biancoll' retrieved from /opt/airflow/dags/Biancoll.py
[2024-07-02T12:09:15.074+0000] {logging_mixin.py:188} INFO - [2024-07-02T12:09:15.074+0000] {dag.py:3096} INFO - Sync 1 DAGs
[2024-07-02T12:09:15.104+0000] {logging_mixin.py:188} INFO - [2024-07-02T12:09:15.104+0000] {dag.py:3954} INFO - Setting next_dagrun for Biancoll to 2024-07-02 00:00:00+00:00, run_after=2024-07-03 00:00:00+00:00
[2024-07-02T12:09:15.125+0000] {processor.py:183} INFO - Processing /opt/airflow/dags/Biancoll.py took 0.561 seconds
[2024-07-02T12:09:45.647+0000] {processor.py:161} INFO - Started process (PID=288) to work on /opt/airflow/dags/Biancoll.py
[2024-07-02T12:09:45.648+0000] {processor.py:830} INFO - Processing file /opt/airflow/dags/Biancoll.py for tasks to queue
[2024-07-02T12:09:45.649+0000] {logging_mixin.py:188} INFO - [2024-07-02T12:09:45.649+0000] {dagbag.py:545} INFO - Filling up the DagBag from /opt/airflow/dags/Biancoll.py
[2024-07-02T12:09:46.056+0000] {processor.py:840} INFO - DAG(s) 'Biancoll' retrieved from /opt/airflow/dags/Biancoll.py
[2024-07-02T12:09:46.070+0000] {logging_mixin.py:188} INFO - [2024-07-02T12:09:46.070+0000] {dag.py:3096} INFO - Sync 1 DAGs
[2024-07-02T12:09:46.086+0000] {logging_mixin.py:188} INFO - [2024-07-02T12:09:46.086+0000] {dag.py:3954} INFO - Setting next_dagrun for Biancoll to 2024-07-02 00:00:00+00:00, run_after=2024-07-03 00:00:00+00:00
[2024-07-02T12:09:46.109+0000] {processor.py:183} INFO - Processing /opt/airflow/dags/Biancoll.py took 0.467 seconds
[2024-07-02T12:10:16.195+0000] {processor.py:161} INFO - Started process (PID=351) to work on /opt/airflow/dags/Biancoll.py
[2024-07-02T12:10:16.196+0000] {processor.py:830} INFO - Processing file /opt/airflow/dags/Biancoll.py for tasks to queue
[2024-07-02T12:10:16.198+0000] {logging_mixin.py:188} INFO - [2024-07-02T12:10:16.198+0000] {dagbag.py:545} INFO - Filling up the DagBag from /opt/airflow/dags/Biancoll.py
[2024-07-02T12:10:16.583+0000] {processor.py:840} INFO - DAG(s) 'Biancoll' retrieved from /opt/airflow/dags/Biancoll.py
[2024-07-02T12:10:16.599+0000] {logging_mixin.py:188} INFO - [2024-07-02T12:10:16.599+0000] {dag.py:3096} INFO - Sync 1 DAGs
[2024-07-02T12:10:16.617+0000] {logging_mixin.py:188} INFO - [2024-07-02T12:10:16.617+0000] {dag.py:3954} INFO - Setting next_dagrun for Biancoll to 2024-07-02 00:00:00+00:00, run_after=2024-07-03 00:00:00+00:00
[2024-07-02T12:10:16.640+0000] {processor.py:183} INFO - Processing /opt/airflow/dags/Biancoll.py took 0.450 seconds
[2024-07-02T12:10:47.253+0000] {processor.py:161} INFO - Started process (PID=414) to work on /opt/airflow/dags/Biancoll.py
[2024-07-02T12:10:47.254+0000] {processor.py:830} INFO - Processing file /opt/airflow/dags/Biancoll.py for tasks to queue
[2024-07-02T12:10:47.256+0000] {logging_mixin.py:188} INFO - [2024-07-02T12:10:47.256+0000] {dagbag.py:545} INFO - Filling up the DagBag from /opt/airflow/dags/Biancoll.py
[2024-07-02T12:10:47.659+0000] {processor.py:840} INFO - DAG(s) 'Biancoll' retrieved from /opt/airflow/dags/Biancoll.py
[2024-07-02T12:10:47.671+0000] {logging_mixin.py:188} INFO - [2024-07-02T12:10:47.671+0000] {dag.py:3096} INFO - Sync 1 DAGs
[2024-07-02T12:10:47.688+0000] {logging_mixin.py:188} INFO - [2024-07-02T12:10:47.688+0000] {dag.py:3954} INFO - Setting next_dagrun for Biancoll to 2024-07-02 00:00:00+00:00, run_after=2024-07-03 00:00:00+00:00
[2024-07-02T12:10:47.707+0000] {processor.py:183} INFO - Processing /opt/airflow/dags/Biancoll.py took 0.459 seconds
[2024-07-02T12:11:17.804+0000] {processor.py:161} INFO - Started process (PID=478) to work on /opt/airflow/dags/Biancoll.py
[2024-07-02T12:11:17.806+0000] {processor.py:830} INFO - Processing file /opt/airflow/dags/Biancoll.py for tasks to queue
[2024-07-02T12:11:17.808+0000] {logging_mixin.py:188} INFO - [2024-07-02T12:11:17.808+0000] {dagbag.py:545} INFO - Filling up the DagBag from /opt/airflow/dags/Biancoll.py
[2024-07-02T12:11:18.270+0000] {processor.py:840} INFO - DAG(s) 'Biancoll' retrieved from /opt/airflow/dags/Biancoll.py
[2024-07-02T12:11:18.286+0000] {logging_mixin.py:188} INFO - [2024-07-02T12:11:18.285+0000] {dag.py:3096} INFO - Sync 1 DAGs
[2024-07-02T12:11:18.302+0000] {logging_mixin.py:188} INFO - [2024-07-02T12:11:18.302+0000] {dag.py:3954} INFO - Setting next_dagrun for Biancoll to 2024-07-02 00:00:00+00:00, run_after=2024-07-03 00:00:00+00:00
[2024-07-02T12:11:18.325+0000] {processor.py:183} INFO - Processing /opt/airflow/dags/Biancoll.py took 0.530 seconds
[2024-07-02T12:11:48.536+0000] {processor.py:161} INFO - Started process (PID=541) to work on /opt/airflow/dags/Biancoll.py
[2024-07-02T12:11:48.540+0000] {processor.py:830} INFO - Processing file /opt/airflow/dags/Biancoll.py for tasks to queue
[2024-07-02T12:11:48.544+0000] {logging_mixin.py:188} INFO - [2024-07-02T12:11:48.544+0000] {dagbag.py:545} INFO - Filling up the DagBag from /opt/airflow/dags/Biancoll.py
[2024-07-02T12:11:49.246+0000] {processor.py:840} INFO - DAG(s) 'Biancoll' retrieved from /opt/airflow/dags/Biancoll.py
[2024-07-02T12:11:49.272+0000] {logging_mixin.py:188} INFO - [2024-07-02T12:11:49.272+0000] {dag.py:3096} INFO - Sync 1 DAGs
[2024-07-02T12:11:49.299+0000] {logging_mixin.py:188} INFO - [2024-07-02T12:11:49.299+0000] {dag.py:3954} INFO - Setting next_dagrun for Biancoll to 2024-07-02 00:00:00+00:00, run_after=2024-07-03 00:00:00+00:00
[2024-07-02T12:11:49.328+0000] {processor.py:183} INFO - Processing /opt/airflow/dags/Biancoll.py took 0.799 seconds
[2024-07-02T12:12:19.851+0000] {processor.py:161} INFO - Started process (PID=604) to work on /opt/airflow/dags/Biancoll.py
[2024-07-02T12:12:19.852+0000] {processor.py:830} INFO - Processing file /opt/airflow/dags/Biancoll.py for tasks to queue
[2024-07-02T12:12:19.855+0000] {logging_mixin.py:188} INFO - [2024-07-02T12:12:19.854+0000] {dagbag.py:545} INFO - Filling up the DagBag from /opt/airflow/dags/Biancoll.py
[2024-07-02T12:12:20.325+0000] {processor.py:840} INFO - DAG(s) 'Biancoll' retrieved from /opt/airflow/dags/Biancoll.py
[2024-07-02T12:12:20.345+0000] {logging_mixin.py:188} INFO - [2024-07-02T12:12:20.344+0000] {dag.py:3096} INFO - Sync 1 DAGs
[2024-07-02T12:12:20.368+0000] {logging_mixin.py:188} INFO - [2024-07-02T12:12:20.368+0000] {dag.py:3954} INFO - Setting next_dagrun for Biancoll to 2024-07-02 00:00:00+00:00, run_after=2024-07-03 00:00:00+00:00
[2024-07-02T12:12:20.399+0000] {processor.py:183} INFO - Processing /opt/airflow/dags/Biancoll.py took 0.553 seconds
[2024-07-02T12:12:51.301+0000] {processor.py:161} INFO - Started process (PID=667) to work on /opt/airflow/dags/Biancoll.py
[2024-07-02T12:12:51.302+0000] {processor.py:830} INFO - Processing file /opt/airflow/dags/Biancoll.py for tasks to queue
[2024-07-02T12:12:51.304+0000] {logging_mixin.py:188} INFO - [2024-07-02T12:12:51.303+0000] {dagbag.py:545} INFO - Filling up the DagBag from /opt/airflow/dags/Biancoll.py
[2024-07-02T12:12:51.745+0000] {processor.py:840} INFO - DAG(s) 'Biancoll' retrieved from /opt/airflow/dags/Biancoll.py
[2024-07-02T12:12:51.760+0000] {logging_mixin.py:188} INFO - [2024-07-02T12:12:51.759+0000] {dag.py:3096} INFO - Sync 1 DAGs
[2024-07-02T12:12:51.775+0000] {logging_mixin.py:188} INFO - [2024-07-02T12:12:51.775+0000] {dag.py:3954} INFO - Setting next_dagrun for Biancoll to 2024-07-02 00:00:00+00:00, run_after=2024-07-03 00:00:00+00:00
[2024-07-02T12:12:51.795+0000] {processor.py:183} INFO - Processing /opt/airflow/dags/Biancoll.py took 0.499 seconds
[2024-07-02T12:13:22.474+0000] {processor.py:161} INFO - Started process (PID=730) to work on /opt/airflow/dags/Biancoll.py
[2024-07-02T12:13:22.475+0000] {processor.py:830} INFO - Processing file /opt/airflow/dags/Biancoll.py for tasks to queue
[2024-07-02T12:13:22.477+0000] {logging_mixin.py:188} INFO - [2024-07-02T12:13:22.476+0000] {dagbag.py:545} INFO - Filling up the DagBag from /opt/airflow/dags/Biancoll.py
[2024-07-02T12:13:22.857+0000] {processor.py:840} INFO - DAG(s) 'Biancoll' retrieved from /opt/airflow/dags/Biancoll.py
[2024-07-02T12:13:22.871+0000] {logging_mixin.py:188} INFO - [2024-07-02T12:13:22.870+0000] {dag.py:3096} INFO - Sync 1 DAGs
[2024-07-02T12:13:22.888+0000] {logging_mixin.py:188} INFO - [2024-07-02T12:13:22.888+0000] {dag.py:3954} INFO - Setting next_dagrun for Biancoll to 2024-07-02 00:00:00+00:00, run_after=2024-07-03 00:00:00+00:00
[2024-07-02T12:13:22.908+0000] {processor.py:183} INFO - Processing /opt/airflow/dags/Biancoll.py took 0.439 seconds
[2024-07-02T12:13:52.975+0000] {processor.py:161} INFO - Started process (PID=793) to work on /opt/airflow/dags/Biancoll.py
[2024-07-02T12:13:52.976+0000] {processor.py:830} INFO - Processing file /opt/airflow/dags/Biancoll.py for tasks to queue
[2024-07-02T12:13:52.978+0000] {logging_mixin.py:188} INFO - [2024-07-02T12:13:52.977+0000] {dagbag.py:545} INFO - Filling up the DagBag from /opt/airflow/dags/Biancoll.py
[2024-07-02T12:13:53.366+0000] {processor.py:840} INFO - DAG(s) 'Biancoll' retrieved from /opt/airflow/dags/Biancoll.py
[2024-07-02T12:13:53.380+0000] {logging_mixin.py:188} INFO - [2024-07-02T12:13:53.379+0000] {dag.py:3096} INFO - Sync 1 DAGs
[2024-07-02T12:13:53.398+0000] {logging_mixin.py:188} INFO - [2024-07-02T12:13:53.397+0000] {dag.py:3954} INFO - Setting next_dagrun for Biancoll to 2024-07-02 00:00:00+00:00, run_after=2024-07-03 00:00:00+00:00
[2024-07-02T12:13:53.417+0000] {processor.py:183} INFO - Processing /opt/airflow/dags/Biancoll.py took 0.448 seconds
[2024-07-02T12:14:24.277+0000] {processor.py:161} INFO - Started process (PID=856) to work on /opt/airflow/dags/Biancoll.py
[2024-07-02T12:14:24.280+0000] {processor.py:830} INFO - Processing file /opt/airflow/dags/Biancoll.py for tasks to queue
[2024-07-02T12:14:24.282+0000] {logging_mixin.py:188} INFO - [2024-07-02T12:14:24.281+0000] {dagbag.py:545} INFO - Filling up the DagBag from /opt/airflow/dags/Biancoll.py
[2024-07-02T12:14:24.762+0000] {processor.py:840} INFO - DAG(s) 'Biancoll' retrieved from /opt/airflow/dags/Biancoll.py
[2024-07-02T12:14:24.838+0000] {logging_mixin.py:188} INFO - [2024-07-02T12:14:24.838+0000] {dag.py:3096} INFO - Sync 1 DAGs
[2024-07-02T12:14:24.860+0000] {logging_mixin.py:188} INFO - [2024-07-02T12:14:24.859+0000] {dag.py:3954} INFO - Setting next_dagrun for Biancoll to 2024-07-02 00:00:00+00:00, run_after=2024-07-03 00:00:00+00:00
[2024-07-02T12:14:24.884+0000] {processor.py:183} INFO - Processing /opt/airflow/dags/Biancoll.py took 0.613 seconds
[2024-07-02T12:14:54.960+0000] {processor.py:161} INFO - Started process (PID=921) to work on /opt/airflow/dags/Biancoll.py
[2024-07-02T12:14:54.962+0000] {processor.py:830} INFO - Processing file /opt/airflow/dags/Biancoll.py for tasks to queue
[2024-07-02T12:14:54.963+0000] {logging_mixin.py:188} INFO - [2024-07-02T12:14:54.963+0000] {dagbag.py:545} INFO - Filling up the DagBag from /opt/airflow/dags/Biancoll.py
[2024-07-02T12:14:55.374+0000] {processor.py:840} INFO - DAG(s) 'Biancoll' retrieved from /opt/airflow/dags/Biancoll.py
[2024-07-02T12:14:55.389+0000] {logging_mixin.py:188} INFO - [2024-07-02T12:14:55.389+0000] {dag.py:3096} INFO - Sync 1 DAGs
[2024-07-02T12:14:55.405+0000] {logging_mixin.py:188} INFO - [2024-07-02T12:14:55.405+0000] {dag.py:3954} INFO - Setting next_dagrun for Biancoll to 2024-07-02 00:00:00+00:00, run_after=2024-07-03 00:00:00+00:00
[2024-07-02T12:14:55.426+0000] {processor.py:183} INFO - Processing /opt/airflow/dags/Biancoll.py took 0.471 seconds
[2024-07-02T12:15:25.781+0000] {processor.py:161} INFO - Started process (PID=984) to work on /opt/airflow/dags/Biancoll.py
[2024-07-02T12:15:25.782+0000] {processor.py:830} INFO - Processing file /opt/airflow/dags/Biancoll.py for tasks to queue
[2024-07-02T12:15:25.784+0000] {logging_mixin.py:188} INFO - [2024-07-02T12:15:25.784+0000] {dagbag.py:545} INFO - Filling up the DagBag from /opt/airflow/dags/Biancoll.py
[2024-07-02T12:15:26.149+0000] {processor.py:840} INFO - DAG(s) 'Biancoll' retrieved from /opt/airflow/dags/Biancoll.py
[2024-07-02T12:15:26.164+0000] {logging_mixin.py:188} INFO - [2024-07-02T12:15:26.163+0000] {dag.py:3096} INFO - Sync 1 DAGs
[2024-07-02T12:15:26.178+0000] {logging_mixin.py:188} INFO - [2024-07-02T12:15:26.177+0000] {dag.py:3954} INFO - Setting next_dagrun for Biancoll to 2024-07-02 00:00:00+00:00, run_after=2024-07-03 00:00:00+00:00
[2024-07-02T12:15:26.198+0000] {processor.py:183} INFO - Processing /opt/airflow/dags/Biancoll.py took 0.422 seconds
[2024-07-02T12:18:49.527+0000] {processor.py:161} INFO - Started process (PID=37) to work on /opt/airflow/dags/Biancoll.py
[2024-07-02T12:18:49.529+0000] {processor.py:830} INFO - Processing file /opt/airflow/dags/Biancoll.py for tasks to queue
[2024-07-02T12:18:49.531+0000] {logging_mixin.py:188} INFO - [2024-07-02T12:18:49.530+0000] {dagbag.py:545} INFO - Filling up the DagBag from /opt/airflow/dags/Biancoll.py
[2024-07-02T12:18:50.864+0000] {processor.py:840} INFO - DAG(s) 'Biancoll' retrieved from /opt/airflow/dags/Biancoll.py
[2024-07-02T12:18:51.199+0000] {logging_mixin.py:188} INFO - [2024-07-02T12:18:51.199+0000] {dag.py:3096} INFO - Sync 1 DAGs
[2024-07-02T12:18:51.227+0000] {logging_mixin.py:188} INFO - [2024-07-02T12:18:51.225+0000] {dag.py:3954} INFO - Setting next_dagrun for Biancoll to 2024-07-02 00:00:00+00:00, run_after=2024-07-03 00:00:00+00:00
[2024-07-02T12:18:51.257+0000] {processor.py:183} INFO - Processing /opt/airflow/dags/Biancoll.py took 1.755 seconds
[2024-07-02T12:19:21.396+0000] {processor.py:161} INFO - Started process (PID=101) to work on /opt/airflow/dags/Biancoll.py
[2024-07-02T12:19:21.397+0000] {processor.py:830} INFO - Processing file /opt/airflow/dags/Biancoll.py for tasks to queue
[2024-07-02T12:19:21.399+0000] {logging_mixin.py:188} INFO - [2024-07-02T12:19:21.398+0000] {dagbag.py:545} INFO - Filling up the DagBag from /opt/airflow/dags/Biancoll.py
[2024-07-02T12:19:21.845+0000] {processor.py:840} INFO - DAG(s) 'Biancoll' retrieved from /opt/airflow/dags/Biancoll.py
[2024-07-02T12:19:21.861+0000] {logging_mixin.py:188} INFO - [2024-07-02T12:19:21.860+0000] {dag.py:3096} INFO - Sync 1 DAGs
[2024-07-02T12:19:21.874+0000] {logging_mixin.py:188} INFO - [2024-07-02T12:19:21.874+0000] {dag.py:3954} INFO - Setting next_dagrun for Biancoll to 2024-07-02 00:00:00+00:00, run_after=2024-07-03 00:00:00+00:00
[2024-07-02T12:19:22.625+0000] {processor.py:183} INFO - Processing /opt/airflow/dags/Biancoll.py took 1.235 seconds
[2024-07-02T12:19:53.151+0000] {processor.py:161} INFO - Started process (PID=164) to work on /opt/airflow/dags/Biancoll.py
[2024-07-02T12:19:53.152+0000] {processor.py:830} INFO - Processing file /opt/airflow/dags/Biancoll.py for tasks to queue
[2024-07-02T12:19:53.154+0000] {logging_mixin.py:188} INFO - [2024-07-02T12:19:53.154+0000] {dagbag.py:545} INFO - Filling up the DagBag from /opt/airflow/dags/Biancoll.py
[2024-07-02T12:19:53.630+0000] {processor.py:840} INFO - DAG(s) 'Biancoll' retrieved from /opt/airflow/dags/Biancoll.py
[2024-07-02T12:19:53.649+0000] {logging_mixin.py:188} INFO - [2024-07-02T12:19:53.649+0000] {dag.py:3096} INFO - Sync 1 DAGs
[2024-07-02T12:19:53.669+0000] {logging_mixin.py:188} INFO - [2024-07-02T12:19:53.669+0000] {dag.py:3954} INFO - Setting next_dagrun for Biancoll to 2024-07-02 00:00:00+00:00, run_after=2024-07-03 00:00:00+00:00
[2024-07-02T12:19:53.689+0000] {processor.py:183} INFO - Processing /opt/airflow/dags/Biancoll.py took 0.543 seconds
[2024-07-02T12:20:24.067+0000] {processor.py:161} INFO - Started process (PID=227) to work on /opt/airflow/dags/Biancoll.py
[2024-07-02T12:20:24.068+0000] {processor.py:830} INFO - Processing file /opt/airflow/dags/Biancoll.py for tasks to queue
[2024-07-02T12:20:24.070+0000] {logging_mixin.py:188} INFO - [2024-07-02T12:20:24.070+0000] {dagbag.py:545} INFO - Filling up the DagBag from /opt/airflow/dags/Biancoll.py
[2024-07-02T12:20:24.484+0000] {processor.py:840} INFO - DAG(s) 'Biancoll' retrieved from /opt/airflow/dags/Biancoll.py
[2024-07-02T12:20:24.501+0000] {logging_mixin.py:188} INFO - [2024-07-02T12:20:24.501+0000] {dag.py:3096} INFO - Sync 1 DAGs
[2024-07-02T12:20:24.518+0000] {logging_mixin.py:188} INFO - [2024-07-02T12:20:24.518+0000] {dag.py:3954} INFO - Setting next_dagrun for Biancoll to 2024-07-02 00:00:00+00:00, run_after=2024-07-03 00:00:00+00:00
[2024-07-02T12:20:24.540+0000] {processor.py:183} INFO - Processing /opt/airflow/dags/Biancoll.py took 0.479 seconds
[2024-07-02T12:20:46.026+0000] {processor.py:161} INFO - Started process (PID=289) to work on /opt/airflow/dags/Biancoll.py
[2024-07-02T12:20:46.027+0000] {processor.py:830} INFO - Processing file /opt/airflow/dags/Biancoll.py for tasks to queue
[2024-07-02T12:20:46.029+0000] {logging_mixin.py:188} INFO - [2024-07-02T12:20:46.029+0000] {dagbag.py:545} INFO - Filling up the DagBag from /opt/airflow/dags/Biancoll.py
[2024-07-02T12:20:46.431+0000] {processor.py:840} INFO - DAG(s) 'Biancoll' retrieved from /opt/airflow/dags/Biancoll.py
[2024-07-02T12:20:46.449+0000] {logging_mixin.py:188} INFO - [2024-07-02T12:20:46.449+0000] {dag.py:3096} INFO - Sync 1 DAGs
[2024-07-02T12:20:46.466+0000] {logging_mixin.py:188} INFO - [2024-07-02T12:20:46.466+0000] {dag.py:3954} INFO - Setting next_dagrun for Biancoll to 2024-07-02 00:00:00+00:00, run_after=2024-07-03 00:00:00+00:00
[2024-07-02T12:20:46.485+0000] {processor.py:183} INFO - Processing /opt/airflow/dags/Biancoll.py took 0.464 seconds
[2024-07-02T12:20:50.092+0000] {processor.py:161} INFO - Started process (PID=291) to work on /opt/airflow/dags/Biancoll.py
[2024-07-02T12:20:50.094+0000] {processor.py:830} INFO - Processing file /opt/airflow/dags/Biancoll.py for tasks to queue
[2024-07-02T12:20:50.096+0000] {logging_mixin.py:188} INFO - [2024-07-02T12:20:50.096+0000] {dagbag.py:545} INFO - Filling up the DagBag from /opt/airflow/dags/Biancoll.py
[2024-07-02T12:20:50.471+0000] {processor.py:840} INFO - DAG(s) 'Biancoll' retrieved from /opt/airflow/dags/Biancoll.py
[2024-07-02T12:20:50.487+0000] {logging_mixin.py:188} INFO - [2024-07-02T12:20:50.487+0000] {dag.py:3096} INFO - Sync 1 DAGs
[2024-07-02T12:20:50.501+0000] {logging_mixin.py:188} INFO - [2024-07-02T12:20:50.501+0000] {dag.py:3954} INFO - Setting next_dagrun for Biancoll to 2024-07-02 00:00:00+00:00, run_after=2024-07-03 00:00:00+00:00
[2024-07-02T12:20:50.524+0000] {processor.py:183} INFO - Processing /opt/airflow/dags/Biancoll.py took 0.437 seconds
[2024-07-02T12:21:21.197+0000] {processor.py:161} INFO - Started process (PID=354) to work on /opt/airflow/dags/Biancoll.py
[2024-07-02T12:21:21.198+0000] {processor.py:830} INFO - Processing file /opt/airflow/dags/Biancoll.py for tasks to queue
[2024-07-02T12:21:21.201+0000] {logging_mixin.py:188} INFO - [2024-07-02T12:21:21.200+0000] {dagbag.py:545} INFO - Filling up the DagBag from /opt/airflow/dags/Biancoll.py
[2024-07-02T12:21:21.550+0000] {processor.py:840} INFO - DAG(s) 'Biancoll' retrieved from /opt/airflow/dags/Biancoll.py
[2024-07-02T12:21:21.564+0000] {logging_mixin.py:188} INFO - [2024-07-02T12:21:21.563+0000] {dag.py:3096} INFO - Sync 1 DAGs
[2024-07-02T12:21:21.579+0000] {logging_mixin.py:188} INFO - [2024-07-02T12:21:21.579+0000] {dag.py:3954} INFO - Setting next_dagrun for Biancoll to 2024-07-02 00:00:00+00:00, run_after=2024-07-03 00:00:00+00:00
[2024-07-02T12:21:21.600+0000] {processor.py:183} INFO - Processing /opt/airflow/dags/Biancoll.py took 0.408 seconds
[2024-07-02T12:21:52.119+0000] {processor.py:161} INFO - Started process (PID=417) to work on /opt/airflow/dags/Biancoll.py
[2024-07-02T12:21:52.120+0000] {processor.py:830} INFO - Processing file /opt/airflow/dags/Biancoll.py for tasks to queue
[2024-07-02T12:21:52.122+0000] {logging_mixin.py:188} INFO - [2024-07-02T12:21:52.122+0000] {dagbag.py:545} INFO - Filling up the DagBag from /opt/airflow/dags/Biancoll.py
[2024-07-02T12:21:52.481+0000] {processor.py:840} INFO - DAG(s) 'Biancoll' retrieved from /opt/airflow/dags/Biancoll.py
[2024-07-02T12:21:52.493+0000] {logging_mixin.py:188} INFO - [2024-07-02T12:21:52.492+0000] {dag.py:3096} INFO - Sync 1 DAGs
[2024-07-02T12:21:52.507+0000] {logging_mixin.py:188} INFO - [2024-07-02T12:21:52.507+0000] {dag.py:3954} INFO - Setting next_dagrun for Biancoll to 2024-07-02 00:00:00+00:00, run_after=2024-07-03 00:00:00+00:00
[2024-07-02T12:21:52.530+0000] {processor.py:183} INFO - Processing /opt/airflow/dags/Biancoll.py took 0.416 seconds
[2024-07-02T12:22:22.862+0000] {processor.py:161} INFO - Started process (PID=480) to work on /opt/airflow/dags/Biancoll.py
[2024-07-02T12:22:22.863+0000] {processor.py:830} INFO - Processing file /opt/airflow/dags/Biancoll.py for tasks to queue
[2024-07-02T12:22:22.865+0000] {logging_mixin.py:188} INFO - [2024-07-02T12:22:22.865+0000] {dagbag.py:545} INFO - Filling up the DagBag from /opt/airflow/dags/Biancoll.py
[2024-07-02T12:22:23.298+0000] {processor.py:840} INFO - DAG(s) 'Biancoll' retrieved from /opt/airflow/dags/Biancoll.py
[2024-07-02T12:22:23.314+0000] {logging_mixin.py:188} INFO - [2024-07-02T12:22:23.314+0000] {dag.py:3096} INFO - Sync 1 DAGs
[2024-07-02T12:22:23.333+0000] {logging_mixin.py:188} INFO - [2024-07-02T12:22:23.333+0000] {dag.py:3954} INFO - Setting next_dagrun for Biancoll to 2024-07-02 00:00:00+00:00, run_after=2024-07-03 00:00:00+00:00
[2024-07-02T12:22:23.354+0000] {processor.py:183} INFO - Processing /opt/airflow/dags/Biancoll.py took 0.497 seconds
[2024-07-02T12:22:53.624+0000] {processor.py:161} INFO - Started process (PID=543) to work on /opt/airflow/dags/Biancoll.py
[2024-07-02T12:22:53.626+0000] {processor.py:830} INFO - Processing file /opt/airflow/dags/Biancoll.py for tasks to queue
[2024-07-02T12:22:53.628+0000] {logging_mixin.py:188} INFO - [2024-07-02T12:22:53.628+0000] {dagbag.py:545} INFO - Filling up the DagBag from /opt/airflow/dags/Biancoll.py
[2024-07-02T12:22:54.114+0000] {processor.py:840} INFO - DAG(s) 'Biancoll' retrieved from /opt/airflow/dags/Biancoll.py
[2024-07-02T12:22:54.132+0000] {logging_mixin.py:188} INFO - [2024-07-02T12:22:54.132+0000] {dag.py:3096} INFO - Sync 1 DAGs
[2024-07-02T12:22:54.155+0000] {logging_mixin.py:188} INFO - [2024-07-02T12:22:54.154+0000] {dag.py:3954} INFO - Setting next_dagrun for Biancoll to 2024-07-02 00:00:00+00:00, run_after=2024-07-03 00:00:00+00:00
[2024-07-02T12:22:54.180+0000] {processor.py:183} INFO - Processing /opt/airflow/dags/Biancoll.py took 0.561 seconds
[2024-07-02T12:23:24.660+0000] {processor.py:161} INFO - Started process (PID=607) to work on /opt/airflow/dags/Biancoll.py
[2024-07-02T12:23:24.661+0000] {processor.py:830} INFO - Processing file /opt/airflow/dags/Biancoll.py for tasks to queue
[2024-07-02T12:23:24.664+0000] {logging_mixin.py:188} INFO - [2024-07-02T12:23:24.664+0000] {dagbag.py:545} INFO - Filling up the DagBag from /opt/airflow/dags/Biancoll.py
[2024-07-02T12:23:25.193+0000] {processor.py:840} INFO - DAG(s) 'Biancoll' retrieved from /opt/airflow/dags/Biancoll.py
[2024-07-02T12:23:25.242+0000] {logging_mixin.py:188} INFO - [2024-07-02T12:23:25.241+0000] {dag.py:3096} INFO - Sync 1 DAGs
[2024-07-02T12:23:25.313+0000] {logging_mixin.py:188} INFO - [2024-07-02T12:23:25.312+0000] {dag.py:3954} INFO - Setting next_dagrun for Biancoll to 2024-07-02 00:00:00+00:00, run_after=2024-07-03 00:00:00+00:00
[2024-07-02T12:23:25.348+0000] {processor.py:183} INFO - Processing /opt/airflow/dags/Biancoll.py took 0.694 seconds
[2024-07-02T12:37:03.950+0000] {processor.py:161} INFO - Started process (PID=1962) to work on /opt/airflow/dags/Biancoll.py
[2024-07-02T12:37:03.952+0000] {processor.py:830} INFO - Processing file /opt/airflow/dags/Biancoll.py for tasks to queue
[2024-07-02T12:37:03.953+0000] {logging_mixin.py:188} INFO - [2024-07-02T12:37:03.953+0000] {dagbag.py:545} INFO - Filling up the DagBag from /opt/airflow/dags/Biancoll.py
[2024-07-02T12:37:04.370+0000] {processor.py:840} INFO - DAG(s) 'Biancoll' retrieved from /opt/airflow/dags/Biancoll.py
[2024-07-02T12:37:04.387+0000] {logging_mixin.py:188} INFO - [2024-07-02T12:37:04.387+0000] {dag.py:3096} INFO - Sync 1 DAGs
[2024-07-02T12:37:04.406+0000] {logging_mixin.py:188} INFO - [2024-07-02T12:37:04.405+0000] {dag.py:3954} INFO - Setting next_dagrun for Biancoll to 2024-07-02 00:00:00+00:00, run_after=2024-07-03 00:00:00+00:00
[2024-07-02T12:37:04.429+0000] {processor.py:183} INFO - Processing /opt/airflow/dags/Biancoll.py took 0.485 seconds
[2024-07-02T12:37:34.704+0000] {processor.py:161} INFO - Started process (PID=2025) to work on /opt/airflow/dags/Biancoll.py
[2024-07-02T12:37:34.705+0000] {processor.py:830} INFO - Processing file /opt/airflow/dags/Biancoll.py for tasks to queue
[2024-07-02T12:37:34.706+0000] {logging_mixin.py:188} INFO - [2024-07-02T12:37:34.706+0000] {dagbag.py:545} INFO - Filling up the DagBag from /opt/airflow/dags/Biancoll.py
[2024-07-02T12:37:34.979+0000] {processor.py:840} INFO - DAG(s) 'Biancoll' retrieved from /opt/airflow/dags/Biancoll.py
[2024-07-02T12:37:34.999+0000] {logging_mixin.py:188} INFO - [2024-07-02T12:37:34.998+0000] {dag.py:3096} INFO - Sync 1 DAGs
[2024-07-02T12:37:35.019+0000] {logging_mixin.py:188} INFO - [2024-07-02T12:37:35.018+0000] {dag.py:3954} INFO - Setting next_dagrun for Biancoll to 2024-07-02 00:00:00+00:00, run_after=2024-07-03 00:00:00+00:00
[2024-07-02T12:37:35.037+0000] {processor.py:183} INFO - Processing /opt/airflow/dags/Biancoll.py took 0.338 seconds
[2024-07-02T14:46:51.634+0000] {processor.py:161} INFO - Started process (PID=50) to work on /opt/airflow/dags/Biancoll.py
[2024-07-02T14:46:51.635+0000] {processor.py:830} INFO - Processing file /opt/airflow/dags/Biancoll.py for tasks to queue
[2024-07-02T14:46:51.656+0000] {logging_mixin.py:188} INFO - [2024-07-02T14:46:51.652+0000] {dagbag.py:545} INFO - Filling up the DagBag from /opt/airflow/dags/Biancoll.py
[2024-07-02T14:46:51.716+0000] {logging_mixin.py:188} INFO - [2024-07-02T14:46:51.709+0000] {dagbag.py:355} ERROR - Failed to import: /opt/airflow/dags/Biancoll.py
Traceback (most recent call last):
  File "/home/airflow/.local/lib/python3.12/site-packages/airflow/models/dagbag.py", line 351, in parse
    loader.exec_module(new_module)
  File "<frozen importlib._bootstrap_external>", line 995, in exec_module
  File "<frozen importlib._bootstrap>", line 488, in _call_with_frames_removed
  File "/opt/airflow/dags/Biancoll.py", line 4, in <module>
    from plugins.Scripts.Salvar_Excel import Imbaud
ModuleNotFoundError: No module named 'plugins'
[2024-07-02T14:46:51.718+0000] {processor.py:842} WARNING - No viable dags retrieved from /opt/airflow/dags/Biancoll.py
[2024-07-02T14:46:51.762+0000] {processor.py:183} INFO - Processing /opt/airflow/dags/Biancoll.py took 0.145 seconds
[2024-07-02T14:49:57.797+0000] {processor.py:161} INFO - Started process (PID=57) to work on /opt/airflow/dags/Biancoll.py
[2024-07-02T14:49:57.799+0000] {processor.py:830} INFO - Processing file /opt/airflow/dags/Biancoll.py for tasks to queue
[2024-07-02T14:49:57.802+0000] {logging_mixin.py:188} INFO - [2024-07-02T14:49:57.802+0000] {dagbag.py:545} INFO - Filling up the DagBag from /opt/airflow/dags/Biancoll.py
[2024-07-02T14:49:57.827+0000] {logging_mixin.py:188} INFO - [2024-07-02T14:49:57.821+0000] {dagbag.py:355} ERROR - Failed to import: /opt/airflow/dags/Biancoll.py
Traceback (most recent call last):
  File "/home/airflow/.local/lib/python3.12/site-packages/airflow/models/dagbag.py", line 351, in parse
    loader.exec_module(new_module)
  File "<frozen importlib._bootstrap_external>", line 995, in exec_module
  File "<frozen importlib._bootstrap>", line 488, in _call_with_frames_removed
  File "/opt/airflow/dags/Biancoll.py", line 4, in <module>
    from plugins.Scripts.Salvar_Excel import Imbaud
ModuleNotFoundError: No module named 'plugins'
[2024-07-02T14:49:57.829+0000] {processor.py:842} WARNING - No viable dags retrieved from /opt/airflow/dags/Biancoll.py
[2024-07-02T14:49:57.852+0000] {processor.py:183} INFO - Processing /opt/airflow/dags/Biancoll.py took 0.059 seconds
[2024-07-02T14:50:28.209+0000] {processor.py:161} INFO - Started process (PID=117) to work on /opt/airflow/dags/Biancoll.py
[2024-07-02T14:50:28.210+0000] {processor.py:830} INFO - Processing file /opt/airflow/dags/Biancoll.py for tasks to queue
[2024-07-02T14:50:28.212+0000] {logging_mixin.py:188} INFO - [2024-07-02T14:50:28.211+0000] {dagbag.py:545} INFO - Filling up the DagBag from /opt/airflow/dags/Biancoll.py
[2024-07-02T14:50:28.231+0000] {logging_mixin.py:188} INFO - [2024-07-02T14:50:28.227+0000] {dagbag.py:355} ERROR - Failed to import: /opt/airflow/dags/Biancoll.py
Traceback (most recent call last):
  File "/home/airflow/.local/lib/python3.12/site-packages/airflow/models/dagbag.py", line 351, in parse
    loader.exec_module(new_module)
  File "<frozen importlib._bootstrap_external>", line 995, in exec_module
  File "<frozen importlib._bootstrap>", line 488, in _call_with_frames_removed
  File "/opt/airflow/dags/Biancoll.py", line 4, in <module>
    from plugins.Scripts.Salvar_Excel import Imbaud
ModuleNotFoundError: No module named 'plugins'
[2024-07-02T14:50:28.232+0000] {processor.py:842} WARNING - No viable dags retrieved from /opt/airflow/dags/Biancoll.py
[2024-07-02T14:50:28.253+0000] {processor.py:183} INFO - Processing /opt/airflow/dags/Biancoll.py took 0.050 seconds
[2024-07-02T14:50:58.359+0000] {processor.py:161} INFO - Started process (PID=177) to work on /opt/airflow/dags/Biancoll.py
[2024-07-02T14:50:58.361+0000] {processor.py:830} INFO - Processing file /opt/airflow/dags/Biancoll.py for tasks to queue
[2024-07-02T14:50:58.362+0000] {logging_mixin.py:188} INFO - [2024-07-02T14:50:58.361+0000] {dagbag.py:545} INFO - Filling up the DagBag from /opt/airflow/dags/Biancoll.py
[2024-07-02T14:50:58.382+0000] {logging_mixin.py:188} INFO - [2024-07-02T14:50:58.378+0000] {dagbag.py:355} ERROR - Failed to import: /opt/airflow/dags/Biancoll.py
Traceback (most recent call last):
  File "/home/airflow/.local/lib/python3.12/site-packages/airflow/models/dagbag.py", line 351, in parse
    loader.exec_module(new_module)
  File "<frozen importlib._bootstrap_external>", line 995, in exec_module
  File "<frozen importlib._bootstrap>", line 488, in _call_with_frames_removed
  File "/opt/airflow/dags/Biancoll.py", line 4, in <module>
    from plugins.Scripts.Salvar_Excel import Imbaud
ModuleNotFoundError: No module named 'plugins'
[2024-07-02T14:50:58.384+0000] {processor.py:842} WARNING - No viable dags retrieved from /opt/airflow/dags/Biancoll.py
[2024-07-02T14:50:58.410+0000] {processor.py:183} INFO - Processing /opt/airflow/dags/Biancoll.py took 0.058 seconds
[2024-07-02T14:51:29.016+0000] {processor.py:161} INFO - Started process (PID=236) to work on /opt/airflow/dags/Biancoll.py
[2024-07-02T14:51:29.018+0000] {processor.py:830} INFO - Processing file /opt/airflow/dags/Biancoll.py for tasks to queue
[2024-07-02T14:51:29.019+0000] {logging_mixin.py:188} INFO - [2024-07-02T14:51:29.019+0000] {dagbag.py:545} INFO - Filling up the DagBag from /opt/airflow/dags/Biancoll.py
[2024-07-02T14:51:29.041+0000] {logging_mixin.py:188} INFO - [2024-07-02T14:51:29.037+0000] {dagbag.py:355} ERROR - Failed to import: /opt/airflow/dags/Biancoll.py
Traceback (most recent call last):
  File "/home/airflow/.local/lib/python3.12/site-packages/airflow/models/dagbag.py", line 351, in parse
    loader.exec_module(new_module)
  File "<frozen importlib._bootstrap_external>", line 995, in exec_module
  File "<frozen importlib._bootstrap>", line 488, in _call_with_frames_removed
  File "/opt/airflow/dags/Biancoll.py", line 4, in <module>
    from plugins.Scripts.Salvar_Excel import Imbaud
ModuleNotFoundError: No module named 'plugins'
[2024-07-02T14:51:29.042+0000] {processor.py:842} WARNING - No viable dags retrieved from /opt/airflow/dags/Biancoll.py
[2024-07-02T14:51:29.063+0000] {processor.py:183} INFO - Processing /opt/airflow/dags/Biancoll.py took 0.055 seconds
[2024-07-02T14:51:59.235+0000] {processor.py:161} INFO - Started process (PID=294) to work on /opt/airflow/dags/Biancoll.py
[2024-07-02T14:51:59.236+0000] {processor.py:830} INFO - Processing file /opt/airflow/dags/Biancoll.py for tasks to queue
[2024-07-02T14:51:59.238+0000] {logging_mixin.py:188} INFO - [2024-07-02T14:51:59.237+0000] {dagbag.py:545} INFO - Filling up the DagBag from /opt/airflow/dags/Biancoll.py
[2024-07-02T14:51:59.263+0000] {logging_mixin.py:188} INFO - [2024-07-02T14:51:59.259+0000] {dagbag.py:355} ERROR - Failed to import: /opt/airflow/dags/Biancoll.py
Traceback (most recent call last):
  File "/home/airflow/.local/lib/python3.12/site-packages/airflow/models/dagbag.py", line 351, in parse
    loader.exec_module(new_module)
  File "<frozen importlib._bootstrap_external>", line 995, in exec_module
  File "<frozen importlib._bootstrap>", line 488, in _call_with_frames_removed
  File "/opt/airflow/dags/Biancoll.py", line 4, in <module>
    from plugins.Scripts.Salvar_Excel import Imbaud
ModuleNotFoundError: No module named 'plugins'
[2024-07-02T14:51:59.265+0000] {processor.py:842} WARNING - No viable dags retrieved from /opt/airflow/dags/Biancoll.py
[2024-07-02T14:51:59.286+0000] {processor.py:183} INFO - Processing /opt/airflow/dags/Biancoll.py took 0.057 seconds
[2024-07-02T14:52:29.489+0000] {processor.py:161} INFO - Started process (PID=352) to work on /opt/airflow/dags/Biancoll.py
[2024-07-02T14:52:29.490+0000] {processor.py:830} INFO - Processing file /opt/airflow/dags/Biancoll.py for tasks to queue
[2024-07-02T14:52:29.492+0000] {logging_mixin.py:188} INFO - [2024-07-02T14:52:29.491+0000] {dagbag.py:545} INFO - Filling up the DagBag from /opt/airflow/dags/Biancoll.py
[2024-07-02T14:52:29.516+0000] {logging_mixin.py:188} INFO - [2024-07-02T14:52:29.510+0000] {dagbag.py:355} ERROR - Failed to import: /opt/airflow/dags/Biancoll.py
Traceback (most recent call last):
  File "/home/airflow/.local/lib/python3.12/site-packages/airflow/models/dagbag.py", line 351, in parse
    loader.exec_module(new_module)
  File "<frozen importlib._bootstrap_external>", line 995, in exec_module
  File "<frozen importlib._bootstrap>", line 488, in _call_with_frames_removed
  File "/opt/airflow/dags/Biancoll.py", line 4, in <module>
    from plugins.Scripts.Salvar_Excel import Imbaud
ModuleNotFoundError: No module named 'plugins'
[2024-07-02T14:52:29.518+0000] {processor.py:842} WARNING - No viable dags retrieved from /opt/airflow/dags/Biancoll.py
[2024-07-02T14:52:29.850+0000] {processor.py:183} INFO - Processing /opt/airflow/dags/Biancoll.py took 0.366 seconds
[2024-07-02T14:53:00.874+0000] {processor.py:161} INFO - Started process (PID=410) to work on /opt/airflow/dags/Biancoll.py
[2024-07-02T14:53:00.877+0000] {processor.py:830} INFO - Processing file /opt/airflow/dags/Biancoll.py for tasks to queue
[2024-07-02T14:53:00.878+0000] {logging_mixin.py:188} INFO - [2024-07-02T14:53:00.878+0000] {dagbag.py:545} INFO - Filling up the DagBag from /opt/airflow/dags/Biancoll.py
[2024-07-02T14:53:00.903+0000] {logging_mixin.py:188} INFO - [2024-07-02T14:53:00.897+0000] {dagbag.py:355} ERROR - Failed to import: /opt/airflow/dags/Biancoll.py
Traceback (most recent call last):
  File "/home/airflow/.local/lib/python3.12/site-packages/airflow/models/dagbag.py", line 351, in parse
    loader.exec_module(new_module)
  File "<frozen importlib._bootstrap_external>", line 995, in exec_module
  File "<frozen importlib._bootstrap>", line 488, in _call_with_frames_removed
  File "/opt/airflow/dags/Biancoll.py", line 4, in <module>
    from plugins.Scripts.Salvar_Excel import Imbaud
ModuleNotFoundError: No module named 'plugins'
[2024-07-02T14:53:00.905+0000] {processor.py:842} WARNING - No viable dags retrieved from /opt/airflow/dags/Biancoll.py
[2024-07-02T14:53:00.928+0000] {processor.py:183} INFO - Processing /opt/airflow/dags/Biancoll.py took 0.061 seconds
[2024-07-02T14:53:31.831+0000] {processor.py:161} INFO - Started process (PID=468) to work on /opt/airflow/dags/Biancoll.py
[2024-07-02T14:53:31.832+0000] {processor.py:830} INFO - Processing file /opt/airflow/dags/Biancoll.py for tasks to queue
[2024-07-02T14:53:31.833+0000] {logging_mixin.py:188} INFO - [2024-07-02T14:53:31.833+0000] {dagbag.py:545} INFO - Filling up the DagBag from /opt/airflow/dags/Biancoll.py
[2024-07-02T14:53:31.852+0000] {logging_mixin.py:188} INFO - [2024-07-02T14:53:31.849+0000] {dagbag.py:355} ERROR - Failed to import: /opt/airflow/dags/Biancoll.py
Traceback (most recent call last):
  File "/home/airflow/.local/lib/python3.12/site-packages/airflow/models/dagbag.py", line 351, in parse
    loader.exec_module(new_module)
  File "<frozen importlib._bootstrap_external>", line 995, in exec_module
  File "<frozen importlib._bootstrap>", line 488, in _call_with_frames_removed
  File "/opt/airflow/dags/Biancoll.py", line 4, in <module>
    from plugins.Scripts.Salvar_Excel import Imbaud
ModuleNotFoundError: No module named 'plugins'
[2024-07-02T14:53:31.854+0000] {processor.py:842} WARNING - No viable dags retrieved from /opt/airflow/dags/Biancoll.py
[2024-07-02T14:53:31.883+0000] {processor.py:183} INFO - Processing /opt/airflow/dags/Biancoll.py took 0.056 seconds
[2024-07-02T14:54:02.397+0000] {processor.py:161} INFO - Started process (PID=527) to work on /opt/airflow/dags/Biancoll.py
[2024-07-02T14:54:02.398+0000] {processor.py:830} INFO - Processing file /opt/airflow/dags/Biancoll.py for tasks to queue
[2024-07-02T14:54:02.399+0000] {logging_mixin.py:188} INFO - [2024-07-02T14:54:02.399+0000] {dagbag.py:545} INFO - Filling up the DagBag from /opt/airflow/dags/Biancoll.py
[2024-07-02T14:54:02.427+0000] {logging_mixin.py:188} INFO - [2024-07-02T14:54:02.421+0000] {dagbag.py:355} ERROR - Failed to import: /opt/airflow/dags/Biancoll.py
Traceback (most recent call last):
  File "/home/airflow/.local/lib/python3.12/site-packages/airflow/models/dagbag.py", line 351, in parse
    loader.exec_module(new_module)
  File "<frozen importlib._bootstrap_external>", line 995, in exec_module
  File "<frozen importlib._bootstrap>", line 488, in _call_with_frames_removed
  File "/opt/airflow/dags/Biancoll.py", line 4, in <module>
    from plugins.Scripts.Salvar_Excel import Imbaud
ModuleNotFoundError: No module named 'plugins'
[2024-07-02T14:54:02.429+0000] {processor.py:842} WARNING - No viable dags retrieved from /opt/airflow/dags/Biancoll.py
[2024-07-02T14:54:02.449+0000] {processor.py:183} INFO - Processing /opt/airflow/dags/Biancoll.py took 0.057 seconds
